[0.008s] Invoking command in '/home/devuser/Workspaces/rosgsthumble_ws/build/gst_bridge': AMENT_PREFIX_PATH=/home/devuser/Workspaces/rosgsthumble_ws/install/audio_msgs:${AMENT_PREFIX_PATH} CMAKE_PREFIX_PATH=/home/devuser/Workspaces/rosgsthumble_ws/install/audio_msgs:/opt/ros/humble LD_LIBRARY_PATH=/home/devuser/Workspaces/rosgsthumble_ws/install/audio_msgs/lib:${LD_LIBRARY_PATH} PYTHONPATH=/home/devuser/Workspaces/rosgsthumble_ws/install/audio_msgs/local/lib/python3.10/dist-packages:${PYTHONPATH} /usr/bin/cmake /home/devuser/Workspaces/rosgsthumble_ws/src/ros-gst-bridge/gst_bridge -DAMENT_CMAKE_SYMLINK_INSTALL=1 -DCMAKE_INSTALL_PREFIX=/home/devuser/Workspaces/rosgsthumble_ws/install/gst_bridge
[0.057s] -- The C compiler identification is GNU 11.4.0
[0.103s] -- The CXX compiler identification is GNU 11.4.0
[0.109s] -- Detecting C compiler ABI info
[0.170s] -- Detecting C compiler ABI info - done
[0.175s] -- Check for working C compiler: /usr/bin/cc - skipped
[0.176s] -- Detecting C compile features
[0.176s] -- Detecting C compile features - done
[0.178s] -- Detecting CXX compiler ABI info
[0.247s] -- Detecting CXX compiler ABI info - done
[0.253s] -- Check for working CXX compiler: /usr/bin/c++ - skipped
[0.253s] -- Detecting CXX compile features
[0.253s] -- Detecting CXX compile features - done
[0.257s] -- Found PkgConfig: /usr/bin/pkg-config (found version "0.29.2") 
[0.260s] -- Found ament_cmake: 1.3.12 (/opt/ros/humble/share/ament_cmake/cmake)
[0.387s] -- Found Python3: /usr/bin/python3 (found version "3.10.12") found components: Interpreter 
[0.439s] -- Override CMake install command with custom implementation using symlinks instead of copying resources
[0.469s] -- Found rclcpp: 16.0.15 (/opt/ros/humble/share/rclcpp/cmake)
[0.509s] -- Found rosidl_generator_c: 3.1.7 (/opt/ros/humble/share/rosidl_generator_c/cmake)
[0.514s] -- Found rosidl_adapter: 3.1.7 (/opt/ros/humble/share/rosidl_adapter/cmake)
[0.522s] -- Found rosidl_generator_cpp: 3.1.7 (/opt/ros/humble/share/rosidl_generator_cpp/cmake)
[0.533s] -- Using all available rosidl_typesupport_c: rosidl_typesupport_fastrtps_c;rosidl_typesupport_introspection_c
[0.547s] -- Using all available rosidl_typesupport_cpp: rosidl_typesupport_fastrtps_cpp;rosidl_typesupport_introspection_cpp
[0.587s] -- Found rmw_implementation_cmake: 6.1.2 (/opt/ros/humble/share/rmw_implementation_cmake/cmake)
[0.590s] -- Found rmw_fastrtps_cpp: 6.2.8 (/opt/ros/humble/share/rmw_fastrtps_cpp/cmake)
[0.683s] -- Found OpenSSL: /usr/lib/x86_64-linux-gnu/libcrypto.so (found version "3.0.2")  
[0.715s] -- Found FastRTPS: /opt/ros/humble/include  
[0.766s] -- Using RMW implementation 'rmw_fastrtps_cpp' as default
[0.775s] -- Looking for pthread.h
[0.837s] -- Looking for pthread.h - found
[0.838s] -- Performing Test CMAKE_HAVE_LIBC_PTHREAD
[0.900s] -- Performing Test CMAKE_HAVE_LIBC_PTHREAD - Success
[0.901s] -- Found Threads: TRUE  
[0.942s] -- Checking for one of the modules 'gstreamer-1.0'
[0.995s] -- Checking for one of the modules 'gstreamer-base-1.0'
[1.047s] -- Checking for one of the modules 'gstreamer-app-1.0'
[1.101s] -- Checking for one of the modules 'gstreamer-audio-1.0'
[1.155s] -- Checking for one of the modules 'gstreamer-video-1.0'
[1.316s] -- Found GLIB: /usr/include/glib-2.0;/usr/lib/x86_64-linux-gnu/glib-2.0/include (found version "2.72.4") 
[1.317s] -- Found audio_msgs: 0.0.0 (/home/devuser/Workspaces/rosgsthumble_ws/install/audio_msgs/share/audio_msgs/cmake)
[1.329s] -- Found sensor_msgs: 4.9.0 (/opt/ros/humble/share/sensor_msgs/cmake)
[1.468s] -- Found ament_cmake_clang_format: 0.12.14 (/opt/ros/humble/share/ament_cmake_clang_format/cmake)
[1.525s] -- Configuring done
[1.867s] -- Generating done
[1.885s] -- Build files have been written to: /home/devuser/Workspaces/rosgsthumble_ws/build/gst_bridge
[1.896s] Invoked command in '/home/devuser/Workspaces/rosgsthumble_ws/build/gst_bridge' returned '0': AMENT_PREFIX_PATH=/home/devuser/Workspaces/rosgsthumble_ws/install/audio_msgs:${AMENT_PREFIX_PATH} CMAKE_PREFIX_PATH=/home/devuser/Workspaces/rosgsthumble_ws/install/audio_msgs:/opt/ros/humble LD_LIBRARY_PATH=/home/devuser/Workspaces/rosgsthumble_ws/install/audio_msgs/lib:${LD_LIBRARY_PATH} PYTHONPATH=/home/devuser/Workspaces/rosgsthumble_ws/install/audio_msgs/local/lib/python3.10/dist-packages:${PYTHONPATH} /usr/bin/cmake /home/devuser/Workspaces/rosgsthumble_ws/src/ros-gst-bridge/gst_bridge -DAMENT_CMAKE_SYMLINK_INSTALL=1 -DCMAKE_INSTALL_PREFIX=/home/devuser/Workspaces/rosgsthumble_ws/install/gst_bridge
[1.898s] Invoking command in '/home/devuser/Workspaces/rosgsthumble_ws/build/gst_bridge': AMENT_PREFIX_PATH=/home/devuser/Workspaces/rosgsthumble_ws/install/audio_msgs:${AMENT_PREFIX_PATH} CMAKE_PREFIX_PATH=/home/devuser/Workspaces/rosgsthumble_ws/install/audio_msgs:/opt/ros/humble LD_LIBRARY_PATH=/home/devuser/Workspaces/rosgsthumble_ws/install/audio_msgs/lib:${LD_LIBRARY_PATH} PYTHONPATH=/home/devuser/Workspaces/rosgsthumble_ws/install/audio_msgs/local/lib/python3.10/dist-packages:${PYTHONPATH} /usr/bin/cmake --build /home/devuser/Workspaces/rosgsthumble_ws/build/gst_bridge -- -j16 -l16
[1.955s] [ 30%] [32mBuilding CXX object CMakeFiles/gst_bridge.dir/src/gst_bridge.cpp.o[0m
[1.955s] [ 30%] [32mBuilding CXX object CMakeFiles/gst_bridge.dir/src/rosbaseiface.cpp.o[0m
[1.955s] [ 30%] [32mBuilding CXX object CMakeFiles/gst_bridge.dir/src/rosbasesrc.cpp.o[0m
[1.955s] [ 30%] [32mBuilding CXX object CMakeFiles/gst_bridge.dir/src/rosbasesink.cpp.o[0m
[5.459s] [ 38%] [32m[1mLinking CXX shared library libgst_bridge.so[0m
[6.156s] [ 38%] Built target gst_bridge
[6.182s] [ 92%] [32mBuilding CXX object CMakeFiles/rosgstbridge.dir/src/rosaudiosink.cpp.o[0m
[6.183s] [ 92%] [32mBuilding CXX object CMakeFiles/rosgstbridge.dir/src/rosaudiosrc.cpp.o[0m
[6.183s] [ 92%] [32mBuilding CXX object CMakeFiles/rosgstbridge.dir/src/rostextsrc.cpp.o[0m
[6.183s] [ 92%] [32mBuilding CXX object CMakeFiles/rosgstbridge.dir/src/rosgstbridgeplugin.cpp.o[0m
[6.183s] [ 92%] [32mBuilding CXX object CMakeFiles/rosgstbridge.dir/src/rosimagesrc.cpp.o[0m
[6.183s] [ 92%] [32mBuilding CXX object CMakeFiles/rosgstbridge.dir/src/rosimagesink.cpp.o[0m
[6.183s] [ 92%] [32mBuilding CXX object CMakeFiles/rosgstbridge.dir/src/rostextsink.cpp.o[0m
[18.993s] [100%] [32m[1mLinking CXX shared library librosgstbridge.so[0m
[20.107s] [100%] Built target rosgstbridge
[20.118s] Invoked command in '/home/devuser/Workspaces/rosgsthumble_ws/build/gst_bridge' returned '0': AMENT_PREFIX_PATH=/home/devuser/Workspaces/rosgsthumble_ws/install/audio_msgs:${AMENT_PREFIX_PATH} CMAKE_PREFIX_PATH=/home/devuser/Workspaces/rosgsthumble_ws/install/audio_msgs:/opt/ros/humble LD_LIBRARY_PATH=/home/devuser/Workspaces/rosgsthumble_ws/install/audio_msgs/lib:${LD_LIBRARY_PATH} PYTHONPATH=/home/devuser/Workspaces/rosgsthumble_ws/install/audio_msgs/local/lib/python3.10/dist-packages:${PYTHONPATH} /usr/bin/cmake --build /home/devuser/Workspaces/rosgsthumble_ws/build/gst_bridge -- -j16 -l16
[20.119s] Invoking command in '/home/devuser/Workspaces/rosgsthumble_ws/build/gst_bridge': AMENT_PREFIX_PATH=/home/devuser/Workspaces/rosgsthumble_ws/install/audio_msgs:${AMENT_PREFIX_PATH} CMAKE_PREFIX_PATH=/home/devuser/Workspaces/rosgsthumble_ws/install/audio_msgs:/opt/ros/humble LD_LIBRARY_PATH=/home/devuser/Workspaces/rosgsthumble_ws/install/audio_msgs/lib:${LD_LIBRARY_PATH} PYTHONPATH=/home/devuser/Workspaces/rosgsthumble_ws/install/audio_msgs/local/lib/python3.10/dist-packages:${PYTHONPATH} /usr/bin/cmake --install /home/devuser/Workspaces/rosgsthumble_ws/build/gst_bridge
[20.126s] -- Install configuration: "RelWithDebInfo"
[20.126s] -- Execute custom install script
[20.126s] -- Symlinking: /home/devuser/Workspaces/rosgsthumble_ws/install/gst_bridge/share/gst_bridge/environment/register_plugin.dsv
[20.134s] -- Symlinking: /home/devuser/Workspaces/rosgsthumble_ws/install/gst_bridge/share/gst_bridge/environment/library_path.sh
[20.141s] -- Symlinking: /home/devuser/Workspaces/rosgsthumble_ws/install/gst_bridge/share/gst_bridge/environment/library_path.dsv
[20.149s] -- Symlinking: /home/devuser/Workspaces/rosgsthumble_ws/install/gst_bridge/include/gst_bridge/gst_bridge.h
[20.156s] -- Symlinking: /home/devuser/Workspaces/rosgsthumble_ws/install/gst_bridge/include/gst_bridge/rosaudiosink.h
[20.164s] -- Symlinking: /home/devuser/Workspaces/rosgsthumble_ws/install/gst_bridge/include/gst_bridge/rosaudiosrc.h
[20.171s] -- Symlinking: /home/devuser/Workspaces/rosgsthumble_ws/install/gst_bridge/include/gst_bridge/rosbaseiface.h
[20.178s] -- Symlinking: /home/devuser/Workspaces/rosgsthumble_ws/install/gst_bridge/include/gst_bridge/rosbasesink.h
[20.186s] -- Symlinking: /home/devuser/Workspaces/rosgsthumble_ws/install/gst_bridge/include/gst_bridge/rosbasesrc.h
[20.193s] -- Symlinking: /home/devuser/Workspaces/rosgsthumble_ws/install/gst_bridge/include/gst_bridge/rosimagesink.h
[20.200s] -- Symlinking: /home/devuser/Workspaces/rosgsthumble_ws/install/gst_bridge/include/gst_bridge/rosimagesrc.h
[20.207s] -- Symlinking: /home/devuser/Workspaces/rosgsthumble_ws/install/gst_bridge/include/gst_bridge/rostextsink.h
[20.215s] -- Symlinking: /home/devuser/Workspaces/rosgsthumble_ws/install/gst_bridge/include/gst_bridge/rostextsrc.h
[20.223s] -- Symlinking: /home/devuser/Workspaces/rosgsthumble_ws/install/gst_bridge/lib/gst_bridge/librosgstbridge.so
[20.231s] -- Symlinking: /home/devuser/Workspaces/rosgsthumble_ws/install/gst_bridge/share/ament_index/resource_index/package_run_dependencies/gst_bridge
[20.239s] -- Symlinking: /home/devuser/Workspaces/rosgsthumble_ws/install/gst_bridge/share/ament_index/resource_index/parent_prefix_path/gst_bridge
[20.247s] -- Symlinking: /home/devuser/Workspaces/rosgsthumble_ws/install/gst_bridge/share/gst_bridge/environment/ament_prefix_path.sh
[20.256s] -- Symlinking: /home/devuser/Workspaces/rosgsthumble_ws/install/gst_bridge/share/gst_bridge/environment/ament_prefix_path.dsv
[20.264s] -- Symlinking: /home/devuser/Workspaces/rosgsthumble_ws/install/gst_bridge/share/gst_bridge/environment/path.sh
[20.272s] -- Symlinking: /home/devuser/Workspaces/rosgsthumble_ws/install/gst_bridge/share/gst_bridge/environment/path.dsv
[20.280s] -- Symlinking: /home/devuser/Workspaces/rosgsthumble_ws/install/gst_bridge/share/gst_bridge/local_setup.bash
[20.288s] -- Symlinking: /home/devuser/Workspaces/rosgsthumble_ws/install/gst_bridge/share/gst_bridge/local_setup.sh
[20.295s] -- Symlinking: /home/devuser/Workspaces/rosgsthumble_ws/install/gst_bridge/share/gst_bridge/local_setup.zsh
[20.304s] -- Symlinking: /home/devuser/Workspaces/rosgsthumble_ws/install/gst_bridge/share/gst_bridge/local_setup.dsv
[20.312s] -- Symlinking: /home/devuser/Workspaces/rosgsthumble_ws/install/gst_bridge/share/gst_bridge/package.dsv
[20.320s] -- Symlinking: /home/devuser/Workspaces/rosgsthumble_ws/install/gst_bridge/share/ament_index/resource_index/packages/gst_bridge
[20.328s] -- Symlinking: /home/devuser/Workspaces/rosgsthumble_ws/install/gst_bridge/share/gst_bridge/cmake/ament_cmake_export_include_directories-extras.cmake
[20.335s] -- Symlinking: /home/devuser/Workspaces/rosgsthumble_ws/install/gst_bridge/share/gst_bridge/cmake/ament_cmake_export_libraries-extras.cmake
[20.343s] -- Symlinking: /home/devuser/Workspaces/rosgsthumble_ws/install/gst_bridge/share/gst_bridge/cmake/ament_cmake_export_dependencies-extras.cmake
[20.351s] -- Symlinking: /home/devuser/Workspaces/rosgsthumble_ws/install/gst_bridge/share/gst_bridge/cmake/gst_bridgeConfig.cmake
[20.359s] -- Symlinking: /home/devuser/Workspaces/rosgsthumble_ws/install/gst_bridge/share/gst_bridge/cmake/gst_bridgeConfig-version.cmake
[20.367s] -- Symlinking: /home/devuser/Workspaces/rosgsthumble_ws/install/gst_bridge/share/gst_bridge/package.xml
[20.375s] -- Installing: /home/devuser/Workspaces/rosgsthumble_ws/install/gst_bridge/lib/libgst_bridge.so
[20.377s] -- Set runtime path of "/home/devuser/Workspaces/rosgsthumble_ws/install/gst_bridge/lib/libgst_bridge.so" to ""
[20.379s] Invoked command in '/home/devuser/Workspaces/rosgsthumble_ws/build/gst_bridge' returned '0': AMENT_PREFIX_PATH=/home/devuser/Workspaces/rosgsthumble_ws/install/audio_msgs:${AMENT_PREFIX_PATH} CMAKE_PREFIX_PATH=/home/devuser/Workspaces/rosgsthumble_ws/install/audio_msgs:/opt/ros/humble LD_LIBRARY_PATH=/home/devuser/Workspaces/rosgsthumble_ws/install/audio_msgs/lib:${LD_LIBRARY_PATH} PYTHONPATH=/home/devuser/Workspaces/rosgsthumble_ws/install/audio_msgs/local/lib/python3.10/dist-packages:${PYTHONPATH} /usr/bin/cmake --install /home/devuser/Workspaces/rosgsthumble_ws/build/gst_bridge
