[0.145s] Invoking command in '/home/devuser/Workspaces/build/cpp_pubsub': CMAKE_PREFIX_PATH=${CMAKE_PREFIX_PATH}:/opt/ros/humble /usr/bin/cmake /home/devuser/Workspaces/ros2learn_ws/src/cpp_pubsub -DAMENT_CMAKE_SYMLINK_INSTALL=1 -DCMAKE_INSTALL_PREFIX=/home/devuser/Workspaces/install/cpp_pubsub
[1.396s] -- The C compiler identification is GNU 11.4.0
[1.972s] -- The CXX compiler identification is GNU 11.4.0
[2.025s] -- Detecting C compiler ABI info
[3.017s] -- Detecting C compiler ABI info - done
[3.119s] -- Check for working C compiler: /usr/bin/cc - skipped
[3.125s] -- Detecting C compile features
[3.126s] -- Detecting C compile features - done
[3.155s] -- Detecting CXX compiler ABI info
[3.795s] -- Detecting CXX compiler ABI info - done
[3.835s] -- Check for working CXX compiler: /usr/bin/c++ - skipped
[3.837s] -- Detecting CXX compile features
[3.841s] -- Detecting CXX compile features - done
[3.878s] -- Found ament_cmake: 1.3.12 (/opt/ros/humble/share/ament_cmake/cmake)
[4.788s] -- Found Python3: /usr/bin/python3 (found version "3.10.12") found components: Interpreter 
[5.460s] -- Override CMake install command with custom implementation using symlinks instead of copying resources
[5.866s] -- Found ament_lint_auto: 0.12.14 (/opt/ros/humble/share/ament_lint_auto/cmake)
[6.649s] -- Added test 'cppcheck' to perform static code analysis on C / C++ code
[6.650s] -- Configured cppcheck include dirs: 
[6.650s] -- Configured cppcheck exclude dirs and/or files: 
[6.666s] -- Added test 'lint_cmake' to check CMake code style
[6.672s] -- Added test 'uncrustify' to check C / C++ code style
[6.673s] -- Configured uncrustify additional arguments: 
[6.676s] -- Added test 'xmllint' to check XML markup files
[6.697s] -- Configuring done
[6.723s] -- Generating done
[6.750s] -- Build files have been written to: /home/devuser/Workspaces/build/cpp_pubsub
[6.785s] Invoked command in '/home/devuser/Workspaces/build/cpp_pubsub' returned '0': CMAKE_PREFIX_PATH=${CMAKE_PREFIX_PATH}:/opt/ros/humble /usr/bin/cmake /home/devuser/Workspaces/ros2learn_ws/src/cpp_pubsub -DAMENT_CMAKE_SYMLINK_INSTALL=1 -DCMAKE_INSTALL_PREFIX=/home/devuser/Workspaces/install/cpp_pubsub
[6.806s] Invoking command in '/home/devuser/Workspaces/build/cpp_pubsub': CMAKE_PREFIX_PATH=${CMAKE_PREFIX_PATH}:/opt/ros/humble /usr/bin/cmake --build /home/devuser/Workspaces/build/cpp_pubsub -- -j4 -l4
[7.177s] Invoked command in '/home/devuser/Workspaces/build/cpp_pubsub' returned '0': CMAKE_PREFIX_PATH=${CMAKE_PREFIX_PATH}:/opt/ros/humble /usr/bin/cmake --build /home/devuser/Workspaces/build/cpp_pubsub -- -j4 -l4
[7.259s] Invoking command in '/home/devuser/Workspaces/build/cpp_pubsub': CMAKE_PREFIX_PATH=${CMAKE_PREFIX_PATH}:/opt/ros/humble /usr/bin/cmake --install /home/devuser/Workspaces/build/cpp_pubsub
[7.345s] -- Install configuration: ""
[7.351s] -- Execute custom install script
[7.369s] -- Symlinking: /home/devuser/Workspaces/install/cpp_pubsub/share/ament_index/resource_index/package_run_dependencies/cpp_pubsub
[7.485s] -- Symlinking: /home/devuser/Workspaces/install/cpp_pubsub/share/ament_index/resource_index/parent_prefix_path/cpp_pubsub
[7.535s] -- Symlinking: /home/devuser/Workspaces/install/cpp_pubsub/share/cpp_pubsub/environment/ament_prefix_path.sh
[7.630s] -- Symlinking: /home/devuser/Workspaces/install/cpp_pubsub/share/cpp_pubsub/environment/ament_prefix_path.dsv
[7.699s] -- Symlinking: /home/devuser/Workspaces/install/cpp_pubsub/share/cpp_pubsub/environment/path.sh
[7.745s] -- Symlinking: /home/devuser/Workspaces/install/cpp_pubsub/share/cpp_pubsub/environment/path.dsv
[7.788s] -- Symlinking: /home/devuser/Workspaces/install/cpp_pubsub/share/cpp_pubsub/local_setup.bash
[7.836s] -- Symlinking: /home/devuser/Workspaces/install/cpp_pubsub/share/cpp_pubsub/local_setup.sh
[7.938s] -- Symlinking: /home/devuser/Workspaces/install/cpp_pubsub/share/cpp_pubsub/local_setup.zsh
[8.018s] -- Symlinking: /home/devuser/Workspaces/install/cpp_pubsub/share/cpp_pubsub/local_setup.dsv
[8.080s] -- Symlinking: /home/devuser/Workspaces/install/cpp_pubsub/share/cpp_pubsub/package.dsv
[8.226s] -- Symlinking: /home/devuser/Workspaces/install/cpp_pubsub/share/ament_index/resource_index/packages/cpp_pubsub
[8.278s] -- Symlinking: /home/devuser/Workspaces/install/cpp_pubsub/share/cpp_pubsub/cmake/cpp_pubsubConfig.cmake
[8.362s] -- Symlinking: /home/devuser/Workspaces/install/cpp_pubsub/share/cpp_pubsub/cmake/cpp_pubsubConfig-version.cmake
[8.410s] -- Symlinking: /home/devuser/Workspaces/install/cpp_pubsub/share/cpp_pubsub/package.xml
[8.453s] Invoked command in '/home/devuser/Workspaces/build/cpp_pubsub' returned '0': CMAKE_PREFIX_PATH=${CMAKE_PREFIX_PATH}:/opt/ros/humble /usr/bin/cmake --install /home/devuser/Workspaces/build/cpp_pubsub
