[0.097s] Invoking command in '/home/devuser/Workspaces/rosgsthumble_ws/build/webrtc_camera_node': CMAKE_PREFIX_PATH=/home/devuser/Workspaces/rosgsthumble_ws/install/gst_bridge:/home/devuser/Workspaces/rosgsthumble_ws/install/audio_msgs:/home/devuser/Workspaces/rosgsthumble_ws/install/webrtc_camera_node:/home/devuser/Workspaces/rosgsthumble_ws/install/gst_pipeline_plugins_webrtc:/home/devuser/Workspaces/rosgsthumble_ws/install/gst_pipeline_plugins:/home/devuser/Workspaces/rosgsthumble_ws/install/gst_pipeline:/home/devuser/Workspaces/rosgsthumble_ws/install/gst_msgs:/home/devuser/Workspaces/rosgsthumble_ws/install/cpp_campub:/opt/ros/humble LD_LIBRARY_PATH=/home/devuser/Workspaces/rosgsthumble_ws/install/gst_bridge/lib:/home/devuser/Workspaces/rosgsthumble_ws/install/audio_msgs/lib:/home/devuser/Workspaces/rosgsthumble_ws/install/gst_pipeline_plugins_webrtc/lib:/home/devuser/Workspaces/rosgsthumble_ws/install/gst_pipeline_plugins/lib:/home/devuser/Workspaces/rosgsthumble_ws/install/gst_pipeline/lib:/home/devuser/Workspaces/rosgsthumble_ws/install/gst_msgs/lib:/opt/ros/humble/lib/aarch64-linux-gnu:/opt/ros/humble/lib /usr/bin/cmake --build /home/devuser/Workspaces/rosgsthumble_ws/build/webrtc_camera_node -- -j4 -l4
[0.848s] [35m[1mConsolidate compiler generated dependencies of target ixwebsocket[0m
[1.117s] [ 90%] Built target ixwebsocket
[1.276s] [35m[1mConsolidate compiler generated dependencies of target send_camera_node[0m
[1.337s] [35m[1mConsolidate compiler generated dependencies of target receive_camera_node[0m
[1.576s] [ 95%] Built target receive_camera_node
[1.583s] [ 97%] [32mBuilding CXX object CMakeFiles/send_camera_node.dir/src/send_camera_node.cpp.o[0m
[30.409s] [100%] [32m[1mLinking CXX executable send_camera_node[0m
[32.807s] [100%] Built target send_camera_node
[32.850s] Invoked command in '/home/devuser/Workspaces/rosgsthumble_ws/build/webrtc_camera_node' returned '0': CMAKE_PREFIX_PATH=/home/devuser/Workspaces/rosgsthumble_ws/install/gst_bridge:/home/devuser/Workspaces/rosgsthumble_ws/install/audio_msgs:/home/devuser/Workspaces/rosgsthumble_ws/install/webrtc_camera_node:/home/devuser/Workspaces/rosgsthumble_ws/install/gst_pipeline_plugins_webrtc:/home/devuser/Workspaces/rosgsthumble_ws/install/gst_pipeline_plugins:/home/devuser/Workspaces/rosgsthumble_ws/install/gst_pipeline:/home/devuser/Workspaces/rosgsthumble_ws/install/gst_msgs:/home/devuser/Workspaces/rosgsthumble_ws/install/cpp_campub:/opt/ros/humble LD_LIBRARY_PATH=/home/devuser/Workspaces/rosgsthumble_ws/install/gst_bridge/lib:/home/devuser/Workspaces/rosgsthumble_ws/install/audio_msgs/lib:/home/devuser/Workspaces/rosgsthumble_ws/install/gst_pipeline_plugins_webrtc/lib:/home/devuser/Workspaces/rosgsthumble_ws/install/gst_pipeline_plugins/lib:/home/devuser/Workspaces/rosgsthumble_ws/install/gst_pipeline/lib:/home/devuser/Workspaces/rosgsthumble_ws/install/gst_msgs/lib:/opt/ros/humble/lib/aarch64-linux-gnu:/opt/ros/humble/lib /usr/bin/cmake --build /home/devuser/Workspaces/rosgsthumble_ws/build/webrtc_camera_node -- -j4 -l4
[32.860s] Invoking command in '/home/devuser/Workspaces/rosgsthumble_ws/build/webrtc_camera_node': CMAKE_PREFIX_PATH=/home/devuser/Workspaces/rosgsthumble_ws/install/gst_bridge:/home/devuser/Workspaces/rosgsthumble_ws/install/audio_msgs:/home/devuser/Workspaces/rosgsthumble_ws/install/webrtc_camera_node:/home/devuser/Workspaces/rosgsthumble_ws/install/gst_pipeline_plugins_webrtc:/home/devuser/Workspaces/rosgsthumble_ws/install/gst_pipeline_plugins:/home/devuser/Workspaces/rosgsthumble_ws/install/gst_pipeline:/home/devuser/Workspaces/rosgsthumble_ws/install/gst_msgs:/home/devuser/Workspaces/rosgsthumble_ws/install/cpp_campub:/opt/ros/humble LD_LIBRARY_PATH=/home/devuser/Workspaces/rosgsthumble_ws/install/gst_bridge/lib:/home/devuser/Workspaces/rosgsthumble_ws/install/audio_msgs/lib:/home/devuser/Workspaces/rosgsthumble_ws/install/gst_pipeline_plugins_webrtc/lib:/home/devuser/Workspaces/rosgsthumble_ws/install/gst_pipeline_plugins/lib:/home/devuser/Workspaces/rosgsthumble_ws/install/gst_pipeline/lib:/home/devuser/Workspaces/rosgsthumble_ws/install/gst_msgs/lib:/opt/ros/humble/lib/aarch64-linux-gnu:/opt/ros/humble/lib /usr/bin/cmake --install /home/devuser/Workspaces/rosgsthumble_ws/build/webrtc_camera_node
[32.888s] -- Install configuration: ""
[32.893s] -- Execute custom install script
[32.901s] -- Up-to-date symlink: /home/devuser/Workspaces/rosgsthumble_ws/install/webrtc_camera_node/lib/cmake/ixwebsocket/ixwebsocket-config.cmake
[32.908s] -- Up-to-date symlink: /home/devuser/Workspaces/rosgsthumble_ws/install/webrtc_camera_node/lib/pkgconfig/ixwebsocket.pc
[32.908s] -- Up-to-date symlink: /home/devuser/Workspaces/rosgsthumble_ws/install/webrtc_camera_node/lib/webrtc_camera_node/send_camera_node
[32.911s] -- Up-to-date symlink: /home/devuser/Workspaces/rosgsthumble_ws/install/webrtc_camera_node/lib/webrtc_camera_node/receive_camera_node
[32.919s] -- Up-to-date symlink: /home/devuser/Workspaces/rosgsthumble_ws/install/webrtc_camera_node/share/ament_index/resource_index/package_run_dependencies/webrtc_camera_node
[32.921s] -- Up-to-date symlink: /home/devuser/Workspaces/rosgsthumble_ws/install/webrtc_camera_node/share/ament_index/resource_index/parent_prefix_path/webrtc_camera_node
[32.932s] -- Up-to-date symlink: /home/devuser/Workspaces/rosgsthumble_ws/install/webrtc_camera_node/share/webrtc_camera_node/environment/ament_prefix_path.sh
[32.934s] -- Up-to-date symlink: /home/devuser/Workspaces/rosgsthumble_ws/install/webrtc_camera_node/share/webrtc_camera_node/environment/ament_prefix_path.dsv
[32.936s] -- Up-to-date symlink: /home/devuser/Workspaces/rosgsthumble_ws/install/webrtc_camera_node/share/webrtc_camera_node/environment/path.sh
[32.937s] -- Up-to-date symlink: /home/devuser/Workspaces/rosgsthumble_ws/install/webrtc_camera_node/share/webrtc_camera_node/environment/path.dsv
[32.941s] -- Up-to-date symlink: /home/devuser/Workspaces/rosgsthumble_ws/install/webrtc_camera_node/share/webrtc_camera_node/local_setup.bash
[32.941s] -- Up-to-date symlink: /home/devuser/Workspaces/rosgsthumble_ws/install/webrtc_camera_node/share/webrtc_camera_node/local_setup.sh
[32.943s] -- Up-to-date symlink: /home/devuser/Workspaces/rosgsthumble_ws/install/webrtc_camera_node/share/webrtc_camera_node/local_setup.zsh
[32.943s] -- Up-to-date symlink: /home/devuser/Workspaces/rosgsthumble_ws/install/webrtc_camera_node/share/webrtc_camera_node/local_setup.dsv
[32.944s] -- Symlinking: /home/devuser/Workspaces/rosgsthumble_ws/install/webrtc_camera_node/share/webrtc_camera_node/package.dsv
[32.981s] -- Up-to-date symlink: /home/devuser/Workspaces/rosgsthumble_ws/install/webrtc_camera_node/share/ament_index/resource_index/packages/webrtc_camera_node
[32.986s] -- Up-to-date symlink: /home/devuser/Workspaces/rosgsthumble_ws/install/webrtc_camera_node/share/webrtc_camera_node/cmake/webrtc_camera_nodeConfig.cmake
[32.989s] -- Up-to-date symlink: /home/devuser/Workspaces/rosgsthumble_ws/install/webrtc_camera_node/share/webrtc_camera_node/cmake/webrtc_camera_nodeConfig-version.cmake
[32.991s] -- Up-to-date symlink: /home/devuser/Workspaces/rosgsthumble_ws/install/webrtc_camera_node/share/webrtc_camera_node/package.xml
[32.994s] -- Up-to-date: /home/devuser/Workspaces/rosgsthumble_ws/install/webrtc_camera_node/lib/libixwebsocket.a
[32.997s] -- Up-to-date: /home/devuser/Workspaces/rosgsthumble_ws/install/webrtc_camera_node/include/ixwebsocket/IXBase64.h
[32.997s] -- Up-to-date: /home/devuser/Workspaces/rosgsthumble_ws/install/webrtc_camera_node/include/ixwebsocket/IXBench.h
[32.999s] -- Up-to-date: /home/devuser/Workspaces/rosgsthumble_ws/install/webrtc_camera_node/include/ixwebsocket/IXCancellationRequest.h
[33.000s] -- Up-to-date: /home/devuser/Workspaces/rosgsthumble_ws/install/webrtc_camera_node/include/ixwebsocket/IXConnectionState.h
[33.000s] -- Up-to-date: /home/devuser/Workspaces/rosgsthumble_ws/install/webrtc_camera_node/include/ixwebsocket/IXDNSLookup.h
[33.001s] -- Up-to-date: /home/devuser/Workspaces/rosgsthumble_ws/install/webrtc_camera_node/include/ixwebsocket/IXExponentialBackoff.h
[33.002s] -- Up-to-date: /home/devuser/Workspaces/rosgsthumble_ws/install/webrtc_camera_node/include/ixwebsocket/IXGetFreePort.h
[33.002s] -- Up-to-date: /home/devuser/Workspaces/rosgsthumble_ws/install/webrtc_camera_node/include/ixwebsocket/IXGzipCodec.h
[33.003s] -- Up-to-date: /home/devuser/Workspaces/rosgsthumble_ws/install/webrtc_camera_node/include/ixwebsocket/IXHttp.h
[33.003s] -- Up-to-date: /home/devuser/Workspaces/rosgsthumble_ws/install/webrtc_camera_node/include/ixwebsocket/IXHttpClient.h
[33.004s] -- Up-to-date: /home/devuser/Workspaces/rosgsthumble_ws/install/webrtc_camera_node/include/ixwebsocket/IXHttpServer.h
[33.004s] -- Up-to-date: /home/devuser/Workspaces/rosgsthumble_ws/install/webrtc_camera_node/include/ixwebsocket/IXNetSystem.h
[33.004s] -- Up-to-date: /home/devuser/Workspaces/rosgsthumble_ws/install/webrtc_camera_node/include/ixwebsocket/IXProgressCallback.h
[33.005s] -- Up-to-date: /home/devuser/Workspaces/rosgsthumble_ws/install/webrtc_camera_node/include/ixwebsocket/IXSelectInterrupt.h
[33.005s] -- Up-to-date: /home/devuser/Workspaces/rosgsthumble_ws/install/webrtc_camera_node/include/ixwebsocket/IXSelectInterruptFactory.h
[33.005s] -- Up-to-date: /home/devuser/Workspaces/rosgsthumble_ws/install/webrtc_camera_node/include/ixwebsocket/IXSelectInterruptPipe.h
[33.006s] -- Up-to-date: /home/devuser/Workspaces/rosgsthumble_ws/install/webrtc_camera_node/include/ixwebsocket/IXSelectInterruptEvent.h
[33.006s] -- Up-to-date: /home/devuser/Workspaces/rosgsthumble_ws/install/webrtc_camera_node/include/ixwebsocket/IXSetThreadName.h
[33.007s] -- Up-to-date: /home/devuser/Workspaces/rosgsthumble_ws/install/webrtc_camera_node/include/ixwebsocket/IXSocket.h
[33.007s] -- Up-to-date: /home/devuser/Workspaces/rosgsthumble_ws/install/webrtc_camera_node/include/ixwebsocket/IXSocketConnect.h
[33.007s] -- Up-to-date: /home/devuser/Workspaces/rosgsthumble_ws/install/webrtc_camera_node/include/ixwebsocket/IXSocketFactory.h
[33.008s] -- Up-to-date: /home/devuser/Workspaces/rosgsthumble_ws/install/webrtc_camera_node/include/ixwebsocket/IXSocketServer.h
[33.008s] -- Up-to-date: /home/devuser/Workspaces/rosgsthumble_ws/install/webrtc_camera_node/include/ixwebsocket/IXSocketTLSOptions.h
[33.008s] -- Up-to-date: /home/devuser/Workspaces/rosgsthumble_ws/install/webrtc_camera_node/include/ixwebsocket/IXStrCaseCompare.h
[33.009s] -- Up-to-date: /home/devuser/Workspaces/rosgsthumble_ws/install/webrtc_camera_node/include/ixwebsocket/IXUdpSocket.h
[33.009s] -- Up-to-date: /home/devuser/Workspaces/rosgsthumble_ws/install/webrtc_camera_node/include/ixwebsocket/IXUniquePtr.h
[33.009s] -- Up-to-date: /home/devuser/Workspaces/rosgsthumble_ws/install/webrtc_camera_node/include/ixwebsocket/IXUrlParser.h
[33.010s] -- Up-to-date: /home/devuser/Workspaces/rosgsthumble_ws/install/webrtc_camera_node/include/ixwebsocket/IXUuid.h
[33.010s] -- Up-to-date: /home/devuser/Workspaces/rosgsthumble_ws/install/webrtc_camera_node/include/ixwebsocket/IXUtf8Validator.h
[33.010s] -- Up-to-date: /home/devuser/Workspaces/rosgsthumble_ws/install/webrtc_camera_node/include/ixwebsocket/IXUserAgent.h
[33.011s] -- Up-to-date: /home/devuser/Workspaces/rosgsthumble_ws/install/webrtc_camera_node/include/ixwebsocket/IXWebSocket.h
[33.011s] -- Up-to-date: /home/devuser/Workspaces/rosgsthumble_ws/install/webrtc_camera_node/include/ixwebsocket/IXWebSocketCloseConstants.h
[33.011s] -- Up-to-date: /home/devuser/Workspaces/rosgsthumble_ws/install/webrtc_camera_node/include/ixwebsocket/IXWebSocketCloseInfo.h
[33.012s] -- Up-to-date: /home/devuser/Workspaces/rosgsthumble_ws/install/webrtc_camera_node/include/ixwebsocket/IXWebSocketErrorInfo.h
[33.012s] -- Up-to-date: /home/devuser/Workspaces/rosgsthumble_ws/install/webrtc_camera_node/include/ixwebsocket/IXWebSocketHandshake.h
[33.012s] -- Up-to-date: /home/devuser/Workspaces/rosgsthumble_ws/install/webrtc_camera_node/include/ixwebsocket/IXWebSocketHandshakeKeyGen.h
[33.016s] -- Up-to-date: /home/devuser/Workspaces/rosgsthumble_ws/install/webrtc_camera_node/include/ixwebsocket/IXWebSocketHttpHeaders.h
[33.016s] -- Up-to-date: /home/devuser/Workspaces/rosgsthumble_ws/install/webrtc_camera_node/include/ixwebsocket/IXWebSocketInitResult.h
[33.017s] -- Up-to-date: /home/devuser/Workspaces/rosgsthumble_ws/install/webrtc_camera_node/include/ixwebsocket/IXWebSocketMessage.h
[33.020s] -- Up-to-date: /home/devuser/Workspaces/rosgsthumble_ws/install/webrtc_camera_node/include/ixwebsocket/IXWebSocketMessageType.h
[33.021s] -- Up-to-date: /home/devuser/Workspaces/rosgsthumble_ws/install/webrtc_camera_node/include/ixwebsocket/IXWebSocketOpenInfo.h
[33.021s] -- Up-to-date: /home/devuser/Workspaces/rosgsthumble_ws/install/webrtc_camera_node/include/ixwebsocket/IXWebSocketPerMessageDeflate.h
[33.022s] -- Up-to-date: /home/devuser/Workspaces/rosgsthumble_ws/install/webrtc_camera_node/include/ixwebsocket/IXWebSocketPerMessageDeflateCodec.h
[33.022s] -- Up-to-date: /home/devuser/Workspaces/rosgsthumble_ws/install/webrtc_camera_node/include/ixwebsocket/IXWebSocketPerMessageDeflateOptions.h
[33.033s] -- Up-to-date: /home/devuser/Workspaces/rosgsthumble_ws/install/webrtc_camera_node/include/ixwebsocket/IXWebSocketProxyServer.h
[33.035s] -- Up-to-date: /home/devuser/Workspaces/rosgsthumble_ws/install/webrtc_camera_node/include/ixwebsocket/IXWebSocketSendData.h
[33.035s] -- Up-to-date: /home/devuser/Workspaces/rosgsthumble_ws/install/webrtc_camera_node/include/ixwebsocket/IXWebSocketSendInfo.h
[33.035s] -- Up-to-date: /home/devuser/Workspaces/rosgsthumble_ws/install/webrtc_camera_node/include/ixwebsocket/IXWebSocketServer.h
[33.036s] -- Up-to-date: /home/devuser/Workspaces/rosgsthumble_ws/install/webrtc_camera_node/include/ixwebsocket/IXWebSocketTransport.h
[33.036s] -- Up-to-date: /home/devuser/Workspaces/rosgsthumble_ws/install/webrtc_camera_node/include/ixwebsocket/IXWebSocketVersion.h
[33.036s] -- Up-to-date: /home/devuser/Workspaces/rosgsthumble_ws/install/webrtc_camera_node/lib/cmake/ixwebsocket/ixwebsocket-targets.cmake
[33.037s] -- Up-to-date: /home/devuser/Workspaces/rosgsthumble_ws/install/webrtc_camera_node/lib/cmake/ixwebsocket/ixwebsocket-targets-noconfig.cmake
[33.038s] Invoked command in '/home/devuser/Workspaces/rosgsthumble_ws/build/webrtc_camera_node' returned '0': CMAKE_PREFIX_PATH=/home/devuser/Workspaces/rosgsthumble_ws/install/gst_bridge:/home/devuser/Workspaces/rosgsthumble_ws/install/audio_msgs:/home/devuser/Workspaces/rosgsthumble_ws/install/webrtc_camera_node:/home/devuser/Workspaces/rosgsthumble_ws/install/gst_pipeline_plugins_webrtc:/home/devuser/Workspaces/rosgsthumble_ws/install/gst_pipeline_plugins:/home/devuser/Workspaces/rosgsthumble_ws/install/gst_pipeline:/home/devuser/Workspaces/rosgsthumble_ws/install/gst_msgs:/home/devuser/Workspaces/rosgsthumble_ws/install/cpp_campub:/opt/ros/humble LD_LIBRARY_PATH=/home/devuser/Workspaces/rosgsthumble_ws/install/gst_bridge/lib:/home/devuser/Workspaces/rosgsthumble_ws/install/audio_msgs/lib:/home/devuser/Workspaces/rosgsthumble_ws/install/gst_pipeline_plugins_webrtc/lib:/home/devuser/Workspaces/rosgsthumble_ws/install/gst_pipeline_plugins/lib:/home/devuser/Workspaces/rosgsthumble_ws/install/gst_pipeline/lib:/home/devuser/Workspaces/rosgsthumble_ws/install/gst_msgs/lib:/opt/ros/humble/lib/aarch64-linux-gnu:/opt/ros/humble/lib /usr/bin/cmake --install /home/devuser/Workspaces/rosgsthumble_ws/build/webrtc_camera_node
