[0.065s] Invoking command in '/home/devuser/Workspaces/rosgsthumble_ws/build/webrtc_camera_node': CMAKE_PREFIX_PATH=/home/devuser/Workspaces/rosgsthumble_ws/install/gst_bridge:/home/devuser/Workspaces/rosgsthumble_ws/install/audio_msgs:/home/devuser/Workspaces/rosgsthumble_ws/install/webrtc_camera_node:/home/devuser/Workspaces/rosgsthumble_ws/install/gst_pipeline_plugins_webrtc:/home/devuser/Workspaces/rosgsthumble_ws/install/gst_pipeline_plugins:/home/devuser/Workspaces/rosgsthumble_ws/install/gst_pipeline:/home/devuser/Workspaces/rosgsthumble_ws/install/gst_msgs:/home/devuser/Workspaces/rosgsthumble_ws/install/cpp_campub:/opt/ros/humble LD_LIBRARY_PATH=/home/devuser/Workspaces/rosgsthumble_ws/install/gst_bridge/lib:/home/devuser/Workspaces/rosgsthumble_ws/install/audio_msgs/lib:/home/devuser/Workspaces/rosgsthumble_ws/install/gst_pipeline_plugins_webrtc/lib:/home/devuser/Workspaces/rosgsthumble_ws/install/gst_pipeline_plugins/lib:/home/devuser/Workspaces/rosgsthumble_ws/install/gst_pipeline/lib:/home/devuser/Workspaces/rosgsthumble_ws/install/gst_msgs/lib:/opt/ros/humble/lib/aarch64-linux-gnu:/opt/ros/humble/lib /usr/bin/cmake --build /home/devuser/Workspaces/rosgsthumble_ws/build/webrtc_camera_node -- -j4 -l4
[0.466s] [ 90%] Built target ixwebsocket
[0.653s] [35m[1mConsolidate compiler generated dependencies of target send_camera_node[0m
[0.705s] [ 95%] Built target receive_camera_node
[0.762s] [100%] Built target send_camera_node
[0.809s] Invoked command in '/home/devuser/Workspaces/rosgsthumble_ws/build/webrtc_camera_node' returned '0': CMAKE_PREFIX_PATH=/home/devuser/Workspaces/rosgsthumble_ws/install/gst_bridge:/home/devuser/Workspaces/rosgsthumble_ws/install/audio_msgs:/home/devuser/Workspaces/rosgsthumble_ws/install/webrtc_camera_node:/home/devuser/Workspaces/rosgsthumble_ws/install/gst_pipeline_plugins_webrtc:/home/devuser/Workspaces/rosgsthumble_ws/install/gst_pipeline_plugins:/home/devuser/Workspaces/rosgsthumble_ws/install/gst_pipeline:/home/devuser/Workspaces/rosgsthumble_ws/install/gst_msgs:/home/devuser/Workspaces/rosgsthumble_ws/install/cpp_campub:/opt/ros/humble LD_LIBRARY_PATH=/home/devuser/Workspaces/rosgsthumble_ws/install/gst_bridge/lib:/home/devuser/Workspaces/rosgsthumble_ws/install/audio_msgs/lib:/home/devuser/Workspaces/rosgsthumble_ws/install/gst_pipeline_plugins_webrtc/lib:/home/devuser/Workspaces/rosgsthumble_ws/install/gst_pipeline_plugins/lib:/home/devuser/Workspaces/rosgsthumble_ws/install/gst_pipeline/lib:/home/devuser/Workspaces/rosgsthumble_ws/install/gst_msgs/lib:/opt/ros/humble/lib/aarch64-linux-gnu:/opt/ros/humble/lib /usr/bin/cmake --build /home/devuser/Workspaces/rosgsthumble_ws/build/webrtc_camera_node -- -j4 -l4
[0.816s] Invoking command in '/home/devuser/Workspaces/rosgsthumble_ws/build/webrtc_camera_node': CMAKE_PREFIX_PATH=/home/devuser/Workspaces/rosgsthumble_ws/install/gst_bridge:/home/devuser/Workspaces/rosgsthumble_ws/install/audio_msgs:/home/devuser/Workspaces/rosgsthumble_ws/install/webrtc_camera_node:/home/devuser/Workspaces/rosgsthumble_ws/install/gst_pipeline_plugins_webrtc:/home/devuser/Workspaces/rosgsthumble_ws/install/gst_pipeline_plugins:/home/devuser/Workspaces/rosgsthumble_ws/install/gst_pipeline:/home/devuser/Workspaces/rosgsthumble_ws/install/gst_msgs:/home/devuser/Workspaces/rosgsthumble_ws/install/cpp_campub:/opt/ros/humble LD_LIBRARY_PATH=/home/devuser/Workspaces/rosgsthumble_ws/install/gst_bridge/lib:/home/devuser/Workspaces/rosgsthumble_ws/install/audio_msgs/lib:/home/devuser/Workspaces/rosgsthumble_ws/install/gst_pipeline_plugins_webrtc/lib:/home/devuser/Workspaces/rosgsthumble_ws/install/gst_pipeline_plugins/lib:/home/devuser/Workspaces/rosgsthumble_ws/install/gst_pipeline/lib:/home/devuser/Workspaces/rosgsthumble_ws/install/gst_msgs/lib:/opt/ros/humble/lib/aarch64-linux-gnu:/opt/ros/humble/lib /usr/bin/cmake --install /home/devuser/Workspaces/rosgsthumble_ws/build/webrtc_camera_node
[0.870s] -- Install configuration: ""
[0.871s] -- Execute custom install script
[0.927s] -- Up-to-date symlink: /home/devuser/Workspaces/rosgsthumble_ws/install/webrtc_camera_node/lib/cmake/ixwebsocket/ixwebsocket-config.cmake
[0.930s] -- Up-to-date symlink: /home/devuser/Workspaces/rosgsthumble_ws/install/webrtc_camera_node/lib/pkgconfig/ixwebsocket.pc
[0.941s] -- Up-to-date symlink: /home/devuser/Workspaces/rosgsthumble_ws/install/webrtc_camera_node/lib/webrtc_camera_node/send_camera_node
[0.950s] -- Up-to-date symlink: /home/devuser/Workspaces/rosgsthumble_ws/install/webrtc_camera_node/lib/webrtc_camera_node/receive_camera_node
[0.991s] -- Up-to-date symlink: /home/devuser/Workspaces/rosgsthumble_ws/install/webrtc_camera_node/share/ament_index/resource_index/package_run_dependencies/webrtc_camera_node
[0.994s] -- Up-to-date symlink: /home/devuser/Workspaces/rosgsthumble_ws/install/webrtc_camera_node/share/ament_index/resource_index/parent_prefix_path/webrtc_camera_node
[0.994s] -- Up-to-date symlink: /home/devuser/Workspaces/rosgsthumble_ws/install/webrtc_camera_node/share/webrtc_camera_node/environment/ament_prefix_path.sh
[0.995s] -- Up-to-date symlink: /home/devuser/Workspaces/rosgsthumble_ws/install/webrtc_camera_node/share/webrtc_camera_node/environment/ament_prefix_path.dsv
[0.995s] -- Up-to-date symlink: /home/devuser/Workspaces/rosgsthumble_ws/install/webrtc_camera_node/share/webrtc_camera_node/environment/path.sh
[1.000s] -- Up-to-date symlink: /home/devuser/Workspaces/rosgsthumble_ws/install/webrtc_camera_node/share/webrtc_camera_node/environment/path.dsv
[1.005s] -- Up-to-date symlink: /home/devuser/Workspaces/rosgsthumble_ws/install/webrtc_camera_node/share/webrtc_camera_node/local_setup.bash
[1.009s] -- Up-to-date symlink: /home/devuser/Workspaces/rosgsthumble_ws/install/webrtc_camera_node/share/webrtc_camera_node/local_setup.sh
[1.011s] -- Up-to-date symlink: /home/devuser/Workspaces/rosgsthumble_ws/install/webrtc_camera_node/share/webrtc_camera_node/local_setup.zsh
[1.018s] -- Up-to-date symlink: /home/devuser/Workspaces/rosgsthumble_ws/install/webrtc_camera_node/share/webrtc_camera_node/local_setup.dsv
[1.022s] -- Symlinking: /home/devuser/Workspaces/rosgsthumble_ws/install/webrtc_camera_node/share/webrtc_camera_node/package.dsv
[1.082s] -- Up-to-date symlink: /home/devuser/Workspaces/rosgsthumble_ws/install/webrtc_camera_node/share/ament_index/resource_index/packages/webrtc_camera_node
[1.086s] -- Up-to-date symlink: /home/devuser/Workspaces/rosgsthumble_ws/install/webrtc_camera_node/share/webrtc_camera_node/cmake/webrtc_camera_nodeConfig.cmake
[1.089s] -- Up-to-date symlink: /home/devuser/Workspaces/rosgsthumble_ws/install/webrtc_camera_node/share/webrtc_camera_node/cmake/webrtc_camera_nodeConfig-version.cmake
[1.092s] -- Up-to-date symlink: /home/devuser/Workspaces/rosgsthumble_ws/install/webrtc_camera_node/share/webrtc_camera_node/package.xml
[1.098s] -- Up-to-date: /home/devuser/Workspaces/rosgsthumble_ws/install/webrtc_camera_node/lib/libixwebsocket.a
[1.100s] -- Up-to-date: /home/devuser/Workspaces/rosgsthumble_ws/install/webrtc_camera_node/include/ixwebsocket/IXBase64.h
[1.103s] -- Up-to-date: /home/devuser/Workspaces/rosgsthumble_ws/install/webrtc_camera_node/include/ixwebsocket/IXBench.h
[1.105s] -- Up-to-date: /home/devuser/Workspaces/rosgsthumble_ws/install/webrtc_camera_node/include/ixwebsocket/IXCancellationRequest.h
[1.107s] -- Up-to-date: /home/devuser/Workspaces/rosgsthumble_ws/install/webrtc_camera_node/include/ixwebsocket/IXConnectionState.h
[1.107s] -- Up-to-date: /home/devuser/Workspaces/rosgsthumble_ws/install/webrtc_camera_node/include/ixwebsocket/IXDNSLookup.h
[1.108s] -- Up-to-date: /home/devuser/Workspaces/rosgsthumble_ws/install/webrtc_camera_node/include/ixwebsocket/IXExponentialBackoff.h
[1.108s] -- Up-to-date: /home/devuser/Workspaces/rosgsthumble_ws/install/webrtc_camera_node/include/ixwebsocket/IXGetFreePort.h
[1.108s] -- Up-to-date: /home/devuser/Workspaces/rosgsthumble_ws/install/webrtc_camera_node/include/ixwebsocket/IXGzipCodec.h
[1.109s] -- Up-to-date: /home/devuser/Workspaces/rosgsthumble_ws/install/webrtc_camera_node/include/ixwebsocket/IXHttp.h
[1.109s] -- Up-to-date: /home/devuser/Workspaces/rosgsthumble_ws/install/webrtc_camera_node/include/ixwebsocket/IXHttpClient.h
[1.110s] -- Up-to-date: /home/devuser/Workspaces/rosgsthumble_ws/install/webrtc_camera_node/include/ixwebsocket/IXHttpServer.h
[1.110s] -- Up-to-date: /home/devuser/Workspaces/rosgsthumble_ws/install/webrtc_camera_node/include/ixwebsocket/IXNetSystem.h
[1.118s] -- Up-to-date: /home/devuser/Workspaces/rosgsthumble_ws/install/webrtc_camera_node/include/ixwebsocket/IXProgressCallback.h
[1.119s] -- Up-to-date: /home/devuser/Workspaces/rosgsthumble_ws/install/webrtc_camera_node/include/ixwebsocket/IXSelectInterrupt.h
[1.125s] -- Up-to-date: /home/devuser/Workspaces/rosgsthumble_ws/install/webrtc_camera_node/include/ixwebsocket/IXSelectInterruptFactory.h
[1.126s] -- Up-to-date: /home/devuser/Workspaces/rosgsthumble_ws/install/webrtc_camera_node/include/ixwebsocket/IXSelectInterruptPipe.h
[1.126s] -- Up-to-date: /home/devuser/Workspaces/rosgsthumble_ws/install/webrtc_camera_node/include/ixwebsocket/IXSelectInterruptEvent.h
[1.127s] -- Up-to-date: /home/devuser/Workspaces/rosgsthumble_ws/install/webrtc_camera_node/include/ixwebsocket/IXSetThreadName.h
[1.127s] -- Up-to-date: /home/devuser/Workspaces/rosgsthumble_ws/install/webrtc_camera_node/include/ixwebsocket/IXSocket.h
[1.129s] -- Up-to-date: /home/devuser/Workspaces/rosgsthumble_ws/install/webrtc_camera_node/include/ixwebsocket/IXSocketConnect.h
[1.136s] -- Up-to-date: /home/devuser/Workspaces/rosgsthumble_ws/install/webrtc_camera_node/include/ixwebsocket/IXSocketFactory.h
[1.138s] -- Up-to-date: /home/devuser/Workspaces/rosgsthumble_ws/install/webrtc_camera_node/include/ixwebsocket/IXSocketServer.h
[1.139s] -- Up-to-date: /home/devuser/Workspaces/rosgsthumble_ws/install/webrtc_camera_node/include/ixwebsocket/IXSocketTLSOptions.h
[1.142s] -- Up-to-date: /home/devuser/Workspaces/rosgsthumble_ws/install/webrtc_camera_node/include/ixwebsocket/IXStrCaseCompare.h
[1.143s] -- Up-to-date: /home/devuser/Workspaces/rosgsthumble_ws/install/webrtc_camera_node/include/ixwebsocket/IXUdpSocket.h
[1.143s] -- Up-to-date: /home/devuser/Workspaces/rosgsthumble_ws/install/webrtc_camera_node/include/ixwebsocket/IXUniquePtr.h
[1.144s] -- Up-to-date: /home/devuser/Workspaces/rosgsthumble_ws/install/webrtc_camera_node/include/ixwebsocket/IXUrlParser.h
[1.146s] -- Up-to-date: /home/devuser/Workspaces/rosgsthumble_ws/install/webrtc_camera_node/include/ixwebsocket/IXUuid.h
[1.146s] -- Up-to-date: /home/devuser/Workspaces/rosgsthumble_ws/install/webrtc_camera_node/include/ixwebsocket/IXUtf8Validator.h
[1.150s] -- Up-to-date: /home/devuser/Workspaces/rosgsthumble_ws/install/webrtc_camera_node/include/ixwebsocket/IXUserAgent.h
[1.151s] -- Up-to-date: /home/devuser/Workspaces/rosgsthumble_ws/install/webrtc_camera_node/include/ixwebsocket/IXWebSocket.h
[1.151s] -- Up-to-date: /home/devuser/Workspaces/rosgsthumble_ws/install/webrtc_camera_node/include/ixwebsocket/IXWebSocketCloseConstants.h
[1.151s] -- Up-to-date: /home/devuser/Workspaces/rosgsthumble_ws/install/webrtc_camera_node/include/ixwebsocket/IXWebSocketCloseInfo.h
[1.152s] -- Up-to-date: /home/devuser/Workspaces/rosgsthumble_ws/install/webrtc_camera_node/include/ixwebsocket/IXWebSocketErrorInfo.h
[1.152s] -- Up-to-date: /home/devuser/Workspaces/rosgsthumble_ws/install/webrtc_camera_node/include/ixwebsocket/IXWebSocketHandshake.h
[1.152s] -- Up-to-date: /home/devuser/Workspaces/rosgsthumble_ws/install/webrtc_camera_node/include/ixwebsocket/IXWebSocketHandshakeKeyGen.h
[1.153s] -- Up-to-date: /home/devuser/Workspaces/rosgsthumble_ws/install/webrtc_camera_node/include/ixwebsocket/IXWebSocketHttpHeaders.h
[1.153s] -- Up-to-date: /home/devuser/Workspaces/rosgsthumble_ws/install/webrtc_camera_node/include/ixwebsocket/IXWebSocketInitResult.h
[1.153s] -- Up-to-date: /home/devuser/Workspaces/rosgsthumble_ws/install/webrtc_camera_node/include/ixwebsocket/IXWebSocketMessage.h
[1.154s] -- Up-to-date: /home/devuser/Workspaces/rosgsthumble_ws/install/webrtc_camera_node/include/ixwebsocket/IXWebSocketMessageType.h
[1.154s] -- Up-to-date: /home/devuser/Workspaces/rosgsthumble_ws/install/webrtc_camera_node/include/ixwebsocket/IXWebSocketOpenInfo.h
[1.155s] -- Up-to-date: /home/devuser/Workspaces/rosgsthumble_ws/install/webrtc_camera_node/include/ixwebsocket/IXWebSocketPerMessageDeflate.h
[1.155s] -- Up-to-date: /home/devuser/Workspaces/rosgsthumble_ws/install/webrtc_camera_node/include/ixwebsocket/IXWebSocketPerMessageDeflateCodec.h
[1.156s] -- Up-to-date: /home/devuser/Workspaces/rosgsthumble_ws/install/webrtc_camera_node/include/ixwebsocket/IXWebSocketPerMessageDeflateOptions.h
[1.156s] -- Up-to-date: /home/devuser/Workspaces/rosgsthumble_ws/install/webrtc_camera_node/include/ixwebsocket/IXWebSocketProxyServer.h
[1.156s] -- Up-to-date: /home/devuser/Workspaces/rosgsthumble_ws/install/webrtc_camera_node/include/ixwebsocket/IXWebSocketSendData.h
[1.157s] -- Up-to-date: /home/devuser/Workspaces/rosgsthumble_ws/install/webrtc_camera_node/include/ixwebsocket/IXWebSocketSendInfo.h
[1.157s] -- Up-to-date: /home/devuser/Workspaces/rosgsthumble_ws/install/webrtc_camera_node/include/ixwebsocket/IXWebSocketServer.h
[1.157s] -- Up-to-date: /home/devuser/Workspaces/rosgsthumble_ws/install/webrtc_camera_node/include/ixwebsocket/IXWebSocketTransport.h
[1.158s] -- Up-to-date: /home/devuser/Workspaces/rosgsthumble_ws/install/webrtc_camera_node/include/ixwebsocket/IXWebSocketVersion.h
[1.159s] -- Up-to-date: /home/devuser/Workspaces/rosgsthumble_ws/install/webrtc_camera_node/lib/cmake/ixwebsocket/ixwebsocket-targets.cmake
[1.159s] -- Up-to-date: /home/devuser/Workspaces/rosgsthumble_ws/install/webrtc_camera_node/lib/cmake/ixwebsocket/ixwebsocket-targets-noconfig.cmake
[1.163s] Invoked command in '/home/devuser/Workspaces/rosgsthumble_ws/build/webrtc_camera_node' returned '0': CMAKE_PREFIX_PATH=/home/devuser/Workspaces/rosgsthumble_ws/install/gst_bridge:/home/devuser/Workspaces/rosgsthumble_ws/install/audio_msgs:/home/devuser/Workspaces/rosgsthumble_ws/install/webrtc_camera_node:/home/devuser/Workspaces/rosgsthumble_ws/install/gst_pipeline_plugins_webrtc:/home/devuser/Workspaces/rosgsthumble_ws/install/gst_pipeline_plugins:/home/devuser/Workspaces/rosgsthumble_ws/install/gst_pipeline:/home/devuser/Workspaces/rosgsthumble_ws/install/gst_msgs:/home/devuser/Workspaces/rosgsthumble_ws/install/cpp_campub:/opt/ros/humble LD_LIBRARY_PATH=/home/devuser/Workspaces/rosgsthumble_ws/install/gst_bridge/lib:/home/devuser/Workspaces/rosgsthumble_ws/install/audio_msgs/lib:/home/devuser/Workspaces/rosgsthumble_ws/install/gst_pipeline_plugins_webrtc/lib:/home/devuser/Workspaces/rosgsthumble_ws/install/gst_pipeline_plugins/lib:/home/devuser/Workspaces/rosgsthumble_ws/install/gst_pipeline/lib:/home/devuser/Workspaces/rosgsthumble_ws/install/gst_msgs/lib:/opt/ros/humble/lib/aarch64-linux-gnu:/opt/ros/humble/lib /usr/bin/cmake --install /home/devuser/Workspaces/rosgsthumble_ws/build/webrtc_camera_node
