[0.014s] Invoking command in '/home/devuser/Workspaces/ros2gstHumble_ws/build/audio_msgs': CMAKE_PREFIX_PATH=${CMAKE_PREFIX_PATH}:/opt/ros/humble /usr/bin/cmake /home/devuser/Workspaces/ros2gstHumble_ws/src/ros-gst-bridge/audio_msgs -DAMENT_CMAKE_SYMLINK_INSTALL=1 -DCMAKE_INSTALL_PREFIX=/home/devuser/Workspaces/ros2gstHumble_ws/install/audio_msgs
[0.062s] -- The C compiler identification is GNU 11.4.0
[0.109s] -- The CXX compiler identification is GNU 11.4.0
[0.116s] -- Detecting C compiler ABI info
[0.178s] -- Detecting C compiler ABI info - done
[0.183s] -- Check for working C compiler: /usr/bin/cc - skipped
[0.183s] -- Detecting C compile features
[0.184s] -- Detecting C compile features - done
[0.186s] -- Detecting CXX compiler ABI info
[0.255s] -- Detecting CXX compiler ABI info - done
[0.261s] -- Check for working CXX compiler: /usr/bin/c++ - skipped
[0.261s] -- Detecting CXX compile features
[0.261s] -- Detecting CXX compile features - done
[0.265s] -- Found ament_cmake: 1.3.12 (/opt/ros/humble/share/ament_cmake/cmake)
[0.388s] -- Found Python3: /usr/bin/python3 (found version "3.10.12") found components: Interpreter 
[0.443s] -- Override CMake install command with custom implementation using symlinks instead of copying resources
[0.477s] -- Found std_msgs: 4.9.0 (/opt/ros/humble/share/std_msgs/cmake)
[0.508s] -- Found rosidl_generator_c: 3.1.7 (/opt/ros/humble/share/rosidl_generator_c/cmake)
[0.513s] -- Found rosidl_adapter: 3.1.7 (/opt/ros/humble/share/rosidl_adapter/cmake)
[0.520s] -- Found rosidl_generator_cpp: 3.1.7 (/opt/ros/humble/share/rosidl_generator_cpp/cmake)
[0.531s] -- Using all available rosidl_typesupport_c: rosidl_typesupport_fastrtps_c;rosidl_typesupport_introspection_c
[0.545s] -- Using all available rosidl_typesupport_cpp: rosidl_typesupport_fastrtps_cpp;rosidl_typesupport_introspection_cpp
[0.566s] -- Found sensor_msgs: 4.9.0 (/opt/ros/humble/share/sensor_msgs/cmake)
[0.590s] -- Found rosidl_default_generators: 1.2.0 (/opt/ros/humble/share/rosidl_default_generators/cmake)
[0.804s] -- Found ament_cmake_ros: 0.10.0 (/opt/ros/humble/share/ament_cmake_ros/cmake)
[1.097s] -- Using all available rosidl_typesupport_c: rosidl_typesupport_fastrtps_c;rosidl_typesupport_introspection_c
[1.208s] -- Using all available rosidl_typesupport_cpp: rosidl_typesupport_fastrtps_cpp;rosidl_typesupport_introspection_cpp
[1.227s] -- Found PythonInterp: /usr/bin/python3 (found suitable version "3.10.12", minimum required is "3.6") 
[1.228s] -- Found python_cmake_module: 0.10.0 (/opt/ros/humble/share/python_cmake_module/cmake)
[1.249s] -- Found PythonLibs: /usr/lib/x86_64-linux-gnu/libpython3.10.so (found suitable version "3.10.12", minimum required is "3.5") 
[1.249s] -- Using PYTHON_EXECUTABLE: /usr/bin/python3
[1.249s] -- Using PYTHON_INCLUDE_DIRS: /usr/include/python3.10
[1.249s] -- Using PYTHON_LIBRARIES: /usr/lib/x86_64-linux-gnu/libpython3.10.so
[1.269s] -- Found PythonExtra: .so  
[1.309s] -- Found ament_lint_auto: 0.12.14 (/opt/ros/humble/share/ament_lint_auto/cmake)
[1.333s] -- Added test 'copyright' to check source files copyright and LICENSE
[1.335s] -- Added test 'lint_cmake' to check CMake code style
[1.336s] -- Added test 'xmllint' to check XML markup files
[1.339s] -- Configuring done
[1.369s] -- Generating done
[1.378s] -- Build files have been written to: /home/devuser/Workspaces/ros2gstHumble_ws/build/audio_msgs
[1.386s] Invoked command in '/home/devuser/Workspaces/ros2gstHumble_ws/build/audio_msgs' returned '0': CMAKE_PREFIX_PATH=${CMAKE_PREFIX_PATH}:/opt/ros/humble /usr/bin/cmake /home/devuser/Workspaces/ros2gstHumble_ws/src/ros-gst-bridge/audio_msgs -DAMENT_CMAKE_SYMLINK_INSTALL=1 -DCMAKE_INSTALL_PREFIX=/home/devuser/Workspaces/ros2gstHumble_ws/install/audio_msgs
[1.387s] Invoking command in '/home/devuser/Workspaces/ros2gstHumble_ws/build/audio_msgs': CMAKE_PREFIX_PATH=${CMAKE_PREFIX_PATH}:/opt/ros/humble /usr/bin/cmake --build /home/devuser/Workspaces/ros2gstHumble_ws/build/audio_msgs -- -j16 -l16
[1.425s] [  3%] [34m[1mGenerating C code for ROS interfaces[0m
[1.435s] [  6%] [34m[1mGenerating C++ code for ROS interfaces[0m
[1.442s] [  6%] Built target ament_cmake_python_symlink_audio_msgs
[1.622s] running egg_info
[1.622s] creating audio_msgs.egg-info
[1.622s] writing audio_msgs.egg-info/PKG-INFO
[1.623s] writing dependency_links to audio_msgs.egg-info/dependency_links.txt
[1.623s] writing top-level names to audio_msgs.egg-info/top_level.txt
[1.623s] writing manifest file 'audio_msgs.egg-info/SOURCES.txt'
[1.624s] reading manifest file 'audio_msgs.egg-info/SOURCES.txt'
[1.625s] writing manifest file 'audio_msgs.egg-info/SOURCES.txt'
[1.653s] [  6%] Built target ament_cmake_python_build_audio_msgs_egg
[1.720s] [  6%] Built target audio_msgs__cpp
[1.728s] [  9%] [32mBuilding C object CMakeFiles/audio_msgs__rosidl_generator_c.dir/rosidl_generator_c/audio_msgs/msg/detail/audio__functions.c.o[0m
[1.730s] [ 19%] [34m[1mGenerating C++ introspection for ROS interfaces[0m
[1.730s] [ 19%] [34m[1mGenerating C++ type support for eProsima Fast-RTPS[0m
[1.730s] [ 19%] [34m[1mGenerating C++ type support dispatch for ROS interfaces[0m
[1.775s] [ 22%] [32m[1mLinking C shared library libaudio_msgs__rosidl_generator_c.so[0m
[1.813s] [ 22%] Built target audio_msgs__rosidl_generator_c
[1.825s] [ 29%] [34m[1mGenerating C introspection for ROS interfaces[0m
[1.825s] [ 29%] [34m[1mGenerating C type support dispatch for ROS interfaces[0m
[1.828s] [ 32%] [34m[1mGenerating C type support for eProsima Fast-RTPS[0m
[2.033s] [ 35%] [32mBuilding CXX object CMakeFiles/audio_msgs__rosidl_typesupport_cpp.dir/rosidl_typesupport_cpp/audio_msgs/msg/audio__type_support.cpp.o[0m
[2.045s] [ 38%] [32mBuilding CXX object CMakeFiles/audio_msgs__rosidl_typesupport_introspection_cpp.dir/rosidl_typesupport_introspection_cpp/audio_msgs/msg/detail/audio__type_support.cpp.o[0m
[2.045s] [ 41%] [32mBuilding CXX object CMakeFiles/audio_msgs__rosidl_typesupport_fastrtps_cpp.dir/rosidl_typesupport_fastrtps_cpp/audio_msgs/msg/detail/dds_fastrtps/audio__type_support.cpp.o[0m
[2.175s] [ 45%] [32mBuilding CXX object CMakeFiles/audio_msgs__rosidl_typesupport_c.dir/rosidl_typesupport_c/audio_msgs/msg/audio__type_support.cpp.o[0m
[2.220s] [ 48%] [32m[1mLinking CXX shared library libaudio_msgs__rosidl_typesupport_c.so[0m
[2.265s] [ 54%] [32mBuilding C object CMakeFiles/audio_msgs__rosidl_typesupport_introspection_c.dir/rosidl_typesupport_introspection_c/audio_msgs/msg/detail/audio__type_support.c.o[0m
[2.265s] [ 54%] [32mBuilding CXX object CMakeFiles/audio_msgs__rosidl_typesupport_fastrtps_c.dir/rosidl_typesupport_fastrtps_c/audio_msgs/msg/detail/audio__type_support_c.cpp.o[0m
[2.270s] [ 54%] Built target audio_msgs__rosidl_typesupport_c
[2.317s] [ 58%] [32m[1mLinking C shared library libaudio_msgs__rosidl_typesupport_introspection_c.so[0m
[2.346s] [ 61%] [32m[1mLinking CXX shared library libaudio_msgs__rosidl_typesupport_cpp.so[0m
[2.365s] [ 61%] Built target audio_msgs__rosidl_typesupport_introspection_c
[2.407s] [ 61%] Built target audio_msgs__rosidl_typesupport_cpp
[2.445s] [ 64%] [32m[1mLinking CXX shared library libaudio_msgs__rosidl_typesupport_introspection_cpp.so[0m
[2.460s] [ 67%] [32m[1mLinking CXX shared library libaudio_msgs__rosidl_typesupport_fastrtps_cpp.so[0m
[2.532s] [ 67%] Built target audio_msgs__rosidl_typesupport_introspection_cpp
[2.544s] [ 67%] Built target audio_msgs__rosidl_typesupport_fastrtps_cpp
[2.592s] [ 70%] [32m[1mLinking CXX shared library libaudio_msgs__rosidl_typesupport_fastrtps_c.so[0m
[2.711s] [ 70%] Built target audio_msgs__rosidl_typesupport_fastrtps_c
[2.746s] [ 70%] Built target audio_msgs
[2.785s] [ 74%] [34m[1mGenerating Python code for ROS interfaces[0m
[3.614s] [ 74%] Built target audio_msgs__py
[3.658s] [ 77%] [32mBuilding C object CMakeFiles/audio_msgs__rosidl_generator_py.dir/rosidl_generator_py/audio_msgs/msg/_audio_s.c.o[0m
[3.786s] [ 80%] [32m[1mLinking C shared library rosidl_generator_py/audio_msgs/libaudio_msgs__rosidl_generator_py.so[0m
[3.830s] [ 80%] Built target audio_msgs__rosidl_generator_py
[3.852s] [ 87%] [32mBuilding C object CMakeFiles/audio_msgs__rosidl_typesupport_c__pyext.dir/rosidl_generator_py/audio_msgs/_audio_msgs_s.ep.rosidl_typesupport_c.c.o[0m
[3.852s] [ 87%] [32mBuilding C object CMakeFiles/audio_msgs__rosidl_typesupport_introspection_c__pyext.dir/rosidl_generator_py/audio_msgs/_audio_msgs_s.ep.rosidl_typesupport_introspection_c.c.o[0m
[3.852s] [ 90%] [32mBuilding C object CMakeFiles/audio_msgs__rosidl_typesupport_fastrtps_c__pyext.dir/rosidl_generator_py/audio_msgs/_audio_msgs_s.ep.rosidl_typesupport_fastrtps_c.c.o[0m
[3.942s] [100%] [32m[1mLinking C shared library rosidl_generator_py/audio_msgs/audio_msgs_s__rosidl_typesupport_introspection_c.cpython-310-x86_64-linux-gnu.so[0m
[3.942s] [100%] [32m[1mLinking C shared library rosidl_generator_py/audio_msgs/audio_msgs_s__rosidl_typesupport_fastrtps_c.cpython-310-x86_64-linux-gnu.so[0m
[3.942s] [100%] [32m[1mLinking C shared library rosidl_generator_py/audio_msgs/audio_msgs_s__rosidl_typesupport_c.cpython-310-x86_64-linux-gnu.so[0m
[3.979s] [100%] Built target audio_msgs__rosidl_typesupport_introspection_c__pyext
[3.979s] [100%] Built target audio_msgs__rosidl_typesupport_fastrtps_c__pyext
[3.979s] [100%] Built target audio_msgs__rosidl_typesupport_c__pyext
[3.991s] Invoked command in '/home/devuser/Workspaces/ros2gstHumble_ws/build/audio_msgs' returned '0': CMAKE_PREFIX_PATH=${CMAKE_PREFIX_PATH}:/opt/ros/humble /usr/bin/cmake --build /home/devuser/Workspaces/ros2gstHumble_ws/build/audio_msgs -- -j16 -l16
[4.000s] Invoking command in '/home/devuser/Workspaces/ros2gstHumble_ws/build/audio_msgs': CMAKE_PREFIX_PATH=${CMAKE_PREFIX_PATH}:/opt/ros/humble /usr/bin/cmake --install /home/devuser/Workspaces/ros2gstHumble_ws/build/audio_msgs
[4.007s] -- Install configuration: ""
[4.008s] -- Execute custom install script
[4.008s] -- Symlinking: /home/devuser/Workspaces/ros2gstHumble_ws/install/audio_msgs/share/ament_index/resource_index/rosidl_interfaces/audio_msgs
[4.017s] -- Symlinking: /home/devuser/Workspaces/ros2gstHumble_ws/install/audio_msgs/include/audio_msgs/audio_msgs/msg/audio.h
[4.026s] -- Symlinking: /home/devuser/Workspaces/ros2gstHumble_ws/install/audio_msgs/include/audio_msgs/audio_msgs/msg/detail/audio__functions.h
[4.035s] -- Symlinking: /home/devuser/Workspaces/ros2gstHumble_ws/install/audio_msgs/include/audio_msgs/audio_msgs/msg/detail/audio__struct.h
[4.044s] -- Symlinking: /home/devuser/Workspaces/ros2gstHumble_ws/install/audio_msgs/include/audio_msgs/audio_msgs/msg/detail/audio__type_support.h
[4.053s] -- Symlinking: /home/devuser/Workspaces/ros2gstHumble_ws/install/audio_msgs/include/audio_msgs/audio_msgs/msg/rosidl_generator_c__visibility_control.h
[4.062s] -- Symlinking: /home/devuser/Workspaces/ros2gstHumble_ws/install/audio_msgs/share/audio_msgs/environment/library_path.sh
[4.071s] -- Symlinking: /home/devuser/Workspaces/ros2gstHumble_ws/install/audio_msgs/share/audio_msgs/environment/library_path.dsv
[4.080s] -- Symlinking: /home/devuser/Workspaces/ros2gstHumble_ws/install/audio_msgs/include/audio_msgs/audio_msgs/msg/detail/audio__rosidl_typesupport_fastrtps_c.h
[4.089s] -- Symlinking: /home/devuser/Workspaces/ros2gstHumble_ws/install/audio_msgs/include/audio_msgs/audio_msgs/msg/rosidl_typesupport_fastrtps_c__visibility_control.h
[4.098s] -- Symlinking: /home/devuser/Workspaces/ros2gstHumble_ws/install/audio_msgs/include/audio_msgs/audio_msgs/msg/audio.hpp
[4.107s] -- Symlinking: /home/devuser/Workspaces/ros2gstHumble_ws/install/audio_msgs/include/audio_msgs/audio_msgs/msg/detail/audio__builder.hpp
[4.116s] -- Symlinking: /home/devuser/Workspaces/ros2gstHumble_ws/install/audio_msgs/include/audio_msgs/audio_msgs/msg/detail/audio__struct.hpp
[4.125s] -- Symlinking: /home/devuser/Workspaces/ros2gstHumble_ws/install/audio_msgs/include/audio_msgs/audio_msgs/msg/detail/audio__traits.hpp
[4.134s] -- Symlinking: /home/devuser/Workspaces/ros2gstHumble_ws/install/audio_msgs/include/audio_msgs/audio_msgs/msg/detail/audio__type_support.hpp
[4.142s] -- Symlinking: /home/devuser/Workspaces/ros2gstHumble_ws/install/audio_msgs/include/audio_msgs/audio_msgs/msg/rosidl_generator_cpp__visibility_control.hpp
[4.151s] -- Symlinking: /home/devuser/Workspaces/ros2gstHumble_ws/install/audio_msgs/include/audio_msgs/audio_msgs/msg/detail/audio__rosidl_typesupport_fastrtps_cpp.hpp
[4.160s] -- Symlinking: /home/devuser/Workspaces/ros2gstHumble_ws/install/audio_msgs/include/audio_msgs/audio_msgs/msg/rosidl_typesupport_fastrtps_cpp__visibility_control.h
[4.169s] -- Symlinking: /home/devuser/Workspaces/ros2gstHumble_ws/install/audio_msgs/include/audio_msgs/audio_msgs/msg/detail/audio__rosidl_typesupport_introspection_c.h
[4.178s] -- Symlinking: /home/devuser/Workspaces/ros2gstHumble_ws/install/audio_msgs/include/audio_msgs/audio_msgs/msg/rosidl_typesupport_introspection_c__visibility_control.h
[4.188s] -- Symlinking: /home/devuser/Workspaces/ros2gstHumble_ws/install/audio_msgs/include/audio_msgs/audio_msgs/msg/detail/audio__rosidl_typesupport_introspection_cpp.hpp
[4.197s] -- Symlinking: /home/devuser/Workspaces/ros2gstHumble_ws/install/audio_msgs/share/audio_msgs/environment/pythonpath.sh
[4.205s] -- Symlinking: /home/devuser/Workspaces/ros2gstHumble_ws/install/audio_msgs/share/audio_msgs/environment/pythonpath.dsv
[4.214s] -- Symlinking: /home/devuser/Workspaces/ros2gstHumble_ws/install/audio_msgs/local/lib/python3.10/dist-packages/audio_msgs-0.0.0-py3.10.egg-info/PKG-INFO
[4.223s] -- Symlinking: /home/devuser/Workspaces/ros2gstHumble_ws/install/audio_msgs/local/lib/python3.10/dist-packages/audio_msgs-0.0.0-py3.10.egg-info/SOURCES.txt
[4.232s] -- Symlinking: /home/devuser/Workspaces/ros2gstHumble_ws/install/audio_msgs/local/lib/python3.10/dist-packages/audio_msgs-0.0.0-py3.10.egg-info/dependency_links.txt
[4.241s] -- Symlinking: /home/devuser/Workspaces/ros2gstHumble_ws/install/audio_msgs/local/lib/python3.10/dist-packages/audio_msgs-0.0.0-py3.10.egg-info/top_level.txt
[4.250s] -- Symlinking: /home/devuser/Workspaces/ros2gstHumble_ws/install/audio_msgs/local/lib/python3.10/dist-packages/audio_msgs/__init__.py
[4.259s] -- Symlinking: /home/devuser/Workspaces/ros2gstHumble_ws/install/audio_msgs/local/lib/python3.10/dist-packages/audio_msgs/_audio_msgs_s.ep.rosidl_typesupport_c.c
[4.267s] -- Symlinking: /home/devuser/Workspaces/ros2gstHumble_ws/install/audio_msgs/local/lib/python3.10/dist-packages/audio_msgs/_audio_msgs_s.ep.rosidl_typesupport_fastrtps_c.c
[4.276s] -- Symlinking: /home/devuser/Workspaces/ros2gstHumble_ws/install/audio_msgs/local/lib/python3.10/dist-packages/audio_msgs/_audio_msgs_s.ep.rosidl_typesupport_introspection_c.c
[4.285s] -- Symlinking: /home/devuser/Workspaces/ros2gstHumble_ws/install/audio_msgs/local/lib/python3.10/dist-packages/audio_msgs/audio_msgs_s__rosidl_typesupport_c.cpython-310-x86_64-linux-gnu.so
[4.293s] -- Symlinking: /home/devuser/Workspaces/ros2gstHumble_ws/install/audio_msgs/local/lib/python3.10/dist-packages/audio_msgs/audio_msgs_s__rosidl_typesupport_fastrtps_c.cpython-310-x86_64-linux-gnu.so
[4.303s] -- Symlinking: /home/devuser/Workspaces/ros2gstHumble_ws/install/audio_msgs/local/lib/python3.10/dist-packages/audio_msgs/audio_msgs_s__rosidl_typesupport_introspection_c.cpython-310-x86_64-linux-gnu.so
[4.311s] -- Symlinking: /home/devuser/Workspaces/ros2gstHumble_ws/install/audio_msgs/local/lib/python3.10/dist-packages/audio_msgs/libaudio_msgs__rosidl_generator_py.so
[4.320s] -- Symlinking: /home/devuser/Workspaces/ros2gstHumble_ws/install/audio_msgs/local/lib/python3.10/dist-packages/audio_msgs/msg/__init__.py
[4.329s] -- Symlinking: /home/devuser/Workspaces/ros2gstHumble_ws/install/audio_msgs/local/lib/python3.10/dist-packages/audio_msgs/msg/_audio.py
[4.338s] -- Symlinking: /home/devuser/Workspaces/ros2gstHumble_ws/install/audio_msgs/local/lib/python3.10/dist-packages/audio_msgs/msg/_audio_s.c
[4.347s] -- Up-to-date symlink: /home/devuser/Workspaces/ros2gstHumble_ws/install/audio_msgs/local/lib/python3.10/dist-packages/audio_msgs/audio_msgs_s__rosidl_typesupport_fastrtps_c.cpython-310-x86_64-linux-gnu.so
[4.347s] -- Up-to-date symlink: /home/devuser/Workspaces/ros2gstHumble_ws/install/audio_msgs/local/lib/python3.10/dist-packages/audio_msgs/audio_msgs_s__rosidl_typesupport_introspection_c.cpython-310-x86_64-linux-gnu.so
[4.347s] -- Up-to-date symlink: /home/devuser/Workspaces/ros2gstHumble_ws/install/audio_msgs/local/lib/python3.10/dist-packages/audio_msgs/audio_msgs_s__rosidl_typesupport_c.cpython-310-x86_64-linux-gnu.so
[4.347s] -- Symlinking: /home/devuser/Workspaces/ros2gstHumble_ws/install/audio_msgs/share/audio_msgs/msg/Audio.idl
[4.356s] -- Symlinking: /home/devuser/Workspaces/ros2gstHumble_ws/install/audio_msgs/share/audio_msgs/msg/Audio.msg
[4.364s] -- Symlinking: /home/devuser/Workspaces/ros2gstHumble_ws/install/audio_msgs/share/ament_index/resource_index/package_run_dependencies/audio_msgs
[4.373s] -- Symlinking: /home/devuser/Workspaces/ros2gstHumble_ws/install/audio_msgs/share/ament_index/resource_index/parent_prefix_path/audio_msgs
[4.381s] -- Symlinking: /home/devuser/Workspaces/ros2gstHumble_ws/install/audio_msgs/share/audio_msgs/environment/ament_prefix_path.sh
[4.389s] -- Symlinking: /home/devuser/Workspaces/ros2gstHumble_ws/install/audio_msgs/share/audio_msgs/environment/ament_prefix_path.dsv
[4.398s] -- Symlinking: /home/devuser/Workspaces/ros2gstHumble_ws/install/audio_msgs/share/audio_msgs/environment/path.sh
[4.406s] -- Symlinking: /home/devuser/Workspaces/ros2gstHumble_ws/install/audio_msgs/share/audio_msgs/environment/path.dsv
[4.414s] -- Symlinking: /home/devuser/Workspaces/ros2gstHumble_ws/install/audio_msgs/share/audio_msgs/local_setup.bash
[4.423s] -- Symlinking: /home/devuser/Workspaces/ros2gstHumble_ws/install/audio_msgs/share/audio_msgs/local_setup.sh
[4.431s] -- Symlinking: /home/devuser/Workspaces/ros2gstHumble_ws/install/audio_msgs/share/audio_msgs/local_setup.zsh
[4.440s] -- Symlinking: /home/devuser/Workspaces/ros2gstHumble_ws/install/audio_msgs/share/audio_msgs/local_setup.dsv
[4.449s] -- Symlinking: /home/devuser/Workspaces/ros2gstHumble_ws/install/audio_msgs/share/audio_msgs/package.dsv
[4.457s] -- Symlinking: /home/devuser/Workspaces/ros2gstHumble_ws/install/audio_msgs/share/ament_index/resource_index/packages/audio_msgs
[4.466s] -- Symlinking: /home/devuser/Workspaces/ros2gstHumble_ws/install/audio_msgs/share/audio_msgs/cmake/rosidl_cmake-extras.cmake
[4.475s] -- Symlinking: /home/devuser/Workspaces/ros2gstHumble_ws/install/audio_msgs/share/audio_msgs/cmake/ament_cmake_export_dependencies-extras.cmake
[4.483s] -- Symlinking: /home/devuser/Workspaces/ros2gstHumble_ws/install/audio_msgs/share/audio_msgs/cmake/ament_cmake_export_include_directories-extras.cmake
[4.492s] -- Symlinking: /home/devuser/Workspaces/ros2gstHumble_ws/install/audio_msgs/share/audio_msgs/cmake/ament_cmake_export_libraries-extras.cmake
[4.501s] -- Symlinking: /home/devuser/Workspaces/ros2gstHumble_ws/install/audio_msgs/share/audio_msgs/cmake/ament_cmake_export_targets-extras.cmake
[4.510s] -- Symlinking: /home/devuser/Workspaces/ros2gstHumble_ws/install/audio_msgs/share/audio_msgs/cmake/rosidl_cmake_export_typesupport_targets-extras.cmake
[4.519s] -- Symlinking: /home/devuser/Workspaces/ros2gstHumble_ws/install/audio_msgs/share/audio_msgs/cmake/rosidl_cmake_export_typesupport_libraries-extras.cmake
[4.528s] -- Symlinking: /home/devuser/Workspaces/ros2gstHumble_ws/install/audio_msgs/share/audio_msgs/cmake/audio_msgsConfig.cmake
[4.536s] -- Symlinking: /home/devuser/Workspaces/ros2gstHumble_ws/install/audio_msgs/share/audio_msgs/cmake/audio_msgsConfig-version.cmake
[4.545s] -- Symlinking: /home/devuser/Workspaces/ros2gstHumble_ws/install/audio_msgs/share/audio_msgs/package.xml
[4.553s] -- Installing: /home/devuser/Workspaces/ros2gstHumble_ws/install/audio_msgs/lib/libaudio_msgs__rosidl_generator_c.so
[4.554s] -- Set runtime path of "/home/devuser/Workspaces/ros2gstHumble_ws/install/audio_msgs/lib/libaudio_msgs__rosidl_generator_c.so" to ""
[4.554s] -- Installing: /home/devuser/Workspaces/ros2gstHumble_ws/install/audio_msgs/lib/libaudio_msgs__rosidl_typesupport_fastrtps_c.so
[4.554s] -- Set runtime path of "/home/devuser/Workspaces/ros2gstHumble_ws/install/audio_msgs/lib/libaudio_msgs__rosidl_typesupport_fastrtps_c.so" to ""
[4.554s] -- Installing: /home/devuser/Workspaces/ros2gstHumble_ws/install/audio_msgs/lib/libaudio_msgs__rosidl_typesupport_fastrtps_cpp.so
[4.555s] -- Set runtime path of "/home/devuser/Workspaces/ros2gstHumble_ws/install/audio_msgs/lib/libaudio_msgs__rosidl_typesupport_fastrtps_cpp.so" to ""
[4.555s] -- Installing: /home/devuser/Workspaces/ros2gstHumble_ws/install/audio_msgs/lib/libaudio_msgs__rosidl_typesupport_introspection_c.so
[4.555s] -- Set runtime path of "/home/devuser/Workspaces/ros2gstHumble_ws/install/audio_msgs/lib/libaudio_msgs__rosidl_typesupport_introspection_c.so" to ""
[4.555s] -- Installing: /home/devuser/Workspaces/ros2gstHumble_ws/install/audio_msgs/lib/libaudio_msgs__rosidl_typesupport_c.so
[4.555s] -- Set runtime path of "/home/devuser/Workspaces/ros2gstHumble_ws/install/audio_msgs/lib/libaudio_msgs__rosidl_typesupport_c.so" to ""
[4.555s] -- Installing: /home/devuser/Workspaces/ros2gstHumble_ws/install/audio_msgs/lib/libaudio_msgs__rosidl_typesupport_introspection_cpp.so
[4.556s] -- Set runtime path of "/home/devuser/Workspaces/ros2gstHumble_ws/install/audio_msgs/lib/libaudio_msgs__rosidl_typesupport_introspection_cpp.so" to ""
[4.556s] -- Installing: /home/devuser/Workspaces/ros2gstHumble_ws/install/audio_msgs/lib/libaudio_msgs__rosidl_typesupport_cpp.so
[4.556s] -- Set runtime path of "/home/devuser/Workspaces/ros2gstHumble_ws/install/audio_msgs/lib/libaudio_msgs__rosidl_typesupport_cpp.so" to ""
[4.584s] Listing '/home/devuser/Workspaces/ros2gstHumble_ws/install/audio_msgs/local/lib/python3.10/dist-packages/audio_msgs'...
[4.584s] Compiling '/home/devuser/Workspaces/ros2gstHumble_ws/install/audio_msgs/local/lib/python3.10/dist-packages/audio_msgs/__init__.py'...
[4.584s] Listing '/home/devuser/Workspaces/ros2gstHumble_ws/install/audio_msgs/local/lib/python3.10/dist-packages/audio_msgs/msg'...
[4.584s] Compiling '/home/devuser/Workspaces/ros2gstHumble_ws/install/audio_msgs/local/lib/python3.10/dist-packages/audio_msgs/msg/__init__.py'...
[4.584s] Compiling '/home/devuser/Workspaces/ros2gstHumble_ws/install/audio_msgs/local/lib/python3.10/dist-packages/audio_msgs/msg/_audio.py'...
[4.588s] -- Installing: /home/devuser/Workspaces/ros2gstHumble_ws/install/audio_msgs/lib/libaudio_msgs__rosidl_generator_py.so
[4.588s] -- Set runtime path of "/home/devuser/Workspaces/ros2gstHumble_ws/install/audio_msgs/lib/libaudio_msgs__rosidl_generator_py.so" to ""
[4.588s] -- Installing: /home/devuser/Workspaces/ros2gstHumble_ws/install/audio_msgs/share/audio_msgs/cmake/export_audio_msgs__rosidl_generator_cExport.cmake
[4.588s] -- Installing: /home/devuser/Workspaces/ros2gstHumble_ws/install/audio_msgs/share/audio_msgs/cmake/export_audio_msgs__rosidl_generator_cExport-noconfig.cmake
[4.588s] -- Installing: /home/devuser/Workspaces/ros2gstHumble_ws/install/audio_msgs/share/audio_msgs/cmake/export_audio_msgs__rosidl_typesupport_fastrtps_cExport.cmake
[4.589s] -- Installing: /home/devuser/Workspaces/ros2gstHumble_ws/install/audio_msgs/share/audio_msgs/cmake/export_audio_msgs__rosidl_typesupport_fastrtps_cExport-noconfig.cmake
[4.589s] -- Installing: /home/devuser/Workspaces/ros2gstHumble_ws/install/audio_msgs/share/audio_msgs/cmake/export_audio_msgs__rosidl_generator_cppExport.cmake
[4.589s] -- Installing: /home/devuser/Workspaces/ros2gstHumble_ws/install/audio_msgs/share/audio_msgs/cmake/export_audio_msgs__rosidl_typesupport_fastrtps_cppExport.cmake
[4.589s] -- Installing: /home/devuser/Workspaces/ros2gstHumble_ws/install/audio_msgs/share/audio_msgs/cmake/export_audio_msgs__rosidl_typesupport_fastrtps_cppExport-noconfig.cmake
[4.589s] -- Installing: /home/devuser/Workspaces/ros2gstHumble_ws/install/audio_msgs/share/audio_msgs/cmake/audio_msgs__rosidl_typesupport_introspection_cExport.cmake
[4.589s] -- Installing: /home/devuser/Workspaces/ros2gstHumble_ws/install/audio_msgs/share/audio_msgs/cmake/audio_msgs__rosidl_typesupport_introspection_cExport-noconfig.cmake
[4.589s] -- Installing: /home/devuser/Workspaces/ros2gstHumble_ws/install/audio_msgs/share/audio_msgs/cmake/audio_msgs__rosidl_typesupport_cExport.cmake
[4.590s] -- Installing: /home/devuser/Workspaces/ros2gstHumble_ws/install/audio_msgs/share/audio_msgs/cmake/audio_msgs__rosidl_typesupport_cExport-noconfig.cmake
[4.590s] -- Installing: /home/devuser/Workspaces/ros2gstHumble_ws/install/audio_msgs/share/audio_msgs/cmake/audio_msgs__rosidl_typesupport_introspection_cppExport.cmake
[4.590s] -- Installing: /home/devuser/Workspaces/ros2gstHumble_ws/install/audio_msgs/share/audio_msgs/cmake/audio_msgs__rosidl_typesupport_introspection_cppExport-noconfig.cmake
[4.590s] -- Installing: /home/devuser/Workspaces/ros2gstHumble_ws/install/audio_msgs/share/audio_msgs/cmake/audio_msgs__rosidl_typesupport_cppExport.cmake
[4.590s] -- Installing: /home/devuser/Workspaces/ros2gstHumble_ws/install/audio_msgs/share/audio_msgs/cmake/audio_msgs__rosidl_typesupport_cppExport-noconfig.cmake
[4.590s] -- Installing: /home/devuser/Workspaces/ros2gstHumble_ws/install/audio_msgs/share/audio_msgs/cmake/export_audio_msgs__rosidl_generator_pyExport.cmake
[4.590s] -- Installing: /home/devuser/Workspaces/ros2gstHumble_ws/install/audio_msgs/share/audio_msgs/cmake/export_audio_msgs__rosidl_generator_pyExport-noconfig.cmake
[4.593s] Invoked command in '/home/devuser/Workspaces/ros2gstHumble_ws/build/audio_msgs' returned '0': CMAKE_PREFIX_PATH=${CMAKE_PREFIX_PATH}:/opt/ros/humble /usr/bin/cmake --install /home/devuser/Workspaces/ros2gstHumble_ws/build/audio_msgs
