[0.148s] Invoking command in '/home/devuser/Workspaces/rosgsthumble_ws/build/audio_msgs': CMAKE_PREFIX_PATH=${CMAKE_PREFIX_PATH}:/opt/ros/humble /usr/bin/cmake --build /home/devuser/Workspaces/rosgsthumble_ws/build/audio_msgs -- -j4 -l4
[1.031s] [  3%] Built target audio_msgs__cpp
[1.124s] [ 12%] Built target audio_msgs__rosidl_generator_c
[1.405s] [ 22%] Built target audio_msgs__rosidl_typesupport_cpp
[1.489s] [ 22%] Built target ament_cmake_python_symlink_audio_msgs
[1.565s] [ 32%] Built target audio_msgs__rosidl_typesupport_fastrtps_cpp
[1.642s] [ 41%] Built target audio_msgs__rosidl_typesupport_introspection_cpp
[1.968s] [ 51%] Built target audio_msgs__rosidl_typesupport_fastrtps_c
[2.015s] [ 61%] Built target audio_msgs__rosidl_typesupport_introspection_c
[2.084s] [ 70%] Built target audio_msgs__rosidl_typesupport_c
[2.384s] [ 70%] Built target audio_msgs
[2.790s] [ 74%] Built target audio_msgs__py
[3.245s] [ 80%] Built target audio_msgs__rosidl_generator_py
[3.674s] [ 87%] Built target audio_msgs__rosidl_typesupport_introspection_c__pyext
[3.690s] [ 93%] Built target audio_msgs__rosidl_typesupport_fastrtps_c__pyext
[3.733s] [100%] Built target audio_msgs__rosidl_typesupport_c__pyext
[4.815s] running egg_info
[4.821s] writing audio_msgs.egg-info/PKG-INFO
[4.822s] writing dependency_links to audio_msgs.egg-info/dependency_links.txt
[4.822s] writing top-level names to audio_msgs.egg-info/top_level.txt
[4.846s] reading manifest file 'audio_msgs.egg-info/SOURCES.txt'
[4.856s] writing manifest file 'audio_msgs.egg-info/SOURCES.txt'
[5.205s] [100%] Built target ament_cmake_python_build_audio_msgs_egg
[5.291s] Invoked command in '/home/devuser/Workspaces/rosgsthumble_ws/build/audio_msgs' returned '0': CMAKE_PREFIX_PATH=${CMAKE_PREFIX_PATH}:/opt/ros/humble /usr/bin/cmake --build /home/devuser/Workspaces/rosgsthumble_ws/build/audio_msgs -- -j4 -l4
[5.313s] Invoking command in '/home/devuser/Workspaces/rosgsthumble_ws/build/audio_msgs': CMAKE_PREFIX_PATH=${CMAKE_PREFIX_PATH}:/opt/ros/humble /usr/bin/cmake --install /home/devuser/Workspaces/rosgsthumble_ws/build/audio_msgs
[5.448s] -- Install configuration: ""
[5.473s] -- Execute custom install script
[5.488s] -- Up-to-date symlink: /home/devuser/Workspaces/rosgsthumble_ws/install/audio_msgs/share/ament_index/resource_index/rosidl_interfaces/audio_msgs
[5.506s] -- Up-to-date symlink: /home/devuser/Workspaces/rosgsthumble_ws/install/audio_msgs/include/audio_msgs/audio_msgs/msg/audio.h
[5.507s] -- Up-to-date symlink: /home/devuser/Workspaces/rosgsthumble_ws/install/audio_msgs/include/audio_msgs/audio_msgs/msg/detail/audio__functions.h
[5.509s] -- Up-to-date symlink: /home/devuser/Workspaces/rosgsthumble_ws/install/audio_msgs/include/audio_msgs/audio_msgs/msg/detail/audio__struct.h
[5.510s] -- Up-to-date symlink: /home/devuser/Workspaces/rosgsthumble_ws/install/audio_msgs/include/audio_msgs/audio_msgs/msg/detail/audio__type_support.h
[5.516s] -- Up-to-date symlink: /home/devuser/Workspaces/rosgsthumble_ws/install/audio_msgs/include/audio_msgs/audio_msgs/msg/rosidl_generator_c__visibility_control.h
[5.521s] -- Up-to-date symlink: /home/devuser/Workspaces/rosgsthumble_ws/install/audio_msgs/share/audio_msgs/environment/library_path.sh
[5.531s] -- Up-to-date symlink: /home/devuser/Workspaces/rosgsthumble_ws/install/audio_msgs/share/audio_msgs/environment/library_path.dsv
[5.538s] -- Up-to-date symlink: /home/devuser/Workspaces/rosgsthumble_ws/install/audio_msgs/include/audio_msgs/audio_msgs/msg/detail/audio__rosidl_typesupport_fastrtps_c.h
[5.543s] -- Up-to-date symlink: /home/devuser/Workspaces/rosgsthumble_ws/install/audio_msgs/include/audio_msgs/audio_msgs/msg/rosidl_typesupport_fastrtps_c__visibility_control.h
[5.569s] -- Up-to-date symlink: /home/devuser/Workspaces/rosgsthumble_ws/install/audio_msgs/include/audio_msgs/audio_msgs/msg/audio.hpp
[5.571s] -- Up-to-date symlink: /home/devuser/Workspaces/rosgsthumble_ws/install/audio_msgs/include/audio_msgs/audio_msgs/msg/detail/audio__builder.hpp
[5.572s] -- Up-to-date symlink: /home/devuser/Workspaces/rosgsthumble_ws/install/audio_msgs/include/audio_msgs/audio_msgs/msg/detail/audio__struct.hpp
[5.573s] -- Up-to-date symlink: /home/devuser/Workspaces/rosgsthumble_ws/install/audio_msgs/include/audio_msgs/audio_msgs/msg/detail/audio__traits.hpp
[5.595s] -- Up-to-date symlink: /home/devuser/Workspaces/rosgsthumble_ws/install/audio_msgs/include/audio_msgs/audio_msgs/msg/detail/audio__type_support.hpp
[5.617s] -- Up-to-date symlink: /home/devuser/Workspaces/rosgsthumble_ws/install/audio_msgs/include/audio_msgs/audio_msgs/msg/rosidl_generator_cpp__visibility_control.hpp
[5.618s] -- Up-to-date symlink: /home/devuser/Workspaces/rosgsthumble_ws/install/audio_msgs/include/audio_msgs/audio_msgs/msg/detail/audio__rosidl_typesupport_fastrtps_cpp.hpp
[5.817s] -- Up-to-date symlink: /home/devuser/Workspaces/rosgsthumble_ws/install/audio_msgs/include/audio_msgs/audio_msgs/msg/rosidl_typesupport_fastrtps_cpp__visibility_control.h
[5.833s] -- Up-to-date symlink: /home/devuser/Workspaces/rosgsthumble_ws/install/audio_msgs/include/audio_msgs/audio_msgs/msg/detail/audio__rosidl_typesupport_introspection_c.h
[5.834s] -- Up-to-date symlink: /home/devuser/Workspaces/rosgsthumble_ws/install/audio_msgs/include/audio_msgs/audio_msgs/msg/rosidl_typesupport_introspection_c__visibility_control.h
[5.836s] -- Up-to-date symlink: /home/devuser/Workspaces/rosgsthumble_ws/install/audio_msgs/include/audio_msgs/audio_msgs/msg/detail/audio__rosidl_typesupport_introspection_cpp.hpp
[5.843s] -- Up-to-date symlink: /home/devuser/Workspaces/rosgsthumble_ws/install/audio_msgs/share/audio_msgs/environment/pythonpath.sh
[5.843s] -- Up-to-date symlink: /home/devuser/Workspaces/rosgsthumble_ws/install/audio_msgs/share/audio_msgs/environment/pythonpath.dsv
[5.844s] -- Up-to-date symlink: /home/devuser/Workspaces/rosgsthumble_ws/install/audio_msgs/local/lib/python3.10/dist-packages/audio_msgs-0.0.0-py3.10.egg-info/PKG-INFO
[5.973s] -- Up-to-date symlink: /home/devuser/Workspaces/rosgsthumble_ws/install/audio_msgs/local/lib/python3.10/dist-packages/audio_msgs-0.0.0-py3.10.egg-info/SOURCES.txt
[5.974s] -- Up-to-date symlink: /home/devuser/Workspaces/rosgsthumble_ws/install/audio_msgs/local/lib/python3.10/dist-packages/audio_msgs-0.0.0-py3.10.egg-info/dependency_links.txt
[5.974s] -- Up-to-date symlink: /home/devuser/Workspaces/rosgsthumble_ws/install/audio_msgs/local/lib/python3.10/dist-packages/audio_msgs-0.0.0-py3.10.egg-info/top_level.txt
[5.975s] -- Up-to-date symlink: /home/devuser/Workspaces/rosgsthumble_ws/install/audio_msgs/local/lib/python3.10/dist-packages/audio_msgs/__init__.py
[5.975s] -- Up-to-date symlink: /home/devuser/Workspaces/rosgsthumble_ws/install/audio_msgs/local/lib/python3.10/dist-packages/audio_msgs/_audio_msgs_s.ep.rosidl_typesupport_c.c
[5.980s] -- Up-to-date symlink: /home/devuser/Workspaces/rosgsthumble_ws/install/audio_msgs/local/lib/python3.10/dist-packages/audio_msgs/_audio_msgs_s.ep.rosidl_typesupport_fastrtps_c.c
[5.980s] -- Up-to-date symlink: /home/devuser/Workspaces/rosgsthumble_ws/install/audio_msgs/local/lib/python3.10/dist-packages/audio_msgs/_audio_msgs_s.ep.rosidl_typesupport_introspection_c.c
[5.981s] -- Up-to-date symlink: /home/devuser/Workspaces/rosgsthumble_ws/install/audio_msgs/local/lib/python3.10/dist-packages/audio_msgs/audio_msgs_s__rosidl_typesupport_c.cpython-310-aarch64-linux-gnu.so
[5.981s] -- Up-to-date symlink: /home/devuser/Workspaces/rosgsthumble_ws/install/audio_msgs/local/lib/python3.10/dist-packages/audio_msgs/audio_msgs_s__rosidl_typesupport_fastrtps_c.cpython-310-aarch64-linux-gnu.so
[5.982s] -- Up-to-date symlink: /home/devuser/Workspaces/rosgsthumble_ws/install/audio_msgs/local/lib/python3.10/dist-packages/audio_msgs/audio_msgs_s__rosidl_typesupport_introspection_c.cpython-310-aarch64-linux-gnu.so
[5.982s] -- Up-to-date symlink: /home/devuser/Workspaces/rosgsthumble_ws/install/audio_msgs/local/lib/python3.10/dist-packages/audio_msgs/libaudio_msgs__rosidl_generator_py.so
[6.004s] -- Up-to-date symlink: /home/devuser/Workspaces/rosgsthumble_ws/install/audio_msgs/local/lib/python3.10/dist-packages/audio_msgs/msg/__init__.py
[6.005s] -- Up-to-date symlink: /home/devuser/Workspaces/rosgsthumble_ws/install/audio_msgs/local/lib/python3.10/dist-packages/audio_msgs/msg/_audio.py
[6.006s] -- Up-to-date symlink: /home/devuser/Workspaces/rosgsthumble_ws/install/audio_msgs/local/lib/python3.10/dist-packages/audio_msgs/msg/_audio_s.c
[6.008s] -- Up-to-date symlink: /home/devuser/Workspaces/rosgsthumble_ws/install/audio_msgs/local/lib/python3.10/dist-packages/audio_msgs/audio_msgs_s__rosidl_typesupport_fastrtps_c.cpython-310-aarch64-linux-gnu.so
[6.009s] -- Up-to-date symlink: /home/devuser/Workspaces/rosgsthumble_ws/install/audio_msgs/local/lib/python3.10/dist-packages/audio_msgs/audio_msgs_s__rosidl_typesupport_introspection_c.cpython-310-aarch64-linux-gnu.so
[6.010s] -- Up-to-date symlink: /home/devuser/Workspaces/rosgsthumble_ws/install/audio_msgs/local/lib/python3.10/dist-packages/audio_msgs/audio_msgs_s__rosidl_typesupport_c.cpython-310-aarch64-linux-gnu.so
[6.019s] -- Up-to-date symlink: /home/devuser/Workspaces/rosgsthumble_ws/install/audio_msgs/share/audio_msgs/msg/Audio.idl
[6.021s] -- Up-to-date symlink: /home/devuser/Workspaces/rosgsthumble_ws/install/audio_msgs/share/audio_msgs/msg/Audio.msg
[6.022s] -- Up-to-date symlink: /home/devuser/Workspaces/rosgsthumble_ws/install/audio_msgs/share/ament_index/resource_index/package_run_dependencies/audio_msgs
[6.022s] -- Up-to-date symlink: /home/devuser/Workspaces/rosgsthumble_ws/install/audio_msgs/share/ament_index/resource_index/parent_prefix_path/audio_msgs
[6.026s] -- Up-to-date symlink: /home/devuser/Workspaces/rosgsthumble_ws/install/audio_msgs/share/audio_msgs/environment/ament_prefix_path.sh
[6.027s] -- Up-to-date symlink: /home/devuser/Workspaces/rosgsthumble_ws/install/audio_msgs/share/audio_msgs/environment/ament_prefix_path.dsv
[6.032s] -- Up-to-date symlink: /home/devuser/Workspaces/rosgsthumble_ws/install/audio_msgs/share/audio_msgs/environment/path.sh
[6.033s] -- Up-to-date symlink: /home/devuser/Workspaces/rosgsthumble_ws/install/audio_msgs/share/audio_msgs/environment/path.dsv
[6.038s] -- Up-to-date symlink: /home/devuser/Workspaces/rosgsthumble_ws/install/audio_msgs/share/audio_msgs/local_setup.bash
[6.041s] -- Up-to-date symlink: /home/devuser/Workspaces/rosgsthumble_ws/install/audio_msgs/share/audio_msgs/local_setup.sh
[6.041s] -- Up-to-date symlink: /home/devuser/Workspaces/rosgsthumble_ws/install/audio_msgs/share/audio_msgs/local_setup.zsh
[6.042s] -- Up-to-date symlink: /home/devuser/Workspaces/rosgsthumble_ws/install/audio_msgs/share/audio_msgs/local_setup.dsv
[6.042s] -- Symlinking: /home/devuser/Workspaces/rosgsthumble_ws/install/audio_msgs/share/audio_msgs/package.dsv
[6.147s] -- Up-to-date symlink: /home/devuser/Workspaces/rosgsthumble_ws/install/audio_msgs/share/ament_index/resource_index/packages/audio_msgs
[6.147s] -- Up-to-date symlink: /home/devuser/Workspaces/rosgsthumble_ws/install/audio_msgs/share/audio_msgs/cmake/rosidl_cmake-extras.cmake
[6.155s] -- Up-to-date symlink: /home/devuser/Workspaces/rosgsthumble_ws/install/audio_msgs/share/audio_msgs/cmake/ament_cmake_export_dependencies-extras.cmake
[6.156s] -- Up-to-date symlink: /home/devuser/Workspaces/rosgsthumble_ws/install/audio_msgs/share/audio_msgs/cmake/ament_cmake_export_include_directories-extras.cmake
[6.157s] -- Up-to-date symlink: /home/devuser/Workspaces/rosgsthumble_ws/install/audio_msgs/share/audio_msgs/cmake/ament_cmake_export_libraries-extras.cmake
[6.157s] -- Up-to-date symlink: /home/devuser/Workspaces/rosgsthumble_ws/install/audio_msgs/share/audio_msgs/cmake/ament_cmake_export_targets-extras.cmake
[6.158s] -- Up-to-date symlink: /home/devuser/Workspaces/rosgsthumble_ws/install/audio_msgs/share/audio_msgs/cmake/rosidl_cmake_export_typesupport_targets-extras.cmake
[6.158s] -- Up-to-date symlink: /home/devuser/Workspaces/rosgsthumble_ws/install/audio_msgs/share/audio_msgs/cmake/rosidl_cmake_export_typesupport_libraries-extras.cmake
[6.166s] -- Up-to-date symlink: /home/devuser/Workspaces/rosgsthumble_ws/install/audio_msgs/share/audio_msgs/cmake/audio_msgsConfig.cmake
[6.168s] -- Up-to-date symlink: /home/devuser/Workspaces/rosgsthumble_ws/install/audio_msgs/share/audio_msgs/cmake/audio_msgsConfig-version.cmake
[6.169s] -- Up-to-date symlink: /home/devuser/Workspaces/rosgsthumble_ws/install/audio_msgs/share/audio_msgs/package.xml
[6.177s] -- Up-to-date: /home/devuser/Workspaces/rosgsthumble_ws/install/audio_msgs/lib/libaudio_msgs__rosidl_generator_c.so
[6.180s] -- Up-to-date: /home/devuser/Workspaces/rosgsthumble_ws/install/audio_msgs/lib/libaudio_msgs__rosidl_typesupport_fastrtps_c.so
[6.182s] -- Up-to-date: /home/devuser/Workspaces/rosgsthumble_ws/install/audio_msgs/lib/libaudio_msgs__rosidl_typesupport_fastrtps_cpp.so
[6.184s] -- Up-to-date: /home/devuser/Workspaces/rosgsthumble_ws/install/audio_msgs/lib/libaudio_msgs__rosidl_typesupport_introspection_c.so
[6.193s] -- Up-to-date: /home/devuser/Workspaces/rosgsthumble_ws/install/audio_msgs/lib/libaudio_msgs__rosidl_typesupport_c.so
[6.195s] -- Up-to-date: /home/devuser/Workspaces/rosgsthumble_ws/install/audio_msgs/lib/libaudio_msgs__rosidl_typesupport_introspection_cpp.so
[6.196s] -- Up-to-date: /home/devuser/Workspaces/rosgsthumble_ws/install/audio_msgs/lib/libaudio_msgs__rosidl_typesupport_cpp.so
[6.499s] Listing '/home/devuser/Workspaces/rosgsthumble_ws/install/audio_msgs/local/lib/python3.10/dist-packages/audio_msgs'...
[6.499s] Listing '/home/devuser/Workspaces/rosgsthumble_ws/install/audio_msgs/local/lib/python3.10/dist-packages/audio_msgs/msg'...
[6.570s] -- Up-to-date: /home/devuser/Workspaces/rosgsthumble_ws/install/audio_msgs/lib/libaudio_msgs__rosidl_generator_py.so
[6.577s] -- Up-to-date: /home/devuser/Workspaces/rosgsthumble_ws/install/audio_msgs/share/audio_msgs/cmake/export_audio_msgs__rosidl_generator_cExport.cmake
[6.578s] -- Up-to-date: /home/devuser/Workspaces/rosgsthumble_ws/install/audio_msgs/share/audio_msgs/cmake/export_audio_msgs__rosidl_generator_cExport-noconfig.cmake
[6.582s] -- Up-to-date: /home/devuser/Workspaces/rosgsthumble_ws/install/audio_msgs/share/audio_msgs/cmake/export_audio_msgs__rosidl_typesupport_fastrtps_cExport.cmake
[6.588s] -- Up-to-date: /home/devuser/Workspaces/rosgsthumble_ws/install/audio_msgs/share/audio_msgs/cmake/export_audio_msgs__rosidl_typesupport_fastrtps_cExport-noconfig.cmake
[6.589s] -- Up-to-date: /home/devuser/Workspaces/rosgsthumble_ws/install/audio_msgs/share/audio_msgs/cmake/export_audio_msgs__rosidl_generator_cppExport.cmake
[6.590s] -- Up-to-date: /home/devuser/Workspaces/rosgsthumble_ws/install/audio_msgs/share/audio_msgs/cmake/export_audio_msgs__rosidl_typesupport_fastrtps_cppExport.cmake
[6.590s] -- Up-to-date: /home/devuser/Workspaces/rosgsthumble_ws/install/audio_msgs/share/audio_msgs/cmake/export_audio_msgs__rosidl_typesupport_fastrtps_cppExport-noconfig.cmake
[6.596s] -- Up-to-date: /home/devuser/Workspaces/rosgsthumble_ws/install/audio_msgs/share/audio_msgs/cmake/audio_msgs__rosidl_typesupport_introspection_cExport.cmake
[6.599s] -- Up-to-date: /home/devuser/Workspaces/rosgsthumble_ws/install/audio_msgs/share/audio_msgs/cmake/audio_msgs__rosidl_typesupport_introspection_cExport-noconfig.cmake
[6.599s] -- Up-to-date: /home/devuser/Workspaces/rosgsthumble_ws/install/audio_msgs/share/audio_msgs/cmake/audio_msgs__rosidl_typesupport_cExport.cmake
[6.600s] -- Up-to-date: /home/devuser/Workspaces/rosgsthumble_ws/install/audio_msgs/share/audio_msgs/cmake/audio_msgs__rosidl_typesupport_cExport-noconfig.cmake
[6.614s] -- Up-to-date: /home/devuser/Workspaces/rosgsthumble_ws/install/audio_msgs/share/audio_msgs/cmake/audio_msgs__rosidl_typesupport_introspection_cppExport.cmake
[6.615s] -- Up-to-date: /home/devuser/Workspaces/rosgsthumble_ws/install/audio_msgs/share/audio_msgs/cmake/audio_msgs__rosidl_typesupport_introspection_cppExport-noconfig.cmake
[6.617s] -- Up-to-date: /home/devuser/Workspaces/rosgsthumble_ws/install/audio_msgs/share/audio_msgs/cmake/audio_msgs__rosidl_typesupport_cppExport.cmake
[6.618s] -- Up-to-date: /home/devuser/Workspaces/rosgsthumble_ws/install/audio_msgs/share/audio_msgs/cmake/audio_msgs__rosidl_typesupport_cppExport-noconfig.cmake
[6.621s] -- Up-to-date: /home/devuser/Workspaces/rosgsthumble_ws/install/audio_msgs/share/audio_msgs/cmake/export_audio_msgs__rosidl_generator_pyExport.cmake
[6.624s] -- Up-to-date: /home/devuser/Workspaces/rosgsthumble_ws/install/audio_msgs/share/audio_msgs/cmake/export_audio_msgs__rosidl_generator_pyExport-noconfig.cmake
[6.632s] Invoked command in '/home/devuser/Workspaces/rosgsthumble_ws/build/audio_msgs' returned '0': CMAKE_PREFIX_PATH=${CMAKE_PREFIX_PATH}:/opt/ros/humble /usr/bin/cmake --install /home/devuser/Workspaces/rosgsthumble_ws/build/audio_msgs
