[0.017s] Invoking command in '/home/devuser/Workspaces/rosgsthumble_ws/build/cpp_campub': CMAKE_PREFIX_PATH=${CMAKE_PREFIX_PATH}:/opt/ros/humble /usr/bin/cmake --build /home/devuser/Workspaces/rosgsthumble_ws/build/cpp_campub -- -j12 -l12
[0.063s] [35m[1mConsolidate compiler generated dependencies of target camera_publisher[0m
[0.085s] [100%] Built target camera_publisher
[0.096s] Invoked command in '/home/devuser/Workspaces/rosgsthumble_ws/build/cpp_campub' returned '0': CMAKE_PREFIX_PATH=${CMAKE_PREFIX_PATH}:/opt/ros/humble /usr/bin/cmake --build /home/devuser/Workspaces/rosgsthumble_ws/build/cpp_campub -- -j12 -l12
[0.106s] Invoking command in '/home/devuser/Workspaces/rosgsthumble_ws/build/cpp_campub': CMAKE_PREFIX_PATH=${CMAKE_PREFIX_PATH}:/opt/ros/humble /usr/bin/cmake --install /home/devuser/Workspaces/rosgsthumble_ws/build/cpp_campub
[0.115s] -- Install configuration: ""
[0.115s] -- Execute custom install script
[0.115s] -- Up-to-date symlink: /home/devuser/Workspaces/rosgsthumble_ws/install/cpp_campub/lib/cpp_campub/camera_publisher
[0.115s] -- Up-to-date symlink: /home/devuser/Workspaces/rosgsthumble_ws/install/cpp_campub/share/ament_index/resource_index/package_run_dependencies/cpp_campub
[0.116s] -- Up-to-date symlink: /home/devuser/Workspaces/rosgsthumble_ws/install/cpp_campub/share/ament_index/resource_index/parent_prefix_path/cpp_campub
[0.116s] -- Up-to-date symlink: /home/devuser/Workspaces/rosgsthumble_ws/install/cpp_campub/share/cpp_campub/environment/ament_prefix_path.sh
[0.116s] -- Up-to-date symlink: /home/devuser/Workspaces/rosgsthumble_ws/install/cpp_campub/share/cpp_campub/environment/ament_prefix_path.dsv
[0.116s] -- Up-to-date symlink: /home/devuser/Workspaces/rosgsthumble_ws/install/cpp_campub/share/cpp_campub/environment/path.sh
[0.116s] -- Up-to-date symlink: /home/devuser/Workspaces/rosgsthumble_ws/install/cpp_campub/share/cpp_campub/environment/path.dsv
[0.117s] -- Up-to-date symlink: /home/devuser/Workspaces/rosgsthumble_ws/install/cpp_campub/share/cpp_campub/local_setup.bash
[0.117s] -- Up-to-date symlink: /home/devuser/Workspaces/rosgsthumble_ws/install/cpp_campub/share/cpp_campub/local_setup.sh
[0.117s] -- Up-to-date symlink: /home/devuser/Workspaces/rosgsthumble_ws/install/cpp_campub/share/cpp_campub/local_setup.zsh
[0.117s] -- Up-to-date symlink: /home/devuser/Workspaces/rosgsthumble_ws/install/cpp_campub/share/cpp_campub/local_setup.dsv
[0.117s] -- Symlinking: /home/devuser/Workspaces/rosgsthumble_ws/install/cpp_campub/share/cpp_campub/package.dsv
[0.125s] -- Up-to-date symlink: /home/devuser/Workspaces/rosgsthumble_ws/install/cpp_campub/share/ament_index/resource_index/packages/cpp_campub
[0.126s] -- Up-to-date symlink: /home/devuser/Workspaces/rosgsthumble_ws/install/cpp_campub/share/cpp_campub/cmake/cpp_campubConfig.cmake
[0.126s] -- Up-to-date symlink: /home/devuser/Workspaces/rosgsthumble_ws/install/cpp_campub/share/cpp_campub/cmake/cpp_campubConfig-version.cmake
[0.126s] -- Up-to-date symlink: /home/devuser/Workspaces/rosgsthumble_ws/install/cpp_campub/share/cpp_campub/package.xml
[0.128s] Invoked command in '/home/devuser/Workspaces/rosgsthumble_ws/build/cpp_campub' returned '0': CMAKE_PREFIX_PATH=${CMAKE_PREFIX_PATH}:/opt/ros/humble /usr/bin/cmake --install /home/devuser/Workspaces/rosgsthumble_ws/build/cpp_campub
