[0.010s] Invoking command in '/home/devuser/Workspaces/ws_ddmobile/build/mobile_dd_robot': CMAKE_PREFIX_PATH=/opt/ros/humble /usr/bin/cmake /home/devuser/Workspaces/ws_ddmobile/src/mobile_dd_robot -DCMAKE_INSTALL_PREFIX=/home/devuser/Workspaces/ws_ddmobile/install/mobile_dd_robot
[0.110s] -- The C compiler identification is GNU 11.4.0
[0.171s] -- The CXX compiler identification is GNU 11.4.0
[0.180s] -- Detecting C compiler ABI info
[0.235s] -- Detecting C compiler ABI info - done
[0.239s] -- Check for working C compiler: /usr/bin/cc - skipped
[0.239s] -- Detecting C compile features
[0.240s] -- Detecting C compile features - done
[0.243s] -- Detecting CXX compiler ABI info
[0.295s] -- Detecting CXX compiler ABI info - done
[0.300s] -- Check for working CXX compiler: /usr/bin/c++ - skipped
[0.300s] -- Detecting CXX compile features
[0.300s] -- Detecting CXX compile features - done
[0.307s] -- Found ament_cmake: 1.3.12 (/opt/ros/humble/share/ament_cmake/cmake)
[0.408s] -- Found Python3: /usr/bin/python3 (found version "3.10.12") found components: Interpreter 
[0.511s] -- Found ament_lint_auto: 0.12.14 (/opt/ros/humble/share/ament_lint_auto/cmake)
[0.577s] -- Added test 'lint_cmake' to check CMake code style
[0.578s] -- Added test 'xmllint' to check XML markup files
[0.579s] -- Configuring done
[0.581s] -- Generating done
[0.582s] -- Build files have been written to: /home/devuser/Workspaces/ws_ddmobile/build/mobile_dd_robot
[0.586s] Invoked command in '/home/devuser/Workspaces/ws_ddmobile/build/mobile_dd_robot' returned '0': CMAKE_PREFIX_PATH=/opt/ros/humble /usr/bin/cmake /home/devuser/Workspaces/ws_ddmobile/src/mobile_dd_robot -DCMAKE_INSTALL_PREFIX=/home/devuser/Workspaces/ws_ddmobile/install/mobile_dd_robot
[0.587s] Invoking command in '/home/devuser/Workspaces/ws_ddmobile/build/mobile_dd_robot': CMAKE_PREFIX_PATH=/opt/ros/humble /usr/bin/cmake --build /home/devuser/Workspaces/ws_ddmobile/build/mobile_dd_robot -- -j12 -l12
[0.617s] Invoked command in '/home/devuser/Workspaces/ws_ddmobile/build/mobile_dd_robot' returned '0': CMAKE_PREFIX_PATH=/opt/ros/humble /usr/bin/cmake --build /home/devuser/Workspaces/ws_ddmobile/build/mobile_dd_robot -- -j12 -l12
[0.623s] Invoking command in '/home/devuser/Workspaces/ws_ddmobile/build/mobile_dd_robot': CMAKE_PREFIX_PATH=/opt/ros/humble /usr/bin/cmake --install /home/devuser/Workspaces/ws_ddmobile/build/mobile_dd_robot
[0.630s] -- Install configuration: ""
[0.630s] -- Installing: /home/devuser/Workspaces/ws_ddmobile/install/mobile_dd_robot/share/ament_index/resource_index/package_run_dependencies/mobile_dd_robot
[0.630s] -- Installing: /home/devuser/Workspaces/ws_ddmobile/install/mobile_dd_robot/share/ament_index/resource_index/parent_prefix_path/mobile_dd_robot
[0.630s] -- Installing: /home/devuser/Workspaces/ws_ddmobile/install/mobile_dd_robot/share/mobile_dd_robot/environment/ament_prefix_path.sh
[0.631s] -- Installing: /home/devuser/Workspaces/ws_ddmobile/install/mobile_dd_robot/share/mobile_dd_robot/environment/ament_prefix_path.dsv
[0.631s] -- Installing: /home/devuser/Workspaces/ws_ddmobile/install/mobile_dd_robot/share/mobile_dd_robot/environment/path.sh
[0.631s] -- Installing: /home/devuser/Workspaces/ws_ddmobile/install/mobile_dd_robot/share/mobile_dd_robot/environment/path.dsv
[0.631s] -- Installing: /home/devuser/Workspaces/ws_ddmobile/install/mobile_dd_robot/share/mobile_dd_robot/local_setup.bash
[0.631s] -- Installing: /home/devuser/Workspaces/ws_ddmobile/install/mobile_dd_robot/share/mobile_dd_robot/local_setup.sh
[0.631s] -- Installing: /home/devuser/Workspaces/ws_ddmobile/install/mobile_dd_robot/share/mobile_dd_robot/local_setup.zsh
[0.631s] -- Installing: /home/devuser/Workspaces/ws_ddmobile/install/mobile_dd_robot/share/mobile_dd_robot/local_setup.dsv
[0.631s] -- Installing: /home/devuser/Workspaces/ws_ddmobile/install/mobile_dd_robot/share/mobile_dd_robot/package.dsv
[0.631s] -- Installing: /home/devuser/Workspaces/ws_ddmobile/install/mobile_dd_robot/share/ament_index/resource_index/packages/mobile_dd_robot
[0.632s] -- Installing: /home/devuser/Workspaces/ws_ddmobile/install/mobile_dd_robot/share/mobile_dd_robot/cmake/mobile_dd_robotConfig.cmake
[0.632s] -- Installing: /home/devuser/Workspaces/ws_ddmobile/install/mobile_dd_robot/share/mobile_dd_robot/cmake/mobile_dd_robotConfig-version.cmake
[0.632s] -- Installing: /home/devuser/Workspaces/ws_ddmobile/install/mobile_dd_robot/share/mobile_dd_robot/package.xml
[0.633s] Invoked command in '/home/devuser/Workspaces/ws_ddmobile/build/mobile_dd_robot' returned '0': CMAKE_PREFIX_PATH=/opt/ros/humble /usr/bin/cmake --install /home/devuser/Workspaces/ws_ddmobile/build/mobile_dd_robot
