[0.107s] Invoking command in '/home/devuser/Workspaces/rosgsthumble_ws/build/audio_msgs': CMAKE_PREFIX_PATH=${CMAKE_PREFIX_PATH}:/opt/ros/humble /usr/bin/cmake --build /home/devuser/Workspaces/rosgsthumble_ws/build/audio_msgs -- -j4 -l4
[0.530s] [  9%] Built target audio_msgs__rosidl_generator_c
[0.587s] [ 12%] Built target audio_msgs__cpp
[0.785s] [ 12%] Built target ament_cmake_python_symlink_audio_msgs
[0.850s] [ 22%] Built target audio_msgs__rosidl_typesupport_c
[0.921s] [ 32%] Built target audio_msgs__rosidl_typesupport_introspection_c
[0.954s] [ 41%] Built target audio_msgs__rosidl_typesupport_fastrtps_c
[1.052s] [ 51%] Built target audio_msgs__rosidl_typesupport_introspection_cpp
[1.220s] [ 61%] Built target audio_msgs__rosidl_typesupport_cpp
[1.306s] [ 70%] Built target audio_msgs__rosidl_typesupport_fastrtps_cpp
[1.540s] [ 70%] Built target audio_msgs
[1.822s] [ 74%] Built target audio_msgs__py
[2.181s] [ 80%] Built target audio_msgs__rosidl_generator_py
[2.574s] [ 87%] Built target audio_msgs__rosidl_typesupport_fastrtps_c__pyext
[2.785s] [ 93%] Built target audio_msgs__rosidl_typesupport_c__pyext
[2.823s] [100%] Built target audio_msgs__rosidl_typesupport_introspection_c__pyext
[3.016s] running egg_info
[3.022s] writing audio_msgs.egg-info/PKG-INFO
[3.023s] writing dependency_links to audio_msgs.egg-info/dependency_links.txt
[3.024s] writing top-level names to audio_msgs.egg-info/top_level.txt
[3.037s] reading manifest file 'audio_msgs.egg-info/SOURCES.txt'
[3.042s] writing manifest file 'audio_msgs.egg-info/SOURCES.txt'
[3.223s] [100%] Built target ament_cmake_python_build_audio_msgs_egg
[3.432s] Invoked command in '/home/devuser/Workspaces/rosgsthumble_ws/build/audio_msgs' returned '0': CMAKE_PREFIX_PATH=${CMAKE_PREFIX_PATH}:/opt/ros/humble /usr/bin/cmake --build /home/devuser/Workspaces/rosgsthumble_ws/build/audio_msgs -- -j4 -l4
[3.443s] Invoking command in '/home/devuser/Workspaces/rosgsthumble_ws/build/audio_msgs': CMAKE_PREFIX_PATH=${CMAKE_PREFIX_PATH}:/opt/ros/humble /usr/bin/cmake --install /home/devuser/Workspaces/rosgsthumble_ws/build/audio_msgs
[3.507s] -- Install configuration: ""
[3.507s] -- Execute custom install script
[3.528s] -- Up-to-date symlink: /home/devuser/Workspaces/rosgsthumble_ws/install/audio_msgs/share/ament_index/resource_index/rosidl_interfaces/audio_msgs
[3.529s] -- Up-to-date symlink: /home/devuser/Workspaces/rosgsthumble_ws/install/audio_msgs/include/audio_msgs/audio_msgs/msg/audio.h
[3.530s] -- Up-to-date symlink: /home/devuser/Workspaces/rosgsthumble_ws/install/audio_msgs/include/audio_msgs/audio_msgs/msg/detail/audio__functions.h
[3.531s] -- Up-to-date symlink: /home/devuser/Workspaces/rosgsthumble_ws/install/audio_msgs/include/audio_msgs/audio_msgs/msg/detail/audio__struct.h
[3.533s] -- Up-to-date symlink: /home/devuser/Workspaces/rosgsthumble_ws/install/audio_msgs/include/audio_msgs/audio_msgs/msg/detail/audio__type_support.h
[3.534s] -- Up-to-date symlink: /home/devuser/Workspaces/rosgsthumble_ws/install/audio_msgs/include/audio_msgs/audio_msgs/msg/rosidl_generator_c__visibility_control.h
[3.536s] -- Up-to-date symlink: /home/devuser/Workspaces/rosgsthumble_ws/install/audio_msgs/share/audio_msgs/environment/library_path.sh
[3.539s] -- Up-to-date symlink: /home/devuser/Workspaces/rosgsthumble_ws/install/audio_msgs/share/audio_msgs/environment/library_path.dsv
[3.545s] -- Up-to-date symlink: /home/devuser/Workspaces/rosgsthumble_ws/install/audio_msgs/include/audio_msgs/audio_msgs/msg/detail/audio__rosidl_typesupport_fastrtps_c.h
[3.548s] -- Up-to-date symlink: /home/devuser/Workspaces/rosgsthumble_ws/install/audio_msgs/include/audio_msgs/audio_msgs/msg/rosidl_typesupport_fastrtps_c__visibility_control.h
[3.552s] -- Up-to-date symlink: /home/devuser/Workspaces/rosgsthumble_ws/install/audio_msgs/include/audio_msgs/audio_msgs/msg/audio.hpp
[3.554s] -- Up-to-date symlink: /home/devuser/Workspaces/rosgsthumble_ws/install/audio_msgs/include/audio_msgs/audio_msgs/msg/detail/audio__builder.hpp
[3.555s] -- Up-to-date symlink: /home/devuser/Workspaces/rosgsthumble_ws/install/audio_msgs/include/audio_msgs/audio_msgs/msg/detail/audio__struct.hpp
[3.556s] -- Up-to-date symlink: /home/devuser/Workspaces/rosgsthumble_ws/install/audio_msgs/include/audio_msgs/audio_msgs/msg/detail/audio__traits.hpp
[3.558s] -- Up-to-date symlink: /home/devuser/Workspaces/rosgsthumble_ws/install/audio_msgs/include/audio_msgs/audio_msgs/msg/detail/audio__type_support.hpp
[3.559s] -- Up-to-date symlink: /home/devuser/Workspaces/rosgsthumble_ws/install/audio_msgs/include/audio_msgs/audio_msgs/msg/rosidl_generator_cpp__visibility_control.hpp
[3.567s] -- Up-to-date symlink: /home/devuser/Workspaces/rosgsthumble_ws/install/audio_msgs/include/audio_msgs/audio_msgs/msg/detail/audio__rosidl_typesupport_fastrtps_cpp.hpp
[3.570s] -- Up-to-date symlink: /home/devuser/Workspaces/rosgsthumble_ws/install/audio_msgs/include/audio_msgs/audio_msgs/msg/rosidl_typesupport_fastrtps_cpp__visibility_control.h
[3.573s] -- Up-to-date symlink: /home/devuser/Workspaces/rosgsthumble_ws/install/audio_msgs/include/audio_msgs/audio_msgs/msg/detail/audio__rosidl_typesupport_introspection_c.h
[3.575s] -- Up-to-date symlink: /home/devuser/Workspaces/rosgsthumble_ws/install/audio_msgs/include/audio_msgs/audio_msgs/msg/rosidl_typesupport_introspection_c__visibility_control.h
[3.577s] -- Up-to-date symlink: /home/devuser/Workspaces/rosgsthumble_ws/install/audio_msgs/include/audio_msgs/audio_msgs/msg/detail/audio__rosidl_typesupport_introspection_cpp.hpp
[3.580s] -- Up-to-date symlink: /home/devuser/Workspaces/rosgsthumble_ws/install/audio_msgs/share/audio_msgs/environment/pythonpath.sh
[3.582s] -- Up-to-date symlink: /home/devuser/Workspaces/rosgsthumble_ws/install/audio_msgs/share/audio_msgs/environment/pythonpath.dsv
[3.582s] -- Up-to-date symlink: /home/devuser/Workspaces/rosgsthumble_ws/install/audio_msgs/local/lib/python3.10/dist-packages/audio_msgs-0.0.0-py3.10.egg-info/PKG-INFO
[3.586s] -- Up-to-date symlink: /home/devuser/Workspaces/rosgsthumble_ws/install/audio_msgs/local/lib/python3.10/dist-packages/audio_msgs-0.0.0-py3.10.egg-info/SOURCES.txt
[3.587s] -- Up-to-date symlink: /home/devuser/Workspaces/rosgsthumble_ws/install/audio_msgs/local/lib/python3.10/dist-packages/audio_msgs-0.0.0-py3.10.egg-info/dependency_links.txt
[3.590s] -- Up-to-date symlink: /home/devuser/Workspaces/rosgsthumble_ws/install/audio_msgs/local/lib/python3.10/dist-packages/audio_msgs-0.0.0-py3.10.egg-info/top_level.txt
[3.595s] -- Up-to-date symlink: /home/devuser/Workspaces/rosgsthumble_ws/install/audio_msgs/local/lib/python3.10/dist-packages/audio_msgs/__init__.py
[3.599s] -- Up-to-date symlink: /home/devuser/Workspaces/rosgsthumble_ws/install/audio_msgs/local/lib/python3.10/dist-packages/audio_msgs/_audio_msgs_s.ep.rosidl_typesupport_c.c
[3.599s] -- Up-to-date symlink: /home/devuser/Workspaces/rosgsthumble_ws/install/audio_msgs/local/lib/python3.10/dist-packages/audio_msgs/_audio_msgs_s.ep.rosidl_typesupport_fastrtps_c.c
[3.601s] -- Up-to-date symlink: /home/devuser/Workspaces/rosgsthumble_ws/install/audio_msgs/local/lib/python3.10/dist-packages/audio_msgs/_audio_msgs_s.ep.rosidl_typesupport_introspection_c.c
[3.603s] -- Up-to-date symlink: /home/devuser/Workspaces/rosgsthumble_ws/install/audio_msgs/local/lib/python3.10/dist-packages/audio_msgs/audio_msgs_s__rosidl_typesupport_c.cpython-310-aarch64-linux-gnu.so
[3.604s] -- Up-to-date symlink: /home/devuser/Workspaces/rosgsthumble_ws/install/audio_msgs/local/lib/python3.10/dist-packages/audio_msgs/audio_msgs_s__rosidl_typesupport_fastrtps_c.cpython-310-aarch64-linux-gnu.so
[3.605s] -- Up-to-date symlink: /home/devuser/Workspaces/rosgsthumble_ws/install/audio_msgs/local/lib/python3.10/dist-packages/audio_msgs/audio_msgs_s__rosidl_typesupport_introspection_c.cpython-310-aarch64-linux-gnu.so
[3.607s] -- Up-to-date symlink: /home/devuser/Workspaces/rosgsthumble_ws/install/audio_msgs/local/lib/python3.10/dist-packages/audio_msgs/libaudio_msgs__rosidl_generator_py.so
[3.609s] -- Up-to-date symlink: /home/devuser/Workspaces/rosgsthumble_ws/install/audio_msgs/local/lib/python3.10/dist-packages/audio_msgs/msg/__init__.py
[3.611s] -- Up-to-date symlink: /home/devuser/Workspaces/rosgsthumble_ws/install/audio_msgs/local/lib/python3.10/dist-packages/audio_msgs/msg/_audio.py
[3.612s] -- Up-to-date symlink: /home/devuser/Workspaces/rosgsthumble_ws/install/audio_msgs/local/lib/python3.10/dist-packages/audio_msgs/msg/_audio_s.c
[3.615s] -- Up-to-date symlink: /home/devuser/Workspaces/rosgsthumble_ws/install/audio_msgs/local/lib/python3.10/dist-packages/audio_msgs/audio_msgs_s__rosidl_typesupport_fastrtps_c.cpython-310-aarch64-linux-gnu.so
[3.616s] -- Up-to-date symlink: /home/devuser/Workspaces/rosgsthumble_ws/install/audio_msgs/local/lib/python3.10/dist-packages/audio_msgs/audio_msgs_s__rosidl_typesupport_introspection_c.cpython-310-aarch64-linux-gnu.so
[3.619s] -- Up-to-date symlink: /home/devuser/Workspaces/rosgsthumble_ws/install/audio_msgs/local/lib/python3.10/dist-packages/audio_msgs/audio_msgs_s__rosidl_typesupport_c.cpython-310-aarch64-linux-gnu.so
[3.621s] -- Up-to-date symlink: /home/devuser/Workspaces/rosgsthumble_ws/install/audio_msgs/share/audio_msgs/msg/Audio.idl
[3.622s] -- Up-to-date symlink: /home/devuser/Workspaces/rosgsthumble_ws/install/audio_msgs/share/audio_msgs/msg/Audio.msg
[3.625s] -- Up-to-date symlink: /home/devuser/Workspaces/rosgsthumble_ws/install/audio_msgs/share/ament_index/resource_index/package_run_dependencies/audio_msgs
[3.626s] -- Up-to-date symlink: /home/devuser/Workspaces/rosgsthumble_ws/install/audio_msgs/share/ament_index/resource_index/parent_prefix_path/audio_msgs
[3.627s] -- Up-to-date symlink: /home/devuser/Workspaces/rosgsthumble_ws/install/audio_msgs/share/audio_msgs/environment/ament_prefix_path.sh
[3.643s] -- Up-to-date symlink: /home/devuser/Workspaces/rosgsthumble_ws/install/audio_msgs/share/audio_msgs/environment/ament_prefix_path.dsv
[3.645s] -- Up-to-date symlink: /home/devuser/Workspaces/rosgsthumble_ws/install/audio_msgs/share/audio_msgs/environment/path.sh
[3.648s] -- Up-to-date symlink: /home/devuser/Workspaces/rosgsthumble_ws/install/audio_msgs/share/audio_msgs/environment/path.dsv
[3.649s] -- Up-to-date symlink: /home/devuser/Workspaces/rosgsthumble_ws/install/audio_msgs/share/audio_msgs/local_setup.bash
[3.650s] -- Up-to-date symlink: /home/devuser/Workspaces/rosgsthumble_ws/install/audio_msgs/share/audio_msgs/local_setup.sh
[3.651s] -- Up-to-date symlink: /home/devuser/Workspaces/rosgsthumble_ws/install/audio_msgs/share/audio_msgs/local_setup.zsh
[3.652s] -- Up-to-date symlink: /home/devuser/Workspaces/rosgsthumble_ws/install/audio_msgs/share/audio_msgs/local_setup.dsv
[3.653s] -- Symlinking: /home/devuser/Workspaces/rosgsthumble_ws/install/audio_msgs/share/audio_msgs/package.dsv
[3.705s] -- Up-to-date symlink: /home/devuser/Workspaces/rosgsthumble_ws/install/audio_msgs/share/ament_index/resource_index/packages/audio_msgs
[3.705s] -- Up-to-date symlink: /home/devuser/Workspaces/rosgsthumble_ws/install/audio_msgs/share/audio_msgs/cmake/rosidl_cmake-extras.cmake
[3.706s] -- Up-to-date symlink: /home/devuser/Workspaces/rosgsthumble_ws/install/audio_msgs/share/audio_msgs/cmake/ament_cmake_export_dependencies-extras.cmake
[3.707s] -- Up-to-date symlink: /home/devuser/Workspaces/rosgsthumble_ws/install/audio_msgs/share/audio_msgs/cmake/ament_cmake_export_include_directories-extras.cmake
[3.708s] -- Up-to-date symlink: /home/devuser/Workspaces/rosgsthumble_ws/install/audio_msgs/share/audio_msgs/cmake/ament_cmake_export_libraries-extras.cmake
[3.709s] -- Up-to-date symlink: /home/devuser/Workspaces/rosgsthumble_ws/install/audio_msgs/share/audio_msgs/cmake/ament_cmake_export_targets-extras.cmake
[3.710s] -- Up-to-date symlink: /home/devuser/Workspaces/rosgsthumble_ws/install/audio_msgs/share/audio_msgs/cmake/rosidl_cmake_export_typesupport_targets-extras.cmake
[3.711s] -- Up-to-date symlink: /home/devuser/Workspaces/rosgsthumble_ws/install/audio_msgs/share/audio_msgs/cmake/rosidl_cmake_export_typesupport_libraries-extras.cmake
[3.712s] -- Up-to-date symlink: /home/devuser/Workspaces/rosgsthumble_ws/install/audio_msgs/share/audio_msgs/cmake/audio_msgsConfig.cmake
[3.712s] -- Up-to-date symlink: /home/devuser/Workspaces/rosgsthumble_ws/install/audio_msgs/share/audio_msgs/cmake/audio_msgsConfig-version.cmake
[3.724s] -- Up-to-date symlink: /home/devuser/Workspaces/rosgsthumble_ws/install/audio_msgs/share/audio_msgs/package.xml
[3.726s] -- Up-to-date: /home/devuser/Workspaces/rosgsthumble_ws/install/audio_msgs/lib/libaudio_msgs__rosidl_generator_c.so
[3.727s] -- Up-to-date: /home/devuser/Workspaces/rosgsthumble_ws/install/audio_msgs/lib/libaudio_msgs__rosidl_typesupport_fastrtps_c.so
[3.728s] -- Up-to-date: /home/devuser/Workspaces/rosgsthumble_ws/install/audio_msgs/lib/libaudio_msgs__rosidl_typesupport_fastrtps_cpp.so
[3.729s] -- Up-to-date: /home/devuser/Workspaces/rosgsthumble_ws/install/audio_msgs/lib/libaudio_msgs__rosidl_typesupport_introspection_c.so
[3.731s] -- Up-to-date: /home/devuser/Workspaces/rosgsthumble_ws/install/audio_msgs/lib/libaudio_msgs__rosidl_typesupport_c.so
[3.734s] -- Up-to-date: /home/devuser/Workspaces/rosgsthumble_ws/install/audio_msgs/lib/libaudio_msgs__rosidl_typesupport_introspection_cpp.so
[3.738s] -- Up-to-date: /home/devuser/Workspaces/rosgsthumble_ws/install/audio_msgs/lib/libaudio_msgs__rosidl_typesupport_cpp.so
[4.026s] Listing '/home/devuser/Workspaces/rosgsthumble_ws/install/audio_msgs/local/lib/python3.10/dist-packages/audio_msgs'...
[4.028s] Listing '/home/devuser/Workspaces/rosgsthumble_ws/install/audio_msgs/local/lib/python3.10/dist-packages/audio_msgs/msg'...
[4.068s] -- Up-to-date: /home/devuser/Workspaces/rosgsthumble_ws/install/audio_msgs/lib/libaudio_msgs__rosidl_generator_py.so
[4.073s] -- Up-to-date: /home/devuser/Workspaces/rosgsthumble_ws/install/audio_msgs/share/audio_msgs/cmake/export_audio_msgs__rosidl_generator_cExport.cmake
[4.074s] -- Up-to-date: /home/devuser/Workspaces/rosgsthumble_ws/install/audio_msgs/share/audio_msgs/cmake/export_audio_msgs__rosidl_generator_cExport-noconfig.cmake
[4.078s] -- Up-to-date: /home/devuser/Workspaces/rosgsthumble_ws/install/audio_msgs/share/audio_msgs/cmake/export_audio_msgs__rosidl_typesupport_fastrtps_cExport.cmake
[4.078s] -- Up-to-date: /home/devuser/Workspaces/rosgsthumble_ws/install/audio_msgs/share/audio_msgs/cmake/export_audio_msgs__rosidl_typesupport_fastrtps_cExport-noconfig.cmake
[4.079s] -- Up-to-date: /home/devuser/Workspaces/rosgsthumble_ws/install/audio_msgs/share/audio_msgs/cmake/export_audio_msgs__rosidl_generator_cppExport.cmake
[4.084s] -- Up-to-date: /home/devuser/Workspaces/rosgsthumble_ws/install/audio_msgs/share/audio_msgs/cmake/export_audio_msgs__rosidl_typesupport_fastrtps_cppExport.cmake
[4.088s] -- Up-to-date: /home/devuser/Workspaces/rosgsthumble_ws/install/audio_msgs/share/audio_msgs/cmake/export_audio_msgs__rosidl_typesupport_fastrtps_cppExport-noconfig.cmake
[4.088s] -- Up-to-date: /home/devuser/Workspaces/rosgsthumble_ws/install/audio_msgs/share/audio_msgs/cmake/audio_msgs__rosidl_typesupport_introspection_cExport.cmake
[4.090s] -- Up-to-date: /home/devuser/Workspaces/rosgsthumble_ws/install/audio_msgs/share/audio_msgs/cmake/audio_msgs__rosidl_typesupport_introspection_cExport-noconfig.cmake
[4.090s] -- Up-to-date: /home/devuser/Workspaces/rosgsthumble_ws/install/audio_msgs/share/audio_msgs/cmake/audio_msgs__rosidl_typesupport_cExport.cmake
[4.091s] -- Up-to-date: /home/devuser/Workspaces/rosgsthumble_ws/install/audio_msgs/share/audio_msgs/cmake/audio_msgs__rosidl_typesupport_cExport-noconfig.cmake
[4.091s] -- Up-to-date: /home/devuser/Workspaces/rosgsthumble_ws/install/audio_msgs/share/audio_msgs/cmake/audio_msgs__rosidl_typesupport_introspection_cppExport.cmake
[4.092s] -- Up-to-date: /home/devuser/Workspaces/rosgsthumble_ws/install/audio_msgs/share/audio_msgs/cmake/audio_msgs__rosidl_typesupport_introspection_cppExport-noconfig.cmake
[4.092s] -- Up-to-date: /home/devuser/Workspaces/rosgsthumble_ws/install/audio_msgs/share/audio_msgs/cmake/audio_msgs__rosidl_typesupport_cppExport.cmake
[4.093s] -- Up-to-date: /home/devuser/Workspaces/rosgsthumble_ws/install/audio_msgs/share/audio_msgs/cmake/audio_msgs__rosidl_typesupport_cppExport-noconfig.cmake
[4.093s] -- Up-to-date: /home/devuser/Workspaces/rosgsthumble_ws/install/audio_msgs/share/audio_msgs/cmake/export_audio_msgs__rosidl_generator_pyExport.cmake
[4.094s] -- Up-to-date: /home/devuser/Workspaces/rosgsthumble_ws/install/audio_msgs/share/audio_msgs/cmake/export_audio_msgs__rosidl_generator_pyExport-noconfig.cmake
[4.106s] Invoked command in '/home/devuser/Workspaces/rosgsthumble_ws/build/audio_msgs' returned '0': CMAKE_PREFIX_PATH=${CMAKE_PREFIX_PATH}:/opt/ros/humble /usr/bin/cmake --install /home/devuser/Workspaces/rosgsthumble_ws/build/audio_msgs
