[0.124s] Invoking command in '/home/devuser/Workspaces/rosgsthumble_ws/build/realsense2_camera_msgs': CMAKE_PREFIX_PATH=${CMAKE_PREFIX_PATH}:/opt/ros/humble /usr/bin/cmake --build /home/devuser/Workspaces/rosgsthumble_ws/build/realsense2_camera_msgs -- -j4 -l4
[0.962s] [  1%] Built target realsense2_camera_msgs__cpp
[1.262s] [ 12%] Built target realsense2_camera_msgs__rosidl_generator_c
[1.348s] [ 12%] Built target ament_cmake_python_symlink_realsense2_camera_msgs
[1.570s] [ 24%] Built target realsense2_camera_msgs__rosidl_typesupport_cpp
[1.635s] [ 35%] Built target realsense2_camera_msgs__rosidl_typesupport_fastrtps_cpp
[1.819s] [ 47%] Built target realsense2_camera_msgs__rosidl_typesupport_fastrtps_c
[1.979s] [ 58%] Built target realsense2_camera_msgs__rosidl_typesupport_introspection_cpp
[2.020s] [ 70%] Built target realsense2_camera_msgs__rosidl_typesupport_c
[2.025s] [ 81%] Built target realsense2_camera_msgs__rosidl_typesupport_introspection_c
[2.451s] [ 81%] Built target realsense2_camera_msgs
[2.910s] [ 82%] Built target realsense2_camera_msgs__py
[3.390s] [ 93%] Built target realsense2_camera_msgs__rosidl_generator_py
[3.880s] [ 95%] Built target realsense2_camera_msgs__rosidl_typesupport_fastrtps_c__pyext
[3.961s] [ 97%] Built target realsense2_camera_msgs__rosidl_typesupport_c__pyext
[3.990s] [100%] Built target realsense2_camera_msgs__rosidl_typesupport_introspection_c__pyext
[4.777s] running egg_info
[4.793s] writing realsense2_camera_msgs.egg-info/PKG-INFO
[4.795s] writing dependency_links to realsense2_camera_msgs.egg-info/dependency_links.txt
[4.796s] writing top-level names to realsense2_camera_msgs.egg-info/top_level.txt
[4.832s] reading manifest file 'realsense2_camera_msgs.egg-info/SOURCES.txt'
[4.839s] writing manifest file 'realsense2_camera_msgs.egg-info/SOURCES.txt'
[5.118s] [100%] Built target ament_cmake_python_build_realsense2_camera_msgs_egg
[5.227s] Invoked command in '/home/devuser/Workspaces/rosgsthumble_ws/build/realsense2_camera_msgs' returned '0': CMAKE_PREFIX_PATH=${CMAKE_PREFIX_PATH}:/opt/ros/humble /usr/bin/cmake --build /home/devuser/Workspaces/rosgsthumble_ws/build/realsense2_camera_msgs -- -j4 -l4
[5.245s] Invoking command in '/home/devuser/Workspaces/rosgsthumble_ws/build/realsense2_camera_msgs': CMAKE_PREFIX_PATH=${CMAKE_PREFIX_PATH}:/opt/ros/humble /usr/bin/cmake --install /home/devuser/Workspaces/rosgsthumble_ws/build/realsense2_camera_msgs
[5.347s] -- Install configuration: ""
[5.362s] -- Execute custom install script
[5.368s] -- Up-to-date symlink: /home/devuser/Workspaces/rosgsthumble_ws/install/realsense2_camera_msgs/share/ament_index/resource_index/rosidl_interfaces/realsense2_camera_msgs
[5.405s] -- Up-to-date symlink: /home/devuser/Workspaces/rosgsthumble_ws/install/realsense2_camera_msgs/include/realsense2_camera_msgs/realsense2_camera_msgs/action/detail/triggered_calibration__functions.h
[5.408s] -- Up-to-date symlink: /home/devuser/Workspaces/rosgsthumble_ws/install/realsense2_camera_msgs/include/realsense2_camera_msgs/realsense2_camera_msgs/action/detail/triggered_calibration__struct.h
[5.414s] -- Up-to-date symlink: /home/devuser/Workspaces/rosgsthumble_ws/install/realsense2_camera_msgs/include/realsense2_camera_msgs/realsense2_camera_msgs/action/detail/triggered_calibration__type_support.h
[5.419s] -- Up-to-date symlink: /home/devuser/Workspaces/rosgsthumble_ws/install/realsense2_camera_msgs/include/realsense2_camera_msgs/realsense2_camera_msgs/action/triggered_calibration.h
[5.423s] -- Up-to-date symlink: /home/devuser/Workspaces/rosgsthumble_ws/install/realsense2_camera_msgs/include/realsense2_camera_msgs/realsense2_camera_msgs/msg/detail/extrinsics__functions.h
[5.432s] -- Up-to-date symlink: /home/devuser/Workspaces/rosgsthumble_ws/install/realsense2_camera_msgs/include/realsense2_camera_msgs/realsense2_camera_msgs/msg/detail/extrinsics__struct.h
[5.441s] -- Up-to-date symlink: /home/devuser/Workspaces/rosgsthumble_ws/install/realsense2_camera_msgs/include/realsense2_camera_msgs/realsense2_camera_msgs/msg/detail/extrinsics__type_support.h
[5.461s] -- Up-to-date symlink: /home/devuser/Workspaces/rosgsthumble_ws/install/realsense2_camera_msgs/include/realsense2_camera_msgs/realsense2_camera_msgs/msg/detail/imu_info__functions.h
[5.467s] -- Up-to-date symlink: /home/devuser/Workspaces/rosgsthumble_ws/install/realsense2_camera_msgs/include/realsense2_camera_msgs/realsense2_camera_msgs/msg/detail/imu_info__struct.h
[5.468s] -- Up-to-date symlink: /home/devuser/Workspaces/rosgsthumble_ws/install/realsense2_camera_msgs/include/realsense2_camera_msgs/realsense2_camera_msgs/msg/detail/imu_info__type_support.h
[5.468s] -- Up-to-date symlink: /home/devuser/Workspaces/rosgsthumble_ws/install/realsense2_camera_msgs/include/realsense2_camera_msgs/realsense2_camera_msgs/msg/detail/metadata__functions.h
[5.514s] -- Up-to-date symlink: /home/devuser/Workspaces/rosgsthumble_ws/install/realsense2_camera_msgs/include/realsense2_camera_msgs/realsense2_camera_msgs/msg/detail/metadata__struct.h
[5.516s] -- Up-to-date symlink: /home/devuser/Workspaces/rosgsthumble_ws/install/realsense2_camera_msgs/include/realsense2_camera_msgs/realsense2_camera_msgs/msg/detail/metadata__type_support.h
[5.730s] -- Up-to-date symlink: /home/devuser/Workspaces/rosgsthumble_ws/install/realsense2_camera_msgs/include/realsense2_camera_msgs/realsense2_camera_msgs/msg/detail/rgbd__functions.h
[5.732s] -- Up-to-date symlink: /home/devuser/Workspaces/rosgsthumble_ws/install/realsense2_camera_msgs/include/realsense2_camera_msgs/realsense2_camera_msgs/msg/detail/rgbd__struct.h
[5.733s] -- Up-to-date symlink: /home/devuser/Workspaces/rosgsthumble_ws/install/realsense2_camera_msgs/include/realsense2_camera_msgs/realsense2_camera_msgs/msg/detail/rgbd__type_support.h
[5.737s] -- Up-to-date symlink: /home/devuser/Workspaces/rosgsthumble_ws/install/realsense2_camera_msgs/include/realsense2_camera_msgs/realsense2_camera_msgs/msg/extrinsics.h
[5.738s] -- Up-to-date symlink: /home/devuser/Workspaces/rosgsthumble_ws/install/realsense2_camera_msgs/include/realsense2_camera_msgs/realsense2_camera_msgs/msg/imu_info.h
[5.741s] -- Up-to-date symlink: /home/devuser/Workspaces/rosgsthumble_ws/install/realsense2_camera_msgs/include/realsense2_camera_msgs/realsense2_camera_msgs/msg/metadata.h
[5.762s] -- Up-to-date symlink: /home/devuser/Workspaces/rosgsthumble_ws/install/realsense2_camera_msgs/include/realsense2_camera_msgs/realsense2_camera_msgs/msg/rgbd.h
[5.763s] -- Up-to-date symlink: /home/devuser/Workspaces/rosgsthumble_ws/install/realsense2_camera_msgs/include/realsense2_camera_msgs/realsense2_camera_msgs/msg/rosidl_generator_c__visibility_control.h
[5.763s] -- Up-to-date symlink: /home/devuser/Workspaces/rosgsthumble_ws/install/realsense2_camera_msgs/include/realsense2_camera_msgs/realsense2_camera_msgs/srv/calib_config_read.h
[5.764s] -- Up-to-date symlink: /home/devuser/Workspaces/rosgsthumble_ws/install/realsense2_camera_msgs/include/realsense2_camera_msgs/realsense2_camera_msgs/srv/calib_config_write.h
[5.764s] -- Up-to-date symlink: /home/devuser/Workspaces/rosgsthumble_ws/install/realsense2_camera_msgs/include/realsense2_camera_msgs/realsense2_camera_msgs/srv/detail/calib_config_read__functions.h
[5.765s] -- Up-to-date symlink: /home/devuser/Workspaces/rosgsthumble_ws/install/realsense2_camera_msgs/include/realsense2_camera_msgs/realsense2_camera_msgs/srv/detail/calib_config_read__struct.h
[5.765s] -- Up-to-date symlink: /home/devuser/Workspaces/rosgsthumble_ws/install/realsense2_camera_msgs/include/realsense2_camera_msgs/realsense2_camera_msgs/srv/detail/calib_config_read__type_support.h
[5.776s] -- Up-to-date symlink: /home/devuser/Workspaces/rosgsthumble_ws/install/realsense2_camera_msgs/include/realsense2_camera_msgs/realsense2_camera_msgs/srv/detail/calib_config_write__functions.h
[5.778s] -- Up-to-date symlink: /home/devuser/Workspaces/rosgsthumble_ws/install/realsense2_camera_msgs/include/realsense2_camera_msgs/realsense2_camera_msgs/srv/detail/calib_config_write__struct.h
[5.778s] -- Up-to-date symlink: /home/devuser/Workspaces/rosgsthumble_ws/install/realsense2_camera_msgs/include/realsense2_camera_msgs/realsense2_camera_msgs/srv/detail/calib_config_write__type_support.h
[5.786s] -- Up-to-date symlink: /home/devuser/Workspaces/rosgsthumble_ws/install/realsense2_camera_msgs/include/realsense2_camera_msgs/realsense2_camera_msgs/srv/detail/device_info__functions.h
[5.787s] -- Up-to-date symlink: /home/devuser/Workspaces/rosgsthumble_ws/install/realsense2_camera_msgs/include/realsense2_camera_msgs/realsense2_camera_msgs/srv/detail/device_info__struct.h
[5.787s] -- Up-to-date symlink: /home/devuser/Workspaces/rosgsthumble_ws/install/realsense2_camera_msgs/include/realsense2_camera_msgs/realsense2_camera_msgs/srv/detail/device_info__type_support.h
[5.788s] -- Up-to-date symlink: /home/devuser/Workspaces/rosgsthumble_ws/install/realsense2_camera_msgs/include/realsense2_camera_msgs/realsense2_camera_msgs/srv/device_info.h
[5.788s] -- Up-to-date symlink: /home/devuser/Workspaces/rosgsthumble_ws/install/realsense2_camera_msgs/share/realsense2_camera_msgs/environment/library_path.sh
[5.789s] -- Up-to-date symlink: /home/devuser/Workspaces/rosgsthumble_ws/install/realsense2_camera_msgs/share/realsense2_camera_msgs/environment/library_path.dsv
[5.789s] -- Up-to-date symlink: /home/devuser/Workspaces/rosgsthumble_ws/install/realsense2_camera_msgs/include/realsense2_camera_msgs/realsense2_camera_msgs/action/detail/triggered_calibration__rosidl_typesupport_fastrtps_c.h
[5.799s] -- Up-to-date symlink: /home/devuser/Workspaces/rosgsthumble_ws/install/realsense2_camera_msgs/include/realsense2_camera_msgs/realsense2_camera_msgs/msg/detail/extrinsics__rosidl_typesupport_fastrtps_c.h
[5.799s] -- Up-to-date symlink: /home/devuser/Workspaces/rosgsthumble_ws/install/realsense2_camera_msgs/include/realsense2_camera_msgs/realsense2_camera_msgs/msg/detail/imu_info__rosidl_typesupport_fastrtps_c.h
[5.800s] -- Up-to-date symlink: /home/devuser/Workspaces/rosgsthumble_ws/install/realsense2_camera_msgs/include/realsense2_camera_msgs/realsense2_camera_msgs/msg/detail/metadata__rosidl_typesupport_fastrtps_c.h
[5.804s] -- Up-to-date symlink: /home/devuser/Workspaces/rosgsthumble_ws/install/realsense2_camera_msgs/include/realsense2_camera_msgs/realsense2_camera_msgs/msg/detail/rgbd__rosidl_typesupport_fastrtps_c.h
[5.804s] -- Up-to-date symlink: /home/devuser/Workspaces/rosgsthumble_ws/install/realsense2_camera_msgs/include/realsense2_camera_msgs/realsense2_camera_msgs/msg/rosidl_typesupport_fastrtps_c__visibility_control.h
[5.805s] -- Up-to-date symlink: /home/devuser/Workspaces/rosgsthumble_ws/install/realsense2_camera_msgs/include/realsense2_camera_msgs/realsense2_camera_msgs/srv/detail/calib_config_read__rosidl_typesupport_fastrtps_c.h
[5.805s] -- Up-to-date symlink: /home/devuser/Workspaces/rosgsthumble_ws/install/realsense2_camera_msgs/include/realsense2_camera_msgs/realsense2_camera_msgs/srv/detail/calib_config_write__rosidl_typesupport_fastrtps_c.h
[5.812s] -- Up-to-date symlink: /home/devuser/Workspaces/rosgsthumble_ws/install/realsense2_camera_msgs/include/realsense2_camera_msgs/realsense2_camera_msgs/srv/detail/device_info__rosidl_typesupport_fastrtps_c.h
[5.813s] -- Up-to-date symlink: /home/devuser/Workspaces/rosgsthumble_ws/install/realsense2_camera_msgs/include/realsense2_camera_msgs/realsense2_camera_msgs/action/detail/triggered_calibration__rosidl_typesupport_introspection_c.h
[5.815s] -- Up-to-date symlink: /home/devuser/Workspaces/rosgsthumble_ws/install/realsense2_camera_msgs/include/realsense2_camera_msgs/realsense2_camera_msgs/msg/detail/extrinsics__rosidl_typesupport_introspection_c.h
[5.817s] -- Up-to-date symlink: /home/devuser/Workspaces/rosgsthumble_ws/install/realsense2_camera_msgs/include/realsense2_camera_msgs/realsense2_camera_msgs/msg/detail/imu_info__rosidl_typesupport_introspection_c.h
[5.956s] -- Up-to-date symlink: /home/devuser/Workspaces/rosgsthumble_ws/install/realsense2_camera_msgs/include/realsense2_camera_msgs/realsense2_camera_msgs/msg/detail/metadata__rosidl_typesupport_introspection_c.h
[5.956s] -- Up-to-date symlink: /home/devuser/Workspaces/rosgsthumble_ws/install/realsense2_camera_msgs/include/realsense2_camera_msgs/realsense2_camera_msgs/msg/detail/rgbd__rosidl_typesupport_introspection_c.h
[5.957s] -- Up-to-date symlink: /home/devuser/Workspaces/rosgsthumble_ws/install/realsense2_camera_msgs/include/realsense2_camera_msgs/realsense2_camera_msgs/msg/rosidl_typesupport_introspection_c__visibility_control.h
[5.958s] -- Up-to-date symlink: /home/devuser/Workspaces/rosgsthumble_ws/install/realsense2_camera_msgs/include/realsense2_camera_msgs/realsense2_camera_msgs/srv/detail/calib_config_read__rosidl_typesupport_introspection_c.h
[5.962s] -- Up-to-date symlink: /home/devuser/Workspaces/rosgsthumble_ws/install/realsense2_camera_msgs/include/realsense2_camera_msgs/realsense2_camera_msgs/srv/detail/calib_config_write__rosidl_typesupport_introspection_c.h
[5.966s] -- Up-to-date symlink: /home/devuser/Workspaces/rosgsthumble_ws/install/realsense2_camera_msgs/include/realsense2_camera_msgs/realsense2_camera_msgs/srv/detail/device_info__rosidl_typesupport_introspection_c.h
[5.973s] -- Up-to-date symlink: /home/devuser/Workspaces/rosgsthumble_ws/install/realsense2_camera_msgs/include/realsense2_camera_msgs/realsense2_camera_msgs/action/detail/triggered_calibration__builder.hpp
[5.973s] -- Up-to-date symlink: /home/devuser/Workspaces/rosgsthumble_ws/install/realsense2_camera_msgs/include/realsense2_camera_msgs/realsense2_camera_msgs/action/detail/triggered_calibration__struct.hpp
[5.979s] -- Up-to-date symlink: /home/devuser/Workspaces/rosgsthumble_ws/install/realsense2_camera_msgs/include/realsense2_camera_msgs/realsense2_camera_msgs/action/detail/triggered_calibration__traits.hpp
[5.982s] -- Up-to-date symlink: /home/devuser/Workspaces/rosgsthumble_ws/install/realsense2_camera_msgs/include/realsense2_camera_msgs/realsense2_camera_msgs/action/detail/triggered_calibration__type_support.hpp
[5.982s] -- Up-to-date symlink: /home/devuser/Workspaces/rosgsthumble_ws/install/realsense2_camera_msgs/include/realsense2_camera_msgs/realsense2_camera_msgs/action/triggered_calibration.hpp
[5.987s] -- Up-to-date symlink: /home/devuser/Workspaces/rosgsthumble_ws/install/realsense2_camera_msgs/include/realsense2_camera_msgs/realsense2_camera_msgs/msg/detail/extrinsics__builder.hpp
[5.989s] -- Up-to-date symlink: /home/devuser/Workspaces/rosgsthumble_ws/install/realsense2_camera_msgs/include/realsense2_camera_msgs/realsense2_camera_msgs/msg/detail/extrinsics__struct.hpp
[5.991s] -- Up-to-date symlink: /home/devuser/Workspaces/rosgsthumble_ws/install/realsense2_camera_msgs/include/realsense2_camera_msgs/realsense2_camera_msgs/msg/detail/extrinsics__traits.hpp
[5.997s] -- Up-to-date symlink: /home/devuser/Workspaces/rosgsthumble_ws/install/realsense2_camera_msgs/include/realsense2_camera_msgs/realsense2_camera_msgs/msg/detail/extrinsics__type_support.hpp
[5.997s] -- Up-to-date symlink: /home/devuser/Workspaces/rosgsthumble_ws/install/realsense2_camera_msgs/include/realsense2_camera_msgs/realsense2_camera_msgs/msg/detail/imu_info__builder.hpp
[5.998s] -- Up-to-date symlink: /home/devuser/Workspaces/rosgsthumble_ws/install/realsense2_camera_msgs/include/realsense2_camera_msgs/realsense2_camera_msgs/msg/detail/imu_info__struct.hpp
[5.999s] -- Up-to-date symlink: /home/devuser/Workspaces/rosgsthumble_ws/install/realsense2_camera_msgs/include/realsense2_camera_msgs/realsense2_camera_msgs/msg/detail/imu_info__traits.hpp
[6.000s] -- Up-to-date symlink: /home/devuser/Workspaces/rosgsthumble_ws/install/realsense2_camera_msgs/include/realsense2_camera_msgs/realsense2_camera_msgs/msg/detail/imu_info__type_support.hpp
[6.001s] -- Up-to-date symlink: /home/devuser/Workspaces/rosgsthumble_ws/install/realsense2_camera_msgs/include/realsense2_camera_msgs/realsense2_camera_msgs/msg/detail/metadata__builder.hpp
[6.001s] -- Up-to-date symlink: /home/devuser/Workspaces/rosgsthumble_ws/install/realsense2_camera_msgs/include/realsense2_camera_msgs/realsense2_camera_msgs/msg/detail/metadata__struct.hpp
[6.004s] -- Up-to-date symlink: /home/devuser/Workspaces/rosgsthumble_ws/install/realsense2_camera_msgs/include/realsense2_camera_msgs/realsense2_camera_msgs/msg/detail/metadata__traits.hpp
[6.005s] -- Up-to-date symlink: /home/devuser/Workspaces/rosgsthumble_ws/install/realsense2_camera_msgs/include/realsense2_camera_msgs/realsense2_camera_msgs/msg/detail/metadata__type_support.hpp
[6.005s] -- Up-to-date symlink: /home/devuser/Workspaces/rosgsthumble_ws/install/realsense2_camera_msgs/include/realsense2_camera_msgs/realsense2_camera_msgs/msg/detail/rgbd__builder.hpp
[6.006s] -- Up-to-date symlink: /home/devuser/Workspaces/rosgsthumble_ws/install/realsense2_camera_msgs/include/realsense2_camera_msgs/realsense2_camera_msgs/msg/detail/rgbd__struct.hpp
[6.015s] -- Up-to-date symlink: /home/devuser/Workspaces/rosgsthumble_ws/install/realsense2_camera_msgs/include/realsense2_camera_msgs/realsense2_camera_msgs/msg/detail/rgbd__traits.hpp
[6.033s] -- Up-to-date symlink: /home/devuser/Workspaces/rosgsthumble_ws/install/realsense2_camera_msgs/include/realsense2_camera_msgs/realsense2_camera_msgs/msg/detail/rgbd__type_support.hpp
[6.034s] -- Up-to-date symlink: /home/devuser/Workspaces/rosgsthumble_ws/install/realsense2_camera_msgs/include/realsense2_camera_msgs/realsense2_camera_msgs/msg/extrinsics.hpp
[6.043s] -- Up-to-date symlink: /home/devuser/Workspaces/rosgsthumble_ws/install/realsense2_camera_msgs/include/realsense2_camera_msgs/realsense2_camera_msgs/msg/imu_info.hpp
[6.045s] -- Up-to-date symlink: /home/devuser/Workspaces/rosgsthumble_ws/install/realsense2_camera_msgs/include/realsense2_camera_msgs/realsense2_camera_msgs/msg/metadata.hpp
[6.051s] -- Up-to-date symlink: /home/devuser/Workspaces/rosgsthumble_ws/install/realsense2_camera_msgs/include/realsense2_camera_msgs/realsense2_camera_msgs/msg/rgbd.hpp
[6.053s] -- Up-to-date symlink: /home/devuser/Workspaces/rosgsthumble_ws/install/realsense2_camera_msgs/include/realsense2_camera_msgs/realsense2_camera_msgs/msg/rosidl_generator_cpp__visibility_control.hpp
[6.056s] -- Up-to-date symlink: /home/devuser/Workspaces/rosgsthumble_ws/install/realsense2_camera_msgs/include/realsense2_camera_msgs/realsense2_camera_msgs/srv/calib_config_read.hpp
[6.063s] -- Up-to-date symlink: /home/devuser/Workspaces/rosgsthumble_ws/install/realsense2_camera_msgs/include/realsense2_camera_msgs/realsense2_camera_msgs/srv/calib_config_write.hpp
[6.064s] -- Up-to-date symlink: /home/devuser/Workspaces/rosgsthumble_ws/install/realsense2_camera_msgs/include/realsense2_camera_msgs/realsense2_camera_msgs/srv/detail/calib_config_read__builder.hpp
[6.065s] -- Up-to-date symlink: /home/devuser/Workspaces/rosgsthumble_ws/install/realsense2_camera_msgs/include/realsense2_camera_msgs/realsense2_camera_msgs/srv/detail/calib_config_read__struct.hpp
[6.067s] -- Up-to-date symlink: /home/devuser/Workspaces/rosgsthumble_ws/install/realsense2_camera_msgs/include/realsense2_camera_msgs/realsense2_camera_msgs/srv/detail/calib_config_read__traits.hpp
[6.076s] -- Up-to-date symlink: /home/devuser/Workspaces/rosgsthumble_ws/install/realsense2_camera_msgs/include/realsense2_camera_msgs/realsense2_camera_msgs/srv/detail/calib_config_read__type_support.hpp
[6.078s] -- Up-to-date symlink: /home/devuser/Workspaces/rosgsthumble_ws/install/realsense2_camera_msgs/include/realsense2_camera_msgs/realsense2_camera_msgs/srv/detail/calib_config_write__builder.hpp
[6.079s] -- Up-to-date symlink: /home/devuser/Workspaces/rosgsthumble_ws/install/realsense2_camera_msgs/include/realsense2_camera_msgs/realsense2_camera_msgs/srv/detail/calib_config_write__struct.hpp
[6.080s] -- Up-to-date symlink: /home/devuser/Workspaces/rosgsthumble_ws/install/realsense2_camera_msgs/include/realsense2_camera_msgs/realsense2_camera_msgs/srv/detail/calib_config_write__traits.hpp
[6.082s] -- Up-to-date symlink: /home/devuser/Workspaces/rosgsthumble_ws/install/realsense2_camera_msgs/include/realsense2_camera_msgs/realsense2_camera_msgs/srv/detail/calib_config_write__type_support.hpp
[6.083s] -- Up-to-date symlink: /home/devuser/Workspaces/rosgsthumble_ws/install/realsense2_camera_msgs/include/realsense2_camera_msgs/realsense2_camera_msgs/srv/detail/device_info__builder.hpp
[6.091s] -- Up-to-date symlink: /home/devuser/Workspaces/rosgsthumble_ws/install/realsense2_camera_msgs/include/realsense2_camera_msgs/realsense2_camera_msgs/srv/detail/device_info__struct.hpp
[6.092s] -- Up-to-date symlink: /home/devuser/Workspaces/rosgsthumble_ws/install/realsense2_camera_msgs/include/realsense2_camera_msgs/realsense2_camera_msgs/srv/detail/device_info__traits.hpp
[6.098s] -- Up-to-date symlink: /home/devuser/Workspaces/rosgsthumble_ws/install/realsense2_camera_msgs/include/realsense2_camera_msgs/realsense2_camera_msgs/srv/detail/device_info__type_support.hpp
[6.099s] -- Up-to-date symlink: /home/devuser/Workspaces/rosgsthumble_ws/install/realsense2_camera_msgs/include/realsense2_camera_msgs/realsense2_camera_msgs/srv/device_info.hpp
[6.111s] -- Up-to-date symlink: /home/devuser/Workspaces/rosgsthumble_ws/install/realsense2_camera_msgs/include/realsense2_camera_msgs/realsense2_camera_msgs/action/detail/triggered_calibration__rosidl_typesupport_fastrtps_cpp.hpp
[6.112s] -- Up-to-date symlink: /home/devuser/Workspaces/rosgsthumble_ws/install/realsense2_camera_msgs/include/realsense2_camera_msgs/realsense2_camera_msgs/msg/detail/extrinsics__rosidl_typesupport_fastrtps_cpp.hpp
[6.112s] -- Up-to-date symlink: /home/devuser/Workspaces/rosgsthumble_ws/install/realsense2_camera_msgs/include/realsense2_camera_msgs/realsense2_camera_msgs/msg/detail/imu_info__rosidl_typesupport_fastrtps_cpp.hpp
[6.114s] -- Up-to-date symlink: /home/devuser/Workspaces/rosgsthumble_ws/install/realsense2_camera_msgs/include/realsense2_camera_msgs/realsense2_camera_msgs/msg/detail/metadata__rosidl_typesupport_fastrtps_cpp.hpp
[6.117s] -- Up-to-date symlink: /home/devuser/Workspaces/rosgsthumble_ws/install/realsense2_camera_msgs/include/realsense2_camera_msgs/realsense2_camera_msgs/msg/detail/rgbd__rosidl_typesupport_fastrtps_cpp.hpp
[6.119s] -- Up-to-date symlink: /home/devuser/Workspaces/rosgsthumble_ws/install/realsense2_camera_msgs/include/realsense2_camera_msgs/realsense2_camera_msgs/msg/rosidl_typesupport_fastrtps_cpp__visibility_control.h
[6.152s] -- Up-to-date symlink: /home/devuser/Workspaces/rosgsthumble_ws/install/realsense2_camera_msgs/include/realsense2_camera_msgs/realsense2_camera_msgs/srv/detail/calib_config_read__rosidl_typesupport_fastrtps_cpp.hpp
[6.159s] -- Up-to-date symlink: /home/devuser/Workspaces/rosgsthumble_ws/install/realsense2_camera_msgs/include/realsense2_camera_msgs/realsense2_camera_msgs/srv/detail/calib_config_write__rosidl_typesupport_fastrtps_cpp.hpp
[6.159s] -- Up-to-date symlink: /home/devuser/Workspaces/rosgsthumble_ws/install/realsense2_camera_msgs/include/realsense2_camera_msgs/realsense2_camera_msgs/srv/detail/device_info__rosidl_typesupport_fastrtps_cpp.hpp
[6.160s] -- Up-to-date symlink: /home/devuser/Workspaces/rosgsthumble_ws/install/realsense2_camera_msgs/include/realsense2_camera_msgs/realsense2_camera_msgs/action/detail/triggered_calibration__rosidl_typesupport_introspection_cpp.hpp
[6.160s] -- Up-to-date symlink: /home/devuser/Workspaces/rosgsthumble_ws/install/realsense2_camera_msgs/include/realsense2_camera_msgs/realsense2_camera_msgs/msg/detail/extrinsics__rosidl_typesupport_introspection_cpp.hpp
[6.161s] -- Up-to-date symlink: /home/devuser/Workspaces/rosgsthumble_ws/install/realsense2_camera_msgs/include/realsense2_camera_msgs/realsense2_camera_msgs/msg/detail/imu_info__rosidl_typesupport_introspection_cpp.hpp
[6.164s] -- Up-to-date symlink: /home/devuser/Workspaces/rosgsthumble_ws/install/realsense2_camera_msgs/include/realsense2_camera_msgs/realsense2_camera_msgs/msg/detail/metadata__rosidl_typesupport_introspection_cpp.hpp
[6.175s] -- Up-to-date symlink: /home/devuser/Workspaces/rosgsthumble_ws/install/realsense2_camera_msgs/include/realsense2_camera_msgs/realsense2_camera_msgs/msg/detail/rgbd__rosidl_typesupport_introspection_cpp.hpp
[6.176s] -- Up-to-date symlink: /home/devuser/Workspaces/rosgsthumble_ws/install/realsense2_camera_msgs/include/realsense2_camera_msgs/realsense2_camera_msgs/srv/detail/calib_config_read__rosidl_typesupport_introspection_cpp.hpp
[6.177s] -- Up-to-date symlink: /home/devuser/Workspaces/rosgsthumble_ws/install/realsense2_camera_msgs/include/realsense2_camera_msgs/realsense2_camera_msgs/srv/detail/calib_config_write__rosidl_typesupport_introspection_cpp.hpp
[6.178s] -- Up-to-date symlink: /home/devuser/Workspaces/rosgsthumble_ws/install/realsense2_camera_msgs/include/realsense2_camera_msgs/realsense2_camera_msgs/srv/detail/device_info__rosidl_typesupport_introspection_cpp.hpp
[6.182s] -- Up-to-date symlink: /home/devuser/Workspaces/rosgsthumble_ws/install/realsense2_camera_msgs/share/realsense2_camera_msgs/environment/pythonpath.sh
[6.183s] -- Up-to-date symlink: /home/devuser/Workspaces/rosgsthumble_ws/install/realsense2_camera_msgs/share/realsense2_camera_msgs/environment/pythonpath.dsv
[6.183s] -- Up-to-date symlink: /home/devuser/Workspaces/rosgsthumble_ws/install/realsense2_camera_msgs/local/lib/python3.10/dist-packages/realsense2_camera_msgs-4.56.4-py3.10.egg-info/PKG-INFO
[6.183s] -- Up-to-date symlink: /home/devuser/Workspaces/rosgsthumble_ws/install/realsense2_camera_msgs/local/lib/python3.10/dist-packages/realsense2_camera_msgs-4.56.4-py3.10.egg-info/SOURCES.txt
[6.184s] -- Up-to-date symlink: /home/devuser/Workspaces/rosgsthumble_ws/install/realsense2_camera_msgs/local/lib/python3.10/dist-packages/realsense2_camera_msgs-4.56.4-py3.10.egg-info/dependency_links.txt
[6.184s] -- Up-to-date symlink: /home/devuser/Workspaces/rosgsthumble_ws/install/realsense2_camera_msgs/local/lib/python3.10/dist-packages/realsense2_camera_msgs-4.56.4-py3.10.egg-info/top_level.txt
[6.185s] -- Up-to-date symlink: /home/devuser/Workspaces/rosgsthumble_ws/install/realsense2_camera_msgs/local/lib/python3.10/dist-packages/realsense2_camera_msgs/__init__.py
[6.185s] -- Up-to-date symlink: /home/devuser/Workspaces/rosgsthumble_ws/install/realsense2_camera_msgs/local/lib/python3.10/dist-packages/realsense2_camera_msgs/_realsense2_camera_msgs_s.ep.rosidl_typesupport_c.c
[6.185s] -- Up-to-date symlink: /home/devuser/Workspaces/rosgsthumble_ws/install/realsense2_camera_msgs/local/lib/python3.10/dist-packages/realsense2_camera_msgs/_realsense2_camera_msgs_s.ep.rosidl_typesupport_fastrtps_c.c
[6.186s] -- Up-to-date symlink: /home/devuser/Workspaces/rosgsthumble_ws/install/realsense2_camera_msgs/local/lib/python3.10/dist-packages/realsense2_camera_msgs/_realsense2_camera_msgs_s.ep.rosidl_typesupport_introspection_c.c
[6.186s] -- Up-to-date symlink: /home/devuser/Workspaces/rosgsthumble_ws/install/realsense2_camera_msgs/local/lib/python3.10/dist-packages/realsense2_camera_msgs/action/__init__.py
[6.187s] -- Up-to-date symlink: /home/devuser/Workspaces/rosgsthumble_ws/install/realsense2_camera_msgs/local/lib/python3.10/dist-packages/realsense2_camera_msgs/action/_triggered_calibration.py
[6.187s] -- Up-to-date symlink: /home/devuser/Workspaces/rosgsthumble_ws/install/realsense2_camera_msgs/local/lib/python3.10/dist-packages/realsense2_camera_msgs/action/_triggered_calibration_s.c
[6.188s] -- Up-to-date symlink: /home/devuser/Workspaces/rosgsthumble_ws/install/realsense2_camera_msgs/local/lib/python3.10/dist-packages/realsense2_camera_msgs/librealsense2_camera_msgs__rosidl_generator_py.so
[6.188s] -- Up-to-date symlink: /home/devuser/Workspaces/rosgsthumble_ws/install/realsense2_camera_msgs/local/lib/python3.10/dist-packages/realsense2_camera_msgs/msg/__init__.py
[6.188s] -- Up-to-date symlink: /home/devuser/Workspaces/rosgsthumble_ws/install/realsense2_camera_msgs/local/lib/python3.10/dist-packages/realsense2_camera_msgs/msg/_extrinsics.py
[6.189s] -- Up-to-date symlink: /home/devuser/Workspaces/rosgsthumble_ws/install/realsense2_camera_msgs/local/lib/python3.10/dist-packages/realsense2_camera_msgs/msg/_extrinsics_s.c
[6.189s] -- Up-to-date symlink: /home/devuser/Workspaces/rosgsthumble_ws/install/realsense2_camera_msgs/local/lib/python3.10/dist-packages/realsense2_camera_msgs/msg/_imu_info.py
[6.217s] -- Up-to-date symlink: /home/devuser/Workspaces/rosgsthumble_ws/install/realsense2_camera_msgs/local/lib/python3.10/dist-packages/realsense2_camera_msgs/msg/_imu_info_s.c
[6.223s] -- Up-to-date symlink: /home/devuser/Workspaces/rosgsthumble_ws/install/realsense2_camera_msgs/local/lib/python3.10/dist-packages/realsense2_camera_msgs/msg/_metadata.py
[6.229s] -- Up-to-date symlink: /home/devuser/Workspaces/rosgsthumble_ws/install/realsense2_camera_msgs/local/lib/python3.10/dist-packages/realsense2_camera_msgs/msg/_metadata_s.c
[6.230s] -- Up-to-date symlink: /home/devuser/Workspaces/rosgsthumble_ws/install/realsense2_camera_msgs/local/lib/python3.10/dist-packages/realsense2_camera_msgs/msg/_rgbd.py
[6.232s] -- Up-to-date symlink: /home/devuser/Workspaces/rosgsthumble_ws/install/realsense2_camera_msgs/local/lib/python3.10/dist-packages/realsense2_camera_msgs/msg/_rgbd_s.c
[6.235s] -- Up-to-date symlink: /home/devuser/Workspaces/rosgsthumble_ws/install/realsense2_camera_msgs/local/lib/python3.10/dist-packages/realsense2_camera_msgs/realsense2_camera_msgs_s__rosidl_typesupport_c.cpython-310-aarch64-linux-gnu.so
[6.236s] -- Up-to-date symlink: /home/devuser/Workspaces/rosgsthumble_ws/install/realsense2_camera_msgs/local/lib/python3.10/dist-packages/realsense2_camera_msgs/realsense2_camera_msgs_s__rosidl_typesupport_fastrtps_c.cpython-310-aarch64-linux-gnu.so
[6.237s] -- Up-to-date symlink: /home/devuser/Workspaces/rosgsthumble_ws/install/realsense2_camera_msgs/local/lib/python3.10/dist-packages/realsense2_camera_msgs/realsense2_camera_msgs_s__rosidl_typesupport_introspection_c.cpython-310-aarch64-linux-gnu.so
[6.240s] -- Up-to-date symlink: /home/devuser/Workspaces/rosgsthumble_ws/install/realsense2_camera_msgs/local/lib/python3.10/dist-packages/realsense2_camera_msgs/srv/__init__.py
[6.245s] -- Up-to-date symlink: /home/devuser/Workspaces/rosgsthumble_ws/install/realsense2_camera_msgs/local/lib/python3.10/dist-packages/realsense2_camera_msgs/srv/_calib_config_read.py
[6.248s] -- Up-to-date symlink: /home/devuser/Workspaces/rosgsthumble_ws/install/realsense2_camera_msgs/local/lib/python3.10/dist-packages/realsense2_camera_msgs/srv/_calib_config_read_s.c
[6.258s] -- Up-to-date symlink: /home/devuser/Workspaces/rosgsthumble_ws/install/realsense2_camera_msgs/local/lib/python3.10/dist-packages/realsense2_camera_msgs/srv/_calib_config_write.py
[6.258s] -- Up-to-date symlink: /home/devuser/Workspaces/rosgsthumble_ws/install/realsense2_camera_msgs/local/lib/python3.10/dist-packages/realsense2_camera_msgs/srv/_calib_config_write_s.c
[6.259s] -- Up-to-date symlink: /home/devuser/Workspaces/rosgsthumble_ws/install/realsense2_camera_msgs/local/lib/python3.10/dist-packages/realsense2_camera_msgs/srv/_device_info.py
[6.260s] -- Up-to-date symlink: /home/devuser/Workspaces/rosgsthumble_ws/install/realsense2_camera_msgs/local/lib/python3.10/dist-packages/realsense2_camera_msgs/srv/_device_info_s.c
[6.267s] -- Up-to-date symlink: /home/devuser/Workspaces/rosgsthumble_ws/install/realsense2_camera_msgs/local/lib/python3.10/dist-packages/realsense2_camera_msgs/realsense2_camera_msgs_s__rosidl_typesupport_fastrtps_c.cpython-310-aarch64-linux-gnu.so
[6.268s] -- Up-to-date symlink: /home/devuser/Workspaces/rosgsthumble_ws/install/realsense2_camera_msgs/local/lib/python3.10/dist-packages/realsense2_camera_msgs/realsense2_camera_msgs_s__rosidl_typesupport_introspection_c.cpython-310-aarch64-linux-gnu.so
[6.269s] -- Up-to-date symlink: /home/devuser/Workspaces/rosgsthumble_ws/install/realsense2_camera_msgs/local/lib/python3.10/dist-packages/realsense2_camera_msgs/realsense2_camera_msgs_s__rosidl_typesupport_c.cpython-310-aarch64-linux-gnu.so
[6.269s] -- Up-to-date symlink: /home/devuser/Workspaces/rosgsthumble_ws/install/realsense2_camera_msgs/share/realsense2_camera_msgs/msg/IMUInfo.idl
[6.275s] -- Up-to-date symlink: /home/devuser/Workspaces/rosgsthumble_ws/install/realsense2_camera_msgs/share/realsense2_camera_msgs/msg/Extrinsics.idl
[6.275s] -- Up-to-date symlink: /home/devuser/Workspaces/rosgsthumble_ws/install/realsense2_camera_msgs/share/realsense2_camera_msgs/msg/Metadata.idl
[6.276s] -- Up-to-date symlink: /home/devuser/Workspaces/rosgsthumble_ws/install/realsense2_camera_msgs/share/realsense2_camera_msgs/msg/RGBD.idl
[6.276s] -- Up-to-date symlink: /home/devuser/Workspaces/rosgsthumble_ws/install/realsense2_camera_msgs/share/realsense2_camera_msgs/srv/DeviceInfo.idl
[6.282s] -- Up-to-date symlink: /home/devuser/Workspaces/rosgsthumble_ws/install/realsense2_camera_msgs/share/realsense2_camera_msgs/srv/CalibConfigRead.idl
[6.283s] -- Up-to-date symlink: /home/devuser/Workspaces/rosgsthumble_ws/install/realsense2_camera_msgs/share/realsense2_camera_msgs/srv/CalibConfigWrite.idl
[6.283s] -- Up-to-date symlink: /home/devuser/Workspaces/rosgsthumble_ws/install/realsense2_camera_msgs/share/realsense2_camera_msgs/action/TriggeredCalibration.idl
[6.284s] -- Up-to-date symlink: /home/devuser/Workspaces/rosgsthumble_ws/install/realsense2_camera_msgs/share/realsense2_camera_msgs/msg/IMUInfo.msg
[6.284s] -- Up-to-date symlink: /home/devuser/Workspaces/rosgsthumble_ws/install/realsense2_camera_msgs/share/realsense2_camera_msgs/msg/Extrinsics.msg
[6.285s] -- Up-to-date symlink: /home/devuser/Workspaces/rosgsthumble_ws/install/realsense2_camera_msgs/share/realsense2_camera_msgs/msg/Metadata.msg
[6.285s] -- Up-to-date symlink: /home/devuser/Workspaces/rosgsthumble_ws/install/realsense2_camera_msgs/share/realsense2_camera_msgs/msg/RGBD.msg
[6.287s] -- Up-to-date symlink: /home/devuser/Workspaces/rosgsthumble_ws/install/realsense2_camera_msgs/share/realsense2_camera_msgs/srv/DeviceInfo.srv
[6.288s] -- Up-to-date symlink: /home/devuser/Workspaces/rosgsthumble_ws/install/realsense2_camera_msgs/share/realsense2_camera_msgs/srv/DeviceInfo_Request.msg
[6.289s] -- Up-to-date symlink: /home/devuser/Workspaces/rosgsthumble_ws/install/realsense2_camera_msgs/share/realsense2_camera_msgs/srv/DeviceInfo_Response.msg
[6.291s] -- Up-to-date symlink: /home/devuser/Workspaces/rosgsthumble_ws/install/realsense2_camera_msgs/share/realsense2_camera_msgs/srv/CalibConfigRead.srv
[6.297s] -- Up-to-date symlink: /home/devuser/Workspaces/rosgsthumble_ws/install/realsense2_camera_msgs/share/realsense2_camera_msgs/srv/CalibConfigRead_Request.msg
[6.309s] -- Up-to-date symlink: /home/devuser/Workspaces/rosgsthumble_ws/install/realsense2_camera_msgs/share/realsense2_camera_msgs/srv/CalibConfigRead_Response.msg
[6.313s] -- Up-to-date symlink: /home/devuser/Workspaces/rosgsthumble_ws/install/realsense2_camera_msgs/share/realsense2_camera_msgs/srv/CalibConfigWrite.srv
[6.316s] -- Up-to-date symlink: /home/devuser/Workspaces/rosgsthumble_ws/install/realsense2_camera_msgs/share/realsense2_camera_msgs/srv/CalibConfigWrite_Request.msg
[6.320s] -- Up-to-date symlink: /home/devuser/Workspaces/rosgsthumble_ws/install/realsense2_camera_msgs/share/realsense2_camera_msgs/srv/CalibConfigWrite_Response.msg
[6.323s] -- Up-to-date symlink: /home/devuser/Workspaces/rosgsthumble_ws/install/realsense2_camera_msgs/share/realsense2_camera_msgs/action/TriggeredCalibration.action
[6.327s] -- Up-to-date symlink: /home/devuser/Workspaces/rosgsthumble_ws/install/realsense2_camera_msgs/share/ament_index/resource_index/package_run_dependencies/realsense2_camera_msgs
[6.332s] -- Up-to-date symlink: /home/devuser/Workspaces/rosgsthumble_ws/install/realsense2_camera_msgs/share/ament_index/resource_index/parent_prefix_path/realsense2_camera_msgs
[6.336s] -- Up-to-date symlink: /home/devuser/Workspaces/rosgsthumble_ws/install/realsense2_camera_msgs/share/realsense2_camera_msgs/environment/ament_prefix_path.sh
[6.339s] -- Up-to-date symlink: /home/devuser/Workspaces/rosgsthumble_ws/install/realsense2_camera_msgs/share/realsense2_camera_msgs/environment/ament_prefix_path.dsv
[6.342s] -- Up-to-date symlink: /home/devuser/Workspaces/rosgsthumble_ws/install/realsense2_camera_msgs/share/realsense2_camera_msgs/environment/path.sh
[6.346s] -- Up-to-date symlink: /home/devuser/Workspaces/rosgsthumble_ws/install/realsense2_camera_msgs/share/realsense2_camera_msgs/environment/path.dsv
[6.351s] -- Up-to-date symlink: /home/devuser/Workspaces/rosgsthumble_ws/install/realsense2_camera_msgs/share/realsense2_camera_msgs/local_setup.bash
[6.385s] -- Up-to-date symlink: /home/devuser/Workspaces/rosgsthumble_ws/install/realsense2_camera_msgs/share/realsense2_camera_msgs/local_setup.sh
[6.387s] -- Up-to-date symlink: /home/devuser/Workspaces/rosgsthumble_ws/install/realsense2_camera_msgs/share/realsense2_camera_msgs/local_setup.zsh
[6.389s] -- Up-to-date symlink: /home/devuser/Workspaces/rosgsthumble_ws/install/realsense2_camera_msgs/share/realsense2_camera_msgs/local_setup.dsv
[6.390s] -- Symlinking: /home/devuser/Workspaces/rosgsthumble_ws/install/realsense2_camera_msgs/share/realsense2_camera_msgs/package.dsv
[6.477s] -- Up-to-date symlink: /home/devuser/Workspaces/rosgsthumble_ws/install/realsense2_camera_msgs/share/ament_index/resource_index/packages/realsense2_camera_msgs
[6.478s] -- Up-to-date symlink: /home/devuser/Workspaces/rosgsthumble_ws/install/realsense2_camera_msgs/share/realsense2_camera_msgs/cmake/rosidl_cmake-extras.cmake
[6.481s] -- Up-to-date symlink: /home/devuser/Workspaces/rosgsthumble_ws/install/realsense2_camera_msgs/share/realsense2_camera_msgs/cmake/ament_cmake_export_dependencies-extras.cmake
[6.487s] -- Up-to-date symlink: /home/devuser/Workspaces/rosgsthumble_ws/install/realsense2_camera_msgs/share/realsense2_camera_msgs/cmake/ament_cmake_export_include_directories-extras.cmake
[6.495s] -- Up-to-date symlink: /home/devuser/Workspaces/rosgsthumble_ws/install/realsense2_camera_msgs/share/realsense2_camera_msgs/cmake/ament_cmake_export_libraries-extras.cmake
[6.499s] -- Up-to-date symlink: /home/devuser/Workspaces/rosgsthumble_ws/install/realsense2_camera_msgs/share/realsense2_camera_msgs/cmake/ament_cmake_export_targets-extras.cmake
[6.505s] -- Up-to-date symlink: /home/devuser/Workspaces/rosgsthumble_ws/install/realsense2_camera_msgs/share/realsense2_camera_msgs/cmake/rosidl_cmake_export_typesupport_targets-extras.cmake
[6.511s] -- Up-to-date symlink: /home/devuser/Workspaces/rosgsthumble_ws/install/realsense2_camera_msgs/share/realsense2_camera_msgs/cmake/rosidl_cmake_export_typesupport_libraries-extras.cmake
[6.515s] -- Up-to-date symlink: /home/devuser/Workspaces/rosgsthumble_ws/install/realsense2_camera_msgs/share/realsense2_camera_msgs/cmake/realsense2_camera_msgsConfig.cmake
[6.528s] -- Up-to-date symlink: /home/devuser/Workspaces/rosgsthumble_ws/install/realsense2_camera_msgs/share/realsense2_camera_msgs/cmake/realsense2_camera_msgsConfig-version.cmake
[6.536s] -- Up-to-date symlink: /home/devuser/Workspaces/rosgsthumble_ws/install/realsense2_camera_msgs/share/realsense2_camera_msgs/package.xml
[6.537s] -- Up-to-date: /home/devuser/Workspaces/rosgsthumble_ws/install/realsense2_camera_msgs/lib/librealsense2_camera_msgs__rosidl_generator_c.so
[6.539s] -- Up-to-date: /home/devuser/Workspaces/rosgsthumble_ws/install/realsense2_camera_msgs/lib/librealsense2_camera_msgs__rosidl_typesupport_fastrtps_c.so
[6.541s] -- Up-to-date: /home/devuser/Workspaces/rosgsthumble_ws/install/realsense2_camera_msgs/lib/librealsense2_camera_msgs__rosidl_typesupport_introspection_c.so
[6.543s] -- Up-to-date: /home/devuser/Workspaces/rosgsthumble_ws/install/realsense2_camera_msgs/lib/librealsense2_camera_msgs__rosidl_typesupport_c.so
[6.620s] -- Up-to-date: /home/devuser/Workspaces/rosgsthumble_ws/install/realsense2_camera_msgs/lib/librealsense2_camera_msgs__rosidl_typesupport_fastrtps_cpp.so
[6.630s] -- Up-to-date: /home/devuser/Workspaces/rosgsthumble_ws/install/realsense2_camera_msgs/lib/librealsense2_camera_msgs__rosidl_typesupport_introspection_cpp.so
[6.633s] -- Up-to-date: /home/devuser/Workspaces/rosgsthumble_ws/install/realsense2_camera_msgs/lib/librealsense2_camera_msgs__rosidl_typesupport_cpp.so
[7.196s] Listing '/home/devuser/Workspaces/rosgsthumble_ws/install/realsense2_camera_msgs/local/lib/python3.10/dist-packages/realsense2_camera_msgs'...
[7.199s] Listing '/home/devuser/Workspaces/rosgsthumble_ws/install/realsense2_camera_msgs/local/lib/python3.10/dist-packages/realsense2_camera_msgs/action'...
[7.199s] Listing '/home/devuser/Workspaces/rosgsthumble_ws/install/realsense2_camera_msgs/local/lib/python3.10/dist-packages/realsense2_camera_msgs/msg'...
[7.200s] Listing '/home/devuser/Workspaces/rosgsthumble_ws/install/realsense2_camera_msgs/local/lib/python3.10/dist-packages/realsense2_camera_msgs/srv'...
[7.278s] -- Up-to-date: /home/devuser/Workspaces/rosgsthumble_ws/install/realsense2_camera_msgs/lib/librealsense2_camera_msgs__rosidl_generator_py.so
[7.279s] -- Up-to-date: /home/devuser/Workspaces/rosgsthumble_ws/install/realsense2_camera_msgs/share/realsense2_camera_msgs/cmake/export_realsense2_camera_msgs__rosidl_generator_cExport.cmake
[7.280s] -- Up-to-date: /home/devuser/Workspaces/rosgsthumble_ws/install/realsense2_camera_msgs/share/realsense2_camera_msgs/cmake/export_realsense2_camera_msgs__rosidl_generator_cExport-noconfig.cmake
[7.292s] -- Up-to-date: /home/devuser/Workspaces/rosgsthumble_ws/install/realsense2_camera_msgs/share/realsense2_camera_msgs/cmake/export_realsense2_camera_msgs__rosidl_typesupport_fastrtps_cExport.cmake
[7.292s] -- Up-to-date: /home/devuser/Workspaces/rosgsthumble_ws/install/realsense2_camera_msgs/share/realsense2_camera_msgs/cmake/export_realsense2_camera_msgs__rosidl_typesupport_fastrtps_cExport-noconfig.cmake
[7.293s] -- Up-to-date: /home/devuser/Workspaces/rosgsthumble_ws/install/realsense2_camera_msgs/share/realsense2_camera_msgs/cmake/realsense2_camera_msgs__rosidl_typesupport_introspection_cExport.cmake
[7.294s] -- Up-to-date: /home/devuser/Workspaces/rosgsthumble_ws/install/realsense2_camera_msgs/share/realsense2_camera_msgs/cmake/realsense2_camera_msgs__rosidl_typesupport_introspection_cExport-noconfig.cmake
[7.294s] -- Up-to-date: /home/devuser/Workspaces/rosgsthumble_ws/install/realsense2_camera_msgs/share/realsense2_camera_msgs/cmake/realsense2_camera_msgs__rosidl_typesupport_cExport.cmake
[7.295s] -- Up-to-date: /home/devuser/Workspaces/rosgsthumble_ws/install/realsense2_camera_msgs/share/realsense2_camera_msgs/cmake/realsense2_camera_msgs__rosidl_typesupport_cExport-noconfig.cmake
[7.296s] -- Up-to-date: /home/devuser/Workspaces/rosgsthumble_ws/install/realsense2_camera_msgs/share/realsense2_camera_msgs/cmake/export_realsense2_camera_msgs__rosidl_generator_cppExport.cmake
[7.297s] -- Up-to-date: /home/devuser/Workspaces/rosgsthumble_ws/install/realsense2_camera_msgs/share/realsense2_camera_msgs/cmake/export_realsense2_camera_msgs__rosidl_typesupport_fastrtps_cppExport.cmake
[7.302s] -- Up-to-date: /home/devuser/Workspaces/rosgsthumble_ws/install/realsense2_camera_msgs/share/realsense2_camera_msgs/cmake/export_realsense2_camera_msgs__rosidl_typesupport_fastrtps_cppExport-noconfig.cmake
[7.303s] -- Up-to-date: /home/devuser/Workspaces/rosgsthumble_ws/install/realsense2_camera_msgs/share/realsense2_camera_msgs/cmake/realsense2_camera_msgs__rosidl_typesupport_introspection_cppExport.cmake
[7.304s] -- Up-to-date: /home/devuser/Workspaces/rosgsthumble_ws/install/realsense2_camera_msgs/share/realsense2_camera_msgs/cmake/realsense2_camera_msgs__rosidl_typesupport_introspection_cppExport-noconfig.cmake
[7.306s] -- Up-to-date: /home/devuser/Workspaces/rosgsthumble_ws/install/realsense2_camera_msgs/share/realsense2_camera_msgs/cmake/realsense2_camera_msgs__rosidl_typesupport_cppExport.cmake
[7.306s] -- Up-to-date: /home/devuser/Workspaces/rosgsthumble_ws/install/realsense2_camera_msgs/share/realsense2_camera_msgs/cmake/realsense2_camera_msgs__rosidl_typesupport_cppExport-noconfig.cmake
[7.307s] -- Up-to-date: /home/devuser/Workspaces/rosgsthumble_ws/install/realsense2_camera_msgs/share/realsense2_camera_msgs/cmake/export_realsense2_camera_msgs__rosidl_generator_pyExport.cmake
[7.322s] -- Up-to-date: /home/devuser/Workspaces/rosgsthumble_ws/install/realsense2_camera_msgs/share/realsense2_camera_msgs/cmake/export_realsense2_camera_msgs__rosidl_generator_pyExport-noconfig.cmake
[7.507s] Invoked command in '/home/devuser/Workspaces/rosgsthumble_ws/build/realsense2_camera_msgs' returned '0': CMAKE_PREFIX_PATH=${CMAKE_PREFIX_PATH}:/opt/ros/humble /usr/bin/cmake --install /home/devuser/Workspaces/rosgsthumble_ws/build/realsense2_camera_msgs
