[0.022s] Invoking command in '/home/devuser/Workspaces/rosgsthumble_ws/build/audio_msgs': CMAKE_PREFIX_PATH=/opt/ros/humble /usr/bin/cmake /home/devuser/Workspaces/rosgsthumble_ws/src/ros-gst-bridge/audio_msgs -DAMENT_CMAKE_SYMLINK_INSTALL=1 -DCMAKE_INSTALL_PREFIX=/home/devuser/Workspaces/rosgsthumble_ws/install/audio_msgs
[0.107s] -- The C compiler identification is GNU 11.4.0
[0.175s] -- The CXX compiler identification is GNU 11.4.0
[0.185s] -- Detecting C compiler ABI info
[0.261s] -- Detecting C compiler ABI info - done
[0.274s] -- Check for working C compiler: /usr/bin/cc - skipped
[0.275s] -- Detecting C compile features
[0.275s] -- Detecting C compile features - done
[0.280s] -- Detecting CXX compiler ABI info
[0.367s] -- Detecting CXX compiler ABI info - done
[0.379s] -- Check for working CXX compiler: /usr/bin/c++ - skipped
[0.380s] -- Detecting CXX compile features
[0.380s] -- Detecting CXX compile features - done
[0.383s] -- Found ament_cmake: 1.3.12 (/opt/ros/humble/share/ament_cmake/cmake)
[0.554s] -- Found Python3: /usr/bin/python3 (found version "3.10.12") found components: Interpreter 
[0.625s] -- Override CMake install command with custom implementation using symlinks instead of copying resources
[0.658s] -- Found std_msgs: 4.9.0 (/opt/ros/humble/share/std_msgs/cmake)
[0.701s] -- Found rosidl_generator_c: 3.1.7 (/opt/ros/humble/share/rosidl_generator_c/cmake)
[0.707s] -- Found rosidl_adapter: 3.1.7 (/opt/ros/humble/share/rosidl_adapter/cmake)
[0.716s] -- Found rosidl_generator_cpp: 3.1.7 (/opt/ros/humble/share/rosidl_generator_cpp/cmake)
[0.731s] -- Using all available rosidl_typesupport_c: rosidl_typesupport_fastrtps_c;rosidl_typesupport_introspection_c
[0.748s] -- Using all available rosidl_typesupport_cpp: rosidl_typesupport_fastrtps_cpp;rosidl_typesupport_introspection_cpp
[0.779s] -- Found sensor_msgs: 4.9.0 (/opt/ros/humble/share/sensor_msgs/cmake)
[0.821s] -- Found rosidl_default_generators: 1.2.0 (/opt/ros/humble/share/rosidl_default_generators/cmake)
[1.152s] -- Found ament_cmake_ros: 0.10.0 (/opt/ros/humble/share/ament_cmake_ros/cmake)
[1.582s] -- Using all available rosidl_typesupport_c: rosidl_typesupport_fastrtps_c;rosidl_typesupport_introspection_c
[1.761s] -- Using all available rosidl_typesupport_cpp: rosidl_typesupport_fastrtps_cpp;rosidl_typesupport_introspection_cpp
[1.786s] -- Found PythonInterp: /usr/bin/python3 (found suitable version "3.10.12", minimum required is "3.6") 
[1.788s] -- Found python_cmake_module: 0.10.0 (/opt/ros/humble/share/python_cmake_module/cmake)
[1.815s] -- Found PythonLibs: /usr/lib/x86_64-linux-gnu/libpython3.10.so (found suitable version "3.10.12", minimum required is "3.5") 
[1.815s] -- Using PYTHON_EXECUTABLE: /usr/bin/python3
[1.815s] -- Using PYTHON_INCLUDE_DIRS: /usr/include/python3.10
[1.815s] -- Using PYTHON_LIBRARIES: /usr/lib/x86_64-linux-gnu/libpython3.10.so
[1.840s] -- Found PythonExtra: .so  
[1.911s] -- Found ament_lint_auto: 0.12.14 (/opt/ros/humble/share/ament_lint_auto/cmake)
[1.947s] -- Added test 'copyright' to check source files copyright and LICENSE
[1.950s] -- Added test 'lint_cmake' to check CMake code style
[1.952s] -- Added test 'xmllint' to check XML markup files
[1.956s] -- Configuring done
[1.993s] -- Generating done
[2.005s] -- Build files have been written to: /home/devuser/Workspaces/rosgsthumble_ws/build/audio_msgs
[2.014s] Invoked command in '/home/devuser/Workspaces/rosgsthumble_ws/build/audio_msgs' returned '0': CMAKE_PREFIX_PATH=/opt/ros/humble /usr/bin/cmake /home/devuser/Workspaces/rosgsthumble_ws/src/ros-gst-bridge/audio_msgs -DAMENT_CMAKE_SYMLINK_INSTALL=1 -DCMAKE_INSTALL_PREFIX=/home/devuser/Workspaces/rosgsthumble_ws/install/audio_msgs
[2.016s] Invoking command in '/home/devuser/Workspaces/rosgsthumble_ws/build/audio_msgs': CMAKE_PREFIX_PATH=/opt/ros/humble /usr/bin/cmake --build /home/devuser/Workspaces/rosgsthumble_ws/build/audio_msgs -- -j8 -l8
[2.062s] [  3%] [34m[1mGenerating C code for ROS interfaces[0m
[2.082s] [  6%] [34m[1mGenerating C++ code for ROS interfaces[0m
[2.089s] [  6%] Built target ament_cmake_python_symlink_audio_msgs
[2.509s] running egg_info
[2.512s] creating audio_msgs.egg-info
[2.514s] writing audio_msgs.egg-info/PKG-INFO
[2.514s] writing dependency_links to audio_msgs.egg-info/dependency_links.txt
[2.515s] writing top-level names to audio_msgs.egg-info/top_level.txt
[2.518s] writing manifest file 'audio_msgs.egg-info/SOURCES.txt'
[2.526s] reading manifest file 'audio_msgs.egg-info/SOURCES.txt'
[2.532s] writing manifest file 'audio_msgs.egg-info/SOURCES.txt'
[2.588s] [  6%] Built target ament_cmake_python_build_audio_msgs_egg
[2.760s] [  9%] [32mBuilding C object CMakeFiles/audio_msgs__rosidl_generator_c.dir/rosidl_generator_c/audio_msgs/msg/detail/audio__functions.c.o[0m
[2.800s] [  9%] Built target audio_msgs__cpp
[2.816s] [ 12%] [34m[1mGenerating C++ type support for eProsima Fast-RTPS[0m
[2.817s] [ 16%] [34m[1mGenerating C++ introspection for ROS interfaces[0m
[2.817s] [ 19%] [34m[1mGenerating C++ type support dispatch for ROS interfaces[0m
[2.858s] [ 22%] [32m[1mLinking C shared library libaudio_msgs__rosidl_generator_c.so[0m
[2.917s] [ 22%] Built target audio_msgs__rosidl_generator_c
[2.940s] [ 25%] [34m[1mGenerating C introspection for ROS interfaces[0m
[2.942s] [ 29%] [34m[1mGenerating C type support for eProsima Fast-RTPS[0m
[2.947s] [ 32%] [34m[1mGenerating C type support dispatch for ROS interfaces[0m
[3.418s] [ 35%] [32mBuilding CXX object CMakeFiles/audio_msgs__rosidl_typesupport_cpp.dir/rosidl_typesupport_cpp/audio_msgs/msg/audio__type_support.cpp.o[0m
[3.433s] [ 38%] [32mBuilding CXX object CMakeFiles/audio_msgs__rosidl_typesupport_introspection_cpp.dir/rosidl_typesupport_introspection_cpp/audio_msgs/msg/detail/audio__type_support.cpp.o[0m
[3.569s] [ 41%] [32mBuilding CXX object CMakeFiles/audio_msgs__rosidl_typesupport_fastrtps_cpp.dir/rosidl_typesupport_fastrtps_cpp/audio_msgs/msg/detail/dds_fastrtps/audio__type_support.cpp.o[0m
[3.942s] [ 45%] [32mBuilding C object CMakeFiles/audio_msgs__rosidl_typesupport_introspection_c.dir/rosidl_typesupport_introspection_c/audio_msgs/msg/detail/audio__type_support.c.o[0m
[3.954s] [ 48%] [32mBuilding CXX object CMakeFiles/audio_msgs__rosidl_typesupport_fastrtps_c.dir/rosidl_typesupport_fastrtps_c/audio_msgs/msg/detail/audio__type_support_c.cpp.o[0m
[3.974s] [ 51%] [32mBuilding CXX object CMakeFiles/audio_msgs__rosidl_typesupport_c.dir/rosidl_typesupport_c/audio_msgs/msg/audio__type_support.cpp.o[0m
[4.066s] [ 54%] [32m[1mLinking C shared library libaudio_msgs__rosidl_typesupport_introspection_c.so[0m
[4.118s] [ 58%] [32m[1mLinking CXX shared library libaudio_msgs__rosidl_typesupport_c.so[0m
[4.187s] [ 58%] Built target audio_msgs__rosidl_typesupport_introspection_c
[4.251s] [ 58%] Built target audio_msgs__rosidl_typesupport_c
[4.256s] [ 61%] [32m[1mLinking CXX shared library libaudio_msgs__rosidl_typesupport_cpp.so[0m
[4.387s] [ 61%] Built target audio_msgs__rosidl_typesupport_cpp
[4.623s] [ 64%] [32m[1mLinking CXX shared library libaudio_msgs__rosidl_typesupport_fastrtps_c.so[0m
[4.644s] [ 67%] [32m[1mLinking CXX shared library libaudio_msgs__rosidl_typesupport_introspection_cpp.so[0m
[4.750s] [ 70%] [32m[1mLinking CXX shared library libaudio_msgs__rosidl_typesupport_fastrtps_cpp.so[0m
[4.812s] [ 70%] Built target audio_msgs__rosidl_typesupport_introspection_cpp
[4.872s] [ 70%] Built target audio_msgs__rosidl_typesupport_fastrtps_c
[4.899s] [ 70%] Built target audio_msgs__rosidl_typesupport_fastrtps_cpp
[4.927s] [ 70%] Built target audio_msgs
[4.957s] [ 74%] [34m[1mGenerating Python code for ROS interfaces[0m
[6.348s] [ 74%] Built target audio_msgs__py
[6.409s] [ 77%] [32mBuilding C object CMakeFiles/audio_msgs__rosidl_generator_py.dir/rosidl_generator_py/audio_msgs/msg/_audio_s.c.o[0m
[6.822s] [ 80%] [32m[1mLinking C shared library rosidl_generator_py/audio_msgs/libaudio_msgs__rosidl_generator_py.so[0m
[6.970s] [ 80%] Built target audio_msgs__rosidl_generator_py
[7.047s] [ 83%] [32mBuilding C object CMakeFiles/audio_msgs__rosidl_typesupport_fastrtps_c__pyext.dir/rosidl_generator_py/audio_msgs/_audio_msgs_s.ep.rosidl_typesupport_fastrtps_c.c.o[0m
[7.056s] [ 87%] [32mBuilding C object CMakeFiles/audio_msgs__rosidl_typesupport_c__pyext.dir/rosidl_generator_py/audio_msgs/_audio_msgs_s.ep.rosidl_typesupport_c.c.o[0m
[7.056s] [ 90%] [32mBuilding C object CMakeFiles/audio_msgs__rosidl_typesupport_introspection_c__pyext.dir/rosidl_generator_py/audio_msgs/_audio_msgs_s.ep.rosidl_typesupport_introspection_c.c.o[0m
[7.321s] [ 93%] [32m[1mLinking C shared library rosidl_generator_py/audio_msgs/audio_msgs_s__rosidl_typesupport_introspection_c.cpython-310-x86_64-linux-gnu.so[0m
[7.367s] [ 96%] [32m[1mLinking C shared library rosidl_generator_py/audio_msgs/audio_msgs_s__rosidl_typesupport_fastrtps_c.cpython-310-x86_64-linux-gnu.so[0m
[7.430s] [ 96%] Built target audio_msgs__rosidl_typesupport_introspection_c__pyext
[7.473s] [100%] [32m[1mLinking C shared library rosidl_generator_py/audio_msgs/audio_msgs_s__rosidl_typesupport_c.cpython-310-x86_64-linux-gnu.so[0m
[7.490s] [100%] Built target audio_msgs__rosidl_typesupport_fastrtps_c__pyext
[7.598s] [100%] Built target audio_msgs__rosidl_typesupport_c__pyext
[7.640s] Invoked command in '/home/devuser/Workspaces/rosgsthumble_ws/build/audio_msgs' returned '0': CMAKE_PREFIX_PATH=/opt/ros/humble /usr/bin/cmake --build /home/devuser/Workspaces/rosgsthumble_ws/build/audio_msgs -- -j8 -l8
[7.674s] Invoking command in '/home/devuser/Workspaces/rosgsthumble_ws/build/audio_msgs': CMAKE_PREFIX_PATH=/opt/ros/humble /usr/bin/cmake --install /home/devuser/Workspaces/rosgsthumble_ws/build/audio_msgs
[7.690s] -- Install configuration: ""
[7.691s] -- Execute custom install script
[7.695s] -- Symlinking: /home/devuser/Workspaces/rosgsthumble_ws/install/audio_msgs/share/ament_index/resource_index/rosidl_interfaces/audio_msgs
[7.722s] -- Symlinking: /home/devuser/Workspaces/rosgsthumble_ws/install/audio_msgs/include/audio_msgs/audio_msgs/msg/audio.h
[7.746s] -- Symlinking: /home/devuser/Workspaces/rosgsthumble_ws/install/audio_msgs/include/audio_msgs/audio_msgs/msg/detail/audio__functions.h
[7.775s] -- Symlinking: /home/devuser/Workspaces/rosgsthumble_ws/install/audio_msgs/include/audio_msgs/audio_msgs/msg/detail/audio__struct.h
[7.794s] -- Symlinking: /home/devuser/Workspaces/rosgsthumble_ws/install/audio_msgs/include/audio_msgs/audio_msgs/msg/detail/audio__type_support.h
[7.819s] -- Symlinking: /home/devuser/Workspaces/rosgsthumble_ws/install/audio_msgs/include/audio_msgs/audio_msgs/msg/rosidl_generator_c__visibility_control.h
[7.832s] -- Symlinking: /home/devuser/Workspaces/rosgsthumble_ws/install/audio_msgs/share/audio_msgs/environment/library_path.sh
[7.845s] -- Symlinking: /home/devuser/Workspaces/rosgsthumble_ws/install/audio_msgs/share/audio_msgs/environment/library_path.dsv
[7.858s] -- Symlinking: /home/devuser/Workspaces/rosgsthumble_ws/install/audio_msgs/include/audio_msgs/audio_msgs/msg/detail/audio__rosidl_typesupport_fastrtps_c.h
[7.871s] -- Symlinking: /home/devuser/Workspaces/rosgsthumble_ws/install/audio_msgs/include/audio_msgs/audio_msgs/msg/rosidl_typesupport_fastrtps_c__visibility_control.h
[7.886s] -- Symlinking: /home/devuser/Workspaces/rosgsthumble_ws/install/audio_msgs/include/audio_msgs/audio_msgs/msg/audio.hpp
[7.897s] -- Symlinking: /home/devuser/Workspaces/rosgsthumble_ws/install/audio_msgs/include/audio_msgs/audio_msgs/msg/detail/audio__builder.hpp
[7.910s] -- Symlinking: /home/devuser/Workspaces/rosgsthumble_ws/install/audio_msgs/include/audio_msgs/audio_msgs/msg/detail/audio__struct.hpp
[7.923s] -- Symlinking: /home/devuser/Workspaces/rosgsthumble_ws/install/audio_msgs/include/audio_msgs/audio_msgs/msg/detail/audio__traits.hpp
[7.948s] -- Symlinking: /home/devuser/Workspaces/rosgsthumble_ws/install/audio_msgs/include/audio_msgs/audio_msgs/msg/detail/audio__type_support.hpp
[7.970s] -- Symlinking: /home/devuser/Workspaces/rosgsthumble_ws/install/audio_msgs/include/audio_msgs/audio_msgs/msg/rosidl_generator_cpp__visibility_control.hpp
[7.988s] -- Symlinking: /home/devuser/Workspaces/rosgsthumble_ws/install/audio_msgs/include/audio_msgs/audio_msgs/msg/detail/audio__rosidl_typesupport_fastrtps_cpp.hpp
[8.004s] -- Symlinking: /home/devuser/Workspaces/rosgsthumble_ws/install/audio_msgs/include/audio_msgs/audio_msgs/msg/rosidl_typesupport_fastrtps_cpp__visibility_control.h
[8.028s] -- Symlinking: /home/devuser/Workspaces/rosgsthumble_ws/install/audio_msgs/include/audio_msgs/audio_msgs/msg/detail/audio__rosidl_typesupport_introspection_c.h
[8.055s] -- Symlinking: /home/devuser/Workspaces/rosgsthumble_ws/install/audio_msgs/include/audio_msgs/audio_msgs/msg/rosidl_typesupport_introspection_c__visibility_control.h
[8.081s] -- Symlinking: /home/devuser/Workspaces/rosgsthumble_ws/install/audio_msgs/include/audio_msgs/audio_msgs/msg/detail/audio__rosidl_typesupport_introspection_cpp.hpp
[8.094s] -- Symlinking: /home/devuser/Workspaces/rosgsthumble_ws/install/audio_msgs/share/audio_msgs/environment/pythonpath.sh
[8.123s] -- Symlinking: /home/devuser/Workspaces/rosgsthumble_ws/install/audio_msgs/share/audio_msgs/environment/pythonpath.dsv
[8.151s] -- Symlinking: /home/devuser/Workspaces/rosgsthumble_ws/install/audio_msgs/local/lib/python3.10/dist-packages/audio_msgs-0.0.0-py3.10.egg-info/PKG-INFO
[8.180s] -- Symlinking: /home/devuser/Workspaces/rosgsthumble_ws/install/audio_msgs/local/lib/python3.10/dist-packages/audio_msgs-0.0.0-py3.10.egg-info/SOURCES.txt
[8.216s] -- Symlinking: /home/devuser/Workspaces/rosgsthumble_ws/install/audio_msgs/local/lib/python3.10/dist-packages/audio_msgs-0.0.0-py3.10.egg-info/dependency_links.txt
[8.244s] -- Symlinking: /home/devuser/Workspaces/rosgsthumble_ws/install/audio_msgs/local/lib/python3.10/dist-packages/audio_msgs-0.0.0-py3.10.egg-info/top_level.txt
[8.267s] -- Symlinking: /home/devuser/Workspaces/rosgsthumble_ws/install/audio_msgs/local/lib/python3.10/dist-packages/audio_msgs/__init__.py
[8.282s] -- Symlinking: /home/devuser/Workspaces/rosgsthumble_ws/install/audio_msgs/local/lib/python3.10/dist-packages/audio_msgs/_audio_msgs_s.ep.rosidl_typesupport_c.c
[8.295s] -- Symlinking: /home/devuser/Workspaces/rosgsthumble_ws/install/audio_msgs/local/lib/python3.10/dist-packages/audio_msgs/_audio_msgs_s.ep.rosidl_typesupport_fastrtps_c.c
[8.308s] -- Symlinking: /home/devuser/Workspaces/rosgsthumble_ws/install/audio_msgs/local/lib/python3.10/dist-packages/audio_msgs/_audio_msgs_s.ep.rosidl_typesupport_introspection_c.c
[8.328s] -- Symlinking: /home/devuser/Workspaces/rosgsthumble_ws/install/audio_msgs/local/lib/python3.10/dist-packages/audio_msgs/audio_msgs_s__rosidl_typesupport_c.cpython-310-x86_64-linux-gnu.so
[8.358s] -- Symlinking: /home/devuser/Workspaces/rosgsthumble_ws/install/audio_msgs/local/lib/python3.10/dist-packages/audio_msgs/audio_msgs_s__rosidl_typesupport_fastrtps_c.cpython-310-x86_64-linux-gnu.so
[8.381s] -- Symlinking: /home/devuser/Workspaces/rosgsthumble_ws/install/audio_msgs/local/lib/python3.10/dist-packages/audio_msgs/audio_msgs_s__rosidl_typesupport_introspection_c.cpython-310-x86_64-linux-gnu.so
[8.406s] -- Symlinking: /home/devuser/Workspaces/rosgsthumble_ws/install/audio_msgs/local/lib/python3.10/dist-packages/audio_msgs/libaudio_msgs__rosidl_generator_py.so
[8.422s] -- Symlinking: /home/devuser/Workspaces/rosgsthumble_ws/install/audio_msgs/local/lib/python3.10/dist-packages/audio_msgs/msg/__init__.py
[8.437s] -- Symlinking: /home/devuser/Workspaces/rosgsthumble_ws/install/audio_msgs/local/lib/python3.10/dist-packages/audio_msgs/msg/_audio.py
[8.451s] -- Symlinking: /home/devuser/Workspaces/rosgsthumble_ws/install/audio_msgs/local/lib/python3.10/dist-packages/audio_msgs/msg/_audio_s.c
[8.467s] -- Up-to-date symlink: /home/devuser/Workspaces/rosgsthumble_ws/install/audio_msgs/local/lib/python3.10/dist-packages/audio_msgs/audio_msgs_s__rosidl_typesupport_fastrtps_c.cpython-310-x86_64-linux-gnu.so
[8.467s] -- Up-to-date symlink: /home/devuser/Workspaces/rosgsthumble_ws/install/audio_msgs/local/lib/python3.10/dist-packages/audio_msgs/audio_msgs_s__rosidl_typesupport_introspection_c.cpython-310-x86_64-linux-gnu.so
[8.468s] -- Up-to-date symlink: /home/devuser/Workspaces/rosgsthumble_ws/install/audio_msgs/local/lib/python3.10/dist-packages/audio_msgs/audio_msgs_s__rosidl_typesupport_c.cpython-310-x86_64-linux-gnu.so
[8.469s] -- Symlinking: /home/devuser/Workspaces/rosgsthumble_ws/install/audio_msgs/share/audio_msgs/msg/Audio.idl
[8.490s] -- Symlinking: /home/devuser/Workspaces/rosgsthumble_ws/install/audio_msgs/share/audio_msgs/msg/Audio.msg
[8.505s] -- Symlinking: /home/devuser/Workspaces/rosgsthumble_ws/install/audio_msgs/share/ament_index/resource_index/package_run_dependencies/audio_msgs
[8.519s] -- Symlinking: /home/devuser/Workspaces/rosgsthumble_ws/install/audio_msgs/share/ament_index/resource_index/parent_prefix_path/audio_msgs
[8.532s] -- Symlinking: /home/devuser/Workspaces/rosgsthumble_ws/install/audio_msgs/share/audio_msgs/environment/ament_prefix_path.sh
[8.545s] -- Symlinking: /home/devuser/Workspaces/rosgsthumble_ws/install/audio_msgs/share/audio_msgs/environment/ament_prefix_path.dsv
[8.561s] -- Symlinking: /home/devuser/Workspaces/rosgsthumble_ws/install/audio_msgs/share/audio_msgs/environment/path.sh
[8.573s] -- Symlinking: /home/devuser/Workspaces/rosgsthumble_ws/install/audio_msgs/share/audio_msgs/environment/path.dsv
[8.586s] -- Symlinking: /home/devuser/Workspaces/rosgsthumble_ws/install/audio_msgs/share/audio_msgs/local_setup.bash
[8.602s] -- Symlinking: /home/devuser/Workspaces/rosgsthumble_ws/install/audio_msgs/share/audio_msgs/local_setup.sh
[8.615s] -- Symlinking: /home/devuser/Workspaces/rosgsthumble_ws/install/audio_msgs/share/audio_msgs/local_setup.zsh
[8.630s] -- Symlinking: /home/devuser/Workspaces/rosgsthumble_ws/install/audio_msgs/share/audio_msgs/local_setup.dsv
[8.643s] -- Symlinking: /home/devuser/Workspaces/rosgsthumble_ws/install/audio_msgs/share/audio_msgs/package.dsv
[8.656s] -- Symlinking: /home/devuser/Workspaces/rosgsthumble_ws/install/audio_msgs/share/ament_index/resource_index/packages/audio_msgs
[8.669s] -- Symlinking: /home/devuser/Workspaces/rosgsthumble_ws/install/audio_msgs/share/audio_msgs/cmake/rosidl_cmake-extras.cmake
[8.682s] -- Symlinking: /home/devuser/Workspaces/rosgsthumble_ws/install/audio_msgs/share/audio_msgs/cmake/ament_cmake_export_dependencies-extras.cmake
[8.690s] -- Symlinking: /home/devuser/Workspaces/rosgsthumble_ws/install/audio_msgs/share/audio_msgs/cmake/ament_cmake_export_include_directories-extras.cmake
[8.701s] -- Symlinking: /home/devuser/Workspaces/rosgsthumble_ws/install/audio_msgs/share/audio_msgs/cmake/ament_cmake_export_libraries-extras.cmake
[8.709s] -- Symlinking: /home/devuser/Workspaces/rosgsthumble_ws/install/audio_msgs/share/audio_msgs/cmake/ament_cmake_export_targets-extras.cmake
[8.719s] -- Symlinking: /home/devuser/Workspaces/rosgsthumble_ws/install/audio_msgs/share/audio_msgs/cmake/rosidl_cmake_export_typesupport_targets-extras.cmake
[8.727s] -- Symlinking: /home/devuser/Workspaces/rosgsthumble_ws/install/audio_msgs/share/audio_msgs/cmake/rosidl_cmake_export_typesupport_libraries-extras.cmake
[8.736s] -- Symlinking: /home/devuser/Workspaces/rosgsthumble_ws/install/audio_msgs/share/audio_msgs/cmake/audio_msgsConfig.cmake
[8.745s] -- Symlinking: /home/devuser/Workspaces/rosgsthumble_ws/install/audio_msgs/share/audio_msgs/cmake/audio_msgsConfig-version.cmake
[8.755s] -- Symlinking: /home/devuser/Workspaces/rosgsthumble_ws/install/audio_msgs/share/audio_msgs/package.xml
[8.765s] -- Installing: /home/devuser/Workspaces/rosgsthumble_ws/install/audio_msgs/lib/libaudio_msgs__rosidl_generator_c.so
[8.765s] -- Set runtime path of "/home/devuser/Workspaces/rosgsthumble_ws/install/audio_msgs/lib/libaudio_msgs__rosidl_generator_c.so" to ""
[8.766s] -- Installing: /home/devuser/Workspaces/rosgsthumble_ws/install/audio_msgs/lib/libaudio_msgs__rosidl_typesupport_fastrtps_c.so
[8.766s] -- Set runtime path of "/home/devuser/Workspaces/rosgsthumble_ws/install/audio_msgs/lib/libaudio_msgs__rosidl_typesupport_fastrtps_c.so" to ""
[8.766s] -- Installing: /home/devuser/Workspaces/rosgsthumble_ws/install/audio_msgs/lib/libaudio_msgs__rosidl_typesupport_fastrtps_cpp.so
[8.767s] -- Set runtime path of "/home/devuser/Workspaces/rosgsthumble_ws/install/audio_msgs/lib/libaudio_msgs__rosidl_typesupport_fastrtps_cpp.so" to ""
[8.767s] -- Installing: /home/devuser/Workspaces/rosgsthumble_ws/install/audio_msgs/lib/libaudio_msgs__rosidl_typesupport_introspection_c.so
[8.767s] -- Set runtime path of "/home/devuser/Workspaces/rosgsthumble_ws/install/audio_msgs/lib/libaudio_msgs__rosidl_typesupport_introspection_c.so" to ""
[8.767s] -- Installing: /home/devuser/Workspaces/rosgsthumble_ws/install/audio_msgs/lib/libaudio_msgs__rosidl_typesupport_c.so
[8.768s] -- Set runtime path of "/home/devuser/Workspaces/rosgsthumble_ws/install/audio_msgs/lib/libaudio_msgs__rosidl_typesupport_c.so" to ""
[8.768s] -- Installing: /home/devuser/Workspaces/rosgsthumble_ws/install/audio_msgs/lib/libaudio_msgs__rosidl_typesupport_introspection_cpp.so
[8.768s] -- Set runtime path of "/home/devuser/Workspaces/rosgsthumble_ws/install/audio_msgs/lib/libaudio_msgs__rosidl_typesupport_introspection_cpp.so" to ""
[8.768s] -- Installing: /home/devuser/Workspaces/rosgsthumble_ws/install/audio_msgs/lib/libaudio_msgs__rosidl_typesupport_cpp.so
[8.769s] -- Set runtime path of "/home/devuser/Workspaces/rosgsthumble_ws/install/audio_msgs/lib/libaudio_msgs__rosidl_typesupport_cpp.so" to ""
[8.810s] Listing '/home/devuser/Workspaces/rosgsthumble_ws/install/audio_msgs/local/lib/python3.10/dist-packages/audio_msgs'...
[8.810s] Compiling '/home/devuser/Workspaces/rosgsthumble_ws/install/audio_msgs/local/lib/python3.10/dist-packages/audio_msgs/__init__.py'...
[8.810s] Listing '/home/devuser/Workspaces/rosgsthumble_ws/install/audio_msgs/local/lib/python3.10/dist-packages/audio_msgs/msg'...
[8.810s] Compiling '/home/devuser/Workspaces/rosgsthumble_ws/install/audio_msgs/local/lib/python3.10/dist-packages/audio_msgs/msg/__init__.py'...
[8.810s] Compiling '/home/devuser/Workspaces/rosgsthumble_ws/install/audio_msgs/local/lib/python3.10/dist-packages/audio_msgs/msg/_audio.py'...
[8.819s] -- Installing: /home/devuser/Workspaces/rosgsthumble_ws/install/audio_msgs/lib/libaudio_msgs__rosidl_generator_py.so
[8.819s] -- Set runtime path of "/home/devuser/Workspaces/rosgsthumble_ws/install/audio_msgs/lib/libaudio_msgs__rosidl_generator_py.so" to ""
[8.819s] -- Installing: /home/devuser/Workspaces/rosgsthumble_ws/install/audio_msgs/share/audio_msgs/cmake/export_audio_msgs__rosidl_generator_cExport.cmake
[8.820s] -- Installing: /home/devuser/Workspaces/rosgsthumble_ws/install/audio_msgs/share/audio_msgs/cmake/export_audio_msgs__rosidl_generator_cExport-noconfig.cmake
[8.820s] -- Installing: /home/devuser/Workspaces/rosgsthumble_ws/install/audio_msgs/share/audio_msgs/cmake/export_audio_msgs__rosidl_typesupport_fastrtps_cExport.cmake
[8.820s] -- Installing: /home/devuser/Workspaces/rosgsthumble_ws/install/audio_msgs/share/audio_msgs/cmake/export_audio_msgs__rosidl_typesupport_fastrtps_cExport-noconfig.cmake
[8.820s] -- Installing: /home/devuser/Workspaces/rosgsthumble_ws/install/audio_msgs/share/audio_msgs/cmake/export_audio_msgs__rosidl_generator_cppExport.cmake
[8.821s] -- Installing: /home/devuser/Workspaces/rosgsthumble_ws/install/audio_msgs/share/audio_msgs/cmake/export_audio_msgs__rosidl_typesupport_fastrtps_cppExport.cmake
[8.821s] -- Installing: /home/devuser/Workspaces/rosgsthumble_ws/install/audio_msgs/share/audio_msgs/cmake/export_audio_msgs__rosidl_typesupport_fastrtps_cppExport-noconfig.cmake
[8.821s] -- Installing: /home/devuser/Workspaces/rosgsthumble_ws/install/audio_msgs/share/audio_msgs/cmake/audio_msgs__rosidl_typesupport_introspection_cExport.cmake
[8.821s] -- Installing: /home/devuser/Workspaces/rosgsthumble_ws/install/audio_msgs/share/audio_msgs/cmake/audio_msgs__rosidl_typesupport_introspection_cExport-noconfig.cmake
[8.821s] -- Installing: /home/devuser/Workspaces/rosgsthumble_ws/install/audio_msgs/share/audio_msgs/cmake/audio_msgs__rosidl_typesupport_cExport.cmake
[8.822s] -- Installing: /home/devuser/Workspaces/rosgsthumble_ws/install/audio_msgs/share/audio_msgs/cmake/audio_msgs__rosidl_typesupport_cExport-noconfig.cmake
[8.822s] -- Installing: /home/devuser/Workspaces/rosgsthumble_ws/install/audio_msgs/share/audio_msgs/cmake/audio_msgs__rosidl_typesupport_introspection_cppExport.cmake
[8.822s] -- Installing: /home/devuser/Workspaces/rosgsthumble_ws/install/audio_msgs/share/audio_msgs/cmake/audio_msgs__rosidl_typesupport_introspection_cppExport-noconfig.cmake
[8.822s] -- Installing: /home/devuser/Workspaces/rosgsthumble_ws/install/audio_msgs/share/audio_msgs/cmake/audio_msgs__rosidl_typesupport_cppExport.cmake
[8.822s] -- Installing: /home/devuser/Workspaces/rosgsthumble_ws/install/audio_msgs/share/audio_msgs/cmake/audio_msgs__rosidl_typesupport_cppExport-noconfig.cmake
[8.823s] -- Installing: /home/devuser/Workspaces/rosgsthumble_ws/install/audio_msgs/share/audio_msgs/cmake/export_audio_msgs__rosidl_generator_pyExport.cmake
[8.823s] -- Installing: /home/devuser/Workspaces/rosgsthumble_ws/install/audio_msgs/share/audio_msgs/cmake/export_audio_msgs__rosidl_generator_pyExport-noconfig.cmake
[8.825s] Invoked command in '/home/devuser/Workspaces/rosgsthumble_ws/build/audio_msgs' returned '0': CMAKE_PREFIX_PATH=/opt/ros/humble /usr/bin/cmake --install /home/devuser/Workspaces/rosgsthumble_ws/build/audio_msgs
