[0.016s] Invoking command in '/home/devuser/Workspaces/rosgsthumble_ws/build/gst_pipeline_plugins_webrtc': AMENT_PREFIX_PATH=/home/devuser/Workspaces/rosgsthumble_ws/install/gst_pipeline:/home/devuser/Workspaces/rosgsthumble_ws/install/gst_bridge:/home/devuser/Workspaces/rosgsthumble_ws/install/gst_msgs:/home/devuser/Workspaces/rosgsthumble_ws/install/audio_msgs:${AMENT_PREFIX_PATH} CMAKE_PREFIX_PATH=/home/devuser/Workspaces/rosgsthumble_ws/install/gst_pipeline:/home/devuser/Workspaces/rosgsthumble_ws/install/gst_bridge:/home/devuser/Workspaces/rosgsthumble_ws/install/gst_msgs:/home/devuser/Workspaces/rosgsthumble_ws/install/audio_msgs:/opt/ros/humble LD_LIBRARY_PATH=/home/devuser/Workspaces/rosgsthumble_ws/install/gst_pipeline/lib:/home/devuser/Workspaces/rosgsthumble_ws/install/gst_bridge/lib:/home/devuser/Workspaces/rosgsthumble_ws/install/gst_msgs/lib:/home/devuser/Workspaces/rosgsthumble_ws/install/audio_msgs/lib:${LD_LIBRARY_PATH} PYTHONPATH=/home/devuser/Workspaces/rosgsthumble_ws/install/gst_msgs/local/lib/python3.10/dist-packages:/home/devuser/Workspaces/rosgsthumble_ws/install/audio_msgs/local/lib/python3.10/dist-packages:${PYTHONPATH} /usr/bin/cmake --build /home/devuser/Workspaces/rosgsthumble_ws/build/gst_pipeline_plugins_webrtc -- -j16 -l16
[0.078s] [100%] Built target gst_pipeline_plugins_webrtc
[0.089s] Invoked command in '/home/devuser/Workspaces/rosgsthumble_ws/build/gst_pipeline_plugins_webrtc' returned '0': AMENT_PREFIX_PATH=/home/devuser/Workspaces/rosgsthumble_ws/install/gst_pipeline:/home/devuser/Workspaces/rosgsthumble_ws/install/gst_bridge:/home/devuser/Workspaces/rosgsthumble_ws/install/gst_msgs:/home/devuser/Workspaces/rosgsthumble_ws/install/audio_msgs:${AMENT_PREFIX_PATH} CMAKE_PREFIX_PATH=/home/devuser/Workspaces/rosgsthumble_ws/install/gst_pipeline:/home/devuser/Workspaces/rosgsthumble_ws/install/gst_bridge:/home/devuser/Workspaces/rosgsthumble_ws/install/gst_msgs:/home/devuser/Workspaces/rosgsthumble_ws/install/audio_msgs:/opt/ros/humble LD_LIBRARY_PATH=/home/devuser/Workspaces/rosgsthumble_ws/install/gst_pipeline/lib:/home/devuser/Workspaces/rosgsthumble_ws/install/gst_bridge/lib:/home/devuser/Workspaces/rosgsthumble_ws/install/gst_msgs/lib:/home/devuser/Workspaces/rosgsthumble_ws/install/audio_msgs/lib:${LD_LIBRARY_PATH} PYTHONPATH=/home/devuser/Workspaces/rosgsthumble_ws/install/gst_msgs/local/lib/python3.10/dist-packages:/home/devuser/Workspaces/rosgsthumble_ws/install/audio_msgs/local/lib/python3.10/dist-packages:${PYTHONPATH} /usr/bin/cmake --build /home/devuser/Workspaces/rosgsthumble_ws/build/gst_pipeline_plugins_webrtc -- -j16 -l16
[0.091s] Invoking command in '/home/devuser/Workspaces/rosgsthumble_ws/build/gst_pipeline_plugins_webrtc': AMENT_PREFIX_PATH=/home/devuser/Workspaces/rosgsthumble_ws/install/gst_pipeline:/home/devuser/Workspaces/rosgsthumble_ws/install/gst_bridge:/home/devuser/Workspaces/rosgsthumble_ws/install/gst_msgs:/home/devuser/Workspaces/rosgsthumble_ws/install/audio_msgs:${AMENT_PREFIX_PATH} CMAKE_PREFIX_PATH=/home/devuser/Workspaces/rosgsthumble_ws/install/gst_pipeline:/home/devuser/Workspaces/rosgsthumble_ws/install/gst_bridge:/home/devuser/Workspaces/rosgsthumble_ws/install/gst_msgs:/home/devuser/Workspaces/rosgsthumble_ws/install/audio_msgs:/opt/ros/humble LD_LIBRARY_PATH=/home/devuser/Workspaces/rosgsthumble_ws/install/gst_pipeline/lib:/home/devuser/Workspaces/rosgsthumble_ws/install/gst_bridge/lib:/home/devuser/Workspaces/rosgsthumble_ws/install/gst_msgs/lib:/home/devuser/Workspaces/rosgsthumble_ws/install/audio_msgs/lib:${LD_LIBRARY_PATH} PYTHONPATH=/home/devuser/Workspaces/rosgsthumble_ws/install/gst_msgs/local/lib/python3.10/dist-packages:/home/devuser/Workspaces/rosgsthumble_ws/install/audio_msgs/local/lib/python3.10/dist-packages:${PYTHONPATH} /usr/bin/cmake --install /home/devuser/Workspaces/rosgsthumble_ws/build/gst_pipeline_plugins_webrtc
[0.098s] -- Install configuration: ""
[0.098s] -- Execute custom install script
[0.099s] -- Up-to-date symlink: /home/devuser/Workspaces/rosgsthumble_ws/install/gst_pipeline_plugins_webrtc/include/gst_pipeline_plugins_webrtc/base.h
[0.099s] -- Up-to-date symlink: /home/devuser/Workspaces/rosgsthumble_ws/install/gst_pipeline_plugins_webrtc/include/gst_pipeline_plugins_webrtc/datachannel.h
[0.099s] -- Up-to-date symlink: /home/devuser/Workspaces/rosgsthumble_ws/install/gst_pipeline_plugins_webrtc/include/gst_pipeline_plugins_webrtc/ros.h
[0.099s] -- Up-to-date symlink: /home/devuser/Workspaces/rosgsthumble_ws/install/gst_pipeline_plugins_webrtc/include/gst_pipeline_plugins_webrtc/websockets.h
[0.099s] -- Up-to-date symlink: /home/devuser/Workspaces/rosgsthumble_ws/install/gst_pipeline_plugins_webrtc/share/gst_pipeline_plugins_webrtc/config/dynamic_loop.config.yaml
[0.099s] -- Up-to-date symlink: /home/devuser/Workspaces/rosgsthumble_ws/install/gst_pipeline_plugins_webrtc/share/gst_pipeline_plugins_webrtc/config/peer_to_peer.config.yaml
[0.099s] -- Up-to-date symlink: /home/devuser/Workspaces/rosgsthumble_ws/install/gst_pipeline_plugins_webrtc/share/gst_pipeline_plugins_webrtc/config/websockets.config.yaml
[0.099s] -- Up-to-date symlink: /home/devuser/Workspaces/rosgsthumble_ws/install/gst_pipeline_plugins_webrtc/share/gst_pipeline_plugins_webrtc/config/websockets_and_datachannels.config.yaml
[0.100s] -- Up-to-date symlink: /home/devuser/Workspaces/rosgsthumble_ws/install/gst_pipeline_plugins_webrtc/share/gst_pipeline_plugins_webrtc/launch/dynamic_loop.launch.py
[0.100s] -- Up-to-date symlink: /home/devuser/Workspaces/rosgsthumble_ws/install/gst_pipeline_plugins_webrtc/share/gst_pipeline_plugins_webrtc/launch/peer_to_peer.launch.py
[0.100s] -- Up-to-date symlink: /home/devuser/Workspaces/rosgsthumble_ws/install/gst_pipeline_plugins_webrtc/share/gst_pipeline_plugins_webrtc/launch/websockets.launch.py
[0.100s] -- Up-to-date symlink: /home/devuser/Workspaces/rosgsthumble_ws/install/gst_pipeline_plugins_webrtc/share/gst_pipeline_plugins_webrtc/launch/websockets_and_datachannels.launch.py
[0.100s] -- Up-to-date symlink: /home/devuser/Workspaces/rosgsthumble_ws/install/gst_pipeline_plugins_webrtc/share/gst_pipeline_plugins_webrtc//plugins.xml
[0.100s] -- Up-to-date symlink: /home/devuser/Workspaces/rosgsthumble_ws/install/gst_pipeline_plugins_webrtc/share/gst_pipeline_plugins_webrtc//datachannel_plugins.xml
[0.100s] -- Up-to-date symlink: /home/devuser/Workspaces/rosgsthumble_ws/install/gst_pipeline_plugins_webrtc/share/gst_pipeline_plugins_webrtc/environment/library_path.sh
[0.101s] -- Up-to-date symlink: /home/devuser/Workspaces/rosgsthumble_ws/install/gst_pipeline_plugins_webrtc/share/gst_pipeline_plugins_webrtc/environment/library_path.dsv
[0.101s] -- Up-to-date symlink: /home/devuser/Workspaces/rosgsthumble_ws/install/gst_pipeline_plugins_webrtc/share/ament_index/resource_index/package_run_dependencies/gst_pipeline_plugins_webrtc
[0.101s] -- Up-to-date symlink: /home/devuser/Workspaces/rosgsthumble_ws/install/gst_pipeline_plugins_webrtc/share/ament_index/resource_index/parent_prefix_path/gst_pipeline_plugins_webrtc
[0.101s] -- Up-to-date symlink: /home/devuser/Workspaces/rosgsthumble_ws/install/gst_pipeline_plugins_webrtc/share/gst_pipeline_plugins_webrtc/environment/ament_prefix_path.sh
[0.101s] -- Up-to-date symlink: /home/devuser/Workspaces/rosgsthumble_ws/install/gst_pipeline_plugins_webrtc/share/gst_pipeline_plugins_webrtc/environment/ament_prefix_path.dsv
[0.101s] -- Up-to-date symlink: /home/devuser/Workspaces/rosgsthumble_ws/install/gst_pipeline_plugins_webrtc/share/gst_pipeline_plugins_webrtc/environment/path.sh
[0.101s] -- Up-to-date symlink: /home/devuser/Workspaces/rosgsthumble_ws/install/gst_pipeline_plugins_webrtc/share/gst_pipeline_plugins_webrtc/environment/path.dsv
[0.102s] -- Up-to-date symlink: /home/devuser/Workspaces/rosgsthumble_ws/install/gst_pipeline_plugins_webrtc/share/gst_pipeline_plugins_webrtc/local_setup.bash
[0.102s] -- Up-to-date symlink: /home/devuser/Workspaces/rosgsthumble_ws/install/gst_pipeline_plugins_webrtc/share/gst_pipeline_plugins_webrtc/local_setup.sh
[0.102s] -- Up-to-date symlink: /home/devuser/Workspaces/rosgsthumble_ws/install/gst_pipeline_plugins_webrtc/share/gst_pipeline_plugins_webrtc/local_setup.zsh
[0.102s] -- Up-to-date symlink: /home/devuser/Workspaces/rosgsthumble_ws/install/gst_pipeline_plugins_webrtc/share/gst_pipeline_plugins_webrtc/local_setup.dsv
[0.102s] -- Symlinking: /home/devuser/Workspaces/rosgsthumble_ws/install/gst_pipeline_plugins_webrtc/share/gst_pipeline_plugins_webrtc/package.dsv
[0.111s] -- Up-to-date symlink: /home/devuser/Workspaces/rosgsthumble_ws/install/gst_pipeline_plugins_webrtc/share/ament_index/resource_index/packages/gst_pipeline_plugins_webrtc
[0.111s] -- Up-to-date symlink: /home/devuser/Workspaces/rosgsthumble_ws/install/gst_pipeline_plugins_webrtc/share/ament_index/resource_index/gst_pipeline__pluginlib__plugin/gst_pipeline_plugins_webrtc
[0.111s] -- Up-to-date symlink: /home/devuser/Workspaces/rosgsthumble_ws/install/gst_pipeline_plugins_webrtc/share/ament_index/resource_index/gst_pipeline_plugins_webrtc__pluginlib__plugin/gst_pipeline_plugins_webrtc
[0.111s] -- Up-to-date symlink: /home/devuser/Workspaces/rosgsthumble_ws/install/gst_pipeline_plugins_webrtc/share/gst_pipeline_plugins_webrtc/cmake/ament_cmake_export_include_directories-extras.cmake
[0.111s] -- Up-to-date symlink: /home/devuser/Workspaces/rosgsthumble_ws/install/gst_pipeline_plugins_webrtc/share/gst_pipeline_plugins_webrtc/cmake/ament_cmake_export_libraries-extras.cmake
[0.111s] -- Up-to-date symlink: /home/devuser/Workspaces/rosgsthumble_ws/install/gst_pipeline_plugins_webrtc/share/gst_pipeline_plugins_webrtc/cmake/ament_cmake_export_targets-extras.cmake
[0.112s] -- Up-to-date symlink: /home/devuser/Workspaces/rosgsthumble_ws/install/gst_pipeline_plugins_webrtc/share/gst_pipeline_plugins_webrtc/cmake/ament_cmake_export_dependencies-extras.cmake
[0.112s] -- Up-to-date symlink: /home/devuser/Workspaces/rosgsthumble_ws/install/gst_pipeline_plugins_webrtc/share/gst_pipeline_plugins_webrtc/cmake/gst_pipeline_plugins_webrtcConfig.cmake
[0.112s] -- Up-to-date symlink: /home/devuser/Workspaces/rosgsthumble_ws/install/gst_pipeline_plugins_webrtc/share/gst_pipeline_plugins_webrtc/cmake/gst_pipeline_plugins_webrtcConfig-version.cmake
[0.112s] -- Up-to-date symlink: /home/devuser/Workspaces/rosgsthumble_ws/install/gst_pipeline_plugins_webrtc/share/gst_pipeline_plugins_webrtc/package.xml
[0.112s] -- Up-to-date: /home/devuser/Workspaces/rosgsthumble_ws/install/gst_pipeline_plugins_webrtc/lib/libgst_pipeline_plugins_webrtc.so
[0.113s] -- Up-to-date: /home/devuser/Workspaces/rosgsthumble_ws/install/gst_pipeline_plugins_webrtc/share/gst_pipeline_plugins_webrtc/cmake/export_gst_pipeline_plugins_webrtcExport.cmake
[0.113s] -- Up-to-date: /home/devuser/Workspaces/rosgsthumble_ws/install/gst_pipeline_plugins_webrtc/share/gst_pipeline_plugins_webrtc/cmake/export_gst_pipeline_plugins_webrtcExport-noconfig.cmake
[0.115s] Invoked command in '/home/devuser/Workspaces/rosgsthumble_ws/build/gst_pipeline_plugins_webrtc' returned '0': AMENT_PREFIX_PATH=/home/devuser/Workspaces/rosgsthumble_ws/install/gst_pipeline:/home/devuser/Workspaces/rosgsthumble_ws/install/gst_bridge:/home/devuser/Workspaces/rosgsthumble_ws/install/gst_msgs:/home/devuser/Workspaces/rosgsthumble_ws/install/audio_msgs:${AMENT_PREFIX_PATH} CMAKE_PREFIX_PATH=/home/devuser/Workspaces/rosgsthumble_ws/install/gst_pipeline:/home/devuser/Workspaces/rosgsthumble_ws/install/gst_bridge:/home/devuser/Workspaces/rosgsthumble_ws/install/gst_msgs:/home/devuser/Workspaces/rosgsthumble_ws/install/audio_msgs:/opt/ros/humble LD_LIBRARY_PATH=/home/devuser/Workspaces/rosgsthumble_ws/install/gst_pipeline/lib:/home/devuser/Workspaces/rosgsthumble_ws/install/gst_bridge/lib:/home/devuser/Workspaces/rosgsthumble_ws/install/gst_msgs/lib:/home/devuser/Workspaces/rosgsthumble_ws/install/audio_msgs/lib:${LD_LIBRARY_PATH} PYTHONPATH=/home/devuser/Workspaces/rosgsthumble_ws/install/gst_msgs/local/lib/python3.10/dist-packages:/home/devuser/Workspaces/rosgsthumble_ws/install/audio_msgs/local/lib/python3.10/dist-packages:${PYTHONPATH} /usr/bin/cmake --install /home/devuser/Workspaces/rosgsthumble_ws/build/gst_pipeline_plugins_webrtc
