[0.011s] Invoking command in '/home/devuser/Workspaces/build/webrtc_camera_node': AMENT_PREFIX_PATH=/home/devuser/Workspaces/install/gst_bridge:/home/devuser/Workspaces/install/audio_msgs:${AMENT_PREFIX_PATH} CMAKE_PREFIX_PATH=/home/devuser/Workspaces/install/gst_bridge:/home/devuser/Workspaces/install/audio_msgs:/opt/ros/humble LD_LIBRARY_PATH=/home/devuser/Workspaces/install/gst_bridge/lib:/home/devuser/Workspaces/install/audio_msgs/lib:${LD_LIBRARY_PATH} PYTHONPATH=/home/devuser/Workspaces/install/audio_msgs/local/lib/python3.10/dist-packages:${PYTHONPATH} /usr/bin/cmake /home/devuser/Workspaces/rosgsthumble_ws/src/webrtc_camera_node -DAMENT_CMAKE_SYMLINK_INSTALL=1 -DCMAKE_INSTALL_PREFIX=/home/devuser/Workspaces/install/webrtc_camera_node
[0.054s] -- The C compiler identification is GNU 11.4.0
[0.099s] -- The CXX compiler identification is GNU 11.4.0
[0.105s] -- Detecting C compiler ABI info
[0.163s] -- Detecting C compiler ABI info - done
[0.168s] -- Check for working C compiler: /usr/bin/cc - skipped
[0.168s] -- Detecting C compile features
[0.169s] -- Detecting C compile features - done
[0.171s] -- Detecting CXX compiler ABI info
[0.238s] -- Detecting CXX compiler ABI info - done
[0.244s] -- Check for working CXX compiler: /usr/bin/c++ - skipped
[0.244s] -- Detecting CXX compile features
[0.244s] -- Detecting CXX compile features - done
[0.248s] -- Found PkgConfig: /usr/bin/pkg-config (found version "0.29.2") 
[0.250s] -- Found rclcpp: 16.0.15 (/opt/ros/humble/share/rclcpp/cmake)
[0.364s] -- Found Python3: /usr/bin/python3 (found version "3.10.12") found components: Interpreter 
[0.413s] -- Override CMake install command with custom implementation using symlinks instead of copying resources
[0.486s] -- Found rosidl_generator_c: 3.1.7 (/opt/ros/humble/share/rosidl_generator_c/cmake)
[0.491s] -- Found rosidl_adapter: 3.1.7 (/opt/ros/humble/share/rosidl_adapter/cmake)
[0.499s] -- Found rosidl_generator_cpp: 3.1.7 (/opt/ros/humble/share/rosidl_generator_cpp/cmake)
[0.510s] -- Using all available rosidl_typesupport_c: rosidl_typesupport_fastrtps_c;rosidl_typesupport_introspection_c
[0.524s] -- Using all available rosidl_typesupport_cpp: rosidl_typesupport_fastrtps_cpp;rosidl_typesupport_introspection_cpp
[0.564s] -- Found rmw_implementation_cmake: 6.1.2 (/opt/ros/humble/share/rmw_implementation_cmake/cmake)
[0.566s] -- Found rmw_fastrtps_cpp: 6.2.8 (/opt/ros/humble/share/rmw_fastrtps_cpp/cmake)
[0.658s] -- Found OpenSSL: /usr/lib/x86_64-linux-gnu/libcrypto.so (found version "3.0.2")  
[0.687s] -- Found FastRTPS: /opt/ros/humble/include  
[0.737s] -- Using RMW implementation 'rmw_fastrtps_cpp' as default
[0.746s] -- Looking for pthread.h
[0.810s] -- Looking for pthread.h - found
[0.811s] -- Performing Test CMAKE_HAVE_LIBC_PTHREAD
[0.874s] -- Performing Test CMAKE_HAVE_LIBC_PTHREAD - Success
[0.875s] -- Found Threads: TRUE  
[0.916s] -- Found sensor_msgs: 4.9.0 (/opt/ros/humble/share/sensor_msgs/cmake)
[0.939s] -- Found gst_bridge: 0.0.0 (/home/devuser/Workspaces/install/gst_bridge/share/gst_bridge/cmake)
[0.951s] -- Checking for modules 'gstreamer-1.0;gstreamer-webrtc-1.0;gstreamer-app-1.0;gstreamer-video-1.0;gstreamer-sdp-1.0;glib-2.0'
[0.979s] --   Found gstreamer-1.0, version 1.20.3
[0.990s] --   Found gstreamer-webrtc-1.0, version 1.20.3
[1.000s] --   Found gstreamer-app-1.0, version 1.20.1
[1.012s] --   Found gstreamer-video-1.0, version 1.20.1
[1.023s] --   Found gstreamer-sdp-1.0, version 1.20.1
[1.033s] --   Found glib-2.0, version 2.72.4
[1.082s] -- Configuring done
[1.099s] -- Generating done
[1.102s] -- Build files have been written to: /home/devuser/Workspaces/build/webrtc_camera_node
[1.109s] Invoked command in '/home/devuser/Workspaces/build/webrtc_camera_node' returned '0': AMENT_PREFIX_PATH=/home/devuser/Workspaces/install/gst_bridge:/home/devuser/Workspaces/install/audio_msgs:${AMENT_PREFIX_PATH} CMAKE_PREFIX_PATH=/home/devuser/Workspaces/install/gst_bridge:/home/devuser/Workspaces/install/audio_msgs:/opt/ros/humble LD_LIBRARY_PATH=/home/devuser/Workspaces/install/gst_bridge/lib:/home/devuser/Workspaces/install/audio_msgs/lib:${LD_LIBRARY_PATH} PYTHONPATH=/home/devuser/Workspaces/install/audio_msgs/local/lib/python3.10/dist-packages:${PYTHONPATH} /usr/bin/cmake /home/devuser/Workspaces/rosgsthumble_ws/src/webrtc_camera_node -DAMENT_CMAKE_SYMLINK_INSTALL=1 -DCMAKE_INSTALL_PREFIX=/home/devuser/Workspaces/install/webrtc_camera_node
[1.111s] Invoking command in '/home/devuser/Workspaces/build/webrtc_camera_node': AMENT_PREFIX_PATH=/home/devuser/Workspaces/install/gst_bridge:/home/devuser/Workspaces/install/audio_msgs:${AMENT_PREFIX_PATH} CMAKE_PREFIX_PATH=/home/devuser/Workspaces/install/gst_bridge:/home/devuser/Workspaces/install/audio_msgs:/opt/ros/humble LD_LIBRARY_PATH=/home/devuser/Workspaces/install/gst_bridge/lib:/home/devuser/Workspaces/install/audio_msgs/lib:${LD_LIBRARY_PATH} PYTHONPATH=/home/devuser/Workspaces/install/audio_msgs/local/lib/python3.10/dist-packages:${PYTHONPATH} /usr/bin/cmake --build /home/devuser/Workspaces/build/webrtc_camera_node -- -j16 -l16
[1.158s] [ 50%] [32mBuilding CXX object CMakeFiles/camera_webrtc_node.dir/src/camera_webrtc_node.cpp.o[0m
[3.657s] [100%] [32m[1mLinking CXX executable camera_webrtc_node[0m
[3.884s] [100%] Built target camera_webrtc_node
[3.897s] Invoked command in '/home/devuser/Workspaces/build/webrtc_camera_node' returned '0': AMENT_PREFIX_PATH=/home/devuser/Workspaces/install/gst_bridge:/home/devuser/Workspaces/install/audio_msgs:${AMENT_PREFIX_PATH} CMAKE_PREFIX_PATH=/home/devuser/Workspaces/install/gst_bridge:/home/devuser/Workspaces/install/audio_msgs:/opt/ros/humble LD_LIBRARY_PATH=/home/devuser/Workspaces/install/gst_bridge/lib:/home/devuser/Workspaces/install/audio_msgs/lib:${LD_LIBRARY_PATH} PYTHONPATH=/home/devuser/Workspaces/install/audio_msgs/local/lib/python3.10/dist-packages:${PYTHONPATH} /usr/bin/cmake --build /home/devuser/Workspaces/build/webrtc_camera_node -- -j16 -l16
[3.898s] Invoking command in '/home/devuser/Workspaces/build/webrtc_camera_node': AMENT_PREFIX_PATH=/home/devuser/Workspaces/install/gst_bridge:/home/devuser/Workspaces/install/audio_msgs:${AMENT_PREFIX_PATH} CMAKE_PREFIX_PATH=/home/devuser/Workspaces/install/gst_bridge:/home/devuser/Workspaces/install/audio_msgs:/opt/ros/humble LD_LIBRARY_PATH=/home/devuser/Workspaces/install/gst_bridge/lib:/home/devuser/Workspaces/install/audio_msgs/lib:${LD_LIBRARY_PATH} PYTHONPATH=/home/devuser/Workspaces/install/audio_msgs/local/lib/python3.10/dist-packages:${PYTHONPATH} /usr/bin/cmake --install /home/devuser/Workspaces/build/webrtc_camera_node
[3.905s] -- Install configuration: ""
[3.906s] -- Execute custom install script
[3.906s] -- Symlinking: /home/devuser/Workspaces/install/webrtc_camera_node/lib/webrtc_camera_node/camera_webrtc_node
[3.917s] Invoked command in '/home/devuser/Workspaces/build/webrtc_camera_node' returned '0': AMENT_PREFIX_PATH=/home/devuser/Workspaces/install/gst_bridge:/home/devuser/Workspaces/install/audio_msgs:${AMENT_PREFIX_PATH} CMAKE_PREFIX_PATH=/home/devuser/Workspaces/install/gst_bridge:/home/devuser/Workspaces/install/audio_msgs:/opt/ros/humble LD_LIBRARY_PATH=/home/devuser/Workspaces/install/gst_bridge/lib:/home/devuser/Workspaces/install/audio_msgs/lib:${LD_LIBRARY_PATH} PYTHONPATH=/home/devuser/Workspaces/install/audio_msgs/local/lib/python3.10/dist-packages:${PYTHONPATH} /usr/bin/cmake --install /home/devuser/Workspaces/build/webrtc_camera_node
