[0.396s] Invoking command in '/home/devuser/Workspaces/rosgsthumble_ws/build/realsense2_camera': CMAKE_PREFIX_PATH=/home/devuser/Workspaces/rosgsthumble_ws/install/realsense2_camera_msgs:/home/devuser/Workspaces/rosgsthumble_ws/install/webrtc_camera_node:/home/devuser/Workspaces/rosgsthumble_ws/install/realsense2_description:/home/devuser/Workspaces/rosgsthumble_ws/install/realsense2_camera:/home/devuser/Workspaces/rosgsthumble_ws/install/gst_pipeline_plugins_webrtc:/home/devuser/Workspaces/rosgsthumble_ws/install/gst_pipeline_plugins:/home/devuser/Workspaces/rosgsthumble_ws/install/gst_pipeline:/home/devuser/Workspaces/rosgsthumble_ws/install/gst_msgs:/home/devuser/Workspaces/rosgsthumble_ws/install/gst_bridge:/home/devuser/Workspaces/rosgsthumble_ws/install/cpp_campub:/home/devuser/Workspaces/rosgsthumble_ws/install/audio_msgs:/opt/ros/humble LD_LIBRARY_PATH=/home/devuser/Workspaces/rosgsthumble_ws/install/realsense2_camera_msgs/lib:/home/devuser/Workspaces/rosgsthumble_ws/install/realsense2_camera/lib:/home/devuser/Workspaces/rosgsthumble_ws/install/gst_pipeline_plugins_webrtc/lib:/home/devuser/Workspaces/rosgsthumble_ws/install/gst_pipeline_plugins/lib:/home/devuser/Workspaces/rosgsthumble_ws/install/gst_pipeline/lib:/home/devuser/Workspaces/rosgsthumble_ws/install/gst_msgs/lib:/home/devuser/Workspaces/rosgsthumble_ws/install/gst_bridge/lib:/home/devuser/Workspaces/rosgsthumble_ws/install/audio_msgs/lib:/opt/ros/humble/lib/aarch64-linux-gnu:/opt/ros/humble/lib /usr/bin/cmake --build /home/devuser/Workspaces/rosgsthumble_ws/build/realsense2_camera -- -j4 -l4
[2.530s] [35m[1mConsolidate compiler generated dependencies of target gtest_main[0m
[2.595s] [35m[1mConsolidate compiler generated dependencies of target realsense2_camera_node[0m
[2.673s] [35m[1mConsolidate compiler generated dependencies of target gtest[0m
[2.786s] [  8%] Built target gtest_main
[2.836s] [ 16%] Built target gtest
[2.848s] [ 24%] Built target realsense2_camera_node
[3.262s] [35m[1mConsolidate compiler generated dependencies of target gtest_template[0m
[3.309s] [ 32%] Built target gtest_template
[3.532s] [35m[1mConsolidate compiler generated dependencies of target realsense2_camera[0m
[4.033s] [100%] Built target realsense2_camera
[4.074s] Invoked command in '/home/devuser/Workspaces/rosgsthumble_ws/build/realsense2_camera' returned '0': CMAKE_PREFIX_PATH=/home/devuser/Workspaces/rosgsthumble_ws/install/realsense2_camera_msgs:/home/devuser/Workspaces/rosgsthumble_ws/install/webrtc_camera_node:/home/devuser/Workspaces/rosgsthumble_ws/install/realsense2_description:/home/devuser/Workspaces/rosgsthumble_ws/install/realsense2_camera:/home/devuser/Workspaces/rosgsthumble_ws/install/gst_pipeline_plugins_webrtc:/home/devuser/Workspaces/rosgsthumble_ws/install/gst_pipeline_plugins:/home/devuser/Workspaces/rosgsthumble_ws/install/gst_pipeline:/home/devuser/Workspaces/rosgsthumble_ws/install/gst_msgs:/home/devuser/Workspaces/rosgsthumble_ws/install/gst_bridge:/home/devuser/Workspaces/rosgsthumble_ws/install/cpp_campub:/home/devuser/Workspaces/rosgsthumble_ws/install/audio_msgs:/opt/ros/humble LD_LIBRARY_PATH=/home/devuser/Workspaces/rosgsthumble_ws/install/realsense2_camera_msgs/lib:/home/devuser/Workspaces/rosgsthumble_ws/install/realsense2_camera/lib:/home/devuser/Workspaces/rosgsthumble_ws/install/gst_pipeline_plugins_webrtc/lib:/home/devuser/Workspaces/rosgsthumble_ws/install/gst_pipeline_plugins/lib:/home/devuser/Workspaces/rosgsthumble_ws/install/gst_pipeline/lib:/home/devuser/Workspaces/rosgsthumble_ws/install/gst_msgs/lib:/home/devuser/Workspaces/rosgsthumble_ws/install/gst_bridge/lib:/home/devuser/Workspaces/rosgsthumble_ws/install/audio_msgs/lib:/opt/ros/humble/lib/aarch64-linux-gnu:/opt/ros/humble/lib /usr/bin/cmake --build /home/devuser/Workspaces/rosgsthumble_ws/build/realsense2_camera -- -j4 -l4
[4.232s] Invoking command in '/home/devuser/Workspaces/rosgsthumble_ws/build/realsense2_camera': CMAKE_PREFIX_PATH=/home/devuser/Workspaces/rosgsthumble_ws/install/realsense2_camera_msgs:/home/devuser/Workspaces/rosgsthumble_ws/install/webrtc_camera_node:/home/devuser/Workspaces/rosgsthumble_ws/install/realsense2_description:/home/devuser/Workspaces/rosgsthumble_ws/install/realsense2_camera:/home/devuser/Workspaces/rosgsthumble_ws/install/gst_pipeline_plugins_webrtc:/home/devuser/Workspaces/rosgsthumble_ws/install/gst_pipeline_plugins:/home/devuser/Workspaces/rosgsthumble_ws/install/gst_pipeline:/home/devuser/Workspaces/rosgsthumble_ws/install/gst_msgs:/home/devuser/Workspaces/rosgsthumble_ws/install/gst_bridge:/home/devuser/Workspaces/rosgsthumble_ws/install/cpp_campub:/home/devuser/Workspaces/rosgsthumble_ws/install/audio_msgs:/opt/ros/humble LD_LIBRARY_PATH=/home/devuser/Workspaces/rosgsthumble_ws/install/realsense2_camera_msgs/lib:/home/devuser/Workspaces/rosgsthumble_ws/install/realsense2_camera/lib:/home/devuser/Workspaces/rosgsthumble_ws/install/gst_pipeline_plugins_webrtc/lib:/home/devuser/Workspaces/rosgsthumble_ws/install/gst_pipeline_plugins/lib:/home/devuser/Workspaces/rosgsthumble_ws/install/gst_pipeline/lib:/home/devuser/Workspaces/rosgsthumble_ws/install/gst_msgs/lib:/home/devuser/Workspaces/rosgsthumble_ws/install/gst_bridge/lib:/home/devuser/Workspaces/rosgsthumble_ws/install/audio_msgs/lib:/opt/ros/humble/lib/aarch64-linux-gnu:/opt/ros/humble/lib /usr/bin/cmake --install /home/devuser/Workspaces/rosgsthumble_ws/build/realsense2_camera
[4.356s] -- Install configuration: "Release"
[4.358s] -- Execute custom install script
[4.362s] -- Up-to-date symlink: /home/devuser/Workspaces/rosgsthumble_ws/install/realsense2_camera/share/realsense2_camera/config/global_settings.yaml
[4.368s] -- Up-to-date symlink: /home/devuser/Workspaces/rosgsthumble_ws/install/realsense2_camera/lib/realsense2_camera/realsense2_camera_node
[4.396s] -- Up-to-date symlink: /home/devuser/Workspaces/rosgsthumble_ws/install/realsense2_camera/lib/librealsense2_camera.so
[4.403s] -- Up-to-date symlink: /home/devuser/Workspaces/rosgsthumble_ws/install/realsense2_camera/include/align_depth_filter.h
[4.407s] -- Up-to-date symlink: /home/devuser/Workspaces/rosgsthumble_ws/install/realsense2_camera/include/base_realsense_node.h
[4.411s] -- Up-to-date symlink: /home/devuser/Workspaces/rosgsthumble_ws/install/realsense2_camera/include/constants.h
[4.560s] -- Up-to-date symlink: /home/devuser/Workspaces/rosgsthumble_ws/install/realsense2_camera/include/dynamic_params.h
[4.576s] -- Up-to-date symlink: /home/devuser/Workspaces/rosgsthumble_ws/install/realsense2_camera/include/gl_window.h
[4.605s] -- Up-to-date symlink: /home/devuser/Workspaces/rosgsthumble_ws/install/realsense2_camera/include/image_publisher.h
[4.640s] -- Up-to-date symlink: /home/devuser/Workspaces/rosgsthumble_ws/install/realsense2_camera/include/named_filter.h
[4.651s] -- Up-to-date symlink: /home/devuser/Workspaces/rosgsthumble_ws/install/realsense2_camera/include/pointcloud_filter.h
[4.712s] -- Up-to-date symlink: /home/devuser/Workspaces/rosgsthumble_ws/install/realsense2_camera/include/profile_manager.h
[4.729s] -- Up-to-date symlink: /home/devuser/Workspaces/rosgsthumble_ws/install/realsense2_camera/include/realsense_node_factory.h
[4.732s] -- Up-to-date symlink: /home/devuser/Workspaces/rosgsthumble_ws/install/realsense2_camera/include/ros_node_base.h
[4.736s] -- Up-to-date symlink: /home/devuser/Workspaces/rosgsthumble_ws/install/realsense2_camera/include/ros_param_backend.h
[4.742s] -- Up-to-date symlink: /home/devuser/Workspaces/rosgsthumble_ws/install/realsense2_camera/include/ros_sensor.h
[4.745s] -- Up-to-date symlink: /home/devuser/Workspaces/rosgsthumble_ws/install/realsense2_camera/include/ros_utils.h
[4.750s] -- Up-to-date symlink: /home/devuser/Workspaces/rosgsthumble_ws/install/realsense2_camera/include/sensor_params.h
[4.756s] -- Up-to-date symlink: /home/devuser/Workspaces/rosgsthumble_ws/install/realsense2_camera/share/realsense2_camera/launch/default.rviz
[4.769s] -- Up-to-date symlink: /home/devuser/Workspaces/rosgsthumble_ws/install/realsense2_camera/share/realsense2_camera/launch/rs_intra_process_demo_launch.py
[4.777s] -- Up-to-date symlink: /home/devuser/Workspaces/rosgsthumble_ws/install/realsense2_camera/share/realsense2_camera/launch/rs_launch.py
[4.779s] -- Up-to-date symlink: /home/devuser/Workspaces/rosgsthumble_ws/install/realsense2_camera/share/realsense2_camera/launch/rs_multi_camera_launch.py
[4.785s] -- Up-to-date symlink: /home/devuser/Workspaces/rosgsthumble_ws/install/realsense2_camera/share/realsense2_camera/launch/rs_multi_camera_launch_sync.py
[4.805s] -- Up-to-date symlink: /home/devuser/Workspaces/rosgsthumble_ws/install/realsense2_camera/share/realsense2_camera/examples/align_depth/README.md
[4.807s] -- Up-to-date symlink: /home/devuser/Workspaces/rosgsthumble_ws/install/realsense2_camera/share/realsense2_camera/examples/align_depth/rs_align_depth_launch.py
[4.810s] -- Up-to-date symlink: /home/devuser/Workspaces/rosgsthumble_ws/install/realsense2_camera/share/realsense2_camera/examples/d500_tables/calib_config_example.json
[4.812s] -- Up-to-date symlink: /home/devuser/Workspaces/rosgsthumble_ws/install/realsense2_camera/share/realsense2_camera/examples/dual_camera/README.md
[4.822s] -- Up-to-date symlink: /home/devuser/Workspaces/rosgsthumble_ws/install/realsense2_camera/share/realsense2_camera/examples/dual_camera/rs_dual_camera_launch.py
[4.858s] -- Up-to-date symlink: /home/devuser/Workspaces/rosgsthumble_ws/install/realsense2_camera/share/realsense2_camera/examples/dual_camera/rviz/dual_camera_pointcloud.rviz
[4.865s] -- Up-to-date symlink: /home/devuser/Workspaces/rosgsthumble_ws/install/realsense2_camera/share/realsense2_camera/examples/launch_from_rosbag/README.md
[4.869s] -- Up-to-date symlink: /home/devuser/Workspaces/rosgsthumble_ws/install/realsense2_camera/share/realsense2_camera/examples/launch_from_rosbag/rs_launch_from_rosbag.py
[4.902s] -- Up-to-date symlink: /home/devuser/Workspaces/rosgsthumble_ws/install/realsense2_camera/share/realsense2_camera/examples/launch_params_from_file/README.md
[4.903s] -- Up-to-date symlink: /home/devuser/Workspaces/rosgsthumble_ws/install/realsense2_camera/share/realsense2_camera/examples/launch_params_from_file/config/config.yaml
[4.904s] -- Up-to-date symlink: /home/devuser/Workspaces/rosgsthumble_ws/install/realsense2_camera/share/realsense2_camera/examples/launch_params_from_file/rs_launch_get_params_from_yaml.py
[4.913s] -- Up-to-date symlink: /home/devuser/Workspaces/rosgsthumble_ws/install/realsense2_camera/share/realsense2_camera/examples/pointcloud/README.md
[4.914s] -- Up-to-date symlink: /home/devuser/Workspaces/rosgsthumble_ws/install/realsense2_camera/share/realsense2_camera/examples/pointcloud/rs_d405_pointcloud_launch.py
[4.917s] -- Up-to-date symlink: /home/devuser/Workspaces/rosgsthumble_ws/install/realsense2_camera/share/realsense2_camera/examples/pointcloud/rs_d455_pointcloud_launch.py
[4.918s] -- Up-to-date symlink: /home/devuser/Workspaces/rosgsthumble_ws/install/realsense2_camera/share/realsense2_camera/examples/pointcloud/rs_pointcloud_infra_launch.py
[4.920s] -- Up-to-date symlink: /home/devuser/Workspaces/rosgsthumble_ws/install/realsense2_camera/share/realsense2_camera/examples/pointcloud/rs_pointcloud_launch.py
[4.928s] -- Up-to-date symlink: /home/devuser/Workspaces/rosgsthumble_ws/install/realsense2_camera/share/realsense2_camera/examples/pointcloud/rviz/pointcloud.rviz
[4.931s] -- Up-to-date symlink: /home/devuser/Workspaces/rosgsthumble_ws/install/realsense2_camera/share/realsense2_camera/examples/pointcloud/rviz/urdf_pointcloud.rviz
[4.935s] -- Up-to-date symlink: /home/devuser/Workspaces/rosgsthumble_ws/install/realsense2_camera/share/realsense2_camera/environment/library_path.sh
[4.938s] -- Up-to-date symlink: /home/devuser/Workspaces/rosgsthumble_ws/install/realsense2_camera/share/realsense2_camera/environment/library_path.dsv
[4.939s] -- Up-to-date symlink: /home/devuser/Workspaces/rosgsthumble_ws/install/realsense2_camera/share/ament_index/resource_index/package_run_dependencies/realsense2_camera
[4.939s] -- Up-to-date symlink: /home/devuser/Workspaces/rosgsthumble_ws/install/realsense2_camera/share/ament_index/resource_index/parent_prefix_path/realsense2_camera
[4.943s] -- Up-to-date symlink: /home/devuser/Workspaces/rosgsthumble_ws/install/realsense2_camera/share/realsense2_camera/environment/ament_prefix_path.sh
[4.944s] -- Up-to-date symlink: /home/devuser/Workspaces/rosgsthumble_ws/install/realsense2_camera/share/realsense2_camera/environment/ament_prefix_path.dsv
[4.947s] -- Up-to-date symlink: /home/devuser/Workspaces/rosgsthumble_ws/install/realsense2_camera/share/realsense2_camera/environment/path.sh
[4.949s] -- Up-to-date symlink: /home/devuser/Workspaces/rosgsthumble_ws/install/realsense2_camera/share/realsense2_camera/environment/path.dsv
[4.952s] -- Up-to-date symlink: /home/devuser/Workspaces/rosgsthumble_ws/install/realsense2_camera/share/realsense2_camera/local_setup.bash
[4.983s] -- Up-to-date symlink: /home/devuser/Workspaces/rosgsthumble_ws/install/realsense2_camera/share/realsense2_camera/local_setup.sh
[4.984s] -- Up-to-date symlink: /home/devuser/Workspaces/rosgsthumble_ws/install/realsense2_camera/share/realsense2_camera/local_setup.zsh
[4.984s] -- Up-to-date symlink: /home/devuser/Workspaces/rosgsthumble_ws/install/realsense2_camera/share/realsense2_camera/local_setup.dsv
[4.985s] -- Symlinking: /home/devuser/Workspaces/rosgsthumble_ws/install/realsense2_camera/share/realsense2_camera/package.dsv
[5.046s] -- Up-to-date symlink: /home/devuser/Workspaces/rosgsthumble_ws/install/realsense2_camera/share/ament_index/resource_index/packages/realsense2_camera
[5.081s] -- Up-to-date symlink: /home/devuser/Workspaces/rosgsthumble_ws/install/realsense2_camera/share/ament_index/resource_index/rclcpp_components/realsense2_camera
[5.107s] -- Up-to-date symlink: /home/devuser/Workspaces/rosgsthumble_ws/install/realsense2_camera/share/realsense2_camera/cmake/ament_cmake_export_include_directories-extras.cmake
[5.133s] -- Up-to-date symlink: /home/devuser/Workspaces/rosgsthumble_ws/install/realsense2_camera/share/realsense2_camera/cmake/ament_cmake_export_libraries-extras.cmake
[5.140s] -- Up-to-date symlink: /home/devuser/Workspaces/rosgsthumble_ws/install/realsense2_camera/share/realsense2_camera/cmake/ament_cmake_export_dependencies-extras.cmake
[5.140s] -- Up-to-date symlink: /home/devuser/Workspaces/rosgsthumble_ws/install/realsense2_camera/share/realsense2_camera/cmake/realsense2_cameraConfig.cmake
[5.141s] -- Up-to-date symlink: /home/devuser/Workspaces/rosgsthumble_ws/install/realsense2_camera/share/realsense2_camera/cmake/realsense2_cameraConfig-version.cmake
[5.153s] -- Up-to-date symlink: /home/devuser/Workspaces/rosgsthumble_ws/install/realsense2_camera/share/realsense2_camera/package.xml
[5.162s] Invoked command in '/home/devuser/Workspaces/rosgsthumble_ws/build/realsense2_camera' returned '0': CMAKE_PREFIX_PATH=/home/devuser/Workspaces/rosgsthumble_ws/install/realsense2_camera_msgs:/home/devuser/Workspaces/rosgsthumble_ws/install/webrtc_camera_node:/home/devuser/Workspaces/rosgsthumble_ws/install/realsense2_description:/home/devuser/Workspaces/rosgsthumble_ws/install/realsense2_camera:/home/devuser/Workspaces/rosgsthumble_ws/install/gst_pipeline_plugins_webrtc:/home/devuser/Workspaces/rosgsthumble_ws/install/gst_pipeline_plugins:/home/devuser/Workspaces/rosgsthumble_ws/install/gst_pipeline:/home/devuser/Workspaces/rosgsthumble_ws/install/gst_msgs:/home/devuser/Workspaces/rosgsthumble_ws/install/gst_bridge:/home/devuser/Workspaces/rosgsthumble_ws/install/cpp_campub:/home/devuser/Workspaces/rosgsthumble_ws/install/audio_msgs:/opt/ros/humble LD_LIBRARY_PATH=/home/devuser/Workspaces/rosgsthumble_ws/install/realsense2_camera_msgs/lib:/home/devuser/Workspaces/rosgsthumble_ws/install/realsense2_camera/lib:/home/devuser/Workspaces/rosgsthumble_ws/install/gst_pipeline_plugins_webrtc/lib:/home/devuser/Workspaces/rosgsthumble_ws/install/gst_pipeline_plugins/lib:/home/devuser/Workspaces/rosgsthumble_ws/install/gst_pipeline/lib:/home/devuser/Workspaces/rosgsthumble_ws/install/gst_msgs/lib:/home/devuser/Workspaces/rosgsthumble_ws/install/gst_bridge/lib:/home/devuser/Workspaces/rosgsthumble_ws/install/audio_msgs/lib:/opt/ros/humble/lib/aarch64-linux-gnu:/opt/ros/humble/lib /usr/bin/cmake --install /home/devuser/Workspaces/rosgsthumble_ws/build/realsense2_camera
