[0.336s] Invoking command in '/home/devuser/Workspaces/rosgsthumble_ws/build/gst_pipeline_plugins_webrtc': AMENT_PREFIX_PATH=/home/devuser/Workspaces/rosgsthumble_ws/install/gst_pipeline:/home/devuser/Workspaces/rosgsthumble_ws/install/gst_bridge:/home/devuser/Workspaces/rosgsthumble_ws/install/gst_msgs:/home/devuser/Workspaces/rosgsthumble_ws/install/audio_msgs:${AMENT_PREFIX_PATH} CMAKE_PREFIX_PATH=/home/devuser/Workspaces/rosgsthumble_ws/install/gst_pipeline:/home/devuser/Workspaces/rosgsthumble_ws/install/gst_bridge:/home/devuser/Workspaces/rosgsthumble_ws/install/gst_msgs:/home/devuser/Workspaces/rosgsthumble_ws/install/audio_msgs:/opt/ros/humble LD_LIBRARY_PATH=/home/devuser/Workspaces/rosgsthumble_ws/install/gst_pipeline/lib:/home/devuser/Workspaces/rosgsthumble_ws/install/gst_bridge/lib:/home/devuser/Workspaces/rosgsthumble_ws/install/gst_msgs/lib:/home/devuser/Workspaces/rosgsthumble_ws/install/audio_msgs/lib:${LD_LIBRARY_PATH} PYTHONPATH=/home/devuser/Workspaces/rosgsthumble_ws/install/gst_msgs/local/lib/python3.10/dist-packages:/home/devuser/Workspaces/rosgsthumble_ws/install/audio_msgs/local/lib/python3.10/dist-packages:${PYTHONPATH} /usr/bin/cmake /home/devuser/Workspaces/rosgsthumble_ws/src/ros-gst-bridge/gst_pipeline_plugins_webrtc -DAMENT_CMAKE_SYMLINK_INSTALL=1 -DCMAKE_INSTALL_PREFIX=/home/devuser/Workspaces/rosgsthumble_ws/install/gst_pipeline_plugins_webrtc
[1.191s] -- The C compiler identification is GNU 11.4.0
[2.024s] -- The CXX compiler identification is GNU 11.4.0
[2.129s] -- Detecting C compiler ABI info
[3.062s] -- Detecting C compiler ABI info - done
[3.157s] -- Check for working C compiler: /usr/bin/cc - skipped
[3.159s] -- Detecting C compile features
[3.162s] -- Detecting C compile features - done
[3.188s] -- Detecting CXX compiler ABI info
[4.001s] -- Detecting CXX compiler ABI info - done
[4.077s] -- Check for working CXX compiler: /usr/bin/c++ - skipped
[4.079s] -- Detecting CXX compile features
[4.091s] -- Detecting CXX compile features - done
[4.127s] -- Found ament_cmake: 1.3.12 (/opt/ros/humble/share/ament_cmake/cmake)
[5.443s] -- Found Python3: /usr/bin/python3 (found version "3.10.12") found components: Interpreter 
[6.205s] -- Override CMake install command with custom implementation using symlinks instead of copying resources
[8.337s] -- Found rclcpp: 16.0.15 (/opt/ros/humble/share/rclcpp/cmake)
[10.405s] -- Found rosidl_generator_c: 3.1.7 (/opt/ros/humble/share/rosidl_generator_c/cmake)
[10.497s] -- Found rosidl_adapter: 3.1.7 (/opt/ros/humble/share/rosidl_adapter/cmake)
[10.595s] -- Found rosidl_generator_cpp: 3.1.7 (/opt/ros/humble/share/rosidl_generator_cpp/cmake)
[11.087s] -- Using all available rosidl_typesupport_c: rosidl_typesupport_fastrtps_c;rosidl_typesupport_introspection_c
[11.449s] -- Using all available rosidl_typesupport_cpp: rosidl_typesupport_fastrtps_cpp;rosidl_typesupport_introspection_cpp
[12.207s] -- Found rmw_implementation_cmake: 6.1.2 (/opt/ros/humble/share/rmw_implementation_cmake/cmake)
[12.266s] -- Found rmw_fastrtps_cpp: 6.2.9 (/opt/ros/humble/share/rmw_fastrtps_cpp/cmake)
[13.264s] -- Found OpenSSL: /usr/lib/aarch64-linux-gnu/libcrypto.so (found version "3.0.2")  
[13.526s] -- Found FastRTPS: /opt/ros/humble/include  
[13.947s] -- Using RMW implementation 'rmw_fastrtps_cpp' as default
[14.460s] -- Looking for pthread.h
[15.307s] -- Looking for pthread.h - found
[15.308s] -- Performing Test CMAKE_HAVE_LIBC_PTHREAD
[16.236s] -- Performing Test CMAKE_HAVE_LIBC_PTHREAD - Success
[16.248s] -- Found Threads: TRUE  
[17.072s] -- Found rclcpp_components: 16.0.15 (/opt/ros/humble/share/rclcpp_components/cmake)
[17.324s] -- Found gst_bridge: 0.0.0 (/home/devuser/Workspaces/rosgsthumble_ws/install/gst_bridge/share/gst_bridge/cmake)
[17.944s] -- Found gst_pipeline: 0.0.0 (/home/devuser/Workspaces/rosgsthumble_ws/install/gst_pipeline/share/gst_pipeline/cmake)
[18.318s] -- Found PkgConfig: /usr/bin/pkg-config (found version "0.29.2") 
[18.321s] -- Checking for module 'gstreamer-1.0'
[18.455s] --   Found gstreamer-1.0, version 1.20.3
[18.750s] -- Checking for module 'gstreamer-sdp-1.0'
[18.880s] --   Found gstreamer-sdp-1.0, version 1.20.1
[19.177s] -- Checking for module 'gstreamer-webrtc-1.0'
[19.278s] --   Found gstreamer-webrtc-1.0, version 1.20.3
[19.600s] -- Checking for module 'libsoup-2.4'
[19.660s] --   Found libsoup-2.4, version 2.74.2
[19.937s] -- Checking for module 'json-glib-1.0'
[20.125s] --   Found json-glib-1.0, version 1.6.6
[20.532s] -- Found std_srvs: 4.9.0 (/opt/ros/humble/share/std_srvs/cmake)
[20.609s] -- Found gst_msgs: 0.0.0 (/home/devuser/Workspaces/rosgsthumble_ws/install/gst_msgs/share/gst_msgs/cmake)
[21.894s] -- Configuring done
[22.270s] -- Generating done
[22.333s] -- Build files have been written to: /home/devuser/Workspaces/rosgsthumble_ws/build/gst_pipeline_plugins_webrtc
[22.410s] Invoked command in '/home/devuser/Workspaces/rosgsthumble_ws/build/gst_pipeline_plugins_webrtc' returned '0': AMENT_PREFIX_PATH=/home/devuser/Workspaces/rosgsthumble_ws/install/gst_pipeline:/home/devuser/Workspaces/rosgsthumble_ws/install/gst_bridge:/home/devuser/Workspaces/rosgsthumble_ws/install/gst_msgs:/home/devuser/Workspaces/rosgsthumble_ws/install/audio_msgs:${AMENT_PREFIX_PATH} CMAKE_PREFIX_PATH=/home/devuser/Workspaces/rosgsthumble_ws/install/gst_pipeline:/home/devuser/Workspaces/rosgsthumble_ws/install/gst_bridge:/home/devuser/Workspaces/rosgsthumble_ws/install/gst_msgs:/home/devuser/Workspaces/rosgsthumble_ws/install/audio_msgs:/opt/ros/humble LD_LIBRARY_PATH=/home/devuser/Workspaces/rosgsthumble_ws/install/gst_pipeline/lib:/home/devuser/Workspaces/rosgsthumble_ws/install/gst_bridge/lib:/home/devuser/Workspaces/rosgsthumble_ws/install/gst_msgs/lib:/home/devuser/Workspaces/rosgsthumble_ws/install/audio_msgs/lib:${LD_LIBRARY_PATH} PYTHONPATH=/home/devuser/Workspaces/rosgsthumble_ws/install/gst_msgs/local/lib/python3.10/dist-packages:/home/devuser/Workspaces/rosgsthumble_ws/install/audio_msgs/local/lib/python3.10/dist-packages:${PYTHONPATH} /usr/bin/cmake /home/devuser/Workspaces/rosgsthumble_ws/src/ros-gst-bridge/gst_pipeline_plugins_webrtc -DAMENT_CMAKE_SYMLINK_INSTALL=1 -DCMAKE_INSTALL_PREFIX=/home/devuser/Workspaces/rosgsthumble_ws/install/gst_pipeline_plugins_webrtc
[22.412s] Invoking command in '/home/devuser/Workspaces/rosgsthumble_ws/build/gst_pipeline_plugins_webrtc': AMENT_PREFIX_PATH=/home/devuser/Workspaces/rosgsthumble_ws/install/gst_pipeline:/home/devuser/Workspaces/rosgsthumble_ws/install/gst_bridge:/home/devuser/Workspaces/rosgsthumble_ws/install/gst_msgs:/home/devuser/Workspaces/rosgsthumble_ws/install/audio_msgs:${AMENT_PREFIX_PATH} CMAKE_PREFIX_PATH=/home/devuser/Workspaces/rosgsthumble_ws/install/gst_pipeline:/home/devuser/Workspaces/rosgsthumble_ws/install/gst_bridge:/home/devuser/Workspaces/rosgsthumble_ws/install/gst_msgs:/home/devuser/Workspaces/rosgsthumble_ws/install/audio_msgs:/opt/ros/humble LD_LIBRARY_PATH=/home/devuser/Workspaces/rosgsthumble_ws/install/gst_pipeline/lib:/home/devuser/Workspaces/rosgsthumble_ws/install/gst_bridge/lib:/home/devuser/Workspaces/rosgsthumble_ws/install/gst_msgs/lib:/home/devuser/Workspaces/rosgsthumble_ws/install/audio_msgs/lib:${LD_LIBRARY_PATH} PYTHONPATH=/home/devuser/Workspaces/rosgsthumble_ws/install/gst_msgs/local/lib/python3.10/dist-packages:/home/devuser/Workspaces/rosgsthumble_ws/install/audio_msgs/local/lib/python3.10/dist-packages:${PYTHONPATH} /usr/bin/cmake --build /home/devuser/Workspaces/rosgsthumble_ws/build/gst_pipeline_plugins_webrtc -- -j4 -l4
[22.849s] [ 25%] [32mBuilding CXX object CMakeFiles/gst_pipeline_plugins_webrtc.dir/src/base.cpp.o[0m
[65.305s] [ 50%] [32mBuilding CXX object CMakeFiles/gst_pipeline_plugins_webrtc.dir/src/datachannel.cpp.o[0m
[211.955s] [ 75%] [32mBuilding CXX object CMakeFiles/gst_pipeline_plugins_webrtc.dir/src/websockets.cpp.o[0m
[249.706s] [100%] [32m[1mLinking CXX shared library libgst_pipeline_plugins_webrtc.so[0m
[260.570s] [100%] Built target gst_pipeline_plugins_webrtc
[260.972s] Invoked command in '/home/devuser/Workspaces/rosgsthumble_ws/build/gst_pipeline_plugins_webrtc' returned '0': AMENT_PREFIX_PATH=/home/devuser/Workspaces/rosgsthumble_ws/install/gst_pipeline:/home/devuser/Workspaces/rosgsthumble_ws/install/gst_bridge:/home/devuser/Workspaces/rosgsthumble_ws/install/gst_msgs:/home/devuser/Workspaces/rosgsthumble_ws/install/audio_msgs:${AMENT_PREFIX_PATH} CMAKE_PREFIX_PATH=/home/devuser/Workspaces/rosgsthumble_ws/install/gst_pipeline:/home/devuser/Workspaces/rosgsthumble_ws/install/gst_bridge:/home/devuser/Workspaces/rosgsthumble_ws/install/gst_msgs:/home/devuser/Workspaces/rosgsthumble_ws/install/audio_msgs:/opt/ros/humble LD_LIBRARY_PATH=/home/devuser/Workspaces/rosgsthumble_ws/install/gst_pipeline/lib:/home/devuser/Workspaces/rosgsthumble_ws/install/gst_bridge/lib:/home/devuser/Workspaces/rosgsthumble_ws/install/gst_msgs/lib:/home/devuser/Workspaces/rosgsthumble_ws/install/audio_msgs/lib:${LD_LIBRARY_PATH} PYTHONPATH=/home/devuser/Workspaces/rosgsthumble_ws/install/gst_msgs/local/lib/python3.10/dist-packages:/home/devuser/Workspaces/rosgsthumble_ws/install/audio_msgs/local/lib/python3.10/dist-packages:${PYTHONPATH} /usr/bin/cmake --build /home/devuser/Workspaces/rosgsthumble_ws/build/gst_pipeline_plugins_webrtc -- -j4 -l4
[260.997s] Invoking command in '/home/devuser/Workspaces/rosgsthumble_ws/build/gst_pipeline_plugins_webrtc': AMENT_PREFIX_PATH=/home/devuser/Workspaces/rosgsthumble_ws/install/gst_pipeline:/home/devuser/Workspaces/rosgsthumble_ws/install/gst_bridge:/home/devuser/Workspaces/rosgsthumble_ws/install/gst_msgs:/home/devuser/Workspaces/rosgsthumble_ws/install/audio_msgs:${AMENT_PREFIX_PATH} CMAKE_PREFIX_PATH=/home/devuser/Workspaces/rosgsthumble_ws/install/gst_pipeline:/home/devuser/Workspaces/rosgsthumble_ws/install/gst_bridge:/home/devuser/Workspaces/rosgsthumble_ws/install/gst_msgs:/home/devuser/Workspaces/rosgsthumble_ws/install/audio_msgs:/opt/ros/humble LD_LIBRARY_PATH=/home/devuser/Workspaces/rosgsthumble_ws/install/gst_pipeline/lib:/home/devuser/Workspaces/rosgsthumble_ws/install/gst_bridge/lib:/home/devuser/Workspaces/rosgsthumble_ws/install/gst_msgs/lib:/home/devuser/Workspaces/rosgsthumble_ws/install/audio_msgs/lib:${LD_LIBRARY_PATH} PYTHONPATH=/home/devuser/Workspaces/rosgsthumble_ws/install/gst_msgs/local/lib/python3.10/dist-packages:/home/devuser/Workspaces/rosgsthumble_ws/install/audio_msgs/local/lib/python3.10/dist-packages:${PYTHONPATH} /usr/bin/cmake --install /home/devuser/Workspaces/rosgsthumble_ws/build/gst_pipeline_plugins_webrtc
[261.071s] -- Install configuration: ""
[261.084s] -- Execute custom install script
[261.089s] -- Symlinking: /home/devuser/Workspaces/rosgsthumble_ws/install/gst_pipeline_plugins_webrtc/include/gst_pipeline_plugins_webrtc/base.h
[261.169s] -- Symlinking: /home/devuser/Workspaces/rosgsthumble_ws/install/gst_pipeline_plugins_webrtc/include/gst_pipeline_plugins_webrtc/datachannel.h
[261.256s] -- Symlinking: /home/devuser/Workspaces/rosgsthumble_ws/install/gst_pipeline_plugins_webrtc/include/gst_pipeline_plugins_webrtc/ros.h
[261.330s] -- Symlinking: /home/devuser/Workspaces/rosgsthumble_ws/install/gst_pipeline_plugins_webrtc/include/gst_pipeline_plugins_webrtc/websockets.h
[261.437s] -- Symlinking: /home/devuser/Workspaces/rosgsthumble_ws/install/gst_pipeline_plugins_webrtc/share/gst_pipeline_plugins_webrtc/config/dynamic_loop.config.yaml
[261.525s] -- Symlinking: /home/devuser/Workspaces/rosgsthumble_ws/install/gst_pipeline_plugins_webrtc/share/gst_pipeline_plugins_webrtc/config/peer_to_peer.config.yaml
[261.587s] -- Symlinking: /home/devuser/Workspaces/rosgsthumble_ws/install/gst_pipeline_plugins_webrtc/share/gst_pipeline_plugins_webrtc/config/websockets.config.yaml
[261.716s] -- Symlinking: /home/devuser/Workspaces/rosgsthumble_ws/install/gst_pipeline_plugins_webrtc/share/gst_pipeline_plugins_webrtc/config/websockets_and_datachannels.config.yaml
[261.818s] -- Symlinking: /home/devuser/Workspaces/rosgsthumble_ws/install/gst_pipeline_plugins_webrtc/share/gst_pipeline_plugins_webrtc/launch/dynamic_loop.launch.py
[261.878s] -- Symlinking: /home/devuser/Workspaces/rosgsthumble_ws/install/gst_pipeline_plugins_webrtc/share/gst_pipeline_plugins_webrtc/launch/peer_to_peer.launch.py
[261.946s] -- Symlinking: /home/devuser/Workspaces/rosgsthumble_ws/install/gst_pipeline_plugins_webrtc/share/gst_pipeline_plugins_webrtc/launch/websockets.launch.py
[262.040s] -- Symlinking: /home/devuser/Workspaces/rosgsthumble_ws/install/gst_pipeline_plugins_webrtc/share/gst_pipeline_plugins_webrtc/launch/websockets_and_datachannels.launch.py
[262.130s] -- Symlinking: /home/devuser/Workspaces/rosgsthumble_ws/install/gst_pipeline_plugins_webrtc/share/gst_pipeline_plugins_webrtc//plugins.xml
[262.213s] -- Symlinking: /home/devuser/Workspaces/rosgsthumble_ws/install/gst_pipeline_plugins_webrtc/share/gst_pipeline_plugins_webrtc//datachannel_plugins.xml
[262.331s] -- Symlinking: /home/devuser/Workspaces/rosgsthumble_ws/install/gst_pipeline_plugins_webrtc/share/gst_pipeline_plugins_webrtc/environment/library_path.sh
[262.409s] -- Symlinking: /home/devuser/Workspaces/rosgsthumble_ws/install/gst_pipeline_plugins_webrtc/share/gst_pipeline_plugins_webrtc/environment/library_path.dsv
[262.545s] -- Symlinking: /home/devuser/Workspaces/rosgsthumble_ws/install/gst_pipeline_plugins_webrtc/share/ament_index/resource_index/package_run_dependencies/gst_pipeline_plugins_webrtc
[262.668s] -- Symlinking: /home/devuser/Workspaces/rosgsthumble_ws/install/gst_pipeline_plugins_webrtc/share/ament_index/resource_index/parent_prefix_path/gst_pipeline_plugins_webrtc
[262.784s] -- Symlinking: /home/devuser/Workspaces/rosgsthumble_ws/install/gst_pipeline_plugins_webrtc/share/gst_pipeline_plugins_webrtc/environment/ament_prefix_path.sh
[262.871s] -- Symlinking: /home/devuser/Workspaces/rosgsthumble_ws/install/gst_pipeline_plugins_webrtc/share/gst_pipeline_plugins_webrtc/environment/ament_prefix_path.dsv
[262.975s] -- Symlinking: /home/devuser/Workspaces/rosgsthumble_ws/install/gst_pipeline_plugins_webrtc/share/gst_pipeline_plugins_webrtc/environment/path.sh
[263.072s] -- Symlinking: /home/devuser/Workspaces/rosgsthumble_ws/install/gst_pipeline_plugins_webrtc/share/gst_pipeline_plugins_webrtc/environment/path.dsv
[263.149s] -- Symlinking: /home/devuser/Workspaces/rosgsthumble_ws/install/gst_pipeline_plugins_webrtc/share/gst_pipeline_plugins_webrtc/local_setup.bash
[263.211s] -- Symlinking: /home/devuser/Workspaces/rosgsthumble_ws/install/gst_pipeline_plugins_webrtc/share/gst_pipeline_plugins_webrtc/local_setup.sh
[263.287s] -- Symlinking: /home/devuser/Workspaces/rosgsthumble_ws/install/gst_pipeline_plugins_webrtc/share/gst_pipeline_plugins_webrtc/local_setup.zsh
[263.348s] -- Symlinking: /home/devuser/Workspaces/rosgsthumble_ws/install/gst_pipeline_plugins_webrtc/share/gst_pipeline_plugins_webrtc/local_setup.dsv
[263.391s] -- Symlinking: /home/devuser/Workspaces/rosgsthumble_ws/install/gst_pipeline_plugins_webrtc/share/gst_pipeline_plugins_webrtc/package.dsv
[263.432s] -- Symlinking: /home/devuser/Workspaces/rosgsthumble_ws/install/gst_pipeline_plugins_webrtc/share/ament_index/resource_index/packages/gst_pipeline_plugins_webrtc
[263.508s] -- Symlinking: /home/devuser/Workspaces/rosgsthumble_ws/install/gst_pipeline_plugins_webrtc/share/ament_index/resource_index/gst_pipeline__pluginlib__plugin/gst_pipeline_plugins_webrtc
[263.591s] -- Symlinking: /home/devuser/Workspaces/rosgsthumble_ws/install/gst_pipeline_plugins_webrtc/share/ament_index/resource_index/gst_pipeline_plugins_webrtc__pluginlib__plugin/gst_pipeline_plugins_webrtc
[263.700s] -- Symlinking: /home/devuser/Workspaces/rosgsthumble_ws/install/gst_pipeline_plugins_webrtc/share/gst_pipeline_plugins_webrtc/cmake/ament_cmake_export_include_directories-extras.cmake
[263.788s] -- Symlinking: /home/devuser/Workspaces/rosgsthumble_ws/install/gst_pipeline_plugins_webrtc/share/gst_pipeline_plugins_webrtc/cmake/ament_cmake_export_libraries-extras.cmake
[263.847s] -- Symlinking: /home/devuser/Workspaces/rosgsthumble_ws/install/gst_pipeline_plugins_webrtc/share/gst_pipeline_plugins_webrtc/cmake/ament_cmake_export_targets-extras.cmake
[263.926s] -- Symlinking: /home/devuser/Workspaces/rosgsthumble_ws/install/gst_pipeline_plugins_webrtc/share/gst_pipeline_plugins_webrtc/cmake/ament_cmake_export_dependencies-extras.cmake
[263.998s] -- Symlinking: /home/devuser/Workspaces/rosgsthumble_ws/install/gst_pipeline_plugins_webrtc/share/gst_pipeline_plugins_webrtc/cmake/gst_pipeline_plugins_webrtcConfig.cmake
[264.060s] -- Symlinking: /home/devuser/Workspaces/rosgsthumble_ws/install/gst_pipeline_plugins_webrtc/share/gst_pipeline_plugins_webrtc/cmake/gst_pipeline_plugins_webrtcConfig-version.cmake
[264.113s] -- Symlinking: /home/devuser/Workspaces/rosgsthumble_ws/install/gst_pipeline_plugins_webrtc/share/gst_pipeline_plugins_webrtc/package.xml
[264.165s] -- Installing: /home/devuser/Workspaces/rosgsthumble_ws/install/gst_pipeline_plugins_webrtc/lib/libgst_pipeline_plugins_webrtc.so
[264.571s] -- Set runtime path of "/home/devuser/Workspaces/rosgsthumble_ws/install/gst_pipeline_plugins_webrtc/lib/libgst_pipeline_plugins_webrtc.so" to ""
[264.571s] -- Installing: /home/devuser/Workspaces/rosgsthumble_ws/install/gst_pipeline_plugins_webrtc/share/gst_pipeline_plugins_webrtc/cmake/export_gst_pipeline_plugins_webrtcExport.cmake
[264.586s] -- Installing: /home/devuser/Workspaces/rosgsthumble_ws/install/gst_pipeline_plugins_webrtc/share/gst_pipeline_plugins_webrtc/cmake/export_gst_pipeline_plugins_webrtcExport-noconfig.cmake
[264.595s] Invoked command in '/home/devuser/Workspaces/rosgsthumble_ws/build/gst_pipeline_plugins_webrtc' returned '0': AMENT_PREFIX_PATH=/home/devuser/Workspaces/rosgsthumble_ws/install/gst_pipeline:/home/devuser/Workspaces/rosgsthumble_ws/install/gst_bridge:/home/devuser/Workspaces/rosgsthumble_ws/install/gst_msgs:/home/devuser/Workspaces/rosgsthumble_ws/install/audio_msgs:${AMENT_PREFIX_PATH} CMAKE_PREFIX_PATH=/home/devuser/Workspaces/rosgsthumble_ws/install/gst_pipeline:/home/devuser/Workspaces/rosgsthumble_ws/install/gst_bridge:/home/devuser/Workspaces/rosgsthumble_ws/install/gst_msgs:/home/devuser/Workspaces/rosgsthumble_ws/install/audio_msgs:/opt/ros/humble LD_LIBRARY_PATH=/home/devuser/Workspaces/rosgsthumble_ws/install/gst_pipeline/lib:/home/devuser/Workspaces/rosgsthumble_ws/install/gst_bridge/lib:/home/devuser/Workspaces/rosgsthumble_ws/install/gst_msgs/lib:/home/devuser/Workspaces/rosgsthumble_ws/install/audio_msgs/lib:${LD_LIBRARY_PATH} PYTHONPATH=/home/devuser/Workspaces/rosgsthumble_ws/install/gst_msgs/local/lib/python3.10/dist-packages:/home/devuser/Workspaces/rosgsthumble_ws/install/audio_msgs/local/lib/python3.10/dist-packages:${PYTHONPATH} /usr/bin/cmake --install /home/devuser/Workspaces/rosgsthumble_ws/build/gst_pipeline_plugins_webrtc
