[0.109s] Invoking command in '/home/devuser/Workspaces/rosgsthumble_ws/build/realsense2_description': CMAKE_PREFIX_PATH=/home/devuser/Workspaces/rosgsthumble_ws/install/realsense2_camera_msgs:/home/devuser/Workspaces/rosgsthumble_ws/install/webrtc_camera_node:/home/devuser/Workspaces/rosgsthumble_ws/install/realsense2_description:/home/devuser/Workspaces/rosgsthumble_ws/install/realsense2_camera:/home/devuser/Workspaces/rosgsthumble_ws/install/gst_pipeline_plugins_webrtc:/home/devuser/Workspaces/rosgsthumble_ws/install/gst_pipeline_plugins:/home/devuser/Workspaces/rosgsthumble_ws/install/gst_pipeline:/home/devuser/Workspaces/rosgsthumble_ws/install/gst_msgs:/home/devuser/Workspaces/rosgsthumble_ws/install/gst_bridge:/home/devuser/Workspaces/rosgsthumble_ws/install/cpp_campub:/home/devuser/Workspaces/rosgsthumble_ws/install/audio_msgs:/opt/ros/humble LD_LIBRARY_PATH=/home/devuser/Workspaces/rosgsthumble_ws/install/realsense2_camera_msgs/lib:/home/devuser/Workspaces/rosgsthumble_ws/install/realsense2_camera/lib:/home/devuser/Workspaces/rosgsthumble_ws/install/gst_pipeline_plugins_webrtc/lib:/home/devuser/Workspaces/rosgsthumble_ws/install/gst_pipeline_plugins/lib:/home/devuser/Workspaces/rosgsthumble_ws/install/gst_pipeline/lib:/home/devuser/Workspaces/rosgsthumble_ws/install/gst_msgs/lib:/home/devuser/Workspaces/rosgsthumble_ws/install/gst_bridge/lib:/home/devuser/Workspaces/rosgsthumble_ws/install/audio_msgs/lib:/opt/ros/humble/lib/aarch64-linux-gnu:/opt/ros/humble/lib /usr/bin/cmake --build /home/devuser/Workspaces/rosgsthumble_ws/build/realsense2_description -- -j4 -l4
[0.477s] Invoked command in '/home/devuser/Workspaces/rosgsthumble_ws/build/realsense2_description' returned '0': CMAKE_PREFIX_PATH=/home/devuser/Workspaces/rosgsthumble_ws/install/realsense2_camera_msgs:/home/devuser/Workspaces/rosgsthumble_ws/install/webrtc_camera_node:/home/devuser/Workspaces/rosgsthumble_ws/install/realsense2_description:/home/devuser/Workspaces/rosgsthumble_ws/install/realsense2_camera:/home/devuser/Workspaces/rosgsthumble_ws/install/gst_pipeline_plugins_webrtc:/home/devuser/Workspaces/rosgsthumble_ws/install/gst_pipeline_plugins:/home/devuser/Workspaces/rosgsthumble_ws/install/gst_pipeline:/home/devuser/Workspaces/rosgsthumble_ws/install/gst_msgs:/home/devuser/Workspaces/rosgsthumble_ws/install/gst_bridge:/home/devuser/Workspaces/rosgsthumble_ws/install/cpp_campub:/home/devuser/Workspaces/rosgsthumble_ws/install/audio_msgs:/opt/ros/humble LD_LIBRARY_PATH=/home/devuser/Workspaces/rosgsthumble_ws/install/realsense2_camera_msgs/lib:/home/devuser/Workspaces/rosgsthumble_ws/install/realsense2_camera/lib:/home/devuser/Workspaces/rosgsthumble_ws/install/gst_pipeline_plugins_webrtc/lib:/home/devuser/Workspaces/rosgsthumble_ws/install/gst_pipeline_plugins/lib:/home/devuser/Workspaces/rosgsthumble_ws/install/gst_pipeline/lib:/home/devuser/Workspaces/rosgsthumble_ws/install/gst_msgs/lib:/home/devuser/Workspaces/rosgsthumble_ws/install/gst_bridge/lib:/home/devuser/Workspaces/rosgsthumble_ws/install/audio_msgs/lib:/opt/ros/humble/lib/aarch64-linux-gnu:/opt/ros/humble/lib /usr/bin/cmake --build /home/devuser/Workspaces/rosgsthumble_ws/build/realsense2_description -- -j4 -l4
[0.489s] Invoking command in '/home/devuser/Workspaces/rosgsthumble_ws/build/realsense2_description': CMAKE_PREFIX_PATH=/home/devuser/Workspaces/rosgsthumble_ws/install/realsense2_camera_msgs:/home/devuser/Workspaces/rosgsthumble_ws/install/webrtc_camera_node:/home/devuser/Workspaces/rosgsthumble_ws/install/realsense2_description:/home/devuser/Workspaces/rosgsthumble_ws/install/realsense2_camera:/home/devuser/Workspaces/rosgsthumble_ws/install/gst_pipeline_plugins_webrtc:/home/devuser/Workspaces/rosgsthumble_ws/install/gst_pipeline_plugins:/home/devuser/Workspaces/rosgsthumble_ws/install/gst_pipeline:/home/devuser/Workspaces/rosgsthumble_ws/install/gst_msgs:/home/devuser/Workspaces/rosgsthumble_ws/install/gst_bridge:/home/devuser/Workspaces/rosgsthumble_ws/install/cpp_campub:/home/devuser/Workspaces/rosgsthumble_ws/install/audio_msgs:/opt/ros/humble LD_LIBRARY_PATH=/home/devuser/Workspaces/rosgsthumble_ws/install/realsense2_camera_msgs/lib:/home/devuser/Workspaces/rosgsthumble_ws/install/realsense2_camera/lib:/home/devuser/Workspaces/rosgsthumble_ws/install/gst_pipeline_plugins_webrtc/lib:/home/devuser/Workspaces/rosgsthumble_ws/install/gst_pipeline_plugins/lib:/home/devuser/Workspaces/rosgsthumble_ws/install/gst_pipeline/lib:/home/devuser/Workspaces/rosgsthumble_ws/install/gst_msgs/lib:/home/devuser/Workspaces/rosgsthumble_ws/install/gst_bridge/lib:/home/devuser/Workspaces/rosgsthumble_ws/install/audio_msgs/lib:/opt/ros/humble/lib/aarch64-linux-gnu:/opt/ros/humble/lib /usr/bin/cmake --install /home/devuser/Workspaces/rosgsthumble_ws/build/realsense2_description
[0.560s] -- Install configuration: ""
[0.568s] -- Execute custom install script
[0.578s] -- Up-to-date symlink: /home/devuser/Workspaces/rosgsthumble_ws/install/realsense2_description/share/realsense2_description/launch/launch_utils.py
[0.581s] -- Up-to-date symlink: /home/devuser/Workspaces/rosgsthumble_ws/install/realsense2_description/share/realsense2_description/launch/view_model.launch.py
[0.586s] -- Up-to-date symlink: /home/devuser/Workspaces/rosgsthumble_ws/install/realsense2_description/share/realsense2_description/meshes/d405.stl
[0.590s] -- Up-to-date symlink: /home/devuser/Workspaces/rosgsthumble_ws/install/realsense2_description/share/realsense2_description/meshes/d415.stl
[0.596s] -- Up-to-date symlink: /home/devuser/Workspaces/rosgsthumble_ws/install/realsense2_description/share/realsense2_description/meshes/d435.dae
[0.600s] -- Up-to-date symlink: /home/devuser/Workspaces/rosgsthumble_ws/install/realsense2_description/share/realsense2_description/meshes/d455.stl
[0.603s] -- Up-to-date symlink: /home/devuser/Workspaces/rosgsthumble_ws/install/realsense2_description/share/realsense2_description/meshes/l515.dae
[0.607s] -- Up-to-date symlink: /home/devuser/Workspaces/rosgsthumble_ws/install/realsense2_description/share/realsense2_description/meshes/plug.stl
[0.613s] -- Up-to-date symlink: /home/devuser/Workspaces/rosgsthumble_ws/install/realsense2_description/share/realsense2_description/meshes/plug_collision.stl
[0.618s] -- Up-to-date symlink: /home/devuser/Workspaces/rosgsthumble_ws/install/realsense2_description/share/realsense2_description/rviz/urdf.rviz
[0.626s] -- Up-to-date symlink: /home/devuser/Workspaces/rosgsthumble_ws/install/realsense2_description/share/realsense2_description/urdf/_d405.urdf.xacro
[0.629s] -- Up-to-date symlink: /home/devuser/Workspaces/rosgsthumble_ws/install/realsense2_description/share/realsense2_description/urdf/_d415.urdf.xacro
[0.633s] -- Up-to-date symlink: /home/devuser/Workspaces/rosgsthumble_ws/install/realsense2_description/share/realsense2_description/urdf/_d435.urdf.xacro
[0.644s] -- Up-to-date symlink: /home/devuser/Workspaces/rosgsthumble_ws/install/realsense2_description/share/realsense2_description/urdf/_d435i.urdf.xacro
[0.648s] -- Up-to-date symlink: /home/devuser/Workspaces/rosgsthumble_ws/install/realsense2_description/share/realsense2_description/urdf/_d435i_imu_modules.urdf.xacro
[0.651s] -- Up-to-date symlink: /home/devuser/Workspaces/rosgsthumble_ws/install/realsense2_description/share/realsense2_description/urdf/_d455.urdf.xacro
[0.655s] -- Up-to-date symlink: /home/devuser/Workspaces/rosgsthumble_ws/install/realsense2_description/share/realsense2_description/urdf/_materials.urdf.xacro
[0.658s] -- Up-to-date symlink: /home/devuser/Workspaces/rosgsthumble_ws/install/realsense2_description/share/realsense2_description/urdf/_r410.urdf.xacro
[0.661s] -- Up-to-date symlink: /home/devuser/Workspaces/rosgsthumble_ws/install/realsense2_description/share/realsense2_description/urdf/_r430.urdf.xacro
[0.664s] -- Up-to-date symlink: /home/devuser/Workspaces/rosgsthumble_ws/install/realsense2_description/share/realsense2_description/urdf/_usb_plug.urdf.xacro
[0.668s] -- Up-to-date symlink: /home/devuser/Workspaces/rosgsthumble_ws/install/realsense2_description/share/realsense2_description/urdf/test_d405_camera.urdf.xacro
[0.671s] -- Up-to-date symlink: /home/devuser/Workspaces/rosgsthumble_ws/install/realsense2_description/share/realsense2_description/urdf/test_d415_camera.urdf.xacro
[0.677s] -- Up-to-date symlink: /home/devuser/Workspaces/rosgsthumble_ws/install/realsense2_description/share/realsense2_description/urdf/test_d435_camera.urdf.xacro
[0.681s] -- Up-to-date symlink: /home/devuser/Workspaces/rosgsthumble_ws/install/realsense2_description/share/realsense2_description/urdf/test_d435_multiple_cameras.urdf.xacro
[0.696s] -- Up-to-date symlink: /home/devuser/Workspaces/rosgsthumble_ws/install/realsense2_description/share/realsense2_description/urdf/test_d435i_camera.urdf.xacro
[0.703s] -- Up-to-date symlink: /home/devuser/Workspaces/rosgsthumble_ws/install/realsense2_description/share/realsense2_description/urdf/test_d455_camera.urdf.xacro
[0.706s] -- Up-to-date symlink: /home/devuser/Workspaces/rosgsthumble_ws/install/realsense2_description/share/realsense2_description/urdf/test_r410_camera.urdf.xacro
[0.708s] -- Up-to-date symlink: /home/devuser/Workspaces/rosgsthumble_ws/install/realsense2_description/share/realsense2_description/urdf/test_r430_camera.urdf.xacro
[0.712s] -- Up-to-date symlink: /home/devuser/Workspaces/rosgsthumble_ws/install/realsense2_description/share/ament_index/resource_index/package_run_dependencies/realsense2_description
[0.713s] -- Up-to-date symlink: /home/devuser/Workspaces/rosgsthumble_ws/install/realsense2_description/share/ament_index/resource_index/parent_prefix_path/realsense2_description
[0.717s] -- Up-to-date symlink: /home/devuser/Workspaces/rosgsthumble_ws/install/realsense2_description/share/realsense2_description/environment/ament_prefix_path.sh
[0.718s] -- Up-to-date symlink: /home/devuser/Workspaces/rosgsthumble_ws/install/realsense2_description/share/realsense2_description/environment/ament_prefix_path.dsv
[0.729s] -- Up-to-date symlink: /home/devuser/Workspaces/rosgsthumble_ws/install/realsense2_description/share/realsense2_description/environment/path.sh
[0.730s] -- Up-to-date symlink: /home/devuser/Workspaces/rosgsthumble_ws/install/realsense2_description/share/realsense2_description/environment/path.dsv
[0.732s] -- Up-to-date symlink: /home/devuser/Workspaces/rosgsthumble_ws/install/realsense2_description/share/realsense2_description/local_setup.bash
[0.735s] -- Up-to-date symlink: /home/devuser/Workspaces/rosgsthumble_ws/install/realsense2_description/share/realsense2_description/local_setup.sh
[0.741s] -- Up-to-date symlink: /home/devuser/Workspaces/rosgsthumble_ws/install/realsense2_description/share/realsense2_description/local_setup.zsh
[0.743s] -- Up-to-date symlink: /home/devuser/Workspaces/rosgsthumble_ws/install/realsense2_description/share/realsense2_description/local_setup.dsv
[0.745s] -- Symlinking: /home/devuser/Workspaces/rosgsthumble_ws/install/realsense2_description/share/realsense2_description/package.dsv
[0.831s] -- Up-to-date symlink: /home/devuser/Workspaces/rosgsthumble_ws/install/realsense2_description/share/ament_index/resource_index/packages/realsense2_description
[0.836s] -- Up-to-date symlink: /home/devuser/Workspaces/rosgsthumble_ws/install/realsense2_description/share/realsense2_description/cmake/realsense2_descriptionConfig.cmake
[0.839s] -- Up-to-date symlink: /home/devuser/Workspaces/rosgsthumble_ws/install/realsense2_description/share/realsense2_description/cmake/realsense2_descriptionConfig-version.cmake
[0.847s] -- Up-to-date symlink: /home/devuser/Workspaces/rosgsthumble_ws/install/realsense2_description/share/realsense2_description/package.xml
[0.861s] Invoked command in '/home/devuser/Workspaces/rosgsthumble_ws/build/realsense2_description' returned '0': CMAKE_PREFIX_PATH=/home/devuser/Workspaces/rosgsthumble_ws/install/realsense2_camera_msgs:/home/devuser/Workspaces/rosgsthumble_ws/install/webrtc_camera_node:/home/devuser/Workspaces/rosgsthumble_ws/install/realsense2_description:/home/devuser/Workspaces/rosgsthumble_ws/install/realsense2_camera:/home/devuser/Workspaces/rosgsthumble_ws/install/gst_pipeline_plugins_webrtc:/home/devuser/Workspaces/rosgsthumble_ws/install/gst_pipeline_plugins:/home/devuser/Workspaces/rosgsthumble_ws/install/gst_pipeline:/home/devuser/Workspaces/rosgsthumble_ws/install/gst_msgs:/home/devuser/Workspaces/rosgsthumble_ws/install/gst_bridge:/home/devuser/Workspaces/rosgsthumble_ws/install/cpp_campub:/home/devuser/Workspaces/rosgsthumble_ws/install/audio_msgs:/opt/ros/humble LD_LIBRARY_PATH=/home/devuser/Workspaces/rosgsthumble_ws/install/realsense2_camera_msgs/lib:/home/devuser/Workspaces/rosgsthumble_ws/install/realsense2_camera/lib:/home/devuser/Workspaces/rosgsthumble_ws/install/gst_pipeline_plugins_webrtc/lib:/home/devuser/Workspaces/rosgsthumble_ws/install/gst_pipeline_plugins/lib:/home/devuser/Workspaces/rosgsthumble_ws/install/gst_pipeline/lib:/home/devuser/Workspaces/rosgsthumble_ws/install/gst_msgs/lib:/home/devuser/Workspaces/rosgsthumble_ws/install/gst_bridge/lib:/home/devuser/Workspaces/rosgsthumble_ws/install/audio_msgs/lib:/opt/ros/humble/lib/aarch64-linux-gnu:/opt/ros/humble/lib /usr/bin/cmake --install /home/devuser/Workspaces/rosgsthumble_ws/build/realsense2_description
