[0.215s] Invoking command in '/root/Workspaces/rosgsthumble_ws/build/image_geometry': /usr/local/bin/cmake /root/Workspaces/rosgsthumble_ws/src/vision_opencv/image_geometry -DCMAKE_BUILD_TYPE=Release -DBUILD_TESTING=OFF -DOpenCV_DIR=/usr/lib/aarch64-linux-gnu/cmake/opencv4/ -DAMENT_CMAKE_SYMLINK_INSTALL=1 -DCMAKE_INSTALL_PREFIX=/root/Workspaces/rosgsthumble_ws/install/image_geometry
[1.031s] -- The C compiler identification is GNU 7.5.0
[1.433s] -- The CXX compiler identification is GNU 7.5.0
[1.618s] -- Detecting C compiler ABI info
[2.298s] -- Detecting C compiler ABI info - done
[2.395s] -- Check for working C compiler: /usr/bin/cc - skipped
[2.397s] -- Detecting C compile features
[2.403s] -- Detecting C compile features - done
[2.539s] -- Detecting CXX compiler ABI info
[3.226s] -- Detecting CXX compiler ABI info - done
[3.290s] -- Check for working CXX compiler: /usr/bin/c++ - skipped
[3.293s] -- Detecting CXX compile features
[3.297s] -- Detecting CXX compile features - done
[3.322s] -- Found ament_cmake_python: 1.3.5 (/opt/ros/humble/install/share/ament_cmake_python/cmake)
[3.337s] -- Found ament_cmake_ros: 0.10.0 (/opt/ros/humble/install/share/ament_cmake_ros/cmake)
[12.898s] -- Found Python3: /usr/bin/python3.6 (found version "3.6.9") found components: Interpreter 
[13.594s] -- Override CMake install command with custom implementation using symlinks instead of copying resources
[15.090s] [33mCMake Warning (dev) at /usr/lib/cmake/opencv4/OpenCVConfig.cmake:86 (find_package):
[15.091s]   Policy CMP0146 is not set: The FindCUDA module is removed.  Run "cmake
[15.092s]   --help-policy CMP0146" for policy details.  Use the cmake_policy command to
[15.093s]   set the policy and suppress this warning.
[15.094s] 
[15.095s] Call Stack (most recent call first):
[15.096s]   /usr/lib/cmake/opencv4/OpenCVConfig.cmake:108 (find_host_package)
[15.097s]   CMakeLists.txt:18 (find_package)
[15.098s] This warning is for project developers.  Use -Wno-dev to suppress it.
[15.099s] [0m
[15.157s] -- Performing Test CMAKE_HAVE_LIBC_PTHREAD
[15.416s] -- Performing Test CMAKE_HAVE_LIBC_PTHREAD - Failed
[15.417s] -- Looking for pthread_create in pthreads
[15.633s] -- Looking for pthread_create in pthreads - not found
[15.634s] -- Looking for pthread_create in pthread
[15.880s] -- Looking for pthread_create in pthread - found
[15.886s] -- Found Threads: TRUE  
[15.966s] -- Found CUDA: /usr/local/cuda-10.2 (found suitable exact version "10.2") 
[16.017s] -- Found OpenCV: /usr (found version "4.5.0") found components: calib3d core highgui imgproc 
[16.031s] -- Found sensor_msgs: 4.2.3 (/opt/ros/humble/install/share/sensor_msgs/cmake)
[16.265s] -- Found rosidl_generator_c: 3.1.5 (/opt/ros/humble/install/share/rosidl_generator_c/cmake)
[16.308s] -- Found rosidl_adapter: 3.1.5 (/opt/ros/humble/install/share/rosidl_adapter/cmake)
[16.376s] -- Found rosidl_generator_cpp: 3.1.5 (/opt/ros/humble/install/share/rosidl_generator_cpp/cmake)
[16.490s] -- Using all available rosidl_typesupport_c: rosidl_typesupport_fastrtps_c;rosidl_typesupport_introspection_c
[16.658s] -- Using all available rosidl_typesupport_cpp: rosidl_typesupport_fastrtps_cpp;rosidl_typesupport_introspection_cpp
[18.866s] -- Configuring done (18.3s)
[18.986s] -- Generating done (0.1s)
[19.010s] -- Build files have been written to: /root/Workspaces/rosgsthumble_ws/build/image_geometry
[19.066s] Invoked command in '/root/Workspaces/rosgsthumble_ws/build/image_geometry' returned '0': /usr/local/bin/cmake /root/Workspaces/rosgsthumble_ws/src/vision_opencv/image_geometry -DCMAKE_BUILD_TYPE=Release -DBUILD_TESTING=OFF -DOpenCV_DIR=/usr/lib/aarch64-linux-gnu/cmake/opencv4/ -DAMENT_CMAKE_SYMLINK_INSTALL=1 -DCMAKE_INSTALL_PREFIX=/root/Workspaces/rosgsthumble_ws/install/image_geometry
[19.077s] Invoking command in '/root/Workspaces/rosgsthumble_ws/build/image_geometry': /usr/local/bin/cmake --build /root/Workspaces/rosgsthumble_ws/build/image_geometry -- -j4 -l4
[19.352s] [  0%] Built target ament_cmake_python_symlink_image_geometry
[19.390s] [ 33%] [32mBuilding CXX object CMakeFiles/image_geometry.dir/src/pinhole_camera_model.cpp.o[0m
[26.966s] [ 66%] [32mBuilding CXX object CMakeFiles/image_geometry.dir/src/stereo_camera_model.cpp.o[0m
[31.882s] [100%] [32m[1mLinking CXX shared library libimage_geometry.so[0m
[32.236s] [100%] Built target image_geometry
[34.097s] running egg_info
[34.101s] creating image_geometry.egg-info
[34.104s] writing image_geometry.egg-info/PKG-INFO
[34.107s] writing dependency_links to image_geometry.egg-info/dependency_links.txt
[34.110s] writing top-level names to image_geometry.egg-info/top_level.txt
[34.114s] writing manifest file 'image_geometry.egg-info/SOURCES.txt'
[34.126s] reading manifest file 'image_geometry.egg-info/SOURCES.txt'
[34.133s] writing manifest file 'image_geometry.egg-info/SOURCES.txt'
[34.260s] [100%] Built target ament_cmake_python_build_image_geometry_egg
[34.314s] Invoked command in '/root/Workspaces/rosgsthumble_ws/build/image_geometry' returned '0': /usr/local/bin/cmake --build /root/Workspaces/rosgsthumble_ws/build/image_geometry -- -j4 -l4
[34.632s] Invoking command in '/root/Workspaces/rosgsthumble_ws/build/image_geometry': /usr/local/bin/cmake --install /root/Workspaces/rosgsthumble_ws/build/image_geometry
[34.832s] -- Install configuration: "Release"
[34.834s] -- Execute custom install script
[34.838s] -- Symlinking: /root/Workspaces/rosgsthumble_ws/install/image_geometry/share/image_geometry/environment/pythonpath.sh
[34.849s] -- Symlinking: /root/Workspaces/rosgsthumble_ws/install/image_geometry/share/image_geometry/environment/pythonpath.dsv
[34.864s] -- Symlinking: /root/Workspaces/rosgsthumble_ws/install/image_geometry/lib/python3.6/site-packages/image_geometry-3.2.1-py3.6.egg-info/PKG-INFO
[34.875s] -- Symlinking: /root/Workspaces/rosgsthumble_ws/install/image_geometry/lib/python3.6/site-packages/image_geometry-3.2.1-py3.6.egg-info/SOURCES.txt
[34.888s] -- Symlinking: /root/Workspaces/rosgsthumble_ws/install/image_geometry/lib/python3.6/site-packages/image_geometry-3.2.1-py3.6.egg-info/dependency_links.txt
[34.900s] -- Symlinking: /root/Workspaces/rosgsthumble_ws/install/image_geometry/lib/python3.6/site-packages/image_geometry-3.2.1-py3.6.egg-info/top_level.txt
[34.915s] -- Symlinking: /root/Workspaces/rosgsthumble_ws/install/image_geometry/lib/python3.6/site-packages/image_geometry/__init__.py
[34.927s] -- Symlinking: /root/Workspaces/rosgsthumble_ws/install/image_geometry/lib/python3.6/site-packages/image_geometry/cameramodels.py
[34.947s] -- Symlinking: /root/Workspaces/rosgsthumble_ws/install/image_geometry/include/image_geometry/image_geometry/pinhole_camera_model.h
[34.961s] -- Symlinking: /root/Workspaces/rosgsthumble_ws/install/image_geometry/include/image_geometry/image_geometry/stereo_camera_model.h
[34.973s] -- Symlinking: /root/Workspaces/rosgsthumble_ws/install/image_geometry/include/image_geometry/image_geometry/visibility_control.hpp
[34.988s] -- Symlinking: /root/Workspaces/rosgsthumble_ws/install/image_geometry/share/ament_index/resource_index/package_run_dependencies/image_geometry
[35.002s] -- Symlinking: /root/Workspaces/rosgsthumble_ws/install/image_geometry/share/ament_index/resource_index/parent_prefix_path/image_geometry
[35.014s] -- Symlinking: /root/Workspaces/rosgsthumble_ws/install/image_geometry/share/image_geometry/environment/ament_prefix_path.sh
[35.028s] -- Symlinking: /root/Workspaces/rosgsthumble_ws/install/image_geometry/share/image_geometry/environment/ament_prefix_path.dsv
[35.044s] -- Symlinking: /root/Workspaces/rosgsthumble_ws/install/image_geometry/share/image_geometry/environment/path.sh
[35.057s] -- Symlinking: /root/Workspaces/rosgsthumble_ws/install/image_geometry/share/image_geometry/environment/path.dsv
[35.069s] -- Symlinking: /root/Workspaces/rosgsthumble_ws/install/image_geometry/share/image_geometry/local_setup.bash
[35.082s] -- Symlinking: /root/Workspaces/rosgsthumble_ws/install/image_geometry/share/image_geometry/local_setup.sh
[35.095s] -- Symlinking: /root/Workspaces/rosgsthumble_ws/install/image_geometry/share/image_geometry/local_setup.zsh
[35.107s] -- Symlinking: /root/Workspaces/rosgsthumble_ws/install/image_geometry/share/image_geometry/local_setup.dsv
[35.120s] -- Symlinking: /root/Workspaces/rosgsthumble_ws/install/image_geometry/share/image_geometry/package.dsv
[35.134s] -- Symlinking: /root/Workspaces/rosgsthumble_ws/install/image_geometry/share/ament_index/resource_index/packages/image_geometry
[35.151s] -- Symlinking: /root/Workspaces/rosgsthumble_ws/install/image_geometry/share/image_geometry/cmake/ament_cmake_export_targets-extras.cmake
[35.164s] -- Symlinking: /root/Workspaces/rosgsthumble_ws/install/image_geometry/share/image_geometry/cmake/ament_cmake_export_dependencies-extras.cmake
[35.177s] -- Symlinking: /root/Workspaces/rosgsthumble_ws/install/image_geometry/share/image_geometry/cmake/image_geometryConfig.cmake
[35.188s] -- Symlinking: /root/Workspaces/rosgsthumble_ws/install/image_geometry/share/image_geometry/cmake/image_geometryConfig-version.cmake
[35.200s] -- Symlinking: /root/Workspaces/rosgsthumble_ws/install/image_geometry/share/image_geometry/package.xml
[35.426s] Listing '/root/Workspaces/rosgsthumble_ws/install/image_geometry/lib/python3.6/site-packages/image_geometry'...
[35.427s] Compiling '/root/Workspaces/rosgsthumble_ws/install/image_geometry/lib/python3.6/site-packages/image_geometry/__init__.py'...
[35.428s] Compiling '/root/Workspaces/rosgsthumble_ws/install/image_geometry/lib/python3.6/site-packages/image_geometry/cameramodels.py'...
[35.461s] -- Installing: /root/Workspaces/rosgsthumble_ws/install/image_geometry/lib/libimage_geometry.so
[35.470s] -- Set runtime path of "/root/Workspaces/rosgsthumble_ws/install/image_geometry/lib/libimage_geometry.so" to ""
[35.472s] -- Installing: /root/Workspaces/rosgsthumble_ws/install/image_geometry/share/image_geometry/cmake/export_image_geometryExport.cmake
[35.474s] -- Installing: /root/Workspaces/rosgsthumble_ws/install/image_geometry/share/image_geometry/cmake/export_image_geometryExport-release.cmake
[35.516s] Invoked command in '/root/Workspaces/rosgsthumble_ws/build/image_geometry' returned '0': /usr/local/bin/cmake --install /root/Workspaces/rosgsthumble_ws/build/image_geometry
