[0.017s] Invoking command in '/home/devuser/Workspaces/build/gst_msgs': CMAKE_PREFIX_PATH=/opt/ros/humble /usr/bin/cmake /home/devuser/Workspaces/rosgsthumble_ws/src/ros-gst-bridge/gst_msgs -DAMENT_CMAKE_SYMLINK_INSTALL=1 -DCMAKE_INSTALL_PREFIX=/home/devuser/Workspaces/install/gst_msgs
[0.061s] -- The C compiler identification is GNU 11.4.0
[0.107s] -- The CXX compiler identification is GNU 11.4.0
[0.114s] -- Detecting C compiler ABI info
[0.172s] -- Detecting C compiler ABI info - done
[0.178s] -- Check for working C compiler: /usr/bin/cc - skipped
[0.178s] -- Detecting C compile features
[0.178s] -- Detecting C compile features - done
[0.180s] -- Detecting CXX compiler ABI info
[0.248s] -- Detecting CXX compiler ABI info - done
[0.254s] -- Check for working CXX compiler: /usr/bin/c++ - skipped
[0.254s] -- Detecting CXX compile features
[0.255s] -- Detecting CXX compile features - done
[0.257s] -- Found ament_cmake: 1.3.12 (/opt/ros/humble/share/ament_cmake/cmake)
[0.375s] -- Found Python3: /usr/bin/python3 (found version "3.10.12") found components: Interpreter 
[0.429s] -- Override CMake install command with custom implementation using symlinks instead of copying resources
[0.461s] -- Found std_msgs: 4.9.0 (/opt/ros/humble/share/std_msgs/cmake)
[0.495s] -- Found rosidl_generator_c: 3.1.7 (/opt/ros/humble/share/rosidl_generator_c/cmake)
[0.502s] -- Found rosidl_adapter: 3.1.7 (/opt/ros/humble/share/rosidl_adapter/cmake)
[0.511s] -- Found rosidl_generator_cpp: 3.1.7 (/opt/ros/humble/share/rosidl_generator_cpp/cmake)
[0.522s] -- Using all available rosidl_typesupport_c: rosidl_typesupport_fastrtps_c;rosidl_typesupport_introspection_c
[0.536s] -- Using all available rosidl_typesupport_cpp: rosidl_typesupport_fastrtps_cpp;rosidl_typesupport_introspection_cpp
[0.558s] -- Found rosidl_default_generators: 1.2.0 (/opt/ros/humble/share/rosidl_default_generators/cmake)
[0.799s] -- Found ament_cmake_ros: 0.10.0 (/opt/ros/humble/share/ament_cmake_ros/cmake)
[1.082s] -- Using all available rosidl_typesupport_c: rosidl_typesupport_fastrtps_c;rosidl_typesupport_introspection_c
[1.189s] -- Using all available rosidl_typesupport_cpp: rosidl_typesupport_fastrtps_cpp;rosidl_typesupport_introspection_cpp
[1.206s] -- Found PythonInterp: /usr/bin/python3 (found suitable version "3.10.12", minimum required is "3.6") 
[1.208s] -- Found python_cmake_module: 0.10.0 (/opt/ros/humble/share/python_cmake_module/cmake)
[1.228s] -- Found PythonLibs: /usr/lib/x86_64-linux-gnu/libpython3.10.so (found suitable version "3.10.12", minimum required is "3.5") 
[1.228s] -- Using PYTHON_EXECUTABLE: /usr/bin/python3
[1.228s] -- Using PYTHON_INCLUDE_DIRS: /usr/include/python3.10
[1.228s] -- Using PYTHON_LIBRARIES: /usr/lib/x86_64-linux-gnu/libpython3.10.so
[1.243s] -- Found PythonExtra: .so  
[1.282s] -- Found ament_lint_auto: 0.12.14 (/opt/ros/humble/share/ament_lint_auto/cmake)
[1.307s] -- Added test 'copyright' to check source files copyright and LICENSE
[1.310s] -- Added test 'lint_cmake' to check CMake code style
[1.311s] -- Added test 'xmllint' to check XML markup files
[1.315s] -- Configuring done
[1.350s] -- Generating done
[1.359s] -- Build files have been written to: /home/devuser/Workspaces/build/gst_msgs
[1.365s] Invoked command in '/home/devuser/Workspaces/build/gst_msgs' returned '0': CMAKE_PREFIX_PATH=/opt/ros/humble /usr/bin/cmake /home/devuser/Workspaces/rosgsthumble_ws/src/ros-gst-bridge/gst_msgs -DAMENT_CMAKE_SYMLINK_INSTALL=1 -DCMAKE_INSTALL_PREFIX=/home/devuser/Workspaces/install/gst_msgs
[1.366s] Invoking command in '/home/devuser/Workspaces/build/gst_msgs': CMAKE_PREFIX_PATH=/opt/ros/humble /usr/bin/cmake --build /home/devuser/Workspaces/build/gst_msgs -- -j16 -l16
[1.401s] [  1%] [34m[1mGenerating C code for ROS interfaces[0m
[1.410s] [  2%] [34m[1mGenerating C++ code for ROS interfaces[0m
[1.418s] [  2%] Built target ament_cmake_python_symlink_gst_msgs
[1.594s] running egg_info
[1.594s] creating gst_msgs.egg-info
[1.595s] writing gst_msgs.egg-info/PKG-INFO
[1.595s] writing dependency_links to gst_msgs.egg-info/dependency_links.txt
[1.595s] writing top-level names to gst_msgs.egg-info/top_level.txt
[1.595s] writing manifest file 'gst_msgs.egg-info/SOURCES.txt'
[1.596s] reading manifest file 'gst_msgs.egg-info/SOURCES.txt'
[1.597s] writing manifest file 'gst_msgs.egg-info/SOURCES.txt'
[1.625s] [  2%] Built target ament_cmake_python_build_gst_msgs_egg
[2.025s] [  3%] [32mBuilding C object CMakeFiles/gst_msgs__rosidl_generator_c.dir/rosidl_generator_c/gst_msgs/msg/detail/frame_gate__functions.c.o[0m
[2.025s] [  6%] [32mBuilding C object CMakeFiles/gst_msgs__rosidl_generator_c.dir/rosidl_generator_c/gst_msgs/msg/detail/clock_observation__functions.c.o[0m
[2.026s] [  6%] [32mBuilding C object CMakeFiles/gst_msgs__rosidl_generator_c.dir/rosidl_generator_c/gst_msgs/msg/detail/webrtc_ice__functions.c.o[0m
[2.028s] [  7%] [32mBuilding C object CMakeFiles/gst_msgs__rosidl_generator_c.dir/rosidl_generator_c/gst_msgs/msg/detail/meta_mark__functions.c.o[0m
[2.032s] [  8%] [32mBuilding C object CMakeFiles/gst_msgs__rosidl_generator_c.dir/rosidl_generator_c/gst_msgs/msg/detail/buffer_event__functions.c.o[0m
[2.033s] [ 10%] [32mBuilding C object CMakeFiles/gst_msgs__rosidl_generator_c.dir/rosidl_generator_c/gst_msgs/msg/detail/multifilesink_event__functions.c.o[0m
[2.038s] [ 11%] [32mBuilding C object CMakeFiles/gst_msgs__rosidl_generator_c.dir/rosidl_generator_c/gst_msgs/srv/detail/seek__functions.c.o[0m
[2.053s] [ 11%] Built target gst_msgs__cpp
[2.068s] [ 12%] [34m[1mGenerating C++ type support dispatch for ROS interfaces[0m
[2.071s] [ 13%] [34m[1mGenerating C++ type support for eProsima Fast-RTPS[0m
[2.081s] [ 15%] [34m[1mGenerating C++ introspection for ROS interfaces[0m
[2.104s] [ 16%] [32m[1mLinking C shared library libgst_msgs__rosidl_generator_c.so[0m
[2.146s] [ 16%] Built target gst_msgs__rosidl_generator_c
[2.160s] [ 20%] [34m[1mGenerating C type support for eProsima Fast-RTPS[0m
[2.162s] [ 20%] [34m[1mGenerating C introspection for ROS interfaces[0m
[2.162s] [ 20%] [34m[1mGenerating C type support dispatch for ROS interfaces[0m
[2.593s] [ 21%] [32mBuilding CXX object CMakeFiles/gst_msgs__rosidl_typesupport_cpp.dir/rosidl_typesupport_cpp/gst_msgs/msg/frame_gate__type_support.cpp.o[0m
[2.593s] [ 22%] [32mBuilding CXX object CMakeFiles/gst_msgs__rosidl_typesupport_cpp.dir/rosidl_typesupport_cpp/gst_msgs/msg/webrtc_ice__type_support.cpp.o[0m
[2.593s] [ 24%] [32mBuilding CXX object CMakeFiles/gst_msgs__rosidl_typesupport_cpp.dir/rosidl_typesupport_cpp/gst_msgs/msg/multifilesink_event__type_support.cpp.o[0m
[2.593s] [ 25%] [32mBuilding CXX object CMakeFiles/gst_msgs__rosidl_typesupport_cpp.dir/rosidl_typesupport_cpp/gst_msgs/msg/clock_observation__type_support.cpp.o[0m
[2.594s] [ 26%] [32mBuilding CXX object CMakeFiles/gst_msgs__rosidl_typesupport_cpp.dir/rosidl_typesupport_cpp/gst_msgs/msg/buffer_event__type_support.cpp.o[0m
[2.594s] [ 27%] [32mBuilding CXX object CMakeFiles/gst_msgs__rosidl_typesupport_cpp.dir/rosidl_typesupport_cpp/gst_msgs/srv/seek__type_support.cpp.o[0m
[2.594s] [ 29%] [32mBuilding CXX object CMakeFiles/gst_msgs__rosidl_typesupport_cpp.dir/rosidl_typesupport_cpp/gst_msgs/msg/meta_mark__type_support.cpp.o[0m
[2.769s] [ 30%] [32mBuilding C object CMakeFiles/gst_msgs__rosidl_typesupport_introspection_c.dir/rosidl_typesupport_introspection_c/gst_msgs/msg/detail/frame_gate__type_support.c.o[0m
[2.772s] [ 31%] [32mBuilding C object CMakeFiles/gst_msgs__rosidl_typesupport_introspection_c.dir/rosidl_typesupport_introspection_c/gst_msgs/msg/detail/buffer_event__type_support.c.o[0m
[2.779s] [ 34%] [32mBuilding C object CMakeFiles/gst_msgs__rosidl_typesupport_introspection_c.dir/rosidl_typesupport_introspection_c/gst_msgs/msg/detail/clock_observation__type_support.c.o[0m
[2.779s] [ 34%] [32mBuilding C object CMakeFiles/gst_msgs__rosidl_typesupport_introspection_c.dir/rosidl_typesupport_introspection_c/gst_msgs/msg/detail/webrtc_ice__type_support.c.o[0m
[2.792s] [ 35%] [32mBuilding C object CMakeFiles/gst_msgs__rosidl_typesupport_introspection_c.dir/rosidl_typesupport_introspection_c/gst_msgs/msg/detail/multifilesink_event__type_support.c.o[0m
[2.825s] [ 36%] [32mBuilding C object CMakeFiles/gst_msgs__rosidl_typesupport_introspection_c.dir/rosidl_typesupport_introspection_c/gst_msgs/msg/detail/meta_mark__type_support.c.o[0m
[2.841s] [ 37%] [32mBuilding C object CMakeFiles/gst_msgs__rosidl_typesupport_introspection_c.dir/rosidl_typesupport_introspection_c/gst_msgs/srv/detail/seek__type_support.c.o[0m
[2.898s] [ 39%] [32m[1mLinking C shared library libgst_msgs__rosidl_typesupport_introspection_c.so[0m
[2.911s] [ 40%] [32mBuilding CXX object CMakeFiles/gst_msgs__rosidl_typesupport_c.dir/rosidl_typesupport_c/gst_msgs/msg/frame_gate__type_support.cpp.o[0m
[2.926s] [ 41%] [32mBuilding CXX object CMakeFiles/gst_msgs__rosidl_typesupport_c.dir/rosidl_typesupport_c/gst_msgs/msg/webrtc_ice__type_support.cpp.o[0m
[2.935s] [ 44%] [32mBuilding CXX object CMakeFiles/gst_msgs__rosidl_typesupport_c.dir/rosidl_typesupport_c/gst_msgs/msg/clock_observation__type_support.cpp.o[0m
[2.935s] [ 44%] [32mBuilding CXX object CMakeFiles/gst_msgs__rosidl_typesupport_c.dir/rosidl_typesupport_c/gst_msgs/msg/meta_mark__type_support.cpp.o[0m
[2.939s] [ 46%] [32mBuilding CXX object CMakeFiles/gst_msgs__rosidl_typesupport_c.dir/rosidl_typesupport_c/gst_msgs/msg/multifilesink_event__type_support.cpp.o[0m
[2.939s] [ 46%] [32mBuilding CXX object CMakeFiles/gst_msgs__rosidl_typesupport_c.dir/rosidl_typesupport_c/gst_msgs/srv/seek__type_support.cpp.o[0m
[2.940s] [ 48%] [32mBuilding CXX object CMakeFiles/gst_msgs__rosidl_typesupport_c.dir/rosidl_typesupport_c/gst_msgs/msg/buffer_event__type_support.cpp.o[0m
[2.948s] [ 48%] Built target gst_msgs__rosidl_typesupport_introspection_c
[2.956s] [ 49%] [32m[1mLinking CXX shared library libgst_msgs__rosidl_typesupport_cpp.so[0m
[2.957s] [ 51%] [32mBuilding CXX object CMakeFiles/gst_msgs__rosidl_typesupport_fastrtps_c.dir/rosidl_typesupport_fastrtps_c/gst_msgs/msg/detail/frame_gate__type_support_c.cpp.o[0m
[2.957s] [ 51%] [32mBuilding CXX object CMakeFiles/gst_msgs__rosidl_typesupport_introspection_cpp.dir/rosidl_typesupport_introspection_cpp/gst_msgs/msg/detail/frame_gate__type_support.cpp.o[0m
[2.959s] [ 53%] [32mBuilding CXX object CMakeFiles/gst_msgs__rosidl_typesupport_fastrtps_c.dir/rosidl_typesupport_fastrtps_c/gst_msgs/msg/detail/webrtc_ice__type_support_c.cpp.o[0m
[2.969s] [ 55%] [32mBuilding CXX object CMakeFiles/gst_msgs__rosidl_typesupport_introspection_cpp.dir/rosidl_typesupport_introspection_cpp/gst_msgs/msg/detail/webrtc_ice__type_support.cpp.o[0m
[2.969s] [ 55%] [32mBuilding CXX object CMakeFiles/gst_msgs__rosidl_typesupport_fastrtps_c.dir/rosidl_typesupport_fastrtps_c/gst_msgs/msg/detail/buffer_event__type_support_c.cpp.o[0m
[2.979s] [ 60%] [32mBuilding CXX object CMakeFiles/gst_msgs__rosidl_typesupport_introspection_cpp.dir/rosidl_typesupport_introspection_cpp/gst_msgs/msg/detail/clock_observation__type_support.cpp.o[0m
[2.980s] [ 60%] [32mBuilding CXX object CMakeFiles/gst_msgs__rosidl_typesupport_fastrtps_c.dir/rosidl_typesupport_fastrtps_c/gst_msgs/msg/detail/multifilesink_event__type_support_c.cpp.o[0m
[2.980s] [ 60%] [32mBuilding CXX object CMakeFiles/gst_msgs__rosidl_typesupport_fastrtps_c.dir/rosidl_typesupport_fastrtps_c/gst_msgs/msg/detail/clock_observation__type_support_c.cpp.o[0m
[2.980s] [ 60%] [32mBuilding CXX object CMakeFiles/gst_msgs__rosidl_typesupport_introspection_cpp.dir/rosidl_typesupport_introspection_cpp/gst_msgs/msg/detail/multifilesink_event__type_support.cpp.o[0m
[2.981s] [ 62%] [32mBuilding CXX object CMakeFiles/gst_msgs__rosidl_typesupport_fastrtps_c.dir/rosidl_typesupport_fastrtps_c/gst_msgs/srv/detail/seek__type_support_c.cpp.o[0m
[2.982s] [ 63%] [32mBuilding CXX object CMakeFiles/gst_msgs__rosidl_typesupport_introspection_cpp.dir/rosidl_typesupport_introspection_cpp/gst_msgs/msg/detail/buffer_event__type_support.cpp.o[0m
[2.982s] [ 64%] [32mBuilding CXX object CMakeFiles/gst_msgs__rosidl_typesupport_introspection_cpp.dir/rosidl_typesupport_introspection_cpp/gst_msgs/msg/detail/meta_mark__type_support.cpp.o[0m
[2.982s] [ 65%] [32mBuilding CXX object CMakeFiles/gst_msgs__rosidl_typesupport_fastrtps_c.dir/rosidl_typesupport_fastrtps_c/gst_msgs/msg/detail/meta_mark__type_support_c.cpp.o[0m
[2.987s] [ 67%] [32m[1mLinking CXX shared library libgst_msgs__rosidl_typesupport_c.so[0m
[2.995s] [ 68%] [32mBuilding CXX object CMakeFiles/gst_msgs__rosidl_typesupport_fastrtps_cpp.dir/rosidl_typesupport_fastrtps_cpp/gst_msgs/msg/detail/dds_fastrtps/frame_gate__type_support.cpp.o[0m
[3.019s] [ 68%] Built target gst_msgs__rosidl_typesupport_cpp
[3.030s] [ 69%] [32mBuilding CXX object CMakeFiles/gst_msgs__rosidl_typesupport_fastrtps_cpp.dir/rosidl_typesupport_fastrtps_cpp/gst_msgs/msg/detail/dds_fastrtps/webrtc_ice__type_support.cpp.o[0m
[3.046s] [ 69%] Built target gst_msgs__rosidl_typesupport_c
[3.059s] [ 70%] [32mBuilding CXX object CMakeFiles/gst_msgs__rosidl_typesupport_fastrtps_cpp.dir/rosidl_typesupport_fastrtps_cpp/gst_msgs/msg/detail/dds_fastrtps/buffer_event__type_support.cpp.o[0m
[3.396s] [ 72%] [32mBuilding CXX object CMakeFiles/gst_msgs__rosidl_typesupport_introspection_cpp.dir/rosidl_typesupport_introspection_cpp/gst_msgs/srv/detail/seek__type_support.cpp.o[0m
[3.397s] [ 73%] [32mBuilding CXX object CMakeFiles/gst_msgs__rosidl_typesupport_fastrtps_cpp.dir/rosidl_typesupport_fastrtps_cpp/gst_msgs/msg/detail/dds_fastrtps/clock_observation__type_support.cpp.o[0m
[3.439s] [ 74%] [32mBuilding CXX object CMakeFiles/gst_msgs__rosidl_typesupport_fastrtps_cpp.dir/rosidl_typesupport_fastrtps_cpp/gst_msgs/msg/detail/dds_fastrtps/multifilesink_event__type_support.cpp.o[0m
[3.439s] [ 75%] [32mBuilding CXX object CMakeFiles/gst_msgs__rosidl_typesupport_fastrtps_cpp.dir/rosidl_typesupport_fastrtps_cpp/gst_msgs/msg/detail/dds_fastrtps/meta_mark__type_support.cpp.o[0m
[3.458s] [ 77%] [32mBuilding CXX object CMakeFiles/gst_msgs__rosidl_typesupport_fastrtps_cpp.dir/rosidl_typesupport_fastrtps_cpp/gst_msgs/srv/detail/dds_fastrtps/seek__type_support.cpp.o[0m
[3.601s] [ 78%] [32m[1mLinking CXX shared library libgst_msgs__rosidl_typesupport_fastrtps_c.so[0m
[3.695s] [ 78%] Built target gst_msgs__rosidl_typesupport_fastrtps_c
[3.763s] [ 79%] [32m[1mLinking CXX shared library libgst_msgs__rosidl_typesupport_introspection_cpp.so[0m
[3.836s] [ 79%] Built target gst_msgs__rosidl_typesupport_introspection_cpp
[3.850s] [ 81%] [32m[1mLinking CXX shared library libgst_msgs__rosidl_typesupport_fastrtps_cpp.so[0m
[3.913s] [ 81%] Built target gst_msgs__rosidl_typesupport_fastrtps_cpp
[3.933s] [ 81%] Built target gst_msgs
[3.951s] [ 82%] [34m[1mGenerating Python code for ROS interfaces[0m
[4.845s] [ 82%] Built target gst_msgs__py
[4.870s] [ 84%] [32mBuilding C object CMakeFiles/gst_msgs__rosidl_generator_py.dir/rosidl_generator_py/gst_msgs/msg/_multifilesink_event_s.c.o[0m
[4.870s] [ 84%] [32mBuilding C object CMakeFiles/gst_msgs__rosidl_generator_py.dir/rosidl_generator_py/gst_msgs/msg/_clock_observation_s.c.o[0m
[4.870s] [ 87%] [32mBuilding C object CMakeFiles/gst_msgs__rosidl_generator_py.dir/rosidl_generator_py/gst_msgs/msg/_buffer_event_s.c.o[0m
[4.870s] [ 87%] [32mBuilding C object CMakeFiles/gst_msgs__rosidl_generator_py.dir/rosidl_generator_py/gst_msgs/msg/_webrtc_ice_s.c.o[0m
[4.872s] [ 88%] [32mBuilding C object CMakeFiles/gst_msgs__rosidl_generator_py.dir/rosidl_generator_py/gst_msgs/msg/_frame_gate_s.c.o[0m
[4.872s] [ 89%] [32mBuilding C object CMakeFiles/gst_msgs__rosidl_generator_py.dir/rosidl_generator_py/gst_msgs/srv/_seek_s.c.o[0m
[4.877s] [ 91%] [32mBuilding C object CMakeFiles/gst_msgs__rosidl_generator_py.dir/rosidl_generator_py/gst_msgs/msg/_meta_mark_s.c.o[0m
[4.984s] [ 92%] [32m[1mLinking C shared library rosidl_generator_py/gst_msgs/libgst_msgs__rosidl_generator_py.so[0m
[5.021s] [ 92%] Built target gst_msgs__rosidl_generator_py
[5.039s] [ 96%] [32mBuilding C object CMakeFiles/gst_msgs__rosidl_typesupport_introspection_c__pyext.dir/rosidl_generator_py/gst_msgs/_gst_msgs_s.ep.rosidl_typesupport_introspection_c.c.o[0m
[5.039s] [ 96%] [32mBuilding C object CMakeFiles/gst_msgs__rosidl_typesupport_c__pyext.dir/rosidl_generator_py/gst_msgs/_gst_msgs_s.ep.rosidl_typesupport_c.c.o[0m
[5.040s] [ 96%] [32mBuilding C object CMakeFiles/gst_msgs__rosidl_typesupport_fastrtps_c__pyext.dir/rosidl_generator_py/gst_msgs/_gst_msgs_s.ep.rosidl_typesupport_fastrtps_c.c.o[0m
[5.136s] [100%] [32m[1mLinking C shared library rosidl_generator_py/gst_msgs/gst_msgs_s__rosidl_typesupport_c.cpython-310-x86_64-linux-gnu.so[0m
[5.136s] [100%] [32m[1mLinking C shared library rosidl_generator_py/gst_msgs/gst_msgs_s__rosidl_typesupport_introspection_c.cpython-310-x86_64-linux-gnu.so[0m
[5.137s] [100%] [32m[1mLinking C shared library rosidl_generator_py/gst_msgs/gst_msgs_s__rosidl_typesupport_fastrtps_c.cpython-310-x86_64-linux-gnu.so[0m
[5.170s] [100%] Built target gst_msgs__rosidl_typesupport_introspection_c__pyext
[5.170s] [100%] Built target gst_msgs__rosidl_typesupport_c__pyext
[5.170s] [100%] Built target gst_msgs__rosidl_typesupport_fastrtps_c__pyext
[5.182s] Invoked command in '/home/devuser/Workspaces/build/gst_msgs' returned '0': CMAKE_PREFIX_PATH=/opt/ros/humble /usr/bin/cmake --build /home/devuser/Workspaces/build/gst_msgs -- -j16 -l16
[5.183s] Invoking command in '/home/devuser/Workspaces/build/gst_msgs': CMAKE_PREFIX_PATH=/opt/ros/humble /usr/bin/cmake --install /home/devuser/Workspaces/build/gst_msgs
[5.190s] -- Install configuration: ""
[5.190s] -- Execute custom install script
[5.191s] -- Symlinking: /home/devuser/Workspaces/install/gst_msgs/share/ament_index/resource_index/rosidl_interfaces/gst_msgs
[5.199s] -- Symlinking: /home/devuser/Workspaces/install/gst_msgs/include/gst_msgs/gst_msgs/msg/buffer_event.h
[5.207s] -- Symlinking: /home/devuser/Workspaces/install/gst_msgs/include/gst_msgs/gst_msgs/msg/clock_observation.h
[5.215s] -- Symlinking: /home/devuser/Workspaces/install/gst_msgs/include/gst_msgs/gst_msgs/msg/detail/buffer_event__functions.h
[5.223s] -- Symlinking: /home/devuser/Workspaces/install/gst_msgs/include/gst_msgs/gst_msgs/msg/detail/buffer_event__struct.h
[5.231s] -- Symlinking: /home/devuser/Workspaces/install/gst_msgs/include/gst_msgs/gst_msgs/msg/detail/buffer_event__type_support.h
[5.239s] -- Symlinking: /home/devuser/Workspaces/install/gst_msgs/include/gst_msgs/gst_msgs/msg/detail/clock_observation__functions.h
[5.247s] -- Symlinking: /home/devuser/Workspaces/install/gst_msgs/include/gst_msgs/gst_msgs/msg/detail/clock_observation__struct.h
[5.254s] -- Symlinking: /home/devuser/Workspaces/install/gst_msgs/include/gst_msgs/gst_msgs/msg/detail/clock_observation__type_support.h
[5.262s] -- Symlinking: /home/devuser/Workspaces/install/gst_msgs/include/gst_msgs/gst_msgs/msg/detail/frame_gate__functions.h
[5.269s] -- Symlinking: /home/devuser/Workspaces/install/gst_msgs/include/gst_msgs/gst_msgs/msg/detail/frame_gate__struct.h
[5.278s] -- Symlinking: /home/devuser/Workspaces/install/gst_msgs/include/gst_msgs/gst_msgs/msg/detail/frame_gate__type_support.h
[5.287s] -- Symlinking: /home/devuser/Workspaces/install/gst_msgs/include/gst_msgs/gst_msgs/msg/detail/meta_mark__functions.h
[5.294s] -- Symlinking: /home/devuser/Workspaces/install/gst_msgs/include/gst_msgs/gst_msgs/msg/detail/meta_mark__struct.h
[5.302s] -- Symlinking: /home/devuser/Workspaces/install/gst_msgs/include/gst_msgs/gst_msgs/msg/detail/meta_mark__type_support.h
[5.310s] -- Symlinking: /home/devuser/Workspaces/install/gst_msgs/include/gst_msgs/gst_msgs/msg/detail/multifilesink_event__functions.h
[5.318s] -- Symlinking: /home/devuser/Workspaces/install/gst_msgs/include/gst_msgs/gst_msgs/msg/detail/multifilesink_event__struct.h
[5.325s] -- Symlinking: /home/devuser/Workspaces/install/gst_msgs/include/gst_msgs/gst_msgs/msg/detail/multifilesink_event__type_support.h
[5.333s] -- Symlinking: /home/devuser/Workspaces/install/gst_msgs/include/gst_msgs/gst_msgs/msg/detail/webrtc_ice__functions.h
[5.341s] -- Symlinking: /home/devuser/Workspaces/install/gst_msgs/include/gst_msgs/gst_msgs/msg/detail/webrtc_ice__struct.h
[5.349s] -- Symlinking: /home/devuser/Workspaces/install/gst_msgs/include/gst_msgs/gst_msgs/msg/detail/webrtc_ice__type_support.h
[5.357s] -- Symlinking: /home/devuser/Workspaces/install/gst_msgs/include/gst_msgs/gst_msgs/msg/frame_gate.h
[5.365s] -- Symlinking: /home/devuser/Workspaces/install/gst_msgs/include/gst_msgs/gst_msgs/msg/meta_mark.h
[5.373s] -- Symlinking: /home/devuser/Workspaces/install/gst_msgs/include/gst_msgs/gst_msgs/msg/multifilesink_event.h
[5.381s] -- Symlinking: /home/devuser/Workspaces/install/gst_msgs/include/gst_msgs/gst_msgs/msg/rosidl_generator_c__visibility_control.h
[5.389s] -- Symlinking: /home/devuser/Workspaces/install/gst_msgs/include/gst_msgs/gst_msgs/msg/webrtc_ice.h
[5.396s] -- Symlinking: /home/devuser/Workspaces/install/gst_msgs/include/gst_msgs/gst_msgs/srv/detail/seek__functions.h
[5.404s] -- Symlinking: /home/devuser/Workspaces/install/gst_msgs/include/gst_msgs/gst_msgs/srv/detail/seek__struct.h
[5.412s] -- Symlinking: /home/devuser/Workspaces/install/gst_msgs/include/gst_msgs/gst_msgs/srv/detail/seek__type_support.h
[5.420s] -- Symlinking: /home/devuser/Workspaces/install/gst_msgs/include/gst_msgs/gst_msgs/srv/seek.h
[5.428s] -- Symlinking: /home/devuser/Workspaces/install/gst_msgs/share/gst_msgs/environment/library_path.sh
[5.435s] -- Symlinking: /home/devuser/Workspaces/install/gst_msgs/share/gst_msgs/environment/library_path.dsv
[5.444s] -- Symlinking: /home/devuser/Workspaces/install/gst_msgs/include/gst_msgs/gst_msgs/msg/detail/buffer_event__rosidl_typesupport_fastrtps_c.h
[5.451s] -- Symlinking: /home/devuser/Workspaces/install/gst_msgs/include/gst_msgs/gst_msgs/msg/detail/clock_observation__rosidl_typesupport_fastrtps_c.h
[5.458s] -- Symlinking: /home/devuser/Workspaces/install/gst_msgs/include/gst_msgs/gst_msgs/msg/detail/frame_gate__rosidl_typesupport_fastrtps_c.h
[5.466s] -- Symlinking: /home/devuser/Workspaces/install/gst_msgs/include/gst_msgs/gst_msgs/msg/detail/meta_mark__rosidl_typesupport_fastrtps_c.h
[5.473s] -- Symlinking: /home/devuser/Workspaces/install/gst_msgs/include/gst_msgs/gst_msgs/msg/detail/multifilesink_event__rosidl_typesupport_fastrtps_c.h
[5.481s] -- Symlinking: /home/devuser/Workspaces/install/gst_msgs/include/gst_msgs/gst_msgs/msg/detail/webrtc_ice__rosidl_typesupport_fastrtps_c.h
[5.488s] -- Symlinking: /home/devuser/Workspaces/install/gst_msgs/include/gst_msgs/gst_msgs/msg/rosidl_typesupport_fastrtps_c__visibility_control.h
[5.496s] -- Symlinking: /home/devuser/Workspaces/install/gst_msgs/include/gst_msgs/gst_msgs/srv/detail/seek__rosidl_typesupport_fastrtps_c.h
[5.504s] -- Symlinking: /home/devuser/Workspaces/install/gst_msgs/include/gst_msgs/gst_msgs/msg/buffer_event.hpp
[5.512s] -- Symlinking: /home/devuser/Workspaces/install/gst_msgs/include/gst_msgs/gst_msgs/msg/clock_observation.hpp
[5.520s] -- Symlinking: /home/devuser/Workspaces/install/gst_msgs/include/gst_msgs/gst_msgs/msg/detail/buffer_event__builder.hpp
[5.527s] -- Symlinking: /home/devuser/Workspaces/install/gst_msgs/include/gst_msgs/gst_msgs/msg/detail/buffer_event__struct.hpp
[5.535s] -- Symlinking: /home/devuser/Workspaces/install/gst_msgs/include/gst_msgs/gst_msgs/msg/detail/buffer_event__traits.hpp
[5.543s] -- Symlinking: /home/devuser/Workspaces/install/gst_msgs/include/gst_msgs/gst_msgs/msg/detail/buffer_event__type_support.hpp
[5.551s] -- Symlinking: /home/devuser/Workspaces/install/gst_msgs/include/gst_msgs/gst_msgs/msg/detail/clock_observation__builder.hpp
[5.559s] -- Symlinking: /home/devuser/Workspaces/install/gst_msgs/include/gst_msgs/gst_msgs/msg/detail/clock_observation__struct.hpp
[5.567s] -- Symlinking: /home/devuser/Workspaces/install/gst_msgs/include/gst_msgs/gst_msgs/msg/detail/clock_observation__traits.hpp
[5.574s] -- Symlinking: /home/devuser/Workspaces/install/gst_msgs/include/gst_msgs/gst_msgs/msg/detail/clock_observation__type_support.hpp
[5.582s] -- Symlinking: /home/devuser/Workspaces/install/gst_msgs/include/gst_msgs/gst_msgs/msg/detail/frame_gate__builder.hpp
[5.590s] -- Symlinking: /home/devuser/Workspaces/install/gst_msgs/include/gst_msgs/gst_msgs/msg/detail/frame_gate__struct.hpp
[5.597s] -- Symlinking: /home/devuser/Workspaces/install/gst_msgs/include/gst_msgs/gst_msgs/msg/detail/frame_gate__traits.hpp
[5.605s] -- Symlinking: /home/devuser/Workspaces/install/gst_msgs/include/gst_msgs/gst_msgs/msg/detail/frame_gate__type_support.hpp
[5.613s] -- Symlinking: /home/devuser/Workspaces/install/gst_msgs/include/gst_msgs/gst_msgs/msg/detail/meta_mark__builder.hpp
[5.621s] -- Symlinking: /home/devuser/Workspaces/install/gst_msgs/include/gst_msgs/gst_msgs/msg/detail/meta_mark__struct.hpp
[5.629s] -- Symlinking: /home/devuser/Workspaces/install/gst_msgs/include/gst_msgs/gst_msgs/msg/detail/meta_mark__traits.hpp
[5.636s] -- Symlinking: /home/devuser/Workspaces/install/gst_msgs/include/gst_msgs/gst_msgs/msg/detail/meta_mark__type_support.hpp
[5.644s] -- Symlinking: /home/devuser/Workspaces/install/gst_msgs/include/gst_msgs/gst_msgs/msg/detail/multifilesink_event__builder.hpp
[5.652s] -- Symlinking: /home/devuser/Workspaces/install/gst_msgs/include/gst_msgs/gst_msgs/msg/detail/multifilesink_event__struct.hpp
[5.660s] -- Symlinking: /home/devuser/Workspaces/install/gst_msgs/include/gst_msgs/gst_msgs/msg/detail/multifilesink_event__traits.hpp
[5.668s] -- Symlinking: /home/devuser/Workspaces/install/gst_msgs/include/gst_msgs/gst_msgs/msg/detail/multifilesink_event__type_support.hpp
[5.676s] -- Symlinking: /home/devuser/Workspaces/install/gst_msgs/include/gst_msgs/gst_msgs/msg/detail/webrtc_ice__builder.hpp
[5.684s] -- Symlinking: /home/devuser/Workspaces/install/gst_msgs/include/gst_msgs/gst_msgs/msg/detail/webrtc_ice__struct.hpp
[5.692s] -- Symlinking: /home/devuser/Workspaces/install/gst_msgs/include/gst_msgs/gst_msgs/msg/detail/webrtc_ice__traits.hpp
[5.700s] -- Symlinking: /home/devuser/Workspaces/install/gst_msgs/include/gst_msgs/gst_msgs/msg/detail/webrtc_ice__type_support.hpp
[5.707s] -- Symlinking: /home/devuser/Workspaces/install/gst_msgs/include/gst_msgs/gst_msgs/msg/frame_gate.hpp
[5.715s] -- Symlinking: /home/devuser/Workspaces/install/gst_msgs/include/gst_msgs/gst_msgs/msg/meta_mark.hpp
[5.723s] -- Symlinking: /home/devuser/Workspaces/install/gst_msgs/include/gst_msgs/gst_msgs/msg/multifilesink_event.hpp
[5.730s] -- Symlinking: /home/devuser/Workspaces/install/gst_msgs/include/gst_msgs/gst_msgs/msg/rosidl_generator_cpp__visibility_control.hpp
[5.739s] -- Symlinking: /home/devuser/Workspaces/install/gst_msgs/include/gst_msgs/gst_msgs/msg/webrtc_ice.hpp
[5.746s] -- Symlinking: /home/devuser/Workspaces/install/gst_msgs/include/gst_msgs/gst_msgs/srv/detail/seek__builder.hpp
[5.754s] -- Symlinking: /home/devuser/Workspaces/install/gst_msgs/include/gst_msgs/gst_msgs/srv/detail/seek__struct.hpp
[5.761s] -- Symlinking: /home/devuser/Workspaces/install/gst_msgs/include/gst_msgs/gst_msgs/srv/detail/seek__traits.hpp
[5.769s] -- Symlinking: /home/devuser/Workspaces/install/gst_msgs/include/gst_msgs/gst_msgs/srv/detail/seek__type_support.hpp
[5.777s] -- Symlinking: /home/devuser/Workspaces/install/gst_msgs/include/gst_msgs/gst_msgs/srv/seek.hpp
[5.785s] -- Symlinking: /home/devuser/Workspaces/install/gst_msgs/include/gst_msgs/gst_msgs/msg/detail/buffer_event__rosidl_typesupport_fastrtps_cpp.hpp
[5.793s] -- Symlinking: /home/devuser/Workspaces/install/gst_msgs/include/gst_msgs/gst_msgs/msg/detail/clock_observation__rosidl_typesupport_fastrtps_cpp.hpp
[5.801s] -- Symlinking: /home/devuser/Workspaces/install/gst_msgs/include/gst_msgs/gst_msgs/msg/detail/frame_gate__rosidl_typesupport_fastrtps_cpp.hpp
[5.809s] -- Symlinking: /home/devuser/Workspaces/install/gst_msgs/include/gst_msgs/gst_msgs/msg/detail/meta_mark__rosidl_typesupport_fastrtps_cpp.hpp
[5.817s] -- Symlinking: /home/devuser/Workspaces/install/gst_msgs/include/gst_msgs/gst_msgs/msg/detail/multifilesink_event__rosidl_typesupport_fastrtps_cpp.hpp
[5.826s] -- Symlinking: /home/devuser/Workspaces/install/gst_msgs/include/gst_msgs/gst_msgs/msg/detail/webrtc_ice__rosidl_typesupport_fastrtps_cpp.hpp
[5.833s] -- Symlinking: /home/devuser/Workspaces/install/gst_msgs/include/gst_msgs/gst_msgs/msg/rosidl_typesupport_fastrtps_cpp__visibility_control.h
[5.841s] -- Symlinking: /home/devuser/Workspaces/install/gst_msgs/include/gst_msgs/gst_msgs/srv/detail/seek__rosidl_typesupport_fastrtps_cpp.hpp
[5.849s] -- Symlinking: /home/devuser/Workspaces/install/gst_msgs/include/gst_msgs/gst_msgs/msg/detail/buffer_event__rosidl_typesupport_introspection_c.h
[5.857s] -- Symlinking: /home/devuser/Workspaces/install/gst_msgs/include/gst_msgs/gst_msgs/msg/detail/clock_observation__rosidl_typesupport_introspection_c.h
[5.865s] -- Symlinking: /home/devuser/Workspaces/install/gst_msgs/include/gst_msgs/gst_msgs/msg/detail/frame_gate__rosidl_typesupport_introspection_c.h
[5.873s] -- Symlinking: /home/devuser/Workspaces/install/gst_msgs/include/gst_msgs/gst_msgs/msg/detail/meta_mark__rosidl_typesupport_introspection_c.h
[5.881s] -- Symlinking: /home/devuser/Workspaces/install/gst_msgs/include/gst_msgs/gst_msgs/msg/detail/multifilesink_event__rosidl_typesupport_introspection_c.h
[5.889s] -- Symlinking: /home/devuser/Workspaces/install/gst_msgs/include/gst_msgs/gst_msgs/msg/detail/webrtc_ice__rosidl_typesupport_introspection_c.h
[5.896s] -- Symlinking: /home/devuser/Workspaces/install/gst_msgs/include/gst_msgs/gst_msgs/msg/rosidl_typesupport_introspection_c__visibility_control.h
[5.904s] -- Symlinking: /home/devuser/Workspaces/install/gst_msgs/include/gst_msgs/gst_msgs/srv/detail/seek__rosidl_typesupport_introspection_c.h
[5.913s] -- Symlinking: /home/devuser/Workspaces/install/gst_msgs/include/gst_msgs/gst_msgs/msg/detail/buffer_event__rosidl_typesupport_introspection_cpp.hpp
[5.921s] -- Symlinking: /home/devuser/Workspaces/install/gst_msgs/include/gst_msgs/gst_msgs/msg/detail/clock_observation__rosidl_typesupport_introspection_cpp.hpp
[5.929s] -- Symlinking: /home/devuser/Workspaces/install/gst_msgs/include/gst_msgs/gst_msgs/msg/detail/frame_gate__rosidl_typesupport_introspection_cpp.hpp
[5.938s] -- Symlinking: /home/devuser/Workspaces/install/gst_msgs/include/gst_msgs/gst_msgs/msg/detail/meta_mark__rosidl_typesupport_introspection_cpp.hpp
[5.946s] -- Symlinking: /home/devuser/Workspaces/install/gst_msgs/include/gst_msgs/gst_msgs/msg/detail/multifilesink_event__rosidl_typesupport_introspection_cpp.hpp
[5.954s] -- Symlinking: /home/devuser/Workspaces/install/gst_msgs/include/gst_msgs/gst_msgs/msg/detail/webrtc_ice__rosidl_typesupport_introspection_cpp.hpp
[5.961s] -- Symlinking: /home/devuser/Workspaces/install/gst_msgs/include/gst_msgs/gst_msgs/srv/detail/seek__rosidl_typesupport_introspection_cpp.hpp
[5.970s] -- Symlinking: /home/devuser/Workspaces/install/gst_msgs/share/gst_msgs/environment/pythonpath.sh
[5.977s] -- Symlinking: /home/devuser/Workspaces/install/gst_msgs/share/gst_msgs/environment/pythonpath.dsv
[5.985s] -- Symlinking: /home/devuser/Workspaces/install/gst_msgs/local/lib/python3.10/dist-packages/gst_msgs-0.0.0-py3.10.egg-info/PKG-INFO
[5.992s] -- Symlinking: /home/devuser/Workspaces/install/gst_msgs/local/lib/python3.10/dist-packages/gst_msgs-0.0.0-py3.10.egg-info/SOURCES.txt
[6.000s] -- Symlinking: /home/devuser/Workspaces/install/gst_msgs/local/lib/python3.10/dist-packages/gst_msgs-0.0.0-py3.10.egg-info/dependency_links.txt
[6.008s] -- Symlinking: /home/devuser/Workspaces/install/gst_msgs/local/lib/python3.10/dist-packages/gst_msgs-0.0.0-py3.10.egg-info/top_level.txt
[6.017s] -- Symlinking: /home/devuser/Workspaces/install/gst_msgs/local/lib/python3.10/dist-packages/gst_msgs/__init__.py
[6.025s] -- Symlinking: /home/devuser/Workspaces/install/gst_msgs/local/lib/python3.10/dist-packages/gst_msgs/_gst_msgs_s.ep.rosidl_typesupport_c.c
[6.032s] -- Symlinking: /home/devuser/Workspaces/install/gst_msgs/local/lib/python3.10/dist-packages/gst_msgs/_gst_msgs_s.ep.rosidl_typesupport_fastrtps_c.c
[6.040s] -- Symlinking: /home/devuser/Workspaces/install/gst_msgs/local/lib/python3.10/dist-packages/gst_msgs/_gst_msgs_s.ep.rosidl_typesupport_introspection_c.c
[6.048s] -- Symlinking: /home/devuser/Workspaces/install/gst_msgs/local/lib/python3.10/dist-packages/gst_msgs/gst_msgs_s__rosidl_typesupport_c.cpython-310-x86_64-linux-gnu.so
[6.056s] -- Symlinking: /home/devuser/Workspaces/install/gst_msgs/local/lib/python3.10/dist-packages/gst_msgs/gst_msgs_s__rosidl_typesupport_fastrtps_c.cpython-310-x86_64-linux-gnu.so
[6.064s] -- Symlinking: /home/devuser/Workspaces/install/gst_msgs/local/lib/python3.10/dist-packages/gst_msgs/gst_msgs_s__rosidl_typesupport_introspection_c.cpython-310-x86_64-linux-gnu.so
[6.072s] -- Symlinking: /home/devuser/Workspaces/install/gst_msgs/local/lib/python3.10/dist-packages/gst_msgs/libgst_msgs__rosidl_generator_py.so
[6.079s] -- Symlinking: /home/devuser/Workspaces/install/gst_msgs/local/lib/python3.10/dist-packages/gst_msgs/msg/__init__.py
[6.087s] -- Symlinking: /home/devuser/Workspaces/install/gst_msgs/local/lib/python3.10/dist-packages/gst_msgs/msg/_buffer_event.py
[6.095s] -- Symlinking: /home/devuser/Workspaces/install/gst_msgs/local/lib/python3.10/dist-packages/gst_msgs/msg/_buffer_event_s.c
[6.102s] -- Symlinking: /home/devuser/Workspaces/install/gst_msgs/local/lib/python3.10/dist-packages/gst_msgs/msg/_clock_observation.py
[6.109s] -- Symlinking: /home/devuser/Workspaces/install/gst_msgs/local/lib/python3.10/dist-packages/gst_msgs/msg/_clock_observation_s.c
[6.118s] -- Symlinking: /home/devuser/Workspaces/install/gst_msgs/local/lib/python3.10/dist-packages/gst_msgs/msg/_frame_gate.py
[6.126s] -- Symlinking: /home/devuser/Workspaces/install/gst_msgs/local/lib/python3.10/dist-packages/gst_msgs/msg/_frame_gate_s.c
[6.134s] -- Symlinking: /home/devuser/Workspaces/install/gst_msgs/local/lib/python3.10/dist-packages/gst_msgs/msg/_meta_mark.py
[6.142s] -- Symlinking: /home/devuser/Workspaces/install/gst_msgs/local/lib/python3.10/dist-packages/gst_msgs/msg/_meta_mark_s.c
[6.150s] -- Symlinking: /home/devuser/Workspaces/install/gst_msgs/local/lib/python3.10/dist-packages/gst_msgs/msg/_multifilesink_event.py
[6.158s] -- Symlinking: /home/devuser/Workspaces/install/gst_msgs/local/lib/python3.10/dist-packages/gst_msgs/msg/_multifilesink_event_s.c
[6.165s] -- Symlinking: /home/devuser/Workspaces/install/gst_msgs/local/lib/python3.10/dist-packages/gst_msgs/msg/_webrtc_ice.py
[6.174s] -- Symlinking: /home/devuser/Workspaces/install/gst_msgs/local/lib/python3.10/dist-packages/gst_msgs/msg/_webrtc_ice_s.c
[6.183s] -- Symlinking: /home/devuser/Workspaces/install/gst_msgs/local/lib/python3.10/dist-packages/gst_msgs/srv/__init__.py
[6.192s] -- Symlinking: /home/devuser/Workspaces/install/gst_msgs/local/lib/python3.10/dist-packages/gst_msgs/srv/_seek.py
[6.200s] -- Symlinking: /home/devuser/Workspaces/install/gst_msgs/local/lib/python3.10/dist-packages/gst_msgs/srv/_seek_s.c
[6.208s] -- Up-to-date symlink: /home/devuser/Workspaces/install/gst_msgs/local/lib/python3.10/dist-packages/gst_msgs/gst_msgs_s__rosidl_typesupport_fastrtps_c.cpython-310-x86_64-linux-gnu.so
[6.208s] -- Up-to-date symlink: /home/devuser/Workspaces/install/gst_msgs/local/lib/python3.10/dist-packages/gst_msgs/gst_msgs_s__rosidl_typesupport_introspection_c.cpython-310-x86_64-linux-gnu.so
[6.208s] -- Up-to-date symlink: /home/devuser/Workspaces/install/gst_msgs/local/lib/python3.10/dist-packages/gst_msgs/gst_msgs_s__rosidl_typesupport_c.cpython-310-x86_64-linux-gnu.so
[6.209s] -- Symlinking: /home/devuser/Workspaces/install/gst_msgs/share/gst_msgs/msg/FrameGate.idl
[6.216s] -- Symlinking: /home/devuser/Workspaces/install/gst_msgs/share/gst_msgs/msg/WebrtcIce.idl
[6.224s] -- Symlinking: /home/devuser/Workspaces/install/gst_msgs/share/gst_msgs/msg/BufferEvent.idl
[6.232s] -- Symlinking: /home/devuser/Workspaces/install/gst_msgs/share/gst_msgs/msg/ClockObservation.idl
[6.241s] -- Symlinking: /home/devuser/Workspaces/install/gst_msgs/share/gst_msgs/msg/MultifilesinkEvent.idl
[6.248s] -- Symlinking: /home/devuser/Workspaces/install/gst_msgs/share/gst_msgs/msg/MetaMark.idl
[6.256s] -- Symlinking: /home/devuser/Workspaces/install/gst_msgs/share/gst_msgs/srv/Seek.idl
[6.264s] -- Symlinking: /home/devuser/Workspaces/install/gst_msgs/share/gst_msgs/msg/FrameGate.msg
[6.271s] -- Symlinking: /home/devuser/Workspaces/install/gst_msgs/share/gst_msgs/msg/WebrtcIce.msg
[6.279s] -- Symlinking: /home/devuser/Workspaces/install/gst_msgs/share/gst_msgs/msg/BufferEvent.msg
[6.287s] -- Symlinking: /home/devuser/Workspaces/install/gst_msgs/share/gst_msgs/msg/ClockObservation.msg
[6.296s] -- Symlinking: /home/devuser/Workspaces/install/gst_msgs/share/gst_msgs/msg/MultifilesinkEvent.msg
[6.304s] -- Symlinking: /home/devuser/Workspaces/install/gst_msgs/share/gst_msgs/msg/MetaMark.msg
[6.312s] -- Symlinking: /home/devuser/Workspaces/install/gst_msgs/share/gst_msgs/srv/Seek.srv
[6.321s] -- Symlinking: /home/devuser/Workspaces/install/gst_msgs/share/gst_msgs/srv/Seek_Request.msg
[6.329s] -- Symlinking: /home/devuser/Workspaces/install/gst_msgs/share/gst_msgs/srv/Seek_Response.msg
[6.336s] -- Symlinking: /home/devuser/Workspaces/install/gst_msgs/share/ament_index/resource_index/package_run_dependencies/gst_msgs
[6.344s] -- Symlinking: /home/devuser/Workspaces/install/gst_msgs/share/ament_index/resource_index/parent_prefix_path/gst_msgs
[6.351s] -- Symlinking: /home/devuser/Workspaces/install/gst_msgs/share/gst_msgs/environment/ament_prefix_path.sh
[6.359s] -- Symlinking: /home/devuser/Workspaces/install/gst_msgs/share/gst_msgs/environment/ament_prefix_path.dsv
[6.367s] -- Symlinking: /home/devuser/Workspaces/install/gst_msgs/share/gst_msgs/environment/path.sh
[6.375s] -- Symlinking: /home/devuser/Workspaces/install/gst_msgs/share/gst_msgs/environment/path.dsv
[6.383s] -- Symlinking: /home/devuser/Workspaces/install/gst_msgs/share/gst_msgs/local_setup.bash
[6.391s] -- Symlinking: /home/devuser/Workspaces/install/gst_msgs/share/gst_msgs/local_setup.sh
[6.399s] -- Symlinking: /home/devuser/Workspaces/install/gst_msgs/share/gst_msgs/local_setup.zsh
[6.407s] -- Symlinking: /home/devuser/Workspaces/install/gst_msgs/share/gst_msgs/local_setup.dsv
[6.416s] -- Symlinking: /home/devuser/Workspaces/install/gst_msgs/share/gst_msgs/package.dsv
[6.424s] -- Symlinking: /home/devuser/Workspaces/install/gst_msgs/share/ament_index/resource_index/packages/gst_msgs
[6.432s] -- Symlinking: /home/devuser/Workspaces/install/gst_msgs/share/gst_msgs/cmake/rosidl_cmake-extras.cmake
[6.441s] -- Symlinking: /home/devuser/Workspaces/install/gst_msgs/share/gst_msgs/cmake/ament_cmake_export_dependencies-extras.cmake
[6.450s] -- Symlinking: /home/devuser/Workspaces/install/gst_msgs/share/gst_msgs/cmake/ament_cmake_export_include_directories-extras.cmake
[6.459s] -- Symlinking: /home/devuser/Workspaces/install/gst_msgs/share/gst_msgs/cmake/ament_cmake_export_libraries-extras.cmake
[6.468s] -- Symlinking: /home/devuser/Workspaces/install/gst_msgs/share/gst_msgs/cmake/ament_cmake_export_targets-extras.cmake
[6.476s] -- Symlinking: /home/devuser/Workspaces/install/gst_msgs/share/gst_msgs/cmake/rosidl_cmake_export_typesupport_targets-extras.cmake
[6.485s] -- Symlinking: /home/devuser/Workspaces/install/gst_msgs/share/gst_msgs/cmake/rosidl_cmake_export_typesupport_libraries-extras.cmake
[6.494s] -- Symlinking: /home/devuser/Workspaces/install/gst_msgs/share/gst_msgs/cmake/gst_msgsConfig.cmake
[6.502s] -- Symlinking: /home/devuser/Workspaces/install/gst_msgs/share/gst_msgs/cmake/gst_msgsConfig-version.cmake
[6.511s] -- Symlinking: /home/devuser/Workspaces/install/gst_msgs/share/gst_msgs/package.xml
[6.520s] -- Installing: /home/devuser/Workspaces/install/gst_msgs/lib/libgst_msgs__rosidl_generator_c.so
[6.520s] -- Set runtime path of "/home/devuser/Workspaces/install/gst_msgs/lib/libgst_msgs__rosidl_generator_c.so" to ""
[6.520s] -- Installing: /home/devuser/Workspaces/install/gst_msgs/lib/libgst_msgs__rosidl_typesupport_fastrtps_c.so
[6.521s] -- Set runtime path of "/home/devuser/Workspaces/install/gst_msgs/lib/libgst_msgs__rosidl_typesupport_fastrtps_c.so" to ""
[6.521s] -- Installing: /home/devuser/Workspaces/install/gst_msgs/lib/libgst_msgs__rosidl_typesupport_fastrtps_cpp.so
[6.521s] -- Set runtime path of "/home/devuser/Workspaces/install/gst_msgs/lib/libgst_msgs__rosidl_typesupport_fastrtps_cpp.so" to ""
[6.521s] -- Installing: /home/devuser/Workspaces/install/gst_msgs/lib/libgst_msgs__rosidl_typesupport_introspection_c.so
[6.521s] -- Set runtime path of "/home/devuser/Workspaces/install/gst_msgs/lib/libgst_msgs__rosidl_typesupport_introspection_c.so" to ""
[6.521s] -- Installing: /home/devuser/Workspaces/install/gst_msgs/lib/libgst_msgs__rosidl_typesupport_c.so
[6.522s] -- Set runtime path of "/home/devuser/Workspaces/install/gst_msgs/lib/libgst_msgs__rosidl_typesupport_c.so" to ""
[6.522s] -- Installing: /home/devuser/Workspaces/install/gst_msgs/lib/libgst_msgs__rosidl_typesupport_introspection_cpp.so
[6.522s] -- Set runtime path of "/home/devuser/Workspaces/install/gst_msgs/lib/libgst_msgs__rosidl_typesupport_introspection_cpp.so" to ""
[6.522s] -- Installing: /home/devuser/Workspaces/install/gst_msgs/lib/libgst_msgs__rosidl_typesupport_cpp.so
[6.523s] -- Set runtime path of "/home/devuser/Workspaces/install/gst_msgs/lib/libgst_msgs__rosidl_typesupport_cpp.so" to ""
[6.554s] Listing '/home/devuser/Workspaces/install/gst_msgs/local/lib/python3.10/dist-packages/gst_msgs'...
[6.554s] Compiling '/home/devuser/Workspaces/install/gst_msgs/local/lib/python3.10/dist-packages/gst_msgs/__init__.py'...
[6.554s] Listing '/home/devuser/Workspaces/install/gst_msgs/local/lib/python3.10/dist-packages/gst_msgs/msg'...
[6.554s] Compiling '/home/devuser/Workspaces/install/gst_msgs/local/lib/python3.10/dist-packages/gst_msgs/msg/__init__.py'...
[6.554s] Compiling '/home/devuser/Workspaces/install/gst_msgs/local/lib/python3.10/dist-packages/gst_msgs/msg/_buffer_event.py'...
[6.554s] Compiling '/home/devuser/Workspaces/install/gst_msgs/local/lib/python3.10/dist-packages/gst_msgs/msg/_clock_observation.py'...
[6.554s] Compiling '/home/devuser/Workspaces/install/gst_msgs/local/lib/python3.10/dist-packages/gst_msgs/msg/_frame_gate.py'...
[6.554s] Compiling '/home/devuser/Workspaces/install/gst_msgs/local/lib/python3.10/dist-packages/gst_msgs/msg/_meta_mark.py'...
[6.554s] Compiling '/home/devuser/Workspaces/install/gst_msgs/local/lib/python3.10/dist-packages/gst_msgs/msg/_multifilesink_event.py'...
[6.554s] Compiling '/home/devuser/Workspaces/install/gst_msgs/local/lib/python3.10/dist-packages/gst_msgs/msg/_webrtc_ice.py'...
[6.554s] Listing '/home/devuser/Workspaces/install/gst_msgs/local/lib/python3.10/dist-packages/gst_msgs/srv'...
[6.554s] Compiling '/home/devuser/Workspaces/install/gst_msgs/local/lib/python3.10/dist-packages/gst_msgs/srv/__init__.py'...
[6.554s] Compiling '/home/devuser/Workspaces/install/gst_msgs/local/lib/python3.10/dist-packages/gst_msgs/srv/_seek.py'...
[6.557s] -- Installing: /home/devuser/Workspaces/install/gst_msgs/lib/libgst_msgs__rosidl_generator_py.so
[6.558s] -- Set runtime path of "/home/devuser/Workspaces/install/gst_msgs/lib/libgst_msgs__rosidl_generator_py.so" to ""
[6.558s] -- Installing: /home/devuser/Workspaces/install/gst_msgs/share/gst_msgs/cmake/export_gst_msgs__rosidl_generator_cExport.cmake
[6.558s] -- Installing: /home/devuser/Workspaces/install/gst_msgs/share/gst_msgs/cmake/export_gst_msgs__rosidl_generator_cExport-noconfig.cmake
[6.558s] -- Installing: /home/devuser/Workspaces/install/gst_msgs/share/gst_msgs/cmake/export_gst_msgs__rosidl_typesupport_fastrtps_cExport.cmake
[6.559s] -- Installing: /home/devuser/Workspaces/install/gst_msgs/share/gst_msgs/cmake/export_gst_msgs__rosidl_typesupport_fastrtps_cExport-noconfig.cmake
[6.559s] -- Installing: /home/devuser/Workspaces/install/gst_msgs/share/gst_msgs/cmake/export_gst_msgs__rosidl_generator_cppExport.cmake
[6.559s] -- Installing: /home/devuser/Workspaces/install/gst_msgs/share/gst_msgs/cmake/export_gst_msgs__rosidl_typesupport_fastrtps_cppExport.cmake
[6.559s] -- Installing: /home/devuser/Workspaces/install/gst_msgs/share/gst_msgs/cmake/export_gst_msgs__rosidl_typesupport_fastrtps_cppExport-noconfig.cmake
[6.559s] -- Installing: /home/devuser/Workspaces/install/gst_msgs/share/gst_msgs/cmake/gst_msgs__rosidl_typesupport_introspection_cExport.cmake
[6.559s] -- Installing: /home/devuser/Workspaces/install/gst_msgs/share/gst_msgs/cmake/gst_msgs__rosidl_typesupport_introspection_cExport-noconfig.cmake
[6.560s] -- Installing: /home/devuser/Workspaces/install/gst_msgs/share/gst_msgs/cmake/gst_msgs__rosidl_typesupport_cExport.cmake
[6.560s] -- Installing: /home/devuser/Workspaces/install/gst_msgs/share/gst_msgs/cmake/gst_msgs__rosidl_typesupport_cExport-noconfig.cmake
[6.560s] -- Installing: /home/devuser/Workspaces/install/gst_msgs/share/gst_msgs/cmake/gst_msgs__rosidl_typesupport_introspection_cppExport.cmake
[6.560s] -- Installing: /home/devuser/Workspaces/install/gst_msgs/share/gst_msgs/cmake/gst_msgs__rosidl_typesupport_introspection_cppExport-noconfig.cmake
[6.560s] -- Installing: /home/devuser/Workspaces/install/gst_msgs/share/gst_msgs/cmake/gst_msgs__rosidl_typesupport_cppExport.cmake
[6.560s] -- Installing: /home/devuser/Workspaces/install/gst_msgs/share/gst_msgs/cmake/gst_msgs__rosidl_typesupport_cppExport-noconfig.cmake
[6.560s] -- Installing: /home/devuser/Workspaces/install/gst_msgs/share/gst_msgs/cmake/export_gst_msgs__rosidl_generator_pyExport.cmake
[6.561s] -- Installing: /home/devuser/Workspaces/install/gst_msgs/share/gst_msgs/cmake/export_gst_msgs__rosidl_generator_pyExport-noconfig.cmake
[6.563s] Invoked command in '/home/devuser/Workspaces/build/gst_msgs' returned '0': CMAKE_PREFIX_PATH=/opt/ros/humble /usr/bin/cmake --install /home/devuser/Workspaces/build/gst_msgs
