-- The C compiler identification is GNU 7.5.0
-- The CXX compiler identification is GNU 7.5.0
-- Detecting C compiler ABI info
-- Detecting C compiler ABI info - done
-- Check for working C compiler: /usr/bin/cc - skipped
-- Detecting C compile features
-- Detecting C compile features - done
-- Detecting CXX compiler ABI info
-- Detecting CXX compiler ABI info - done
-- Check for working CXX compiler: /usr/bin/c++ - skipped
-- Detecting CXX compile features
-- Detecting CXX compile features - done
-- Found ament_cmake: 1.3.5 (/opt/ros/humble/install/share/ament_cmake/cmake)
-- Found Python3: /usr/bin/python3.6 (found version "3.6.9") found components: Interpreter 
-- Override CMake install command with custom implementation using symlinks instead of copying resources
-- Configuring done (9.3s)
-- Generating done (0.0s)
-- Build files have been written to: /root/Workspaces/rosgsthumble_ws/build/vision_opencv
-- Install configuration: "Release"
-- Execute custom install script
-- Symlinking: /root/Workspaces/rosgsthumble_ws/install/vision_opencv/share/ament_index/resource_index/package_run_dependencies/vision_opencv
-- Symlinking: /root/Workspaces/rosgsthumble_ws/install/vision_opencv/share/ament_index/resource_index/parent_prefix_path/vision_opencv
-- Symlinking: /root/Workspaces/rosgsthumble_ws/install/vision_opencv/share/vision_opencv/environment/ament_prefix_path.sh
-- Symlinking: /root/Workspaces/rosgsthumble_ws/install/vision_opencv/share/vision_opencv/environment/ament_prefix_path.dsv
-- Symlinking: /root/Workspaces/rosgsthumble_ws/install/vision_opencv/share/vision_opencv/environment/path.sh
-- Symlinking: /root/Workspaces/rosgsthumble_ws/install/vision_opencv/share/vision_opencv/environment/path.dsv
-- Symlinking: /root/Workspaces/rosgsthumble_ws/install/vision_opencv/share/vision_opencv/local_setup.bash
-- Symlinking: /root/Workspaces/rosgsthumble_ws/install/vision_opencv/share/vision_opencv/local_setup.sh
-- Symlinking: /root/Workspaces/rosgsthumble_ws/install/vision_opencv/share/vision_opencv/local_setup.zsh
-- Symlinking: /root/Workspaces/rosgsthumble_ws/install/vision_opencv/share/vision_opencv/local_setup.dsv
-- Symlinking: /root/Workspaces/rosgsthumble_ws/install/vision_opencv/share/vision_opencv/package.dsv
-- Symlinking: /root/Workspaces/rosgsthumble_ws/install/vision_opencv/share/ament_index/resource_index/packages/vision_opencv
-- Symlinking: /root/Workspaces/rosgsthumble_ws/install/vision_opencv/share/vision_opencv/cmake/vision_opencvConfig.cmake
-- Symlinking: /root/Workspaces/rosgsthumble_ws/install/vision_opencv/share/vision_opencv/cmake/vision_opencvConfig-version.cmake
-- Symlinking: /root/Workspaces/rosgsthumble_ws/install/vision_opencv/share/vision_opencv/package.xml
