[0.168s] Invoking command in '/home/devuser/Workspaces/build/webrtc_camera_node': CMAKE_PREFIX_PATH=${CMAKE_PREFIX_PATH}:/opt/ros/humble /usr/bin/cmake /home/devuser/Workspaces/rosgsthumble_ws/src/webrtc_camera_node -DAMENT_CMAKE_SYMLINK_INSTALL=1 -DCMAKE_INSTALL_PREFIX=/home/devuser/Workspaces/install/webrtc_camera_node
[1.574s] -- The C compiler identification is GNU 11.4.0
[2.058s] -- The CXX compiler identification is GNU 11.4.0
[2.096s] -- Detecting C compiler ABI info
[2.425s] -- Detecting C compiler ABI info - done
[2.472s] -- Check for working C compiler: /usr/bin/cc - skipped
[2.475s] -- Detecting C compile features
[2.476s] -- Detecting C compile features - done
[2.492s] -- Detecting CXX compiler ABI info
[2.836s] -- Detecting CXX compiler ABI info - done
[2.876s] -- Check for working CXX compiler: /usr/bin/c++ - skipped
[2.877s] -- Detecting CXX compile features
[2.878s] -- Detecting CXX compile features - done
[2.967s] -- Found PkgConfig: /usr/bin/pkg-config (found version "0.29.2") 
[3.002s] -- Found rclcpp: 16.0.15 (/opt/ros/humble/share/rclcpp/cmake)
[3.778s] -- Found Python3: /usr/bin/python3 (found version "3.10.12") found components: Interpreter 
[4.326s] -- Override CMake install command with custom implementation using symlinks instead of copying resources
[5.122s] -- Found rosidl_generator_c: 3.1.7 (/opt/ros/humble/share/rosidl_generator_c/cmake)
[5.173s] -- Found rosidl_adapter: 3.1.7 (/opt/ros/humble/share/rosidl_adapter/cmake)
[5.247s] -- Found rosidl_generator_cpp: 3.1.7 (/opt/ros/humble/share/rosidl_generator_cpp/cmake)
[5.360s] -- Using all available rosidl_typesupport_c: rosidl_typesupport_fastrtps_c;rosidl_typesupport_introspection_c
[5.493s] -- Using all available rosidl_typesupport_cpp: rosidl_typesupport_fastrtps_cpp;rosidl_typesupport_introspection_cpp
[5.853s] -- Found rmw_implementation_cmake: 6.1.2 (/opt/ros/humble/share/rmw_implementation_cmake/cmake)
[5.887s] -- Found rmw_fastrtps_cpp: 6.2.9 (/opt/ros/humble/share/rmw_fastrtps_cpp/cmake)
[6.457s] -- Found OpenSSL: /usr/lib/aarch64-linux-gnu/libcrypto.so (found version "3.0.2")  
[6.639s] -- Found FastRTPS: /opt/ros/humble/include  
[6.904s] -- Using RMW implementation 'rmw_fastrtps_cpp' as default
[6.983s] -- Looking for pthread.h
[7.298s] -- Looking for pthread.h - found
[7.299s] -- Performing Test CMAKE_HAVE_LIBC_PTHREAD
[7.605s] -- Performing Test CMAKE_HAVE_LIBC_PTHREAD - Success
[7.610s] -- Found Threads: TRUE  
[8.037s] -- Found sensor_msgs: 4.9.0 (/opt/ros/humble/share/sensor_msgs/cmake)
[8.300s] -- Found gst_bridge: 0.0.0 (/home/devuser/Workspaces/rosgsthumble_ws/install/gst_bridge/share/gst_bridge/cmake)
[8.485s] -- Checking for modules 'gstreamer-1.0;gstreamer-webrtc-1.0;gstreamer-app-1.0;gstreamer-video-1.0;gstreamer-sdp-1.0;glib-2.0'
[8.639s] --   Found gstreamer-1.0, version 1.20.3
[8.693s] --   Found gstreamer-webrtc-1.0, version 1.20.3
[8.738s] --   Found gstreamer-app-1.0, version 1.20.1
[8.789s] --   Found gstreamer-video-1.0, version 1.20.1
[8.836s] --   Found gstreamer-sdp-1.0, version 1.20.1
[8.884s] --   Found glib-2.0, version 2.72.4
[44.114s] Invoked command in '/home/devuser/Workspaces/build/webrtc_camera_node' returned '-2': CMAKE_PREFIX_PATH=${CMAKE_PREFIX_PATH}:/opt/ros/humble /usr/bin/cmake /home/devuser/Workspaces/rosgsthumble_ws/src/webrtc_camera_node -DAMENT_CMAKE_SYMLINK_INSTALL=1 -DCMAKE_INSTALL_PREFIX=/home/devuser/Workspaces/install/webrtc_camera_node
