[0.306s] Invoking command in '/home/devuser/Workspaces/build/gst_pipeline_plugins_webrtc': AMENT_PREFIX_PATH=/home/devuser/Workspaces/install/gst_pipeline:/home/devuser/Workspaces/install/gst_bridge:/home/devuser/Workspaces/install/gst_msgs:/home/devuser/Workspaces/install/audio_msgs:${AMENT_PREFIX_PATH} CMAKE_PREFIX_PATH=/home/devuser/Workspaces/install/gst_pipeline:/home/devuser/Workspaces/install/gst_bridge:/home/devuser/Workspaces/install/gst_msgs:/home/devuser/Workspaces/install/audio_msgs:/home/devuser/Workspaces/rosgsthumble_ws/install/webrtc_camera_node:/home/devuser/Workspaces/rosgsthumble_ws/install/realsense2_description:/home/devuser/Workspaces/rosgsthumble_ws/install/realsense2_camera:/home/devuser/Workspaces/rosgsthumble_ws/install/realsense2_camera_msgs:/home/devuser/Workspaces/rosgsthumble_ws/install/gst_pipeline_plugins_webrtc:/home/devuser/Workspaces/rosgsthumble_ws/install/gst_pipeline_plugins:/home/devuser/Workspaces/rosgsthumble_ws/install/gst_pipeline:/home/devuser/Workspaces/rosgsthumble_ws/install/gst_msgs:/home/devuser/Workspaces/rosgsthumble_ws/install/gst_bridge:/home/devuser/Workspaces/rosgsthumble_ws/install/cpp_campub:/home/devuser/Workspaces/rosgsthumble_ws/install/audio_msgs:/opt/ros/humble LD_LIBRARY_PATH=/home/devuser/Workspaces/install/gst_pipeline/lib:/home/devuser/Workspaces/install/gst_bridge/lib:/home/devuser/Workspaces/install/gst_msgs/lib:/home/devuser/Workspaces/install/audio_msgs/lib:${LD_LIBRARY_PATH} PYTHONPATH=/home/devuser/Workspaces/install/gst_msgs/local/lib/python3.10/dist-packages:/home/devuser/Workspaces/install/audio_msgs/local/lib/python3.10/dist-packages:${PYTHONPATH} /usr/bin/cmake /home/devuser/Workspaces/rosgsthumble_ws/src/ros-gst-bridge/gst_pipeline_plugins_webrtc -DAMENT_CMAKE_SYMLINK_INSTALL=1 -DCMAKE_INSTALL_PREFIX=/home/devuser/Workspaces/install/gst_pipeline_plugins_webrtc
[1.363s] -- The C compiler identification is GNU 11.4.0
[1.913s] -- The CXX compiler identification is GNU 11.4.0
[1.999s] -- Detecting C compiler ABI info
[2.871s] -- Detecting C compiler ABI info - done
[2.951s] -- Check for working C compiler: /usr/bin/cc - skipped
[2.965s] -- Detecting C compile features
[2.968s] -- Detecting C compile features - done
[2.988s] -- Detecting CXX compiler ABI info
[4.020s] -- Detecting CXX compiler ABI info - done
[4.111s] -- Check for working CXX compiler: /usr/bin/c++ - skipped
[4.114s] -- Detecting CXX compile features
[4.125s] -- Detecting CXX compile features - done
[4.216s] -- Found ament_cmake: 1.3.12 (/opt/ros/humble/share/ament_cmake/cmake)
[5.780s] -- Found Python3: /usr/bin/python3 (found version "3.10.12") found components: Interpreter 
[6.657s] -- Override CMake install command with custom implementation using symlinks instead of copying resources
[7.393s] -- Found rclcpp: 16.0.15 (/opt/ros/humble/share/rclcpp/cmake)
[8.187s] -- Found rosidl_generator_c: 3.1.7 (/opt/ros/humble/share/rosidl_generator_c/cmake)
[8.288s] -- Found rosidl_adapter: 3.1.7 (/opt/ros/humble/share/rosidl_adapter/cmake)
[8.443s] -- Found rosidl_generator_cpp: 3.1.7 (/opt/ros/humble/share/rosidl_generator_cpp/cmake)
[8.674s] -- Using all available rosidl_typesupport_c: rosidl_typesupport_fastrtps_c;rosidl_typesupport_introspection_c
[9.014s] -- Using all available rosidl_typesupport_cpp: rosidl_typesupport_fastrtps_cpp;rosidl_typesupport_introspection_cpp
[10.092s] -- Found rmw_implementation_cmake: 6.1.2 (/opt/ros/humble/share/rmw_implementation_cmake/cmake)
[10.155s] -- Found rmw_fastrtps_cpp: 6.2.9 (/opt/ros/humble/share/rmw_fastrtps_cpp/cmake)
[11.598s] -- Found OpenSSL: /usr/lib/aarch64-linux-gnu/libcrypto.so (found version "3.0.2")  
[11.952s] -- Found FastRTPS: /opt/ros/humble/include  
[12.470s] -- Using RMW implementation 'rmw_fastrtps_cpp' as default
[12.698s] -- Looking for pthread.h
[13.528s] -- Looking for pthread.h - found
[13.529s] -- Performing Test CMAKE_HAVE_LIBC_PTHREAD
[14.293s] -- Performing Test CMAKE_HAVE_LIBC_PTHREAD - Success
[14.299s] -- Found Threads: TRUE  
[15.097s] -- Found rclcpp_components: 16.0.15 (/opt/ros/humble/share/rclcpp_components/cmake)
[15.469s] -- Found gst_bridge: 0.0.0 (/home/devuser/Workspaces/install/gst_bridge/share/gst_bridge/cmake)
[16.017s] -- Found gst_pipeline: 0.0.0 (/home/devuser/Workspaces/install/gst_pipeline/share/gst_pipeline/cmake)
[16.428s] -- Found PkgConfig: /usr/bin/pkg-config (found version "0.29.2") 
[16.433s] -- Checking for module 'gstreamer-1.0'
[16.527s] --   Found gstreamer-1.0, version 1.20.3
[17.024s] -- Checking for module 'gstreamer-sdp-1.0'
[17.236s] --   Found gstreamer-sdp-1.0, version 1.20.1
[17.837s] -- Checking for module 'gstreamer-webrtc-1.0'
[18.027s] --   Found gstreamer-webrtc-1.0, version 1.20.3
[18.745s] -- Checking for module 'libsoup-2.4'
[18.989s] --   Found libsoup-2.4, version 2.74.2
[19.686s] -- Checking for module 'json-glib-1.0'
[19.868s] --   Found json-glib-1.0, version 1.6.6
[20.488s] -- Found std_srvs: 4.9.0 (/opt/ros/humble/share/std_srvs/cmake)
[20.606s] -- Found gst_msgs: 0.0.0 (/home/devuser/Workspaces/install/gst_msgs/share/gst_msgs/cmake)
[21.740s] -- Configuring done
[22.015s] -- Generating done
[22.064s] -- Build files have been written to: /home/devuser/Workspaces/build/gst_pipeline_plugins_webrtc
[22.164s] Invoked command in '/home/devuser/Workspaces/build/gst_pipeline_plugins_webrtc' returned '0': AMENT_PREFIX_PATH=/home/devuser/Workspaces/install/gst_pipeline:/home/devuser/Workspaces/install/gst_bridge:/home/devuser/Workspaces/install/gst_msgs:/home/devuser/Workspaces/install/audio_msgs:${AMENT_PREFIX_PATH} CMAKE_PREFIX_PATH=/home/devuser/Workspaces/install/gst_pipeline:/home/devuser/Workspaces/install/gst_bridge:/home/devuser/Workspaces/install/gst_msgs:/home/devuser/Workspaces/install/audio_msgs:/home/devuser/Workspaces/rosgsthumble_ws/install/webrtc_camera_node:/home/devuser/Workspaces/rosgsthumble_ws/install/realsense2_description:/home/devuser/Workspaces/rosgsthumble_ws/install/realsense2_camera:/home/devuser/Workspaces/rosgsthumble_ws/install/realsense2_camera_msgs:/home/devuser/Workspaces/rosgsthumble_ws/install/gst_pipeline_plugins_webrtc:/home/devuser/Workspaces/rosgsthumble_ws/install/gst_pipeline_plugins:/home/devuser/Workspaces/rosgsthumble_ws/install/gst_pipeline:/home/devuser/Workspaces/rosgsthumble_ws/install/gst_msgs:/home/devuser/Workspaces/rosgsthumble_ws/install/gst_bridge:/home/devuser/Workspaces/rosgsthumble_ws/install/cpp_campub:/home/devuser/Workspaces/rosgsthumble_ws/install/audio_msgs:/opt/ros/humble LD_LIBRARY_PATH=/home/devuser/Workspaces/install/gst_pipeline/lib:/home/devuser/Workspaces/install/gst_bridge/lib:/home/devuser/Workspaces/install/gst_msgs/lib:/home/devuser/Workspaces/install/audio_msgs/lib:${LD_LIBRARY_PATH} PYTHONPATH=/home/devuser/Workspaces/install/gst_msgs/local/lib/python3.10/dist-packages:/home/devuser/Workspaces/install/audio_msgs/local/lib/python3.10/dist-packages:${PYTHONPATH} /usr/bin/cmake /home/devuser/Workspaces/rosgsthumble_ws/src/ros-gst-bridge/gst_pipeline_plugins_webrtc -DAMENT_CMAKE_SYMLINK_INSTALL=1 -DCMAKE_INSTALL_PREFIX=/home/devuser/Workspaces/install/gst_pipeline_plugins_webrtc
[22.186s] Invoking command in '/home/devuser/Workspaces/build/gst_pipeline_plugins_webrtc': AMENT_PREFIX_PATH=/home/devuser/Workspaces/install/gst_pipeline:/home/devuser/Workspaces/install/gst_bridge:/home/devuser/Workspaces/install/gst_msgs:/home/devuser/Workspaces/install/audio_msgs:${AMENT_PREFIX_PATH} CMAKE_PREFIX_PATH=/home/devuser/Workspaces/install/gst_pipeline:/home/devuser/Workspaces/install/gst_bridge:/home/devuser/Workspaces/install/gst_msgs:/home/devuser/Workspaces/install/audio_msgs:/home/devuser/Workspaces/rosgsthumble_ws/install/webrtc_camera_node:/home/devuser/Workspaces/rosgsthumble_ws/install/realsense2_description:/home/devuser/Workspaces/rosgsthumble_ws/install/realsense2_camera:/home/devuser/Workspaces/rosgsthumble_ws/install/realsense2_camera_msgs:/home/devuser/Workspaces/rosgsthumble_ws/install/gst_pipeline_plugins_webrtc:/home/devuser/Workspaces/rosgsthumble_ws/install/gst_pipeline_plugins:/home/devuser/Workspaces/rosgsthumble_ws/install/gst_pipeline:/home/devuser/Workspaces/rosgsthumble_ws/install/gst_msgs:/home/devuser/Workspaces/rosgsthumble_ws/install/gst_bridge:/home/devuser/Workspaces/rosgsthumble_ws/install/cpp_campub:/home/devuser/Workspaces/rosgsthumble_ws/install/audio_msgs:/opt/ros/humble LD_LIBRARY_PATH=/home/devuser/Workspaces/install/gst_pipeline/lib:/home/devuser/Workspaces/install/gst_bridge/lib:/home/devuser/Workspaces/install/gst_msgs/lib:/home/devuser/Workspaces/install/audio_msgs/lib:${LD_LIBRARY_PATH} PYTHONPATH=/home/devuser/Workspaces/install/gst_msgs/local/lib/python3.10/dist-packages:/home/devuser/Workspaces/install/audio_msgs/local/lib/python3.10/dist-packages:${PYTHONPATH} /usr/bin/cmake --build /home/devuser/Workspaces/build/gst_pipeline_plugins_webrtc -- -j4 -l4
[22.866s] [ 25%] [32mBuilding CXX object CMakeFiles/gst_pipeline_plugins_webrtc.dir/src/base.cpp.o[0m
[74.569s] [ 50%] [32mBuilding CXX object CMakeFiles/gst_pipeline_plugins_webrtc.dir/src/datachannel.cpp.o[0m
[153.120s] [ 75%] [32mBuilding CXX object CMakeFiles/gst_pipeline_plugins_webrtc.dir/src/websockets.cpp.o[0m
[192.789s] [100%] [32m[1mLinking CXX shared library libgst_pipeline_plugins_webrtc.so[0m
[203.886s] [100%] Built target gst_pipeline_plugins_webrtc
[204.043s] Invoked command in '/home/devuser/Workspaces/build/gst_pipeline_plugins_webrtc' returned '0': AMENT_PREFIX_PATH=/home/devuser/Workspaces/install/gst_pipeline:/home/devuser/Workspaces/install/gst_bridge:/home/devuser/Workspaces/install/gst_msgs:/home/devuser/Workspaces/install/audio_msgs:${AMENT_PREFIX_PATH} CMAKE_PREFIX_PATH=/home/devuser/Workspaces/install/gst_pipeline:/home/devuser/Workspaces/install/gst_bridge:/home/devuser/Workspaces/install/gst_msgs:/home/devuser/Workspaces/install/audio_msgs:/home/devuser/Workspaces/rosgsthumble_ws/install/webrtc_camera_node:/home/devuser/Workspaces/rosgsthumble_ws/install/realsense2_description:/home/devuser/Workspaces/rosgsthumble_ws/install/realsense2_camera:/home/devuser/Workspaces/rosgsthumble_ws/install/realsense2_camera_msgs:/home/devuser/Workspaces/rosgsthumble_ws/install/gst_pipeline_plugins_webrtc:/home/devuser/Workspaces/rosgsthumble_ws/install/gst_pipeline_plugins:/home/devuser/Workspaces/rosgsthumble_ws/install/gst_pipeline:/home/devuser/Workspaces/rosgsthumble_ws/install/gst_msgs:/home/devuser/Workspaces/rosgsthumble_ws/install/gst_bridge:/home/devuser/Workspaces/rosgsthumble_ws/install/cpp_campub:/home/devuser/Workspaces/rosgsthumble_ws/install/audio_msgs:/opt/ros/humble LD_LIBRARY_PATH=/home/devuser/Workspaces/install/gst_pipeline/lib:/home/devuser/Workspaces/install/gst_bridge/lib:/home/devuser/Workspaces/install/gst_msgs/lib:/home/devuser/Workspaces/install/audio_msgs/lib:${LD_LIBRARY_PATH} PYTHONPATH=/home/devuser/Workspaces/install/gst_msgs/local/lib/python3.10/dist-packages:/home/devuser/Workspaces/install/audio_msgs/local/lib/python3.10/dist-packages:${PYTHONPATH} /usr/bin/cmake --build /home/devuser/Workspaces/build/gst_pipeline_plugins_webrtc -- -j4 -l4
[204.066s] Invoking command in '/home/devuser/Workspaces/build/gst_pipeline_plugins_webrtc': AMENT_PREFIX_PATH=/home/devuser/Workspaces/install/gst_pipeline:/home/devuser/Workspaces/install/gst_bridge:/home/devuser/Workspaces/install/gst_msgs:/home/devuser/Workspaces/install/audio_msgs:${AMENT_PREFIX_PATH} CMAKE_PREFIX_PATH=/home/devuser/Workspaces/install/gst_pipeline:/home/devuser/Workspaces/install/gst_bridge:/home/devuser/Workspaces/install/gst_msgs:/home/devuser/Workspaces/install/audio_msgs:/home/devuser/Workspaces/rosgsthumble_ws/install/webrtc_camera_node:/home/devuser/Workspaces/rosgsthumble_ws/install/realsense2_description:/home/devuser/Workspaces/rosgsthumble_ws/install/realsense2_camera:/home/devuser/Workspaces/rosgsthumble_ws/install/realsense2_camera_msgs:/home/devuser/Workspaces/rosgsthumble_ws/install/gst_pipeline_plugins_webrtc:/home/devuser/Workspaces/rosgsthumble_ws/install/gst_pipeline_plugins:/home/devuser/Workspaces/rosgsthumble_ws/install/gst_pipeline:/home/devuser/Workspaces/rosgsthumble_ws/install/gst_msgs:/home/devuser/Workspaces/rosgsthumble_ws/install/gst_bridge:/home/devuser/Workspaces/rosgsthumble_ws/install/cpp_campub:/home/devuser/Workspaces/rosgsthumble_ws/install/audio_msgs:/opt/ros/humble LD_LIBRARY_PATH=/home/devuser/Workspaces/install/gst_pipeline/lib:/home/devuser/Workspaces/install/gst_bridge/lib:/home/devuser/Workspaces/install/gst_msgs/lib:/home/devuser/Workspaces/install/audio_msgs/lib:${LD_LIBRARY_PATH} PYTHONPATH=/home/devuser/Workspaces/install/gst_msgs/local/lib/python3.10/dist-packages:/home/devuser/Workspaces/install/audio_msgs/local/lib/python3.10/dist-packages:${PYTHONPATH} /usr/bin/cmake --install /home/devuser/Workspaces/build/gst_pipeline_plugins_webrtc
[204.171s] -- Install configuration: ""
[204.175s] -- Execute custom install script
[204.186s] -- Symlinking: /home/devuser/Workspaces/install/gst_pipeline_plugins_webrtc/include/gst_pipeline_plugins_webrtc/base.h
[204.271s] -- Symlinking: /home/devuser/Workspaces/install/gst_pipeline_plugins_webrtc/include/gst_pipeline_plugins_webrtc/datachannel.h
[204.336s] -- Symlinking: /home/devuser/Workspaces/install/gst_pipeline_plugins_webrtc/include/gst_pipeline_plugins_webrtc/ros.h
[204.390s] -- Symlinking: /home/devuser/Workspaces/install/gst_pipeline_plugins_webrtc/include/gst_pipeline_plugins_webrtc/websockets.h
[204.461s] -- Symlinking: /home/devuser/Workspaces/install/gst_pipeline_plugins_webrtc/share/gst_pipeline_plugins_webrtc/config/dynamic_loop.config.yaml
[204.584s] -- Symlinking: /home/devuser/Workspaces/install/gst_pipeline_plugins_webrtc/share/gst_pipeline_plugins_webrtc/config/peer_to_peer.config.yaml
[204.699s] -- Symlinking: /home/devuser/Workspaces/install/gst_pipeline_plugins_webrtc/share/gst_pipeline_plugins_webrtc/config/websockets.config.yaml
[204.813s] -- Symlinking: /home/devuser/Workspaces/install/gst_pipeline_plugins_webrtc/share/gst_pipeline_plugins_webrtc/config/websockets_and_datachannels.config.yaml
[204.924s] -- Symlinking: /home/devuser/Workspaces/install/gst_pipeline_plugins_webrtc/share/gst_pipeline_plugins_webrtc/launch/dynamic_loop.launch.py
[205.013s] -- Symlinking: /home/devuser/Workspaces/install/gst_pipeline_plugins_webrtc/share/gst_pipeline_plugins_webrtc/launch/peer_to_peer.launch.py
[205.112s] -- Symlinking: /home/devuser/Workspaces/install/gst_pipeline_plugins_webrtc/share/gst_pipeline_plugins_webrtc/launch/websockets.launch.py
[205.235s] -- Symlinking: /home/devuser/Workspaces/install/gst_pipeline_plugins_webrtc/share/gst_pipeline_plugins_webrtc/launch/websockets_and_datachannels.launch.py
[205.291s] -- Symlinking: /home/devuser/Workspaces/install/gst_pipeline_plugins_webrtc/share/gst_pipeline_plugins_webrtc//plugins.xml
[205.383s] -- Symlinking: /home/devuser/Workspaces/install/gst_pipeline_plugins_webrtc/share/gst_pipeline_plugins_webrtc//datachannel_plugins.xml
[205.581s] -- Symlinking: /home/devuser/Workspaces/install/gst_pipeline_plugins_webrtc/share/gst_pipeline_plugins_webrtc/environment/library_path.sh
[205.717s] -- Symlinking: /home/devuser/Workspaces/install/gst_pipeline_plugins_webrtc/share/gst_pipeline_plugins_webrtc/environment/library_path.dsv
[205.825s] -- Symlinking: /home/devuser/Workspaces/install/gst_pipeline_plugins_webrtc/share/ament_index/resource_index/package_run_dependencies/gst_pipeline_plugins_webrtc
[205.916s] -- Symlinking: /home/devuser/Workspaces/install/gst_pipeline_plugins_webrtc/share/ament_index/resource_index/parent_prefix_path/gst_pipeline_plugins_webrtc
[206.022s] -- Symlinking: /home/devuser/Workspaces/install/gst_pipeline_plugins_webrtc/share/gst_pipeline_plugins_webrtc/environment/ament_prefix_path.sh
[206.099s] -- Symlinking: /home/devuser/Workspaces/install/gst_pipeline_plugins_webrtc/share/gst_pipeline_plugins_webrtc/environment/ament_prefix_path.dsv
[206.153s] -- Symlinking: /home/devuser/Workspaces/install/gst_pipeline_plugins_webrtc/share/gst_pipeline_plugins_webrtc/environment/path.sh
[206.214s] -- Symlinking: /home/devuser/Workspaces/install/gst_pipeline_plugins_webrtc/share/gst_pipeline_plugins_webrtc/environment/path.dsv
[206.294s] -- Symlinking: /home/devuser/Workspaces/install/gst_pipeline_plugins_webrtc/share/gst_pipeline_plugins_webrtc/local_setup.bash
[206.386s] -- Symlinking: /home/devuser/Workspaces/install/gst_pipeline_plugins_webrtc/share/gst_pipeline_plugins_webrtc/local_setup.sh
[206.478s] -- Symlinking: /home/devuser/Workspaces/install/gst_pipeline_plugins_webrtc/share/gst_pipeline_plugins_webrtc/local_setup.zsh
[206.587s] -- Symlinking: /home/devuser/Workspaces/install/gst_pipeline_plugins_webrtc/share/gst_pipeline_plugins_webrtc/local_setup.dsv
[206.670s] -- Symlinking: /home/devuser/Workspaces/install/gst_pipeline_plugins_webrtc/share/gst_pipeline_plugins_webrtc/package.dsv
[206.771s] -- Symlinking: /home/devuser/Workspaces/install/gst_pipeline_plugins_webrtc/share/ament_index/resource_index/packages/gst_pipeline_plugins_webrtc
[206.879s] -- Symlinking: /home/devuser/Workspaces/install/gst_pipeline_plugins_webrtc/share/ament_index/resource_index/gst_pipeline__pluginlib__plugin/gst_pipeline_plugins_webrtc
[206.973s] -- Symlinking: /home/devuser/Workspaces/install/gst_pipeline_plugins_webrtc/share/ament_index/resource_index/gst_pipeline_plugins_webrtc__pluginlib__plugin/gst_pipeline_plugins_webrtc
[207.098s] -- Symlinking: /home/devuser/Workspaces/install/gst_pipeline_plugins_webrtc/share/gst_pipeline_plugins_webrtc/cmake/ament_cmake_export_include_directories-extras.cmake
[207.193s] -- Symlinking: /home/devuser/Workspaces/install/gst_pipeline_plugins_webrtc/share/gst_pipeline_plugins_webrtc/cmake/ament_cmake_export_libraries-extras.cmake
[207.293s] -- Symlinking: /home/devuser/Workspaces/install/gst_pipeline_plugins_webrtc/share/gst_pipeline_plugins_webrtc/cmake/ament_cmake_export_targets-extras.cmake
[207.382s] -- Symlinking: /home/devuser/Workspaces/install/gst_pipeline_plugins_webrtc/share/gst_pipeline_plugins_webrtc/cmake/ament_cmake_export_dependencies-extras.cmake
[207.488s] -- Symlinking: /home/devuser/Workspaces/install/gst_pipeline_plugins_webrtc/share/gst_pipeline_plugins_webrtc/cmake/gst_pipeline_plugins_webrtcConfig.cmake
[207.625s] -- Symlinking: /home/devuser/Workspaces/install/gst_pipeline_plugins_webrtc/share/gst_pipeline_plugins_webrtc/cmake/gst_pipeline_plugins_webrtcConfig-version.cmake
[207.752s] -- Symlinking: /home/devuser/Workspaces/install/gst_pipeline_plugins_webrtc/share/gst_pipeline_plugins_webrtc/package.xml
[207.844s] -- Installing: /home/devuser/Workspaces/install/gst_pipeline_plugins_webrtc/lib/libgst_pipeline_plugins_webrtc.so
[207.944s] -- Set runtime path of "/home/devuser/Workspaces/install/gst_pipeline_plugins_webrtc/lib/libgst_pipeline_plugins_webrtc.so" to ""
[207.957s] -- Installing: /home/devuser/Workspaces/install/gst_pipeline_plugins_webrtc/share/gst_pipeline_plugins_webrtc/cmake/export_gst_pipeline_plugins_webrtcExport.cmake
[207.959s] -- Installing: /home/devuser/Workspaces/install/gst_pipeline_plugins_webrtc/share/gst_pipeline_plugins_webrtc/cmake/export_gst_pipeline_plugins_webrtcExport-noconfig.cmake
[207.973s] Invoked command in '/home/devuser/Workspaces/build/gst_pipeline_plugins_webrtc' returned '0': AMENT_PREFIX_PATH=/home/devuser/Workspaces/install/gst_pipeline:/home/devuser/Workspaces/install/gst_bridge:/home/devuser/Workspaces/install/gst_msgs:/home/devuser/Workspaces/install/audio_msgs:${AMENT_PREFIX_PATH} CMAKE_PREFIX_PATH=/home/devuser/Workspaces/install/gst_pipeline:/home/devuser/Workspaces/install/gst_bridge:/home/devuser/Workspaces/install/gst_msgs:/home/devuser/Workspaces/install/audio_msgs:/home/devuser/Workspaces/rosgsthumble_ws/install/webrtc_camera_node:/home/devuser/Workspaces/rosgsthumble_ws/install/realsense2_description:/home/devuser/Workspaces/rosgsthumble_ws/install/realsense2_camera:/home/devuser/Workspaces/rosgsthumble_ws/install/realsense2_camera_msgs:/home/devuser/Workspaces/rosgsthumble_ws/install/gst_pipeline_plugins_webrtc:/home/devuser/Workspaces/rosgsthumble_ws/install/gst_pipeline_plugins:/home/devuser/Workspaces/rosgsthumble_ws/install/gst_pipeline:/home/devuser/Workspaces/rosgsthumble_ws/install/gst_msgs:/home/devuser/Workspaces/rosgsthumble_ws/install/gst_bridge:/home/devuser/Workspaces/rosgsthumble_ws/install/cpp_campub:/home/devuser/Workspaces/rosgsthumble_ws/install/audio_msgs:/opt/ros/humble LD_LIBRARY_PATH=/home/devuser/Workspaces/install/gst_pipeline/lib:/home/devuser/Workspaces/install/gst_bridge/lib:/home/devuser/Workspaces/install/gst_msgs/lib:/home/devuser/Workspaces/install/audio_msgs/lib:${LD_LIBRARY_PATH} PYTHONPATH=/home/devuser/Workspaces/install/gst_msgs/local/lib/python3.10/dist-packages:/home/devuser/Workspaces/install/audio_msgs/local/lib/python3.10/dist-packages:${PYTHONPATH} /usr/bin/cmake --install /home/devuser/Workspaces/build/gst_pipeline_plugins_webrtc
