[0.024s] Invoking command in '/home/devuser/Workspaces/rosgsthumble_ws/build/gst_pipeline_plugins': CMAKE_PREFIX_PATH=/home/devuser/Workspaces/rosgsthumble_ws/install/gst_pipeline:/home/devuser/Workspaces/rosgsthumble_ws/install/gst_bridge:/home/devuser/Workspaces/rosgsthumble_ws/install/gst_msgs:/home/devuser/Workspaces/rosgsthumble_ws/install/audio_msgs:/home/devuser/Workspaces/rosgsthumble_ws/install/webrtc_camera_node:/home/devuser/Workspaces/rosgsthumble_ws/install/gst_pipeline_plugins_webrtc:/home/devuser/Workspaces/rosgsthumble_ws/install/gst_pipeline_plugins:/home/devuser/Workspaces/rosgsthumble_ws/install/cpp_campub:/opt/ros/humble LD_LIBRARY_PATH=/home/devuser/Workspaces/rosgsthumble_ws/install/gst_pipeline/lib:/home/devuser/Workspaces/rosgsthumble_ws/install/gst_bridge/lib:/home/devuser/Workspaces/rosgsthumble_ws/install/gst_msgs/lib:/home/devuser/Workspaces/rosgsthumble_ws/install/audio_msgs/lib:/home/devuser/Workspaces/rosgsthumble_ws/install/gst_pipeline_plugins_webrtc/lib:/home/devuser/Workspaces/rosgsthumble_ws/install/gst_pipeline_plugins/lib:/usr/lib/x86_64-linux-gnu/gazebo-11/plugins:/opt/ros/humble/opt/rviz_ogre_vendor/lib:/opt/ros/humble/lib/x86_64-linux-gnu:/opt/ros/humble/lib /usr/bin/cmake --build /home/devuser/Workspaces/rosgsthumble_ws/build/gst_pipeline_plugins -- -j8 -l8
[0.104s] [35m[1mConsolidate compiler generated dependencies of target gst_pipeline_plugins[0m
[0.158s] [100%] Built target gst_pipeline_plugins
[0.169s] Invoked command in '/home/devuser/Workspaces/rosgsthumble_ws/build/gst_pipeline_plugins' returned '0': CMAKE_PREFIX_PATH=/home/devuser/Workspaces/rosgsthumble_ws/install/gst_pipeline:/home/devuser/Workspaces/rosgsthumble_ws/install/gst_bridge:/home/devuser/Workspaces/rosgsthumble_ws/install/gst_msgs:/home/devuser/Workspaces/rosgsthumble_ws/install/audio_msgs:/home/devuser/Workspaces/rosgsthumble_ws/install/webrtc_camera_node:/home/devuser/Workspaces/rosgsthumble_ws/install/gst_pipeline_plugins_webrtc:/home/devuser/Workspaces/rosgsthumble_ws/install/gst_pipeline_plugins:/home/devuser/Workspaces/rosgsthumble_ws/install/cpp_campub:/opt/ros/humble LD_LIBRARY_PATH=/home/devuser/Workspaces/rosgsthumble_ws/install/gst_pipeline/lib:/home/devuser/Workspaces/rosgsthumble_ws/install/gst_bridge/lib:/home/devuser/Workspaces/rosgsthumble_ws/install/gst_msgs/lib:/home/devuser/Workspaces/rosgsthumble_ws/install/audio_msgs/lib:/home/devuser/Workspaces/rosgsthumble_ws/install/gst_pipeline_plugins_webrtc/lib:/home/devuser/Workspaces/rosgsthumble_ws/install/gst_pipeline_plugins/lib:/usr/lib/x86_64-linux-gnu/gazebo-11/plugins:/opt/ros/humble/opt/rviz_ogre_vendor/lib:/opt/ros/humble/lib/x86_64-linux-gnu:/opt/ros/humble/lib /usr/bin/cmake --build /home/devuser/Workspaces/rosgsthumble_ws/build/gst_pipeline_plugins -- -j8 -l8
[0.171s] Invoking command in '/home/devuser/Workspaces/rosgsthumble_ws/build/gst_pipeline_plugins': CMAKE_PREFIX_PATH=/home/devuser/Workspaces/rosgsthumble_ws/install/gst_pipeline:/home/devuser/Workspaces/rosgsthumble_ws/install/gst_bridge:/home/devuser/Workspaces/rosgsthumble_ws/install/gst_msgs:/home/devuser/Workspaces/rosgsthumble_ws/install/audio_msgs:/home/devuser/Workspaces/rosgsthumble_ws/install/webrtc_camera_node:/home/devuser/Workspaces/rosgsthumble_ws/install/gst_pipeline_plugins_webrtc:/home/devuser/Workspaces/rosgsthumble_ws/install/gst_pipeline_plugins:/home/devuser/Workspaces/rosgsthumble_ws/install/cpp_campub:/opt/ros/humble LD_LIBRARY_PATH=/home/devuser/Workspaces/rosgsthumble_ws/install/gst_pipeline/lib:/home/devuser/Workspaces/rosgsthumble_ws/install/gst_bridge/lib:/home/devuser/Workspaces/rosgsthumble_ws/install/gst_msgs/lib:/home/devuser/Workspaces/rosgsthumble_ws/install/audio_msgs/lib:/home/devuser/Workspaces/rosgsthumble_ws/install/gst_pipeline_plugins_webrtc/lib:/home/devuser/Workspaces/rosgsthumble_ws/install/gst_pipeline_plugins/lib:/usr/lib/x86_64-linux-gnu/gazebo-11/plugins:/opt/ros/humble/opt/rviz_ogre_vendor/lib:/opt/ros/humble/lib/x86_64-linux-gnu:/opt/ros/humble/lib /usr/bin/cmake --install /home/devuser/Workspaces/rosgsthumble_ws/build/gst_pipeline_plugins
[0.178s] -- Install configuration: ""
[0.179s] -- Execute custom install script
[0.179s] -- Up-to-date symlink: /home/devuser/Workspaces/rosgsthumble_ws/install/gst_pipeline_plugins/share/gst_pipeline_plugins//plugins.xml
[0.179s] -- Up-to-date symlink: /home/devuser/Workspaces/rosgsthumble_ws/install/gst_pipeline_plugins/include/gst_pipeline_plugins/bridge.h
[0.179s] -- Up-to-date symlink: /home/devuser/Workspaces/rosgsthumble_ws/install/gst_pipeline_plugins/include/gst_pipeline_plugins/buffer_observer.h
[0.180s] -- Up-to-date symlink: /home/devuser/Workspaces/rosgsthumble_ws/install/gst_pipeline_plugins/include/gst_pipeline_plugins/clock_observer.h
[0.180s] -- Up-to-date symlink: /home/devuser/Workspaces/rosgsthumble_ws/install/gst_pipeline_plugins/include/gst_pipeline_plugins/framegate.h
[0.180s] -- Up-to-date symlink: /home/devuser/Workspaces/rosgsthumble_ws/install/gst_pipeline_plugins/include/gst_pipeline_plugins/meta/gstmark.h
[0.180s] -- Up-to-date symlink: /home/devuser/Workspaces/rosgsthumble_ws/install/gst_pipeline_plugins/include/gst_pipeline_plugins/metadata_hook.h
[0.180s] -- Up-to-date symlink: /home/devuser/Workspaces/rosgsthumble_ws/install/gst_pipeline_plugins/include/gst_pipeline_plugins/multifilesink_observer.h
[0.180s] -- Up-to-date symlink: /home/devuser/Workspaces/rosgsthumble_ws/install/gst_pipeline_plugins/include/gst_pipeline_plugins/net_clock.h
[0.181s] -- Up-to-date symlink: /home/devuser/Workspaces/rosgsthumble_ws/install/gst_pipeline_plugins/include/gst_pipeline_plugins/parameters.h
[0.181s] -- Up-to-date symlink: /home/devuser/Workspaces/rosgsthumble_ws/install/gst_pipeline_plugins/include/gst_pipeline_plugins/pause_srv.h
[0.181s] -- Up-to-date symlink: /home/devuser/Workspaces/rosgsthumble_ws/install/gst_pipeline_plugins/include/gst_pipeline_plugins/rtp_header_hook.h
[0.181s] -- Up-to-date symlink: /home/devuser/Workspaces/rosgsthumble_ws/install/gst_pipeline_plugins/share/gst_pipeline_plugins/config/parameters_example.config.yaml
[0.182s] -- Up-to-date symlink: /home/devuser/Workspaces/rosgsthumble_ws/install/gst_pipeline_plugins/share/gst_pipeline_plugins/launch/parameters_example.launch.py
[0.182s] -- Up-to-date symlink: /home/devuser/Workspaces/rosgsthumble_ws/install/gst_pipeline_plugins/share/gst_pipeline_plugins/environment/library_path.sh
[0.182s] -- Up-to-date symlink: /home/devuser/Workspaces/rosgsthumble_ws/install/gst_pipeline_plugins/share/gst_pipeline_plugins/environment/library_path.dsv
[0.182s] -- Up-to-date symlink: /home/devuser/Workspaces/rosgsthumble_ws/install/gst_pipeline_plugins/share/ament_index/resource_index/package_run_dependencies/gst_pipeline_plugins
[0.183s] -- Up-to-date symlink: /home/devuser/Workspaces/rosgsthumble_ws/install/gst_pipeline_plugins/share/ament_index/resource_index/parent_prefix_path/gst_pipeline_plugins
[0.183s] -- Up-to-date symlink: /home/devuser/Workspaces/rosgsthumble_ws/install/gst_pipeline_plugins/share/gst_pipeline_plugins/environment/ament_prefix_path.sh
[0.183s] -- Up-to-date symlink: /home/devuser/Workspaces/rosgsthumble_ws/install/gst_pipeline_plugins/share/gst_pipeline_plugins/environment/ament_prefix_path.dsv
[0.184s] -- Up-to-date symlink: /home/devuser/Workspaces/rosgsthumble_ws/install/gst_pipeline_plugins/share/gst_pipeline_plugins/environment/path.sh
[0.184s] -- Up-to-date symlink: /home/devuser/Workspaces/rosgsthumble_ws/install/gst_pipeline_plugins/share/gst_pipeline_plugins/environment/path.dsv
[0.184s] -- Up-to-date symlink: /home/devuser/Workspaces/rosgsthumble_ws/install/gst_pipeline_plugins/share/gst_pipeline_plugins/local_setup.bash
[0.184s] -- Up-to-date symlink: /home/devuser/Workspaces/rosgsthumble_ws/install/gst_pipeline_plugins/share/gst_pipeline_plugins/local_setup.sh
[0.184s] -- Up-to-date symlink: /home/devuser/Workspaces/rosgsthumble_ws/install/gst_pipeline_plugins/share/gst_pipeline_plugins/local_setup.zsh
[0.185s] -- Up-to-date symlink: /home/devuser/Workspaces/rosgsthumble_ws/install/gst_pipeline_plugins/share/gst_pipeline_plugins/local_setup.dsv
[0.185s] -- Symlinking: /home/devuser/Workspaces/rosgsthumble_ws/install/gst_pipeline_plugins/share/gst_pipeline_plugins/package.dsv
[0.194s] -- Up-to-date symlink: /home/devuser/Workspaces/rosgsthumble_ws/install/gst_pipeline_plugins/share/ament_index/resource_index/packages/gst_pipeline_plugins
[0.194s] -- Up-to-date symlink: /home/devuser/Workspaces/rosgsthumble_ws/install/gst_pipeline_plugins/share/ament_index/resource_index/gst_pipeline__pluginlib__plugin/gst_pipeline_plugins
[0.194s] -- Up-to-date symlink: /home/devuser/Workspaces/rosgsthumble_ws/install/gst_pipeline_plugins/share/gst_pipeline_plugins/cmake/ament_cmake_export_include_directories-extras.cmake
[0.194s] -- Up-to-date symlink: /home/devuser/Workspaces/rosgsthumble_ws/install/gst_pipeline_plugins/share/gst_pipeline_plugins/cmake/ament_cmake_export_libraries-extras.cmake
[0.194s] -- Up-to-date symlink: /home/devuser/Workspaces/rosgsthumble_ws/install/gst_pipeline_plugins/share/gst_pipeline_plugins/cmake/ament_cmake_export_targets-extras.cmake
[0.195s] -- Up-to-date symlink: /home/devuser/Workspaces/rosgsthumble_ws/install/gst_pipeline_plugins/share/gst_pipeline_plugins/cmake/ament_cmake_export_dependencies-extras.cmake
[0.195s] -- Up-to-date symlink: /home/devuser/Workspaces/rosgsthumble_ws/install/gst_pipeline_plugins/share/gst_pipeline_plugins/cmake/gst_pipeline_pluginsConfig.cmake
[0.195s] -- Up-to-date symlink: /home/devuser/Workspaces/rosgsthumble_ws/install/gst_pipeline_plugins/share/gst_pipeline_plugins/cmake/gst_pipeline_pluginsConfig-version.cmake
[0.195s] -- Up-to-date symlink: /home/devuser/Workspaces/rosgsthumble_ws/install/gst_pipeline_plugins/share/gst_pipeline_plugins/package.xml
[0.196s] -- Up-to-date: /home/devuser/Workspaces/rosgsthumble_ws/install/gst_pipeline_plugins/lib/libgst_pipeline_plugins.so
[0.196s] -- Up-to-date: /home/devuser/Workspaces/rosgsthumble_ws/install/gst_pipeline_plugins/share/gst_pipeline_plugins/cmake/export_gst_pipeline_pluginsExport.cmake
[0.196s] -- Up-to-date: /home/devuser/Workspaces/rosgsthumble_ws/install/gst_pipeline_plugins/share/gst_pipeline_plugins/cmake/export_gst_pipeline_pluginsExport-noconfig.cmake
[0.199s] Invoked command in '/home/devuser/Workspaces/rosgsthumble_ws/build/gst_pipeline_plugins' returned '0': CMAKE_PREFIX_PATH=/home/devuser/Workspaces/rosgsthumble_ws/install/gst_pipeline:/home/devuser/Workspaces/rosgsthumble_ws/install/gst_bridge:/home/devuser/Workspaces/rosgsthumble_ws/install/gst_msgs:/home/devuser/Workspaces/rosgsthumble_ws/install/audio_msgs:/home/devuser/Workspaces/rosgsthumble_ws/install/webrtc_camera_node:/home/devuser/Workspaces/rosgsthumble_ws/install/gst_pipeline_plugins_webrtc:/home/devuser/Workspaces/rosgsthumble_ws/install/gst_pipeline_plugins:/home/devuser/Workspaces/rosgsthumble_ws/install/cpp_campub:/opt/ros/humble LD_LIBRARY_PATH=/home/devuser/Workspaces/rosgsthumble_ws/install/gst_pipeline/lib:/home/devuser/Workspaces/rosgsthumble_ws/install/gst_bridge/lib:/home/devuser/Workspaces/rosgsthumble_ws/install/gst_msgs/lib:/home/devuser/Workspaces/rosgsthumble_ws/install/audio_msgs/lib:/home/devuser/Workspaces/rosgsthumble_ws/install/gst_pipeline_plugins_webrtc/lib:/home/devuser/Workspaces/rosgsthumble_ws/install/gst_pipeline_plugins/lib:/usr/lib/x86_64-linux-gnu/gazebo-11/plugins:/opt/ros/humble/opt/rviz_ogre_vendor/lib:/opt/ros/humble/lib/x86_64-linux-gnu:/opt/ros/humble/lib /usr/bin/cmake --install /home/devuser/Workspaces/rosgsthumble_ws/build/gst_pipeline_plugins
