[0.014s] Invoking command in '/home/devuser/Workspaces/rosgsthumble_ws/build/webrtc_camera_node': AMENT_PREFIX_PATH=/home/devuser/Workspaces/rosgsthumble_ws/install/gst_bridge:/home/devuser/Workspaces/rosgsthumble_ws/install/audio_msgs:${AMENT_PREFIX_PATH} CMAKE_PREFIX_PATH=/home/devuser/Workspaces/rosgsthumble_ws/install/gst_bridge:/home/devuser/Workspaces/rosgsthumble_ws/install/audio_msgs:/opt/ros/humble LD_LIBRARY_PATH=/home/devuser/Workspaces/rosgsthumble_ws/install/gst_bridge/lib:/home/devuser/Workspaces/rosgsthumble_ws/install/audio_msgs/lib:/home/devuser/Workspaces/rosgsthumble_ws/install/gst_pipeline_plugins_webrtc/lib:/home/devuser/Workspaces/rosgsthumble_ws/install/gst_pipeline_plugins/lib:/home/devuser/Workspaces/rosgsthumble_ws/install/gst_pipeline/lib:/home/devuser/Workspaces/rosgsthumble_ws/install/gst_msgs/lib:/usr/lib/x86_64-linux-gnu/gazebo-11/plugins:/opt/ros/humble/opt/rviz_ogre_vendor/lib:/opt/ros/humble/lib/x86_64-linux-gnu:/opt/ros/humble/lib /usr/bin/cmake /home/devuser/Workspaces/rosgsthumble_ws/src/webrtc_camera_node -DAMENT_CMAKE_SYMLINK_INSTALL=1 -DCMAKE_INSTALL_PREFIX=/home/devuser/Workspaces/rosgsthumble_ws/install/webrtc_camera_node
[0.067s] -- The C compiler identification is GNU 11.4.0
[0.123s] -- The CXX compiler identification is GNU 11.4.0
[0.131s] -- Detecting C compiler ABI info
[0.201s] -- Detecting C compiler ABI info - done
[0.212s] -- Check for working C compiler: /usr/bin/cc - skipped
[0.212s] -- Detecting C compile features
[0.212s] -- Detecting C compile features - done
[0.216s] -- Detecting CXX compiler ABI info
[0.301s] -- Detecting CXX compiler ABI info - done
[0.310s] -- Check for working CXX compiler: /usr/bin/c++ - skipped
[0.311s] -- Detecting CXX compile features
[0.311s] -- Detecting CXX compile features - done
[0.317s] -- Found PkgConfig: /usr/bin/pkg-config (found version "0.29.2") 
[0.319s] -- Found rclcpp: 16.0.15 (/opt/ros/humble/share/rclcpp/cmake)
[0.489s] -- Found Python3: /usr/bin/python3 (found version "3.10.12") found components: Interpreter 
[0.563s] -- Override CMake install command with custom implementation using symlinks instead of copying resources
[0.661s] -- Found rosidl_generator_c: 3.1.7 (/opt/ros/humble/share/rosidl_generator_c/cmake)
[0.669s] -- Found rosidl_adapter: 3.1.7 (/opt/ros/humble/share/rosidl_adapter/cmake)
[0.678s] -- Found rosidl_generator_cpp: 3.1.7 (/opt/ros/humble/share/rosidl_generator_cpp/cmake)
[0.695s] -- Using all available rosidl_typesupport_c: rosidl_typesupport_fastrtps_c;rosidl_typesupport_introspection_c
[0.717s] -- Using all available rosidl_typesupport_cpp: rosidl_typesupport_fastrtps_cpp;rosidl_typesupport_introspection_cpp
[0.774s] -- Found rmw_implementation_cmake: 6.1.2 (/opt/ros/humble/share/rmw_implementation_cmake/cmake)
[0.778s] -- Found rmw_fastrtps_cpp: 6.2.8 (/opt/ros/humble/share/rmw_fastrtps_cpp/cmake)
[0.886s] -- Found OpenSSL: /usr/lib/x86_64-linux-gnu/libcrypto.so (found version "3.0.2")  
[0.921s] -- Found FastRTPS: /opt/ros/humble/include  
[0.995s] -- Using RMW implementation 'rmw_fastrtps_cpp' as default
[1.007s] -- Looking for pthread.h
[1.114s] -- Looking for pthread.h - found
[1.115s] -- Performing Test CMAKE_HAVE_LIBC_PTHREAD
[1.199s] -- Performing Test CMAKE_HAVE_LIBC_PTHREAD - Success
[1.200s] -- Found Threads: TRUE  
[1.277s] -- Found sensor_msgs: 4.9.0 (/opt/ros/humble/share/sensor_msgs/cmake)
[1.314s] -- Found gst_bridge: 0.0.0 (/home/devuser/Workspaces/rosgsthumble_ws/install/gst_bridge/share/gst_bridge/cmake)
[1.355s] -- Checking for modules 'gstreamer-1.0;gstreamer-webrtc-1.0;gstreamer-app-1.0;gstreamer-video-1.0;gstreamer-sdp-1.0;glib-2.0'
[1.392s] --   Found gstreamer-1.0, version 1.20.3
[1.405s] --   Found gstreamer-webrtc-1.0, version 1.20.3
[1.419s] --   Found gstreamer-app-1.0, version 1.20.1
[1.431s] --   Found gstreamer-video-1.0, version 1.20.1
[1.444s] --   Found gstreamer-sdp-1.0, version 1.20.1
[1.457s] --   Found glib-2.0, version 2.72.4
[49.039s] -- Using the multi-header code from /home/devuser/Workspaces/rosgsthumble_ws/build/webrtc_camera_node/_deps/nlohmann_json-src/include/
[52.920s] -- Found ZLIB: /usr/lib/x86_64-linux-gnu/libz.so (found version "1.2.11") 
[52.998s] -- Configuring done
[53.052s] -- Generating done
[53.065s] -- Build files have been written to: /home/devuser/Workspaces/rosgsthumble_ws/build/webrtc_camera_node
[53.080s] Invoked command in '/home/devuser/Workspaces/rosgsthumble_ws/build/webrtc_camera_node' returned '0': AMENT_PREFIX_PATH=/home/devuser/Workspaces/rosgsthumble_ws/install/gst_bridge:/home/devuser/Workspaces/rosgsthumble_ws/install/audio_msgs:${AMENT_PREFIX_PATH} CMAKE_PREFIX_PATH=/home/devuser/Workspaces/rosgsthumble_ws/install/gst_bridge:/home/devuser/Workspaces/rosgsthumble_ws/install/audio_msgs:/opt/ros/humble LD_LIBRARY_PATH=/home/devuser/Workspaces/rosgsthumble_ws/install/gst_bridge/lib:/home/devuser/Workspaces/rosgsthumble_ws/install/audio_msgs/lib:/home/devuser/Workspaces/rosgsthumble_ws/install/gst_pipeline_plugins_webrtc/lib:/home/devuser/Workspaces/rosgsthumble_ws/install/gst_pipeline_plugins/lib:/home/devuser/Workspaces/rosgsthumble_ws/install/gst_pipeline/lib:/home/devuser/Workspaces/rosgsthumble_ws/install/gst_msgs/lib:/usr/lib/x86_64-linux-gnu/gazebo-11/plugins:/opt/ros/humble/opt/rviz_ogre_vendor/lib:/opt/ros/humble/lib/x86_64-linux-gnu:/opt/ros/humble/lib /usr/bin/cmake /home/devuser/Workspaces/rosgsthumble_ws/src/webrtc_camera_node -DAMENT_CMAKE_SYMLINK_INSTALL=1 -DCMAKE_INSTALL_PREFIX=/home/devuser/Workspaces/rosgsthumble_ws/install/webrtc_camera_node
[53.082s] Invoking command in '/home/devuser/Workspaces/rosgsthumble_ws/build/webrtc_camera_node': AMENT_PREFIX_PATH=/home/devuser/Workspaces/rosgsthumble_ws/install/gst_bridge:/home/devuser/Workspaces/rosgsthumble_ws/install/audio_msgs:${AMENT_PREFIX_PATH} CMAKE_PREFIX_PATH=/home/devuser/Workspaces/rosgsthumble_ws/install/gst_bridge:/home/devuser/Workspaces/rosgsthumble_ws/install/audio_msgs:/opt/ros/humble LD_LIBRARY_PATH=/home/devuser/Workspaces/rosgsthumble_ws/install/gst_bridge/lib:/home/devuser/Workspaces/rosgsthumble_ws/install/audio_msgs/lib:/home/devuser/Workspaces/rosgsthumble_ws/install/gst_pipeline_plugins_webrtc/lib:/home/devuser/Workspaces/rosgsthumble_ws/install/gst_pipeline_plugins/lib:/home/devuser/Workspaces/rosgsthumble_ws/install/gst_pipeline/lib:/home/devuser/Workspaces/rosgsthumble_ws/install/gst_msgs/lib:/usr/lib/x86_64-linux-gnu/gazebo-11/plugins:/opt/ros/humble/opt/rviz_ogre_vendor/lib:/opt/ros/humble/lib/x86_64-linux-gnu:/opt/ros/humble/lib /usr/bin/cmake --build /home/devuser/Workspaces/rosgsthumble_ws/build/webrtc_camera_node -- -j8 -l8
[53.142s] [  7%] [32mBuilding CXX object _deps/ixwebsocket-build/CMakeFiles/ixwebsocket.dir/ixwebsocket/IXCancellationRequest.cpp.o[0m
[53.144s] [  7%] [32mBuilding CXX object _deps/ixwebsocket-build/CMakeFiles/ixwebsocket.dir/ixwebsocket/IXExponentialBackoff.cpp.o[0m
[53.144s] [  7%] [32mBuilding CXX object _deps/ixwebsocket-build/CMakeFiles/ixwebsocket.dir/ixwebsocket/IXConnectionState.cpp.o[0m
[53.144s] [  9%] [32mBuilding CXX object _deps/ixwebsocket-build/CMakeFiles/ixwebsocket.dir/ixwebsocket/IXBench.cpp.o[0m
[53.145s] [ 12%] [32mBuilding CXX object _deps/ixwebsocket-build/CMakeFiles/ixwebsocket.dir/ixwebsocket/IXDNSLookup.cpp.o[0m
[53.148s] [ 14%] [32mBuilding CXX object _deps/ixwebsocket-build/CMakeFiles/ixwebsocket.dir/ixwebsocket/IXGetFreePort.cpp.o[0m
[53.150s] [ 17%] [32mBuilding CXX object _deps/ixwebsocket-build/CMakeFiles/ixwebsocket.dir/ixwebsocket/IXGzipCodec.cpp.o[0m
[53.151s] [ 19%] [32mBuilding CXX object _deps/ixwebsocket-build/CMakeFiles/ixwebsocket.dir/ixwebsocket/IXHttp.cpp.o[0m
[53.411s] [ 21%] [32mBuilding CXX object _deps/ixwebsocket-build/CMakeFiles/ixwebsocket.dir/ixwebsocket/IXHttpClient.cpp.o[0m
[53.530s] [ 24%] [32mBuilding CXX object _deps/ixwebsocket-build/CMakeFiles/ixwebsocket.dir/ixwebsocket/IXHttpServer.cpp.o[0m
[53.577s] [ 26%] [32mBuilding CXX object _deps/ixwebsocket-build/CMakeFiles/ixwebsocket.dir/ixwebsocket/IXNetSystem.cpp.o[0m
[53.631s] [ 29%] [32mBuilding CXX object _deps/ixwebsocket-build/CMakeFiles/ixwebsocket.dir/ixwebsocket/IXSelectInterrupt.cpp.o[0m
[53.684s] [ 31%] [32mBuilding CXX object _deps/ixwebsocket-build/CMakeFiles/ixwebsocket.dir/ixwebsocket/IXSelectInterruptPipe.cpp.o[0m
[53.687s] [ 34%] [32mBuilding CXX object _deps/ixwebsocket-build/CMakeFiles/ixwebsocket.dir/ixwebsocket/IXSelectInterruptFactory.cpp.o[0m
[53.992s] [ 36%] [32mBuilding CXX object _deps/ixwebsocket-build/CMakeFiles/ixwebsocket.dir/ixwebsocket/IXSelectInterruptEvent.cpp.o[0m
[54.101s] [ 39%] [32mBuilding CXX object _deps/ixwebsocket-build/CMakeFiles/ixwebsocket.dir/ixwebsocket/IXSetThreadName.cpp.o[0m
[54.408s] [ 41%] [32mBuilding CXX object _deps/ixwebsocket-build/CMakeFiles/ixwebsocket.dir/ixwebsocket/IXSocket.cpp.o[0m
[54.425s] [ 43%] [32mBuilding CXX object _deps/ixwebsocket-build/CMakeFiles/ixwebsocket.dir/ixwebsocket/IXSocketConnect.cpp.o[0m
[54.566s] [ 46%] [32mBuilding CXX object _deps/ixwebsocket-build/CMakeFiles/ixwebsocket.dir/ixwebsocket/IXSocketFactory.cpp.o[0m
[54.572s] [ 48%] [32mBuilding CXX object _deps/ixwebsocket-build/CMakeFiles/ixwebsocket.dir/ixwebsocket/IXSocketServer.cpp.o[0m
[54.843s] [ 51%] [32mBuilding CXX object _deps/ixwebsocket-build/CMakeFiles/ixwebsocket.dir/ixwebsocket/IXSocketTLSOptions.cpp.o[0m
[54.964s] [ 56%] [32mBuilding CXX object _deps/ixwebsocket-build/CMakeFiles/ixwebsocket.dir/ixwebsocket/IXStrCaseCompare.cpp.o[0m
[54.964s] [ 56%] [32mBuilding CXX object _deps/ixwebsocket-build/CMakeFiles/ixwebsocket.dir/ixwebsocket/IXUdpSocket.cpp.o[0m
[55.543s] [ 58%] [32mBuilding CXX object _deps/ixwebsocket-build/CMakeFiles/ixwebsocket.dir/ixwebsocket/IXUrlParser.cpp.o[0m
[55.573s] [ 60%] [32mBuilding CXX object _deps/ixwebsocket-build/CMakeFiles/ixwebsocket.dir/ixwebsocket/IXUuid.cpp.o[0m
[55.606s] [ 63%] [32mBuilding CXX object _deps/ixwebsocket-build/CMakeFiles/ixwebsocket.dir/ixwebsocket/IXUserAgent.cpp.o[0m
[55.705s] [ 65%] [32mBuilding CXX object _deps/ixwebsocket-build/CMakeFiles/ixwebsocket.dir/ixwebsocket/IXWebSocket.cpp.o[0m
[55.712s] [ 68%] [32mBuilding CXX object _deps/ixwebsocket-build/CMakeFiles/ixwebsocket.dir/ixwebsocket/IXWebSocketCloseConstants.cpp.o[0m
[55.725s] [ 70%] [32mBuilding CXX object _deps/ixwebsocket-build/CMakeFiles/ixwebsocket.dir/ixwebsocket/IXWebSocketHandshake.cpp.o[0m
[55.804s] [ 73%] [32mBuilding CXX object _deps/ixwebsocket-build/CMakeFiles/ixwebsocket.dir/ixwebsocket/IXWebSocketHttpHeaders.cpp.o[0m
[56.043s] [ 75%] [32mBuilding CXX object _deps/ixwebsocket-build/CMakeFiles/ixwebsocket.dir/ixwebsocket/IXWebSocketPerMessageDeflate.cpp.o[0m
[56.061s] [ 78%] [32mBuilding CXX object _deps/ixwebsocket-build/CMakeFiles/ixwebsocket.dir/ixwebsocket/IXWebSocketPerMessageDeflateCodec.cpp.o[0m
[56.065s] [ 80%] [32mBuilding CXX object _deps/ixwebsocket-build/CMakeFiles/ixwebsocket.dir/ixwebsocket/IXWebSocketPerMessageDeflateOptions.cpp.o[0m
[56.082s] [ 82%] [32mBuilding CXX object _deps/ixwebsocket-build/CMakeFiles/ixwebsocket.dir/ixwebsocket/IXWebSocketProxyServer.cpp.o[0m
[56.270s] [ 85%] [32mBuilding CXX object _deps/ixwebsocket-build/CMakeFiles/ixwebsocket.dir/ixwebsocket/IXWebSocketServer.cpp.o[0m
[56.768s] [ 87%] [32mBuilding CXX object _deps/ixwebsocket-build/CMakeFiles/ixwebsocket.dir/ixwebsocket/IXWebSocketTransport.cpp.o[0m
[58.265s] [ 90%] [32m[1mLinking CXX static library libixwebsocket.a[0m
[58.364s] [ 90%] Built target ixwebsocket
[58.388s] [ 95%] [32mBuilding CXX object CMakeFiles/send_camera_node.dir/src/send_camera_node.cpp.o[0m
[58.388s] [ 95%] [32mBuilding CXX object CMakeFiles/receive_camera_node.dir/src/receive_camera_node.cpp.o[0m
[64.833s] [ 97%] [32m[1mLinking CXX executable send_camera_node[0m
[64.848s] [100%] [32m[1mLinking CXX executable receive_camera_node[0m
[65.331s] [100%] Built target receive_camera_node
[65.358s] [100%] Built target send_camera_node
[65.372s] Invoked command in '/home/devuser/Workspaces/rosgsthumble_ws/build/webrtc_camera_node' returned '0': AMENT_PREFIX_PATH=/home/devuser/Workspaces/rosgsthumble_ws/install/gst_bridge:/home/devuser/Workspaces/rosgsthumble_ws/install/audio_msgs:${AMENT_PREFIX_PATH} CMAKE_PREFIX_PATH=/home/devuser/Workspaces/rosgsthumble_ws/install/gst_bridge:/home/devuser/Workspaces/rosgsthumble_ws/install/audio_msgs:/opt/ros/humble LD_LIBRARY_PATH=/home/devuser/Workspaces/rosgsthumble_ws/install/gst_bridge/lib:/home/devuser/Workspaces/rosgsthumble_ws/install/audio_msgs/lib:/home/devuser/Workspaces/rosgsthumble_ws/install/gst_pipeline_plugins_webrtc/lib:/home/devuser/Workspaces/rosgsthumble_ws/install/gst_pipeline_plugins/lib:/home/devuser/Workspaces/rosgsthumble_ws/install/gst_pipeline/lib:/home/devuser/Workspaces/rosgsthumble_ws/install/gst_msgs/lib:/usr/lib/x86_64-linux-gnu/gazebo-11/plugins:/opt/ros/humble/opt/rviz_ogre_vendor/lib:/opt/ros/humble/lib/x86_64-linux-gnu:/opt/ros/humble/lib /usr/bin/cmake --build /home/devuser/Workspaces/rosgsthumble_ws/build/webrtc_camera_node -- -j8 -l8
[65.374s] Invoking command in '/home/devuser/Workspaces/rosgsthumble_ws/build/webrtc_camera_node': AMENT_PREFIX_PATH=/home/devuser/Workspaces/rosgsthumble_ws/install/gst_bridge:/home/devuser/Workspaces/rosgsthumble_ws/install/audio_msgs:${AMENT_PREFIX_PATH} CMAKE_PREFIX_PATH=/home/devuser/Workspaces/rosgsthumble_ws/install/gst_bridge:/home/devuser/Workspaces/rosgsthumble_ws/install/audio_msgs:/opt/ros/humble LD_LIBRARY_PATH=/home/devuser/Workspaces/rosgsthumble_ws/install/gst_bridge/lib:/home/devuser/Workspaces/rosgsthumble_ws/install/audio_msgs/lib:/home/devuser/Workspaces/rosgsthumble_ws/install/gst_pipeline_plugins_webrtc/lib:/home/devuser/Workspaces/rosgsthumble_ws/install/gst_pipeline_plugins/lib:/home/devuser/Workspaces/rosgsthumble_ws/install/gst_pipeline/lib:/home/devuser/Workspaces/rosgsthumble_ws/install/gst_msgs/lib:/usr/lib/x86_64-linux-gnu/gazebo-11/plugins:/opt/ros/humble/opt/rviz_ogre_vendor/lib:/opt/ros/humble/lib/x86_64-linux-gnu:/opt/ros/humble/lib /usr/bin/cmake --install /home/devuser/Workspaces/rosgsthumble_ws/build/webrtc_camera_node
[65.382s] -- Install configuration: ""
[65.382s] -- Execute custom install script
[65.383s] -- Symlinking: /home/devuser/Workspaces/rosgsthumble_ws/install/webrtc_camera_node/lib/cmake/ixwebsocket/ixwebsocket-config.cmake
[65.393s] -- Symlinking: /home/devuser/Workspaces/rosgsthumble_ws/install/webrtc_camera_node/lib/pkgconfig/ixwebsocket.pc
[65.404s] -- Symlinking: /home/devuser/Workspaces/rosgsthumble_ws/install/webrtc_camera_node/lib/webrtc_camera_node/send_camera_node
[65.412s] -- Symlinking: /home/devuser/Workspaces/rosgsthumble_ws/install/webrtc_camera_node/lib/webrtc_camera_node/receive_camera_node
[65.422s] -- Symlinking: /home/devuser/Workspaces/rosgsthumble_ws/install/webrtc_camera_node/share/ament_index/resource_index/package_run_dependencies/webrtc_camera_node
[65.431s] -- Symlinking: /home/devuser/Workspaces/rosgsthumble_ws/install/webrtc_camera_node/share/ament_index/resource_index/parent_prefix_path/webrtc_camera_node
[65.441s] -- Symlinking: /home/devuser/Workspaces/rosgsthumble_ws/install/webrtc_camera_node/share/webrtc_camera_node/environment/ament_prefix_path.sh
[65.451s] -- Symlinking: /home/devuser/Workspaces/rosgsthumble_ws/install/webrtc_camera_node/share/webrtc_camera_node/environment/ament_prefix_path.dsv
[65.461s] -- Symlinking: /home/devuser/Workspaces/rosgsthumble_ws/install/webrtc_camera_node/share/webrtc_camera_node/environment/path.sh
[65.470s] -- Symlinking: /home/devuser/Workspaces/rosgsthumble_ws/install/webrtc_camera_node/share/webrtc_camera_node/environment/path.dsv
[65.478s] -- Symlinking: /home/devuser/Workspaces/rosgsthumble_ws/install/webrtc_camera_node/share/webrtc_camera_node/local_setup.bash
[65.489s] -- Symlinking: /home/devuser/Workspaces/rosgsthumble_ws/install/webrtc_camera_node/share/webrtc_camera_node/local_setup.sh
[65.500s] -- Symlinking: /home/devuser/Workspaces/rosgsthumble_ws/install/webrtc_camera_node/share/webrtc_camera_node/local_setup.zsh
[65.511s] -- Symlinking: /home/devuser/Workspaces/rosgsthumble_ws/install/webrtc_camera_node/share/webrtc_camera_node/local_setup.dsv
[65.522s] -- Symlinking: /home/devuser/Workspaces/rosgsthumble_ws/install/webrtc_camera_node/share/webrtc_camera_node/package.dsv
[65.535s] -- Symlinking: /home/devuser/Workspaces/rosgsthumble_ws/install/webrtc_camera_node/share/ament_index/resource_index/packages/webrtc_camera_node
[65.545s] -- Symlinking: /home/devuser/Workspaces/rosgsthumble_ws/install/webrtc_camera_node/share/webrtc_camera_node/cmake/webrtc_camera_nodeConfig.cmake
[65.558s] -- Symlinking: /home/devuser/Workspaces/rosgsthumble_ws/install/webrtc_camera_node/share/webrtc_camera_node/cmake/webrtc_camera_nodeConfig-version.cmake
[65.570s] -- Symlinking: /home/devuser/Workspaces/rosgsthumble_ws/install/webrtc_camera_node/share/webrtc_camera_node/package.xml
[65.579s] -- Installing: /home/devuser/Workspaces/rosgsthumble_ws/install/webrtc_camera_node/lib/libixwebsocket.a
[65.585s] -- Installing: /home/devuser/Workspaces/rosgsthumble_ws/install/webrtc_camera_node/include/ixwebsocket/IXBase64.h
[65.585s] -- Installing: /home/devuser/Workspaces/rosgsthumble_ws/install/webrtc_camera_node/include/ixwebsocket/IXBench.h
[65.585s] -- Installing: /home/devuser/Workspaces/rosgsthumble_ws/install/webrtc_camera_node/include/ixwebsocket/IXCancellationRequest.h
[65.585s] -- Installing: /home/devuser/Workspaces/rosgsthumble_ws/install/webrtc_camera_node/include/ixwebsocket/IXConnectionState.h
[65.585s] -- Installing: /home/devuser/Workspaces/rosgsthumble_ws/install/webrtc_camera_node/include/ixwebsocket/IXDNSLookup.h
[65.585s] -- Installing: /home/devuser/Workspaces/rosgsthumble_ws/install/webrtc_camera_node/include/ixwebsocket/IXExponentialBackoff.h
[65.586s] -- Installing: /home/devuser/Workspaces/rosgsthumble_ws/install/webrtc_camera_node/include/ixwebsocket/IXGetFreePort.h
[65.586s] -- Installing: /home/devuser/Workspaces/rosgsthumble_ws/install/webrtc_camera_node/include/ixwebsocket/IXGzipCodec.h
[65.586s] -- Installing: /home/devuser/Workspaces/rosgsthumble_ws/install/webrtc_camera_node/include/ixwebsocket/IXHttp.h
[65.586s] -- Installing: /home/devuser/Workspaces/rosgsthumble_ws/install/webrtc_camera_node/include/ixwebsocket/IXHttpClient.h
[65.586s] -- Installing: /home/devuser/Workspaces/rosgsthumble_ws/install/webrtc_camera_node/include/ixwebsocket/IXHttpServer.h
[65.586s] -- Installing: /home/devuser/Workspaces/rosgsthumble_ws/install/webrtc_camera_node/include/ixwebsocket/IXNetSystem.h
[65.586s] -- Installing: /home/devuser/Workspaces/rosgsthumble_ws/install/webrtc_camera_node/include/ixwebsocket/IXProgressCallback.h
[65.587s] -- Installing: /home/devuser/Workspaces/rosgsthumble_ws/install/webrtc_camera_node/include/ixwebsocket/IXSelectInterrupt.h
[65.587s] -- Installing: /home/devuser/Workspaces/rosgsthumble_ws/install/webrtc_camera_node/include/ixwebsocket/IXSelectInterruptFactory.h
[65.587s] -- Installing: /home/devuser/Workspaces/rosgsthumble_ws/install/webrtc_camera_node/include/ixwebsocket/IXSelectInterruptPipe.h
[65.587s] -- Installing: /home/devuser/Workspaces/rosgsthumble_ws/install/webrtc_camera_node/include/ixwebsocket/IXSelectInterruptEvent.h
[65.587s] -- Installing: /home/devuser/Workspaces/rosgsthumble_ws/install/webrtc_camera_node/include/ixwebsocket/IXSetThreadName.h
[65.587s] -- Installing: /home/devuser/Workspaces/rosgsthumble_ws/install/webrtc_camera_node/include/ixwebsocket/IXSocket.h
[65.587s] -- Installing: /home/devuser/Workspaces/rosgsthumble_ws/install/webrtc_camera_node/include/ixwebsocket/IXSocketConnect.h
[65.588s] -- Installing: /home/devuser/Workspaces/rosgsthumble_ws/install/webrtc_camera_node/include/ixwebsocket/IXSocketFactory.h
[65.588s] -- Installing: /home/devuser/Workspaces/rosgsthumble_ws/install/webrtc_camera_node/include/ixwebsocket/IXSocketServer.h
[65.588s] -- Installing: /home/devuser/Workspaces/rosgsthumble_ws/install/webrtc_camera_node/include/ixwebsocket/IXSocketTLSOptions.h
[65.588s] -- Installing: /home/devuser/Workspaces/rosgsthumble_ws/install/webrtc_camera_node/include/ixwebsocket/IXStrCaseCompare.h
[65.588s] -- Installing: /home/devuser/Workspaces/rosgsthumble_ws/install/webrtc_camera_node/include/ixwebsocket/IXUdpSocket.h
[65.588s] -- Installing: /home/devuser/Workspaces/rosgsthumble_ws/install/webrtc_camera_node/include/ixwebsocket/IXUniquePtr.h
[65.588s] -- Installing: /home/devuser/Workspaces/rosgsthumble_ws/install/webrtc_camera_node/include/ixwebsocket/IXUrlParser.h
[65.588s] -- Installing: /home/devuser/Workspaces/rosgsthumble_ws/install/webrtc_camera_node/include/ixwebsocket/IXUuid.h
[65.589s] -- Installing: /home/devuser/Workspaces/rosgsthumble_ws/install/webrtc_camera_node/include/ixwebsocket/IXUtf8Validator.h
[65.589s] -- Installing: /home/devuser/Workspaces/rosgsthumble_ws/install/webrtc_camera_node/include/ixwebsocket/IXUserAgent.h
[65.589s] -- Installing: /home/devuser/Workspaces/rosgsthumble_ws/install/webrtc_camera_node/include/ixwebsocket/IXWebSocket.h
[65.589s] -- Installing: /home/devuser/Workspaces/rosgsthumble_ws/install/webrtc_camera_node/include/ixwebsocket/IXWebSocketCloseConstants.h
[65.589s] -- Installing: /home/devuser/Workspaces/rosgsthumble_ws/install/webrtc_camera_node/include/ixwebsocket/IXWebSocketCloseInfo.h
[65.589s] -- Installing: /home/devuser/Workspaces/rosgsthumble_ws/install/webrtc_camera_node/include/ixwebsocket/IXWebSocketErrorInfo.h
[65.589s] -- Installing: /home/devuser/Workspaces/rosgsthumble_ws/install/webrtc_camera_node/include/ixwebsocket/IXWebSocketHandshake.h
[65.589s] -- Installing: /home/devuser/Workspaces/rosgsthumble_ws/install/webrtc_camera_node/include/ixwebsocket/IXWebSocketHandshakeKeyGen.h
[65.589s] -- Installing: /home/devuser/Workspaces/rosgsthumble_ws/install/webrtc_camera_node/include/ixwebsocket/IXWebSocketHttpHeaders.h
[65.590s] -- Installing: /home/devuser/Workspaces/rosgsthumble_ws/install/webrtc_camera_node/include/ixwebsocket/IXWebSocketInitResult.h
[65.590s] -- Installing: /home/devuser/Workspaces/rosgsthumble_ws/install/webrtc_camera_node/include/ixwebsocket/IXWebSocketMessage.h
[65.590s] -- Installing: /home/devuser/Workspaces/rosgsthumble_ws/install/webrtc_camera_node/include/ixwebsocket/IXWebSocketMessageType.h
[65.590s] -- Installing: /home/devuser/Workspaces/rosgsthumble_ws/install/webrtc_camera_node/include/ixwebsocket/IXWebSocketOpenInfo.h
[65.590s] -- Installing: /home/devuser/Workspaces/rosgsthumble_ws/install/webrtc_camera_node/include/ixwebsocket/IXWebSocketPerMessageDeflate.h
[65.590s] -- Installing: /home/devuser/Workspaces/rosgsthumble_ws/install/webrtc_camera_node/include/ixwebsocket/IXWebSocketPerMessageDeflateCodec.h
[65.590s] -- Installing: /home/devuser/Workspaces/rosgsthumble_ws/install/webrtc_camera_node/include/ixwebsocket/IXWebSocketPerMessageDeflateOptions.h
[65.591s] -- Installing: /home/devuser/Workspaces/rosgsthumble_ws/install/webrtc_camera_node/include/ixwebsocket/IXWebSocketProxyServer.h
[65.591s] -- Installing: /home/devuser/Workspaces/rosgsthumble_ws/install/webrtc_camera_node/include/ixwebsocket/IXWebSocketSendData.h
[65.591s] -- Installing: /home/devuser/Workspaces/rosgsthumble_ws/install/webrtc_camera_node/include/ixwebsocket/IXWebSocketSendInfo.h
[65.591s] -- Installing: /home/devuser/Workspaces/rosgsthumble_ws/install/webrtc_camera_node/include/ixwebsocket/IXWebSocketServer.h
[65.591s] -- Installing: /home/devuser/Workspaces/rosgsthumble_ws/install/webrtc_camera_node/include/ixwebsocket/IXWebSocketTransport.h
[65.591s] -- Installing: /home/devuser/Workspaces/rosgsthumble_ws/install/webrtc_camera_node/include/ixwebsocket/IXWebSocketVersion.h
[65.591s] -- Installing: /home/devuser/Workspaces/rosgsthumble_ws/install/webrtc_camera_node/lib/cmake/ixwebsocket/ixwebsocket-targets.cmake
[65.591s] -- Installing: /home/devuser/Workspaces/rosgsthumble_ws/install/webrtc_camera_node/lib/cmake/ixwebsocket/ixwebsocket-targets-noconfig.cmake
[65.594s] Invoked command in '/home/devuser/Workspaces/rosgsthumble_ws/build/webrtc_camera_node' returned '0': AMENT_PREFIX_PATH=/home/devuser/Workspaces/rosgsthumble_ws/install/gst_bridge:/home/devuser/Workspaces/rosgsthumble_ws/install/audio_msgs:${AMENT_PREFIX_PATH} CMAKE_PREFIX_PATH=/home/devuser/Workspaces/rosgsthumble_ws/install/gst_bridge:/home/devuser/Workspaces/rosgsthumble_ws/install/audio_msgs:/opt/ros/humble LD_LIBRARY_PATH=/home/devuser/Workspaces/rosgsthumble_ws/install/gst_bridge/lib:/home/devuser/Workspaces/rosgsthumble_ws/install/audio_msgs/lib:/home/devuser/Workspaces/rosgsthumble_ws/install/gst_pipeline_plugins_webrtc/lib:/home/devuser/Workspaces/rosgsthumble_ws/install/gst_pipeline_plugins/lib:/home/devuser/Workspaces/rosgsthumble_ws/install/gst_pipeline/lib:/home/devuser/Workspaces/rosgsthumble_ws/install/gst_msgs/lib:/usr/lib/x86_64-linux-gnu/gazebo-11/plugins:/opt/ros/humble/opt/rviz_ogre_vendor/lib:/opt/ros/humble/lib/x86_64-linux-gnu:/opt/ros/humble/lib /usr/bin/cmake --install /home/devuser/Workspaces/rosgsthumble_ws/build/webrtc_camera_node
