[0.163s] Invoking command in '/home/devuser/Workspaces/rosgsthumble_ws/build/cpp_campub': CMAKE_PREFIX_PATH=${CMAKE_PREFIX_PATH}:/opt/ros/humble /usr/bin/cmake --build /home/devuser/Workspaces/rosgsthumble_ws/build/cpp_campub -- -j4 -l4
[1.541s] [100%] Built target camera_publisher
[1.628s] Invoked command in '/home/devuser/Workspaces/rosgsthumble_ws/build/cpp_campub' returned '0': CMAKE_PREFIX_PATH=${CMAKE_PREFIX_PATH}:/opt/ros/humble /usr/bin/cmake --build /home/devuser/Workspaces/rosgsthumble_ws/build/cpp_campub -- -j4 -l4
[1.843s] Invoking command in '/home/devuser/Workspaces/rosgsthumble_ws/build/cpp_campub': CMAKE_PREFIX_PATH=${CMAKE_PREFIX_PATH}:/opt/ros/humble /usr/bin/cmake --install /home/devuser/Workspaces/rosgsthumble_ws/build/cpp_campub
[2.014s] -- Install configuration: ""
[2.024s] -- Execute custom install script
[2.036s] -- Up-to-date symlink: /home/devuser/Workspaces/rosgsthumble_ws/install/cpp_campub/lib/cpp_campub/camera_publisher
[2.045s] -- Up-to-date symlink: /home/devuser/Workspaces/rosgsthumble_ws/install/cpp_campub/share/ament_index/resource_index/package_run_dependencies/cpp_campub
[2.053s] -- Up-to-date symlink: /home/devuser/Workspaces/rosgsthumble_ws/install/cpp_campub/share/ament_index/resource_index/parent_prefix_path/cpp_campub
[2.060s] -- Up-to-date symlink: /home/devuser/Workspaces/rosgsthumble_ws/install/cpp_campub/share/cpp_campub/environment/ament_prefix_path.sh
[2.071s] -- Up-to-date symlink: /home/devuser/Workspaces/rosgsthumble_ws/install/cpp_campub/share/cpp_campub/environment/ament_prefix_path.dsv
[2.079s] -- Up-to-date symlink: /home/devuser/Workspaces/rosgsthumble_ws/install/cpp_campub/share/cpp_campub/environment/path.sh
[2.083s] -- Up-to-date symlink: /home/devuser/Workspaces/rosgsthumble_ws/install/cpp_campub/share/cpp_campub/environment/path.dsv
[2.088s] -- Up-to-date symlink: /home/devuser/Workspaces/rosgsthumble_ws/install/cpp_campub/share/cpp_campub/local_setup.bash
[2.092s] -- Up-to-date symlink: /home/devuser/Workspaces/rosgsthumble_ws/install/cpp_campub/share/cpp_campub/local_setup.sh
[2.111s] -- Up-to-date symlink: /home/devuser/Workspaces/rosgsthumble_ws/install/cpp_campub/share/cpp_campub/local_setup.zsh
[2.113s] -- Up-to-date symlink: /home/devuser/Workspaces/rosgsthumble_ws/install/cpp_campub/share/cpp_campub/local_setup.dsv
[2.115s] -- Symlinking: /home/devuser/Workspaces/rosgsthumble_ws/install/cpp_campub/share/cpp_campub/package.dsv
[2.411s] -- Up-to-date symlink: /home/devuser/Workspaces/rosgsthumble_ws/install/cpp_campub/share/ament_index/resource_index/packages/cpp_campub
[2.414s] -- Up-to-date symlink: /home/devuser/Workspaces/rosgsthumble_ws/install/cpp_campub/share/cpp_campub/cmake/cpp_campubConfig.cmake
[2.417s] -- Up-to-date symlink: /home/devuser/Workspaces/rosgsthumble_ws/install/cpp_campub/share/cpp_campub/cmake/cpp_campubConfig-version.cmake
[2.420s] -- Up-to-date symlink: /home/devuser/Workspaces/rosgsthumble_ws/install/cpp_campub/share/cpp_campub/package.xml
[2.431s] Invoked command in '/home/devuser/Workspaces/rosgsthumble_ws/build/cpp_campub' returned '0': CMAKE_PREFIX_PATH=${CMAKE_PREFIX_PATH}:/opt/ros/humble /usr/bin/cmake --install /home/devuser/Workspaces/rosgsthumble_ws/build/cpp_campub
