[0.115s] Invoking command in '/home/devuser/Workspaces/rosgsthumble_ws/build/gst_pipeline_plugins': CMAKE_PREFIX_PATH=/home/devuser/Workspaces/rosgsthumble_ws/install/gst_pipeline:/home/devuser/Workspaces/rosgsthumble_ws/install/gst_bridge:/home/devuser/Workspaces/rosgsthumble_ws/install/gst_msgs:/home/devuser/Workspaces/rosgsthumble_ws/install/audio_msgs:/home/devuser/Workspaces/rosgsthumble_ws/install/webrtc_camera_node:/home/devuser/Workspaces/rosgsthumble_ws/install/realsense2_description:/home/devuser/Workspaces/rosgsthumble_ws/install/realsense2_camera:/home/devuser/Workspaces/rosgsthumble_ws/install/realsense2_camera_msgs:/home/devuser/Workspaces/rosgsthumble_ws/install/gst_pipeline_plugins_webrtc:/home/devuser/Workspaces/rosgsthumble_ws/install/gst_pipeline_plugins:/home/devuser/Workspaces/rosgsthumble_ws/install/cpp_campub:/opt/ros/humble LD_LIBRARY_PATH=/home/devuser/Workspaces/rosgsthumble_ws/install/gst_pipeline/lib:/home/devuser/Workspaces/rosgsthumble_ws/install/gst_bridge/lib:/home/devuser/Workspaces/rosgsthumble_ws/install/gst_msgs/lib:/home/devuser/Workspaces/rosgsthumble_ws/install/audio_msgs/lib:/home/devuser/Workspaces/rosgsthumble_ws/install/realsense2_camera/lib:/home/devuser/Workspaces/rosgsthumble_ws/install/realsense2_camera_msgs/lib:/home/devuser/Workspaces/rosgsthumble_ws/install/gst_pipeline_plugins_webrtc/lib:/home/devuser/Workspaces/rosgsthumble_ws/install/gst_pipeline_plugins/lib:/opt/ros/humble/lib/aarch64-linux-gnu:/opt/ros/humble/lib /usr/bin/cmake --build /home/devuser/Workspaces/rosgsthumble_ws/build/gst_pipeline_plugins -- -j4 -l4
[0.560s] [100%] Built target gst_pipeline_plugins
[0.620s] Invoked command in '/home/devuser/Workspaces/rosgsthumble_ws/build/gst_pipeline_plugins' returned '0': CMAKE_PREFIX_PATH=/home/devuser/Workspaces/rosgsthumble_ws/install/gst_pipeline:/home/devuser/Workspaces/rosgsthumble_ws/install/gst_bridge:/home/devuser/Workspaces/rosgsthumble_ws/install/gst_msgs:/home/devuser/Workspaces/rosgsthumble_ws/install/audio_msgs:/home/devuser/Workspaces/rosgsthumble_ws/install/webrtc_camera_node:/home/devuser/Workspaces/rosgsthumble_ws/install/realsense2_description:/home/devuser/Workspaces/rosgsthumble_ws/install/realsense2_camera:/home/devuser/Workspaces/rosgsthumble_ws/install/realsense2_camera_msgs:/home/devuser/Workspaces/rosgsthumble_ws/install/gst_pipeline_plugins_webrtc:/home/devuser/Workspaces/rosgsthumble_ws/install/gst_pipeline_plugins:/home/devuser/Workspaces/rosgsthumble_ws/install/cpp_campub:/opt/ros/humble LD_LIBRARY_PATH=/home/devuser/Workspaces/rosgsthumble_ws/install/gst_pipeline/lib:/home/devuser/Workspaces/rosgsthumble_ws/install/gst_bridge/lib:/home/devuser/Workspaces/rosgsthumble_ws/install/gst_msgs/lib:/home/devuser/Workspaces/rosgsthumble_ws/install/audio_msgs/lib:/home/devuser/Workspaces/rosgsthumble_ws/install/realsense2_camera/lib:/home/devuser/Workspaces/rosgsthumble_ws/install/realsense2_camera_msgs/lib:/home/devuser/Workspaces/rosgsthumble_ws/install/gst_pipeline_plugins_webrtc/lib:/home/devuser/Workspaces/rosgsthumble_ws/install/gst_pipeline_plugins/lib:/opt/ros/humble/lib/aarch64-linux-gnu:/opt/ros/humble/lib /usr/bin/cmake --build /home/devuser/Workspaces/rosgsthumble_ws/build/gst_pipeline_plugins -- -j4 -l4
[0.626s] Invoking command in '/home/devuser/Workspaces/rosgsthumble_ws/build/gst_pipeline_plugins': CMAKE_PREFIX_PATH=/home/devuser/Workspaces/rosgsthumble_ws/install/gst_pipeline:/home/devuser/Workspaces/rosgsthumble_ws/install/gst_bridge:/home/devuser/Workspaces/rosgsthumble_ws/install/gst_msgs:/home/devuser/Workspaces/rosgsthumble_ws/install/audio_msgs:/home/devuser/Workspaces/rosgsthumble_ws/install/webrtc_camera_node:/home/devuser/Workspaces/rosgsthumble_ws/install/realsense2_description:/home/devuser/Workspaces/rosgsthumble_ws/install/realsense2_camera:/home/devuser/Workspaces/rosgsthumble_ws/install/realsense2_camera_msgs:/home/devuser/Workspaces/rosgsthumble_ws/install/gst_pipeline_plugins_webrtc:/home/devuser/Workspaces/rosgsthumble_ws/install/gst_pipeline_plugins:/home/devuser/Workspaces/rosgsthumble_ws/install/cpp_campub:/opt/ros/humble LD_LIBRARY_PATH=/home/devuser/Workspaces/rosgsthumble_ws/install/gst_pipeline/lib:/home/devuser/Workspaces/rosgsthumble_ws/install/gst_bridge/lib:/home/devuser/Workspaces/rosgsthumble_ws/install/gst_msgs/lib:/home/devuser/Workspaces/rosgsthumble_ws/install/audio_msgs/lib:/home/devuser/Workspaces/rosgsthumble_ws/install/realsense2_camera/lib:/home/devuser/Workspaces/rosgsthumble_ws/install/realsense2_camera_msgs/lib:/home/devuser/Workspaces/rosgsthumble_ws/install/gst_pipeline_plugins_webrtc/lib:/home/devuser/Workspaces/rosgsthumble_ws/install/gst_pipeline_plugins/lib:/opt/ros/humble/lib/aarch64-linux-gnu:/opt/ros/humble/lib /usr/bin/cmake --install /home/devuser/Workspaces/rosgsthumble_ws/build/gst_pipeline_plugins
[0.675s] -- Install configuration: ""
[0.677s] -- Execute custom install script
[0.679s] -- Up-to-date symlink: /home/devuser/Workspaces/rosgsthumble_ws/install/gst_pipeline_plugins/share/gst_pipeline_plugins//plugins.xml
[0.683s] -- Up-to-date symlink: /home/devuser/Workspaces/rosgsthumble_ws/install/gst_pipeline_plugins/include/gst_pipeline_plugins/bridge.h
[0.684s] -- Up-to-date symlink: /home/devuser/Workspaces/rosgsthumble_ws/install/gst_pipeline_plugins/include/gst_pipeline_plugins/buffer_observer.h
[0.686s] -- Up-to-date symlink: /home/devuser/Workspaces/rosgsthumble_ws/install/gst_pipeline_plugins/include/gst_pipeline_plugins/clock_observer.h
[0.687s] -- Up-to-date symlink: /home/devuser/Workspaces/rosgsthumble_ws/install/gst_pipeline_plugins/include/gst_pipeline_plugins/framegate.h
[0.691s] -- Up-to-date symlink: /home/devuser/Workspaces/rosgsthumble_ws/install/gst_pipeline_plugins/include/gst_pipeline_plugins/meta/gstmark.h
[0.692s] -- Up-to-date symlink: /home/devuser/Workspaces/rosgsthumble_ws/install/gst_pipeline_plugins/include/gst_pipeline_plugins/metadata_hook.h
[0.692s] -- Up-to-date symlink: /home/devuser/Workspaces/rosgsthumble_ws/install/gst_pipeline_plugins/include/gst_pipeline_plugins/multifilesink_observer.h
[0.694s] -- Up-to-date symlink: /home/devuser/Workspaces/rosgsthumble_ws/install/gst_pipeline_plugins/include/gst_pipeline_plugins/net_clock.h
[0.700s] -- Up-to-date symlink: /home/devuser/Workspaces/rosgsthumble_ws/install/gst_pipeline_plugins/include/gst_pipeline_plugins/parameters.h
[0.701s] -- Up-to-date symlink: /home/devuser/Workspaces/rosgsthumble_ws/install/gst_pipeline_plugins/include/gst_pipeline_plugins/pause_srv.h
[0.702s] -- Up-to-date symlink: /home/devuser/Workspaces/rosgsthumble_ws/install/gst_pipeline_plugins/include/gst_pipeline_plugins/rtp_header_hook.h
[0.705s] -- Up-to-date symlink: /home/devuser/Workspaces/rosgsthumble_ws/install/gst_pipeline_plugins/share/gst_pipeline_plugins/config/parameters_example.config.yaml
[0.707s] -- Up-to-date symlink: /home/devuser/Workspaces/rosgsthumble_ws/install/gst_pipeline_plugins/share/gst_pipeline_plugins/launch/parameters_example.launch.py
[0.711s] -- Up-to-date symlink: /home/devuser/Workspaces/rosgsthumble_ws/install/gst_pipeline_plugins/share/gst_pipeline_plugins/environment/library_path.sh
[0.712s] -- Up-to-date symlink: /home/devuser/Workspaces/rosgsthumble_ws/install/gst_pipeline_plugins/share/gst_pipeline_plugins/environment/library_path.dsv
[0.715s] -- Up-to-date symlink: /home/devuser/Workspaces/rosgsthumble_ws/install/gst_pipeline_plugins/share/ament_index/resource_index/package_run_dependencies/gst_pipeline_plugins
[0.719s] -- Up-to-date symlink: /home/devuser/Workspaces/rosgsthumble_ws/install/gst_pipeline_plugins/share/ament_index/resource_index/parent_prefix_path/gst_pipeline_plugins
[0.720s] -- Up-to-date symlink: /home/devuser/Workspaces/rosgsthumble_ws/install/gst_pipeline_plugins/share/gst_pipeline_plugins/environment/ament_prefix_path.sh
[0.721s] -- Up-to-date symlink: /home/devuser/Workspaces/rosgsthumble_ws/install/gst_pipeline_plugins/share/gst_pipeline_plugins/environment/ament_prefix_path.dsv
[0.727s] -- Up-to-date symlink: /home/devuser/Workspaces/rosgsthumble_ws/install/gst_pipeline_plugins/share/gst_pipeline_plugins/environment/path.sh
[0.728s] -- Up-to-date symlink: /home/devuser/Workspaces/rosgsthumble_ws/install/gst_pipeline_plugins/share/gst_pipeline_plugins/environment/path.dsv
[0.731s] -- Up-to-date symlink: /home/devuser/Workspaces/rosgsthumble_ws/install/gst_pipeline_plugins/share/gst_pipeline_plugins/local_setup.bash
[0.732s] -- Up-to-date symlink: /home/devuser/Workspaces/rosgsthumble_ws/install/gst_pipeline_plugins/share/gst_pipeline_plugins/local_setup.sh
[0.735s] -- Up-to-date symlink: /home/devuser/Workspaces/rosgsthumble_ws/install/gst_pipeline_plugins/share/gst_pipeline_plugins/local_setup.zsh
[0.736s] -- Up-to-date symlink: /home/devuser/Workspaces/rosgsthumble_ws/install/gst_pipeline_plugins/share/gst_pipeline_plugins/local_setup.dsv
[0.737s] -- Symlinking: /home/devuser/Workspaces/rosgsthumble_ws/install/gst_pipeline_plugins/share/gst_pipeline_plugins/package.dsv
[0.776s] -- Up-to-date symlink: /home/devuser/Workspaces/rosgsthumble_ws/install/gst_pipeline_plugins/share/ament_index/resource_index/packages/gst_pipeline_plugins
[0.777s] -- Up-to-date symlink: /home/devuser/Workspaces/rosgsthumble_ws/install/gst_pipeline_plugins/share/ament_index/resource_index/gst_pipeline__pluginlib__plugin/gst_pipeline_plugins
[0.778s] -- Up-to-date symlink: /home/devuser/Workspaces/rosgsthumble_ws/install/gst_pipeline_plugins/share/gst_pipeline_plugins/cmake/ament_cmake_export_include_directories-extras.cmake
[0.778s] -- Up-to-date symlink: /home/devuser/Workspaces/rosgsthumble_ws/install/gst_pipeline_plugins/share/gst_pipeline_plugins/cmake/ament_cmake_export_libraries-extras.cmake
[0.783s] -- Up-to-date symlink: /home/devuser/Workspaces/rosgsthumble_ws/install/gst_pipeline_plugins/share/gst_pipeline_plugins/cmake/ament_cmake_export_targets-extras.cmake
[0.784s] -- Up-to-date symlink: /home/devuser/Workspaces/rosgsthumble_ws/install/gst_pipeline_plugins/share/gst_pipeline_plugins/cmake/ament_cmake_export_dependencies-extras.cmake
[0.787s] -- Up-to-date symlink: /home/devuser/Workspaces/rosgsthumble_ws/install/gst_pipeline_plugins/share/gst_pipeline_plugins/cmake/gst_pipeline_pluginsConfig.cmake
[0.789s] -- Up-to-date symlink: /home/devuser/Workspaces/rosgsthumble_ws/install/gst_pipeline_plugins/share/gst_pipeline_plugins/cmake/gst_pipeline_pluginsConfig-version.cmake
[0.791s] -- Up-to-date symlink: /home/devuser/Workspaces/rosgsthumble_ws/install/gst_pipeline_plugins/share/gst_pipeline_plugins/package.xml
[0.792s] -- Up-to-date: /home/devuser/Workspaces/rosgsthumble_ws/install/gst_pipeline_plugins/lib/libgst_pipeline_plugins.so
[0.798s] -- Up-to-date: /home/devuser/Workspaces/rosgsthumble_ws/install/gst_pipeline_plugins/share/gst_pipeline_plugins/cmake/export_gst_pipeline_pluginsExport.cmake
[0.798s] -- Up-to-date: /home/devuser/Workspaces/rosgsthumble_ws/install/gst_pipeline_plugins/share/gst_pipeline_plugins/cmake/export_gst_pipeline_pluginsExport-noconfig.cmake
[0.886s] Invoked command in '/home/devuser/Workspaces/rosgsthumble_ws/build/gst_pipeline_plugins' returned '0': CMAKE_PREFIX_PATH=/home/devuser/Workspaces/rosgsthumble_ws/install/gst_pipeline:/home/devuser/Workspaces/rosgsthumble_ws/install/gst_bridge:/home/devuser/Workspaces/rosgsthumble_ws/install/gst_msgs:/home/devuser/Workspaces/rosgsthumble_ws/install/audio_msgs:/home/devuser/Workspaces/rosgsthumble_ws/install/webrtc_camera_node:/home/devuser/Workspaces/rosgsthumble_ws/install/realsense2_description:/home/devuser/Workspaces/rosgsthumble_ws/install/realsense2_camera:/home/devuser/Workspaces/rosgsthumble_ws/install/realsense2_camera_msgs:/home/devuser/Workspaces/rosgsthumble_ws/install/gst_pipeline_plugins_webrtc:/home/devuser/Workspaces/rosgsthumble_ws/install/gst_pipeline_plugins:/home/devuser/Workspaces/rosgsthumble_ws/install/cpp_campub:/opt/ros/humble LD_LIBRARY_PATH=/home/devuser/Workspaces/rosgsthumble_ws/install/gst_pipeline/lib:/home/devuser/Workspaces/rosgsthumble_ws/install/gst_bridge/lib:/home/devuser/Workspaces/rosgsthumble_ws/install/gst_msgs/lib:/home/devuser/Workspaces/rosgsthumble_ws/install/audio_msgs/lib:/home/devuser/Workspaces/rosgsthumble_ws/install/realsense2_camera/lib:/home/devuser/Workspaces/rosgsthumble_ws/install/realsense2_camera_msgs/lib:/home/devuser/Workspaces/rosgsthumble_ws/install/gst_pipeline_plugins_webrtc/lib:/home/devuser/Workspaces/rosgsthumble_ws/install/gst_pipeline_plugins/lib:/opt/ros/humble/lib/aarch64-linux-gnu:/opt/ros/humble/lib /usr/bin/cmake --install /home/devuser/Workspaces/rosgsthumble_ws/build/gst_pipeline_plugins
