[0.398s] Invoking command in '/home/devuser/Workspaces/rosgsthumble_ws/build/gst_pipeline': CMAKE_PREFIX_PATH=/home/devuser/Workspaces/rosgsthumble_ws/install/gst_bridge:/home/devuser/Workspaces/rosgsthumble_ws/install/gst_msgs:/home/devuser/Workspaces/rosgsthumble_ws/install/audio_msgs:/home/devuser/Workspaces/rosgsthumble_ws/install/webrtc_camera_node:/home/devuser/Workspaces/rosgsthumble_ws/install/realsense2_description:/home/devuser/Workspaces/rosgsthumble_ws/install/realsense2_camera:/home/devuser/Workspaces/rosgsthumble_ws/install/realsense2_camera_msgs:/home/devuser/Workspaces/rosgsthumble_ws/install/gst_pipeline_plugins_webrtc:/home/devuser/Workspaces/rosgsthumble_ws/install/gst_pipeline_plugins:/home/devuser/Workspaces/rosgsthumble_ws/install/gst_pipeline:/home/devuser/Workspaces/rosgsthumble_ws/install/cpp_campub:/opt/ros/humble LD_LIBRARY_PATH=/home/devuser/Workspaces/rosgsthumble_ws/install/gst_bridge/lib:/home/devuser/Workspaces/rosgsthumble_ws/install/gst_msgs/lib:/home/devuser/Workspaces/rosgsthumble_ws/install/audio_msgs/lib:/home/devuser/Workspaces/rosgsthumble_ws/install/realsense2_camera/lib:/home/devuser/Workspaces/rosgsthumble_ws/install/realsense2_camera_msgs/lib:/home/devuser/Workspaces/rosgsthumble_ws/install/gst_pipeline_plugins_webrtc/lib:/home/devuser/Workspaces/rosgsthumble_ws/install/gst_pipeline_plugins/lib:/home/devuser/Workspaces/rosgsthumble_ws/install/gst_pipeline/lib:/opt/ros/humble/lib/aarch64-linux-gnu:/opt/ros/humble/lib /usr/bin/cmake --build /home/devuser/Workspaces/rosgsthumble_ws/build/gst_pipeline -- -j4 -l4
[1.256s] [ 18%] Built target gtest_main
[1.332s] [ 36%] Built target gst_pipeline_node
[1.395s] [ 63%] Built target gst_pipeline
[1.653s] [ 81%] Built target gtest
[2.480s] [100%] Built target gst_pipeline_test
[2.550s] Invoked command in '/home/devuser/Workspaces/rosgsthumble_ws/build/gst_pipeline' returned '0': CMAKE_PREFIX_PATH=/home/devuser/Workspaces/rosgsthumble_ws/install/gst_bridge:/home/devuser/Workspaces/rosgsthumble_ws/install/gst_msgs:/home/devuser/Workspaces/rosgsthumble_ws/install/audio_msgs:/home/devuser/Workspaces/rosgsthumble_ws/install/webrtc_camera_node:/home/devuser/Workspaces/rosgsthumble_ws/install/realsense2_description:/home/devuser/Workspaces/rosgsthumble_ws/install/realsense2_camera:/home/devuser/Workspaces/rosgsthumble_ws/install/realsense2_camera_msgs:/home/devuser/Workspaces/rosgsthumble_ws/install/gst_pipeline_plugins_webrtc:/home/devuser/Workspaces/rosgsthumble_ws/install/gst_pipeline_plugins:/home/devuser/Workspaces/rosgsthumble_ws/install/gst_pipeline:/home/devuser/Workspaces/rosgsthumble_ws/install/cpp_campub:/opt/ros/humble LD_LIBRARY_PATH=/home/devuser/Workspaces/rosgsthumble_ws/install/gst_bridge/lib:/home/devuser/Workspaces/rosgsthumble_ws/install/gst_msgs/lib:/home/devuser/Workspaces/rosgsthumble_ws/install/audio_msgs/lib:/home/devuser/Workspaces/rosgsthumble_ws/install/realsense2_camera/lib:/home/devuser/Workspaces/rosgsthumble_ws/install/realsense2_camera_msgs/lib:/home/devuser/Workspaces/rosgsthumble_ws/install/gst_pipeline_plugins_webrtc/lib:/home/devuser/Workspaces/rosgsthumble_ws/install/gst_pipeline_plugins/lib:/home/devuser/Workspaces/rosgsthumble_ws/install/gst_pipeline/lib:/opt/ros/humble/lib/aarch64-linux-gnu:/opt/ros/humble/lib /usr/bin/cmake --build /home/devuser/Workspaces/rosgsthumble_ws/build/gst_pipeline -- -j4 -l4
[2.573s] Invoking command in '/home/devuser/Workspaces/rosgsthumble_ws/build/gst_pipeline': CMAKE_PREFIX_PATH=/home/devuser/Workspaces/rosgsthumble_ws/install/gst_bridge:/home/devuser/Workspaces/rosgsthumble_ws/install/gst_msgs:/home/devuser/Workspaces/rosgsthumble_ws/install/audio_msgs:/home/devuser/Workspaces/rosgsthumble_ws/install/webrtc_camera_node:/home/devuser/Workspaces/rosgsthumble_ws/install/realsense2_description:/home/devuser/Workspaces/rosgsthumble_ws/install/realsense2_camera:/home/devuser/Workspaces/rosgsthumble_ws/install/realsense2_camera_msgs:/home/devuser/Workspaces/rosgsthumble_ws/install/gst_pipeline_plugins_webrtc:/home/devuser/Workspaces/rosgsthumble_ws/install/gst_pipeline_plugins:/home/devuser/Workspaces/rosgsthumble_ws/install/gst_pipeline:/home/devuser/Workspaces/rosgsthumble_ws/install/cpp_campub:/opt/ros/humble LD_LIBRARY_PATH=/home/devuser/Workspaces/rosgsthumble_ws/install/gst_bridge/lib:/home/devuser/Workspaces/rosgsthumble_ws/install/gst_msgs/lib:/home/devuser/Workspaces/rosgsthumble_ws/install/audio_msgs/lib:/home/devuser/Workspaces/rosgsthumble_ws/install/realsense2_camera/lib:/home/devuser/Workspaces/rosgsthumble_ws/install/realsense2_camera_msgs/lib:/home/devuser/Workspaces/rosgsthumble_ws/install/gst_pipeline_plugins_webrtc/lib:/home/devuser/Workspaces/rosgsthumble_ws/install/gst_pipeline_plugins/lib:/home/devuser/Workspaces/rosgsthumble_ws/install/gst_pipeline/lib:/opt/ros/humble/lib/aarch64-linux-gnu:/opt/ros/humble/lib /usr/bin/cmake --install /home/devuser/Workspaces/rosgsthumble_ws/build/gst_pipeline
[2.613s] -- Install configuration: ""
[2.620s] -- Execute custom install script
[2.622s] -- Up-to-date symlink: /home/devuser/Workspaces/rosgsthumble_ws/install/gst_pipeline/lib/gst_pipeline/gst_pipeline_node
[2.628s] -- Up-to-date symlink: /home/devuser/Workspaces/rosgsthumble_ws/install/gst_pipeline/include/gst_pipeline/gst_pipeline.h
[2.629s] -- Up-to-date symlink: /home/devuser/Workspaces/rosgsthumble_ws/install/gst_pipeline/include/gst_pipeline/plugin_base.h
[2.629s] -- Up-to-date symlink: /home/devuser/Workspaces/rosgsthumble_ws/install/gst_pipeline/include/gst_pipeline/syntax_sugar.h
[2.636s] -- Up-to-date symlink: /home/devuser/Workspaces/rosgsthumble_ws/install/gst_pipeline/share/gst_pipeline/config/example.config.yaml
[2.637s] -- Up-to-date symlink: /home/devuser/Workspaces/rosgsthumble_ws/install/gst_pipeline/share/gst_pipeline/config/example_rx.config.yaml
[2.637s] -- Up-to-date symlink: /home/devuser/Workspaces/rosgsthumble_ws/install/gst_pipeline/share/gst_pipeline/launch/example.launch.py
[2.641s] -- Up-to-date symlink: /home/devuser/Workspaces/rosgsthumble_ws/install/gst_pipeline/share/gst_pipeline/launch/example_rx.launch.py
[2.643s] -- Up-to-date symlink: /home/devuser/Workspaces/rosgsthumble_ws/install/gst_pipeline/share/gst_pipeline/environment/library_path.sh
[2.643s] -- Up-to-date symlink: /home/devuser/Workspaces/rosgsthumble_ws/install/gst_pipeline/share/gst_pipeline/environment/library_path.dsv
[2.645s] -- Up-to-date symlink: /home/devuser/Workspaces/rosgsthumble_ws/install/gst_pipeline/share/ament_index/resource_index/package_run_dependencies/gst_pipeline
[2.657s] -- Up-to-date symlink: /home/devuser/Workspaces/rosgsthumble_ws/install/gst_pipeline/share/ament_index/resource_index/parent_prefix_path/gst_pipeline
[2.658s] -- Up-to-date symlink: /home/devuser/Workspaces/rosgsthumble_ws/install/gst_pipeline/share/gst_pipeline/environment/ament_prefix_path.sh
[2.659s] -- Up-to-date symlink: /home/devuser/Workspaces/rosgsthumble_ws/install/gst_pipeline/share/gst_pipeline/environment/ament_prefix_path.dsv
[2.660s] -- Up-to-date symlink: /home/devuser/Workspaces/rosgsthumble_ws/install/gst_pipeline/share/gst_pipeline/environment/path.sh
[2.663s] -- Up-to-date symlink: /home/devuser/Workspaces/rosgsthumble_ws/install/gst_pipeline/share/gst_pipeline/environment/path.dsv
[2.668s] -- Up-to-date symlink: /home/devuser/Workspaces/rosgsthumble_ws/install/gst_pipeline/share/gst_pipeline/local_setup.bash
[2.669s] -- Up-to-date symlink: /home/devuser/Workspaces/rosgsthumble_ws/install/gst_pipeline/share/gst_pipeline/local_setup.sh
[2.670s] -- Up-to-date symlink: /home/devuser/Workspaces/rosgsthumble_ws/install/gst_pipeline/share/gst_pipeline/local_setup.zsh
[2.671s] -- Up-to-date symlink: /home/devuser/Workspaces/rosgsthumble_ws/install/gst_pipeline/share/gst_pipeline/local_setup.dsv
[2.671s] -- Symlinking: /home/devuser/Workspaces/rosgsthumble_ws/install/gst_pipeline/share/gst_pipeline/package.dsv
[2.724s] -- Up-to-date symlink: /home/devuser/Workspaces/rosgsthumble_ws/install/gst_pipeline/share/ament_index/resource_index/packages/gst_pipeline
[2.727s] -- Up-to-date symlink: /home/devuser/Workspaces/rosgsthumble_ws/install/gst_pipeline/share/ament_index/resource_index/rclcpp_components/gst_pipeline
[2.729s] -- Up-to-date symlink: /home/devuser/Workspaces/rosgsthumble_ws/install/gst_pipeline/share/gst_pipeline/cmake/ament_cmake_export_include_directories-extras.cmake
[2.731s] -- Up-to-date symlink: /home/devuser/Workspaces/rosgsthumble_ws/install/gst_pipeline/share/gst_pipeline/cmake/ament_cmake_export_libraries-extras.cmake
[2.732s] -- Up-to-date symlink: /home/devuser/Workspaces/rosgsthumble_ws/install/gst_pipeline/share/gst_pipeline/cmake/ament_cmake_export_targets-extras.cmake
[2.734s] -- Up-to-date symlink: /home/devuser/Workspaces/rosgsthumble_ws/install/gst_pipeline/share/gst_pipeline/cmake/ament_cmake_export_dependencies-extras.cmake
[2.734s] -- Up-to-date symlink: /home/devuser/Workspaces/rosgsthumble_ws/install/gst_pipeline/share/gst_pipeline/cmake/gst_pipelineConfig.cmake
[2.735s] -- Up-to-date symlink: /home/devuser/Workspaces/rosgsthumble_ws/install/gst_pipeline/share/gst_pipeline/cmake/gst_pipelineConfig-version.cmake
[2.735s] -- Up-to-date symlink: /home/devuser/Workspaces/rosgsthumble_ws/install/gst_pipeline/share/gst_pipeline/package.xml
[2.862s] -- Up-to-date: /home/devuser/Workspaces/rosgsthumble_ws/install/gst_pipeline/lib/libgst_pipeline.so
[2.875s] -- Up-to-date: /home/devuser/Workspaces/rosgsthumble_ws/install/gst_pipeline/share/gst_pipeline/cmake/export_gst_pipelineExport.cmake
[2.876s] -- Up-to-date: /home/devuser/Workspaces/rosgsthumble_ws/install/gst_pipeline/share/gst_pipeline/cmake/export_gst_pipelineExport-noconfig.cmake
[2.908s] Invoked command in '/home/devuser/Workspaces/rosgsthumble_ws/build/gst_pipeline' returned '0': CMAKE_PREFIX_PATH=/home/devuser/Workspaces/rosgsthumble_ws/install/gst_bridge:/home/devuser/Workspaces/rosgsthumble_ws/install/gst_msgs:/home/devuser/Workspaces/rosgsthumble_ws/install/audio_msgs:/home/devuser/Workspaces/rosgsthumble_ws/install/webrtc_camera_node:/home/devuser/Workspaces/rosgsthumble_ws/install/realsense2_description:/home/devuser/Workspaces/rosgsthumble_ws/install/realsense2_camera:/home/devuser/Workspaces/rosgsthumble_ws/install/realsense2_camera_msgs:/home/devuser/Workspaces/rosgsthumble_ws/install/gst_pipeline_plugins_webrtc:/home/devuser/Workspaces/rosgsthumble_ws/install/gst_pipeline_plugins:/home/devuser/Workspaces/rosgsthumble_ws/install/gst_pipeline:/home/devuser/Workspaces/rosgsthumble_ws/install/cpp_campub:/opt/ros/humble LD_LIBRARY_PATH=/home/devuser/Workspaces/rosgsthumble_ws/install/gst_bridge/lib:/home/devuser/Workspaces/rosgsthumble_ws/install/gst_msgs/lib:/home/devuser/Workspaces/rosgsthumble_ws/install/audio_msgs/lib:/home/devuser/Workspaces/rosgsthumble_ws/install/realsense2_camera/lib:/home/devuser/Workspaces/rosgsthumble_ws/install/realsense2_camera_msgs/lib:/home/devuser/Workspaces/rosgsthumble_ws/install/gst_pipeline_plugins_webrtc/lib:/home/devuser/Workspaces/rosgsthumble_ws/install/gst_pipeline_plugins/lib:/home/devuser/Workspaces/rosgsthumble_ws/install/gst_pipeline/lib:/opt/ros/humble/lib/aarch64-linux-gnu:/opt/ros/humble/lib /usr/bin/cmake --install /home/devuser/Workspaces/rosgsthumble_ws/build/gst_pipeline
