[0.410s] Invoking command in '/home/devuser/Workspaces/build/gst_pipeline_plugins': AMENT_PREFIX_PATH=/home/devuser/Workspaces/install/gst_pipeline:/home/devuser/Workspaces/install/gst_bridge:/home/devuser/Workspaces/install/gst_msgs:/home/devuser/Workspaces/install/audio_msgs:${AMENT_PREFIX_PATH} CMAKE_PREFIX_PATH=/home/devuser/Workspaces/install/gst_pipeline:/home/devuser/Workspaces/install/gst_bridge:/home/devuser/Workspaces/install/gst_msgs:/home/devuser/Workspaces/install/audio_msgs:/home/devuser/Workspaces/rosgsthumble_ws/install/webrtc_camera_node:/home/devuser/Workspaces/rosgsthumble_ws/install/realsense2_description:/home/devuser/Workspaces/rosgsthumble_ws/install/realsense2_camera:/home/devuser/Workspaces/rosgsthumble_ws/install/realsense2_camera_msgs:/home/devuser/Workspaces/rosgsthumble_ws/install/gst_pipeline_plugins_webrtc:/home/devuser/Workspaces/rosgsthumble_ws/install/gst_pipeline_plugins:/home/devuser/Workspaces/rosgsthumble_ws/install/gst_pipeline:/home/devuser/Workspaces/rosgsthumble_ws/install/gst_msgs:/home/devuser/Workspaces/rosgsthumble_ws/install/gst_bridge:/home/devuser/Workspaces/rosgsthumble_ws/install/cpp_campub:/home/devuser/Workspaces/rosgsthumble_ws/install/audio_msgs:/opt/ros/humble LD_LIBRARY_PATH=/home/devuser/Workspaces/install/gst_pipeline/lib:/home/devuser/Workspaces/install/gst_bridge/lib:/home/devuser/Workspaces/install/gst_msgs/lib:/home/devuser/Workspaces/install/audio_msgs/lib:${LD_LIBRARY_PATH} PYTHONPATH=/home/devuser/Workspaces/install/gst_msgs/local/lib/python3.10/dist-packages:/home/devuser/Workspaces/install/audio_msgs/local/lib/python3.10/dist-packages:${PYTHONPATH} /usr/bin/cmake /home/devuser/Workspaces/rosgsthumble_ws/src/ros-gst-bridge/gst_pipeline_plugins -DAMENT_CMAKE_SYMLINK_INSTALL=1 -DCMAKE_INSTALL_PREFIX=/home/devuser/Workspaces/install/gst_pipeline_plugins
[1.511s] -- The C compiler identification is GNU 11.4.0
[2.069s] -- The CXX compiler identification is GNU 11.4.0
[2.147s] -- Detecting C compiler ABI info
[3.078s] -- Detecting C compiler ABI info - done
[3.180s] -- Check for working C compiler: /usr/bin/cc - skipped
[3.181s] -- Detecting C compile features
[3.185s] -- Detecting C compile features - done
[3.217s] -- Detecting CXX compiler ABI info
[4.193s] -- Detecting CXX compiler ABI info - done
[4.260s] -- Check for working CXX compiler: /usr/bin/c++ - skipped
[4.260s] -- Detecting CXX compile features
[4.262s] -- Detecting CXX compile features - done
[4.360s] -- Found ament_cmake: 1.3.12 (/opt/ros/humble/share/ament_cmake/cmake)
[6.005s] -- Found Python3: /usr/bin/python3 (found version "3.10.12") found components: Interpreter 
[6.795s] -- Override CMake install command with custom implementation using symlinks instead of copying resources
[7.528s] -- Found rclcpp: 16.0.15 (/opt/ros/humble/share/rclcpp/cmake)
[8.346s] -- Found rosidl_generator_c: 3.1.7 (/opt/ros/humble/share/rosidl_generator_c/cmake)
[8.462s] -- Found rosidl_adapter: 3.1.7 (/opt/ros/humble/share/rosidl_adapter/cmake)
[8.589s] -- Found rosidl_generator_cpp: 3.1.7 (/opt/ros/humble/share/rosidl_generator_cpp/cmake)
[8.824s] -- Using all available rosidl_typesupport_c: rosidl_typesupport_fastrtps_c;rosidl_typesupport_introspection_c
[9.121s] -- Using all available rosidl_typesupport_cpp: rosidl_typesupport_fastrtps_cpp;rosidl_typesupport_introspection_cpp
[10.237s] -- Found rmw_implementation_cmake: 6.1.2 (/opt/ros/humble/share/rmw_implementation_cmake/cmake)
[10.302s] -- Found rmw_fastrtps_cpp: 6.2.9 (/opt/ros/humble/share/rmw_fastrtps_cpp/cmake)
[11.719s] -- Found OpenSSL: /usr/lib/aarch64-linux-gnu/libcrypto.so (found version "3.0.2")  
[12.035s] -- Found FastRTPS: /opt/ros/humble/include  
[12.631s] -- Using RMW implementation 'rmw_fastrtps_cpp' as default
[12.815s] -- Looking for pthread.h
[13.699s] -- Looking for pthread.h - found
[13.702s] -- Performing Test CMAKE_HAVE_LIBC_PTHREAD
[14.576s] -- Performing Test CMAKE_HAVE_LIBC_PTHREAD - Success
[14.581s] -- Found Threads: TRUE  
[15.287s] -- Found rclcpp_components: 16.0.15 (/opt/ros/humble/share/rclcpp_components/cmake)
[15.622s] -- Found gst_pipeline: 0.0.0 (/home/devuser/Workspaces/install/gst_pipeline/share/gst_pipeline/cmake)
[16.585s] -- Found image_transport: 3.1.12 (/opt/ros/humble/share/image_transport/cmake)
[16.696s] -- Found cv_bridge: 3.2.1 (/opt/ros/humble/share/cv_bridge/cmake)
[16.835s] -- Found TinyXML2 via Config file: TinyXML2_DIR-NOTFOUND
[16.878s] -- Found PkgConfig: /usr/bin/pkg-config (found version "0.29.2") 
[16.882s] -- Checking for module 'gstreamer-1.0'
[17.029s] --   Found gstreamer-1.0, version 1.20.3
[17.615s] -- Checking for module 'gstreamer-rtp-1.0'
[17.791s] --   Found gstreamer-rtp-1.0, version 1.20.1
[18.375s] -- Checking for modules 'gstreamer-1.0;gstreamer-app-1.0;gstreamer-plugins-base-1.0;gstreamer-pbutils-1.0'
[18.640s] --   Found gstreamer-1.0, version 1.20.3
[18.774s] --   Found gstreamer-app-1.0, version 1.20.1
[18.886s] --   Found gstreamer-plugins-base-1.0, version 1.20.1
[19.032s] --   Found gstreamer-pbutils-1.0, version 1.20.1
[19.910s] -- Found std_srvs: 4.9.0 (/opt/ros/humble/share/std_srvs/cmake)
[20.037s] -- Found gst_msgs: 0.0.0 (/home/devuser/Workspaces/install/gst_msgs/share/gst_msgs/cmake)
[21.067s] -- Configuring done
[21.423s] -- Generating done
[21.478s] -- Build files have been written to: /home/devuser/Workspaces/build/gst_pipeline_plugins
[21.572s] Invoked command in '/home/devuser/Workspaces/build/gst_pipeline_plugins' returned '0': AMENT_PREFIX_PATH=/home/devuser/Workspaces/install/gst_pipeline:/home/devuser/Workspaces/install/gst_bridge:/home/devuser/Workspaces/install/gst_msgs:/home/devuser/Workspaces/install/audio_msgs:${AMENT_PREFIX_PATH} CMAKE_PREFIX_PATH=/home/devuser/Workspaces/install/gst_pipeline:/home/devuser/Workspaces/install/gst_bridge:/home/devuser/Workspaces/install/gst_msgs:/home/devuser/Workspaces/install/audio_msgs:/home/devuser/Workspaces/rosgsthumble_ws/install/webrtc_camera_node:/home/devuser/Workspaces/rosgsthumble_ws/install/realsense2_description:/home/devuser/Workspaces/rosgsthumble_ws/install/realsense2_camera:/home/devuser/Workspaces/rosgsthumble_ws/install/realsense2_camera_msgs:/home/devuser/Workspaces/rosgsthumble_ws/install/gst_pipeline_plugins_webrtc:/home/devuser/Workspaces/rosgsthumble_ws/install/gst_pipeline_plugins:/home/devuser/Workspaces/rosgsthumble_ws/install/gst_pipeline:/home/devuser/Workspaces/rosgsthumble_ws/install/gst_msgs:/home/devuser/Workspaces/rosgsthumble_ws/install/gst_bridge:/home/devuser/Workspaces/rosgsthumble_ws/install/cpp_campub:/home/devuser/Workspaces/rosgsthumble_ws/install/audio_msgs:/opt/ros/humble LD_LIBRARY_PATH=/home/devuser/Workspaces/install/gst_pipeline/lib:/home/devuser/Workspaces/install/gst_bridge/lib:/home/devuser/Workspaces/install/gst_msgs/lib:/home/devuser/Workspaces/install/audio_msgs/lib:${LD_LIBRARY_PATH} PYTHONPATH=/home/devuser/Workspaces/install/gst_msgs/local/lib/python3.10/dist-packages:/home/devuser/Workspaces/install/audio_msgs/local/lib/python3.10/dist-packages:${PYTHONPATH} /usr/bin/cmake /home/devuser/Workspaces/rosgsthumble_ws/src/ros-gst-bridge/gst_pipeline_plugins -DAMENT_CMAKE_SYMLINK_INSTALL=1 -DCMAKE_INSTALL_PREFIX=/home/devuser/Workspaces/install/gst_pipeline_plugins
[21.576s] Invoking command in '/home/devuser/Workspaces/build/gst_pipeline_plugins': AMENT_PREFIX_PATH=/home/devuser/Workspaces/install/gst_pipeline:/home/devuser/Workspaces/install/gst_bridge:/home/devuser/Workspaces/install/gst_msgs:/home/devuser/Workspaces/install/audio_msgs:${AMENT_PREFIX_PATH} CMAKE_PREFIX_PATH=/home/devuser/Workspaces/install/gst_pipeline:/home/devuser/Workspaces/install/gst_bridge:/home/devuser/Workspaces/install/gst_msgs:/home/devuser/Workspaces/install/audio_msgs:/home/devuser/Workspaces/rosgsthumble_ws/install/webrtc_camera_node:/home/devuser/Workspaces/rosgsthumble_ws/install/realsense2_description:/home/devuser/Workspaces/rosgsthumble_ws/install/realsense2_camera:/home/devuser/Workspaces/rosgsthumble_ws/install/realsense2_camera_msgs:/home/devuser/Workspaces/rosgsthumble_ws/install/gst_pipeline_plugins_webrtc:/home/devuser/Workspaces/rosgsthumble_ws/install/gst_pipeline_plugins:/home/devuser/Workspaces/rosgsthumble_ws/install/gst_pipeline:/home/devuser/Workspaces/rosgsthumble_ws/install/gst_msgs:/home/devuser/Workspaces/rosgsthumble_ws/install/gst_bridge:/home/devuser/Workspaces/rosgsthumble_ws/install/cpp_campub:/home/devuser/Workspaces/rosgsthumble_ws/install/audio_msgs:/opt/ros/humble LD_LIBRARY_PATH=/home/devuser/Workspaces/install/gst_pipeline/lib:/home/devuser/Workspaces/install/gst_bridge/lib:/home/devuser/Workspaces/install/gst_msgs/lib:/home/devuser/Workspaces/install/audio_msgs/lib:${LD_LIBRARY_PATH} PYTHONPATH=/home/devuser/Workspaces/install/gst_msgs/local/lib/python3.10/dist-packages:/home/devuser/Workspaces/install/audio_msgs/local/lib/python3.10/dist-packages:${PYTHONPATH} /usr/bin/cmake --build /home/devuser/Workspaces/build/gst_pipeline_plugins -- -j4 -l4
[22.200s] [  8%] [32mBuilding CXX object CMakeFiles/gst_pipeline_plugins.dir/src/bridge.cpp.o[0m
[48.510s] [ 16%] [32mBuilding CXX object CMakeFiles/gst_pipeline_plugins.dir/src/framegate.cpp.o[0m
[113.869s] [ 25%] [32mBuilding CXX object CMakeFiles/gst_pipeline_plugins.dir/src/buffer_observer.cpp.o[0m
[153.237s] [ 33%] [32mBuilding CXX object CMakeFiles/gst_pipeline_plugins.dir/src/clock_observer.cpp.o[0m
[192.889s] [ 41%] [32mBuilding CXX object CMakeFiles/gst_pipeline_plugins.dir/src/metadata_hook.cpp.o[0m
[231.377s] [ 50%] [32mBuilding C object CMakeFiles/gst_pipeline_plugins.dir/src/meta/gstmark.c.o[0m
[232.693s] [ 58%] [32mBuilding CXX object CMakeFiles/gst_pipeline_plugins.dir/src/rtp_header_hook.cpp.o[0m
[258.689s] [ 66%] [32mBuilding CXX object CMakeFiles/gst_pipeline_plugins.dir/src/parameters.cpp.o[0m
[304.703s] [ 75%] [32mBuilding CXX object CMakeFiles/gst_pipeline_plugins.dir/src/parameters/parameter_conversions.cpp.o[0m
[320.770s] [ 83%] [32mBuilding CXX object CMakeFiles/gst_pipeline_plugins.dir/src/multifilesink_observer.cpp.o[0m
[346.235s] [ 91%] [32mBuilding CXX object CMakeFiles/gst_pipeline_plugins.dir/src/pause_srv.cpp.o[0m
[369.986s] [100%] [32m[1mLinking CXX shared library libgst_pipeline_plugins.so[0m
[377.331s] [100%] Built target gst_pipeline_plugins
[377.394s] Invoked command in '/home/devuser/Workspaces/build/gst_pipeline_plugins' returned '0': AMENT_PREFIX_PATH=/home/devuser/Workspaces/install/gst_pipeline:/home/devuser/Workspaces/install/gst_bridge:/home/devuser/Workspaces/install/gst_msgs:/home/devuser/Workspaces/install/audio_msgs:${AMENT_PREFIX_PATH} CMAKE_PREFIX_PATH=/home/devuser/Workspaces/install/gst_pipeline:/home/devuser/Workspaces/install/gst_bridge:/home/devuser/Workspaces/install/gst_msgs:/home/devuser/Workspaces/install/audio_msgs:/home/devuser/Workspaces/rosgsthumble_ws/install/webrtc_camera_node:/home/devuser/Workspaces/rosgsthumble_ws/install/realsense2_description:/home/devuser/Workspaces/rosgsthumble_ws/install/realsense2_camera:/home/devuser/Workspaces/rosgsthumble_ws/install/realsense2_camera_msgs:/home/devuser/Workspaces/rosgsthumble_ws/install/gst_pipeline_plugins_webrtc:/home/devuser/Workspaces/rosgsthumble_ws/install/gst_pipeline_plugins:/home/devuser/Workspaces/rosgsthumble_ws/install/gst_pipeline:/home/devuser/Workspaces/rosgsthumble_ws/install/gst_msgs:/home/devuser/Workspaces/rosgsthumble_ws/install/gst_bridge:/home/devuser/Workspaces/rosgsthumble_ws/install/cpp_campub:/home/devuser/Workspaces/rosgsthumble_ws/install/audio_msgs:/opt/ros/humble LD_LIBRARY_PATH=/home/devuser/Workspaces/install/gst_pipeline/lib:/home/devuser/Workspaces/install/gst_bridge/lib:/home/devuser/Workspaces/install/gst_msgs/lib:/home/devuser/Workspaces/install/audio_msgs/lib:${LD_LIBRARY_PATH} PYTHONPATH=/home/devuser/Workspaces/install/gst_msgs/local/lib/python3.10/dist-packages:/home/devuser/Workspaces/install/audio_msgs/local/lib/python3.10/dist-packages:${PYTHONPATH} /usr/bin/cmake --build /home/devuser/Workspaces/build/gst_pipeline_plugins -- -j4 -l4
[377.403s] Invoking command in '/home/devuser/Workspaces/build/gst_pipeline_plugins': AMENT_PREFIX_PATH=/home/devuser/Workspaces/install/gst_pipeline:/home/devuser/Workspaces/install/gst_bridge:/home/devuser/Workspaces/install/gst_msgs:/home/devuser/Workspaces/install/audio_msgs:${AMENT_PREFIX_PATH} CMAKE_PREFIX_PATH=/home/devuser/Workspaces/install/gst_pipeline:/home/devuser/Workspaces/install/gst_bridge:/home/devuser/Workspaces/install/gst_msgs:/home/devuser/Workspaces/install/audio_msgs:/home/devuser/Workspaces/rosgsthumble_ws/install/webrtc_camera_node:/home/devuser/Workspaces/rosgsthumble_ws/install/realsense2_description:/home/devuser/Workspaces/rosgsthumble_ws/install/realsense2_camera:/home/devuser/Workspaces/rosgsthumble_ws/install/realsense2_camera_msgs:/home/devuser/Workspaces/rosgsthumble_ws/install/gst_pipeline_plugins_webrtc:/home/devuser/Workspaces/rosgsthumble_ws/install/gst_pipeline_plugins:/home/devuser/Workspaces/rosgsthumble_ws/install/gst_pipeline:/home/devuser/Workspaces/rosgsthumble_ws/install/gst_msgs:/home/devuser/Workspaces/rosgsthumble_ws/install/gst_bridge:/home/devuser/Workspaces/rosgsthumble_ws/install/cpp_campub:/home/devuser/Workspaces/rosgsthumble_ws/install/audio_msgs:/opt/ros/humble LD_LIBRARY_PATH=/home/devuser/Workspaces/install/gst_pipeline/lib:/home/devuser/Workspaces/install/gst_bridge/lib:/home/devuser/Workspaces/install/gst_msgs/lib:/home/devuser/Workspaces/install/audio_msgs/lib:${LD_LIBRARY_PATH} PYTHONPATH=/home/devuser/Workspaces/install/gst_msgs/local/lib/python3.10/dist-packages:/home/devuser/Workspaces/install/audio_msgs/local/lib/python3.10/dist-packages:${PYTHONPATH} /usr/bin/cmake --install /home/devuser/Workspaces/build/gst_pipeline_plugins
[377.451s] -- Install configuration: ""
[377.454s] -- Execute custom install script
[377.459s] -- Symlinking: /home/devuser/Workspaces/install/gst_pipeline_plugins/share/gst_pipeline_plugins//plugins.xml
[377.504s] -- Symlinking: /home/devuser/Workspaces/install/gst_pipeline_plugins/include/gst_pipeline_plugins/bridge.h
[377.543s] -- Symlinking: /home/devuser/Workspaces/install/gst_pipeline_plugins/include/gst_pipeline_plugins/buffer_observer.h
[377.580s] -- Symlinking: /home/devuser/Workspaces/install/gst_pipeline_plugins/include/gst_pipeline_plugins/clock_observer.h
[377.618s] -- Symlinking: /home/devuser/Workspaces/install/gst_pipeline_plugins/include/gst_pipeline_plugins/framegate.h
[377.656s] -- Symlinking: /home/devuser/Workspaces/install/gst_pipeline_plugins/include/gst_pipeline_plugins/meta/gstmark.h
[377.693s] -- Symlinking: /home/devuser/Workspaces/install/gst_pipeline_plugins/include/gst_pipeline_plugins/metadata_hook.h
[377.731s] -- Symlinking: /home/devuser/Workspaces/install/gst_pipeline_plugins/include/gst_pipeline_plugins/multifilesink_observer.h
[377.768s] -- Symlinking: /home/devuser/Workspaces/install/gst_pipeline_plugins/include/gst_pipeline_plugins/net_clock.h
[377.804s] -- Symlinking: /home/devuser/Workspaces/install/gst_pipeline_plugins/include/gst_pipeline_plugins/parameters.h
[377.845s] -- Symlinking: /home/devuser/Workspaces/install/gst_pipeline_plugins/include/gst_pipeline_plugins/pause_srv.h
[377.882s] -- Symlinking: /home/devuser/Workspaces/install/gst_pipeline_plugins/include/gst_pipeline_plugins/rtp_header_hook.h
[377.923s] -- Symlinking: /home/devuser/Workspaces/install/gst_pipeline_plugins/share/gst_pipeline_plugins/config/parameters_example.config.yaml
[377.962s] -- Symlinking: /home/devuser/Workspaces/install/gst_pipeline_plugins/share/gst_pipeline_plugins/launch/parameters_example.launch.py
[378.005s] -- Symlinking: /home/devuser/Workspaces/install/gst_pipeline_plugins/share/gst_pipeline_plugins/environment/library_path.sh
[378.049s] -- Symlinking: /home/devuser/Workspaces/install/gst_pipeline_plugins/share/gst_pipeline_plugins/environment/library_path.dsv
[378.098s] -- Symlinking: /home/devuser/Workspaces/install/gst_pipeline_plugins/share/ament_index/resource_index/package_run_dependencies/gst_pipeline_plugins
[378.145s] -- Symlinking: /home/devuser/Workspaces/install/gst_pipeline_plugins/share/ament_index/resource_index/parent_prefix_path/gst_pipeline_plugins
[378.197s] -- Symlinking: /home/devuser/Workspaces/install/gst_pipeline_plugins/share/gst_pipeline_plugins/environment/ament_prefix_path.sh
[378.256s] -- Symlinking: /home/devuser/Workspaces/install/gst_pipeline_plugins/share/gst_pipeline_plugins/environment/ament_prefix_path.dsv
[378.307s] -- Symlinking: /home/devuser/Workspaces/install/gst_pipeline_plugins/share/gst_pipeline_plugins/environment/path.sh
[378.357s] -- Symlinking: /home/devuser/Workspaces/install/gst_pipeline_plugins/share/gst_pipeline_plugins/environment/path.dsv
[378.419s] -- Symlinking: /home/devuser/Workspaces/install/gst_pipeline_plugins/share/gst_pipeline_plugins/local_setup.bash
[378.490s] -- Symlinking: /home/devuser/Workspaces/install/gst_pipeline_plugins/share/gst_pipeline_plugins/local_setup.sh
[378.534s] -- Symlinking: /home/devuser/Workspaces/install/gst_pipeline_plugins/share/gst_pipeline_plugins/local_setup.zsh
[378.579s] -- Symlinking: /home/devuser/Workspaces/install/gst_pipeline_plugins/share/gst_pipeline_plugins/local_setup.dsv
[378.638s] -- Symlinking: /home/devuser/Workspaces/install/gst_pipeline_plugins/share/gst_pipeline_plugins/package.dsv
[378.684s] -- Symlinking: /home/devuser/Workspaces/install/gst_pipeline_plugins/share/ament_index/resource_index/packages/gst_pipeline_plugins
[378.735s] -- Symlinking: /home/devuser/Workspaces/install/gst_pipeline_plugins/share/ament_index/resource_index/gst_pipeline__pluginlib__plugin/gst_pipeline_plugins
[378.791s] -- Symlinking: /home/devuser/Workspaces/install/gst_pipeline_plugins/share/gst_pipeline_plugins/cmake/ament_cmake_export_include_directories-extras.cmake
[378.842s] -- Symlinking: /home/devuser/Workspaces/install/gst_pipeline_plugins/share/gst_pipeline_plugins/cmake/ament_cmake_export_libraries-extras.cmake
[378.893s] -- Symlinking: /home/devuser/Workspaces/install/gst_pipeline_plugins/share/gst_pipeline_plugins/cmake/ament_cmake_export_targets-extras.cmake
[378.965s] -- Symlinking: /home/devuser/Workspaces/install/gst_pipeline_plugins/share/gst_pipeline_plugins/cmake/ament_cmake_export_dependencies-extras.cmake
[379.022s] -- Symlinking: /home/devuser/Workspaces/install/gst_pipeline_plugins/share/gst_pipeline_plugins/cmake/gst_pipeline_pluginsConfig.cmake
[379.076s] -- Symlinking: /home/devuser/Workspaces/install/gst_pipeline_plugins/share/gst_pipeline_plugins/cmake/gst_pipeline_pluginsConfig-version.cmake
[379.113s] -- Symlinking: /home/devuser/Workspaces/install/gst_pipeline_plugins/share/gst_pipeline_plugins/package.xml
[379.165s] -- Installing: /home/devuser/Workspaces/install/gst_pipeline_plugins/lib/libgst_pipeline_plugins.so
[379.389s] -- Set runtime path of "/home/devuser/Workspaces/install/gst_pipeline_plugins/lib/libgst_pipeline_plugins.so" to ""
[379.397s] -- Installing: /home/devuser/Workspaces/install/gst_pipeline_plugins/share/gst_pipeline_plugins/cmake/export_gst_pipeline_pluginsExport.cmake
[379.400s] -- Installing: /home/devuser/Workspaces/install/gst_pipeline_plugins/share/gst_pipeline_plugins/cmake/export_gst_pipeline_pluginsExport-noconfig.cmake
[379.412s] Invoked command in '/home/devuser/Workspaces/build/gst_pipeline_plugins' returned '0': AMENT_PREFIX_PATH=/home/devuser/Workspaces/install/gst_pipeline:/home/devuser/Workspaces/install/gst_bridge:/home/devuser/Workspaces/install/gst_msgs:/home/devuser/Workspaces/install/audio_msgs:${AMENT_PREFIX_PATH} CMAKE_PREFIX_PATH=/home/devuser/Workspaces/install/gst_pipeline:/home/devuser/Workspaces/install/gst_bridge:/home/devuser/Workspaces/install/gst_msgs:/home/devuser/Workspaces/install/audio_msgs:/home/devuser/Workspaces/rosgsthumble_ws/install/webrtc_camera_node:/home/devuser/Workspaces/rosgsthumble_ws/install/realsense2_description:/home/devuser/Workspaces/rosgsthumble_ws/install/realsense2_camera:/home/devuser/Workspaces/rosgsthumble_ws/install/realsense2_camera_msgs:/home/devuser/Workspaces/rosgsthumble_ws/install/gst_pipeline_plugins_webrtc:/home/devuser/Workspaces/rosgsthumble_ws/install/gst_pipeline_plugins:/home/devuser/Workspaces/rosgsthumble_ws/install/gst_pipeline:/home/devuser/Workspaces/rosgsthumble_ws/install/gst_msgs:/home/devuser/Workspaces/rosgsthumble_ws/install/gst_bridge:/home/devuser/Workspaces/rosgsthumble_ws/install/cpp_campub:/home/devuser/Workspaces/rosgsthumble_ws/install/audio_msgs:/opt/ros/humble LD_LIBRARY_PATH=/home/devuser/Workspaces/install/gst_pipeline/lib:/home/devuser/Workspaces/install/gst_bridge/lib:/home/devuser/Workspaces/install/gst_msgs/lib:/home/devuser/Workspaces/install/audio_msgs/lib:${LD_LIBRARY_PATH} PYTHONPATH=/home/devuser/Workspaces/install/gst_msgs/local/lib/python3.10/dist-packages:/home/devuser/Workspaces/install/audio_msgs/local/lib/python3.10/dist-packages:${PYTHONPATH} /usr/bin/cmake --install /home/devuser/Workspaces/build/gst_pipeline_plugins
