[0.355s] Invoking command in '/home/devuser/Workspaces/rosgsthumble_ws/src/build/gst_pipeline': AMENT_PREFIX_PATH=/home/devuser/Workspaces/rosgsthumble_ws/src/install/gst_bridge:/home/devuser/Workspaces/rosgsthumble_ws/src/install/gst_msgs:/home/devuser/Workspaces/rosgsthumble_ws/src/install/audio_msgs:${AMENT_PREFIX_PATH} CMAKE_PREFIX_PATH=/home/devuser/Workspaces/rosgsthumble_ws/src/install/gst_bridge:/home/devuser/Workspaces/rosgsthumble_ws/src/install/gst_msgs:/home/devuser/Workspaces/rosgsthumble_ws/src/install/audio_msgs:/home/devuser/Workspaces/rosgsthumble_ws/install/webrtc_camera_node:/home/devuser/Workspaces/rosgsthumble_ws/install/gst_pipeline_plugins_webrtc:/home/devuser/Workspaces/rosgsthumble_ws/install/gst_pipeline_plugins:/home/devuser/Workspaces/rosgsthumble_ws/install/gst_pipeline:/home/devuser/Workspaces/rosgsthumble_ws/install/gst_msgs:/home/devuser/Workspaces/rosgsthumble_ws/install/gst_bridge:/home/devuser/Workspaces/rosgsthumble_ws/install/cpp_campub:/home/devuser/Workspaces/rosgsthumble_ws/install/audio_msgs:/opt/ros/humble LD_LIBRARY_PATH=/home/devuser/Workspaces/rosgsthumble_ws/src/install/gst_bridge/lib:/home/devuser/Workspaces/rosgsthumble_ws/src/install/gst_msgs/lib:/home/devuser/Workspaces/rosgsthumble_ws/src/install/audio_msgs/lib:${LD_LIBRARY_PATH} PYTHONPATH=/home/devuser/Workspaces/rosgsthumble_ws/src/install/gst_msgs/local/lib/python3.10/dist-packages:/home/devuser/Workspaces/rosgsthumble_ws/src/install/audio_msgs/local/lib/python3.10/dist-packages:${PYTHONPATH} /usr/bin/cmake /home/devuser/Workspaces/rosgsthumble_ws/src/ros-gst-bridge/gst_pipeline -DAMENT_CMAKE_SYMLINK_INSTALL=1 -DCMAKE_INSTALL_PREFIX=/home/devuser/Workspaces/rosgsthumble_ws/src/install/gst_pipeline
[1.323s] -- The C compiler identification is GNU 11.4.0
[1.944s] -- The CXX compiler identification is GNU 11.4.0
[2.007s] -- Detecting C compiler ABI info
[3.016s] -- Detecting C compiler ABI info - done
[3.120s] -- Check for working C compiler: /usr/bin/cc - skipped
[3.121s] -- Detecting C compile features
[3.122s] -- Detecting C compile features - done
[3.156s] -- Detecting CXX compiler ABI info
[4.123s] -- Detecting CXX compiler ABI info - done
[4.159s] -- Check for working CXX compiler: /usr/bin/c++ - skipped
[4.161s] -- Detecting CXX compile features
[4.164s] -- Detecting CXX compile features - done
[4.281s] -- Found ament_cmake: 1.3.12 (/opt/ros/humble/share/ament_cmake/cmake)
[5.950s] -- Found Python3: /usr/bin/python3 (found version "3.10.12") found components: Interpreter 
[6.416s] -- Override CMake install command with custom implementation using symlinks instead of copying resources
[7.007s] -- Found rclcpp: 16.0.15 (/opt/ros/humble/share/rclcpp/cmake)
[7.510s] -- Found rosidl_generator_c: 3.1.7 (/opt/ros/humble/share/rosidl_generator_c/cmake)
[7.596s] -- Found rosidl_adapter: 3.1.7 (/opt/ros/humble/share/rosidl_adapter/cmake)
[7.681s] -- Found rosidl_generator_cpp: 3.1.7 (/opt/ros/humble/share/rosidl_generator_cpp/cmake)
[7.871s] -- Using all available rosidl_typesupport_c: rosidl_typesupport_fastrtps_c;rosidl_typesupport_introspection_c
[8.065s] -- Using all available rosidl_typesupport_cpp: rosidl_typesupport_fastrtps_cpp;rosidl_typesupport_introspection_cpp
[8.664s] -- Found rmw_implementation_cmake: 6.1.2 (/opt/ros/humble/share/rmw_implementation_cmake/cmake)
[8.721s] -- Found rmw_fastrtps_cpp: 6.2.9 (/opt/ros/humble/share/rmw_fastrtps_cpp/cmake)
[9.415s] -- Found OpenSSL: /usr/lib/aarch64-linux-gnu/libcrypto.so (found version "3.0.2")  
[9.692s] -- Found FastRTPS: /opt/ros/humble/include  
[10.110s] -- Using RMW implementation 'rmw_fastrtps_cpp' as default
[10.204s] -- Looking for pthread.h
[10.620s] -- Looking for pthread.h - found
[10.621s] -- Performing Test CMAKE_HAVE_LIBC_PTHREAD
[11.279s] -- Performing Test CMAKE_HAVE_LIBC_PTHREAD - Success
[11.283s] -- Found Threads: TRUE  
[12.011s] -- Found rclcpp_components: 16.0.15 (/opt/ros/humble/share/rclcpp_components/cmake)
[12.465s] -- Found gst_bridge: 0.0.0 (/home/devuser/Workspaces/rosgsthumble_ws/src/install/gst_bridge/share/gst_bridge/cmake)
[12.946s] -- Found image_transport: 3.1.12 (/opt/ros/humble/share/image_transport/cmake)
[13.287s] -- Found cv_bridge: 3.2.1 (/opt/ros/humble/share/cv_bridge/cmake)
[13.441s] -- Found TinyXML2 via Config file: TinyXML2_DIR-NOTFOUND
[13.548s] -- Found PkgConfig: /usr/bin/pkg-config (found version "0.29.2") 
[13.551s] -- Checking for module 'gstreamer-1.0'
[13.643s] --   Found gstreamer-1.0, version 1.20.3
[14.033s] -- Found std_srvs: 4.9.0 (/opt/ros/humble/share/std_srvs/cmake)
[15.075s] -- Found gst_msgs: 0.0.0 (/home/devuser/Workspaces/rosgsthumble_ws/src/install/gst_msgs/share/gst_msgs/cmake)
[16.479s] -- Found ament_cmake_clang_format: 0.12.14 (/opt/ros/humble/share/ament_cmake_clang_format/cmake)
[16.552s] -- Found ament_cmake_gtest: 1.3.12 (/opt/ros/humble/share/ament_cmake_gtest/cmake)
[16.686s] -- Found gtest sources under '/opt/ros/humble/src/gtest_vendor': C++ tests using 'Google Test' will be built
[19.759s] -- Configuring done
[22.478s] -- Generating done
[22.576s] -- Build files have been written to: /home/devuser/Workspaces/rosgsthumble_ws/src/build/gst_pipeline
[22.695s] Invoked command in '/home/devuser/Workspaces/rosgsthumble_ws/src/build/gst_pipeline' returned '0': AMENT_PREFIX_PATH=/home/devuser/Workspaces/rosgsthumble_ws/src/install/gst_bridge:/home/devuser/Workspaces/rosgsthumble_ws/src/install/gst_msgs:/home/devuser/Workspaces/rosgsthumble_ws/src/install/audio_msgs:${AMENT_PREFIX_PATH} CMAKE_PREFIX_PATH=/home/devuser/Workspaces/rosgsthumble_ws/src/install/gst_bridge:/home/devuser/Workspaces/rosgsthumble_ws/src/install/gst_msgs:/home/devuser/Workspaces/rosgsthumble_ws/src/install/audio_msgs:/home/devuser/Workspaces/rosgsthumble_ws/install/webrtc_camera_node:/home/devuser/Workspaces/rosgsthumble_ws/install/gst_pipeline_plugins_webrtc:/home/devuser/Workspaces/rosgsthumble_ws/install/gst_pipeline_plugins:/home/devuser/Workspaces/rosgsthumble_ws/install/gst_pipeline:/home/devuser/Workspaces/rosgsthumble_ws/install/gst_msgs:/home/devuser/Workspaces/rosgsthumble_ws/install/gst_bridge:/home/devuser/Workspaces/rosgsthumble_ws/install/cpp_campub:/home/devuser/Workspaces/rosgsthumble_ws/install/audio_msgs:/opt/ros/humble LD_LIBRARY_PATH=/home/devuser/Workspaces/rosgsthumble_ws/src/install/gst_bridge/lib:/home/devuser/Workspaces/rosgsthumble_ws/src/install/gst_msgs/lib:/home/devuser/Workspaces/rosgsthumble_ws/src/install/audio_msgs/lib:${LD_LIBRARY_PATH} PYTHONPATH=/home/devuser/Workspaces/rosgsthumble_ws/src/install/gst_msgs/local/lib/python3.10/dist-packages:/home/devuser/Workspaces/rosgsthumble_ws/src/install/audio_msgs/local/lib/python3.10/dist-packages:${PYTHONPATH} /usr/bin/cmake /home/devuser/Workspaces/rosgsthumble_ws/src/ros-gst-bridge/gst_pipeline -DAMENT_CMAKE_SYMLINK_INSTALL=1 -DCMAKE_INSTALL_PREFIX=/home/devuser/Workspaces/rosgsthumble_ws/src/install/gst_pipeline
[22.820s] Invoking command in '/home/devuser/Workspaces/rosgsthumble_ws/src/build/gst_pipeline': AMENT_PREFIX_PATH=/home/devuser/Workspaces/rosgsthumble_ws/src/install/gst_bridge:/home/devuser/Workspaces/rosgsthumble_ws/src/install/gst_msgs:/home/devuser/Workspaces/rosgsthumble_ws/src/install/audio_msgs:${AMENT_PREFIX_PATH} CMAKE_PREFIX_PATH=/home/devuser/Workspaces/rosgsthumble_ws/src/install/gst_bridge:/home/devuser/Workspaces/rosgsthumble_ws/src/install/gst_msgs:/home/devuser/Workspaces/rosgsthumble_ws/src/install/audio_msgs:/home/devuser/Workspaces/rosgsthumble_ws/install/webrtc_camera_node:/home/devuser/Workspaces/rosgsthumble_ws/install/gst_pipeline_plugins_webrtc:/home/devuser/Workspaces/rosgsthumble_ws/install/gst_pipeline_plugins:/home/devuser/Workspaces/rosgsthumble_ws/install/gst_pipeline:/home/devuser/Workspaces/rosgsthumble_ws/install/gst_msgs:/home/devuser/Workspaces/rosgsthumble_ws/install/gst_bridge:/home/devuser/Workspaces/rosgsthumble_ws/install/cpp_campub:/home/devuser/Workspaces/rosgsthumble_ws/install/audio_msgs:/opt/ros/humble LD_LIBRARY_PATH=/home/devuser/Workspaces/rosgsthumble_ws/src/install/gst_bridge/lib:/home/devuser/Workspaces/rosgsthumble_ws/src/install/gst_msgs/lib:/home/devuser/Workspaces/rosgsthumble_ws/src/install/audio_msgs/lib:${LD_LIBRARY_PATH} PYTHONPATH=/home/devuser/Workspaces/rosgsthumble_ws/src/install/gst_msgs/local/lib/python3.10/dist-packages:/home/devuser/Workspaces/rosgsthumble_ws/src/install/audio_msgs/local/lib/python3.10/dist-packages:${PYTHONPATH} /usr/bin/cmake --build /home/devuser/Workspaces/rosgsthumble_ws/src/build/gst_pipeline -- -j4 -l4
[23.674s] [  9%] [32mBuilding CXX object CMakeFiles/gst_pipeline.dir/src/gst_pipeline.cpp.o[0m
[73.301s] [ 18%] [32mBuilding CXX object CMakeFiles/gst_pipeline.dir/src/syntax_sugar.cpp.o[0m
[102.815s] [ 27%] [32m[1mLinking CXX shared library libgst_pipeline.so[0m
[104.917s] [ 27%] Built target gst_pipeline
[105.163s] [ 36%] [32mBuilding CXX object gtest/CMakeFiles/gtest.dir/src/gtest-all.cc.o[0m
[124.334s] [ 45%] [32m[1mLinking CXX static library libgtest.a[0m
[125.311s] [ 45%] Built target gtest
[125.752s] [ 54%] [32mBuilding CXX object gtest/CMakeFiles/gtest_main.dir/src/gtest_main.cc.o[0m
[135.542s] [ 63%] [32m[1mLinking CXX static library libgtest_main.a[0m
[136.292s] [ 63%] Built target gtest_main
[137.029s] [ 72%] [32mBuilding CXX object CMakeFiles/gst_pipeline_node.dir/rclcpp_components/node_main_gst_pipeline_node.cpp.o[0m
[168.330s] [ 81%] [32m[1mLinking CXX executable gst_pipeline_node[0m
[170.614s] [ 81%] Built target gst_pipeline_node
[170.853s] [ 90%] [32mBuilding CXX object CMakeFiles/gst_pipeline_test.dir/test/gst_pipeline/test_loader.cpp.o[0m
[221.301s] [100%] [32m[1mLinking CXX executable gst_pipeline_test[0m
[225.464s] [100%] Built target gst_pipeline_test
[225.573s] Invoked command in '/home/devuser/Workspaces/rosgsthumble_ws/src/build/gst_pipeline' returned '0': AMENT_PREFIX_PATH=/home/devuser/Workspaces/rosgsthumble_ws/src/install/gst_bridge:/home/devuser/Workspaces/rosgsthumble_ws/src/install/gst_msgs:/home/devuser/Workspaces/rosgsthumble_ws/src/install/audio_msgs:${AMENT_PREFIX_PATH} CMAKE_PREFIX_PATH=/home/devuser/Workspaces/rosgsthumble_ws/src/install/gst_bridge:/home/devuser/Workspaces/rosgsthumble_ws/src/install/gst_msgs:/home/devuser/Workspaces/rosgsthumble_ws/src/install/audio_msgs:/home/devuser/Workspaces/rosgsthumble_ws/install/webrtc_camera_node:/home/devuser/Workspaces/rosgsthumble_ws/install/gst_pipeline_plugins_webrtc:/home/devuser/Workspaces/rosgsthumble_ws/install/gst_pipeline_plugins:/home/devuser/Workspaces/rosgsthumble_ws/install/gst_pipeline:/home/devuser/Workspaces/rosgsthumble_ws/install/gst_msgs:/home/devuser/Workspaces/rosgsthumble_ws/install/gst_bridge:/home/devuser/Workspaces/rosgsthumble_ws/install/cpp_campub:/home/devuser/Workspaces/rosgsthumble_ws/install/audio_msgs:/opt/ros/humble LD_LIBRARY_PATH=/home/devuser/Workspaces/rosgsthumble_ws/src/install/gst_bridge/lib:/home/devuser/Workspaces/rosgsthumble_ws/src/install/gst_msgs/lib:/home/devuser/Workspaces/rosgsthumble_ws/src/install/audio_msgs/lib:${LD_LIBRARY_PATH} PYTHONPATH=/home/devuser/Workspaces/rosgsthumble_ws/src/install/gst_msgs/local/lib/python3.10/dist-packages:/home/devuser/Workspaces/rosgsthumble_ws/src/install/audio_msgs/local/lib/python3.10/dist-packages:${PYTHONPATH} /usr/bin/cmake --build /home/devuser/Workspaces/rosgsthumble_ws/src/build/gst_pipeline -- -j4 -l4
[225.585s] Invoking command in '/home/devuser/Workspaces/rosgsthumble_ws/src/build/gst_pipeline': AMENT_PREFIX_PATH=/home/devuser/Workspaces/rosgsthumble_ws/src/install/gst_bridge:/home/devuser/Workspaces/rosgsthumble_ws/src/install/gst_msgs:/home/devuser/Workspaces/rosgsthumble_ws/src/install/audio_msgs:${AMENT_PREFIX_PATH} CMAKE_PREFIX_PATH=/home/devuser/Workspaces/rosgsthumble_ws/src/install/gst_bridge:/home/devuser/Workspaces/rosgsthumble_ws/src/install/gst_msgs:/home/devuser/Workspaces/rosgsthumble_ws/src/install/audio_msgs:/home/devuser/Workspaces/rosgsthumble_ws/install/webrtc_camera_node:/home/devuser/Workspaces/rosgsthumble_ws/install/gst_pipeline_plugins_webrtc:/home/devuser/Workspaces/rosgsthumble_ws/install/gst_pipeline_plugins:/home/devuser/Workspaces/rosgsthumble_ws/install/gst_pipeline:/home/devuser/Workspaces/rosgsthumble_ws/install/gst_msgs:/home/devuser/Workspaces/rosgsthumble_ws/install/gst_bridge:/home/devuser/Workspaces/rosgsthumble_ws/install/cpp_campub:/home/devuser/Workspaces/rosgsthumble_ws/install/audio_msgs:/opt/ros/humble LD_LIBRARY_PATH=/home/devuser/Workspaces/rosgsthumble_ws/src/install/gst_bridge/lib:/home/devuser/Workspaces/rosgsthumble_ws/src/install/gst_msgs/lib:/home/devuser/Workspaces/rosgsthumble_ws/src/install/audio_msgs/lib:${LD_LIBRARY_PATH} PYTHONPATH=/home/devuser/Workspaces/rosgsthumble_ws/src/install/gst_msgs/local/lib/python3.10/dist-packages:/home/devuser/Workspaces/rosgsthumble_ws/src/install/audio_msgs/local/lib/python3.10/dist-packages:${PYTHONPATH} /usr/bin/cmake --install /home/devuser/Workspaces/rosgsthumble_ws/src/build/gst_pipeline
[225.632s] -- Install configuration: ""
[225.687s] -- Execute custom install script
[225.693s] -- Symlinking: /home/devuser/Workspaces/rosgsthumble_ws/src/install/gst_pipeline/lib/gst_pipeline/gst_pipeline_node
[225.800s] -- Symlinking: /home/devuser/Workspaces/rosgsthumble_ws/src/install/gst_pipeline/include/gst_pipeline/gst_pipeline.h
[225.883s] -- Symlinking: /home/devuser/Workspaces/rosgsthumble_ws/src/install/gst_pipeline/include/gst_pipeline/plugin_base.h
[225.939s] -- Symlinking: /home/devuser/Workspaces/rosgsthumble_ws/src/install/gst_pipeline/include/gst_pipeline/syntax_sugar.h
[226.010s] -- Symlinking: /home/devuser/Workspaces/rosgsthumble_ws/src/install/gst_pipeline/share/gst_pipeline/config/example.config.yaml
[226.053s] -- Symlinking: /home/devuser/Workspaces/rosgsthumble_ws/src/install/gst_pipeline/share/gst_pipeline/config/example_rx.config.yaml
[226.116s] -- Symlinking: /home/devuser/Workspaces/rosgsthumble_ws/src/install/gst_pipeline/share/gst_pipeline/launch/example.launch.py
[226.176s] -- Symlinking: /home/devuser/Workspaces/rosgsthumble_ws/src/install/gst_pipeline/share/gst_pipeline/launch/example_rx.launch.py
[226.263s] -- Symlinking: /home/devuser/Workspaces/rosgsthumble_ws/src/install/gst_pipeline/share/gst_pipeline/environment/library_path.sh
[226.337s] -- Symlinking: /home/devuser/Workspaces/rosgsthumble_ws/src/install/gst_pipeline/share/gst_pipeline/environment/library_path.dsv
[226.406s] -- Symlinking: /home/devuser/Workspaces/rosgsthumble_ws/src/install/gst_pipeline/share/ament_index/resource_index/package_run_dependencies/gst_pipeline
[226.465s] -- Symlinking: /home/devuser/Workspaces/rosgsthumble_ws/src/install/gst_pipeline/share/ament_index/resource_index/parent_prefix_path/gst_pipeline
[226.533s] -- Symlinking: /home/devuser/Workspaces/rosgsthumble_ws/src/install/gst_pipeline/share/gst_pipeline/environment/ament_prefix_path.sh
[226.587s] -- Symlinking: /home/devuser/Workspaces/rosgsthumble_ws/src/install/gst_pipeline/share/gst_pipeline/environment/ament_prefix_path.dsv
[226.657s] -- Symlinking: /home/devuser/Workspaces/rosgsthumble_ws/src/install/gst_pipeline/share/gst_pipeline/environment/path.sh
[226.741s] -- Symlinking: /home/devuser/Workspaces/rosgsthumble_ws/src/install/gst_pipeline/share/gst_pipeline/environment/path.dsv
[226.802s] -- Symlinking: /home/devuser/Workspaces/rosgsthumble_ws/src/install/gst_pipeline/share/gst_pipeline/local_setup.bash
[226.848s] -- Symlinking: /home/devuser/Workspaces/rosgsthumble_ws/src/install/gst_pipeline/share/gst_pipeline/local_setup.sh
[226.908s] -- Symlinking: /home/devuser/Workspaces/rosgsthumble_ws/src/install/gst_pipeline/share/gst_pipeline/local_setup.zsh
[226.976s] -- Symlinking: /home/devuser/Workspaces/rosgsthumble_ws/src/install/gst_pipeline/share/gst_pipeline/local_setup.dsv
[227.028s] -- Symlinking: /home/devuser/Workspaces/rosgsthumble_ws/src/install/gst_pipeline/share/gst_pipeline/package.dsv
[227.084s] -- Symlinking: /home/devuser/Workspaces/rosgsthumble_ws/src/install/gst_pipeline/share/ament_index/resource_index/packages/gst_pipeline
[227.142s] -- Symlinking: /home/devuser/Workspaces/rosgsthumble_ws/src/install/gst_pipeline/share/ament_index/resource_index/rclcpp_components/gst_pipeline
[227.186s] -- Symlinking: /home/devuser/Workspaces/rosgsthumble_ws/src/install/gst_pipeline/share/gst_pipeline/cmake/ament_cmake_export_include_directories-extras.cmake
[227.225s] -- Symlinking: /home/devuser/Workspaces/rosgsthumble_ws/src/install/gst_pipeline/share/gst_pipeline/cmake/ament_cmake_export_libraries-extras.cmake
[227.273s] -- Symlinking: /home/devuser/Workspaces/rosgsthumble_ws/src/install/gst_pipeline/share/gst_pipeline/cmake/ament_cmake_export_targets-extras.cmake
[227.321s] -- Symlinking: /home/devuser/Workspaces/rosgsthumble_ws/src/install/gst_pipeline/share/gst_pipeline/cmake/ament_cmake_export_dependencies-extras.cmake
[227.363s] -- Symlinking: /home/devuser/Workspaces/rosgsthumble_ws/src/install/gst_pipeline/share/gst_pipeline/cmake/gst_pipelineConfig.cmake
[227.401s] -- Symlinking: /home/devuser/Workspaces/rosgsthumble_ws/src/install/gst_pipeline/share/gst_pipeline/cmake/gst_pipelineConfig-version.cmake
[227.453s] -- Symlinking: /home/devuser/Workspaces/rosgsthumble_ws/src/install/gst_pipeline/share/gst_pipeline/package.xml
[227.510s] -- Installing: /home/devuser/Workspaces/rosgsthumble_ws/src/install/gst_pipeline/lib/libgst_pipeline.so
[227.540s] -- Set runtime path of "/home/devuser/Workspaces/rosgsthumble_ws/src/install/gst_pipeline/lib/libgst_pipeline.so" to ""
[227.569s] -- Installing: /home/devuser/Workspaces/rosgsthumble_ws/src/install/gst_pipeline/share/gst_pipeline/cmake/export_gst_pipelineExport.cmake
[227.569s] -- Installing: /home/devuser/Workspaces/rosgsthumble_ws/src/install/gst_pipeline/share/gst_pipeline/cmake/export_gst_pipelineExport-noconfig.cmake
[227.589s] Invoked command in '/home/devuser/Workspaces/rosgsthumble_ws/src/build/gst_pipeline' returned '0': AMENT_PREFIX_PATH=/home/devuser/Workspaces/rosgsthumble_ws/src/install/gst_bridge:/home/devuser/Workspaces/rosgsthumble_ws/src/install/gst_msgs:/home/devuser/Workspaces/rosgsthumble_ws/src/install/audio_msgs:${AMENT_PREFIX_PATH} CMAKE_PREFIX_PATH=/home/devuser/Workspaces/rosgsthumble_ws/src/install/gst_bridge:/home/devuser/Workspaces/rosgsthumble_ws/src/install/gst_msgs:/home/devuser/Workspaces/rosgsthumble_ws/src/install/audio_msgs:/home/devuser/Workspaces/rosgsthumble_ws/install/webrtc_camera_node:/home/devuser/Workspaces/rosgsthumble_ws/install/gst_pipeline_plugins_webrtc:/home/devuser/Workspaces/rosgsthumble_ws/install/gst_pipeline_plugins:/home/devuser/Workspaces/rosgsthumble_ws/install/gst_pipeline:/home/devuser/Workspaces/rosgsthumble_ws/install/gst_msgs:/home/devuser/Workspaces/rosgsthumble_ws/install/gst_bridge:/home/devuser/Workspaces/rosgsthumble_ws/install/cpp_campub:/home/devuser/Workspaces/rosgsthumble_ws/install/audio_msgs:/opt/ros/humble LD_LIBRARY_PATH=/home/devuser/Workspaces/rosgsthumble_ws/src/install/gst_bridge/lib:/home/devuser/Workspaces/rosgsthumble_ws/src/install/gst_msgs/lib:/home/devuser/Workspaces/rosgsthumble_ws/src/install/audio_msgs/lib:${LD_LIBRARY_PATH} PYTHONPATH=/home/devuser/Workspaces/rosgsthumble_ws/src/install/gst_msgs/local/lib/python3.10/dist-packages:/home/devuser/Workspaces/rosgsthumble_ws/src/install/audio_msgs/local/lib/python3.10/dist-packages:${PYTHONPATH} /usr/bin/cmake --install /home/devuser/Workspaces/rosgsthumble_ws/src/build/gst_pipeline
