[0.017s] Invoking command in '/home/devuser/Workspaces/rosgsthumble_ws/build/cpp_campub': CMAKE_PREFIX_PATH=${CMAKE_PREFIX_PATH}:/opt/ros/humble /usr/bin/cmake --build /home/devuser/Workspaces/rosgsthumble_ws/build/cpp_campub -- -j12 -l12
[0.048s] -- Found ament_cmake: 1.3.12 (/opt/ros/humble/share/ament_cmake/cmake)
[0.170s] -- Override CMake install command with custom implementation using symlinks instead of copying resources
[0.189s] -- Found rclcpp: 16.0.15 (/opt/ros/humble/share/rclcpp/cmake)
[0.221s] -- Found rosidl_generator_c: 3.1.7 (/opt/ros/humble/share/rosidl_generator_c/cmake)
[0.224s] -- Found rosidl_adapter: 3.1.7 (/opt/ros/humble/share/rosidl_adapter/cmake)
[0.232s] -- Found rosidl_generator_cpp: 3.1.7 (/opt/ros/humble/share/rosidl_generator_cpp/cmake)
[0.245s] -- Using all available rosidl_typesupport_c: rosidl_typesupport_fastrtps_c;rosidl_typesupport_introspection_c
[0.259s] -- Using all available rosidl_typesupport_cpp: rosidl_typesupport_fastrtps_cpp;rosidl_typesupport_introspection_cpp
[0.300s] -- Found rmw_implementation_cmake: 6.1.2 (/opt/ros/humble/share/rmw_implementation_cmake/cmake)
[0.302s] -- Found rmw_fastrtps_cpp: 6.2.9 (/opt/ros/humble/share/rmw_fastrtps_cpp/cmake)
[0.449s] -- Using RMW implementation 'rmw_fastrtps_cpp' as default
[0.506s] -- Found sensor_msgs: 4.9.0 (/opt/ros/humble/share/sensor_msgs/cmake)
[0.537s] -- Found cv_bridge: 3.2.1 (/opt/ros/humble/share/cv_bridge/cmake)
[0.608s] -- Configuring done
[0.623s] -- Generating done
[0.627s] -- Build files have been written to: /home/devuser/Workspaces/rosgsthumble_ws/build/cpp_campub
[0.653s] [35m[1mConsolidate compiler generated dependencies of target camera_publisher[0m
[0.675s] [ 50%] [32mBuilding CXX object CMakeFiles/camera_publisher.dir/src/camera_publisher.cpp.o[0m
[5.426s] [100%] [32m[1mLinking CXX executable camera_publisher[0m
[6.320s] [100%] Built target camera_publisher
[6.333s] Invoked command in '/home/devuser/Workspaces/rosgsthumble_ws/build/cpp_campub' returned '0': CMAKE_PREFIX_PATH=${CMAKE_PREFIX_PATH}:/opt/ros/humble /usr/bin/cmake --build /home/devuser/Workspaces/rosgsthumble_ws/build/cpp_campub -- -j12 -l12
[6.344s] Invoking command in '/home/devuser/Workspaces/rosgsthumble_ws/build/cpp_campub': CMAKE_PREFIX_PATH=${CMAKE_PREFIX_PATH}:/opt/ros/humble /usr/bin/cmake --install /home/devuser/Workspaces/rosgsthumble_ws/build/cpp_campub
[6.352s] -- Install configuration: ""
[6.353s] -- Execute custom install script
[6.353s] -- Up-to-date symlink: /home/devuser/Workspaces/rosgsthumble_ws/install/cpp_campub/lib/cpp_campub/camera_publisher
[6.353s] -- Up-to-date symlink: /home/devuser/Workspaces/rosgsthumble_ws/install/cpp_campub/share/ament_index/resource_index/package_run_dependencies/cpp_campub
[6.354s] -- Up-to-date symlink: /home/devuser/Workspaces/rosgsthumble_ws/install/cpp_campub/share/ament_index/resource_index/parent_prefix_path/cpp_campub
[6.354s] -- Up-to-date symlink: /home/devuser/Workspaces/rosgsthumble_ws/install/cpp_campub/share/cpp_campub/environment/ament_prefix_path.sh
[6.354s] -- Up-to-date symlink: /home/devuser/Workspaces/rosgsthumble_ws/install/cpp_campub/share/cpp_campub/environment/ament_prefix_path.dsv
[6.354s] -- Up-to-date symlink: /home/devuser/Workspaces/rosgsthumble_ws/install/cpp_campub/share/cpp_campub/environment/path.sh
[6.354s] -- Up-to-date symlink: /home/devuser/Workspaces/rosgsthumble_ws/install/cpp_campub/share/cpp_campub/environment/path.dsv
[6.354s] -- Up-to-date symlink: /home/devuser/Workspaces/rosgsthumble_ws/install/cpp_campub/share/cpp_campub/local_setup.bash
[6.354s] -- Up-to-date symlink: /home/devuser/Workspaces/rosgsthumble_ws/install/cpp_campub/share/cpp_campub/local_setup.sh
[6.355s] -- Up-to-date symlink: /home/devuser/Workspaces/rosgsthumble_ws/install/cpp_campub/share/cpp_campub/local_setup.zsh
[6.355s] -- Up-to-date symlink: /home/devuser/Workspaces/rosgsthumble_ws/install/cpp_campub/share/cpp_campub/local_setup.dsv
[6.355s] -- Symlinking: /home/devuser/Workspaces/rosgsthumble_ws/install/cpp_campub/share/cpp_campub/package.dsv
[6.365s] -- Up-to-date symlink: /home/devuser/Workspaces/rosgsthumble_ws/install/cpp_campub/share/ament_index/resource_index/packages/cpp_campub
[6.365s] -- Up-to-date symlink: /home/devuser/Workspaces/rosgsthumble_ws/install/cpp_campub/share/cpp_campub/cmake/cpp_campubConfig.cmake
[6.365s] -- Up-to-date symlink: /home/devuser/Workspaces/rosgsthumble_ws/install/cpp_campub/share/cpp_campub/cmake/cpp_campubConfig-version.cmake
[6.366s] -- Up-to-date symlink: /home/devuser/Workspaces/rosgsthumble_ws/install/cpp_campub/share/cpp_campub/package.xml
[6.368s] Invoked command in '/home/devuser/Workspaces/rosgsthumble_ws/build/cpp_campub' returned '0': CMAKE_PREFIX_PATH=${CMAKE_PREFIX_PATH}:/opt/ros/humble /usr/bin/cmake --install /home/devuser/Workspaces/rosgsthumble_ws/build/cpp_campub
