-- Found ament_cmake: 1.3.12 (/opt/ros/humble/share/ament_cmake/cmake)
-- Override CMake install command with custom implementation using symlinks instead of copying resources
-- Found rclcpp: 16.0.15 (/opt/ros/humble/share/rclcpp/cmake)
-- Found rosidl_generator_c: 3.1.7 (/opt/ros/humble/share/rosidl_generator_c/cmake)
-- Found rosidl_adapter: 3.1.7 (/opt/ros/humble/share/rosidl_adapter/cmake)
-- Found rosidl_generator_cpp: 3.1.7 (/opt/ros/humble/share/rosidl_generator_cpp/cmake)
-- Using all available rosidl_typesupport_c: rosidl_typesupport_fastrtps_c;rosidl_typesupport_introspection_c
-- Using all available rosidl_typesupport_cpp: rosidl_typesupport_fastrtps_cpp;rosidl_typesupport_introspection_cpp
-- Found rmw_implementation_cmake: 6.1.2 (/opt/ros/humble/share/rmw_implementation_cmake/cmake)
-- Found rmw_fastrtps_cpp: 6.2.9 (/opt/ros/humble/share/rmw_fastrtps_cpp/cmake)
-- Using RMW implementation 'rmw_fastrtps_cpp' as default
-- Found rclcpp_components: 16.0.15 (/opt/ros/humble/share/rclcpp_components/cmake)
-- Found gst_bridge: 0.0.0 (/home/devuser/Workspaces/rosgsthumble_ws/install/gst_bridge/share/gst_bridge/cmake)
-- Found gst_pipeline: 0.0.0 (/home/devuser/Workspaces/rosgsthumble_ws/install/gst_pipeline/share/gst_pipeline/cmake)
-- Found std_srvs: 4.9.0 (/opt/ros/humble/share/std_srvs/cmake)
-- Found gst_msgs: 0.0.0 (/home/devuser/Workspaces/rosgsthumble_ws/install/gst_msgs/share/gst_msgs/cmake)
-- Configuring done
-- Generating done
-- Build files have been written to: /home/devuser/Workspaces/rosgsthumble_ws/build/gst_pipeline_plugins_webrtc
[35m[1mConsolidate compiler generated dependencies of target gst_pipeline_plugins_webrtc[0m
[ 25%] [32mBuilding CXX object CMakeFiles/gst_pipeline_plugins_webrtc.dir/src/base.cpp.o[0m
[ 50%] [32mBuilding CXX object CMakeFiles/gst_pipeline_plugins_webrtc.dir/src/websockets.cpp.o[0m
[ 75%] [32mBuilding CXX object CMakeFiles/gst_pipeline_plugins_webrtc.dir/src/datachannel.cpp.o[0m
[100%] [32m[1mLinking CXX shared library libgst_pipeline_plugins_webrtc.so[0m
[100%] Built target gst_pipeline_plugins_webrtc
-- Install configuration: ""
-- Execute custom install script
-- Up-to-date symlink: /home/devuser/Workspaces/rosgsthumble_ws/install/gst_pipeline_plugins_webrtc/include/gst_pipeline_plugins_webrtc/base.h
-- Up-to-date symlink: /home/devuser/Workspaces/rosgsthumble_ws/install/gst_pipeline_plugins_webrtc/include/gst_pipeline_plugins_webrtc/datachannel.h
-- Up-to-date symlink: /home/devuser/Workspaces/rosgsthumble_ws/install/gst_pipeline_plugins_webrtc/include/gst_pipeline_plugins_webrtc/ros.h
-- Up-to-date symlink: /home/devuser/Workspaces/rosgsthumble_ws/install/gst_pipeline_plugins_webrtc/include/gst_pipeline_plugins_webrtc/websockets.h
-- Up-to-date symlink: /home/devuser/Workspaces/rosgsthumble_ws/install/gst_pipeline_plugins_webrtc/share/gst_pipeline_plugins_webrtc/config/dynamic_loop.config.yaml
-- Up-to-date symlink: /home/devuser/Workspaces/rosgsthumble_ws/install/gst_pipeline_plugins_webrtc/share/gst_pipeline_plugins_webrtc/config/peer_to_peer.config.yaml
-- Up-to-date symlink: /home/devuser/Workspaces/rosgsthumble_ws/install/gst_pipeline_plugins_webrtc/share/gst_pipeline_plugins_webrtc/config/websockets.config.yaml
-- Up-to-date symlink: /home/devuser/Workspaces/rosgsthumble_ws/install/gst_pipeline_plugins_webrtc/share/gst_pipeline_plugins_webrtc/config/websockets_and_datachannels.config.yaml
-- Up-to-date symlink: /home/devuser/Workspaces/rosgsthumble_ws/install/gst_pipeline_plugins_webrtc/share/gst_pipeline_plugins_webrtc/launch/dynamic_loop.launch.py
-- Up-to-date symlink: /home/devuser/Workspaces/rosgsthumble_ws/install/gst_pipeline_plugins_webrtc/share/gst_pipeline_plugins_webrtc/launch/peer_to_peer.launch.py
-- Up-to-date symlink: /home/devuser/Workspaces/rosgsthumble_ws/install/gst_pipeline_plugins_webrtc/share/gst_pipeline_plugins_webrtc/launch/websockets.launch.py
-- Up-to-date symlink: /home/devuser/Workspaces/rosgsthumble_ws/install/gst_pipeline_plugins_webrtc/share/gst_pipeline_plugins_webrtc/launch/websockets_and_datachannels.launch.py
-- Up-to-date symlink: /home/devuser/Workspaces/rosgsthumble_ws/install/gst_pipeline_plugins_webrtc/share/gst_pipeline_plugins_webrtc//plugins.xml
-- Up-to-date symlink: /home/devuser/Workspaces/rosgsthumble_ws/install/gst_pipeline_plugins_webrtc/share/gst_pipeline_plugins_webrtc//datachannel_plugins.xml
-- Up-to-date symlink: /home/devuser/Workspaces/rosgsthumble_ws/install/gst_pipeline_plugins_webrtc/share/gst_pipeline_plugins_webrtc/environment/library_path.sh
-- Up-to-date symlink: /home/devuser/Workspaces/rosgsthumble_ws/install/gst_pipeline_plugins_webrtc/share/gst_pipeline_plugins_webrtc/environment/library_path.dsv
-- Up-to-date symlink: /home/devuser/Workspaces/rosgsthumble_ws/install/gst_pipeline_plugins_webrtc/share/ament_index/resource_index/package_run_dependencies/gst_pipeline_plugins_webrtc
-- Up-to-date symlink: /home/devuser/Workspaces/rosgsthumble_ws/install/gst_pipeline_plugins_webrtc/share/ament_index/resource_index/parent_prefix_path/gst_pipeline_plugins_webrtc
-- Up-to-date symlink: /home/devuser/Workspaces/rosgsthumble_ws/install/gst_pipeline_plugins_webrtc/share/gst_pipeline_plugins_webrtc/environment/ament_prefix_path.sh
-- Up-to-date symlink: /home/devuser/Workspaces/rosgsthumble_ws/install/gst_pipeline_plugins_webrtc/share/gst_pipeline_plugins_webrtc/environment/ament_prefix_path.dsv
-- Up-to-date symlink: /home/devuser/Workspaces/rosgsthumble_ws/install/gst_pipeline_plugins_webrtc/share/gst_pipeline_plugins_webrtc/environment/path.sh
-- Up-to-date symlink: /home/devuser/Workspaces/rosgsthumble_ws/install/gst_pipeline_plugins_webrtc/share/gst_pipeline_plugins_webrtc/environment/path.dsv
-- Up-to-date symlink: /home/devuser/Workspaces/rosgsthumble_ws/install/gst_pipeline_plugins_webrtc/share/gst_pipeline_plugins_webrtc/local_setup.bash
-- Up-to-date symlink: /home/devuser/Workspaces/rosgsthumble_ws/install/gst_pipeline_plugins_webrtc/share/gst_pipeline_plugins_webrtc/local_setup.sh
-- Up-to-date symlink: /home/devuser/Workspaces/rosgsthumble_ws/install/gst_pipeline_plugins_webrtc/share/gst_pipeline_plugins_webrtc/local_setup.zsh
-- Up-to-date symlink: /home/devuser/Workspaces/rosgsthumble_ws/install/gst_pipeline_plugins_webrtc/share/gst_pipeline_plugins_webrtc/local_setup.dsv
-- Symlinking: /home/devuser/Workspaces/rosgsthumble_ws/install/gst_pipeline_plugins_webrtc/share/gst_pipeline_plugins_webrtc/package.dsv
-- Up-to-date symlink: /home/devuser/Workspaces/rosgsthumble_ws/install/gst_pipeline_plugins_webrtc/share/ament_index/resource_index/packages/gst_pipeline_plugins_webrtc
-- Up-to-date symlink: /home/devuser/Workspaces/rosgsthumble_ws/install/gst_pipeline_plugins_webrtc/share/ament_index/resource_index/gst_pipeline__pluginlib__plugin/gst_pipeline_plugins_webrtc
-- Up-to-date symlink: /home/devuser/Workspaces/rosgsthumble_ws/install/gst_pipeline_plugins_webrtc/share/ament_index/resource_index/gst_pipeline_plugins_webrtc__pluginlib__plugin/gst_pipeline_plugins_webrtc
-- Up-to-date symlink: /home/devuser/Workspaces/rosgsthumble_ws/install/gst_pipeline_plugins_webrtc/share/gst_pipeline_plugins_webrtc/cmake/ament_cmake_export_include_directories-extras.cmake
-- Up-to-date symlink: /home/devuser/Workspaces/rosgsthumble_ws/install/gst_pipeline_plugins_webrtc/share/gst_pipeline_plugins_webrtc/cmake/ament_cmake_export_libraries-extras.cmake
-- Up-to-date symlink: /home/devuser/Workspaces/rosgsthumble_ws/install/gst_pipeline_plugins_webrtc/share/gst_pipeline_plugins_webrtc/cmake/ament_cmake_export_targets-extras.cmake
-- Up-to-date symlink: /home/devuser/Workspaces/rosgsthumble_ws/install/gst_pipeline_plugins_webrtc/share/gst_pipeline_plugins_webrtc/cmake/ament_cmake_export_dependencies-extras.cmake
-- Up-to-date symlink: /home/devuser/Workspaces/rosgsthumble_ws/install/gst_pipeline_plugins_webrtc/share/gst_pipeline_plugins_webrtc/cmake/gst_pipeline_plugins_webrtcConfig.cmake
-- Up-to-date symlink: /home/devuser/Workspaces/rosgsthumble_ws/install/gst_pipeline_plugins_webrtc/share/gst_pipeline_plugins_webrtc/cmake/gst_pipeline_plugins_webrtcConfig-version.cmake
-- Up-to-date symlink: /home/devuser/Workspaces/rosgsthumble_ws/install/gst_pipeline_plugins_webrtc/share/gst_pipeline_plugins_webrtc/package.xml
-- Installing: /home/devuser/Workspaces/rosgsthumble_ws/install/gst_pipeline_plugins_webrtc/lib/libgst_pipeline_plugins_webrtc.so
-- Set runtime path of "/home/devuser/Workspaces/rosgsthumble_ws/install/gst_pipeline_plugins_webrtc/lib/libgst_pipeline_plugins_webrtc.so" to ""
-- Up-to-date: /home/devuser/Workspaces/rosgsthumble_ws/install/gst_pipeline_plugins_webrtc/share/gst_pipeline_plugins_webrtc/cmake/export_gst_pipeline_plugins_webrtcExport.cmake
-- Up-to-date: /home/devuser/Workspaces/rosgsthumble_ws/install/gst_pipeline_plugins_webrtc/share/gst_pipeline_plugins_webrtc/cmake/export_gst_pipeline_plugins_webrtcExport-noconfig.cmake
