[0.091s] DEBUG:colcon:Command line arguments: ['/usr/bin/colcon', 'build', '--symlink-install']
[0.091s] DEBUG:colcon:Parsed command line arguments: Namespace(log_base=None, log_level=None, verb_name='build', build_base='build', install_base='install', merge_install=False, symlink_install=True, test_result_base=None, continue_on_error=False, executor='parallel', parallel_workers=12, event_handlers=None, ignore_user_meta=False, metas=['./colcon.meta'], base_paths=['.'], packages_ignore=None, packages_ignore_regex=None, paths=None, packages_up_to=None, packages_up_to_regex=None, packages_above=None, packages_above_and_dependencies=None, packages_above_depth=None, packages_select_by_dep=None, packages_skip_by_dep=None, packages_skip_up_to=None, packages_select_build_failed=False, packages_skip_build_finished=False, packages_select_test_failures=False, packages_skip_test_passed=False, packages_select=None, packages_skip=None, packages_select_regex=None, packages_skip_regex=None, packages_start=None, packages_end=None, cmake_args=None, cmake_target=None, cmake_target_skip_unavailable=False, cmake_clean_cache=False, cmake_clean_first=False, cmake_force_configure=False, ament_cmake_args=None, catkin_cmake_args=None, catkin_skip_building_tests=False, mixin_files=None, mixin=None, verb_parser=<colcon_mixin.mixin.mixin_argument.MixinArgumentDecorator object at 0x7fd71705fdf0>, verb_extension=<colcon_core.verb.build.BuildVerb object at 0x7fd7171a4df0>, main=<bound method BuildVerb.main of <colcon_core.verb.build.BuildVerb object at 0x7fd7171a4df0>>, mixin_verb=('build',))
[0.213s] Level 1:colcon.colcon_core.package_discovery:discover_packages(colcon_meta) check parameters
[0.213s] Level 1:colcon.colcon_core.package_discovery:discover_packages(recursive) check parameters
[0.213s] Level 1:colcon.colcon_core.package_discovery:discover_packages(ignore) check parameters
[0.213s] Level 1:colcon.colcon_core.package_discovery:discover_packages(path) check parameters
[0.213s] Level 1:colcon.colcon_core.package_discovery:discover_packages(colcon_meta) discover
[0.213s] Level 1:colcon.colcon_core.package_discovery:discover_packages(recursive) discover
[0.213s] INFO:colcon.colcon_core.package_discovery:Crawling recursively for packages in '/home/devuser/Workspaces/rosgsthumble_ws'
[0.213s] Level 1:colcon.colcon_core.package_identification:_identify(.) by extensions ['ignore', 'ignore_ament_install']
[0.213s] Level 1:colcon.colcon_core.package_identification:_identify(.) by extension 'ignore'
[0.213s] Level 1:colcon.colcon_core.package_identification:_identify(.) by extension 'ignore_ament_install'
[0.213s] Level 1:colcon.colcon_core.package_identification:_identify(.) by extensions ['colcon_pkg']
[0.213s] Level 1:colcon.colcon_core.package_identification:_identify(.) by extension 'colcon_pkg'
[0.213s] Level 1:colcon.colcon_core.package_identification:_identify(.) by extensions ['colcon_meta']
[0.213s] Level 1:colcon.colcon_core.package_identification:_identify(.) by extension 'colcon_meta'
[0.213s] Level 1:colcon.colcon_core.package_identification:_identify(.) by extensions ['ros']
[0.213s] Level 1:colcon.colcon_core.package_identification:_identify(.) by extension 'ros'
[0.223s] Level 1:colcon.colcon_core.package_identification:_identify(.) by extensions ['cmake', 'python']
[0.223s] Level 1:colcon.colcon_core.package_identification:_identify(.) by extension 'cmake'
[0.223s] Level 1:colcon.colcon_core.package_identification:_identify(.) by extension 'python'
[0.223s] Level 1:colcon.colcon_core.package_identification:_identify(.) by extensions ['python_setup_py']
[0.223s] Level 1:colcon.colcon_core.package_identification:_identify(.) by extension 'python_setup_py'
[0.223s] Level 1:colcon.colcon_core.package_identification:_identify(build) by extensions ['ignore', 'ignore_ament_install']
[0.224s] Level 1:colcon.colcon_core.package_identification:_identify(build) by extension 'ignore'
[0.224s] Level 1:colcon.colcon_core.package_identification:_identify(build) ignored
[0.224s] Level 1:colcon.colcon_core.package_identification:_identify(install) by extensions ['ignore', 'ignore_ament_install']
[0.224s] Level 1:colcon.colcon_core.package_identification:_identify(install) by extension 'ignore'
[0.224s] Level 1:colcon.colcon_core.package_identification:_identify(install) ignored
[0.224s] Level 1:colcon.colcon_core.package_identification:_identify(log) by extensions ['ignore', 'ignore_ament_install']
[0.224s] Level 1:colcon.colcon_core.package_identification:_identify(log) by extension 'ignore'
[0.224s] Level 1:colcon.colcon_core.package_identification:_identify(log) ignored
[0.224s] Level 1:colcon.colcon_core.package_identification:_identify(src) by extensions ['ignore', 'ignore_ament_install']
[0.224s] Level 1:colcon.colcon_core.package_identification:_identify(src) by extension 'ignore'
[0.224s] Level 1:colcon.colcon_core.package_identification:_identify(src) by extension 'ignore_ament_install'
[0.224s] Level 1:colcon.colcon_core.package_identification:_identify(src) by extensions ['colcon_pkg']
[0.224s] Level 1:colcon.colcon_core.package_identification:_identify(src) by extension 'colcon_pkg'
[0.224s] Level 1:colcon.colcon_core.package_identification:_identify(src) by extensions ['colcon_meta']
[0.224s] Level 1:colcon.colcon_core.package_identification:_identify(src) by extension 'colcon_meta'
[0.224s] Level 1:colcon.colcon_core.package_identification:_identify(src) by extensions ['ros']
[0.224s] Level 1:colcon.colcon_core.package_identification:_identify(src) by extension 'ros'
[0.224s] Level 1:colcon.colcon_core.package_identification:_identify(src) by extensions ['cmake', 'python']
[0.225s] Level 1:colcon.colcon_core.package_identification:_identify(src) by extension 'cmake'
[0.225s] Level 1:colcon.colcon_core.package_identification:_identify(src) by extension 'python'
[0.225s] Level 1:colcon.colcon_core.package_identification:_identify(src) by extensions ['python_setup_py']
[0.225s] Level 1:colcon.colcon_core.package_identification:_identify(src) by extension 'python_setup_py'
[0.225s] Level 1:colcon.colcon_core.package_identification:_identify(src/cpp_campub) by extensions ['ignore', 'ignore_ament_install']
[0.225s] Level 1:colcon.colcon_core.package_identification:_identify(src/cpp_campub) by extension 'ignore'
[0.225s] Level 1:colcon.colcon_core.package_identification:_identify(src/cpp_campub) by extension 'ignore_ament_install'
[0.225s] Level 1:colcon.colcon_core.package_identification:_identify(src/cpp_campub) by extensions ['colcon_pkg']
[0.225s] Level 1:colcon.colcon_core.package_identification:_identify(src/cpp_campub) by extension 'colcon_pkg'
[0.225s] Level 1:colcon.colcon_core.package_identification:_identify(src/cpp_campub) by extensions ['colcon_meta']
[0.225s] Level 1:colcon.colcon_core.package_identification:_identify(src/cpp_campub) by extension 'colcon_meta'
[0.225s] Level 1:colcon.colcon_core.package_identification:_identify(src/cpp_campub) by extensions ['ros']
[0.225s] Level 1:colcon.colcon_core.package_identification:_identify(src/cpp_campub) by extension 'ros'
[0.227s] DEBUG:colcon.colcon_core.package_identification:Package 'src/cpp_campub' with type 'ros.ament_cmake' and name 'cpp_campub'
[0.227s] Level 1:colcon.colcon_core.package_identification:_identify(src/ros-gst-bridge) by extensions ['ignore', 'ignore_ament_install']
[0.228s] Level 1:colcon.colcon_core.package_identification:_identify(src/ros-gst-bridge) by extension 'ignore'
[0.228s] Level 1:colcon.colcon_core.package_identification:_identify(src/ros-gst-bridge) by extension 'ignore_ament_install'
[0.228s] Level 1:colcon.colcon_core.package_identification:_identify(src/ros-gst-bridge) by extensions ['colcon_pkg']
[0.228s] Level 1:colcon.colcon_core.package_identification:_identify(src/ros-gst-bridge) by extension 'colcon_pkg'
[0.228s] Level 1:colcon.colcon_core.package_identification:_identify(src/ros-gst-bridge) by extensions ['colcon_meta']
[0.228s] Level 1:colcon.colcon_core.package_identification:_identify(src/ros-gst-bridge) by extension 'colcon_meta'
[0.228s] Level 1:colcon.colcon_core.package_identification:_identify(src/ros-gst-bridge) by extensions ['ros']
[0.228s] Level 1:colcon.colcon_core.package_identification:_identify(src/ros-gst-bridge) by extension 'ros'
[0.228s] Level 1:colcon.colcon_core.package_identification:_identify(src/ros-gst-bridge) by extensions ['cmake', 'python']
[0.228s] Level 1:colcon.colcon_core.package_identification:_identify(src/ros-gst-bridge) by extension 'cmake'
[0.228s] Level 1:colcon.colcon_core.package_identification:_identify(src/ros-gst-bridge) by extension 'python'
[0.228s] Level 1:colcon.colcon_core.package_identification:_identify(src/ros-gst-bridge) by extensions ['python_setup_py']
[0.228s] Level 1:colcon.colcon_core.package_identification:_identify(src/ros-gst-bridge) by extension 'python_setup_py'
[0.228s] Level 1:colcon.colcon_core.package_identification:_identify(src/webrtc_camera_node) by extensions ['ignore', 'ignore_ament_install']
[0.228s] Level 1:colcon.colcon_core.package_identification:_identify(src/webrtc_camera_node) by extension 'ignore'
[0.228s] Level 1:colcon.colcon_core.package_identification:_identify(src/webrtc_camera_node) by extension 'ignore_ament_install'
[0.228s] Level 1:colcon.colcon_core.package_identification:_identify(src/webrtc_camera_node) by extensions ['colcon_pkg']
[0.228s] Level 1:colcon.colcon_core.package_identification:_identify(src/webrtc_camera_node) by extension 'colcon_pkg'
[0.228s] Level 1:colcon.colcon_core.package_identification:_identify(src/webrtc_camera_node) by extensions ['colcon_meta']
[0.228s] Level 1:colcon.colcon_core.package_identification:_identify(src/webrtc_camera_node) by extension 'colcon_meta'
[0.228s] Level 1:colcon.colcon_core.package_identification:_identify(src/webrtc_camera_node) by extensions ['ros']
[0.228s] Level 1:colcon.colcon_core.package_identification:_identify(src/webrtc_camera_node) by extension 'ros'
[0.229s] DEBUG:colcon.colcon_core.package_identification:Package 'src/webrtc_camera_node' with type 'ros.ament_cmake' and name 'webrtc_camera_node'
[0.229s] Level 1:colcon.colcon_core.package_discovery:discover_packages(recursive) using defaults
[0.229s] Level 1:colcon.colcon_core.package_discovery:discover_packages(ignore) discover
[0.229s] Level 1:colcon.colcon_core.package_discovery:discover_packages(ignore) using defaults
[0.229s] Level 1:colcon.colcon_core.package_discovery:discover_packages(path) discover
[0.229s] Level 1:colcon.colcon_core.package_discovery:discover_packages(path) using defaults
[0.246s] Level 5:colcon.colcon_core.verb:set package 'cpp_campub' build argument 'cmake_args' from command line to 'None'
[0.246s] Level 5:colcon.colcon_core.verb:set package 'cpp_campub' build argument 'cmake_target' from command line to 'None'
[0.246s] Level 5:colcon.colcon_core.verb:set package 'cpp_campub' build argument 'cmake_target_skip_unavailable' from command line to 'False'
[0.246s] Level 5:colcon.colcon_core.verb:set package 'cpp_campub' build argument 'cmake_clean_cache' from command line to 'False'
[0.246s] Level 5:colcon.colcon_core.verb:set package 'cpp_campub' build argument 'cmake_clean_first' from command line to 'False'
[0.247s] Level 5:colcon.colcon_core.verb:set package 'cpp_campub' build argument 'cmake_force_configure' from command line to 'False'
[0.247s] Level 5:colcon.colcon_core.verb:set package 'cpp_campub' build argument 'ament_cmake_args' from command line to 'None'
[0.247s] Level 5:colcon.colcon_core.verb:set package 'cpp_campub' build argument 'catkin_cmake_args' from command line to 'None'
[0.247s] Level 5:colcon.colcon_core.verb:set package 'cpp_campub' build argument 'catkin_skip_building_tests' from command line to 'False'
[0.247s] DEBUG:colcon.colcon_core.verb:Building package 'cpp_campub' with the following arguments: {'ament_cmake_args': None, 'build_base': '/home/devuser/Workspaces/rosgsthumble_ws/build/cpp_campub', 'catkin_cmake_args': None, 'catkin_skip_building_tests': False, 'cmake_args': None, 'cmake_clean_cache': False, 'cmake_clean_first': False, 'cmake_force_configure': False, 'cmake_target': None, 'cmake_target_skip_unavailable': False, 'install_base': '/home/devuser/Workspaces/rosgsthumble_ws/install/cpp_campub', 'merge_install': False, 'path': '/home/devuser/Workspaces/rosgsthumble_ws/src/cpp_campub', 'symlink_install': True, 'test_result_base': None}
[0.247s] Level 5:colcon.colcon_core.verb:set package 'webrtc_camera_node' build argument 'cmake_args' from command line to 'None'
[0.247s] Level 5:colcon.colcon_core.verb:set package 'webrtc_camera_node' build argument 'cmake_target' from command line to 'None'
[0.247s] Level 5:colcon.colcon_core.verb:set package 'webrtc_camera_node' build argument 'cmake_target_skip_unavailable' from command line to 'False'
[0.247s] Level 5:colcon.colcon_core.verb:set package 'webrtc_camera_node' build argument 'cmake_clean_cache' from command line to 'False'
[0.247s] Level 5:colcon.colcon_core.verb:set package 'webrtc_camera_node' build argument 'cmake_clean_first' from command line to 'False'
[0.247s] Level 5:colcon.colcon_core.verb:set package 'webrtc_camera_node' build argument 'cmake_force_configure' from command line to 'False'
[0.247s] Level 5:colcon.colcon_core.verb:set package 'webrtc_camera_node' build argument 'ament_cmake_args' from command line to 'None'
[0.247s] Level 5:colcon.colcon_core.verb:set package 'webrtc_camera_node' build argument 'catkin_cmake_args' from command line to 'None'
[0.247s] Level 5:colcon.colcon_core.verb:set package 'webrtc_camera_node' build argument 'catkin_skip_building_tests' from command line to 'False'
[0.247s] DEBUG:colcon.colcon_core.verb:Building package 'webrtc_camera_node' with the following arguments: {'ament_cmake_args': None, 'build_base': '/home/devuser/Workspaces/rosgsthumble_ws/build/webrtc_camera_node', 'catkin_cmake_args': None, 'catkin_skip_building_tests': False, 'cmake_args': None, 'cmake_clean_cache': False, 'cmake_clean_first': False, 'cmake_force_configure': False, 'cmake_target': None, 'cmake_target_skip_unavailable': False, 'install_base': '/home/devuser/Workspaces/rosgsthumble_ws/install/webrtc_camera_node', 'merge_install': False, 'path': '/home/devuser/Workspaces/rosgsthumble_ws/src/webrtc_camera_node', 'symlink_install': True, 'test_result_base': None}
[0.247s] INFO:colcon.colcon_core.executor:Executing jobs using 'parallel' executor
[0.248s] DEBUG:colcon.colcon_parallel_executor.executor.parallel:run_until_complete
[0.249s] INFO:colcon.colcon_ros.task.ament_cmake.build:Building ROS package in '/home/devuser/Workspaces/rosgsthumble_ws/src/cpp_campub' with build type 'ament_cmake'
[0.249s] INFO:colcon.colcon_cmake.task.cmake.build:Building CMake package in '/home/devuser/Workspaces/rosgsthumble_ws/src/cpp_campub'
[0.250s] INFO:colcon.colcon_core.plugin_system:Skipping extension 'colcon_core.shell.bat': Not used on non-Windows systems
[0.250s] INFO:colcon.colcon_core.shell:Skip shell extension 'powershell' for command environment: Not usable outside of PowerShell
[0.251s] DEBUG:colcon.colcon_core.shell:Skip shell extension 'dsv' for command environment
[0.255s] INFO:colcon.colcon_ros.task.ament_cmake.build:Building ROS package in '/home/devuser/Workspaces/rosgsthumble_ws/src/webrtc_camera_node' with build type 'ament_cmake'
[0.256s] INFO:colcon.colcon_cmake.task.cmake.build:Building CMake package in '/home/devuser/Workspaces/rosgsthumble_ws/src/webrtc_camera_node'
[0.256s] INFO:colcon.colcon_core.shell:Skip shell extension 'powershell' for command environment: Not usable outside of PowerShell
[0.256s] DEBUG:colcon.colcon_core.shell:Skip shell extension 'dsv' for command environment
[0.262s] DEBUG:colcon.colcon_core.event_handler.log_command:Invoking command in '/home/devuser/Workspaces/rosgsthumble_ws/build/cpp_campub': CMAKE_PREFIX_PATH=${CMAKE_PREFIX_PATH}:/opt/ros/humble /usr/bin/cmake --build /home/devuser/Workspaces/rosgsthumble_ws/build/cpp_campub -- -j12 -l12
[0.267s] DEBUG:colcon.colcon_core.event_handler.log_command:Invoking command in '/home/devuser/Workspaces/rosgsthumble_ws/build/webrtc_camera_node': CMAKE_PREFIX_PATH=${CMAKE_PREFIX_PATH}:/opt/ros/humble /usr/bin/cmake --build /home/devuser/Workspaces/rosgsthumble_ws/build/webrtc_camera_node -- -j12 -l12
[0.341s] DEBUG:colcon.colcon_core.event_handler.log_command:Invoked command in '/home/devuser/Workspaces/rosgsthumble_ws/build/cpp_campub' returned '0': CMAKE_PREFIX_PATH=${CMAKE_PREFIX_PATH}:/opt/ros/humble /usr/bin/cmake --build /home/devuser/Workspaces/rosgsthumble_ws/build/cpp_campub -- -j12 -l12
[0.354s] DEBUG:colcon.colcon_core.event_handler.log_command:Invoking command in '/home/devuser/Workspaces/rosgsthumble_ws/build/cpp_campub': CMAKE_PREFIX_PATH=${CMAKE_PREFIX_PATH}:/opt/ros/humble /usr/bin/cmake --install /home/devuser/Workspaces/rosgsthumble_ws/build/cpp_campub
[0.382s] Level 1:colcon.colcon_core.environment:create_environment_scripts_only(cpp_campub)
[0.382s] DEBUG:colcon.colcon_core.event_handler.log_command:Invoked command in '/home/devuser/Workspaces/rosgsthumble_ws/build/cpp_campub' returned '0': CMAKE_PREFIX_PATH=${CMAKE_PREFIX_PATH}:/opt/ros/humble /usr/bin/cmake --install /home/devuser/Workspaces/rosgsthumble_ws/build/cpp_campub
[0.384s] Level 1:colcon.colcon_core.environment:checking '/home/devuser/Workspaces/rosgsthumble_ws/install/cpp_campub' for CMake module files
[0.385s] Level 1:colcon.colcon_core.environment:checking '/home/devuser/Workspaces/rosgsthumble_ws/install/cpp_campub' for CMake config files
[0.386s] Level 1:colcon.colcon_core.shell:create_environment_hook('cpp_campub', 'cmake_prefix_path')
[0.386s] INFO:colcon.colcon_core.shell:Creating environment hook '/home/devuser/Workspaces/rosgsthumble_ws/install/cpp_campub/share/cpp_campub/hook/cmake_prefix_path.ps1'
[0.386s] INFO:colcon.colcon_core.shell:Creating environment descriptor '/home/devuser/Workspaces/rosgsthumble_ws/install/cpp_campub/share/cpp_campub/hook/cmake_prefix_path.dsv'
[0.387s] INFO:colcon.colcon_core.shell:Creating environment hook '/home/devuser/Workspaces/rosgsthumble_ws/install/cpp_campub/share/cpp_campub/hook/cmake_prefix_path.sh'
[0.388s] Level 1:colcon.colcon_core.environment:checking '/home/devuser/Workspaces/rosgsthumble_ws/install/cpp_campub/lib'
[0.388s] Level 1:colcon.colcon_core.environment:checking '/home/devuser/Workspaces/rosgsthumble_ws/install/cpp_campub/bin'
[0.388s] Level 1:colcon.colcon_core.environment:checking '/home/devuser/Workspaces/rosgsthumble_ws/install/cpp_campub/lib/pkgconfig/cpp_campub.pc'
[0.390s] Level 1:colcon.colcon_core.environment:checking '/home/devuser/Workspaces/rosgsthumble_ws/install/cpp_campub/lib/python3.10/site-packages'
[0.390s] Level 1:colcon.colcon_core.environment:checking '/home/devuser/Workspaces/rosgsthumble_ws/install/cpp_campub/bin'
[0.390s] INFO:colcon.colcon_core.shell:Creating package script '/home/devuser/Workspaces/rosgsthumble_ws/install/cpp_campub/share/cpp_campub/package.ps1'
[0.391s] INFO:colcon.colcon_core.shell:Creating package descriptor '/home/devuser/Workspaces/rosgsthumble_ws/install/cpp_campub/share/cpp_campub/package.dsv'
[0.392s] INFO:colcon.colcon_core.shell:Creating package script '/home/devuser/Workspaces/rosgsthumble_ws/install/cpp_campub/share/cpp_campub/package.sh'
[0.392s] INFO:colcon.colcon_core.shell:Creating package script '/home/devuser/Workspaces/rosgsthumble_ws/install/cpp_campub/share/cpp_campub/package.bash'
[0.393s] INFO:colcon.colcon_core.shell:Creating package script '/home/devuser/Workspaces/rosgsthumble_ws/install/cpp_campub/share/cpp_campub/package.zsh'
[0.393s] Level 1:colcon.colcon_core.environment:create_file_with_runtime_dependencies(/home/devuser/Workspaces/rosgsthumble_ws/install/cpp_campub/share/colcon-core/packages/cpp_campub)
[0.394s] Level 1:colcon.colcon_core.environment:create_environment_scripts_only(cpp_campub)
[0.394s] Level 1:colcon.colcon_core.environment:checking '/home/devuser/Workspaces/rosgsthumble_ws/install/cpp_campub' for CMake module files
[0.395s] Level 1:colcon.colcon_core.environment:checking '/home/devuser/Workspaces/rosgsthumble_ws/install/cpp_campub' for CMake config files
[0.395s] Level 1:colcon.colcon_core.shell:create_environment_hook('cpp_campub', 'cmake_prefix_path')
[0.395s] INFO:colcon.colcon_core.shell:Creating environment hook '/home/devuser/Workspaces/rosgsthumble_ws/install/cpp_campub/share/cpp_campub/hook/cmake_prefix_path.ps1'
[0.396s] INFO:colcon.colcon_core.shell:Creating environment descriptor '/home/devuser/Workspaces/rosgsthumble_ws/install/cpp_campub/share/cpp_campub/hook/cmake_prefix_path.dsv'
[0.396s] INFO:colcon.colcon_core.shell:Creating environment hook '/home/devuser/Workspaces/rosgsthumble_ws/install/cpp_campub/share/cpp_campub/hook/cmake_prefix_path.sh'
[0.396s] Level 1:colcon.colcon_core.environment:checking '/home/devuser/Workspaces/rosgsthumble_ws/install/cpp_campub/lib'
[0.397s] Level 1:colcon.colcon_core.environment:checking '/home/devuser/Workspaces/rosgsthumble_ws/install/cpp_campub/bin'
[0.397s] Level 1:colcon.colcon_core.environment:checking '/home/devuser/Workspaces/rosgsthumble_ws/install/cpp_campub/lib/pkgconfig/cpp_campub.pc'
[0.397s] Level 1:colcon.colcon_core.environment:checking '/home/devuser/Workspaces/rosgsthumble_ws/install/cpp_campub/lib/python3.10/site-packages'
[0.397s] Level 1:colcon.colcon_core.environment:checking '/home/devuser/Workspaces/rosgsthumble_ws/install/cpp_campub/bin'
[0.397s] INFO:colcon.colcon_core.shell:Creating package script '/home/devuser/Workspaces/rosgsthumble_ws/install/cpp_campub/share/cpp_campub/package.ps1'
[0.409s] INFO:colcon.colcon_core.shell:Creating package descriptor '/home/devuser/Workspaces/rosgsthumble_ws/install/cpp_campub/share/cpp_campub/package.dsv'
[0.410s] INFO:colcon.colcon_core.shell:Creating package script '/home/devuser/Workspaces/rosgsthumble_ws/install/cpp_campub/share/cpp_campub/package.sh'
[0.411s] INFO:colcon.colcon_core.shell:Creating package script '/home/devuser/Workspaces/rosgsthumble_ws/install/cpp_campub/share/cpp_campub/package.bash'
[0.411s] INFO:colcon.colcon_core.shell:Creating package script '/home/devuser/Workspaces/rosgsthumble_ws/install/cpp_campub/share/cpp_campub/package.zsh'
[0.412s] Level 1:colcon.colcon_core.environment:create_file_with_runtime_dependencies(/home/devuser/Workspaces/rosgsthumble_ws/install/cpp_campub/share/colcon-core/packages/cpp_campub)
[5.486s] DEBUG:colcon.colcon_core.event_handler.log_command:Invoked command in '/home/devuser/Workspaces/rosgsthumble_ws/build/webrtc_camera_node' returned '0': CMAKE_PREFIX_PATH=${CMAKE_PREFIX_PATH}:/opt/ros/humble /usr/bin/cmake --build /home/devuser/Workspaces/rosgsthumble_ws/build/webrtc_camera_node -- -j12 -l12
[5.488s] DEBUG:colcon.colcon_core.event_handler.log_command:Invoking command in '/home/devuser/Workspaces/rosgsthumble_ws/build/webrtc_camera_node': CMAKE_PREFIX_PATH=${CMAKE_PREFIX_PATH}:/opt/ros/humble /usr/bin/cmake --install /home/devuser/Workspaces/rosgsthumble_ws/build/webrtc_camera_node
[5.513s] Level 1:colcon.colcon_core.environment:create_environment_scripts_only(webrtc_camera_node)
[5.513s] Level 1:colcon.colcon_core.environment:checking '/home/devuser/Workspaces/rosgsthumble_ws/install/webrtc_camera_node' for CMake module files
[5.514s] DEBUG:colcon.colcon_core.event_handler.log_command:Invoked command in '/home/devuser/Workspaces/rosgsthumble_ws/build/webrtc_camera_node' returned '0': CMAKE_PREFIX_PATH=${CMAKE_PREFIX_PATH}:/opt/ros/humble /usr/bin/cmake --install /home/devuser/Workspaces/rosgsthumble_ws/build/webrtc_camera_node
[5.515s] Level 1:colcon.colcon_core.environment:checking '/home/devuser/Workspaces/rosgsthumble_ws/install/webrtc_camera_node' for CMake config files
[5.515s] Level 1:colcon.colcon_core.shell:create_environment_hook('webrtc_camera_node', 'cmake_prefix_path')
[5.515s] INFO:colcon.colcon_core.shell:Creating environment hook '/home/devuser/Workspaces/rosgsthumble_ws/install/webrtc_camera_node/share/webrtc_camera_node/hook/cmake_prefix_path.ps1'
[5.516s] INFO:colcon.colcon_core.shell:Creating environment descriptor '/home/devuser/Workspaces/rosgsthumble_ws/install/webrtc_camera_node/share/webrtc_camera_node/hook/cmake_prefix_path.dsv'
[5.516s] INFO:colcon.colcon_core.shell:Creating environment hook '/home/devuser/Workspaces/rosgsthumble_ws/install/webrtc_camera_node/share/webrtc_camera_node/hook/cmake_prefix_path.sh'
[5.516s] Level 1:colcon.colcon_core.environment:checking '/home/devuser/Workspaces/rosgsthumble_ws/install/webrtc_camera_node/lib'
[5.517s] Level 1:colcon.colcon_core.environment:checking '/home/devuser/Workspaces/rosgsthumble_ws/install/webrtc_camera_node/bin'
[5.517s] Level 1:colcon.colcon_core.environment:checking '/home/devuser/Workspaces/rosgsthumble_ws/install/webrtc_camera_node/lib/pkgconfig/webrtc_camera_node.pc'
[5.517s] Level 1:colcon.colcon_core.environment:checking '/home/devuser/Workspaces/rosgsthumble_ws/install/webrtc_camera_node/lib/python3.10/site-packages'
[5.517s] Level 1:colcon.colcon_core.environment:checking '/home/devuser/Workspaces/rosgsthumble_ws/install/webrtc_camera_node/bin'
[5.517s] INFO:colcon.colcon_core.shell:Creating package script '/home/devuser/Workspaces/rosgsthumble_ws/install/webrtc_camera_node/share/webrtc_camera_node/package.ps1'
[5.518s] INFO:colcon.colcon_core.shell:Creating package descriptor '/home/devuser/Workspaces/rosgsthumble_ws/install/webrtc_camera_node/share/webrtc_camera_node/package.dsv'
[5.518s] INFO:colcon.colcon_core.shell:Creating package script '/home/devuser/Workspaces/rosgsthumble_ws/install/webrtc_camera_node/share/webrtc_camera_node/package.sh'
[5.518s] INFO:colcon.colcon_core.shell:Creating package script '/home/devuser/Workspaces/rosgsthumble_ws/install/webrtc_camera_node/share/webrtc_camera_node/package.bash'
[5.519s] INFO:colcon.colcon_core.shell:Creating package script '/home/devuser/Workspaces/rosgsthumble_ws/install/webrtc_camera_node/share/webrtc_camera_node/package.zsh'
[5.519s] Level 1:colcon.colcon_core.environment:create_file_with_runtime_dependencies(/home/devuser/Workspaces/rosgsthumble_ws/install/webrtc_camera_node/share/colcon-core/packages/webrtc_camera_node)
[5.519s] Level 1:colcon.colcon_core.environment:create_environment_scripts_only(webrtc_camera_node)
[5.519s] Level 1:colcon.colcon_core.environment:checking '/home/devuser/Workspaces/rosgsthumble_ws/install/webrtc_camera_node' for CMake module files
[5.520s] Level 1:colcon.colcon_core.environment:checking '/home/devuser/Workspaces/rosgsthumble_ws/install/webrtc_camera_node' for CMake config files
[5.520s] Level 1:colcon.colcon_core.shell:create_environment_hook('webrtc_camera_node', 'cmake_prefix_path')
[5.520s] INFO:colcon.colcon_core.shell:Creating environment hook '/home/devuser/Workspaces/rosgsthumble_ws/install/webrtc_camera_node/share/webrtc_camera_node/hook/cmake_prefix_path.ps1'
[5.521s] INFO:colcon.colcon_core.shell:Creating environment descriptor '/home/devuser/Workspaces/rosgsthumble_ws/install/webrtc_camera_node/share/webrtc_camera_node/hook/cmake_prefix_path.dsv'
[5.521s] INFO:colcon.colcon_core.shell:Creating environment hook '/home/devuser/Workspaces/rosgsthumble_ws/install/webrtc_camera_node/share/webrtc_camera_node/hook/cmake_prefix_path.sh'
[5.521s] Level 1:colcon.colcon_core.environment:checking '/home/devuser/Workspaces/rosgsthumble_ws/install/webrtc_camera_node/lib'
[5.521s] Level 1:colcon.colcon_core.environment:checking '/home/devuser/Workspaces/rosgsthumble_ws/install/webrtc_camera_node/bin'
[5.521s] Level 1:colcon.colcon_core.environment:checking '/home/devuser/Workspaces/rosgsthumble_ws/install/webrtc_camera_node/lib/pkgconfig/webrtc_camera_node.pc'
[5.521s] Level 1:colcon.colcon_core.environment:checking '/home/devuser/Workspaces/rosgsthumble_ws/install/webrtc_camera_node/lib/python3.10/site-packages'
[5.522s] Level 1:colcon.colcon_core.environment:checking '/home/devuser/Workspaces/rosgsthumble_ws/install/webrtc_camera_node/bin'
[5.522s] INFO:colcon.colcon_core.shell:Creating package script '/home/devuser/Workspaces/rosgsthumble_ws/install/webrtc_camera_node/share/webrtc_camera_node/package.ps1'
[5.522s] INFO:colcon.colcon_core.shell:Creating package descriptor '/home/devuser/Workspaces/rosgsthumble_ws/install/webrtc_camera_node/share/webrtc_camera_node/package.dsv'
[5.523s] INFO:colcon.colcon_core.shell:Creating package script '/home/devuser/Workspaces/rosgsthumble_ws/install/webrtc_camera_node/share/webrtc_camera_node/package.sh'
[5.523s] INFO:colcon.colcon_core.shell:Creating package script '/home/devuser/Workspaces/rosgsthumble_ws/install/webrtc_camera_node/share/webrtc_camera_node/package.bash'
[5.524s] INFO:colcon.colcon_core.shell:Creating package script '/home/devuser/Workspaces/rosgsthumble_ws/install/webrtc_camera_node/share/webrtc_camera_node/package.zsh'
[5.524s] Level 1:colcon.colcon_core.environment:create_file_with_runtime_dependencies(/home/devuser/Workspaces/rosgsthumble_ws/install/webrtc_camera_node/share/colcon-core/packages/webrtc_camera_node)
[5.524s] DEBUG:colcon.colcon_parallel_executor.executor.parallel:closing loop
[5.525s] DEBUG:colcon.colcon_parallel_executor.executor.parallel:loop closed
[5.525s] DEBUG:colcon.colcon_parallel_executor.executor.parallel:run_until_complete finished with '0'
[5.525s] DEBUG:colcon.colcon_core.event_reactor:joining thread
[5.531s] INFO:colcon.colcon_core.plugin_system:Skipping extension 'colcon_notification.desktop_notification.notify_send': Could not find 'notify-send'
[5.531s] INFO:colcon.colcon_core.plugin_system:Skipping extension 'colcon_notification.desktop_notification.terminal_notifier': Not used on non-Darwin systems
[5.531s] INFO:colcon.colcon_core.plugin_system:Skipping extension 'colcon_notification.desktop_notification.win32': Not used on non-Windows systems
[5.531s] INFO:colcon.colcon_notification.desktop_notification:Sending desktop notification using 'notify2'
[5.550s] DEBUG:colcon.colcon_core.event_reactor:joined thread
[5.551s] INFO:colcon.colcon_core.shell:Creating prefix script '/home/devuser/Workspaces/rosgsthumble_ws/install/local_setup.ps1'
[5.552s] INFO:colcon.colcon_core.shell:Creating prefix util module '/home/devuser/Workspaces/rosgsthumble_ws/install/_local_setup_util_ps1.py'
[5.569s] INFO:colcon.colcon_core.shell:Creating prefix chain script '/home/devuser/Workspaces/rosgsthumble_ws/install/setup.ps1'
[5.570s] INFO:colcon.colcon_core.shell:Creating prefix script '/home/devuser/Workspaces/rosgsthumble_ws/install/local_setup.sh'
[5.571s] INFO:colcon.colcon_core.shell:Creating prefix util module '/home/devuser/Workspaces/rosgsthumble_ws/install/_local_setup_util_sh.py'
[5.571s] INFO:colcon.colcon_core.shell:Creating prefix chain script '/home/devuser/Workspaces/rosgsthumble_ws/install/setup.sh'
[5.573s] INFO:colcon.colcon_core.shell:Creating prefix script '/home/devuser/Workspaces/rosgsthumble_ws/install/local_setup.bash'
[5.573s] INFO:colcon.colcon_core.shell:Creating prefix chain script '/home/devuser/Workspaces/rosgsthumble_ws/install/setup.bash'
[5.574s] INFO:colcon.colcon_core.shell:Creating prefix script '/home/devuser/Workspaces/rosgsthumble_ws/install/local_setup.zsh'
[5.575s] INFO:colcon.colcon_core.shell:Creating prefix chain script '/home/devuser/Workspaces/rosgsthumble_ws/install/setup.zsh'
