[0.273s] Invoking command in '/home/devuser/Workspaces/rosgsthumble_ws/src/build/gst_pipeline_plugins_webrtc': AMENT_PREFIX_PATH=/home/devuser/Workspaces/rosgsthumble_ws/src/install/gst_pipeline:/home/devuser/Workspaces/rosgsthumble_ws/src/install/gst_bridge:/home/devuser/Workspaces/rosgsthumble_ws/src/install/gst_msgs:/home/devuser/Workspaces/rosgsthumble_ws/src/install/audio_msgs:${AMENT_PREFIX_PATH} CMAKE_PREFIX_PATH=/home/devuser/Workspaces/rosgsthumble_ws/src/install/gst_pipeline:/home/devuser/Workspaces/rosgsthumble_ws/src/install/gst_bridge:/home/devuser/Workspaces/rosgsthumble_ws/src/install/gst_msgs:/home/devuser/Workspaces/rosgsthumble_ws/src/install/audio_msgs:/home/devuser/Workspaces/rosgsthumble_ws/install/webrtc_camera_node:/home/devuser/Workspaces/rosgsthumble_ws/install/gst_pipeline_plugins_webrtc:/home/devuser/Workspaces/rosgsthumble_ws/install/gst_pipeline_plugins:/home/devuser/Workspaces/rosgsthumble_ws/install/gst_pipeline:/home/devuser/Workspaces/rosgsthumble_ws/install/gst_msgs:/home/devuser/Workspaces/rosgsthumble_ws/install/gst_bridge:/home/devuser/Workspaces/rosgsthumble_ws/install/cpp_campub:/home/devuser/Workspaces/rosgsthumble_ws/install/audio_msgs:/opt/ros/humble LD_LIBRARY_PATH=/home/devuser/Workspaces/rosgsthumble_ws/src/install/gst_pipeline/lib:/home/devuser/Workspaces/rosgsthumble_ws/src/install/gst_bridge/lib:/home/devuser/Workspaces/rosgsthumble_ws/src/install/gst_msgs/lib:/home/devuser/Workspaces/rosgsthumble_ws/src/install/audio_msgs/lib:${LD_LIBRARY_PATH} PYTHONPATH=/home/devuser/Workspaces/rosgsthumble_ws/src/install/gst_msgs/local/lib/python3.10/dist-packages:/home/devuser/Workspaces/rosgsthumble_ws/src/install/audio_msgs/local/lib/python3.10/dist-packages:${PYTHONPATH} /usr/bin/cmake /home/devuser/Workspaces/rosgsthumble_ws/src/ros-gst-bridge/gst_pipeline_plugins_webrtc -DAMENT_CMAKE_SYMLINK_INSTALL=1 -DCMAKE_INSTALL_PREFIX=/home/devuser/Workspaces/rosgsthumble_ws/src/install/gst_pipeline_plugins_webrtc
[1.518s] -- The C compiler identification is GNU 11.4.0
[2.667s] -- The CXX compiler identification is GNU 11.4.0
[2.828s] -- Detecting C compiler ABI info
[4.076s] -- Detecting C compiler ABI info - done
[4.150s] -- Check for working C compiler: /usr/bin/cc - skipped
[4.152s] -- Detecting C compile features
[4.160s] -- Detecting C compile features - done
[4.197s] -- Detecting CXX compiler ABI info
[5.765s] -- Detecting CXX compiler ABI info - done
[5.859s] -- Check for working CXX compiler: /usr/bin/c++ - skipped
[5.862s] -- Detecting CXX compile features
[5.865s] -- Detecting CXX compile features - done
[5.993s] -- Found ament_cmake: 1.3.12 (/opt/ros/humble/share/ament_cmake/cmake)
[8.027s] -- Found Python3: /usr/bin/python3 (found version "3.10.12") found components: Interpreter 
[9.382s] -- Override CMake install command with custom implementation using symlinks instead of copying resources
[10.180s] -- Found rclcpp: 16.0.15 (/opt/ros/humble/share/rclcpp/cmake)
[11.028s] -- Found rosidl_generator_c: 3.1.7 (/opt/ros/humble/share/rosidl_generator_c/cmake)
[11.160s] -- Found rosidl_adapter: 3.1.7 (/opt/ros/humble/share/rosidl_adapter/cmake)
[11.303s] -- Found rosidl_generator_cpp: 3.1.7 (/opt/ros/humble/share/rosidl_generator_cpp/cmake)
[11.497s] -- Using all available rosidl_typesupport_c: rosidl_typesupport_fastrtps_c;rosidl_typesupport_introspection_c
[11.802s] -- Using all available rosidl_typesupport_cpp: rosidl_typesupport_fastrtps_cpp;rosidl_typesupport_introspection_cpp
[13.144s] -- Found rmw_implementation_cmake: 6.1.2 (/opt/ros/humble/share/rmw_implementation_cmake/cmake)
[13.241s] -- Found rmw_fastrtps_cpp: 6.2.9 (/opt/ros/humble/share/rmw_fastrtps_cpp/cmake)
[14.849s] -- Found OpenSSL: /usr/lib/aarch64-linux-gnu/libcrypto.so (found version "3.0.2")  
[15.226s] -- Found FastRTPS: /opt/ros/humble/include  
[15.681s] -- Using RMW implementation 'rmw_fastrtps_cpp' as default
[15.945s] -- Looking for pthread.h
[20.481s] -- Looking for pthread.h - found
[20.497s] -- Performing Test CMAKE_HAVE_LIBC_PTHREAD
[21.674s] -- Performing Test CMAKE_HAVE_LIBC_PTHREAD - Success
[21.679s] -- Found Threads: TRUE  
[23.689s] -- Found rclcpp_components: 16.0.15 (/opt/ros/humble/share/rclcpp_components/cmake)
[24.294s] -- Found gst_bridge: 0.0.0 (/home/devuser/Workspaces/rosgsthumble_ws/src/install/gst_bridge/share/gst_bridge/cmake)
[25.401s] -- Found gst_pipeline: 0.0.0 (/home/devuser/Workspaces/rosgsthumble_ws/src/install/gst_pipeline/share/gst_pipeline/cmake)
[25.677s] -- Found PkgConfig: /usr/bin/pkg-config (found version "0.29.2") 
[25.681s] -- Checking for module 'gstreamer-1.0'
[25.880s] --   Found gstreamer-1.0, version 1.20.3
[26.409s] -- Checking for module 'gstreamer-sdp-1.0'
[26.612s] --   Found gstreamer-sdp-1.0, version 1.20.1
[27.175s] -- Checking for module 'gstreamer-webrtc-1.0'
[27.332s] --   Found gstreamer-webrtc-1.0, version 1.20.3
[27.726s] -- Checking for module 'libsoup-2.4'
[28.079s] --   Found libsoup-2.4, version 2.74.2
[28.643s] -- Checking for module 'json-glib-1.0'
[28.855s] --   Found json-glib-1.0, version 1.6.6
[29.330s] -- Found std_srvs: 4.9.0 (/opt/ros/humble/share/std_srvs/cmake)
[29.430s] -- Found gst_msgs: 0.0.0 (/home/devuser/Workspaces/rosgsthumble_ws/src/install/gst_msgs/share/gst_msgs/cmake)
[30.920s] -- Configuring done
[33.240s] -- Generating done
[33.293s] -- Build files have been written to: /home/devuser/Workspaces/rosgsthumble_ws/src/build/gst_pipeline_plugins_webrtc
[33.432s] Invoked command in '/home/devuser/Workspaces/rosgsthumble_ws/src/build/gst_pipeline_plugins_webrtc' returned '0': AMENT_PREFIX_PATH=/home/devuser/Workspaces/rosgsthumble_ws/src/install/gst_pipeline:/home/devuser/Workspaces/rosgsthumble_ws/src/install/gst_bridge:/home/devuser/Workspaces/rosgsthumble_ws/src/install/gst_msgs:/home/devuser/Workspaces/rosgsthumble_ws/src/install/audio_msgs:${AMENT_PREFIX_PATH} CMAKE_PREFIX_PATH=/home/devuser/Workspaces/rosgsthumble_ws/src/install/gst_pipeline:/home/devuser/Workspaces/rosgsthumble_ws/src/install/gst_bridge:/home/devuser/Workspaces/rosgsthumble_ws/src/install/gst_msgs:/home/devuser/Workspaces/rosgsthumble_ws/src/install/audio_msgs:/home/devuser/Workspaces/rosgsthumble_ws/install/webrtc_camera_node:/home/devuser/Workspaces/rosgsthumble_ws/install/gst_pipeline_plugins_webrtc:/home/devuser/Workspaces/rosgsthumble_ws/install/gst_pipeline_plugins:/home/devuser/Workspaces/rosgsthumble_ws/install/gst_pipeline:/home/devuser/Workspaces/rosgsthumble_ws/install/gst_msgs:/home/devuser/Workspaces/rosgsthumble_ws/install/gst_bridge:/home/devuser/Workspaces/rosgsthumble_ws/install/cpp_campub:/home/devuser/Workspaces/rosgsthumble_ws/install/audio_msgs:/opt/ros/humble LD_LIBRARY_PATH=/home/devuser/Workspaces/rosgsthumble_ws/src/install/gst_pipeline/lib:/home/devuser/Workspaces/rosgsthumble_ws/src/install/gst_bridge/lib:/home/devuser/Workspaces/rosgsthumble_ws/src/install/gst_msgs/lib:/home/devuser/Workspaces/rosgsthumble_ws/src/install/audio_msgs/lib:${LD_LIBRARY_PATH} PYTHONPATH=/home/devuser/Workspaces/rosgsthumble_ws/src/install/gst_msgs/local/lib/python3.10/dist-packages:/home/devuser/Workspaces/rosgsthumble_ws/src/install/audio_msgs/local/lib/python3.10/dist-packages:${PYTHONPATH} /usr/bin/cmake /home/devuser/Workspaces/rosgsthumble_ws/src/ros-gst-bridge/gst_pipeline_plugins_webrtc -DAMENT_CMAKE_SYMLINK_INSTALL=1 -DCMAKE_INSTALL_PREFIX=/home/devuser/Workspaces/rosgsthumble_ws/src/install/gst_pipeline_plugins_webrtc
[33.435s] Invoking command in '/home/devuser/Workspaces/rosgsthumble_ws/src/build/gst_pipeline_plugins_webrtc': AMENT_PREFIX_PATH=/home/devuser/Workspaces/rosgsthumble_ws/src/install/gst_pipeline:/home/devuser/Workspaces/rosgsthumble_ws/src/install/gst_bridge:/home/devuser/Workspaces/rosgsthumble_ws/src/install/gst_msgs:/home/devuser/Workspaces/rosgsthumble_ws/src/install/audio_msgs:${AMENT_PREFIX_PATH} CMAKE_PREFIX_PATH=/home/devuser/Workspaces/rosgsthumble_ws/src/install/gst_pipeline:/home/devuser/Workspaces/rosgsthumble_ws/src/install/gst_bridge:/home/devuser/Workspaces/rosgsthumble_ws/src/install/gst_msgs:/home/devuser/Workspaces/rosgsthumble_ws/src/install/audio_msgs:/home/devuser/Workspaces/rosgsthumble_ws/install/webrtc_camera_node:/home/devuser/Workspaces/rosgsthumble_ws/install/gst_pipeline_plugins_webrtc:/home/devuser/Workspaces/rosgsthumble_ws/install/gst_pipeline_plugins:/home/devuser/Workspaces/rosgsthumble_ws/install/gst_pipeline:/home/devuser/Workspaces/rosgsthumble_ws/install/gst_msgs:/home/devuser/Workspaces/rosgsthumble_ws/install/gst_bridge:/home/devuser/Workspaces/rosgsthumble_ws/install/cpp_campub:/home/devuser/Workspaces/rosgsthumble_ws/install/audio_msgs:/opt/ros/humble LD_LIBRARY_PATH=/home/devuser/Workspaces/rosgsthumble_ws/src/install/gst_pipeline/lib:/home/devuser/Workspaces/rosgsthumble_ws/src/install/gst_bridge/lib:/home/devuser/Workspaces/rosgsthumble_ws/src/install/gst_msgs/lib:/home/devuser/Workspaces/rosgsthumble_ws/src/install/audio_msgs/lib:${LD_LIBRARY_PATH} PYTHONPATH=/home/devuser/Workspaces/rosgsthumble_ws/src/install/gst_msgs/local/lib/python3.10/dist-packages:/home/devuser/Workspaces/rosgsthumble_ws/src/install/audio_msgs/local/lib/python3.10/dist-packages:${PYTHONPATH} /usr/bin/cmake --build /home/devuser/Workspaces/rosgsthumble_ws/src/build/gst_pipeline_plugins_webrtc -- -j4 -l4
[34.034s] [ 25%] [32mBuilding CXX object CMakeFiles/gst_pipeline_plugins_webrtc.dir/src/base.cpp.o[0m
[80.110s] [ 50%] [32mBuilding CXX object CMakeFiles/gst_pipeline_plugins_webrtc.dir/src/datachannel.cpp.o[0m
[142.219s] [ 75%] [32mBuilding CXX object CMakeFiles/gst_pipeline_plugins_webrtc.dir/src/websockets.cpp.o[0m
[192.661s] [100%] [32m[1mLinking CXX shared library libgst_pipeline_plugins_webrtc.so[0m
[200.055s] [100%] Built target gst_pipeline_plugins_webrtc
[200.267s] Invoked command in '/home/devuser/Workspaces/rosgsthumble_ws/src/build/gst_pipeline_plugins_webrtc' returned '0': AMENT_PREFIX_PATH=/home/devuser/Workspaces/rosgsthumble_ws/src/install/gst_pipeline:/home/devuser/Workspaces/rosgsthumble_ws/src/install/gst_bridge:/home/devuser/Workspaces/rosgsthumble_ws/src/install/gst_msgs:/home/devuser/Workspaces/rosgsthumble_ws/src/install/audio_msgs:${AMENT_PREFIX_PATH} CMAKE_PREFIX_PATH=/home/devuser/Workspaces/rosgsthumble_ws/src/install/gst_pipeline:/home/devuser/Workspaces/rosgsthumble_ws/src/install/gst_bridge:/home/devuser/Workspaces/rosgsthumble_ws/src/install/gst_msgs:/home/devuser/Workspaces/rosgsthumble_ws/src/install/audio_msgs:/home/devuser/Workspaces/rosgsthumble_ws/install/webrtc_camera_node:/home/devuser/Workspaces/rosgsthumble_ws/install/gst_pipeline_plugins_webrtc:/home/devuser/Workspaces/rosgsthumble_ws/install/gst_pipeline_plugins:/home/devuser/Workspaces/rosgsthumble_ws/install/gst_pipeline:/home/devuser/Workspaces/rosgsthumble_ws/install/gst_msgs:/home/devuser/Workspaces/rosgsthumble_ws/install/gst_bridge:/home/devuser/Workspaces/rosgsthumble_ws/install/cpp_campub:/home/devuser/Workspaces/rosgsthumble_ws/install/audio_msgs:/opt/ros/humble LD_LIBRARY_PATH=/home/devuser/Workspaces/rosgsthumble_ws/src/install/gst_pipeline/lib:/home/devuser/Workspaces/rosgsthumble_ws/src/install/gst_bridge/lib:/home/devuser/Workspaces/rosgsthumble_ws/src/install/gst_msgs/lib:/home/devuser/Workspaces/rosgsthumble_ws/src/install/audio_msgs/lib:${LD_LIBRARY_PATH} PYTHONPATH=/home/devuser/Workspaces/rosgsthumble_ws/src/install/gst_msgs/local/lib/python3.10/dist-packages:/home/devuser/Workspaces/rosgsthumble_ws/src/install/audio_msgs/local/lib/python3.10/dist-packages:${PYTHONPATH} /usr/bin/cmake --build /home/devuser/Workspaces/rosgsthumble_ws/src/build/gst_pipeline_plugins_webrtc -- -j4 -l4
[200.383s] Invoking command in '/home/devuser/Workspaces/rosgsthumble_ws/src/build/gst_pipeline_plugins_webrtc': AMENT_PREFIX_PATH=/home/devuser/Workspaces/rosgsthumble_ws/src/install/gst_pipeline:/home/devuser/Workspaces/rosgsthumble_ws/src/install/gst_bridge:/home/devuser/Workspaces/rosgsthumble_ws/src/install/gst_msgs:/home/devuser/Workspaces/rosgsthumble_ws/src/install/audio_msgs:${AMENT_PREFIX_PATH} CMAKE_PREFIX_PATH=/home/devuser/Workspaces/rosgsthumble_ws/src/install/gst_pipeline:/home/devuser/Workspaces/rosgsthumble_ws/src/install/gst_bridge:/home/devuser/Workspaces/rosgsthumble_ws/src/install/gst_msgs:/home/devuser/Workspaces/rosgsthumble_ws/src/install/audio_msgs:/home/devuser/Workspaces/rosgsthumble_ws/install/webrtc_camera_node:/home/devuser/Workspaces/rosgsthumble_ws/install/gst_pipeline_plugins_webrtc:/home/devuser/Workspaces/rosgsthumble_ws/install/gst_pipeline_plugins:/home/devuser/Workspaces/rosgsthumble_ws/install/gst_pipeline:/home/devuser/Workspaces/rosgsthumble_ws/install/gst_msgs:/home/devuser/Workspaces/rosgsthumble_ws/install/gst_bridge:/home/devuser/Workspaces/rosgsthumble_ws/install/cpp_campub:/home/devuser/Workspaces/rosgsthumble_ws/install/audio_msgs:/opt/ros/humble LD_LIBRARY_PATH=/home/devuser/Workspaces/rosgsthumble_ws/src/install/gst_pipeline/lib:/home/devuser/Workspaces/rosgsthumble_ws/src/install/gst_bridge/lib:/home/devuser/Workspaces/rosgsthumble_ws/src/install/gst_msgs/lib:/home/devuser/Workspaces/rosgsthumble_ws/src/install/audio_msgs/lib:${LD_LIBRARY_PATH} PYTHONPATH=/home/devuser/Workspaces/rosgsthumble_ws/src/install/gst_msgs/local/lib/python3.10/dist-packages:/home/devuser/Workspaces/rosgsthumble_ws/src/install/audio_msgs/local/lib/python3.10/dist-packages:${PYTHONPATH} /usr/bin/cmake --install /home/devuser/Workspaces/rosgsthumble_ws/src/build/gst_pipeline_plugins_webrtc
[200.656s] -- Install configuration: ""
[200.667s] -- Execute custom install script
[200.692s] -- Symlinking: /home/devuser/Workspaces/rosgsthumble_ws/src/install/gst_pipeline_plugins_webrtc/include/gst_pipeline_plugins_webrtc/base.h
[200.819s] -- Symlinking: /home/devuser/Workspaces/rosgsthumble_ws/src/install/gst_pipeline_plugins_webrtc/include/gst_pipeline_plugins_webrtc/datachannel.h
[200.914s] -- Symlinking: /home/devuser/Workspaces/rosgsthumble_ws/src/install/gst_pipeline_plugins_webrtc/include/gst_pipeline_plugins_webrtc/ros.h
[201.000s] -- Symlinking: /home/devuser/Workspaces/rosgsthumble_ws/src/install/gst_pipeline_plugins_webrtc/include/gst_pipeline_plugins_webrtc/websockets.h
[201.055s] -- Symlinking: /home/devuser/Workspaces/rosgsthumble_ws/src/install/gst_pipeline_plugins_webrtc/share/gst_pipeline_plugins_webrtc/config/dynamic_loop.config.yaml
[201.113s] -- Symlinking: /home/devuser/Workspaces/rosgsthumble_ws/src/install/gst_pipeline_plugins_webrtc/share/gst_pipeline_plugins_webrtc/config/peer_to_peer.config.yaml
[201.204s] -- Symlinking: /home/devuser/Workspaces/rosgsthumble_ws/src/install/gst_pipeline_plugins_webrtc/share/gst_pipeline_plugins_webrtc/config/websockets.config.yaml
[201.407s] -- Symlinking: /home/devuser/Workspaces/rosgsthumble_ws/src/install/gst_pipeline_plugins_webrtc/share/gst_pipeline_plugins_webrtc/config/websockets_and_datachannels.config.yaml
[201.512s] -- Symlinking: /home/devuser/Workspaces/rosgsthumble_ws/src/install/gst_pipeline_plugins_webrtc/share/gst_pipeline_plugins_webrtc/launch/dynamic_loop.launch.py
[201.600s] -- Symlinking: /home/devuser/Workspaces/rosgsthumble_ws/src/install/gst_pipeline_plugins_webrtc/share/gst_pipeline_plugins_webrtc/launch/peer_to_peer.launch.py
[201.679s] -- Symlinking: /home/devuser/Workspaces/rosgsthumble_ws/src/install/gst_pipeline_plugins_webrtc/share/gst_pipeline_plugins_webrtc/launch/websockets.launch.py
[201.784s] -- Symlinking: /home/devuser/Workspaces/rosgsthumble_ws/src/install/gst_pipeline_plugins_webrtc/share/gst_pipeline_plugins_webrtc/launch/websockets_and_datachannels.launch.py
[201.861s] -- Symlinking: /home/devuser/Workspaces/rosgsthumble_ws/src/install/gst_pipeline_plugins_webrtc/share/gst_pipeline_plugins_webrtc//plugins.xml
[201.919s] -- Symlinking: /home/devuser/Workspaces/rosgsthumble_ws/src/install/gst_pipeline_plugins_webrtc/share/gst_pipeline_plugins_webrtc//datachannel_plugins.xml
[202.118s] -- Symlinking: /home/devuser/Workspaces/rosgsthumble_ws/src/install/gst_pipeline_plugins_webrtc/share/gst_pipeline_plugins_webrtc/environment/library_path.sh
[202.213s] -- Symlinking: /home/devuser/Workspaces/rosgsthumble_ws/src/install/gst_pipeline_plugins_webrtc/share/gst_pipeline_plugins_webrtc/environment/library_path.dsv
[202.339s] -- Symlinking: /home/devuser/Workspaces/rosgsthumble_ws/src/install/gst_pipeline_plugins_webrtc/share/ament_index/resource_index/package_run_dependencies/gst_pipeline_plugins_webrtc
[202.431s] -- Symlinking: /home/devuser/Workspaces/rosgsthumble_ws/src/install/gst_pipeline_plugins_webrtc/share/ament_index/resource_index/parent_prefix_path/gst_pipeline_plugins_webrtc
[202.546s] -- Symlinking: /home/devuser/Workspaces/rosgsthumble_ws/src/install/gst_pipeline_plugins_webrtc/share/gst_pipeline_plugins_webrtc/environment/ament_prefix_path.sh
[202.658s] -- Symlinking: /home/devuser/Workspaces/rosgsthumble_ws/src/install/gst_pipeline_plugins_webrtc/share/gst_pipeline_plugins_webrtc/environment/ament_prefix_path.dsv
[202.888s] -- Symlinking: /home/devuser/Workspaces/rosgsthumble_ws/src/install/gst_pipeline_plugins_webrtc/share/gst_pipeline_plugins_webrtc/environment/path.sh
[203.034s] -- Symlinking: /home/devuser/Workspaces/rosgsthumble_ws/src/install/gst_pipeline_plugins_webrtc/share/gst_pipeline_plugins_webrtc/environment/path.dsv
[203.204s] -- Symlinking: /home/devuser/Workspaces/rosgsthumble_ws/src/install/gst_pipeline_plugins_webrtc/share/gst_pipeline_plugins_webrtc/local_setup.bash
[203.349s] -- Symlinking: /home/devuser/Workspaces/rosgsthumble_ws/src/install/gst_pipeline_plugins_webrtc/share/gst_pipeline_plugins_webrtc/local_setup.sh
[203.517s] -- Symlinking: /home/devuser/Workspaces/rosgsthumble_ws/src/install/gst_pipeline_plugins_webrtc/share/gst_pipeline_plugins_webrtc/local_setup.zsh
[203.643s] -- Symlinking: /home/devuser/Workspaces/rosgsthumble_ws/src/install/gst_pipeline_plugins_webrtc/share/gst_pipeline_plugins_webrtc/local_setup.dsv
[203.740s] -- Symlinking: /home/devuser/Workspaces/rosgsthumble_ws/src/install/gst_pipeline_plugins_webrtc/share/gst_pipeline_plugins_webrtc/package.dsv
[203.850s] -- Symlinking: /home/devuser/Workspaces/rosgsthumble_ws/src/install/gst_pipeline_plugins_webrtc/share/ament_index/resource_index/packages/gst_pipeline_plugins_webrtc
[203.948s] -- Symlinking: /home/devuser/Workspaces/rosgsthumble_ws/src/install/gst_pipeline_plugins_webrtc/share/ament_index/resource_index/gst_pipeline__pluginlib__plugin/gst_pipeline_plugins_webrtc
[204.106s] -- Symlinking: /home/devuser/Workspaces/rosgsthumble_ws/src/install/gst_pipeline_plugins_webrtc/share/ament_index/resource_index/gst_pipeline_plugins_webrtc__pluginlib__plugin/gst_pipeline_plugins_webrtc
[204.200s] -- Symlinking: /home/devuser/Workspaces/rosgsthumble_ws/src/install/gst_pipeline_plugins_webrtc/share/gst_pipeline_plugins_webrtc/cmake/ament_cmake_export_include_directories-extras.cmake
[204.308s] -- Symlinking: /home/devuser/Workspaces/rosgsthumble_ws/src/install/gst_pipeline_plugins_webrtc/share/gst_pipeline_plugins_webrtc/cmake/ament_cmake_export_libraries-extras.cmake
[204.409s] -- Symlinking: /home/devuser/Workspaces/rosgsthumble_ws/src/install/gst_pipeline_plugins_webrtc/share/gst_pipeline_plugins_webrtc/cmake/ament_cmake_export_targets-extras.cmake
[204.512s] -- Symlinking: /home/devuser/Workspaces/rosgsthumble_ws/src/install/gst_pipeline_plugins_webrtc/share/gst_pipeline_plugins_webrtc/cmake/ament_cmake_export_dependencies-extras.cmake
[204.607s] -- Symlinking: /home/devuser/Workspaces/rosgsthumble_ws/src/install/gst_pipeline_plugins_webrtc/share/gst_pipeline_plugins_webrtc/cmake/gst_pipeline_plugins_webrtcConfig.cmake
[204.709s] -- Symlinking: /home/devuser/Workspaces/rosgsthumble_ws/src/install/gst_pipeline_plugins_webrtc/share/gst_pipeline_plugins_webrtc/cmake/gst_pipeline_plugins_webrtcConfig-version.cmake
[204.813s] -- Symlinking: /home/devuser/Workspaces/rosgsthumble_ws/src/install/gst_pipeline_plugins_webrtc/share/gst_pipeline_plugins_webrtc/package.xml
[204.919s] -- Installing: /home/devuser/Workspaces/rosgsthumble_ws/src/install/gst_pipeline_plugins_webrtc/lib/libgst_pipeline_plugins_webrtc.so
[205.855s] -- Set runtime path of "/home/devuser/Workspaces/rosgsthumble_ws/src/install/gst_pipeline_plugins_webrtc/lib/libgst_pipeline_plugins_webrtc.so" to ""
[205.898s] -- Installing: /home/devuser/Workspaces/rosgsthumble_ws/src/install/gst_pipeline_plugins_webrtc/share/gst_pipeline_plugins_webrtc/cmake/export_gst_pipeline_plugins_webrtcExport.cmake
[205.899s] -- Installing: /home/devuser/Workspaces/rosgsthumble_ws/src/install/gst_pipeline_plugins_webrtc/share/gst_pipeline_plugins_webrtc/cmake/export_gst_pipeline_plugins_webrtcExport-noconfig.cmake
[205.938s] Invoked command in '/home/devuser/Workspaces/rosgsthumble_ws/src/build/gst_pipeline_plugins_webrtc' returned '0': AMENT_PREFIX_PATH=/home/devuser/Workspaces/rosgsthumble_ws/src/install/gst_pipeline:/home/devuser/Workspaces/rosgsthumble_ws/src/install/gst_bridge:/home/devuser/Workspaces/rosgsthumble_ws/src/install/gst_msgs:/home/devuser/Workspaces/rosgsthumble_ws/src/install/audio_msgs:${AMENT_PREFIX_PATH} CMAKE_PREFIX_PATH=/home/devuser/Workspaces/rosgsthumble_ws/src/install/gst_pipeline:/home/devuser/Workspaces/rosgsthumble_ws/src/install/gst_bridge:/home/devuser/Workspaces/rosgsthumble_ws/src/install/gst_msgs:/home/devuser/Workspaces/rosgsthumble_ws/src/install/audio_msgs:/home/devuser/Workspaces/rosgsthumble_ws/install/webrtc_camera_node:/home/devuser/Workspaces/rosgsthumble_ws/install/gst_pipeline_plugins_webrtc:/home/devuser/Workspaces/rosgsthumble_ws/install/gst_pipeline_plugins:/home/devuser/Workspaces/rosgsthumble_ws/install/gst_pipeline:/home/devuser/Workspaces/rosgsthumble_ws/install/gst_msgs:/home/devuser/Workspaces/rosgsthumble_ws/install/gst_bridge:/home/devuser/Workspaces/rosgsthumble_ws/install/cpp_campub:/home/devuser/Workspaces/rosgsthumble_ws/install/audio_msgs:/opt/ros/humble LD_LIBRARY_PATH=/home/devuser/Workspaces/rosgsthumble_ws/src/install/gst_pipeline/lib:/home/devuser/Workspaces/rosgsthumble_ws/src/install/gst_bridge/lib:/home/devuser/Workspaces/rosgsthumble_ws/src/install/gst_msgs/lib:/home/devuser/Workspaces/rosgsthumble_ws/src/install/audio_msgs/lib:${LD_LIBRARY_PATH} PYTHONPATH=/home/devuser/Workspaces/rosgsthumble_ws/src/install/gst_msgs/local/lib/python3.10/dist-packages:/home/devuser/Workspaces/rosgsthumble_ws/src/install/audio_msgs/local/lib/python3.10/dist-packages:${PYTHONPATH} /usr/bin/cmake --install /home/devuser/Workspaces/rosgsthumble_ws/src/build/gst_pipeline_plugins_webrtc
