-- The C compiler identification is GNU 7.5.0
-- The CXX compiler identification is GNU 7.5.0
-- Detecting C compiler ABI info
-- Detecting C compiler ABI info - done
-- Check for working C compiler: /usr/bin/cc - skipped
-- Detecting C compile features
-- Detecting C compile features - done
-- Detecting CXX compiler ABI info
-- Detecting CXX compiler ABI info - done
-- Check for working CXX compiler: /usr/bin/c++ - skipped
-- Detecting CXX compile features
-- Detecting CXX compile features - done
-- Found PkgConfig: /usr/bin/pkg-config (found version "0.29.1") 
-- Found ament_cmake: 1.3.5 (/opt/ros/humble/install/share/ament_cmake/cmake)
-- Found Python3: /usr/bin/python3.6 (found version "3.6.9") found components: Interpreter 
-- Override CMake install command with custom implementation using symlinks instead of copying resources
-- Found rclcpp: 16.0.5 (/opt/ros/humble/install/share/rclcpp/cmake)
-- Found rosidl_generator_c: 3.1.5 (/opt/ros/humble/install/share/rosidl_generator_c/cmake)
-- Found rosidl_adapter: 3.1.5 (/opt/ros/humble/install/share/rosidl_adapter/cmake)
-- Found rosidl_generator_cpp: 3.1.5 (/opt/ros/humble/install/share/rosidl_generator_cpp/cmake)
-- Using all available rosidl_typesupport_c: rosidl_typesupport_fastrtps_c;rosidl_typesupport_introspection_c
-- Using all available rosidl_typesupport_cpp: rosidl_typesupport_fastrtps_cpp;rosidl_typesupport_introspection_cpp
-- Found rmw_implementation_cmake: 6.1.1 (/opt/ros/humble/install/share/rmw_implementation_cmake/cmake)
-- Found rmw_cyclonedds_cpp: 1.3.4 (/opt/ros/humble/install/share/rmw_cyclonedds_cpp/cmake)
-- Using RMW implementation 'rmw_cyclonedds_cpp' as default
-- Performing Test CMAKE_HAVE_LIBC_PTHREAD
-- Performing Test CMAKE_HAVE_LIBC_PTHREAD - Failed
-- Looking for pthread_create in pthreads
-- Looking for pthread_create in pthreads - not found
-- Looking for pthread_create in pthread
-- Looking for pthread_create in pthread - found
-- Found Threads: TRUE  
-- Checking for one of the modules 'gstreamer-1.0'
-- Checking for one of the modules 'gstreamer-base-1.0'
-- Checking for one of the modules 'gstreamer-app-1.0'
-- Checking for one of the modules 'gstreamer-audio-1.0'
-- Checking for one of the modules 'gstreamer-video-1.0'
-- Found GLIB: /usr/include/glib-2.0;/usr/lib/aarch64-linux-gnu/glib-2.0/include (found version "2.56.4") 
-- Found audio_msgs: 0.0.0 (/root/Workspaces/rosgsthumble_ws/install/audio_msgs/share/audio_msgs/cmake)
-- Found sensor_msgs: 4.2.3 (/opt/ros/humble/install/share/sensor_msgs/cmake)
-- Configuring done (16.1s)
-- Generating done (1.6s)
[33mCMake Warning:
  Manually-specified variables were not used by the project:

    OpenCV_DIR

[0m
-- Build files have been written to: /root/Workspaces/rosgsthumble_ws/build/gst_bridge
[  7%] [32mBuilding CXX object CMakeFiles/gst_bridge.dir/src/gst_bridge.cpp.o[0m
[ 15%] [32mBuilding CXX object CMakeFiles/gst_bridge.dir/src/rosbasesrc.cpp.o[0m
[ 23%] [32mBuilding CXX object CMakeFiles/gst_bridge.dir/src/rosbasesink.cpp.o[0m
[ 30%] [32mBuilding CXX object CMakeFiles/gst_bridge.dir/src/rosbaseiface.cpp.o[0m
[ 38%] [32m[1mLinking CXX shared library libgst_bridge.so[0m
[ 38%] Built target gst_bridge
[ 46%] [32mBuilding CXX object CMakeFiles/rosgstbridge.dir/src/rosgstbridgeplugin.cpp.o[0m
[ 53%] [32mBuilding CXX object CMakeFiles/rosgstbridge.dir/src/rostextsink.cpp.o[0m
[ 61%] [32mBuilding CXX object CMakeFiles/rosgstbridge.dir/src/rosimagesink.cpp.o[0m
[ 69%] [32mBuilding CXX object CMakeFiles/rosgstbridge.dir/src/rosaudiosink.cpp.o[0m
[ 76%] [32mBuilding CXX object CMakeFiles/rosgstbridge.dir/src/rostextsrc.cpp.o[0m
[ 84%] [32mBuilding CXX object CMakeFiles/rosgstbridge.dir/src/rosimagesrc.cpp.o[0m
[ 92%] [32mBuilding CXX object CMakeFiles/rosgstbridge.dir/src/rosaudiosrc.cpp.o[0m
[100%] [32m[1mLinking CXX shared library librosgstbridge.so[0m
[100%] Built target rosgstbridge
-- Install configuration: "RelWithDebInfo"
-- Execute custom install script
-- Symlinking: /root/Workspaces/rosgsthumble_ws/install/gst_bridge/share/gst_bridge/environment/register_plugin.dsv
-- Symlinking: /root/Workspaces/rosgsthumble_ws/install/gst_bridge/share/gst_bridge/environment/library_path.sh
-- Symlinking: /root/Workspaces/rosgsthumble_ws/install/gst_bridge/share/gst_bridge/environment/library_path.dsv
-- Symlinking: /root/Workspaces/rosgsthumble_ws/install/gst_bridge/include/gst_bridge/gst_bridge.h
-- Symlinking: /root/Workspaces/rosgsthumble_ws/install/gst_bridge/include/gst_bridge/rosaudiosink.h
-- Symlinking: /root/Workspaces/rosgsthumble_ws/install/gst_bridge/include/gst_bridge/rosaudiosrc.h
-- Symlinking: /root/Workspaces/rosgsthumble_ws/install/gst_bridge/include/gst_bridge/rosbaseiface.h
-- Symlinking: /root/Workspaces/rosgsthumble_ws/install/gst_bridge/include/gst_bridge/rosbasesink.h
-- Symlinking: /root/Workspaces/rosgsthumble_ws/install/gst_bridge/include/gst_bridge/rosbasesrc.h
-- Symlinking: /root/Workspaces/rosgsthumble_ws/install/gst_bridge/include/gst_bridge/rosimagesink.h
-- Symlinking: /root/Workspaces/rosgsthumble_ws/install/gst_bridge/include/gst_bridge/rosimagesrc.h
-- Symlinking: /root/Workspaces/rosgsthumble_ws/install/gst_bridge/include/gst_bridge/rostextsink.h
-- Symlinking: /root/Workspaces/rosgsthumble_ws/install/gst_bridge/include/gst_bridge/rostextsrc.h
-- Symlinking: /root/Workspaces/rosgsthumble_ws/install/gst_bridge/lib/gst_bridge/librosgstbridge.so
-- Symlinking: /root/Workspaces/rosgsthumble_ws/install/gst_bridge/share/ament_index/resource_index/package_run_dependencies/gst_bridge
-- Symlinking: /root/Workspaces/rosgsthumble_ws/install/gst_bridge/share/ament_index/resource_index/parent_prefix_path/gst_bridge
-- Symlinking: /root/Workspaces/rosgsthumble_ws/install/gst_bridge/share/gst_bridge/environment/ament_prefix_path.sh
-- Symlinking: /root/Workspaces/rosgsthumble_ws/install/gst_bridge/share/gst_bridge/environment/ament_prefix_path.dsv
-- Symlinking: /root/Workspaces/rosgsthumble_ws/install/gst_bridge/share/gst_bridge/environment/path.sh
-- Symlinking: /root/Workspaces/rosgsthumble_ws/install/gst_bridge/share/gst_bridge/environment/path.dsv
-- Symlinking: /root/Workspaces/rosgsthumble_ws/install/gst_bridge/share/gst_bridge/local_setup.bash
-- Symlinking: /root/Workspaces/rosgsthumble_ws/install/gst_bridge/share/gst_bridge/local_setup.sh
-- Symlinking: /root/Workspaces/rosgsthumble_ws/install/gst_bridge/share/gst_bridge/local_setup.zsh
-- Symlinking: /root/Workspaces/rosgsthumble_ws/install/gst_bridge/share/gst_bridge/local_setup.dsv
-- Symlinking: /root/Workspaces/rosgsthumble_ws/install/gst_bridge/share/gst_bridge/package.dsv
-- Symlinking: /root/Workspaces/rosgsthumble_ws/install/gst_bridge/share/ament_index/resource_index/packages/gst_bridge
-- Symlinking: /root/Workspaces/rosgsthumble_ws/install/gst_bridge/share/gst_bridge/cmake/ament_cmake_export_include_directories-extras.cmake
-- Symlinking: /root/Workspaces/rosgsthumble_ws/install/gst_bridge/share/gst_bridge/cmake/ament_cmake_export_libraries-extras.cmake
-- Symlinking: /root/Workspaces/rosgsthumble_ws/install/gst_bridge/share/gst_bridge/cmake/ament_cmake_export_dependencies-extras.cmake
-- Symlinking: /root/Workspaces/rosgsthumble_ws/install/gst_bridge/share/gst_bridge/cmake/gst_bridgeConfig.cmake
-- Symlinking: /root/Workspaces/rosgsthumble_ws/install/gst_bridge/share/gst_bridge/cmake/gst_bridgeConfig-version.cmake
-- Symlinking: /root/Workspaces/rosgsthumble_ws/install/gst_bridge/share/gst_bridge/package.xml
-- Installing: /root/Workspaces/rosgsthumble_ws/install/gst_bridge/lib/libgst_bridge.so
-- Set runtime path of "/root/Workspaces/rosgsthumble_ws/install/gst_bridge/lib/libgst_bridge.so" to ""
