[0.324s] DEBUG:colcon:Command line arguments: ['/usr/bin/colcon', 'build', '--symlink-install', '--parallel-workers', '12']
[0.324s] DEBUG:colcon:Parsed command line arguments: Namespace(log_base=None, log_level=None, verb_name='build', build_base='build', install_base='install', merge_install=False, symlink_install=True, test_result_base=None, continue_on_error=False, executor='parallel', parallel_workers=12, event_handlers=None, ignore_user_meta=False, metas=['./colcon.meta'], base_paths=['.'], packages_ignore=None, packages_ignore_regex=None, paths=None, packages_up_to=None, packages_up_to_regex=None, packages_above=None, packages_above_and_dependencies=None, packages_above_depth=None, packages_select_by_dep=None, packages_skip_by_dep=None, packages_skip_up_to=None, packages_select_build_failed=False, packages_skip_build_finished=False, packages_select_test_failures=False, packages_skip_test_passed=False, packages_select=None, packages_skip=None, packages_select_regex=None, packages_skip_regex=None, packages_start=None, packages_end=None, cmake_args=None, cmake_target=None, cmake_target_skip_unavailable=False, cmake_clean_cache=False, cmake_clean_first=False, cmake_force_configure=False, ament_cmake_args=None, catkin_cmake_args=None, catkin_skip_building_tests=False, mixin_files=None, mixin=None, verb_parser=<colcon_mixin.mixin.mixin_argument.MixinArgumentDecorator object at 0x7ff747043e50>, verb_extension=<colcon_core.verb.build.BuildVerb object at 0x7ff74718ce50>, main=<bound method BuildVerb.main of <colcon_core.verb.build.BuildVerb object at 0x7ff74718ce50>>, mixin_verb=('build',))
[0.593s] Level 1:colcon.colcon_core.package_discovery:discover_packages(colcon_meta) check parameters
[0.593s] Level 1:colcon.colcon_core.package_discovery:discover_packages(recursive) check parameters
[0.593s] Level 1:colcon.colcon_core.package_discovery:discover_packages(ignore) check parameters
[0.593s] Level 1:colcon.colcon_core.package_discovery:discover_packages(path) check parameters
[0.593s] Level 1:colcon.colcon_core.package_discovery:discover_packages(colcon_meta) discover
[0.593s] Level 1:colcon.colcon_core.package_discovery:discover_packages(recursive) discover
[0.593s] INFO:colcon.colcon_core.package_discovery:Crawling recursively for packages in '/home/devuser/Workspaces/rosgsthumble_ws'
[0.593s] Level 1:colcon.colcon_core.package_identification:_identify(.) by extensions ['ignore', 'ignore_ament_install']
[0.593s] Level 1:colcon.colcon_core.package_identification:_identify(.) by extension 'ignore'
[0.593s] Level 1:colcon.colcon_core.package_identification:_identify(.) by extension 'ignore_ament_install'
[0.594s] Level 1:colcon.colcon_core.package_identification:_identify(.) by extensions ['colcon_pkg']
[0.594s] Level 1:colcon.colcon_core.package_identification:_identify(.) by extension 'colcon_pkg'
[0.594s] Level 1:colcon.colcon_core.package_identification:_identify(.) by extensions ['colcon_meta']
[0.594s] Level 1:colcon.colcon_core.package_identification:_identify(.) by extension 'colcon_meta'
[0.594s] Level 1:colcon.colcon_core.package_identification:_identify(.) by extensions ['ros']
[0.594s] Level 1:colcon.colcon_core.package_identification:_identify(.) by extension 'ros'
[0.603s] Level 1:colcon.colcon_core.package_identification:_identify(.) by extensions ['cmake', 'python']
[0.603s] Level 1:colcon.colcon_core.package_identification:_identify(.) by extension 'cmake'
[0.603s] Level 1:colcon.colcon_core.package_identification:_identify(.) by extension 'python'
[0.603s] Level 1:colcon.colcon_core.package_identification:_identify(.) by extensions ['python_setup_py']
[0.603s] Level 1:colcon.colcon_core.package_identification:_identify(.) by extension 'python_setup_py'
[0.603s] Level 1:colcon.colcon_core.package_identification:_identify(build) by extensions ['ignore', 'ignore_ament_install']
[0.603s] Level 1:colcon.colcon_core.package_identification:_identify(build) by extension 'ignore'
[0.603s] Level 1:colcon.colcon_core.package_identification:_identify(build) ignored
[0.603s] Level 1:colcon.colcon_core.package_identification:_identify(install) by extensions ['ignore', 'ignore_ament_install']
[0.604s] Level 1:colcon.colcon_core.package_identification:_identify(install) by extension 'ignore'
[0.604s] Level 1:colcon.colcon_core.package_identification:_identify(install) ignored
[0.604s] Level 1:colcon.colcon_core.package_identification:_identify(log) by extensions ['ignore', 'ignore_ament_install']
[0.604s] Level 1:colcon.colcon_core.package_identification:_identify(log) by extension 'ignore'
[0.604s] Level 1:colcon.colcon_core.package_identification:_identify(log) ignored
[0.604s] Level 1:colcon.colcon_core.package_identification:_identify(src) by extensions ['ignore', 'ignore_ament_install']
[0.604s] Level 1:colcon.colcon_core.package_identification:_identify(src) by extension 'ignore'
[0.604s] Level 1:colcon.colcon_core.package_identification:_identify(src) by extension 'ignore_ament_install'
[0.604s] Level 1:colcon.colcon_core.package_identification:_identify(src) by extensions ['colcon_pkg']
[0.604s] Level 1:colcon.colcon_core.package_identification:_identify(src) by extension 'colcon_pkg'
[0.604s] Level 1:colcon.colcon_core.package_identification:_identify(src) by extensions ['colcon_meta']
[0.604s] Level 1:colcon.colcon_core.package_identification:_identify(src) by extension 'colcon_meta'
[0.604s] Level 1:colcon.colcon_core.package_identification:_identify(src) by extensions ['ros']
[0.604s] Level 1:colcon.colcon_core.package_identification:_identify(src) by extension 'ros'
[0.604s] Level 1:colcon.colcon_core.package_identification:_identify(src) by extensions ['cmake', 'python']
[0.604s] Level 1:colcon.colcon_core.package_identification:_identify(src) by extension 'cmake'
[0.605s] Level 1:colcon.colcon_core.package_identification:_identify(src) by extension 'python'
[0.605s] Level 1:colcon.colcon_core.package_identification:_identify(src) by extensions ['python_setup_py']
[0.605s] Level 1:colcon.colcon_core.package_identification:_identify(src) by extension 'python_setup_py'
[0.605s] Level 1:colcon.colcon_core.package_identification:_identify(src/cpp_campub) by extensions ['ignore', 'ignore_ament_install']
[0.605s] Level 1:colcon.colcon_core.package_identification:_identify(src/cpp_campub) by extension 'ignore'
[0.605s] Level 1:colcon.colcon_core.package_identification:_identify(src/cpp_campub) by extension 'ignore_ament_install'
[0.605s] Level 1:colcon.colcon_core.package_identification:_identify(src/cpp_campub) by extensions ['colcon_pkg']
[0.605s] Level 1:colcon.colcon_core.package_identification:_identify(src/cpp_campub) by extension 'colcon_pkg'
[0.605s] Level 1:colcon.colcon_core.package_identification:_identify(src/cpp_campub) by extensions ['colcon_meta']
[0.605s] Level 1:colcon.colcon_core.package_identification:_identify(src/cpp_campub) by extension 'colcon_meta'
[0.605s] Level 1:colcon.colcon_core.package_identification:_identify(src/cpp_campub) by extensions ['ros']
[0.605s] Level 1:colcon.colcon_core.package_identification:_identify(src/cpp_campub) by extension 'ros'
[0.607s] DEBUG:colcon.colcon_core.package_identification:Package 'src/cpp_campub' with type 'ros.ament_cmake' and name 'cpp_campub'
[0.608s] Level 1:colcon.colcon_core.package_identification:_identify(src/ros-gst-bridge) by extensions ['ignore', 'ignore_ament_install']
[0.608s] Level 1:colcon.colcon_core.package_identification:_identify(src/ros-gst-bridge) by extension 'ignore'
[0.608s] Level 1:colcon.colcon_core.package_identification:_identify(src/ros-gst-bridge) by extension 'ignore_ament_install'
[0.608s] Level 1:colcon.colcon_core.package_identification:_identify(src/ros-gst-bridge) by extensions ['colcon_pkg']
[0.608s] Level 1:colcon.colcon_core.package_identification:_identify(src/ros-gst-bridge) by extension 'colcon_pkg'
[0.608s] Level 1:colcon.colcon_core.package_identification:_identify(src/ros-gst-bridge) by extensions ['colcon_meta']
[0.608s] Level 1:colcon.colcon_core.package_identification:_identify(src/ros-gst-bridge) by extension 'colcon_meta'
[0.608s] Level 1:colcon.colcon_core.package_identification:_identify(src/ros-gst-bridge) by extensions ['ros']
[0.608s] Level 1:colcon.colcon_core.package_identification:_identify(src/ros-gst-bridge) by extension 'ros'
[0.608s] Level 1:colcon.colcon_core.package_identification:_identify(src/ros-gst-bridge) by extensions ['cmake', 'python']
[0.608s] Level 1:colcon.colcon_core.package_identification:_identify(src/ros-gst-bridge) by extension 'cmake'
[0.608s] Level 1:colcon.colcon_core.package_identification:_identify(src/ros-gst-bridge) by extension 'python'
[0.608s] Level 1:colcon.colcon_core.package_identification:_identify(src/ros-gst-bridge) by extensions ['python_setup_py']
[0.608s] Level 1:colcon.colcon_core.package_identification:_identify(src/ros-gst-bridge) by extension 'python_setup_py'
[0.608s] Level 1:colcon.colcon_core.package_identification:_identify(src/webrtc_camera_node) by extensions ['ignore', 'ignore_ament_install']
[0.608s] Level 1:colcon.colcon_core.package_identification:_identify(src/webrtc_camera_node) by extension 'ignore'
[0.608s] Level 1:colcon.colcon_core.package_identification:_identify(src/webrtc_camera_node) by extension 'ignore_ament_install'
[0.608s] Level 1:colcon.colcon_core.package_identification:_identify(src/webrtc_camera_node) by extensions ['colcon_pkg']
[0.608s] Level 1:colcon.colcon_core.package_identification:_identify(src/webrtc_camera_node) by extension 'colcon_pkg'
[0.608s] Level 1:colcon.colcon_core.package_identification:_identify(src/webrtc_camera_node) by extensions ['colcon_meta']
[0.608s] Level 1:colcon.colcon_core.package_identification:_identify(src/webrtc_camera_node) by extension 'colcon_meta'
[0.608s] Level 1:colcon.colcon_core.package_identification:_identify(src/webrtc_camera_node) by extensions ['ros']
[0.608s] Level 1:colcon.colcon_core.package_identification:_identify(src/webrtc_camera_node) by extension 'ros'
[0.609s] DEBUG:colcon.colcon_core.package_identification:Package 'src/webrtc_camera_node' with type 'ros.ament_cmake' and name 'webrtc_camera_node'
[0.609s] Level 1:colcon.colcon_core.package_discovery:discover_packages(recursive) using defaults
[0.609s] Level 1:colcon.colcon_core.package_discovery:discover_packages(ignore) discover
[0.609s] Level 1:colcon.colcon_core.package_discovery:discover_packages(ignore) using defaults
[0.609s] Level 1:colcon.colcon_core.package_discovery:discover_packages(path) discover
[0.609s] Level 1:colcon.colcon_core.package_discovery:discover_packages(path) using defaults
[0.644s] Level 5:colcon.colcon_core.verb:set package 'cpp_campub' build argument 'cmake_args' from command line to 'None'
[0.644s] Level 5:colcon.colcon_core.verb:set package 'cpp_campub' build argument 'cmake_target' from command line to 'None'
[0.644s] Level 5:colcon.colcon_core.verb:set package 'cpp_campub' build argument 'cmake_target_skip_unavailable' from command line to 'False'
[0.644s] Level 5:colcon.colcon_core.verb:set package 'cpp_campub' build argument 'cmake_clean_cache' from command line to 'False'
[0.644s] Level 5:colcon.colcon_core.verb:set package 'cpp_campub' build argument 'cmake_clean_first' from command line to 'False'
[0.645s] Level 5:colcon.colcon_core.verb:set package 'cpp_campub' build argument 'cmake_force_configure' from command line to 'False'
[0.645s] Level 5:colcon.colcon_core.verb:set package 'cpp_campub' build argument 'ament_cmake_args' from command line to 'None'
[0.645s] Level 5:colcon.colcon_core.verb:set package 'cpp_campub' build argument 'catkin_cmake_args' from command line to 'None'
[0.645s] Level 5:colcon.colcon_core.verb:set package 'cpp_campub' build argument 'catkin_skip_building_tests' from command line to 'False'
[0.645s] DEBUG:colcon.colcon_core.verb:Building package 'cpp_campub' with the following arguments: {'ament_cmake_args': None, 'build_base': '/home/devuser/Workspaces/rosgsthumble_ws/build/cpp_campub', 'catkin_cmake_args': None, 'catkin_skip_building_tests': False, 'cmake_args': None, 'cmake_clean_cache': False, 'cmake_clean_first': False, 'cmake_force_configure': False, 'cmake_target': None, 'cmake_target_skip_unavailable': False, 'install_base': '/home/devuser/Workspaces/rosgsthumble_ws/install/cpp_campub', 'merge_install': False, 'path': '/home/devuser/Workspaces/rosgsthumble_ws/src/cpp_campub', 'symlink_install': True, 'test_result_base': None}
[0.645s] Level 5:colcon.colcon_core.verb:set package 'webrtc_camera_node' build argument 'cmake_args' from command line to 'None'
[0.645s] Level 5:colcon.colcon_core.verb:set package 'webrtc_camera_node' build argument 'cmake_target' from command line to 'None'
[0.645s] Level 5:colcon.colcon_core.verb:set package 'webrtc_camera_node' build argument 'cmake_target_skip_unavailable' from command line to 'False'
[0.645s] Level 5:colcon.colcon_core.verb:set package 'webrtc_camera_node' build argument 'cmake_clean_cache' from command line to 'False'
[0.645s] Level 5:colcon.colcon_core.verb:set package 'webrtc_camera_node' build argument 'cmake_clean_first' from command line to 'False'
[0.645s] Level 5:colcon.colcon_core.verb:set package 'webrtc_camera_node' build argument 'cmake_force_configure' from command line to 'False'
[0.645s] Level 5:colcon.colcon_core.verb:set package 'webrtc_camera_node' build argument 'ament_cmake_args' from command line to 'None'
[0.645s] Level 5:colcon.colcon_core.verb:set package 'webrtc_camera_node' build argument 'catkin_cmake_args' from command line to 'None'
[0.645s] Level 5:colcon.colcon_core.verb:set package 'webrtc_camera_node' build argument 'catkin_skip_building_tests' from command line to 'False'
[0.645s] DEBUG:colcon.colcon_core.verb:Building package 'webrtc_camera_node' with the following arguments: {'ament_cmake_args': None, 'build_base': '/home/devuser/Workspaces/rosgsthumble_ws/build/webrtc_camera_node', 'catkin_cmake_args': None, 'catkin_skip_building_tests': False, 'cmake_args': None, 'cmake_clean_cache': False, 'cmake_clean_first': False, 'cmake_force_configure': False, 'cmake_target': None, 'cmake_target_skip_unavailable': False, 'install_base': '/home/devuser/Workspaces/rosgsthumble_ws/install/webrtc_camera_node', 'merge_install': False, 'path': '/home/devuser/Workspaces/rosgsthumble_ws/src/webrtc_camera_node', 'symlink_install': True, 'test_result_base': None}
[0.645s] INFO:colcon.colcon_core.executor:Executing jobs using 'parallel' executor
[0.647s] DEBUG:colcon.colcon_parallel_executor.executor.parallel:run_until_complete
[0.647s] INFO:colcon.colcon_ros.task.ament_cmake.build:Building ROS package in '/home/devuser/Workspaces/rosgsthumble_ws/src/cpp_campub' with build type 'ament_cmake'
[0.647s] INFO:colcon.colcon_cmake.task.cmake.build:Building CMake package in '/home/devuser/Workspaces/rosgsthumble_ws/src/cpp_campub'
[0.654s] INFO:colcon.colcon_core.plugin_system:Skipping extension 'colcon_core.shell.bat': Not used on non-Windows systems
[0.654s] INFO:colcon.colcon_core.shell:Skip shell extension 'powershell' for command environment: Not usable outside of PowerShell
[0.654s] DEBUG:colcon.colcon_core.shell:Skip shell extension 'dsv' for command environment
[0.660s] INFO:colcon.colcon_ros.task.ament_cmake.build:Building ROS package in '/home/devuser/Workspaces/rosgsthumble_ws/src/webrtc_camera_node' with build type 'ament_cmake'
[0.660s] INFO:colcon.colcon_cmake.task.cmake.build:Building CMake package in '/home/devuser/Workspaces/rosgsthumble_ws/src/webrtc_camera_node'
[0.661s] INFO:colcon.colcon_core.shell:Skip shell extension 'powershell' for command environment: Not usable outside of PowerShell
[0.661s] DEBUG:colcon.colcon_core.shell:Skip shell extension 'dsv' for command environment
[0.669s] DEBUG:colcon.colcon_core.event_handler.log_command:Invoking command in '/home/devuser/Workspaces/rosgsthumble_ws/build/cpp_campub': CMAKE_PREFIX_PATH=${CMAKE_PREFIX_PATH}:/opt/ros/humble /usr/bin/cmake --build /home/devuser/Workspaces/rosgsthumble_ws/build/cpp_campub -- -j12 -l12
[0.676s] DEBUG:colcon.colcon_core.event_handler.log_command:Invoking command in '/home/devuser/Workspaces/rosgsthumble_ws/build/webrtc_camera_node': CMAKE_PREFIX_PATH=${CMAKE_PREFIX_PATH}:/opt/ros/humble /usr/bin/cmake --build /home/devuser/Workspaces/rosgsthumble_ws/build/webrtc_camera_node -- -j12 -l12
[0.811s] DEBUG:colcon.colcon_core.event_handler.log_command:Invoked command in '/home/devuser/Workspaces/rosgsthumble_ws/build/cpp_campub' returned '0': CMAKE_PREFIX_PATH=${CMAKE_PREFIX_PATH}:/opt/ros/humble /usr/bin/cmake --build /home/devuser/Workspaces/rosgsthumble_ws/build/cpp_campub -- -j12 -l12
[0.849s] DEBUG:colcon.colcon_core.event_handler.log_command:Invoking command in '/home/devuser/Workspaces/rosgsthumble_ws/build/cpp_campub': CMAKE_PREFIX_PATH=${CMAKE_PREFIX_PATH}:/opt/ros/humble /usr/bin/cmake --install /home/devuser/Workspaces/rosgsthumble_ws/build/cpp_campub
[0.872s] Level 1:colcon.colcon_core.environment:create_environment_scripts_only(cpp_campub)
[0.872s] DEBUG:colcon.colcon_core.event_handler.log_command:Invoked command in '/home/devuser/Workspaces/rosgsthumble_ws/build/cpp_campub' returned '0': CMAKE_PREFIX_PATH=${CMAKE_PREFIX_PATH}:/opt/ros/humble /usr/bin/cmake --install /home/devuser/Workspaces/rosgsthumble_ws/build/cpp_campub
[0.880s] Level 1:colcon.colcon_core.environment:checking '/home/devuser/Workspaces/rosgsthumble_ws/install/cpp_campub' for CMake module files
[0.880s] Level 1:colcon.colcon_core.environment:checking '/home/devuser/Workspaces/rosgsthumble_ws/install/cpp_campub' for CMake config files
[0.880s] Level 1:colcon.colcon_core.shell:create_environment_hook('cpp_campub', 'cmake_prefix_path')
[0.881s] INFO:colcon.colcon_core.shell:Creating environment hook '/home/devuser/Workspaces/rosgsthumble_ws/install/cpp_campub/share/cpp_campub/hook/cmake_prefix_path.ps1'
[0.882s] INFO:colcon.colcon_core.shell:Creating environment descriptor '/home/devuser/Workspaces/rosgsthumble_ws/install/cpp_campub/share/cpp_campub/hook/cmake_prefix_path.dsv'
[0.883s] INFO:colcon.colcon_core.shell:Creating environment hook '/home/devuser/Workspaces/rosgsthumble_ws/install/cpp_campub/share/cpp_campub/hook/cmake_prefix_path.sh'
[1.279s] Level 1:colcon.colcon_core.environment:checking '/home/devuser/Workspaces/rosgsthumble_ws/install/cpp_campub/lib'
[1.280s] Level 1:colcon.colcon_core.environment:checking '/home/devuser/Workspaces/rosgsthumble_ws/install/cpp_campub/bin'
[1.280s] Level 1:colcon.colcon_core.environment:checking '/home/devuser/Workspaces/rosgsthumble_ws/install/cpp_campub/lib/pkgconfig/cpp_campub.pc'
[1.282s] Level 1:colcon.colcon_core.environment:checking '/home/devuser/Workspaces/rosgsthumble_ws/install/cpp_campub/lib/python3.10/site-packages'
[1.282s] Level 1:colcon.colcon_core.environment:checking '/home/devuser/Workspaces/rosgsthumble_ws/install/cpp_campub/bin'
[1.282s] INFO:colcon.colcon_core.shell:Creating package script '/home/devuser/Workspaces/rosgsthumble_ws/install/cpp_campub/share/cpp_campub/package.ps1'
[1.342s] INFO:colcon.colcon_core.shell:Creating package descriptor '/home/devuser/Workspaces/rosgsthumble_ws/install/cpp_campub/share/cpp_campub/package.dsv'
[1.383s] INFO:colcon.colcon_core.shell:Creating package script '/home/devuser/Workspaces/rosgsthumble_ws/install/cpp_campub/share/cpp_campub/package.sh'
[1.444s] INFO:colcon.colcon_core.shell:Creating package script '/home/devuser/Workspaces/rosgsthumble_ws/install/cpp_campub/share/cpp_campub/package.bash'
[1.516s] INFO:colcon.colcon_core.shell:Creating package script '/home/devuser/Workspaces/rosgsthumble_ws/install/cpp_campub/share/cpp_campub/package.zsh'
[1.517s] Level 1:colcon.colcon_core.environment:create_file_with_runtime_dependencies(/home/devuser/Workspaces/rosgsthumble_ws/install/cpp_campub/share/colcon-core/packages/cpp_campub)
[1.518s] Level 1:colcon.colcon_core.environment:create_environment_scripts_only(cpp_campub)
[1.518s] Level 1:colcon.colcon_core.environment:checking '/home/devuser/Workspaces/rosgsthumble_ws/install/cpp_campub' for CMake module files
[1.519s] Level 1:colcon.colcon_core.environment:checking '/home/devuser/Workspaces/rosgsthumble_ws/install/cpp_campub' for CMake config files
[1.519s] Level 1:colcon.colcon_core.shell:create_environment_hook('cpp_campub', 'cmake_prefix_path')
[1.520s] INFO:colcon.colcon_core.shell:Creating environment hook '/home/devuser/Workspaces/rosgsthumble_ws/install/cpp_campub/share/cpp_campub/hook/cmake_prefix_path.ps1'
[1.520s] INFO:colcon.colcon_core.shell:Creating environment descriptor '/home/devuser/Workspaces/rosgsthumble_ws/install/cpp_campub/share/cpp_campub/hook/cmake_prefix_path.dsv'
[1.521s] INFO:colcon.colcon_core.shell:Creating environment hook '/home/devuser/Workspaces/rosgsthumble_ws/install/cpp_campub/share/cpp_campub/hook/cmake_prefix_path.sh'
[1.521s] Level 1:colcon.colcon_core.environment:checking '/home/devuser/Workspaces/rosgsthumble_ws/install/cpp_campub/lib'
[1.522s] Level 1:colcon.colcon_core.environment:checking '/home/devuser/Workspaces/rosgsthumble_ws/install/cpp_campub/bin'
[1.522s] Level 1:colcon.colcon_core.environment:checking '/home/devuser/Workspaces/rosgsthumble_ws/install/cpp_campub/lib/pkgconfig/cpp_campub.pc'
[1.522s] Level 1:colcon.colcon_core.environment:checking '/home/devuser/Workspaces/rosgsthumble_ws/install/cpp_campub/lib/python3.10/site-packages'
[1.522s] Level 1:colcon.colcon_core.environment:checking '/home/devuser/Workspaces/rosgsthumble_ws/install/cpp_campub/bin'
[1.522s] INFO:colcon.colcon_core.shell:Creating package script '/home/devuser/Workspaces/rosgsthumble_ws/install/cpp_campub/share/cpp_campub/package.ps1'
[1.523s] INFO:colcon.colcon_core.shell:Creating package descriptor '/home/devuser/Workspaces/rosgsthumble_ws/install/cpp_campub/share/cpp_campub/package.dsv'
[1.526s] INFO:colcon.colcon_core.shell:Creating package script '/home/devuser/Workspaces/rosgsthumble_ws/install/cpp_campub/share/cpp_campub/package.sh'
[1.526s] INFO:colcon.colcon_core.shell:Creating package script '/home/devuser/Workspaces/rosgsthumble_ws/install/cpp_campub/share/cpp_campub/package.bash'
[1.527s] INFO:colcon.colcon_core.shell:Creating package script '/home/devuser/Workspaces/rosgsthumble_ws/install/cpp_campub/share/cpp_campub/package.zsh'
[1.527s] Level 1:colcon.colcon_core.environment:create_file_with_runtime_dependencies(/home/devuser/Workspaces/rosgsthumble_ws/install/cpp_campub/share/colcon-core/packages/cpp_campub)
[7.025s] DEBUG:colcon.colcon_core.event_handler.log_command:Invoked command in '/home/devuser/Workspaces/rosgsthumble_ws/build/webrtc_camera_node' returned '0': CMAKE_PREFIX_PATH=${CMAKE_PREFIX_PATH}:/opt/ros/humble /usr/bin/cmake --build /home/devuser/Workspaces/rosgsthumble_ws/build/webrtc_camera_node -- -j12 -l12
[7.049s] DEBUG:colcon.colcon_core.event_handler.log_command:Invoking command in '/home/devuser/Workspaces/rosgsthumble_ws/build/webrtc_camera_node': CMAKE_PREFIX_PATH=${CMAKE_PREFIX_PATH}:/opt/ros/humble /usr/bin/cmake --install /home/devuser/Workspaces/rosgsthumble_ws/build/webrtc_camera_node
[7.076s] Level 1:colcon.colcon_core.environment:create_environment_scripts_only(webrtc_camera_node)
[7.076s] Level 1:colcon.colcon_core.environment:checking '/home/devuser/Workspaces/rosgsthumble_ws/install/webrtc_camera_node' for CMake module files
[7.077s] DEBUG:colcon.colcon_core.event_handler.log_command:Invoked command in '/home/devuser/Workspaces/rosgsthumble_ws/build/webrtc_camera_node' returned '0': CMAKE_PREFIX_PATH=${CMAKE_PREFIX_PATH}:/opt/ros/humble /usr/bin/cmake --install /home/devuser/Workspaces/rosgsthumble_ws/build/webrtc_camera_node
[7.077s] Level 1:colcon.colcon_core.environment:checking '/home/devuser/Workspaces/rosgsthumble_ws/install/webrtc_camera_node' for CMake config files
[7.077s] Level 1:colcon.colcon_core.shell:create_environment_hook('webrtc_camera_node', 'cmake_prefix_path')
[7.078s] INFO:colcon.colcon_core.shell:Creating environment hook '/home/devuser/Workspaces/rosgsthumble_ws/install/webrtc_camera_node/share/webrtc_camera_node/hook/cmake_prefix_path.ps1'
[7.078s] INFO:colcon.colcon_core.shell:Creating environment descriptor '/home/devuser/Workspaces/rosgsthumble_ws/install/webrtc_camera_node/share/webrtc_camera_node/hook/cmake_prefix_path.dsv'
[7.078s] INFO:colcon.colcon_core.shell:Creating environment hook '/home/devuser/Workspaces/rosgsthumble_ws/install/webrtc_camera_node/share/webrtc_camera_node/hook/cmake_prefix_path.sh'
[7.079s] Level 1:colcon.colcon_core.environment:checking '/home/devuser/Workspaces/rosgsthumble_ws/install/webrtc_camera_node/lib'
[7.079s] Level 1:colcon.colcon_core.environment:checking '/home/devuser/Workspaces/rosgsthumble_ws/install/webrtc_camera_node/bin'
[7.079s] Level 1:colcon.colcon_core.environment:checking '/home/devuser/Workspaces/rosgsthumble_ws/install/webrtc_camera_node/lib/pkgconfig/webrtc_camera_node.pc'
[7.079s] Level 1:colcon.colcon_core.environment:checking '/home/devuser/Workspaces/rosgsthumble_ws/install/webrtc_camera_node/lib/python3.10/site-packages'
[7.079s] Level 1:colcon.colcon_core.environment:checking '/home/devuser/Workspaces/rosgsthumble_ws/install/webrtc_camera_node/bin'
[7.080s] INFO:colcon.colcon_core.shell:Creating package script '/home/devuser/Workspaces/rosgsthumble_ws/install/webrtc_camera_node/share/webrtc_camera_node/package.ps1'
[7.080s] INFO:colcon.colcon_core.shell:Creating package descriptor '/home/devuser/Workspaces/rosgsthumble_ws/install/webrtc_camera_node/share/webrtc_camera_node/package.dsv'
[7.080s] INFO:colcon.colcon_core.shell:Creating package script '/home/devuser/Workspaces/rosgsthumble_ws/install/webrtc_camera_node/share/webrtc_camera_node/package.sh'
[7.080s] INFO:colcon.colcon_core.shell:Creating package script '/home/devuser/Workspaces/rosgsthumble_ws/install/webrtc_camera_node/share/webrtc_camera_node/package.bash'
[7.081s] INFO:colcon.colcon_core.shell:Creating package script '/home/devuser/Workspaces/rosgsthumble_ws/install/webrtc_camera_node/share/webrtc_camera_node/package.zsh'
[7.081s] Level 1:colcon.colcon_core.environment:create_file_with_runtime_dependencies(/home/devuser/Workspaces/rosgsthumble_ws/install/webrtc_camera_node/share/colcon-core/packages/webrtc_camera_node)
[7.082s] Level 1:colcon.colcon_core.environment:create_environment_scripts_only(webrtc_camera_node)
[7.082s] Level 1:colcon.colcon_core.environment:checking '/home/devuser/Workspaces/rosgsthumble_ws/install/webrtc_camera_node' for CMake module files
[7.082s] Level 1:colcon.colcon_core.environment:checking '/home/devuser/Workspaces/rosgsthumble_ws/install/webrtc_camera_node' for CMake config files
[7.082s] Level 1:colcon.colcon_core.shell:create_environment_hook('webrtc_camera_node', 'cmake_prefix_path')
[7.083s] INFO:colcon.colcon_core.shell:Creating environment hook '/home/devuser/Workspaces/rosgsthumble_ws/install/webrtc_camera_node/share/webrtc_camera_node/hook/cmake_prefix_path.ps1'
[7.083s] INFO:colcon.colcon_core.shell:Creating environment descriptor '/home/devuser/Workspaces/rosgsthumble_ws/install/webrtc_camera_node/share/webrtc_camera_node/hook/cmake_prefix_path.dsv'
[7.083s] INFO:colcon.colcon_core.shell:Creating environment hook '/home/devuser/Workspaces/rosgsthumble_ws/install/webrtc_camera_node/share/webrtc_camera_node/hook/cmake_prefix_path.sh'
[7.084s] Level 1:colcon.colcon_core.environment:checking '/home/devuser/Workspaces/rosgsthumble_ws/install/webrtc_camera_node/lib'
[7.084s] Level 1:colcon.colcon_core.environment:checking '/home/devuser/Workspaces/rosgsthumble_ws/install/webrtc_camera_node/bin'
[7.084s] Level 1:colcon.colcon_core.environment:checking '/home/devuser/Workspaces/rosgsthumble_ws/install/webrtc_camera_node/lib/pkgconfig/webrtc_camera_node.pc'
[7.084s] Level 1:colcon.colcon_core.environment:checking '/home/devuser/Workspaces/rosgsthumble_ws/install/webrtc_camera_node/lib/python3.10/site-packages'
[7.084s] Level 1:colcon.colcon_core.environment:checking '/home/devuser/Workspaces/rosgsthumble_ws/install/webrtc_camera_node/bin'
[7.084s] INFO:colcon.colcon_core.shell:Creating package script '/home/devuser/Workspaces/rosgsthumble_ws/install/webrtc_camera_node/share/webrtc_camera_node/package.ps1'
[7.085s] INFO:colcon.colcon_core.shell:Creating package descriptor '/home/devuser/Workspaces/rosgsthumble_ws/install/webrtc_camera_node/share/webrtc_camera_node/package.dsv'
[7.085s] INFO:colcon.colcon_core.shell:Creating package script '/home/devuser/Workspaces/rosgsthumble_ws/install/webrtc_camera_node/share/webrtc_camera_node/package.sh'
[7.085s] INFO:colcon.colcon_core.shell:Creating package script '/home/devuser/Workspaces/rosgsthumble_ws/install/webrtc_camera_node/share/webrtc_camera_node/package.bash'
[7.086s] INFO:colcon.colcon_core.shell:Creating package script '/home/devuser/Workspaces/rosgsthumble_ws/install/webrtc_camera_node/share/webrtc_camera_node/package.zsh'
[7.086s] Level 1:colcon.colcon_core.environment:create_file_with_runtime_dependencies(/home/devuser/Workspaces/rosgsthumble_ws/install/webrtc_camera_node/share/colcon-core/packages/webrtc_camera_node)
[7.086s] DEBUG:colcon.colcon_parallel_executor.executor.parallel:closing loop
[7.086s] DEBUG:colcon.colcon_parallel_executor.executor.parallel:loop closed
[7.087s] DEBUG:colcon.colcon_parallel_executor.executor.parallel:run_until_complete finished with '0'
[7.087s] DEBUG:colcon.colcon_core.event_reactor:joining thread
[7.130s] INFO:colcon.colcon_core.plugin_system:Skipping extension 'colcon_notification.desktop_notification.notify_send': Could not find 'notify-send'
[7.130s] INFO:colcon.colcon_core.plugin_system:Skipping extension 'colcon_notification.desktop_notification.terminal_notifier': Not used on non-Darwin systems
[7.130s] INFO:colcon.colcon_core.plugin_system:Skipping extension 'colcon_notification.desktop_notification.win32': Not used on non-Windows systems
[7.130s] INFO:colcon.colcon_notification.desktop_notification:Sending desktop notification using 'notify2'
[7.144s] DEBUG:colcon.colcon_core.event_reactor:joined thread
[7.145s] INFO:colcon.colcon_core.shell:Creating prefix script '/home/devuser/Workspaces/rosgsthumble_ws/install/local_setup.ps1'
[7.147s] INFO:colcon.colcon_core.shell:Creating prefix util module '/home/devuser/Workspaces/rosgsthumble_ws/install/_local_setup_util_ps1.py'
[7.190s] INFO:colcon.colcon_core.shell:Creating prefix chain script '/home/devuser/Workspaces/rosgsthumble_ws/install/setup.ps1'
[7.244s] INFO:colcon.colcon_core.shell:Creating prefix script '/home/devuser/Workspaces/rosgsthumble_ws/install/local_setup.sh'
[7.273s] INFO:colcon.colcon_core.shell:Creating prefix util module '/home/devuser/Workspaces/rosgsthumble_ws/install/_local_setup_util_sh.py'
[7.296s] INFO:colcon.colcon_core.shell:Creating prefix chain script '/home/devuser/Workspaces/rosgsthumble_ws/install/setup.sh'
[7.342s] INFO:colcon.colcon_core.shell:Creating prefix script '/home/devuser/Workspaces/rosgsthumble_ws/install/local_setup.bash'
[7.365s] INFO:colcon.colcon_core.shell:Creating prefix chain script '/home/devuser/Workspaces/rosgsthumble_ws/install/setup.bash'
[7.412s] INFO:colcon.colcon_core.shell:Creating prefix script '/home/devuser/Workspaces/rosgsthumble_ws/install/local_setup.zsh'
[7.434s] INFO:colcon.colcon_core.shell:Creating prefix chain script '/home/devuser/Workspaces/rosgsthumble_ws/install/setup.zsh'
