[0.126s] Invoking command in '/home/devuser/Workspaces/rosgsthumble_ws/build/audio_msgs': CMAKE_PREFIX_PATH=${CMAKE_PREFIX_PATH}:/opt/ros/humble /usr/bin/cmake --build /home/devuser/Workspaces/rosgsthumble_ws/build/audio_msgs -- -j4 -l4
[0.639s] [  0%] Built target ament_cmake_python_symlink_audio_msgs
[0.676s] [  3%] Built target audio_msgs__cpp
[0.695s] [ 12%] Built target audio_msgs__rosidl_generator_c
[1.144s] [ 22%] Built target audio_msgs__rosidl_typesupport_fastrtps_cpp
[1.225s] [ 32%] Built target audio_msgs__rosidl_typesupport_cpp
[1.246s] [ 41%] Built target audio_msgs__rosidl_typesupport_introspection_c
[1.499s] [ 51%] Built target audio_msgs__rosidl_typesupport_c
[1.591s] [ 61%] Built target audio_msgs__rosidl_typesupport_introspection_cpp
[1.618s] [ 70%] Built target audio_msgs__rosidl_typesupport_fastrtps_c
[1.910s] [ 70%] Built target audio_msgs
[2.261s] [ 74%] Built target audio_msgs__py
[2.607s] [ 80%] Built target audio_msgs__rosidl_generator_py
[2.878s] [ 87%] Built target audio_msgs__rosidl_typesupport_fastrtps_c__pyext
[3.038s] [ 93%] Built target audio_msgs__rosidl_typesupport_introspection_c__pyext
[3.049s] [100%] Built target audio_msgs__rosidl_typesupport_c__pyext
[3.314s] running egg_info
[3.319s] writing audio_msgs.egg-info/PKG-INFO
[3.322s] writing dependency_links to audio_msgs.egg-info/dependency_links.txt
[3.325s] writing top-level names to audio_msgs.egg-info/top_level.txt
[3.339s] reading manifest file 'audio_msgs.egg-info/SOURCES.txt'
[3.347s] writing manifest file 'audio_msgs.egg-info/SOURCES.txt'
[3.543s] [100%] Built target ament_cmake_python_build_audio_msgs_egg
[3.642s] Invoked command in '/home/devuser/Workspaces/rosgsthumble_ws/build/audio_msgs' returned '0': CMAKE_PREFIX_PATH=${CMAKE_PREFIX_PATH}:/opt/ros/humble /usr/bin/cmake --build /home/devuser/Workspaces/rosgsthumble_ws/build/audio_msgs -- -j4 -l4
[3.708s] Invoking command in '/home/devuser/Workspaces/rosgsthumble_ws/build/audio_msgs': CMAKE_PREFIX_PATH=${CMAKE_PREFIX_PATH}:/opt/ros/humble /usr/bin/cmake --install /home/devuser/Workspaces/rosgsthumble_ws/build/audio_msgs
[3.782s] -- Install configuration: ""
[3.789s] -- Execute custom install script
[3.797s] -- Up-to-date symlink: /home/devuser/Workspaces/rosgsthumble_ws/install/audio_msgs/share/ament_index/resource_index/rosidl_interfaces/audio_msgs
[3.809s] -- Up-to-date symlink: /home/devuser/Workspaces/rosgsthumble_ws/install/audio_msgs/include/audio_msgs/audio_msgs/msg/audio.h
[3.920s] -- Up-to-date symlink: /home/devuser/Workspaces/rosgsthumble_ws/install/audio_msgs/include/audio_msgs/audio_msgs/msg/detail/audio__functions.h
[3.939s] -- Up-to-date symlink: /home/devuser/Workspaces/rosgsthumble_ws/install/audio_msgs/include/audio_msgs/audio_msgs/msg/detail/audio__struct.h
[3.940s] -- Up-to-date symlink: /home/devuser/Workspaces/rosgsthumble_ws/install/audio_msgs/include/audio_msgs/audio_msgs/msg/detail/audio__type_support.h
[3.940s] -- Up-to-date symlink: /home/devuser/Workspaces/rosgsthumble_ws/install/audio_msgs/include/audio_msgs/audio_msgs/msg/rosidl_generator_c__visibility_control.h
[3.941s] -- Up-to-date symlink: /home/devuser/Workspaces/rosgsthumble_ws/install/audio_msgs/share/audio_msgs/environment/library_path.sh
[3.942s] -- Up-to-date symlink: /home/devuser/Workspaces/rosgsthumble_ws/install/audio_msgs/share/audio_msgs/environment/library_path.dsv
[3.942s] -- Up-to-date symlink: /home/devuser/Workspaces/rosgsthumble_ws/install/audio_msgs/include/audio_msgs/audio_msgs/msg/detail/audio__rosidl_typesupport_fastrtps_c.h
[3.943s] -- Up-to-date symlink: /home/devuser/Workspaces/rosgsthumble_ws/install/audio_msgs/include/audio_msgs/audio_msgs/msg/rosidl_typesupport_fastrtps_c__visibility_control.h
[3.943s] -- Up-to-date symlink: /home/devuser/Workspaces/rosgsthumble_ws/install/audio_msgs/include/audio_msgs/audio_msgs/msg/audio.hpp
[3.944s] -- Up-to-date symlink: /home/devuser/Workspaces/rosgsthumble_ws/install/audio_msgs/include/audio_msgs/audio_msgs/msg/detail/audio__builder.hpp
[3.944s] -- Up-to-date symlink: /home/devuser/Workspaces/rosgsthumble_ws/install/audio_msgs/include/audio_msgs/audio_msgs/msg/detail/audio__struct.hpp
[3.945s] -- Up-to-date symlink: /home/devuser/Workspaces/rosgsthumble_ws/install/audio_msgs/include/audio_msgs/audio_msgs/msg/detail/audio__traits.hpp
[3.945s] -- Up-to-date symlink: /home/devuser/Workspaces/rosgsthumble_ws/install/audio_msgs/include/audio_msgs/audio_msgs/msg/detail/audio__type_support.hpp
[3.946s] -- Up-to-date symlink: /home/devuser/Workspaces/rosgsthumble_ws/install/audio_msgs/include/audio_msgs/audio_msgs/msg/rosidl_generator_cpp__visibility_control.hpp
[3.946s] -- Up-to-date symlink: /home/devuser/Workspaces/rosgsthumble_ws/install/audio_msgs/include/audio_msgs/audio_msgs/msg/detail/audio__rosidl_typesupport_fastrtps_cpp.hpp
[3.947s] -- Up-to-date symlink: /home/devuser/Workspaces/rosgsthumble_ws/install/audio_msgs/include/audio_msgs/audio_msgs/msg/rosidl_typesupport_fastrtps_cpp__visibility_control.h
[3.947s] -- Up-to-date symlink: /home/devuser/Workspaces/rosgsthumble_ws/install/audio_msgs/include/audio_msgs/audio_msgs/msg/detail/audio__rosidl_typesupport_introspection_c.h
[3.948s] -- Up-to-date symlink: /home/devuser/Workspaces/rosgsthumble_ws/install/audio_msgs/include/audio_msgs/audio_msgs/msg/rosidl_typesupport_introspection_c__visibility_control.h
[3.948s] -- Up-to-date symlink: /home/devuser/Workspaces/rosgsthumble_ws/install/audio_msgs/include/audio_msgs/audio_msgs/msg/detail/audio__rosidl_typesupport_introspection_cpp.hpp
[3.949s] -- Up-to-date symlink: /home/devuser/Workspaces/rosgsthumble_ws/install/audio_msgs/share/audio_msgs/environment/pythonpath.sh
[3.949s] -- Up-to-date symlink: /home/devuser/Workspaces/rosgsthumble_ws/install/audio_msgs/share/audio_msgs/environment/pythonpath.dsv
[3.950s] -- Up-to-date symlink: /home/devuser/Workspaces/rosgsthumble_ws/install/audio_msgs/local/lib/python3.10/dist-packages/audio_msgs-0.0.0-py3.10.egg-info/PKG-INFO
[3.950s] -- Up-to-date symlink: /home/devuser/Workspaces/rosgsthumble_ws/install/audio_msgs/local/lib/python3.10/dist-packages/audio_msgs-0.0.0-py3.10.egg-info/SOURCES.txt
[3.951s] -- Up-to-date symlink: /home/devuser/Workspaces/rosgsthumble_ws/install/audio_msgs/local/lib/python3.10/dist-packages/audio_msgs-0.0.0-py3.10.egg-info/dependency_links.txt
[3.951s] -- Up-to-date symlink: /home/devuser/Workspaces/rosgsthumble_ws/install/audio_msgs/local/lib/python3.10/dist-packages/audio_msgs-0.0.0-py3.10.egg-info/top_level.txt
[3.952s] -- Up-to-date symlink: /home/devuser/Workspaces/rosgsthumble_ws/install/audio_msgs/local/lib/python3.10/dist-packages/audio_msgs/__init__.py
[3.952s] -- Up-to-date symlink: /home/devuser/Workspaces/rosgsthumble_ws/install/audio_msgs/local/lib/python3.10/dist-packages/audio_msgs/_audio_msgs_s.ep.rosidl_typesupport_c.c
[3.953s] -- Up-to-date symlink: /home/devuser/Workspaces/rosgsthumble_ws/install/audio_msgs/local/lib/python3.10/dist-packages/audio_msgs/_audio_msgs_s.ep.rosidl_typesupport_fastrtps_c.c
[3.960s] -- Up-to-date symlink: /home/devuser/Workspaces/rosgsthumble_ws/install/audio_msgs/local/lib/python3.10/dist-packages/audio_msgs/_audio_msgs_s.ep.rosidl_typesupport_introspection_c.c
[3.964s] -- Up-to-date symlink: /home/devuser/Workspaces/rosgsthumble_ws/install/audio_msgs/local/lib/python3.10/dist-packages/audio_msgs/audio_msgs_s__rosidl_typesupport_c.cpython-310-aarch64-linux-gnu.so
[3.965s] -- Up-to-date symlink: /home/devuser/Workspaces/rosgsthumble_ws/install/audio_msgs/local/lib/python3.10/dist-packages/audio_msgs/audio_msgs_s__rosidl_typesupport_fastrtps_c.cpython-310-aarch64-linux-gnu.so
[3.974s] -- Up-to-date symlink: /home/devuser/Workspaces/rosgsthumble_ws/install/audio_msgs/local/lib/python3.10/dist-packages/audio_msgs/audio_msgs_s__rosidl_typesupport_introspection_c.cpython-310-aarch64-linux-gnu.so
[3.975s] -- Up-to-date symlink: /home/devuser/Workspaces/rosgsthumble_ws/install/audio_msgs/local/lib/python3.10/dist-packages/audio_msgs/libaudio_msgs__rosidl_generator_py.so
[3.978s] -- Up-to-date symlink: /home/devuser/Workspaces/rosgsthumble_ws/install/audio_msgs/local/lib/python3.10/dist-packages/audio_msgs/msg/__init__.py
[3.980s] -- Up-to-date symlink: /home/devuser/Workspaces/rosgsthumble_ws/install/audio_msgs/local/lib/python3.10/dist-packages/audio_msgs/msg/_audio.py
[3.988s] -- Up-to-date symlink: /home/devuser/Workspaces/rosgsthumble_ws/install/audio_msgs/local/lib/python3.10/dist-packages/audio_msgs/msg/_audio_s.c
[3.989s] -- Up-to-date symlink: /home/devuser/Workspaces/rosgsthumble_ws/install/audio_msgs/local/lib/python3.10/dist-packages/audio_msgs/audio_msgs_s__rosidl_typesupport_fastrtps_c.cpython-310-aarch64-linux-gnu.so
[3.990s] -- Up-to-date symlink: /home/devuser/Workspaces/rosgsthumble_ws/install/audio_msgs/local/lib/python3.10/dist-packages/audio_msgs/audio_msgs_s__rosidl_typesupport_introspection_c.cpython-310-aarch64-linux-gnu.so
[3.990s] -- Up-to-date symlink: /home/devuser/Workspaces/rosgsthumble_ws/install/audio_msgs/local/lib/python3.10/dist-packages/audio_msgs/audio_msgs_s__rosidl_typesupport_c.cpython-310-aarch64-linux-gnu.so
[3.992s] -- Up-to-date symlink: /home/devuser/Workspaces/rosgsthumble_ws/install/audio_msgs/share/audio_msgs/msg/Audio.idl
[3.993s] -- Up-to-date symlink: /home/devuser/Workspaces/rosgsthumble_ws/install/audio_msgs/share/audio_msgs/msg/Audio.msg
[3.993s] -- Up-to-date symlink: /home/devuser/Workspaces/rosgsthumble_ws/install/audio_msgs/share/ament_index/resource_index/package_run_dependencies/audio_msgs
[3.994s] -- Up-to-date symlink: /home/devuser/Workspaces/rosgsthumble_ws/install/audio_msgs/share/ament_index/resource_index/parent_prefix_path/audio_msgs
[3.994s] -- Up-to-date symlink: /home/devuser/Workspaces/rosgsthumble_ws/install/audio_msgs/share/audio_msgs/environment/ament_prefix_path.sh
[3.994s] -- Up-to-date symlink: /home/devuser/Workspaces/rosgsthumble_ws/install/audio_msgs/share/audio_msgs/environment/ament_prefix_path.dsv
[3.995s] -- Up-to-date symlink: /home/devuser/Workspaces/rosgsthumble_ws/install/audio_msgs/share/audio_msgs/environment/path.sh
[3.995s] -- Up-to-date symlink: /home/devuser/Workspaces/rosgsthumble_ws/install/audio_msgs/share/audio_msgs/environment/path.dsv
[3.996s] -- Up-to-date symlink: /home/devuser/Workspaces/rosgsthumble_ws/install/audio_msgs/share/audio_msgs/local_setup.bash
[3.997s] -- Up-to-date symlink: /home/devuser/Workspaces/rosgsthumble_ws/install/audio_msgs/share/audio_msgs/local_setup.sh
[3.998s] -- Up-to-date symlink: /home/devuser/Workspaces/rosgsthumble_ws/install/audio_msgs/share/audio_msgs/local_setup.zsh
[3.998s] -- Up-to-date symlink: /home/devuser/Workspaces/rosgsthumble_ws/install/audio_msgs/share/audio_msgs/local_setup.dsv
[3.999s] -- Symlinking: /home/devuser/Workspaces/rosgsthumble_ws/install/audio_msgs/share/audio_msgs/package.dsv
[4.057s] -- Up-to-date symlink: /home/devuser/Workspaces/rosgsthumble_ws/install/audio_msgs/share/ament_index/resource_index/packages/audio_msgs
[4.058s] -- Up-to-date symlink: /home/devuser/Workspaces/rosgsthumble_ws/install/audio_msgs/share/audio_msgs/cmake/rosidl_cmake-extras.cmake
[4.060s] -- Up-to-date symlink: /home/devuser/Workspaces/rosgsthumble_ws/install/audio_msgs/share/audio_msgs/cmake/ament_cmake_export_dependencies-extras.cmake
[4.061s] -- Up-to-date symlink: /home/devuser/Workspaces/rosgsthumble_ws/install/audio_msgs/share/audio_msgs/cmake/ament_cmake_export_include_directories-extras.cmake
[4.063s] -- Up-to-date symlink: /home/devuser/Workspaces/rosgsthumble_ws/install/audio_msgs/share/audio_msgs/cmake/ament_cmake_export_libraries-extras.cmake
[4.065s] -- Up-to-date symlink: /home/devuser/Workspaces/rosgsthumble_ws/install/audio_msgs/share/audio_msgs/cmake/ament_cmake_export_targets-extras.cmake
[4.067s] -- Up-to-date symlink: /home/devuser/Workspaces/rosgsthumble_ws/install/audio_msgs/share/audio_msgs/cmake/rosidl_cmake_export_typesupport_targets-extras.cmake
[4.071s] -- Up-to-date symlink: /home/devuser/Workspaces/rosgsthumble_ws/install/audio_msgs/share/audio_msgs/cmake/rosidl_cmake_export_typesupport_libraries-extras.cmake
[4.072s] -- Up-to-date symlink: /home/devuser/Workspaces/rosgsthumble_ws/install/audio_msgs/share/audio_msgs/cmake/audio_msgsConfig.cmake
[4.073s] -- Up-to-date symlink: /home/devuser/Workspaces/rosgsthumble_ws/install/audio_msgs/share/audio_msgs/cmake/audio_msgsConfig-version.cmake
[4.074s] -- Up-to-date symlink: /home/devuser/Workspaces/rosgsthumble_ws/install/audio_msgs/share/audio_msgs/package.xml
[4.082s] -- Up-to-date: /home/devuser/Workspaces/rosgsthumble_ws/install/audio_msgs/lib/libaudio_msgs__rosidl_generator_c.so
[4.083s] -- Up-to-date: /home/devuser/Workspaces/rosgsthumble_ws/install/audio_msgs/lib/libaudio_msgs__rosidl_typesupport_fastrtps_c.so
[4.085s] -- Up-to-date: /home/devuser/Workspaces/rosgsthumble_ws/install/audio_msgs/lib/libaudio_msgs__rosidl_typesupport_fastrtps_cpp.so
[4.090s] -- Up-to-date: /home/devuser/Workspaces/rosgsthumble_ws/install/audio_msgs/lib/libaudio_msgs__rosidl_typesupport_introspection_c.so
[4.092s] -- Up-to-date: /home/devuser/Workspaces/rosgsthumble_ws/install/audio_msgs/lib/libaudio_msgs__rosidl_typesupport_c.so
[4.094s] -- Up-to-date: /home/devuser/Workspaces/rosgsthumble_ws/install/audio_msgs/lib/libaudio_msgs__rosidl_typesupport_introspection_cpp.so
[4.098s] -- Up-to-date: /home/devuser/Workspaces/rosgsthumble_ws/install/audio_msgs/lib/libaudio_msgs__rosidl_typesupport_cpp.so
[4.465s] Listing '/home/devuser/Workspaces/rosgsthumble_ws/install/audio_msgs/local/lib/python3.10/dist-packages/audio_msgs'...
[4.466s] Listing '/home/devuser/Workspaces/rosgsthumble_ws/install/audio_msgs/local/lib/python3.10/dist-packages/audio_msgs/msg'...
[4.520s] -- Up-to-date: /home/devuser/Workspaces/rosgsthumble_ws/install/audio_msgs/lib/libaudio_msgs__rosidl_generator_py.so
[4.525s] -- Up-to-date: /home/devuser/Workspaces/rosgsthumble_ws/install/audio_msgs/share/audio_msgs/cmake/export_audio_msgs__rosidl_generator_cExport.cmake
[4.534s] -- Up-to-date: /home/devuser/Workspaces/rosgsthumble_ws/install/audio_msgs/share/audio_msgs/cmake/export_audio_msgs__rosidl_generator_cExport-noconfig.cmake
[4.536s] -- Up-to-date: /home/devuser/Workspaces/rosgsthumble_ws/install/audio_msgs/share/audio_msgs/cmake/export_audio_msgs__rosidl_typesupport_fastrtps_cExport.cmake
[4.536s] -- Up-to-date: /home/devuser/Workspaces/rosgsthumble_ws/install/audio_msgs/share/audio_msgs/cmake/export_audio_msgs__rosidl_typesupport_fastrtps_cExport-noconfig.cmake
[4.543s] -- Up-to-date: /home/devuser/Workspaces/rosgsthumble_ws/install/audio_msgs/share/audio_msgs/cmake/export_audio_msgs__rosidl_generator_cppExport.cmake
[4.553s] -- Up-to-date: /home/devuser/Workspaces/rosgsthumble_ws/install/audio_msgs/share/audio_msgs/cmake/export_audio_msgs__rosidl_typesupport_fastrtps_cppExport.cmake
[4.554s] -- Up-to-date: /home/devuser/Workspaces/rosgsthumble_ws/install/audio_msgs/share/audio_msgs/cmake/export_audio_msgs__rosidl_typesupport_fastrtps_cppExport-noconfig.cmake
[4.555s] -- Up-to-date: /home/devuser/Workspaces/rosgsthumble_ws/install/audio_msgs/share/audio_msgs/cmake/audio_msgs__rosidl_typesupport_introspection_cExport.cmake
[4.555s] -- Up-to-date: /home/devuser/Workspaces/rosgsthumble_ws/install/audio_msgs/share/audio_msgs/cmake/audio_msgs__rosidl_typesupport_introspection_cExport-noconfig.cmake
[4.556s] -- Up-to-date: /home/devuser/Workspaces/rosgsthumble_ws/install/audio_msgs/share/audio_msgs/cmake/audio_msgs__rosidl_typesupport_cExport.cmake
[4.556s] -- Up-to-date: /home/devuser/Workspaces/rosgsthumble_ws/install/audio_msgs/share/audio_msgs/cmake/audio_msgs__rosidl_typesupport_cExport-noconfig.cmake
[4.563s] -- Up-to-date: /home/devuser/Workspaces/rosgsthumble_ws/install/audio_msgs/share/audio_msgs/cmake/audio_msgs__rosidl_typesupport_introspection_cppExport.cmake
[4.566s] -- Up-to-date: /home/devuser/Workspaces/rosgsthumble_ws/install/audio_msgs/share/audio_msgs/cmake/audio_msgs__rosidl_typesupport_introspection_cppExport-noconfig.cmake
[4.567s] -- Up-to-date: /home/devuser/Workspaces/rosgsthumble_ws/install/audio_msgs/share/audio_msgs/cmake/audio_msgs__rosidl_typesupport_cppExport.cmake
[4.569s] -- Up-to-date: /home/devuser/Workspaces/rosgsthumble_ws/install/audio_msgs/share/audio_msgs/cmake/audio_msgs__rosidl_typesupport_cppExport-noconfig.cmake
[4.570s] -- Up-to-date: /home/devuser/Workspaces/rosgsthumble_ws/install/audio_msgs/share/audio_msgs/cmake/export_audio_msgs__rosidl_generator_pyExport.cmake
[4.571s] -- Up-to-date: /home/devuser/Workspaces/rosgsthumble_ws/install/audio_msgs/share/audio_msgs/cmake/export_audio_msgs__rosidl_generator_pyExport-noconfig.cmake
[4.585s] Invoked command in '/home/devuser/Workspaces/rosgsthumble_ws/build/audio_msgs' returned '0': CMAKE_PREFIX_PATH=${CMAKE_PREFIX_PATH}:/opt/ros/humble /usr/bin/cmake --install /home/devuser/Workspaces/rosgsthumble_ws/build/audio_msgs
