[0.165s] Invoking command in '/home/devuser/Workspaces/build/gst_bridge': AMENT_PREFIX_PATH=/home/devuser/Workspaces/install/audio_msgs:${AMENT_PREFIX_PATH} CMAKE_PREFIX_PATH=/home/devuser/Workspaces/install/audio_msgs:/home/devuser/Workspaces/rosgsthumble_ws/install/webrtc_camera_node:/home/devuser/Workspaces/rosgsthumble_ws/install/realsense2_description:/home/devuser/Workspaces/rosgsthumble_ws/install/realsense2_camera:/home/devuser/Workspaces/rosgsthumble_ws/install/realsense2_camera_msgs:/home/devuser/Workspaces/rosgsthumble_ws/install/gst_pipeline_plugins_webrtc:/home/devuser/Workspaces/rosgsthumble_ws/install/gst_pipeline_plugins:/home/devuser/Workspaces/rosgsthumble_ws/install/gst_pipeline:/home/devuser/Workspaces/rosgsthumble_ws/install/gst_msgs:/home/devuser/Workspaces/rosgsthumble_ws/install/gst_bridge:/home/devuser/Workspaces/rosgsthumble_ws/install/cpp_campub:/home/devuser/Workspaces/rosgsthumble_ws/install/audio_msgs:/opt/ros/humble LD_LIBRARY_PATH=/home/devuser/Workspaces/install/audio_msgs/lib:${LD_LIBRARY_PATH} PYTHONPATH=/home/devuser/Workspaces/install/audio_msgs/local/lib/python3.10/dist-packages:${PYTHONPATH} /usr/bin/cmake /home/devuser/Workspaces/rosgsthumble_ws/src/ros-gst-bridge/gst_bridge -DAMENT_CMAKE_SYMLINK_INSTALL=1 -DCMAKE_INSTALL_PREFIX=/home/devuser/Workspaces/install/gst_bridge
[0.660s] -- The C compiler identification is GNU 11.4.0
[1.121s] -- The CXX compiler identification is GNU 11.4.0
[1.269s] -- Detecting C compiler ABI info
[2.047s] -- Detecting C compiler ABI info - done
[2.100s] -- Check for working C compiler: /usr/bin/cc - skipped
[2.103s] -- Detecting C compile features
[2.121s] -- Detecting C compile features - done
[2.150s] -- Detecting CXX compiler ABI info
[3.108s] -- Detecting CXX compiler ABI info - done
[3.156s] -- Check for working CXX compiler: /usr/bin/c++ - skipped
[3.158s] -- Detecting CXX compile features
[3.159s] -- Detecting CXX compile features - done
[3.224s] -- Found PkgConfig: /usr/bin/pkg-config (found version "0.29.2") 
[3.322s] -- Found ament_cmake: 1.3.12 (/opt/ros/humble/share/ament_cmake/cmake)
[4.850s] -- Found Python3: /usr/bin/python3 (found version "3.10.12") found components: Interpreter 
[5.704s] -- Override CMake install command with custom implementation using symlinks instead of copying resources
[6.284s] -- Found rclcpp: 16.0.15 (/opt/ros/humble/share/rclcpp/cmake)
[6.973s] -- Found rosidl_generator_c: 3.1.7 (/opt/ros/humble/share/rosidl_generator_c/cmake)
[7.058s] -- Found rosidl_adapter: 3.1.7 (/opt/ros/humble/share/rosidl_adapter/cmake)
[7.201s] -- Found rosidl_generator_cpp: 3.1.7 (/opt/ros/humble/share/rosidl_generator_cpp/cmake)
[7.415s] -- Using all available rosidl_typesupport_c: rosidl_typesupport_fastrtps_c;rosidl_typesupport_introspection_c
[7.659s] -- Using all available rosidl_typesupport_cpp: rosidl_typesupport_fastrtps_cpp;rosidl_typesupport_introspection_cpp
[8.281s] -- Found rmw_implementation_cmake: 6.1.2 (/opt/ros/humble/share/rmw_implementation_cmake/cmake)
[8.311s] -- Found rmw_fastrtps_cpp: 6.2.9 (/opt/ros/humble/share/rmw_fastrtps_cpp/cmake)
[9.590s] -- Found OpenSSL: /usr/lib/aarch64-linux-gnu/libcrypto.so (found version "3.0.2")  
[9.995s] -- Found FastRTPS: /opt/ros/humble/include  
[10.411s] -- Using RMW implementation 'rmw_fastrtps_cpp' as default
[10.613s] -- Looking for pthread.h
[11.573s] -- Looking for pthread.h - found
[11.574s] -- Performing Test CMAKE_HAVE_LIBC_PTHREAD
[12.342s] -- Performing Test CMAKE_HAVE_LIBC_PTHREAD - Success
[12.346s] -- Found Threads: TRUE  
[14.281s] -- Checking for one of the modules 'gstreamer-1.0'
[15.024s] -- Checking for one of the modules 'gstreamer-base-1.0'
[15.544s] -- Checking for one of the modules 'gstreamer-app-1.0'
[16.199s] -- Checking for one of the modules 'gstreamer-audio-1.0'
[16.892s] -- Checking for one of the modules 'gstreamer-video-1.0'
[18.651s] -- Found GLIB: /usr/include/glib-2.0;/usr/lib/aarch64-linux-gnu/glib-2.0/include (found version "2.72.4") 
[18.657s] -- Found audio_msgs: 0.0.0 (/home/devuser/Workspaces/install/audio_msgs/share/audio_msgs/cmake)
[18.868s] -- Found sensor_msgs: 4.9.0 (/opt/ros/humble/share/sensor_msgs/cmake)
[20.686s] -- Found ament_cmake_clang_format: 0.12.14 (/opt/ros/humble/share/ament_cmake_clang_format/cmake)
[21.304s] -- Configuring done
[23.948s] -- Generating done
[24.125s] -- Build files have been written to: /home/devuser/Workspaces/build/gst_bridge
[24.204s] Invoked command in '/home/devuser/Workspaces/build/gst_bridge' returned '0': AMENT_PREFIX_PATH=/home/devuser/Workspaces/install/audio_msgs:${AMENT_PREFIX_PATH} CMAKE_PREFIX_PATH=/home/devuser/Workspaces/install/audio_msgs:/home/devuser/Workspaces/rosgsthumble_ws/install/webrtc_camera_node:/home/devuser/Workspaces/rosgsthumble_ws/install/realsense2_description:/home/devuser/Workspaces/rosgsthumble_ws/install/realsense2_camera:/home/devuser/Workspaces/rosgsthumble_ws/install/realsense2_camera_msgs:/home/devuser/Workspaces/rosgsthumble_ws/install/gst_pipeline_plugins_webrtc:/home/devuser/Workspaces/rosgsthumble_ws/install/gst_pipeline_plugins:/home/devuser/Workspaces/rosgsthumble_ws/install/gst_pipeline:/home/devuser/Workspaces/rosgsthumble_ws/install/gst_msgs:/home/devuser/Workspaces/rosgsthumble_ws/install/gst_bridge:/home/devuser/Workspaces/rosgsthumble_ws/install/cpp_campub:/home/devuser/Workspaces/rosgsthumble_ws/install/audio_msgs:/opt/ros/humble LD_LIBRARY_PATH=/home/devuser/Workspaces/install/audio_msgs/lib:${LD_LIBRARY_PATH} PYTHONPATH=/home/devuser/Workspaces/install/audio_msgs/local/lib/python3.10/dist-packages:${PYTHONPATH} /usr/bin/cmake /home/devuser/Workspaces/rosgsthumble_ws/src/ros-gst-bridge/gst_bridge -DAMENT_CMAKE_SYMLINK_INSTALL=1 -DCMAKE_INSTALL_PREFIX=/home/devuser/Workspaces/install/gst_bridge
[24.212s] Invoking command in '/home/devuser/Workspaces/build/gst_bridge': AMENT_PREFIX_PATH=/home/devuser/Workspaces/install/audio_msgs:${AMENT_PREFIX_PATH} CMAKE_PREFIX_PATH=/home/devuser/Workspaces/install/audio_msgs:/home/devuser/Workspaces/rosgsthumble_ws/install/webrtc_camera_node:/home/devuser/Workspaces/rosgsthumble_ws/install/realsense2_description:/home/devuser/Workspaces/rosgsthumble_ws/install/realsense2_camera:/home/devuser/Workspaces/rosgsthumble_ws/install/realsense2_camera_msgs:/home/devuser/Workspaces/rosgsthumble_ws/install/gst_pipeline_plugins_webrtc:/home/devuser/Workspaces/rosgsthumble_ws/install/gst_pipeline_plugins:/home/devuser/Workspaces/rosgsthumble_ws/install/gst_pipeline:/home/devuser/Workspaces/rosgsthumble_ws/install/gst_msgs:/home/devuser/Workspaces/rosgsthumble_ws/install/gst_bridge:/home/devuser/Workspaces/rosgsthumble_ws/install/cpp_campub:/home/devuser/Workspaces/rosgsthumble_ws/install/audio_msgs:/opt/ros/humble LD_LIBRARY_PATH=/home/devuser/Workspaces/install/audio_msgs/lib:${LD_LIBRARY_PATH} PYTHONPATH=/home/devuser/Workspaces/install/audio_msgs/local/lib/python3.10/dist-packages:${PYTHONPATH} /usr/bin/cmake --build /home/devuser/Workspaces/build/gst_bridge -- -j4 -l4
[25.078s] [  7%] [32mBuilding CXX object CMakeFiles/gst_bridge.dir/src/gst_bridge.cpp.o[0m
[55.642s] [ 15%] [32mBuilding CXX object CMakeFiles/gst_bridge.dir/src/rosbasesrc.cpp.o[0m
[86.957s] [ 23%] [32mBuilding CXX object CMakeFiles/gst_bridge.dir/src/rosbasesink.cpp.o[0m
[113.417s] [ 30%] [32mBuilding CXX object CMakeFiles/gst_bridge.dir/src/rosbaseiface.cpp.o[0m
[137.400s] [ 38%] [32m[1mLinking CXX shared library libgst_bridge.so[0m
[144.314s] [ 38%] Built target gst_bridge
[144.492s] [ 46%] [32mBuilding CXX object CMakeFiles/rosgstbridge.dir/src/rosgstbridgeplugin.cpp.o[0m
[166.831s] [ 53%] [32mBuilding CXX object CMakeFiles/rosgstbridge.dir/src/rostextsink.cpp.o[0m
[205.888s] [ 61%] [32mBuilding CXX object CMakeFiles/rosgstbridge.dir/src/rosaudiosrc.cpp.o[0m
[286.527s] [ 69%] [32mBuilding CXX object CMakeFiles/rosgstbridge.dir/src/rosimagesrc.cpp.o[0m
[365.521s] [ 76%] [32mBuilding CXX object CMakeFiles/rosgstbridge.dir/src/rostextsrc.cpp.o[0m
[437.593s] [ 84%] [32mBuilding CXX object CMakeFiles/rosgstbridge.dir/src/rosimagesink.cpp.o[0m
[437.606s] [ 92%] [32mBuilding CXX object CMakeFiles/rosgstbridge.dir/src/rosaudiosink.cpp.o[0m
[494.941s] [100%] [32m[1mLinking CXX shared library librosgstbridge.so[0m
[506.179s] [100%] Built target rosgstbridge
[506.253s] Invoked command in '/home/devuser/Workspaces/build/gst_bridge' returned '0': AMENT_PREFIX_PATH=/home/devuser/Workspaces/install/audio_msgs:${AMENT_PREFIX_PATH} CMAKE_PREFIX_PATH=/home/devuser/Workspaces/install/audio_msgs:/home/devuser/Workspaces/rosgsthumble_ws/install/webrtc_camera_node:/home/devuser/Workspaces/rosgsthumble_ws/install/realsense2_description:/home/devuser/Workspaces/rosgsthumble_ws/install/realsense2_camera:/home/devuser/Workspaces/rosgsthumble_ws/install/realsense2_camera_msgs:/home/devuser/Workspaces/rosgsthumble_ws/install/gst_pipeline_plugins_webrtc:/home/devuser/Workspaces/rosgsthumble_ws/install/gst_pipeline_plugins:/home/devuser/Workspaces/rosgsthumble_ws/install/gst_pipeline:/home/devuser/Workspaces/rosgsthumble_ws/install/gst_msgs:/home/devuser/Workspaces/rosgsthumble_ws/install/gst_bridge:/home/devuser/Workspaces/rosgsthumble_ws/install/cpp_campub:/home/devuser/Workspaces/rosgsthumble_ws/install/audio_msgs:/opt/ros/humble LD_LIBRARY_PATH=/home/devuser/Workspaces/install/audio_msgs/lib:${LD_LIBRARY_PATH} PYTHONPATH=/home/devuser/Workspaces/install/audio_msgs/local/lib/python3.10/dist-packages:${PYTHONPATH} /usr/bin/cmake --build /home/devuser/Workspaces/build/gst_bridge -- -j4 -l4
[506.279s] Invoking command in '/home/devuser/Workspaces/build/gst_bridge': AMENT_PREFIX_PATH=/home/devuser/Workspaces/install/audio_msgs:${AMENT_PREFIX_PATH} CMAKE_PREFIX_PATH=/home/devuser/Workspaces/install/audio_msgs:/home/devuser/Workspaces/rosgsthumble_ws/install/webrtc_camera_node:/home/devuser/Workspaces/rosgsthumble_ws/install/realsense2_description:/home/devuser/Workspaces/rosgsthumble_ws/install/realsense2_camera:/home/devuser/Workspaces/rosgsthumble_ws/install/realsense2_camera_msgs:/home/devuser/Workspaces/rosgsthumble_ws/install/gst_pipeline_plugins_webrtc:/home/devuser/Workspaces/rosgsthumble_ws/install/gst_pipeline_plugins:/home/devuser/Workspaces/rosgsthumble_ws/install/gst_pipeline:/home/devuser/Workspaces/rosgsthumble_ws/install/gst_msgs:/home/devuser/Workspaces/rosgsthumble_ws/install/gst_bridge:/home/devuser/Workspaces/rosgsthumble_ws/install/cpp_campub:/home/devuser/Workspaces/rosgsthumble_ws/install/audio_msgs:/opt/ros/humble LD_LIBRARY_PATH=/home/devuser/Workspaces/install/audio_msgs/lib:${LD_LIBRARY_PATH} PYTHONPATH=/home/devuser/Workspaces/install/audio_msgs/local/lib/python3.10/dist-packages:${PYTHONPATH} /usr/bin/cmake --install /home/devuser/Workspaces/build/gst_bridge
[506.313s] -- Install configuration: "RelWithDebInfo"
[506.316s] -- Execute custom install script
[506.317s] -- Symlinking: /home/devuser/Workspaces/install/gst_bridge/share/gst_bridge/environment/register_plugin.dsv
[506.373s] -- Symlinking: /home/devuser/Workspaces/install/gst_bridge/share/gst_bridge/environment/library_path.sh
[506.407s] -- Symlinking: /home/devuser/Workspaces/install/gst_bridge/share/gst_bridge/environment/library_path.dsv
[506.449s] -- Symlinking: /home/devuser/Workspaces/install/gst_bridge/include/gst_bridge/gst_bridge.h
[506.481s] -- Symlinking: /home/devuser/Workspaces/install/gst_bridge/include/gst_bridge/rosaudiosink.h
[506.513s] -- Symlinking: /home/devuser/Workspaces/install/gst_bridge/include/gst_bridge/rosaudiosrc.h
[506.544s] -- Symlinking: /home/devuser/Workspaces/install/gst_bridge/include/gst_bridge/rosbaseiface.h
[506.576s] -- Symlinking: /home/devuser/Workspaces/install/gst_bridge/include/gst_bridge/rosbasesink.h
[506.607s] -- Symlinking: /home/devuser/Workspaces/install/gst_bridge/include/gst_bridge/rosbasesrc.h
[506.639s] -- Symlinking: /home/devuser/Workspaces/install/gst_bridge/include/gst_bridge/rosimagesink.h
[506.671s] -- Symlinking: /home/devuser/Workspaces/install/gst_bridge/include/gst_bridge/rosimagesrc.h
[506.702s] -- Symlinking: /home/devuser/Workspaces/install/gst_bridge/include/gst_bridge/rostextsink.h
[506.734s] -- Symlinking: /home/devuser/Workspaces/install/gst_bridge/include/gst_bridge/rostextsrc.h
[506.769s] -- Symlinking: /home/devuser/Workspaces/install/gst_bridge/lib/gst_bridge/librosgstbridge.so
[506.808s] -- Symlinking: /home/devuser/Workspaces/install/gst_bridge/share/ament_index/resource_index/package_run_dependencies/gst_bridge
[506.852s] -- Symlinking: /home/devuser/Workspaces/install/gst_bridge/share/ament_index/resource_index/parent_prefix_path/gst_bridge
[506.924s] -- Symlinking: /home/devuser/Workspaces/install/gst_bridge/share/gst_bridge/environment/ament_prefix_path.sh
[506.957s] -- Symlinking: /home/devuser/Workspaces/install/gst_bridge/share/gst_bridge/environment/ament_prefix_path.dsv
[506.991s] -- Symlinking: /home/devuser/Workspaces/install/gst_bridge/share/gst_bridge/environment/path.sh
[507.024s] -- Symlinking: /home/devuser/Workspaces/install/gst_bridge/share/gst_bridge/environment/path.dsv
[507.059s] -- Symlinking: /home/devuser/Workspaces/install/gst_bridge/share/gst_bridge/local_setup.bash
[507.093s] -- Symlinking: /home/devuser/Workspaces/install/gst_bridge/share/gst_bridge/local_setup.sh
[507.126s] -- Symlinking: /home/devuser/Workspaces/install/gst_bridge/share/gst_bridge/local_setup.zsh
[507.159s] -- Symlinking: /home/devuser/Workspaces/install/gst_bridge/share/gst_bridge/local_setup.dsv
[507.195s] -- Symlinking: /home/devuser/Workspaces/install/gst_bridge/share/gst_bridge/package.dsv
[507.229s] -- Symlinking: /home/devuser/Workspaces/install/gst_bridge/share/ament_index/resource_index/packages/gst_bridge
[507.269s] -- Symlinking: /home/devuser/Workspaces/install/gst_bridge/share/gst_bridge/cmake/ament_cmake_export_include_directories-extras.cmake
[507.316s] -- Symlinking: /home/devuser/Workspaces/install/gst_bridge/share/gst_bridge/cmake/ament_cmake_export_libraries-extras.cmake
[507.351s] -- Symlinking: /home/devuser/Workspaces/install/gst_bridge/share/gst_bridge/cmake/ament_cmake_export_dependencies-extras.cmake
[507.401s] -- Symlinking: /home/devuser/Workspaces/install/gst_bridge/share/gst_bridge/cmake/gst_bridgeConfig.cmake
[507.447s] -- Symlinking: /home/devuser/Workspaces/install/gst_bridge/share/gst_bridge/cmake/gst_bridgeConfig-version.cmake
[507.502s] -- Symlinking: /home/devuser/Workspaces/install/gst_bridge/share/gst_bridge/package.xml
[507.544s] -- Installing: /home/devuser/Workspaces/install/gst_bridge/lib/libgst_bridge.so
[507.584s] -- Set runtime path of "/home/devuser/Workspaces/install/gst_bridge/lib/libgst_bridge.so" to ""
[507.592s] Invoked command in '/home/devuser/Workspaces/build/gst_bridge' returned '0': AMENT_PREFIX_PATH=/home/devuser/Workspaces/install/audio_msgs:${AMENT_PREFIX_PATH} CMAKE_PREFIX_PATH=/home/devuser/Workspaces/install/audio_msgs:/home/devuser/Workspaces/rosgsthumble_ws/install/webrtc_camera_node:/home/devuser/Workspaces/rosgsthumble_ws/install/realsense2_description:/home/devuser/Workspaces/rosgsthumble_ws/install/realsense2_camera:/home/devuser/Workspaces/rosgsthumble_ws/install/realsense2_camera_msgs:/home/devuser/Workspaces/rosgsthumble_ws/install/gst_pipeline_plugins_webrtc:/home/devuser/Workspaces/rosgsthumble_ws/install/gst_pipeline_plugins:/home/devuser/Workspaces/rosgsthumble_ws/install/gst_pipeline:/home/devuser/Workspaces/rosgsthumble_ws/install/gst_msgs:/home/devuser/Workspaces/rosgsthumble_ws/install/gst_bridge:/home/devuser/Workspaces/rosgsthumble_ws/install/cpp_campub:/home/devuser/Workspaces/rosgsthumble_ws/install/audio_msgs:/opt/ros/humble LD_LIBRARY_PATH=/home/devuser/Workspaces/install/audio_msgs/lib:${LD_LIBRARY_PATH} PYTHONPATH=/home/devuser/Workspaces/install/audio_msgs/local/lib/python3.10/dist-packages:${PYTHONPATH} /usr/bin/cmake --install /home/devuser/Workspaces/build/gst_bridge
