[0.133s] Invoking command in '/home/devuser/Workspaces/build/realsense2_camera': AMENT_PREFIX_PATH=/home/devuser/Workspaces/install/realsense2_camera_msgs:${AMENT_PREFIX_PATH} CMAKE_PREFIX_PATH=/home/devuser/Workspaces/install/realsense2_camera_msgs:/home/devuser/Workspaces/rosgsthumble_ws/install/webrtc_camera_node:/home/devuser/Workspaces/rosgsthumble_ws/install/realsense2_description:/home/devuser/Workspaces/rosgsthumble_ws/install/realsense2_camera:/home/devuser/Workspaces/rosgsthumble_ws/install/realsense2_camera_msgs:/home/devuser/Workspaces/rosgsthumble_ws/install/gst_pipeline_plugins_webrtc:/home/devuser/Workspaces/rosgsthumble_ws/install/gst_pipeline_plugins:/home/devuser/Workspaces/rosgsthumble_ws/install/gst_pipeline:/home/devuser/Workspaces/rosgsthumble_ws/install/gst_msgs:/home/devuser/Workspaces/rosgsthumble_ws/install/gst_bridge:/home/devuser/Workspaces/rosgsthumble_ws/install/cpp_campub:/home/devuser/Workspaces/rosgsthumble_ws/install/audio_msgs:/opt/ros/humble LD_LIBRARY_PATH=/home/devuser/Workspaces/install/realsense2_camera_msgs/lib:${LD_LIBRARY_PATH} PYTHONPATH=/home/devuser/Workspaces/install/realsense2_camera_msgs/local/lib/python3.10/dist-packages:${PYTHONPATH} /usr/bin/cmake /home/devuser/Workspaces/rosgsthumble_ws/src/realsense-ros/realsense2_camera -DAMENT_CMAKE_SYMLINK_INSTALL=1 -DCMAKE_INSTALL_PREFIX=/home/devuser/Workspaces/install/realsense2_camera
[0.690s] -- The C compiler identification is GNU 11.4.0
[1.223s] -- The CXX compiler identification is GNU 11.4.0
[1.273s] -- Detecting C compiler ABI info
[1.753s] -- Detecting C compiler ABI info - done
[1.821s] -- Check for working C compiler: /usr/bin/cc - skipped
[1.836s] -- Detecting C compile features
[1.840s] -- Detecting C compile features - done
[1.859s] -- Detecting CXX compiler ABI info
[2.422s] -- Detecting CXX compiler ABI info - done
[2.471s] -- Check for working CXX compiler: /usr/bin/c++ - skipped
[2.472s] -- Detecting CXX compile features
[2.476s] -- Detecting CXX compile features - done
[2.487s] -- Create Release Build.
[2.583s] -- Found ament_cmake: 1.3.12 (/opt/ros/humble/share/ament_cmake/cmake)
[3.974s] -- Found Python3: /usr/bin/python3 (found version "3.10.12") found components: Interpreter 
[4.595s] -- Override CMake install command with custom implementation using symlinks instead of copying resources
[5.128s] -- Found builtin_interfaces: 1.2.2 (/opt/ros/humble/share/builtin_interfaces/cmake)
[6.022s] -- Found rosidl_generator_c: 3.1.7 (/opt/ros/humble/share/rosidl_generator_c/cmake)
[6.137s] -- Found rosidl_adapter: 3.1.7 (/opt/ros/humble/share/rosidl_adapter/cmake)
[6.217s] -- Found rosidl_generator_cpp: 3.1.7 (/opt/ros/humble/share/rosidl_generator_cpp/cmake)
[6.463s] -- Using all available rosidl_typesupport_c: rosidl_typesupport_fastrtps_c;rosidl_typesupport_introspection_c
[6.642s] -- Using all available rosidl_typesupport_cpp: rosidl_typesupport_fastrtps_cpp;rosidl_typesupport_introspection_cpp
[6.785s] -- Found cv_bridge: 3.2.1 (/opt/ros/humble/share/cv_bridge/cmake)
[7.396s] -- Found image_transport: 3.1.12 (/opt/ros/humble/share/image_transport/cmake)
[8.110s] -- Found rmw_implementation_cmake: 6.1.2 (/opt/ros/humble/share/rmw_implementation_cmake/cmake)
[8.204s] -- Found rmw_fastrtps_cpp: 6.2.9 (/opt/ros/humble/share/rmw_fastrtps_cpp/cmake)
[9.126s] -- Found OpenSSL: /usr/lib/aarch64-linux-gnu/libcrypto.so (found version "3.0.2")  
[9.348s] -- Found FastRTPS: /opt/ros/humble/include  
[9.678s] -- Using RMW implementation 'rmw_fastrtps_cpp' as default
[9.779s] -- Looking for pthread.h
[10.173s] -- Looking for pthread.h - found
[10.186s] -- Performing Test CMAKE_HAVE_LIBC_PTHREAD
[10.603s] -- Performing Test CMAKE_HAVE_LIBC_PTHREAD - Success
[10.606s] -- Found Threads: TRUE  
[11.363s] -- Found rclcpp_action: 16.0.15 (/opt/ros/humble/share/rclcpp_action/cmake)
[11.704s] -- Found rclcpp_components: 16.0.15 (/opt/ros/humble/share/rclcpp_components/cmake)
[11.860s] -- Found realsense2_camera_msgs: 4.56.4 (/home/devuser/Workspaces/install/realsense2_camera_msgs/share/realsense2_camera_msgs/cmake)
[12.045s] -- Found std_srvs: 4.9.0 (/opt/ros/humble/share/std_srvs/cmake)
[12.200s] -- Found nav_msgs: 4.9.0 (/opt/ros/humble/share/nav_msgs/cmake)
[12.356s] -- Found tf2_ros: 0.25.16 (/opt/ros/humble/share/tf2_ros/cmake)
[12.703s] -- Found diagnostic_updater: 4.0.6 (/opt/ros/humble/share/diagnostic_updater/cmake)
[12.984s] -- Found OpenCV: /usr (found version "4.5.4") found components: core 
[13.007s] -- Build for ROS2 Humble
[13.148s] -- Found ament_cmake_gtest: 1.3.12 (/opt/ros/humble/share/ament_cmake_gtest/cmake)
[13.204s] -- Found gtest sources under '/opt/ros/humble/src/gtest_vendor': C++ tests using 'Google Test' will be built
[13.247s] -- Found ament_cmake_pytest: 1.3.12 (/opt/ros/humble/share/ament_cmake_pytest/cmake)
[32.930s] -- rs_device_info:
[32.933s] --  05/12 00:28:56,710 ERROR [547531393664] (context.cpp:40) No valid configuration file found at : /home/devuser/.realsense-config.json loading defaults
[32.933s] Device Name                   Serial Number       Firmware Version
[32.934s] Intel RealSense D435          918512070794        5.17.0.10
[32.934s] 
[32.935s] -- D455 device found
[48.128s] -- Configuring done
[48.345s] -- Generating done
[48.384s] -- Build files have been written to: /home/devuser/Workspaces/build/realsense2_camera
[48.453s] Invoked command in '/home/devuser/Workspaces/build/realsense2_camera' returned '0': AMENT_PREFIX_PATH=/home/devuser/Workspaces/install/realsense2_camera_msgs:${AMENT_PREFIX_PATH} CMAKE_PREFIX_PATH=/home/devuser/Workspaces/install/realsense2_camera_msgs:/home/devuser/Workspaces/rosgsthumble_ws/install/webrtc_camera_node:/home/devuser/Workspaces/rosgsthumble_ws/install/realsense2_description:/home/devuser/Workspaces/rosgsthumble_ws/install/realsense2_camera:/home/devuser/Workspaces/rosgsthumble_ws/install/realsense2_camera_msgs:/home/devuser/Workspaces/rosgsthumble_ws/install/gst_pipeline_plugins_webrtc:/home/devuser/Workspaces/rosgsthumble_ws/install/gst_pipeline_plugins:/home/devuser/Workspaces/rosgsthumble_ws/install/gst_pipeline:/home/devuser/Workspaces/rosgsthumble_ws/install/gst_msgs:/home/devuser/Workspaces/rosgsthumble_ws/install/gst_bridge:/home/devuser/Workspaces/rosgsthumble_ws/install/cpp_campub:/home/devuser/Workspaces/rosgsthumble_ws/install/audio_msgs:/opt/ros/humble LD_LIBRARY_PATH=/home/devuser/Workspaces/install/realsense2_camera_msgs/lib:${LD_LIBRARY_PATH} PYTHONPATH=/home/devuser/Workspaces/install/realsense2_camera_msgs/local/lib/python3.10/dist-packages:${PYTHONPATH} /usr/bin/cmake /home/devuser/Workspaces/rosgsthumble_ws/src/realsense-ros/realsense2_camera -DAMENT_CMAKE_SYMLINK_INSTALL=1 -DCMAKE_INSTALL_PREFIX=/home/devuser/Workspaces/install/realsense2_camera
[48.461s] Invoking command in '/home/devuser/Workspaces/build/realsense2_camera': AMENT_PREFIX_PATH=/home/devuser/Workspaces/install/realsense2_camera_msgs:${AMENT_PREFIX_PATH} CMAKE_PREFIX_PATH=/home/devuser/Workspaces/install/realsense2_camera_msgs:/home/devuser/Workspaces/rosgsthumble_ws/install/webrtc_camera_node:/home/devuser/Workspaces/rosgsthumble_ws/install/realsense2_description:/home/devuser/Workspaces/rosgsthumble_ws/install/realsense2_camera:/home/devuser/Workspaces/rosgsthumble_ws/install/realsense2_camera_msgs:/home/devuser/Workspaces/rosgsthumble_ws/install/gst_pipeline_plugins_webrtc:/home/devuser/Workspaces/rosgsthumble_ws/install/gst_pipeline_plugins:/home/devuser/Workspaces/rosgsthumble_ws/install/gst_pipeline:/home/devuser/Workspaces/rosgsthumble_ws/install/gst_msgs:/home/devuser/Workspaces/rosgsthumble_ws/install/gst_bridge:/home/devuser/Workspaces/rosgsthumble_ws/install/cpp_campub:/home/devuser/Workspaces/rosgsthumble_ws/install/audio_msgs:/opt/ros/humble LD_LIBRARY_PATH=/home/devuser/Workspaces/install/realsense2_camera_msgs/lib:${LD_LIBRARY_PATH} PYTHONPATH=/home/devuser/Workspaces/install/realsense2_camera_msgs/local/lib/python3.10/dist-packages:${PYTHONPATH} /usr/bin/cmake --build /home/devuser/Workspaces/build/realsense2_camera -- -j4 -l4
[48.846s] [  4%] [32mBuilding CXX object CMakeFiles/realsense2_camera.dir/src/realsense_node_factory.cpp.o[0m
[117.216s] [  8%] [32mBuilding CXX object CMakeFiles/realsense2_camera.dir/src/base_realsense_node.cpp.o[0m
[208.336s] [ 12%] [32mBuilding CXX object CMakeFiles/realsense2_camera.dir/src/parameters.cpp.o[0m
[252.279s] [ 16%] [32mBuilding CXX object CMakeFiles/realsense2_camera.dir/src/rs_node_setup.cpp.o[0m
[364.638s] [ 20%] [32mBuilding CXX object CMakeFiles/realsense2_camera.dir/src/ros_sensor.cpp.o[0m
[410.939s] [ 24%] [32mBuilding CXX object CMakeFiles/realsense2_camera.dir/src/ros_utils.cpp.o[0m
[433.451s] [ 28%] [32mBuilding CXX object CMakeFiles/realsense2_camera.dir/src/dynamic_params.cpp.o[0m
[467.820s] [ 32%] [32mBuilding CXX object CMakeFiles/realsense2_camera.dir/src/sensor_params.cpp.o[0m
[502.452s] [ 36%] [32mBuilding CXX object CMakeFiles/realsense2_camera.dir/src/named_filter.cpp.o[0m
[538.725s] [ 40%] [32mBuilding CXX object CMakeFiles/realsense2_camera.dir/src/pointcloud_filter.cpp.o[0m
[600.187s] [ 44%] [32mBuilding CXX object CMakeFiles/realsense2_camera.dir/src/align_depth_filter.cpp.o[0m
[640.983s] [ 48%] [32mBuilding CXX object CMakeFiles/realsense2_camera.dir/src/profile_manager.cpp.o[0m
[715.914s] [ 52%] [32mBuilding CXX object CMakeFiles/realsense2_camera.dir/src/image_publisher.cpp.o[0m
[757.907s] [ 56%] [32mBuilding CXX object CMakeFiles/realsense2_camera.dir/src/tfs.cpp.o[0m
[812.706s] [ 60%] [32mBuilding CXX object CMakeFiles/realsense2_camera.dir/src/actions.cpp.o[0m
[852.436s] [ 64%] [32mBuilding CXX object CMakeFiles/realsense2_camera.dir/src/ros_param_backend.cpp.o[0m
[868.532s] [ 68%] [32m[1mLinking CXX shared library librealsense2_camera.so[0m
[872.063s] [ 68%] Built target realsense2_camera
[872.210s] [ 72%] [32mBuilding CXX object gtest/CMakeFiles/gtest.dir/src/gtest-all.cc.o[0m
[913.361s] [ 76%] [32m[1mLinking CXX static library libgtest.a[0m
[913.621s] [ 76%] Built target gtest
[914.038s] [ 80%] [32mBuilding CXX object gtest/CMakeFiles/gtest_main.dir/src/gtest_main.cc.o[0m
[917.259s] [ 84%] [32m[1mLinking CXX static library libgtest_main.a[0m
[917.400s] [ 84%] Built target gtest_main
[917.493s] [ 88%] [32mBuilding CXX object CMakeFiles/realsense2_camera_node.dir/rclcpp_components/node_main_realsense2_camera_node.cpp.o[0m
[934.779s] [ 92%] [32m[1mLinking CXX executable realsense2_camera_node[0m
[935.239s] [ 92%] Built target realsense2_camera_node
[935.358s] [ 96%] [32mBuilding CXX object CMakeFiles/gtest_template.dir/test/gtest_template.cpp.o[0m
[939.357s] [100%] [32m[1mLinking CXX executable gtest_template[0m
[939.724s] [100%] Built target gtest_template
[939.778s] Invoked command in '/home/devuser/Workspaces/build/realsense2_camera' returned '0': AMENT_PREFIX_PATH=/home/devuser/Workspaces/install/realsense2_camera_msgs:${AMENT_PREFIX_PATH} CMAKE_PREFIX_PATH=/home/devuser/Workspaces/install/realsense2_camera_msgs:/home/devuser/Workspaces/rosgsthumble_ws/install/webrtc_camera_node:/home/devuser/Workspaces/rosgsthumble_ws/install/realsense2_description:/home/devuser/Workspaces/rosgsthumble_ws/install/realsense2_camera:/home/devuser/Workspaces/rosgsthumble_ws/install/realsense2_camera_msgs:/home/devuser/Workspaces/rosgsthumble_ws/install/gst_pipeline_plugins_webrtc:/home/devuser/Workspaces/rosgsthumble_ws/install/gst_pipeline_plugins:/home/devuser/Workspaces/rosgsthumble_ws/install/gst_pipeline:/home/devuser/Workspaces/rosgsthumble_ws/install/gst_msgs:/home/devuser/Workspaces/rosgsthumble_ws/install/gst_bridge:/home/devuser/Workspaces/rosgsthumble_ws/install/cpp_campub:/home/devuser/Workspaces/rosgsthumble_ws/install/audio_msgs:/opt/ros/humble LD_LIBRARY_PATH=/home/devuser/Workspaces/install/realsense2_camera_msgs/lib:${LD_LIBRARY_PATH} PYTHONPATH=/home/devuser/Workspaces/install/realsense2_camera_msgs/local/lib/python3.10/dist-packages:${PYTHONPATH} /usr/bin/cmake --build /home/devuser/Workspaces/build/realsense2_camera -- -j4 -l4
[939.788s] Invoking command in '/home/devuser/Workspaces/build/realsense2_camera': AMENT_PREFIX_PATH=/home/devuser/Workspaces/install/realsense2_camera_msgs:${AMENT_PREFIX_PATH} CMAKE_PREFIX_PATH=/home/devuser/Workspaces/install/realsense2_camera_msgs:/home/devuser/Workspaces/rosgsthumble_ws/install/webrtc_camera_node:/home/devuser/Workspaces/rosgsthumble_ws/install/realsense2_description:/home/devuser/Workspaces/rosgsthumble_ws/install/realsense2_camera:/home/devuser/Workspaces/rosgsthumble_ws/install/realsense2_camera_msgs:/home/devuser/Workspaces/rosgsthumble_ws/install/gst_pipeline_plugins_webrtc:/home/devuser/Workspaces/rosgsthumble_ws/install/gst_pipeline_plugins:/home/devuser/Workspaces/rosgsthumble_ws/install/gst_pipeline:/home/devuser/Workspaces/rosgsthumble_ws/install/gst_msgs:/home/devuser/Workspaces/rosgsthumble_ws/install/gst_bridge:/home/devuser/Workspaces/rosgsthumble_ws/install/cpp_campub:/home/devuser/Workspaces/rosgsthumble_ws/install/audio_msgs:/opt/ros/humble LD_LIBRARY_PATH=/home/devuser/Workspaces/install/realsense2_camera_msgs/lib:${LD_LIBRARY_PATH} PYTHONPATH=/home/devuser/Workspaces/install/realsense2_camera_msgs/local/lib/python3.10/dist-packages:${PYTHONPATH} /usr/bin/cmake --install /home/devuser/Workspaces/build/realsense2_camera
[939.819s] -- Install configuration: "Release"
[939.822s] -- Execute custom install script
[939.824s] -- Symlinking: /home/devuser/Workspaces/install/realsense2_camera/share/realsense2_camera/config/global_settings.yaml
[939.864s] -- Symlinking: /home/devuser/Workspaces/install/realsense2_camera/lib/realsense2_camera/realsense2_camera_node
[939.909s] -- Symlinking: /home/devuser/Workspaces/install/realsense2_camera/lib/librealsense2_camera.so
[939.953s] -- Symlinking: /home/devuser/Workspaces/install/realsense2_camera/include/align_depth_filter.h
[939.989s] -- Symlinking: /home/devuser/Workspaces/install/realsense2_camera/include/base_realsense_node.h
[940.025s] -- Symlinking: /home/devuser/Workspaces/install/realsense2_camera/include/constants.h
[940.059s] -- Symlinking: /home/devuser/Workspaces/install/realsense2_camera/include/dynamic_params.h
[940.096s] -- Symlinking: /home/devuser/Workspaces/install/realsense2_camera/include/gl_window.h
[940.131s] -- Symlinking: /home/devuser/Workspaces/install/realsense2_camera/include/image_publisher.h
[940.167s] -- Symlinking: /home/devuser/Workspaces/install/realsense2_camera/include/named_filter.h
[940.206s] -- Symlinking: /home/devuser/Workspaces/install/realsense2_camera/include/pointcloud_filter.h
[940.243s] -- Symlinking: /home/devuser/Workspaces/install/realsense2_camera/include/profile_manager.h
[940.280s] -- Symlinking: /home/devuser/Workspaces/install/realsense2_camera/include/realsense_node_factory.h
[940.348s] -- Symlinking: /home/devuser/Workspaces/install/realsense2_camera/include/ros_node_base.h
[940.387s] -- Symlinking: /home/devuser/Workspaces/install/realsense2_camera/include/ros_param_backend.h
[940.427s] -- Symlinking: /home/devuser/Workspaces/install/realsense2_camera/include/ros_sensor.h
[940.464s] -- Symlinking: /home/devuser/Workspaces/install/realsense2_camera/include/ros_utils.h
[940.505s] -- Symlinking: /home/devuser/Workspaces/install/realsense2_camera/include/sensor_params.h
[940.545s] -- Symlinking: /home/devuser/Workspaces/install/realsense2_camera/share/realsense2_camera/launch/default.rviz
[940.582s] -- Symlinking: /home/devuser/Workspaces/install/realsense2_camera/share/realsense2_camera/launch/rs_intra_process_demo_launch.py
[940.616s] -- Symlinking: /home/devuser/Workspaces/install/realsense2_camera/share/realsense2_camera/launch/rs_launch.py
[940.656s] -- Symlinking: /home/devuser/Workspaces/install/realsense2_camera/share/realsense2_camera/launch/rs_multi_camera_launch.py
[940.697s] -- Symlinking: /home/devuser/Workspaces/install/realsense2_camera/share/realsense2_camera/launch/rs_multi_camera_launch_sync.py
[940.759s] -- Symlinking: /home/devuser/Workspaces/install/realsense2_camera/share/realsense2_camera/examples/align_depth/README.md
[940.795s] -- Symlinking: /home/devuser/Workspaces/install/realsense2_camera/share/realsense2_camera/examples/align_depth/rs_align_depth_launch.py
[940.832s] -- Symlinking: /home/devuser/Workspaces/install/realsense2_camera/share/realsense2_camera/examples/d500_tables/calib_config_example.json
[940.867s] -- Symlinking: /home/devuser/Workspaces/install/realsense2_camera/share/realsense2_camera/examples/dual_camera/README.md
[940.903s] -- Symlinking: /home/devuser/Workspaces/install/realsense2_camera/share/realsense2_camera/examples/dual_camera/rs_dual_camera_launch.py
[940.939s] -- Symlinking: /home/devuser/Workspaces/install/realsense2_camera/share/realsense2_camera/examples/dual_camera/rviz/dual_camera_pointcloud.rviz
[940.976s] -- Symlinking: /home/devuser/Workspaces/install/realsense2_camera/share/realsense2_camera/examples/launch_from_rosbag/README.md
[941.012s] -- Symlinking: /home/devuser/Workspaces/install/realsense2_camera/share/realsense2_camera/examples/launch_from_rosbag/rs_launch_from_rosbag.py
[941.048s] -- Symlinking: /home/devuser/Workspaces/install/realsense2_camera/share/realsense2_camera/examples/launch_params_from_file/README.md
[941.084s] -- Symlinking: /home/devuser/Workspaces/install/realsense2_camera/share/realsense2_camera/examples/launch_params_from_file/config/config.yaml
[941.123s] -- Symlinking: /home/devuser/Workspaces/install/realsense2_camera/share/realsense2_camera/examples/launch_params_from_file/rs_launch_get_params_from_yaml.py
[941.159s] -- Symlinking: /home/devuser/Workspaces/install/realsense2_camera/share/realsense2_camera/examples/pointcloud/README.md
[941.195s] -- Symlinking: /home/devuser/Workspaces/install/realsense2_camera/share/realsense2_camera/examples/pointcloud/rs_d405_pointcloud_launch.py
[941.236s] -- Symlinking: /home/devuser/Workspaces/install/realsense2_camera/share/realsense2_camera/examples/pointcloud/rs_d455_pointcloud_launch.py
[941.267s] -- Symlinking: /home/devuser/Workspaces/install/realsense2_camera/share/realsense2_camera/examples/pointcloud/rs_pointcloud_infra_launch.py
[941.303s] -- Symlinking: /home/devuser/Workspaces/install/realsense2_camera/share/realsense2_camera/examples/pointcloud/rs_pointcloud_launch.py
[941.338s] -- Symlinking: /home/devuser/Workspaces/install/realsense2_camera/share/realsense2_camera/examples/pointcloud/rviz/pointcloud.rviz
[941.372s] -- Symlinking: /home/devuser/Workspaces/install/realsense2_camera/share/realsense2_camera/examples/pointcloud/rviz/urdf_pointcloud.rviz
[941.408s] -- Symlinking: /home/devuser/Workspaces/install/realsense2_camera/share/realsense2_camera/environment/library_path.sh
[941.446s] -- Symlinking: /home/devuser/Workspaces/install/realsense2_camera/share/realsense2_camera/environment/library_path.dsv
[941.485s] -- Symlinking: /home/devuser/Workspaces/install/realsense2_camera/share/ament_index/resource_index/package_run_dependencies/realsense2_camera
[941.523s] -- Symlinking: /home/devuser/Workspaces/install/realsense2_camera/share/ament_index/resource_index/parent_prefix_path/realsense2_camera
[941.559s] -- Symlinking: /home/devuser/Workspaces/install/realsense2_camera/share/realsense2_camera/environment/ament_prefix_path.sh
[941.595s] -- Symlinking: /home/devuser/Workspaces/install/realsense2_camera/share/realsense2_camera/environment/ament_prefix_path.dsv
[941.638s] -- Symlinking: /home/devuser/Workspaces/install/realsense2_camera/share/realsense2_camera/environment/path.sh
[941.673s] -- Symlinking: /home/devuser/Workspaces/install/realsense2_camera/share/realsense2_camera/environment/path.dsv
[941.714s] -- Symlinking: /home/devuser/Workspaces/install/realsense2_camera/share/realsense2_camera/local_setup.bash
[941.750s] -- Symlinking: /home/devuser/Workspaces/install/realsense2_camera/share/realsense2_camera/local_setup.sh
[941.791s] -- Symlinking: /home/devuser/Workspaces/install/realsense2_camera/share/realsense2_camera/local_setup.zsh
[941.826s] -- Symlinking: /home/devuser/Workspaces/install/realsense2_camera/share/realsense2_camera/local_setup.dsv
[941.863s] -- Symlinking: /home/devuser/Workspaces/install/realsense2_camera/share/realsense2_camera/package.dsv
[941.901s] -- Symlinking: /home/devuser/Workspaces/install/realsense2_camera/share/ament_index/resource_index/packages/realsense2_camera
[941.938s] -- Symlinking: /home/devuser/Workspaces/install/realsense2_camera/share/ament_index/resource_index/rclcpp_components/realsense2_camera
[941.975s] -- Symlinking: /home/devuser/Workspaces/install/realsense2_camera/share/realsense2_camera/cmake/ament_cmake_export_include_directories-extras.cmake
[942.014s] -- Symlinking: /home/devuser/Workspaces/install/realsense2_camera/share/realsense2_camera/cmake/ament_cmake_export_libraries-extras.cmake
[942.053s] -- Symlinking: /home/devuser/Workspaces/install/realsense2_camera/share/realsense2_camera/cmake/ament_cmake_export_dependencies-extras.cmake
[942.091s] -- Symlinking: /home/devuser/Workspaces/install/realsense2_camera/share/realsense2_camera/cmake/realsense2_cameraConfig.cmake
[942.128s] -- Symlinking: /home/devuser/Workspaces/install/realsense2_camera/share/realsense2_camera/cmake/realsense2_cameraConfig-version.cmake
[942.163s] -- Symlinking: /home/devuser/Workspaces/install/realsense2_camera/share/realsense2_camera/package.xml
[942.209s] Invoked command in '/home/devuser/Workspaces/build/realsense2_camera' returned '0': AMENT_PREFIX_PATH=/home/devuser/Workspaces/install/realsense2_camera_msgs:${AMENT_PREFIX_PATH} CMAKE_PREFIX_PATH=/home/devuser/Workspaces/install/realsense2_camera_msgs:/home/devuser/Workspaces/rosgsthumble_ws/install/webrtc_camera_node:/home/devuser/Workspaces/rosgsthumble_ws/install/realsense2_description:/home/devuser/Workspaces/rosgsthumble_ws/install/realsense2_camera:/home/devuser/Workspaces/rosgsthumble_ws/install/realsense2_camera_msgs:/home/devuser/Workspaces/rosgsthumble_ws/install/gst_pipeline_plugins_webrtc:/home/devuser/Workspaces/rosgsthumble_ws/install/gst_pipeline_plugins:/home/devuser/Workspaces/rosgsthumble_ws/install/gst_pipeline:/home/devuser/Workspaces/rosgsthumble_ws/install/gst_msgs:/home/devuser/Workspaces/rosgsthumble_ws/install/gst_bridge:/home/devuser/Workspaces/rosgsthumble_ws/install/cpp_campub:/home/devuser/Workspaces/rosgsthumble_ws/install/audio_msgs:/opt/ros/humble LD_LIBRARY_PATH=/home/devuser/Workspaces/install/realsense2_camera_msgs/lib:${LD_LIBRARY_PATH} PYTHONPATH=/home/devuser/Workspaces/install/realsense2_camera_msgs/local/lib/python3.10/dist-packages:${PYTHONPATH} /usr/bin/cmake --install /home/devuser/Workspaces/build/realsense2_camera
