[0.154s] Invoking command in '/home/devuser/Workspaces/rosgsthumble_ws/build/gst_msgs': CMAKE_PREFIX_PATH=${CMAKE_PREFIX_PATH}:/opt/ros/humble /usr/bin/cmake --build /home/devuser/Workspaces/rosgsthumble_ws/build/gst_msgs -- -j4 -l4
[1.475s] [ 10%] Built target ament_cmake_python_symlink_gst_msgs
[1.483s] [ 11%] Built target gst_msgs__rosidl_generator_c
[1.585s] [ 12%] Built target gst_msgs__cpp
[2.038s] [ 24%] Built target gst_msgs__rosidl_typesupport_c
[2.069s] [ 35%] Built target gst_msgs__rosidl_typesupport_introspection_c
[2.084s] [ 46%] Built target gst_msgs__rosidl_typesupport_fastrtps_c
[2.581s] [ 58%] Built target gst_msgs__rosidl_typesupport_introspection_cpp
[2.707s] [ 69%] Built target gst_msgs__rosidl_typesupport_cpp
[2.746s] [ 81%] Built target gst_msgs__rosidl_typesupport_fastrtps_cpp
[3.004s] [ 81%] Built target gst_msgs
[3.486s] [ 82%] Built target gst_msgs__py
[3.866s] [ 92%] Built target gst_msgs__rosidl_generator_py
[4.285s] [ 94%] Built target gst_msgs__rosidl_typesupport_introspection_c__pyext
[4.343s] [ 97%] Built target gst_msgs__rosidl_typesupport_c__pyext
[4.365s] [100%] Built target gst_msgs__rosidl_typesupport_fastrtps_c__pyext
[7.912s] running egg_info
[7.927s] writing gst_msgs.egg-info/PKG-INFO
[7.928s] writing dependency_links to gst_msgs.egg-info/dependency_links.txt
[7.929s] writing top-level names to gst_msgs.egg-info/top_level.txt
[7.942s] reading manifest file 'gst_msgs.egg-info/SOURCES.txt'
[7.962s] writing manifest file 'gst_msgs.egg-info/SOURCES.txt'
[8.270s] [100%] Built target ament_cmake_python_build_gst_msgs_egg
[8.482s] Invoked command in '/home/devuser/Workspaces/rosgsthumble_ws/build/gst_msgs' returned '0': CMAKE_PREFIX_PATH=${CMAKE_PREFIX_PATH}:/opt/ros/humble /usr/bin/cmake --build /home/devuser/Workspaces/rosgsthumble_ws/build/gst_msgs -- -j4 -l4
[8.497s] Invoking command in '/home/devuser/Workspaces/rosgsthumble_ws/build/gst_msgs': CMAKE_PREFIX_PATH=${CMAKE_PREFIX_PATH}:/opt/ros/humble /usr/bin/cmake --install /home/devuser/Workspaces/rosgsthumble_ws/build/gst_msgs
[8.570s] -- Install configuration: ""
[8.619s] -- Execute custom install script
[8.642s] -- Up-to-date symlink: /home/devuser/Workspaces/rosgsthumble_ws/install/gst_msgs/share/ament_index/resource_index/rosidl_interfaces/gst_msgs
[8.681s] -- Up-to-date symlink: /home/devuser/Workspaces/rosgsthumble_ws/install/gst_msgs/include/gst_msgs/gst_msgs/msg/buffer_event.h
[8.684s] -- Up-to-date symlink: /home/devuser/Workspaces/rosgsthumble_ws/install/gst_msgs/include/gst_msgs/gst_msgs/msg/clock_observation.h
[8.709s] -- Up-to-date symlink: /home/devuser/Workspaces/rosgsthumble_ws/install/gst_msgs/include/gst_msgs/gst_msgs/msg/detail/buffer_event__functions.h
[8.755s] -- Up-to-date symlink: /home/devuser/Workspaces/rosgsthumble_ws/install/gst_msgs/include/gst_msgs/gst_msgs/msg/detail/buffer_event__struct.h
[8.757s] -- Up-to-date symlink: /home/devuser/Workspaces/rosgsthumble_ws/install/gst_msgs/include/gst_msgs/gst_msgs/msg/detail/buffer_event__type_support.h
[8.772s] -- Up-to-date symlink: /home/devuser/Workspaces/rosgsthumble_ws/install/gst_msgs/include/gst_msgs/gst_msgs/msg/detail/clock_observation__functions.h
[8.776s] -- Up-to-date symlink: /home/devuser/Workspaces/rosgsthumble_ws/install/gst_msgs/include/gst_msgs/gst_msgs/msg/detail/clock_observation__struct.h
[8.786s] -- Up-to-date symlink: /home/devuser/Workspaces/rosgsthumble_ws/install/gst_msgs/include/gst_msgs/gst_msgs/msg/detail/clock_observation__type_support.h
[8.791s] -- Up-to-date symlink: /home/devuser/Workspaces/rosgsthumble_ws/install/gst_msgs/include/gst_msgs/gst_msgs/msg/detail/frame_gate__functions.h
[8.836s] -- Up-to-date symlink: /home/devuser/Workspaces/rosgsthumble_ws/install/gst_msgs/include/gst_msgs/gst_msgs/msg/detail/frame_gate__struct.h
[8.887s] -- Up-to-date symlink: /home/devuser/Workspaces/rosgsthumble_ws/install/gst_msgs/include/gst_msgs/gst_msgs/msg/detail/frame_gate__type_support.h
[8.928s] -- Up-to-date symlink: /home/devuser/Workspaces/rosgsthumble_ws/install/gst_msgs/include/gst_msgs/gst_msgs/msg/detail/meta_mark__functions.h
[8.994s] -- Up-to-date symlink: /home/devuser/Workspaces/rosgsthumble_ws/install/gst_msgs/include/gst_msgs/gst_msgs/msg/detail/meta_mark__struct.h
[9.004s] -- Up-to-date symlink: /home/devuser/Workspaces/rosgsthumble_ws/install/gst_msgs/include/gst_msgs/gst_msgs/msg/detail/meta_mark__type_support.h
[9.024s] -- Up-to-date symlink: /home/devuser/Workspaces/rosgsthumble_ws/install/gst_msgs/include/gst_msgs/gst_msgs/msg/detail/multifilesink_event__functions.h
[9.095s] -- Up-to-date symlink: /home/devuser/Workspaces/rosgsthumble_ws/install/gst_msgs/include/gst_msgs/gst_msgs/msg/detail/multifilesink_event__struct.h
[9.104s] -- Up-to-date symlink: /home/devuser/Workspaces/rosgsthumble_ws/install/gst_msgs/include/gst_msgs/gst_msgs/msg/detail/multifilesink_event__type_support.h
[9.110s] -- Up-to-date symlink: /home/devuser/Workspaces/rosgsthumble_ws/install/gst_msgs/include/gst_msgs/gst_msgs/msg/detail/webrtc_ice__functions.h
[9.114s] -- Up-to-date symlink: /home/devuser/Workspaces/rosgsthumble_ws/install/gst_msgs/include/gst_msgs/gst_msgs/msg/detail/webrtc_ice__struct.h
[9.118s] -- Up-to-date symlink: /home/devuser/Workspaces/rosgsthumble_ws/install/gst_msgs/include/gst_msgs/gst_msgs/msg/detail/webrtc_ice__type_support.h
[9.124s] -- Up-to-date symlink: /home/devuser/Workspaces/rosgsthumble_ws/install/gst_msgs/include/gst_msgs/gst_msgs/msg/frame_gate.h
[9.127s] -- Up-to-date symlink: /home/devuser/Workspaces/rosgsthumble_ws/install/gst_msgs/include/gst_msgs/gst_msgs/msg/meta_mark.h
[9.129s] -- Up-to-date symlink: /home/devuser/Workspaces/rosgsthumble_ws/install/gst_msgs/include/gst_msgs/gst_msgs/msg/multifilesink_event.h
[9.129s] -- Up-to-date symlink: /home/devuser/Workspaces/rosgsthumble_ws/install/gst_msgs/include/gst_msgs/gst_msgs/msg/rosidl_generator_c__visibility_control.h
[9.130s] -- Up-to-date symlink: /home/devuser/Workspaces/rosgsthumble_ws/install/gst_msgs/include/gst_msgs/gst_msgs/msg/webrtc_ice.h
[9.134s] -- Up-to-date symlink: /home/devuser/Workspaces/rosgsthumble_ws/install/gst_msgs/include/gst_msgs/gst_msgs/srv/detail/seek__functions.h
[9.135s] -- Up-to-date symlink: /home/devuser/Workspaces/rosgsthumble_ws/install/gst_msgs/include/gst_msgs/gst_msgs/srv/detail/seek__struct.h
[9.136s] -- Up-to-date symlink: /home/devuser/Workspaces/rosgsthumble_ws/install/gst_msgs/include/gst_msgs/gst_msgs/srv/detail/seek__type_support.h
[9.138s] -- Up-to-date symlink: /home/devuser/Workspaces/rosgsthumble_ws/install/gst_msgs/include/gst_msgs/gst_msgs/srv/seek.h
[9.142s] -- Up-to-date symlink: /home/devuser/Workspaces/rosgsthumble_ws/install/gst_msgs/share/gst_msgs/environment/library_path.sh
[9.144s] -- Up-to-date symlink: /home/devuser/Workspaces/rosgsthumble_ws/install/gst_msgs/share/gst_msgs/environment/library_path.dsv
[9.151s] -- Up-to-date symlink: /home/devuser/Workspaces/rosgsthumble_ws/install/gst_msgs/include/gst_msgs/gst_msgs/msg/detail/buffer_event__rosidl_typesupport_fastrtps_c.h
[9.154s] -- Up-to-date symlink: /home/devuser/Workspaces/rosgsthumble_ws/install/gst_msgs/include/gst_msgs/gst_msgs/msg/detail/clock_observation__rosidl_typesupport_fastrtps_c.h
[9.156s] -- Up-to-date symlink: /home/devuser/Workspaces/rosgsthumble_ws/install/gst_msgs/include/gst_msgs/gst_msgs/msg/detail/frame_gate__rosidl_typesupport_fastrtps_c.h
[9.157s] -- Up-to-date symlink: /home/devuser/Workspaces/rosgsthumble_ws/install/gst_msgs/include/gst_msgs/gst_msgs/msg/detail/meta_mark__rosidl_typesupport_fastrtps_c.h
[9.158s] -- Up-to-date symlink: /home/devuser/Workspaces/rosgsthumble_ws/install/gst_msgs/include/gst_msgs/gst_msgs/msg/detail/multifilesink_event__rosidl_typesupport_fastrtps_c.h
[9.162s] -- Up-to-date symlink: /home/devuser/Workspaces/rosgsthumble_ws/install/gst_msgs/include/gst_msgs/gst_msgs/msg/detail/webrtc_ice__rosidl_typesupport_fastrtps_c.h
[9.163s] -- Up-to-date symlink: /home/devuser/Workspaces/rosgsthumble_ws/install/gst_msgs/include/gst_msgs/gst_msgs/msg/rosidl_typesupport_fastrtps_c__visibility_control.h
[9.166s] -- Up-to-date symlink: /home/devuser/Workspaces/rosgsthumble_ws/install/gst_msgs/include/gst_msgs/gst_msgs/srv/detail/seek__rosidl_typesupport_fastrtps_c.h
[9.180s] -- Up-to-date symlink: /home/devuser/Workspaces/rosgsthumble_ws/install/gst_msgs/include/gst_msgs/gst_msgs/msg/buffer_event.hpp
[9.238s] -- Up-to-date symlink: /home/devuser/Workspaces/rosgsthumble_ws/install/gst_msgs/include/gst_msgs/gst_msgs/msg/clock_observation.hpp
[9.245s] -- Up-to-date symlink: /home/devuser/Workspaces/rosgsthumble_ws/install/gst_msgs/include/gst_msgs/gst_msgs/msg/detail/buffer_event__builder.hpp
[9.246s] -- Up-to-date symlink: /home/devuser/Workspaces/rosgsthumble_ws/install/gst_msgs/include/gst_msgs/gst_msgs/msg/detail/buffer_event__struct.hpp
[9.250s] -- Up-to-date symlink: /home/devuser/Workspaces/rosgsthumble_ws/install/gst_msgs/include/gst_msgs/gst_msgs/msg/detail/buffer_event__traits.hpp
[9.253s] -- Up-to-date symlink: /home/devuser/Workspaces/rosgsthumble_ws/install/gst_msgs/include/gst_msgs/gst_msgs/msg/detail/buffer_event__type_support.hpp
[9.257s] -- Up-to-date symlink: /home/devuser/Workspaces/rosgsthumble_ws/install/gst_msgs/include/gst_msgs/gst_msgs/msg/detail/clock_observation__builder.hpp
[9.259s] -- Up-to-date symlink: /home/devuser/Workspaces/rosgsthumble_ws/install/gst_msgs/include/gst_msgs/gst_msgs/msg/detail/clock_observation__struct.hpp
[9.263s] -- Up-to-date symlink: /home/devuser/Workspaces/rosgsthumble_ws/install/gst_msgs/include/gst_msgs/gst_msgs/msg/detail/clock_observation__traits.hpp
[9.268s] -- Up-to-date symlink: /home/devuser/Workspaces/rosgsthumble_ws/install/gst_msgs/include/gst_msgs/gst_msgs/msg/detail/clock_observation__type_support.hpp
[9.271s] -- Up-to-date symlink: /home/devuser/Workspaces/rosgsthumble_ws/install/gst_msgs/include/gst_msgs/gst_msgs/msg/detail/frame_gate__builder.hpp
[9.275s] -- Up-to-date symlink: /home/devuser/Workspaces/rosgsthumble_ws/install/gst_msgs/include/gst_msgs/gst_msgs/msg/detail/frame_gate__struct.hpp
[9.278s] -- Up-to-date symlink: /home/devuser/Workspaces/rosgsthumble_ws/install/gst_msgs/include/gst_msgs/gst_msgs/msg/detail/frame_gate__traits.hpp
[9.281s] -- Up-to-date symlink: /home/devuser/Workspaces/rosgsthumble_ws/install/gst_msgs/include/gst_msgs/gst_msgs/msg/detail/frame_gate__type_support.hpp
[9.283s] -- Up-to-date symlink: /home/devuser/Workspaces/rosgsthumble_ws/install/gst_msgs/include/gst_msgs/gst_msgs/msg/detail/meta_mark__builder.hpp
[9.288s] -- Up-to-date symlink: /home/devuser/Workspaces/rosgsthumble_ws/install/gst_msgs/include/gst_msgs/gst_msgs/msg/detail/meta_mark__struct.hpp
[9.290s] -- Up-to-date symlink: /home/devuser/Workspaces/rosgsthumble_ws/install/gst_msgs/include/gst_msgs/gst_msgs/msg/detail/meta_mark__traits.hpp
[9.302s] -- Up-to-date symlink: /home/devuser/Workspaces/rosgsthumble_ws/install/gst_msgs/include/gst_msgs/gst_msgs/msg/detail/meta_mark__type_support.hpp
[9.307s] -- Up-to-date symlink: /home/devuser/Workspaces/rosgsthumble_ws/install/gst_msgs/include/gst_msgs/gst_msgs/msg/detail/multifilesink_event__builder.hpp
[9.313s] -- Up-to-date symlink: /home/devuser/Workspaces/rosgsthumble_ws/install/gst_msgs/include/gst_msgs/gst_msgs/msg/detail/multifilesink_event__struct.hpp
[9.314s] -- Up-to-date symlink: /home/devuser/Workspaces/rosgsthumble_ws/install/gst_msgs/include/gst_msgs/gst_msgs/msg/detail/multifilesink_event__traits.hpp
[9.318s] -- Up-to-date symlink: /home/devuser/Workspaces/rosgsthumble_ws/install/gst_msgs/include/gst_msgs/gst_msgs/msg/detail/multifilesink_event__type_support.hpp
[9.319s] -- Up-to-date symlink: /home/devuser/Workspaces/rosgsthumble_ws/install/gst_msgs/include/gst_msgs/gst_msgs/msg/detail/webrtc_ice__builder.hpp
[9.342s] -- Up-to-date symlink: /home/devuser/Workspaces/rosgsthumble_ws/install/gst_msgs/include/gst_msgs/gst_msgs/msg/detail/webrtc_ice__struct.hpp
[9.400s] -- Up-to-date symlink: /home/devuser/Workspaces/rosgsthumble_ws/install/gst_msgs/include/gst_msgs/gst_msgs/msg/detail/webrtc_ice__traits.hpp
[9.407s] -- Up-to-date symlink: /home/devuser/Workspaces/rosgsthumble_ws/install/gst_msgs/include/gst_msgs/gst_msgs/msg/detail/webrtc_ice__type_support.hpp
[9.410s] -- Up-to-date symlink: /home/devuser/Workspaces/rosgsthumble_ws/install/gst_msgs/include/gst_msgs/gst_msgs/msg/frame_gate.hpp
[9.412s] -- Up-to-date symlink: /home/devuser/Workspaces/rosgsthumble_ws/install/gst_msgs/include/gst_msgs/gst_msgs/msg/meta_mark.hpp
[9.412s] -- Up-to-date symlink: /home/devuser/Workspaces/rosgsthumble_ws/install/gst_msgs/include/gst_msgs/gst_msgs/msg/multifilesink_event.hpp
[9.414s] -- Up-to-date symlink: /home/devuser/Workspaces/rosgsthumble_ws/install/gst_msgs/include/gst_msgs/gst_msgs/msg/rosidl_generator_cpp__visibility_control.hpp
[9.416s] -- Up-to-date symlink: /home/devuser/Workspaces/rosgsthumble_ws/install/gst_msgs/include/gst_msgs/gst_msgs/msg/webrtc_ice.hpp
[9.418s] -- Up-to-date symlink: /home/devuser/Workspaces/rosgsthumble_ws/install/gst_msgs/include/gst_msgs/gst_msgs/srv/detail/seek__builder.hpp
[9.418s] -- Up-to-date symlink: /home/devuser/Workspaces/rosgsthumble_ws/install/gst_msgs/include/gst_msgs/gst_msgs/srv/detail/seek__struct.hpp
[9.419s] -- Up-to-date symlink: /home/devuser/Workspaces/rosgsthumble_ws/install/gst_msgs/include/gst_msgs/gst_msgs/srv/detail/seek__traits.hpp
[9.421s] -- Up-to-date symlink: /home/devuser/Workspaces/rosgsthumble_ws/install/gst_msgs/include/gst_msgs/gst_msgs/srv/detail/seek__type_support.hpp
[9.423s] -- Up-to-date symlink: /home/devuser/Workspaces/rosgsthumble_ws/install/gst_msgs/include/gst_msgs/gst_msgs/srv/seek.hpp
[9.445s] -- Up-to-date symlink: /home/devuser/Workspaces/rosgsthumble_ws/install/gst_msgs/include/gst_msgs/gst_msgs/msg/detail/buffer_event__rosidl_typesupport_fastrtps_cpp.hpp
[9.449s] -- Up-to-date symlink: /home/devuser/Workspaces/rosgsthumble_ws/install/gst_msgs/include/gst_msgs/gst_msgs/msg/detail/clock_observation__rosidl_typesupport_fastrtps_cpp.hpp
[9.451s] -- Up-to-date symlink: /home/devuser/Workspaces/rosgsthumble_ws/install/gst_msgs/include/gst_msgs/gst_msgs/msg/detail/frame_gate__rosidl_typesupport_fastrtps_cpp.hpp
[9.456s] -- Up-to-date symlink: /home/devuser/Workspaces/rosgsthumble_ws/install/gst_msgs/include/gst_msgs/gst_msgs/msg/detail/meta_mark__rosidl_typesupport_fastrtps_cpp.hpp
[9.498s] -- Up-to-date symlink: /home/devuser/Workspaces/rosgsthumble_ws/install/gst_msgs/include/gst_msgs/gst_msgs/msg/detail/multifilesink_event__rosidl_typesupport_fastrtps_cpp.hpp
[9.510s] -- Up-to-date symlink: /home/devuser/Workspaces/rosgsthumble_ws/install/gst_msgs/include/gst_msgs/gst_msgs/msg/detail/webrtc_ice__rosidl_typesupport_fastrtps_cpp.hpp
[9.512s] -- Up-to-date symlink: /home/devuser/Workspaces/rosgsthumble_ws/install/gst_msgs/include/gst_msgs/gst_msgs/msg/rosidl_typesupport_fastrtps_cpp__visibility_control.h
[9.513s] -- Up-to-date symlink: /home/devuser/Workspaces/rosgsthumble_ws/install/gst_msgs/include/gst_msgs/gst_msgs/srv/detail/seek__rosidl_typesupport_fastrtps_cpp.hpp
[9.519s] -- Up-to-date symlink: /home/devuser/Workspaces/rosgsthumble_ws/install/gst_msgs/include/gst_msgs/gst_msgs/msg/detail/buffer_event__rosidl_typesupport_introspection_c.h
[9.523s] -- Up-to-date symlink: /home/devuser/Workspaces/rosgsthumble_ws/install/gst_msgs/include/gst_msgs/gst_msgs/msg/detail/clock_observation__rosidl_typesupport_introspection_c.h
[9.529s] -- Up-to-date symlink: /home/devuser/Workspaces/rosgsthumble_ws/install/gst_msgs/include/gst_msgs/gst_msgs/msg/detail/frame_gate__rosidl_typesupport_introspection_c.h
[9.531s] -- Up-to-date symlink: /home/devuser/Workspaces/rosgsthumble_ws/install/gst_msgs/include/gst_msgs/gst_msgs/msg/detail/meta_mark__rosidl_typesupport_introspection_c.h
[9.537s] -- Up-to-date symlink: /home/devuser/Workspaces/rosgsthumble_ws/install/gst_msgs/include/gst_msgs/gst_msgs/msg/detail/multifilesink_event__rosidl_typesupport_introspection_c.h
[9.539s] -- Up-to-date symlink: /home/devuser/Workspaces/rosgsthumble_ws/install/gst_msgs/include/gst_msgs/gst_msgs/msg/detail/webrtc_ice__rosidl_typesupport_introspection_c.h
[9.549s] -- Up-to-date symlink: /home/devuser/Workspaces/rosgsthumble_ws/install/gst_msgs/include/gst_msgs/gst_msgs/msg/rosidl_typesupport_introspection_c__visibility_control.h
[9.552s] -- Up-to-date symlink: /home/devuser/Workspaces/rosgsthumble_ws/install/gst_msgs/include/gst_msgs/gst_msgs/srv/detail/seek__rosidl_typesupport_introspection_c.h
[9.558s] -- Up-to-date symlink: /home/devuser/Workspaces/rosgsthumble_ws/install/gst_msgs/include/gst_msgs/gst_msgs/msg/detail/buffer_event__rosidl_typesupport_introspection_cpp.hpp
[9.564s] -- Up-to-date symlink: /home/devuser/Workspaces/rosgsthumble_ws/install/gst_msgs/include/gst_msgs/gst_msgs/msg/detail/clock_observation__rosidl_typesupport_introspection_cpp.hpp
[9.567s] -- Up-to-date symlink: /home/devuser/Workspaces/rosgsthumble_ws/install/gst_msgs/include/gst_msgs/gst_msgs/msg/detail/frame_gate__rosidl_typesupport_introspection_cpp.hpp
[9.571s] -- Up-to-date symlink: /home/devuser/Workspaces/rosgsthumble_ws/install/gst_msgs/include/gst_msgs/gst_msgs/msg/detail/meta_mark__rosidl_typesupport_introspection_cpp.hpp
[9.575s] -- Up-to-date symlink: /home/devuser/Workspaces/rosgsthumble_ws/install/gst_msgs/include/gst_msgs/gst_msgs/msg/detail/multifilesink_event__rosidl_typesupport_introspection_cpp.hpp
[9.579s] -- Up-to-date symlink: /home/devuser/Workspaces/rosgsthumble_ws/install/gst_msgs/include/gst_msgs/gst_msgs/msg/detail/webrtc_ice__rosidl_typesupport_introspection_cpp.hpp
[9.583s] -- Up-to-date symlink: /home/devuser/Workspaces/rosgsthumble_ws/install/gst_msgs/include/gst_msgs/gst_msgs/srv/detail/seek__rosidl_typesupport_introspection_cpp.hpp
[9.588s] -- Up-to-date symlink: /home/devuser/Workspaces/rosgsthumble_ws/install/gst_msgs/share/gst_msgs/environment/pythonpath.sh
[9.595s] -- Up-to-date symlink: /home/devuser/Workspaces/rosgsthumble_ws/install/gst_msgs/share/gst_msgs/environment/pythonpath.dsv
[9.597s] -- Up-to-date symlink: /home/devuser/Workspaces/rosgsthumble_ws/install/gst_msgs/local/lib/python3.10/dist-packages/gst_msgs-0.0.0-py3.10.egg-info/PKG-INFO
[9.599s] -- Up-to-date symlink: /home/devuser/Workspaces/rosgsthumble_ws/install/gst_msgs/local/lib/python3.10/dist-packages/gst_msgs-0.0.0-py3.10.egg-info/SOURCES.txt
[9.602s] -- Up-to-date symlink: /home/devuser/Workspaces/rosgsthumble_ws/install/gst_msgs/local/lib/python3.10/dist-packages/gst_msgs-0.0.0-py3.10.egg-info/dependency_links.txt
[9.605s] -- Up-to-date symlink: /home/devuser/Workspaces/rosgsthumble_ws/install/gst_msgs/local/lib/python3.10/dist-packages/gst_msgs-0.0.0-py3.10.egg-info/top_level.txt
[9.614s] -- Up-to-date symlink: /home/devuser/Workspaces/rosgsthumble_ws/install/gst_msgs/local/lib/python3.10/dist-packages/gst_msgs/__init__.py
[9.616s] -- Up-to-date symlink: /home/devuser/Workspaces/rosgsthumble_ws/install/gst_msgs/local/lib/python3.10/dist-packages/gst_msgs/_gst_msgs_s.ep.rosidl_typesupport_c.c
[9.623s] -- Up-to-date symlink: /home/devuser/Workspaces/rosgsthumble_ws/install/gst_msgs/local/lib/python3.10/dist-packages/gst_msgs/_gst_msgs_s.ep.rosidl_typesupport_fastrtps_c.c
[9.629s] -- Up-to-date symlink: /home/devuser/Workspaces/rosgsthumble_ws/install/gst_msgs/local/lib/python3.10/dist-packages/gst_msgs/_gst_msgs_s.ep.rosidl_typesupport_introspection_c.c
[9.631s] -- Up-to-date symlink: /home/devuser/Workspaces/rosgsthumble_ws/install/gst_msgs/local/lib/python3.10/dist-packages/gst_msgs/gst_msgs_s__rosidl_typesupport_c.cpython-310-aarch64-linux-gnu.so
[9.632s] -- Up-to-date symlink: /home/devuser/Workspaces/rosgsthumble_ws/install/gst_msgs/local/lib/python3.10/dist-packages/gst_msgs/gst_msgs_s__rosidl_typesupport_fastrtps_c.cpython-310-aarch64-linux-gnu.so
[9.634s] -- Up-to-date symlink: /home/devuser/Workspaces/rosgsthumble_ws/install/gst_msgs/local/lib/python3.10/dist-packages/gst_msgs/gst_msgs_s__rosidl_typesupport_introspection_c.cpython-310-aarch64-linux-gnu.so
[9.636s] -- Up-to-date symlink: /home/devuser/Workspaces/rosgsthumble_ws/install/gst_msgs/local/lib/python3.10/dist-packages/gst_msgs/libgst_msgs__rosidl_generator_py.so
[9.641s] -- Up-to-date symlink: /home/devuser/Workspaces/rosgsthumble_ws/install/gst_msgs/local/lib/python3.10/dist-packages/gst_msgs/msg/__init__.py
[9.644s] -- Up-to-date symlink: /home/devuser/Workspaces/rosgsthumble_ws/install/gst_msgs/local/lib/python3.10/dist-packages/gst_msgs/msg/_buffer_event.py
[9.645s] -- Up-to-date symlink: /home/devuser/Workspaces/rosgsthumble_ws/install/gst_msgs/local/lib/python3.10/dist-packages/gst_msgs/msg/_buffer_event_s.c
[9.647s] -- Up-to-date symlink: /home/devuser/Workspaces/rosgsthumble_ws/install/gst_msgs/local/lib/python3.10/dist-packages/gst_msgs/msg/_clock_observation.py
[9.649s] -- Up-to-date symlink: /home/devuser/Workspaces/rosgsthumble_ws/install/gst_msgs/local/lib/python3.10/dist-packages/gst_msgs/msg/_clock_observation_s.c
[9.651s] -- Up-to-date symlink: /home/devuser/Workspaces/rosgsthumble_ws/install/gst_msgs/local/lib/python3.10/dist-packages/gst_msgs/msg/_frame_gate.py
[9.664s] -- Up-to-date symlink: /home/devuser/Workspaces/rosgsthumble_ws/install/gst_msgs/local/lib/python3.10/dist-packages/gst_msgs/msg/_frame_gate_s.c
[9.680s] -- Up-to-date symlink: /home/devuser/Workspaces/rosgsthumble_ws/install/gst_msgs/local/lib/python3.10/dist-packages/gst_msgs/msg/_meta_mark.py
[9.682s] -- Up-to-date symlink: /home/devuser/Workspaces/rosgsthumble_ws/install/gst_msgs/local/lib/python3.10/dist-packages/gst_msgs/msg/_meta_mark_s.c
[9.683s] -- Up-to-date symlink: /home/devuser/Workspaces/rosgsthumble_ws/install/gst_msgs/local/lib/python3.10/dist-packages/gst_msgs/msg/_multifilesink_event.py
[9.688s] -- Up-to-date symlink: /home/devuser/Workspaces/rosgsthumble_ws/install/gst_msgs/local/lib/python3.10/dist-packages/gst_msgs/msg/_multifilesink_event_s.c
[9.692s] -- Up-to-date symlink: /home/devuser/Workspaces/rosgsthumble_ws/install/gst_msgs/local/lib/python3.10/dist-packages/gst_msgs/msg/_webrtc_ice.py
[9.694s] -- Up-to-date symlink: /home/devuser/Workspaces/rosgsthumble_ws/install/gst_msgs/local/lib/python3.10/dist-packages/gst_msgs/msg/_webrtc_ice_s.c
[9.697s] -- Up-to-date symlink: /home/devuser/Workspaces/rosgsthumble_ws/install/gst_msgs/local/lib/python3.10/dist-packages/gst_msgs/srv/__init__.py
[9.699s] -- Up-to-date symlink: /home/devuser/Workspaces/rosgsthumble_ws/install/gst_msgs/local/lib/python3.10/dist-packages/gst_msgs/srv/_seek.py
[9.701s] -- Up-to-date symlink: /home/devuser/Workspaces/rosgsthumble_ws/install/gst_msgs/local/lib/python3.10/dist-packages/gst_msgs/srv/_seek_s.c
[9.706s] -- Up-to-date symlink: /home/devuser/Workspaces/rosgsthumble_ws/install/gst_msgs/local/lib/python3.10/dist-packages/gst_msgs/gst_msgs_s__rosidl_typesupport_fastrtps_c.cpython-310-aarch64-linux-gnu.so
[9.710s] -- Up-to-date symlink: /home/devuser/Workspaces/rosgsthumble_ws/install/gst_msgs/local/lib/python3.10/dist-packages/gst_msgs/gst_msgs_s__rosidl_typesupport_introspection_c.cpython-310-aarch64-linux-gnu.so
[9.716s] -- Up-to-date symlink: /home/devuser/Workspaces/rosgsthumble_ws/install/gst_msgs/local/lib/python3.10/dist-packages/gst_msgs/gst_msgs_s__rosidl_typesupport_c.cpython-310-aarch64-linux-gnu.so
[9.720s] -- Up-to-date symlink: /home/devuser/Workspaces/rosgsthumble_ws/install/gst_msgs/share/gst_msgs/msg/FrameGate.idl
[9.725s] -- Up-to-date symlink: /home/devuser/Workspaces/rosgsthumble_ws/install/gst_msgs/share/gst_msgs/msg/WebrtcIce.idl
[9.734s] -- Up-to-date symlink: /home/devuser/Workspaces/rosgsthumble_ws/install/gst_msgs/share/gst_msgs/msg/BufferEvent.idl
[9.739s] -- Up-to-date symlink: /home/devuser/Workspaces/rosgsthumble_ws/install/gst_msgs/share/gst_msgs/msg/ClockObservation.idl
[9.742s] -- Up-to-date symlink: /home/devuser/Workspaces/rosgsthumble_ws/install/gst_msgs/share/gst_msgs/msg/MultifilesinkEvent.idl
[9.747s] -- Up-to-date symlink: /home/devuser/Workspaces/rosgsthumble_ws/install/gst_msgs/share/gst_msgs/msg/MetaMark.idl
[9.753s] -- Up-to-date symlink: /home/devuser/Workspaces/rosgsthumble_ws/install/gst_msgs/share/gst_msgs/srv/Seek.idl
[9.753s] -- Up-to-date symlink: /home/devuser/Workspaces/rosgsthumble_ws/install/gst_msgs/share/gst_msgs/msg/FrameGate.msg
[9.761s] -- Up-to-date symlink: /home/devuser/Workspaces/rosgsthumble_ws/install/gst_msgs/share/gst_msgs/msg/WebrtcIce.msg
[9.780s] -- Up-to-date symlink: /home/devuser/Workspaces/rosgsthumble_ws/install/gst_msgs/share/gst_msgs/msg/BufferEvent.msg
[9.785s] -- Up-to-date symlink: /home/devuser/Workspaces/rosgsthumble_ws/install/gst_msgs/share/gst_msgs/msg/ClockObservation.msg
[9.789s] -- Up-to-date symlink: /home/devuser/Workspaces/rosgsthumble_ws/install/gst_msgs/share/gst_msgs/msg/MultifilesinkEvent.msg
[9.798s] -- Up-to-date symlink: /home/devuser/Workspaces/rosgsthumble_ws/install/gst_msgs/share/gst_msgs/msg/MetaMark.msg
[9.800s] -- Up-to-date symlink: /home/devuser/Workspaces/rosgsthumble_ws/install/gst_msgs/share/gst_msgs/srv/Seek.srv
[9.802s] -- Up-to-date symlink: /home/devuser/Workspaces/rosgsthumble_ws/install/gst_msgs/share/gst_msgs/srv/Seek_Request.msg
[9.805s] -- Up-to-date symlink: /home/devuser/Workspaces/rosgsthumble_ws/install/gst_msgs/share/gst_msgs/srv/Seek_Response.msg
[9.812s] -- Up-to-date symlink: /home/devuser/Workspaces/rosgsthumble_ws/install/gst_msgs/share/ament_index/resource_index/package_run_dependencies/gst_msgs
[9.814s] -- Up-to-date symlink: /home/devuser/Workspaces/rosgsthumble_ws/install/gst_msgs/share/ament_index/resource_index/parent_prefix_path/gst_msgs
[9.816s] -- Up-to-date symlink: /home/devuser/Workspaces/rosgsthumble_ws/install/gst_msgs/share/gst_msgs/environment/ament_prefix_path.sh
[9.818s] -- Up-to-date symlink: /home/devuser/Workspaces/rosgsthumble_ws/install/gst_msgs/share/gst_msgs/environment/ament_prefix_path.dsv
[9.820s] -- Up-to-date symlink: /home/devuser/Workspaces/rosgsthumble_ws/install/gst_msgs/share/gst_msgs/environment/path.sh
[9.828s] -- Up-to-date symlink: /home/devuser/Workspaces/rosgsthumble_ws/install/gst_msgs/share/gst_msgs/environment/path.dsv
[9.834s] -- Up-to-date symlink: /home/devuser/Workspaces/rosgsthumble_ws/install/gst_msgs/share/gst_msgs/local_setup.bash
[9.839s] -- Up-to-date symlink: /home/devuser/Workspaces/rosgsthumble_ws/install/gst_msgs/share/gst_msgs/local_setup.sh
[9.839s] -- Up-to-date symlink: /home/devuser/Workspaces/rosgsthumble_ws/install/gst_msgs/share/gst_msgs/local_setup.zsh
[9.841s] -- Up-to-date symlink: /home/devuser/Workspaces/rosgsthumble_ws/install/gst_msgs/share/gst_msgs/local_setup.dsv
[9.841s] -- Symlinking: /home/devuser/Workspaces/rosgsthumble_ws/install/gst_msgs/share/gst_msgs/package.dsv
[9.906s] -- Up-to-date symlink: /home/devuser/Workspaces/rosgsthumble_ws/install/gst_msgs/share/ament_index/resource_index/packages/gst_msgs
[9.908s] -- Up-to-date symlink: /home/devuser/Workspaces/rosgsthumble_ws/install/gst_msgs/share/gst_msgs/cmake/rosidl_cmake-extras.cmake
[9.909s] -- Up-to-date symlink: /home/devuser/Workspaces/rosgsthumble_ws/install/gst_msgs/share/gst_msgs/cmake/ament_cmake_export_dependencies-extras.cmake
[9.912s] -- Up-to-date symlink: /home/devuser/Workspaces/rosgsthumble_ws/install/gst_msgs/share/gst_msgs/cmake/ament_cmake_export_include_directories-extras.cmake
[9.912s] -- Up-to-date symlink: /home/devuser/Workspaces/rosgsthumble_ws/install/gst_msgs/share/gst_msgs/cmake/ament_cmake_export_libraries-extras.cmake
[9.916s] -- Up-to-date symlink: /home/devuser/Workspaces/rosgsthumble_ws/install/gst_msgs/share/gst_msgs/cmake/ament_cmake_export_targets-extras.cmake
[9.916s] -- Up-to-date symlink: /home/devuser/Workspaces/rosgsthumble_ws/install/gst_msgs/share/gst_msgs/cmake/rosidl_cmake_export_typesupport_targets-extras.cmake
[9.919s] -- Up-to-date symlink: /home/devuser/Workspaces/rosgsthumble_ws/install/gst_msgs/share/gst_msgs/cmake/rosidl_cmake_export_typesupport_libraries-extras.cmake
[9.920s] -- Up-to-date symlink: /home/devuser/Workspaces/rosgsthumble_ws/install/gst_msgs/share/gst_msgs/cmake/gst_msgsConfig.cmake
[9.923s] -- Up-to-date symlink: /home/devuser/Workspaces/rosgsthumble_ws/install/gst_msgs/share/gst_msgs/cmake/gst_msgsConfig-version.cmake
[9.924s] -- Up-to-date symlink: /home/devuser/Workspaces/rosgsthumble_ws/install/gst_msgs/share/gst_msgs/package.xml
[9.931s] -- Up-to-date: /home/devuser/Workspaces/rosgsthumble_ws/install/gst_msgs/lib/libgst_msgs__rosidl_generator_c.so
[9.940s] -- Up-to-date: /home/devuser/Workspaces/rosgsthumble_ws/install/gst_msgs/lib/libgst_msgs__rosidl_typesupport_fastrtps_c.so
[9.946s] -- Up-to-date: /home/devuser/Workspaces/rosgsthumble_ws/install/gst_msgs/lib/libgst_msgs__rosidl_typesupport_fastrtps_cpp.so
[9.948s] -- Up-to-date: /home/devuser/Workspaces/rosgsthumble_ws/install/gst_msgs/lib/libgst_msgs__rosidl_typesupport_introspection_c.so
[9.955s] -- Up-to-date: /home/devuser/Workspaces/rosgsthumble_ws/install/gst_msgs/lib/libgst_msgs__rosidl_typesupport_c.so
[9.960s] -- Up-to-date: /home/devuser/Workspaces/rosgsthumble_ws/install/gst_msgs/lib/libgst_msgs__rosidl_typesupport_introspection_cpp.so
[9.963s] -- Up-to-date: /home/devuser/Workspaces/rosgsthumble_ws/install/gst_msgs/lib/libgst_msgs__rosidl_typesupport_cpp.so
[10.146s] Listing '/home/devuser/Workspaces/rosgsthumble_ws/install/gst_msgs/local/lib/python3.10/dist-packages/gst_msgs'...
[10.147s] Listing '/home/devuser/Workspaces/rosgsthumble_ws/install/gst_msgs/local/lib/python3.10/dist-packages/gst_msgs/msg'...
[10.147s] Listing '/home/devuser/Workspaces/rosgsthumble_ws/install/gst_msgs/local/lib/python3.10/dist-packages/gst_msgs/srv'...
[10.176s] -- Up-to-date: /home/devuser/Workspaces/rosgsthumble_ws/install/gst_msgs/lib/libgst_msgs__rosidl_generator_py.so
[10.181s] -- Up-to-date: /home/devuser/Workspaces/rosgsthumble_ws/install/gst_msgs/share/gst_msgs/cmake/export_gst_msgs__rosidl_generator_cExport.cmake
[10.182s] -- Up-to-date: /home/devuser/Workspaces/rosgsthumble_ws/install/gst_msgs/share/gst_msgs/cmake/export_gst_msgs__rosidl_generator_cExport-noconfig.cmake
[10.186s] -- Up-to-date: /home/devuser/Workspaces/rosgsthumble_ws/install/gst_msgs/share/gst_msgs/cmake/export_gst_msgs__rosidl_typesupport_fastrtps_cExport.cmake
[10.189s] -- Up-to-date: /home/devuser/Workspaces/rosgsthumble_ws/install/gst_msgs/share/gst_msgs/cmake/export_gst_msgs__rosidl_typesupport_fastrtps_cExport-noconfig.cmake
[10.192s] -- Up-to-date: /home/devuser/Workspaces/rosgsthumble_ws/install/gst_msgs/share/gst_msgs/cmake/export_gst_msgs__rosidl_generator_cppExport.cmake
[10.195s] -- Up-to-date: /home/devuser/Workspaces/rosgsthumble_ws/install/gst_msgs/share/gst_msgs/cmake/export_gst_msgs__rosidl_typesupport_fastrtps_cppExport.cmake
[10.196s] -- Up-to-date: /home/devuser/Workspaces/rosgsthumble_ws/install/gst_msgs/share/gst_msgs/cmake/export_gst_msgs__rosidl_typesupport_fastrtps_cppExport-noconfig.cmake
[10.200s] -- Up-to-date: /home/devuser/Workspaces/rosgsthumble_ws/install/gst_msgs/share/gst_msgs/cmake/gst_msgs__rosidl_typesupport_introspection_cExport.cmake
[10.200s] -- Up-to-date: /home/devuser/Workspaces/rosgsthumble_ws/install/gst_msgs/share/gst_msgs/cmake/gst_msgs__rosidl_typesupport_introspection_cExport-noconfig.cmake
[10.201s] -- Up-to-date: /home/devuser/Workspaces/rosgsthumble_ws/install/gst_msgs/share/gst_msgs/cmake/gst_msgs__rosidl_typesupport_cExport.cmake
[10.201s] -- Up-to-date: /home/devuser/Workspaces/rosgsthumble_ws/install/gst_msgs/share/gst_msgs/cmake/gst_msgs__rosidl_typesupport_cExport-noconfig.cmake
[10.202s] -- Up-to-date: /home/devuser/Workspaces/rosgsthumble_ws/install/gst_msgs/share/gst_msgs/cmake/gst_msgs__rosidl_typesupport_introspection_cppExport.cmake
[10.204s] -- Up-to-date: /home/devuser/Workspaces/rosgsthumble_ws/install/gst_msgs/share/gst_msgs/cmake/gst_msgs__rosidl_typesupport_introspection_cppExport-noconfig.cmake
[10.206s] -- Up-to-date: /home/devuser/Workspaces/rosgsthumble_ws/install/gst_msgs/share/gst_msgs/cmake/gst_msgs__rosidl_typesupport_cppExport.cmake
[10.208s] -- Up-to-date: /home/devuser/Workspaces/rosgsthumble_ws/install/gst_msgs/share/gst_msgs/cmake/gst_msgs__rosidl_typesupport_cppExport-noconfig.cmake
[10.210s] -- Up-to-date: /home/devuser/Workspaces/rosgsthumble_ws/install/gst_msgs/share/gst_msgs/cmake/export_gst_msgs__rosidl_generator_pyExport.cmake
[10.211s] -- Up-to-date: /home/devuser/Workspaces/rosgsthumble_ws/install/gst_msgs/share/gst_msgs/cmake/export_gst_msgs__rosidl_generator_pyExport-noconfig.cmake
[10.226s] Invoked command in '/home/devuser/Workspaces/rosgsthumble_ws/build/gst_msgs' returned '0': CMAKE_PREFIX_PATH=${CMAKE_PREFIX_PATH}:/opt/ros/humble /usr/bin/cmake --install /home/devuser/Workspaces/rosgsthumble_ws/build/gst_msgs
