[0.021s] Invoking command in '/home/devuser/Workspaces/build/audio_msgs': CMAKE_PREFIX_PATH=/opt/ros/humble /usr/bin/cmake /home/devuser/Workspaces/rosgsthumble_ws/src/ros-gst-bridge/audio_msgs -DAMENT_CMAKE_SYMLINK_INSTALL=1 -DCMAKE_INSTALL_PREFIX=/home/devuser/Workspaces/install/audio_msgs
[0.067s] -- The C compiler identification is GNU 11.4.0
[0.113s] -- The CXX compiler identification is GNU 11.4.0
[0.119s] -- Detecting C compiler ABI info
[0.178s] -- Detecting C compiler ABI info - done
[0.183s] -- Check for working C compiler: /usr/bin/cc - skipped
[0.183s] -- Detecting C compile features
[0.183s] -- Detecting C compile features - done
[0.186s] -- Detecting CXX compiler ABI info
[0.253s] -- Detecting CXX compiler ABI info - done
[0.259s] -- Check for working CXX compiler: /usr/bin/c++ - skipped
[0.259s] -- Detecting CXX compile features
[0.259s] -- Detecting CXX compile features - done
[0.262s] -- Found ament_cmake: 1.3.12 (/opt/ros/humble/share/ament_cmake/cmake)
[0.381s] -- Found Python3: /usr/bin/python3 (found version "3.10.12") found components: Interpreter 
[0.439s] -- Override CMake install command with custom implementation using symlinks instead of copying resources
[0.470s] -- Found std_msgs: 4.9.0 (/opt/ros/humble/share/std_msgs/cmake)
[0.507s] -- Found rosidl_generator_c: 3.1.7 (/opt/ros/humble/share/rosidl_generator_c/cmake)
[0.512s] -- Found rosidl_adapter: 3.1.7 (/opt/ros/humble/share/rosidl_adapter/cmake)
[0.520s] -- Found rosidl_generator_cpp: 3.1.7 (/opt/ros/humble/share/rosidl_generator_cpp/cmake)
[0.534s] -- Using all available rosidl_typesupport_c: rosidl_typesupport_fastrtps_c;rosidl_typesupport_introspection_c
[0.547s] -- Using all available rosidl_typesupport_cpp: rosidl_typesupport_fastrtps_cpp;rosidl_typesupport_introspection_cpp
[0.570s] -- Found sensor_msgs: 4.9.0 (/opt/ros/humble/share/sensor_msgs/cmake)
[0.594s] -- Found rosidl_default_generators: 1.2.0 (/opt/ros/humble/share/rosidl_default_generators/cmake)
[0.813s] -- Found ament_cmake_ros: 0.10.0 (/opt/ros/humble/share/ament_cmake_ros/cmake)
[1.096s] -- Using all available rosidl_typesupport_c: rosidl_typesupport_fastrtps_c;rosidl_typesupport_introspection_c
[1.201s] -- Using all available rosidl_typesupport_cpp: rosidl_typesupport_fastrtps_cpp;rosidl_typesupport_introspection_cpp
[1.218s] -- Found PythonInterp: /usr/bin/python3 (found suitable version "3.10.12", minimum required is "3.6") 
[1.220s] -- Found python_cmake_module: 0.10.0 (/opt/ros/humble/share/python_cmake_module/cmake)
[1.240s] -- Found PythonLibs: /usr/lib/x86_64-linux-gnu/libpython3.10.so (found suitable version "3.10.12", minimum required is "3.5") 
[1.240s] -- Using PYTHON_EXECUTABLE: /usr/bin/python3
[1.240s] -- Using PYTHON_INCLUDE_DIRS: /usr/include/python3.10
[1.240s] -- Using PYTHON_LIBRARIES: /usr/lib/x86_64-linux-gnu/libpython3.10.so
[1.256s] -- Found PythonExtra: .so  
[1.293s] -- Found ament_lint_auto: 0.12.14 (/opt/ros/humble/share/ament_lint_auto/cmake)
[1.315s] -- Added test 'copyright' to check source files copyright and LICENSE
[1.317s] -- Added test 'lint_cmake' to check CMake code style
[1.317s] -- Added test 'xmllint' to check XML markup files
[1.320s] -- Configuring done
[1.349s] -- Generating done
[1.357s] -- Build files have been written to: /home/devuser/Workspaces/build/audio_msgs
[1.365s] Invoked command in '/home/devuser/Workspaces/build/audio_msgs' returned '0': CMAKE_PREFIX_PATH=/opt/ros/humble /usr/bin/cmake /home/devuser/Workspaces/rosgsthumble_ws/src/ros-gst-bridge/audio_msgs -DAMENT_CMAKE_SYMLINK_INSTALL=1 -DCMAKE_INSTALL_PREFIX=/home/devuser/Workspaces/install/audio_msgs
[1.366s] Invoking command in '/home/devuser/Workspaces/build/audio_msgs': CMAKE_PREFIX_PATH=/opt/ros/humble /usr/bin/cmake --build /home/devuser/Workspaces/build/audio_msgs -- -j16 -l16
[1.400s] [  3%] [34m[1mGenerating C code for ROS interfaces[0m
[1.409s] [  6%] [34m[1mGenerating C++ code for ROS interfaces[0m
[1.415s] [  6%] Built target ament_cmake_python_symlink_audio_msgs
[1.592s] running egg_info
[1.592s] creating audio_msgs.egg-info
[1.592s] writing audio_msgs.egg-info/PKG-INFO
[1.592s] writing dependency_links to audio_msgs.egg-info/dependency_links.txt
[1.593s] writing top-level names to audio_msgs.egg-info/top_level.txt
[1.593s] writing manifest file 'audio_msgs.egg-info/SOURCES.txt'
[1.594s] reading manifest file 'audio_msgs.egg-info/SOURCES.txt'
[1.595s] writing manifest file 'audio_msgs.egg-info/SOURCES.txt'
[1.626s] [  6%] Built target ament_cmake_python_build_audio_msgs_egg
[1.691s] [  9%] [32mBuilding C object CMakeFiles/audio_msgs__rosidl_generator_c.dir/rosidl_generator_c/audio_msgs/msg/detail/audio__functions.c.o[0m
[1.691s] [  9%] Built target audio_msgs__cpp
[1.701s] [ 19%] [34m[1mGenerating C++ type support dispatch for ROS interfaces[0m
[1.701s] [ 19%] [34m[1mGenerating C++ type support for eProsima Fast-RTPS[0m
[1.701s] [ 19%] [34m[1mGenerating C++ introspection for ROS interfaces[0m
[1.736s] [ 22%] [32m[1mLinking C shared library libaudio_msgs__rosidl_generator_c.so[0m
[1.771s] [ 22%] Built target audio_msgs__rosidl_generator_c
[1.781s] [ 29%] [34m[1mGenerating C type support dispatch for ROS interfaces[0m
[1.782s] [ 29%] [34m[1mGenerating C type support for eProsima Fast-RTPS[0m
[1.783s] [ 32%] [34m[1mGenerating C introspection for ROS interfaces[0m
[2.003s] [ 35%] [32mBuilding CXX object CMakeFiles/audio_msgs__rosidl_typesupport_introspection_cpp.dir/rosidl_typesupport_introspection_cpp/audio_msgs/msg/detail/audio__type_support.cpp.o[0m
[2.003s] [ 38%] [32mBuilding CXX object CMakeFiles/audio_msgs__rosidl_typesupport_cpp.dir/rosidl_typesupport_cpp/audio_msgs/msg/audio__type_support.cpp.o[0m
[2.010s] [ 41%] [32mBuilding CXX object CMakeFiles/audio_msgs__rosidl_typesupport_fastrtps_cpp.dir/rosidl_typesupport_fastrtps_cpp/audio_msgs/msg/detail/dds_fastrtps/audio__type_support.cpp.o[0m
[2.135s] [ 45%] [32mBuilding CXX object CMakeFiles/audio_msgs__rosidl_typesupport_fastrtps_c.dir/rosidl_typesupport_fastrtps_c/audio_msgs/msg/detail/audio__type_support_c.cpp.o[0m
[2.202s] [ 48%] [32mBuilding C object CMakeFiles/audio_msgs__rosidl_typesupport_introspection_c.dir/rosidl_typesupport_introspection_c/audio_msgs/msg/detail/audio__type_support.c.o[0m
[2.211s] [ 51%] [32mBuilding CXX object CMakeFiles/audio_msgs__rosidl_typesupport_c.dir/rosidl_typesupport_c/audio_msgs/msg/audio__type_support.cpp.o[0m
[2.255s] [ 58%] [32m[1mLinking C shared library libaudio_msgs__rosidl_typesupport_introspection_c.so[0m
[2.255s] [ 58%] [32m[1mLinking CXX shared library libaudio_msgs__rosidl_typesupport_c.so[0m
[2.280s] [ 61%] [32m[1mLinking CXX shared library libaudio_msgs__rosidl_typesupport_cpp.so[0m
[2.292s] [ 61%] Built target audio_msgs__rosidl_typesupport_introspection_c
[2.310s] [ 61%] Built target audio_msgs__rosidl_typesupport_c
[2.328s] [ 61%] Built target audio_msgs__rosidl_typesupport_cpp
[2.398s] [ 64%] [32m[1mLinking CXX shared library libaudio_msgs__rosidl_typesupport_introspection_cpp.so[0m
[2.456s] [ 67%] [32m[1mLinking CXX shared library libaudio_msgs__rosidl_typesupport_fastrtps_c.so[0m
[2.470s] [ 67%] Built target audio_msgs__rosidl_typesupport_introspection_cpp
[2.512s] [ 70%] [32m[1mLinking CXX shared library libaudio_msgs__rosidl_typesupport_fastrtps_cpp.so[0m
[2.528s] [ 70%] Built target audio_msgs__rosidl_typesupport_fastrtps_c
[2.589s] [ 70%] Built target audio_msgs__rosidl_typesupport_fastrtps_cpp
[2.617s] [ 70%] Built target audio_msgs
[2.644s] [ 74%] [34m[1mGenerating Python code for ROS interfaces[0m
[3.449s] [ 74%] Built target audio_msgs__py
[3.484s] [ 77%] [32mBuilding C object CMakeFiles/audio_msgs__rosidl_generator_py.dir/rosidl_generator_py/audio_msgs/msg/_audio_s.c.o[0m
[3.631s] [ 80%] [32m[1mLinking C shared library rosidl_generator_py/audio_msgs/libaudio_msgs__rosidl_generator_py.so[0m
[3.675s] [ 80%] Built target audio_msgs__rosidl_generator_py
[3.696s] [ 83%] [32mBuilding C object CMakeFiles/audio_msgs__rosidl_typesupport_fastrtps_c__pyext.dir/rosidl_generator_py/audio_msgs/_audio_msgs_s.ep.rosidl_typesupport_fastrtps_c.c.o[0m
[3.697s] [ 87%] [32mBuilding C object CMakeFiles/audio_msgs__rosidl_typesupport_introspection_c__pyext.dir/rosidl_generator_py/audio_msgs/_audio_msgs_s.ep.rosidl_typesupport_introspection_c.c.o[0m
[3.699s] [ 90%] [32mBuilding C object CMakeFiles/audio_msgs__rosidl_typesupport_c__pyext.dir/rosidl_generator_py/audio_msgs/_audio_msgs_s.ep.rosidl_typesupport_c.c.o[0m
[3.791s] [ 93%] [32m[1mLinking C shared library rosidl_generator_py/audio_msgs/audio_msgs_s__rosidl_typesupport_introspection_c.cpython-310-x86_64-linux-gnu.so[0m
[3.809s] [ 96%] [32m[1mLinking C shared library rosidl_generator_py/audio_msgs/audio_msgs_s__rosidl_typesupport_fastrtps_c.cpython-310-x86_64-linux-gnu.so[0m
[3.814s] [100%] [32m[1mLinking C shared library rosidl_generator_py/audio_msgs/audio_msgs_s__rosidl_typesupport_c.cpython-310-x86_64-linux-gnu.so[0m
[3.832s] [100%] Built target audio_msgs__rosidl_typesupport_introspection_c__pyext
[3.849s] [100%] Built target audio_msgs__rosidl_typesupport_fastrtps_c__pyext
[3.851s] [100%] Built target audio_msgs__rosidl_typesupport_c__pyext
[3.862s] Invoked command in '/home/devuser/Workspaces/build/audio_msgs' returned '0': CMAKE_PREFIX_PATH=/opt/ros/humble /usr/bin/cmake --build /home/devuser/Workspaces/build/audio_msgs -- -j16 -l16
[3.864s] Invoking command in '/home/devuser/Workspaces/build/audio_msgs': CMAKE_PREFIX_PATH=/opt/ros/humble /usr/bin/cmake --install /home/devuser/Workspaces/build/audio_msgs
[3.871s] -- Install configuration: ""
[3.871s] -- Execute custom install script
[3.872s] -- Symlinking: /home/devuser/Workspaces/install/audio_msgs/share/ament_index/resource_index/rosidl_interfaces/audio_msgs
[3.881s] -- Symlinking: /home/devuser/Workspaces/install/audio_msgs/include/audio_msgs/audio_msgs/msg/audio.h
[3.890s] -- Symlinking: /home/devuser/Workspaces/install/audio_msgs/include/audio_msgs/audio_msgs/msg/detail/audio__functions.h
[3.899s] -- Symlinking: /home/devuser/Workspaces/install/audio_msgs/include/audio_msgs/audio_msgs/msg/detail/audio__struct.h
[3.907s] -- Symlinking: /home/devuser/Workspaces/install/audio_msgs/include/audio_msgs/audio_msgs/msg/detail/audio__type_support.h
[3.916s] -- Symlinking: /home/devuser/Workspaces/install/audio_msgs/include/audio_msgs/audio_msgs/msg/rosidl_generator_c__visibility_control.h
[3.924s] -- Symlinking: /home/devuser/Workspaces/install/audio_msgs/share/audio_msgs/environment/library_path.sh
[3.932s] -- Symlinking: /home/devuser/Workspaces/install/audio_msgs/share/audio_msgs/environment/library_path.dsv
[3.940s] -- Symlinking: /home/devuser/Workspaces/install/audio_msgs/include/audio_msgs/audio_msgs/msg/detail/audio__rosidl_typesupport_fastrtps_c.h
[3.948s] -- Symlinking: /home/devuser/Workspaces/install/audio_msgs/include/audio_msgs/audio_msgs/msg/rosidl_typesupport_fastrtps_c__visibility_control.h
[3.956s] -- Symlinking: /home/devuser/Workspaces/install/audio_msgs/include/audio_msgs/audio_msgs/msg/audio.hpp
[3.964s] -- Symlinking: /home/devuser/Workspaces/install/audio_msgs/include/audio_msgs/audio_msgs/msg/detail/audio__builder.hpp
[3.972s] -- Symlinking: /home/devuser/Workspaces/install/audio_msgs/include/audio_msgs/audio_msgs/msg/detail/audio__struct.hpp
[3.981s] -- Symlinking: /home/devuser/Workspaces/install/audio_msgs/include/audio_msgs/audio_msgs/msg/detail/audio__traits.hpp
[3.989s] -- Symlinking: /home/devuser/Workspaces/install/audio_msgs/include/audio_msgs/audio_msgs/msg/detail/audio__type_support.hpp
[3.997s] -- Symlinking: /home/devuser/Workspaces/install/audio_msgs/include/audio_msgs/audio_msgs/msg/rosidl_generator_cpp__visibility_control.hpp
[4.005s] -- Symlinking: /home/devuser/Workspaces/install/audio_msgs/include/audio_msgs/audio_msgs/msg/detail/audio__rosidl_typesupport_fastrtps_cpp.hpp
[4.013s] -- Symlinking: /home/devuser/Workspaces/install/audio_msgs/include/audio_msgs/audio_msgs/msg/rosidl_typesupport_fastrtps_cpp__visibility_control.h
[4.022s] -- Symlinking: /home/devuser/Workspaces/install/audio_msgs/include/audio_msgs/audio_msgs/msg/detail/audio__rosidl_typesupport_introspection_c.h
[4.030s] -- Symlinking: /home/devuser/Workspaces/install/audio_msgs/include/audio_msgs/audio_msgs/msg/rosidl_typesupport_introspection_c__visibility_control.h
[4.038s] -- Symlinking: /home/devuser/Workspaces/install/audio_msgs/include/audio_msgs/audio_msgs/msg/detail/audio__rosidl_typesupport_introspection_cpp.hpp
[4.046s] -- Symlinking: /home/devuser/Workspaces/install/audio_msgs/share/audio_msgs/environment/pythonpath.sh
[4.055s] -- Symlinking: /home/devuser/Workspaces/install/audio_msgs/share/audio_msgs/environment/pythonpath.dsv
[4.063s] -- Symlinking: /home/devuser/Workspaces/install/audio_msgs/local/lib/python3.10/dist-packages/audio_msgs-0.0.0-py3.10.egg-info/PKG-INFO
[4.071s] -- Symlinking: /home/devuser/Workspaces/install/audio_msgs/local/lib/python3.10/dist-packages/audio_msgs-0.0.0-py3.10.egg-info/SOURCES.txt
[4.080s] -- Symlinking: /home/devuser/Workspaces/install/audio_msgs/local/lib/python3.10/dist-packages/audio_msgs-0.0.0-py3.10.egg-info/dependency_links.txt
[4.087s] -- Symlinking: /home/devuser/Workspaces/install/audio_msgs/local/lib/python3.10/dist-packages/audio_msgs-0.0.0-py3.10.egg-info/top_level.txt
[4.096s] -- Symlinking: /home/devuser/Workspaces/install/audio_msgs/local/lib/python3.10/dist-packages/audio_msgs/__init__.py
[4.104s] -- Symlinking: /home/devuser/Workspaces/install/audio_msgs/local/lib/python3.10/dist-packages/audio_msgs/_audio_msgs_s.ep.rosidl_typesupport_c.c
[4.112s] -- Symlinking: /home/devuser/Workspaces/install/audio_msgs/local/lib/python3.10/dist-packages/audio_msgs/_audio_msgs_s.ep.rosidl_typesupport_fastrtps_c.c
[4.121s] -- Symlinking: /home/devuser/Workspaces/install/audio_msgs/local/lib/python3.10/dist-packages/audio_msgs/_audio_msgs_s.ep.rosidl_typesupport_introspection_c.c
[4.130s] -- Symlinking: /home/devuser/Workspaces/install/audio_msgs/local/lib/python3.10/dist-packages/audio_msgs/audio_msgs_s__rosidl_typesupport_c.cpython-310-x86_64-linux-gnu.so
[4.138s] -- Symlinking: /home/devuser/Workspaces/install/audio_msgs/local/lib/python3.10/dist-packages/audio_msgs/audio_msgs_s__rosidl_typesupport_fastrtps_c.cpython-310-x86_64-linux-gnu.so
[4.146s] -- Symlinking: /home/devuser/Workspaces/install/audio_msgs/local/lib/python3.10/dist-packages/audio_msgs/audio_msgs_s__rosidl_typesupport_introspection_c.cpython-310-x86_64-linux-gnu.so
[4.154s] -- Symlinking: /home/devuser/Workspaces/install/audio_msgs/local/lib/python3.10/dist-packages/audio_msgs/libaudio_msgs__rosidl_generator_py.so
[4.162s] -- Symlinking: /home/devuser/Workspaces/install/audio_msgs/local/lib/python3.10/dist-packages/audio_msgs/msg/__init__.py
[4.170s] -- Symlinking: /home/devuser/Workspaces/install/audio_msgs/local/lib/python3.10/dist-packages/audio_msgs/msg/_audio.py
[4.177s] -- Symlinking: /home/devuser/Workspaces/install/audio_msgs/local/lib/python3.10/dist-packages/audio_msgs/msg/_audio_s.c
[4.186s] -- Up-to-date symlink: /home/devuser/Workspaces/install/audio_msgs/local/lib/python3.10/dist-packages/audio_msgs/audio_msgs_s__rosidl_typesupport_fastrtps_c.cpython-310-x86_64-linux-gnu.so
[4.186s] -- Up-to-date symlink: /home/devuser/Workspaces/install/audio_msgs/local/lib/python3.10/dist-packages/audio_msgs/audio_msgs_s__rosidl_typesupport_introspection_c.cpython-310-x86_64-linux-gnu.so
[4.186s] -- Up-to-date symlink: /home/devuser/Workspaces/install/audio_msgs/local/lib/python3.10/dist-packages/audio_msgs/audio_msgs_s__rosidl_typesupport_c.cpython-310-x86_64-linux-gnu.so
[4.186s] -- Symlinking: /home/devuser/Workspaces/install/audio_msgs/share/audio_msgs/msg/Audio.idl
[4.194s] -- Symlinking: /home/devuser/Workspaces/install/audio_msgs/share/audio_msgs/msg/Audio.msg
[4.202s] -- Symlinking: /home/devuser/Workspaces/install/audio_msgs/share/ament_index/resource_index/package_run_dependencies/audio_msgs
[4.210s] -- Symlinking: /home/devuser/Workspaces/install/audio_msgs/share/ament_index/resource_index/parent_prefix_path/audio_msgs
[4.219s] -- Symlinking: /home/devuser/Workspaces/install/audio_msgs/share/audio_msgs/environment/ament_prefix_path.sh
[4.227s] -- Symlinking: /home/devuser/Workspaces/install/audio_msgs/share/audio_msgs/environment/ament_prefix_path.dsv
[4.235s] -- Symlinking: /home/devuser/Workspaces/install/audio_msgs/share/audio_msgs/environment/path.sh
[4.243s] -- Symlinking: /home/devuser/Workspaces/install/audio_msgs/share/audio_msgs/environment/path.dsv
[4.251s] -- Symlinking: /home/devuser/Workspaces/install/audio_msgs/share/audio_msgs/local_setup.bash
[4.259s] -- Symlinking: /home/devuser/Workspaces/install/audio_msgs/share/audio_msgs/local_setup.sh
[4.266s] -- Symlinking: /home/devuser/Workspaces/install/audio_msgs/share/audio_msgs/local_setup.zsh
[4.275s] -- Symlinking: /home/devuser/Workspaces/install/audio_msgs/share/audio_msgs/local_setup.dsv
[4.283s] -- Symlinking: /home/devuser/Workspaces/install/audio_msgs/share/audio_msgs/package.dsv
[4.291s] -- Symlinking: /home/devuser/Workspaces/install/audio_msgs/share/ament_index/resource_index/packages/audio_msgs
[4.298s] -- Symlinking: /home/devuser/Workspaces/install/audio_msgs/share/audio_msgs/cmake/rosidl_cmake-extras.cmake
[4.306s] -- Symlinking: /home/devuser/Workspaces/install/audio_msgs/share/audio_msgs/cmake/ament_cmake_export_dependencies-extras.cmake
[4.314s] -- Symlinking: /home/devuser/Workspaces/install/audio_msgs/share/audio_msgs/cmake/ament_cmake_export_include_directories-extras.cmake
[4.322s] -- Symlinking: /home/devuser/Workspaces/install/audio_msgs/share/audio_msgs/cmake/ament_cmake_export_libraries-extras.cmake
[4.330s] -- Symlinking: /home/devuser/Workspaces/install/audio_msgs/share/audio_msgs/cmake/ament_cmake_export_targets-extras.cmake
[4.338s] -- Symlinking: /home/devuser/Workspaces/install/audio_msgs/share/audio_msgs/cmake/rosidl_cmake_export_typesupport_targets-extras.cmake
[4.347s] -- Symlinking: /home/devuser/Workspaces/install/audio_msgs/share/audio_msgs/cmake/rosidl_cmake_export_typesupport_libraries-extras.cmake
[4.355s] -- Symlinking: /home/devuser/Workspaces/install/audio_msgs/share/audio_msgs/cmake/audio_msgsConfig.cmake
[4.362s] -- Symlinking: /home/devuser/Workspaces/install/audio_msgs/share/audio_msgs/cmake/audio_msgsConfig-version.cmake
[4.370s] -- Symlinking: /home/devuser/Workspaces/install/audio_msgs/share/audio_msgs/package.xml
[4.378s] -- Installing: /home/devuser/Workspaces/install/audio_msgs/lib/libaudio_msgs__rosidl_generator_c.so
[4.378s] -- Set runtime path of "/home/devuser/Workspaces/install/audio_msgs/lib/libaudio_msgs__rosidl_generator_c.so" to ""
[4.379s] -- Installing: /home/devuser/Workspaces/install/audio_msgs/lib/libaudio_msgs__rosidl_typesupport_fastrtps_c.so
[4.379s] -- Set runtime path of "/home/devuser/Workspaces/install/audio_msgs/lib/libaudio_msgs__rosidl_typesupport_fastrtps_c.so" to ""
[4.379s] -- Installing: /home/devuser/Workspaces/install/audio_msgs/lib/libaudio_msgs__rosidl_typesupport_fastrtps_cpp.so
[4.379s] -- Set runtime path of "/home/devuser/Workspaces/install/audio_msgs/lib/libaudio_msgs__rosidl_typesupport_fastrtps_cpp.so" to ""
[4.379s] -- Installing: /home/devuser/Workspaces/install/audio_msgs/lib/libaudio_msgs__rosidl_typesupport_introspection_c.so
[4.380s] -- Set runtime path of "/home/devuser/Workspaces/install/audio_msgs/lib/libaudio_msgs__rosidl_typesupport_introspection_c.so" to ""
[4.380s] -- Installing: /home/devuser/Workspaces/install/audio_msgs/lib/libaudio_msgs__rosidl_typesupport_c.so
[4.380s] -- Set runtime path of "/home/devuser/Workspaces/install/audio_msgs/lib/libaudio_msgs__rosidl_typesupport_c.so" to ""
[4.380s] -- Installing: /home/devuser/Workspaces/install/audio_msgs/lib/libaudio_msgs__rosidl_typesupport_introspection_cpp.so
[4.380s] -- Set runtime path of "/home/devuser/Workspaces/install/audio_msgs/lib/libaudio_msgs__rosidl_typesupport_introspection_cpp.so" to ""
[4.380s] -- Installing: /home/devuser/Workspaces/install/audio_msgs/lib/libaudio_msgs__rosidl_typesupport_cpp.so
[4.381s] -- Set runtime path of "/home/devuser/Workspaces/install/audio_msgs/lib/libaudio_msgs__rosidl_typesupport_cpp.so" to ""
[4.407s] Listing '/home/devuser/Workspaces/install/audio_msgs/local/lib/python3.10/dist-packages/audio_msgs'...
[4.407s] Compiling '/home/devuser/Workspaces/install/audio_msgs/local/lib/python3.10/dist-packages/audio_msgs/__init__.py'...
[4.407s] Listing '/home/devuser/Workspaces/install/audio_msgs/local/lib/python3.10/dist-packages/audio_msgs/msg'...
[4.407s] Compiling '/home/devuser/Workspaces/install/audio_msgs/local/lib/python3.10/dist-packages/audio_msgs/msg/__init__.py'...
[4.407s] Compiling '/home/devuser/Workspaces/install/audio_msgs/local/lib/python3.10/dist-packages/audio_msgs/msg/_audio.py'...
[4.410s] -- Installing: /home/devuser/Workspaces/install/audio_msgs/lib/libaudio_msgs__rosidl_generator_py.so
[4.411s] -- Set runtime path of "/home/devuser/Workspaces/install/audio_msgs/lib/libaudio_msgs__rosidl_generator_py.so" to ""
[4.411s] -- Installing: /home/devuser/Workspaces/install/audio_msgs/share/audio_msgs/cmake/export_audio_msgs__rosidl_generator_cExport.cmake
[4.411s] -- Installing: /home/devuser/Workspaces/install/audio_msgs/share/audio_msgs/cmake/export_audio_msgs__rosidl_generator_cExport-noconfig.cmake
[4.411s] -- Installing: /home/devuser/Workspaces/install/audio_msgs/share/audio_msgs/cmake/export_audio_msgs__rosidl_typesupport_fastrtps_cExport.cmake
[4.411s] -- Installing: /home/devuser/Workspaces/install/audio_msgs/share/audio_msgs/cmake/export_audio_msgs__rosidl_typesupport_fastrtps_cExport-noconfig.cmake
[4.411s] -- Installing: /home/devuser/Workspaces/install/audio_msgs/share/audio_msgs/cmake/export_audio_msgs__rosidl_generator_cppExport.cmake
[4.411s] -- Installing: /home/devuser/Workspaces/install/audio_msgs/share/audio_msgs/cmake/export_audio_msgs__rosidl_typesupport_fastrtps_cppExport.cmake
[4.412s] -- Installing: /home/devuser/Workspaces/install/audio_msgs/share/audio_msgs/cmake/export_audio_msgs__rosidl_typesupport_fastrtps_cppExport-noconfig.cmake
[4.412s] -- Installing: /home/devuser/Workspaces/install/audio_msgs/share/audio_msgs/cmake/audio_msgs__rosidl_typesupport_introspection_cExport.cmake
[4.412s] -- Installing: /home/devuser/Workspaces/install/audio_msgs/share/audio_msgs/cmake/audio_msgs__rosidl_typesupport_introspection_cExport-noconfig.cmake
[4.412s] -- Installing: /home/devuser/Workspaces/install/audio_msgs/share/audio_msgs/cmake/audio_msgs__rosidl_typesupport_cExport.cmake
[4.412s] -- Installing: /home/devuser/Workspaces/install/audio_msgs/share/audio_msgs/cmake/audio_msgs__rosidl_typesupport_cExport-noconfig.cmake
[4.412s] -- Installing: /home/devuser/Workspaces/install/audio_msgs/share/audio_msgs/cmake/audio_msgs__rosidl_typesupport_introspection_cppExport.cmake
[4.413s] -- Installing: /home/devuser/Workspaces/install/audio_msgs/share/audio_msgs/cmake/audio_msgs__rosidl_typesupport_introspection_cppExport-noconfig.cmake
[4.413s] -- Installing: /home/devuser/Workspaces/install/audio_msgs/share/audio_msgs/cmake/audio_msgs__rosidl_typesupport_cppExport.cmake
[4.413s] -- Installing: /home/devuser/Workspaces/install/audio_msgs/share/audio_msgs/cmake/audio_msgs__rosidl_typesupport_cppExport-noconfig.cmake
[4.413s] -- Installing: /home/devuser/Workspaces/install/audio_msgs/share/audio_msgs/cmake/export_audio_msgs__rosidl_generator_pyExport.cmake
[4.413s] -- Installing: /home/devuser/Workspaces/install/audio_msgs/share/audio_msgs/cmake/export_audio_msgs__rosidl_generator_pyExport-noconfig.cmake
[4.415s] Invoked command in '/home/devuser/Workspaces/build/audio_msgs' returned '0': CMAKE_PREFIX_PATH=/opt/ros/humble /usr/bin/cmake --install /home/devuser/Workspaces/build/audio_msgs
