[0.819s] Invoking command in '/home/devuser/Workspaces/rosgsthumble_ws/src/build/gst_bridge': AMENT_PREFIX_PATH=/home/devuser/Workspaces/rosgsthumble_ws/src/install/audio_msgs:${AMENT_PREFIX_PATH} CMAKE_PREFIX_PATH=/home/devuser/Workspaces/rosgsthumble_ws/src/install/audio_msgs:/home/devuser/Workspaces/rosgsthumble_ws/install/webrtc_camera_node:/home/devuser/Workspaces/rosgsthumble_ws/install/gst_pipeline_plugins_webrtc:/home/devuser/Workspaces/rosgsthumble_ws/install/gst_pipeline_plugins:/home/devuser/Workspaces/rosgsthumble_ws/install/gst_pipeline:/home/devuser/Workspaces/rosgsthumble_ws/install/gst_msgs:/home/devuser/Workspaces/rosgsthumble_ws/install/gst_bridge:/home/devuser/Workspaces/rosgsthumble_ws/install/cpp_campub:/home/devuser/Workspaces/rosgsthumble_ws/install/audio_msgs:/opt/ros/humble LD_LIBRARY_PATH=/home/devuser/Workspaces/rosgsthumble_ws/src/install/audio_msgs/lib:${LD_LIBRARY_PATH} PYTHONPATH=/home/devuser/Workspaces/rosgsthumble_ws/src/install/audio_msgs/local/lib/python3.10/dist-packages:${PYTHONPATH} /usr/bin/cmake /home/devuser/Workspaces/rosgsthumble_ws/src/ros-gst-bridge/gst_bridge -DAMENT_CMAKE_SYMLINK_INSTALL=1 -DCMAKE_INSTALL_PREFIX=/home/devuser/Workspaces/rosgsthumble_ws/src/install/gst_bridge
[7.407s] -- The C compiler identification is GNU 11.4.0
[8.271s] -- The CXX compiler identification is GNU 11.4.0
[8.701s] -- Detecting C compiler ABI info
[9.922s] -- Detecting C compiler ABI info - done
[10.006s] -- Check for working C compiler: /usr/bin/cc - skipped
[10.011s] -- Detecting C compile features
[10.016s] -- Detecting C compile features - done
[10.039s] -- Detecting CXX compiler ABI info
[11.085s] -- Detecting CXX compiler ABI info - done
[11.236s] -- Check for working CXX compiler: /usr/bin/c++ - skipped
[11.240s] -- Detecting CXX compile features
[11.250s] -- Detecting CXX compile features - done
[11.342s] -- Found PkgConfig: /usr/bin/pkg-config (found version "0.29.2") 
[11.470s] -- Found ament_cmake: 1.3.12 (/opt/ros/humble/share/ament_cmake/cmake)
[13.220s] -- Found Python3: /usr/bin/python3 (found version "3.10.12") found components: Interpreter 
[14.472s] -- Override CMake install command with custom implementation using symlinks instead of copying resources
[15.172s] -- Found rclcpp: 16.0.15 (/opt/ros/humble/share/rclcpp/cmake)
[16.619s] -- Found rosidl_generator_c: 3.1.7 (/opt/ros/humble/share/rosidl_generator_c/cmake)
[16.873s] -- Found rosidl_adapter: 3.1.7 (/opt/ros/humble/share/rosidl_adapter/cmake)
[17.165s] -- Found rosidl_generator_cpp: 3.1.7 (/opt/ros/humble/share/rosidl_generator_cpp/cmake)
[17.332s] -- Using all available rosidl_typesupport_c: rosidl_typesupport_fastrtps_c;rosidl_typesupport_introspection_c
[17.646s] -- Using all available rosidl_typesupport_cpp: rosidl_typesupport_fastrtps_cpp;rosidl_typesupport_introspection_cpp
[18.989s] -- Found rmw_implementation_cmake: 6.1.2 (/opt/ros/humble/share/rmw_implementation_cmake/cmake)
[19.078s] -- Found rmw_fastrtps_cpp: 6.2.9 (/opt/ros/humble/share/rmw_fastrtps_cpp/cmake)
[21.143s] -- Found OpenSSL: /usr/lib/aarch64-linux-gnu/libcrypto.so (found version "3.0.2")  
[21.446s] -- Found FastRTPS: /opt/ros/humble/include  
[21.863s] -- Using RMW implementation 'rmw_fastrtps_cpp' as default
[22.114s] -- Looking for pthread.h
[23.603s] -- Looking for pthread.h - found
[23.609s] -- Performing Test CMAKE_HAVE_LIBC_PTHREAD
[24.150s] -- Performing Test CMAKE_HAVE_LIBC_PTHREAD - Success
[24.157s] -- Found Threads: TRUE  
[25.536s] -- Checking for one of the modules 'gstreamer-1.0'
[26.204s] -- Checking for one of the modules 'gstreamer-base-1.0'
[26.593s] -- Checking for one of the modules 'gstreamer-app-1.0'
[27.091s] -- Checking for one of the modules 'gstreamer-audio-1.0'
[27.394s] -- Checking for one of the modules 'gstreamer-video-1.0'
[28.548s] -- Found GLIB: /usr/include/glib-2.0;/usr/lib/aarch64-linux-gnu/glib-2.0/include (found version "2.72.4") 
[28.554s] -- Found audio_msgs: 0.0.0 (/home/devuser/Workspaces/rosgsthumble_ws/src/install/audio_msgs/share/audio_msgs/cmake)
[28.740s] -- Found sensor_msgs: 4.9.0 (/opt/ros/humble/share/sensor_msgs/cmake)
[30.930s] -- Found ament_cmake_clang_format: 0.12.14 (/opt/ros/humble/share/ament_cmake_clang_format/cmake)
[32.441s] -- Configuring done
[34.724s] -- Generating done
[34.894s] -- Build files have been written to: /home/devuser/Workspaces/rosgsthumble_ws/src/build/gst_bridge
[35.029s] Invoked command in '/home/devuser/Workspaces/rosgsthumble_ws/src/build/gst_bridge' returned '0': AMENT_PREFIX_PATH=/home/devuser/Workspaces/rosgsthumble_ws/src/install/audio_msgs:${AMENT_PREFIX_PATH} CMAKE_PREFIX_PATH=/home/devuser/Workspaces/rosgsthumble_ws/src/install/audio_msgs:/home/devuser/Workspaces/rosgsthumble_ws/install/webrtc_camera_node:/home/devuser/Workspaces/rosgsthumble_ws/install/gst_pipeline_plugins_webrtc:/home/devuser/Workspaces/rosgsthumble_ws/install/gst_pipeline_plugins:/home/devuser/Workspaces/rosgsthumble_ws/install/gst_pipeline:/home/devuser/Workspaces/rosgsthumble_ws/install/gst_msgs:/home/devuser/Workspaces/rosgsthumble_ws/install/gst_bridge:/home/devuser/Workspaces/rosgsthumble_ws/install/cpp_campub:/home/devuser/Workspaces/rosgsthumble_ws/install/audio_msgs:/opt/ros/humble LD_LIBRARY_PATH=/home/devuser/Workspaces/rosgsthumble_ws/src/install/audio_msgs/lib:${LD_LIBRARY_PATH} PYTHONPATH=/home/devuser/Workspaces/rosgsthumble_ws/src/install/audio_msgs/local/lib/python3.10/dist-packages:${PYTHONPATH} /usr/bin/cmake /home/devuser/Workspaces/rosgsthumble_ws/src/ros-gst-bridge/gst_bridge -DAMENT_CMAKE_SYMLINK_INSTALL=1 -DCMAKE_INSTALL_PREFIX=/home/devuser/Workspaces/rosgsthumble_ws/src/install/gst_bridge
[35.039s] Invoking command in '/home/devuser/Workspaces/rosgsthumble_ws/src/build/gst_bridge': AMENT_PREFIX_PATH=/home/devuser/Workspaces/rosgsthumble_ws/src/install/audio_msgs:${AMENT_PREFIX_PATH} CMAKE_PREFIX_PATH=/home/devuser/Workspaces/rosgsthumble_ws/src/install/audio_msgs:/home/devuser/Workspaces/rosgsthumble_ws/install/webrtc_camera_node:/home/devuser/Workspaces/rosgsthumble_ws/install/gst_pipeline_plugins_webrtc:/home/devuser/Workspaces/rosgsthumble_ws/install/gst_pipeline_plugins:/home/devuser/Workspaces/rosgsthumble_ws/install/gst_pipeline:/home/devuser/Workspaces/rosgsthumble_ws/install/gst_msgs:/home/devuser/Workspaces/rosgsthumble_ws/install/gst_bridge:/home/devuser/Workspaces/rosgsthumble_ws/install/cpp_campub:/home/devuser/Workspaces/rosgsthumble_ws/install/audio_msgs:/opt/ros/humble LD_LIBRARY_PATH=/home/devuser/Workspaces/rosgsthumble_ws/src/install/audio_msgs/lib:${LD_LIBRARY_PATH} PYTHONPATH=/home/devuser/Workspaces/rosgsthumble_ws/src/install/audio_msgs/local/lib/python3.10/dist-packages:${PYTHONPATH} /usr/bin/cmake --build /home/devuser/Workspaces/rosgsthumble_ws/src/build/gst_bridge -- -j4 -l4
[35.777s] [  7%] [32mBuilding CXX object CMakeFiles/gst_bridge.dir/src/gst_bridge.cpp.o[0m
[66.772s] [ 15%] [32mBuilding CXX object CMakeFiles/gst_bridge.dir/src/rosbasesrc.cpp.o[0m
[98.737s] [ 23%] [32mBuilding CXX object CMakeFiles/gst_bridge.dir/src/rosbasesink.cpp.o[0m
[129.715s] [ 30%] [32mBuilding CXX object CMakeFiles/gst_bridge.dir/src/rosbaseiface.cpp.o[0m
[168.910s] [ 38%] [32m[1mLinking CXX shared library libgst_bridge.so[0m
[181.832s] [ 38%] Built target gst_bridge
[182.319s] [ 46%] [32mBuilding CXX object CMakeFiles/rosgstbridge.dir/src/rosgstbridgeplugin.cpp.o[0m
[215.688s] [ 53%] [32mBuilding CXX object CMakeFiles/rosgstbridge.dir/src/rostextsink.cpp.o[0m
[274.717s] [ 61%] [32mBuilding CXX object CMakeFiles/rosgstbridge.dir/src/rosaudiosrc.cpp.o[0m
[367.199s] [ 69%] [32mBuilding CXX object CMakeFiles/rosgstbridge.dir/src/rosimagesrc.cpp.o[0m
[465.564s] [ 76%] [32mBuilding CXX object CMakeFiles/rosgstbridge.dir/src/rostextsrc.cpp.o[0m
[559.238s] [ 84%] [32mBuilding CXX object CMakeFiles/rosgstbridge.dir/src/rosimagesink.cpp.o[0m
[611.226s] [ 92%] [32mBuilding CXX object CMakeFiles/rosgstbridge.dir/src/rosaudiosink.cpp.o[0m
[664.973s] [100%] [32m[1mLinking CXX shared library librosgstbridge.so[0m
[680.136s] [100%] Built target rosgstbridge
[682.193s] Invoked command in '/home/devuser/Workspaces/rosgsthumble_ws/src/build/gst_bridge' returned '0': AMENT_PREFIX_PATH=/home/devuser/Workspaces/rosgsthumble_ws/src/install/audio_msgs:${AMENT_PREFIX_PATH} CMAKE_PREFIX_PATH=/home/devuser/Workspaces/rosgsthumble_ws/src/install/audio_msgs:/home/devuser/Workspaces/rosgsthumble_ws/install/webrtc_camera_node:/home/devuser/Workspaces/rosgsthumble_ws/install/gst_pipeline_plugins_webrtc:/home/devuser/Workspaces/rosgsthumble_ws/install/gst_pipeline_plugins:/home/devuser/Workspaces/rosgsthumble_ws/install/gst_pipeline:/home/devuser/Workspaces/rosgsthumble_ws/install/gst_msgs:/home/devuser/Workspaces/rosgsthumble_ws/install/gst_bridge:/home/devuser/Workspaces/rosgsthumble_ws/install/cpp_campub:/home/devuser/Workspaces/rosgsthumble_ws/install/audio_msgs:/opt/ros/humble LD_LIBRARY_PATH=/home/devuser/Workspaces/rosgsthumble_ws/src/install/audio_msgs/lib:${LD_LIBRARY_PATH} PYTHONPATH=/home/devuser/Workspaces/rosgsthumble_ws/src/install/audio_msgs/local/lib/python3.10/dist-packages:${PYTHONPATH} /usr/bin/cmake --build /home/devuser/Workspaces/rosgsthumble_ws/src/build/gst_bridge -- -j4 -l4
[682.995s] Invoking command in '/home/devuser/Workspaces/rosgsthumble_ws/src/build/gst_bridge': AMENT_PREFIX_PATH=/home/devuser/Workspaces/rosgsthumble_ws/src/install/audio_msgs:${AMENT_PREFIX_PATH} CMAKE_PREFIX_PATH=/home/devuser/Workspaces/rosgsthumble_ws/src/install/audio_msgs:/home/devuser/Workspaces/rosgsthumble_ws/install/webrtc_camera_node:/home/devuser/Workspaces/rosgsthumble_ws/install/gst_pipeline_plugins_webrtc:/home/devuser/Workspaces/rosgsthumble_ws/install/gst_pipeline_plugins:/home/devuser/Workspaces/rosgsthumble_ws/install/gst_pipeline:/home/devuser/Workspaces/rosgsthumble_ws/install/gst_msgs:/home/devuser/Workspaces/rosgsthumble_ws/install/gst_bridge:/home/devuser/Workspaces/rosgsthumble_ws/install/cpp_campub:/home/devuser/Workspaces/rosgsthumble_ws/install/audio_msgs:/opt/ros/humble LD_LIBRARY_PATH=/home/devuser/Workspaces/rosgsthumble_ws/src/install/audio_msgs/lib:${LD_LIBRARY_PATH} PYTHONPATH=/home/devuser/Workspaces/rosgsthumble_ws/src/install/audio_msgs/local/lib/python3.10/dist-packages:${PYTHONPATH} /usr/bin/cmake --install /home/devuser/Workspaces/rosgsthumble_ws/src/build/gst_bridge
[684.223s] -- Install configuration: "RelWithDebInfo"
[684.282s] -- Execute custom install script
[684.283s] -- Symlinking: /home/devuser/Workspaces/rosgsthumble_ws/src/install/gst_bridge/share/gst_bridge/environment/register_plugin.dsv
[684.284s] -- Symlinking: /home/devuser/Workspaces/rosgsthumble_ws/src/install/gst_bridge/share/gst_bridge/environment/library_path.sh
[684.284s] -- Symlinking: /home/devuser/Workspaces/rosgsthumble_ws/src/install/gst_bridge/share/gst_bridge/environment/library_path.dsv
[684.285s] -- Symlinking: /home/devuser/Workspaces/rosgsthumble_ws/src/install/gst_bridge/include/gst_bridge/gst_bridge.h
[684.285s] -- Symlinking: /home/devuser/Workspaces/rosgsthumble_ws/src/install/gst_bridge/include/gst_bridge/rosaudiosink.h
[684.286s] -- Symlinking: /home/devuser/Workspaces/rosgsthumble_ws/src/install/gst_bridge/include/gst_bridge/rosaudiosrc.h
[684.287s] -- Symlinking: /home/devuser/Workspaces/rosgsthumble_ws/src/install/gst_bridge/include/gst_bridge/rosbaseiface.h
[684.288s] -- Symlinking: /home/devuser/Workspaces/rosgsthumble_ws/src/install/gst_bridge/include/gst_bridge/rosbasesink.h
[684.288s] -- Symlinking: /home/devuser/Workspaces/rosgsthumble_ws/src/install/gst_bridge/include/gst_bridge/rosbasesrc.h
[684.288s] -- Symlinking: /home/devuser/Workspaces/rosgsthumble_ws/src/install/gst_bridge/include/gst_bridge/rosimagesink.h
[684.289s] -- Symlinking: /home/devuser/Workspaces/rosgsthumble_ws/src/install/gst_bridge/include/gst_bridge/rosimagesrc.h
[684.289s] -- Symlinking: /home/devuser/Workspaces/rosgsthumble_ws/src/install/gst_bridge/include/gst_bridge/rostextsink.h
[684.290s] -- Symlinking: /home/devuser/Workspaces/rosgsthumble_ws/src/install/gst_bridge/include/gst_bridge/rostextsrc.h
[684.290s] -- Symlinking: /home/devuser/Workspaces/rosgsthumble_ws/src/install/gst_bridge/lib/gst_bridge/librosgstbridge.so
[684.344s] -- Symlinking: /home/devuser/Workspaces/rosgsthumble_ws/src/install/gst_bridge/share/ament_index/resource_index/package_run_dependencies/gst_bridge
[684.474s] -- Symlinking: /home/devuser/Workspaces/rosgsthumble_ws/src/install/gst_bridge/share/ament_index/resource_index/parent_prefix_path/gst_bridge
[684.610s] -- Symlinking: /home/devuser/Workspaces/rosgsthumble_ws/src/install/gst_bridge/share/gst_bridge/environment/ament_prefix_path.sh
[684.648s] -- Symlinking: /home/devuser/Workspaces/rosgsthumble_ws/src/install/gst_bridge/share/gst_bridge/environment/ament_prefix_path.dsv
[684.678s] -- Symlinking: /home/devuser/Workspaces/rosgsthumble_ws/src/install/gst_bridge/share/gst_bridge/environment/path.sh
[684.710s] -- Symlinking: /home/devuser/Workspaces/rosgsthumble_ws/src/install/gst_bridge/share/gst_bridge/environment/path.dsv
[684.744s] -- Symlinking: /home/devuser/Workspaces/rosgsthumble_ws/src/install/gst_bridge/share/gst_bridge/local_setup.bash
[684.781s] -- Symlinking: /home/devuser/Workspaces/rosgsthumble_ws/src/install/gst_bridge/share/gst_bridge/local_setup.sh
[684.827s] -- Symlinking: /home/devuser/Workspaces/rosgsthumble_ws/src/install/gst_bridge/share/gst_bridge/local_setup.zsh
[684.886s] -- Symlinking: /home/devuser/Workspaces/rosgsthumble_ws/src/install/gst_bridge/share/gst_bridge/local_setup.dsv
[684.945s] -- Symlinking: /home/devuser/Workspaces/rosgsthumble_ws/src/install/gst_bridge/share/gst_bridge/package.dsv
[684.988s] -- Symlinking: /home/devuser/Workspaces/rosgsthumble_ws/src/install/gst_bridge/share/ament_index/resource_index/packages/gst_bridge
[685.022s] -- Symlinking: /home/devuser/Workspaces/rosgsthumble_ws/src/install/gst_bridge/share/gst_bridge/cmake/ament_cmake_export_include_directories-extras.cmake
[685.057s] -- Symlinking: /home/devuser/Workspaces/rosgsthumble_ws/src/install/gst_bridge/share/gst_bridge/cmake/ament_cmake_export_libraries-extras.cmake
[685.092s] -- Symlinking: /home/devuser/Workspaces/rosgsthumble_ws/src/install/gst_bridge/share/gst_bridge/cmake/ament_cmake_export_dependencies-extras.cmake
[685.125s] -- Symlinking: /home/devuser/Workspaces/rosgsthumble_ws/src/install/gst_bridge/share/gst_bridge/cmake/gst_bridgeConfig.cmake
[685.157s] -- Symlinking: /home/devuser/Workspaces/rosgsthumble_ws/src/install/gst_bridge/share/gst_bridge/cmake/gst_bridgeConfig-version.cmake
[685.193s] -- Symlinking: /home/devuser/Workspaces/rosgsthumble_ws/src/install/gst_bridge/share/gst_bridge/package.xml
[685.233s] -- Installing: /home/devuser/Workspaces/rosgsthumble_ws/src/install/gst_bridge/lib/libgst_bridge.so
[685.516s] -- Set runtime path of "/home/devuser/Workspaces/rosgsthumble_ws/src/install/gst_bridge/lib/libgst_bridge.so" to ""
[685.534s] Invoked command in '/home/devuser/Workspaces/rosgsthumble_ws/src/build/gst_bridge' returned '0': AMENT_PREFIX_PATH=/home/devuser/Workspaces/rosgsthumble_ws/src/install/audio_msgs:${AMENT_PREFIX_PATH} CMAKE_PREFIX_PATH=/home/devuser/Workspaces/rosgsthumble_ws/src/install/audio_msgs:/home/devuser/Workspaces/rosgsthumble_ws/install/webrtc_camera_node:/home/devuser/Workspaces/rosgsthumble_ws/install/gst_pipeline_plugins_webrtc:/home/devuser/Workspaces/rosgsthumble_ws/install/gst_pipeline_plugins:/home/devuser/Workspaces/rosgsthumble_ws/install/gst_pipeline:/home/devuser/Workspaces/rosgsthumble_ws/install/gst_msgs:/home/devuser/Workspaces/rosgsthumble_ws/install/gst_bridge:/home/devuser/Workspaces/rosgsthumble_ws/install/cpp_campub:/home/devuser/Workspaces/rosgsthumble_ws/install/audio_msgs:/opt/ros/humble LD_LIBRARY_PATH=/home/devuser/Workspaces/rosgsthumble_ws/src/install/audio_msgs/lib:${LD_LIBRARY_PATH} PYTHONPATH=/home/devuser/Workspaces/rosgsthumble_ws/src/install/audio_msgs/local/lib/python3.10/dist-packages:${PYTHONPATH} /usr/bin/cmake --install /home/devuser/Workspaces/rosgsthumble_ws/src/build/gst_bridge
