[0.081s] DEBUG:colcon:Command line arguments: ['/usr/bin/colcon', 'build', '--symlink-install']
[0.081s] DEBUG:colcon:Parsed command line arguments: Namespace(log_base=None, log_level=None, verb_name='build', build_base='build', install_base='install', merge_install=False, symlink_install=True, test_result_base=None, continue_on_error=False, executor='parallel', parallel_workers=12, event_handlers=None, ignore_user_meta=False, metas=['./colcon.meta'], base_paths=['.'], packages_ignore=None, packages_ignore_regex=None, paths=None, packages_up_to=None, packages_up_to_regex=None, packages_above=None, packages_above_and_dependencies=None, packages_above_depth=None, packages_select_by_dep=None, packages_skip_by_dep=None, packages_skip_up_to=None, packages_select_build_failed=False, packages_skip_build_finished=False, packages_select_test_failures=False, packages_skip_test_passed=False, packages_select=None, packages_skip=None, packages_select_regex=None, packages_skip_regex=None, packages_start=None, packages_end=None, cmake_args=None, cmake_target=None, cmake_target_skip_unavailable=False, cmake_clean_cache=False, cmake_clean_first=False, cmake_force_configure=False, ament_cmake_args=None, catkin_cmake_args=None, catkin_skip_building_tests=False, mixin_files=None, mixin=None, verb_parser=<colcon_mixin.mixin.mixin_argument.MixinArgumentDecorator object at 0x7fc77a21bdf0>, verb_extension=<colcon_core.verb.build.BuildVerb object at 0x7fc77a360df0>, main=<bound method BuildVerb.main of <colcon_core.verb.build.BuildVerb object at 0x7fc77a360df0>>, mixin_verb=('build',))
[0.195s] Level 1:colcon.colcon_core.package_discovery:discover_packages(colcon_meta) check parameters
[0.195s] Level 1:colcon.colcon_core.package_discovery:discover_packages(recursive) check parameters
[0.195s] Level 1:colcon.colcon_core.package_discovery:discover_packages(ignore) check parameters
[0.195s] Level 1:colcon.colcon_core.package_discovery:discover_packages(path) check parameters
[0.195s] Level 1:colcon.colcon_core.package_discovery:discover_packages(colcon_meta) discover
[0.195s] Level 1:colcon.colcon_core.package_discovery:discover_packages(recursive) discover
[0.195s] INFO:colcon.colcon_core.package_discovery:Crawling recursively for packages in '/home/devuser/Workspaces/rosgsthumble_ws'
[0.195s] Level 1:colcon.colcon_core.package_identification:_identify(.) by extensions ['ignore', 'ignore_ament_install']
[0.196s] Level 1:colcon.colcon_core.package_identification:_identify(.) by extension 'ignore'
[0.196s] Level 1:colcon.colcon_core.package_identification:_identify(.) by extension 'ignore_ament_install'
[0.196s] Level 1:colcon.colcon_core.package_identification:_identify(.) by extensions ['colcon_pkg']
[0.196s] Level 1:colcon.colcon_core.package_identification:_identify(.) by extension 'colcon_pkg'
[0.196s] Level 1:colcon.colcon_core.package_identification:_identify(.) by extensions ['colcon_meta']
[0.196s] Level 1:colcon.colcon_core.package_identification:_identify(.) by extension 'colcon_meta'
[0.196s] Level 1:colcon.colcon_core.package_identification:_identify(.) by extensions ['ros']
[0.196s] Level 1:colcon.colcon_core.package_identification:_identify(.) by extension 'ros'
[0.205s] Level 1:colcon.colcon_core.package_identification:_identify(.) by extensions ['cmake', 'python']
[0.205s] Level 1:colcon.colcon_core.package_identification:_identify(.) by extension 'cmake'
[0.205s] Level 1:colcon.colcon_core.package_identification:_identify(.) by extension 'python'
[0.205s] Level 1:colcon.colcon_core.package_identification:_identify(.) by extensions ['python_setup_py']
[0.205s] Level 1:colcon.colcon_core.package_identification:_identify(.) by extension 'python_setup_py'
[0.205s] Level 1:colcon.colcon_core.package_identification:_identify(build) by extensions ['ignore', 'ignore_ament_install']
[0.205s] Level 1:colcon.colcon_core.package_identification:_identify(build) by extension 'ignore'
[0.205s] Level 1:colcon.colcon_core.package_identification:_identify(build) ignored
[0.205s] Level 1:colcon.colcon_core.package_identification:_identify(install) by extensions ['ignore', 'ignore_ament_install']
[0.205s] Level 1:colcon.colcon_core.package_identification:_identify(install) by extension 'ignore'
[0.205s] Level 1:colcon.colcon_core.package_identification:_identify(install) ignored
[0.206s] Level 1:colcon.colcon_core.package_identification:_identify(log) by extensions ['ignore', 'ignore_ament_install']
[0.206s] Level 1:colcon.colcon_core.package_identification:_identify(log) by extension 'ignore'
[0.206s] Level 1:colcon.colcon_core.package_identification:_identify(log) ignored
[0.206s] Level 1:colcon.colcon_core.package_identification:_identify(src) by extensions ['ignore', 'ignore_ament_install']
[0.206s] Level 1:colcon.colcon_core.package_identification:_identify(src) by extension 'ignore'
[0.206s] Level 1:colcon.colcon_core.package_identification:_identify(src) by extension 'ignore_ament_install'
[0.206s] Level 1:colcon.colcon_core.package_identification:_identify(src) by extensions ['colcon_pkg']
[0.206s] Level 1:colcon.colcon_core.package_identification:_identify(src) by extension 'colcon_pkg'
[0.206s] Level 1:colcon.colcon_core.package_identification:_identify(src) by extensions ['colcon_meta']
[0.206s] Level 1:colcon.colcon_core.package_identification:_identify(src) by extension 'colcon_meta'
[0.206s] Level 1:colcon.colcon_core.package_identification:_identify(src) by extensions ['ros']
[0.206s] Level 1:colcon.colcon_core.package_identification:_identify(src) by extension 'ros'
[0.206s] Level 1:colcon.colcon_core.package_identification:_identify(src) by extensions ['cmake', 'python']
[0.206s] Level 1:colcon.colcon_core.package_identification:_identify(src) by extension 'cmake'
[0.206s] Level 1:colcon.colcon_core.package_identification:_identify(src) by extension 'python'
[0.206s] Level 1:colcon.colcon_core.package_identification:_identify(src) by extensions ['python_setup_py']
[0.206s] Level 1:colcon.colcon_core.package_identification:_identify(src) by extension 'python_setup_py'
[0.206s] Level 1:colcon.colcon_core.package_identification:_identify(src/cpp_campub) by extensions ['ignore', 'ignore_ament_install']
[0.206s] Level 1:colcon.colcon_core.package_identification:_identify(src/cpp_campub) by extension 'ignore'
[0.206s] Level 1:colcon.colcon_core.package_identification:_identify(src/cpp_campub) by extension 'ignore_ament_install'
[0.206s] Level 1:colcon.colcon_core.package_identification:_identify(src/cpp_campub) by extensions ['colcon_pkg']
[0.206s] Level 1:colcon.colcon_core.package_identification:_identify(src/cpp_campub) by extension 'colcon_pkg'
[0.207s] Level 1:colcon.colcon_core.package_identification:_identify(src/cpp_campub) by extensions ['colcon_meta']
[0.207s] Level 1:colcon.colcon_core.package_identification:_identify(src/cpp_campub) by extension 'colcon_meta'
[0.207s] Level 1:colcon.colcon_core.package_identification:_identify(src/cpp_campub) by extensions ['ros']
[0.207s] Level 1:colcon.colcon_core.package_identification:_identify(src/cpp_campub) by extension 'ros'
[0.209s] DEBUG:colcon.colcon_core.package_identification:Package 'src/cpp_campub' with type 'ros.ament_cmake' and name 'cpp_campub'
[0.209s] Level 1:colcon.colcon_core.package_identification:_identify(src/ros-gst-bridge) by extensions ['ignore', 'ignore_ament_install']
[0.209s] Level 1:colcon.colcon_core.package_identification:_identify(src/ros-gst-bridge) by extension 'ignore'
[0.209s] Level 1:colcon.colcon_core.package_identification:_identify(src/ros-gst-bridge) by extension 'ignore_ament_install'
[0.209s] Level 1:colcon.colcon_core.package_identification:_identify(src/ros-gst-bridge) by extensions ['colcon_pkg']
[0.209s] Level 1:colcon.colcon_core.package_identification:_identify(src/ros-gst-bridge) by extension 'colcon_pkg'
[0.209s] Level 1:colcon.colcon_core.package_identification:_identify(src/ros-gst-bridge) by extensions ['colcon_meta']
[0.209s] Level 1:colcon.colcon_core.package_identification:_identify(src/ros-gst-bridge) by extension 'colcon_meta'
[0.209s] Level 1:colcon.colcon_core.package_identification:_identify(src/ros-gst-bridge) by extensions ['ros']
[0.209s] Level 1:colcon.colcon_core.package_identification:_identify(src/ros-gst-bridge) by extension 'ros'
[0.209s] Level 1:colcon.colcon_core.package_identification:_identify(src/ros-gst-bridge) by extensions ['cmake', 'python']
[0.209s] Level 1:colcon.colcon_core.package_identification:_identify(src/ros-gst-bridge) by extension 'cmake'
[0.209s] Level 1:colcon.colcon_core.package_identification:_identify(src/ros-gst-bridge) by extension 'python'
[0.209s] Level 1:colcon.colcon_core.package_identification:_identify(src/ros-gst-bridge) by extensions ['python_setup_py']
[0.209s] Level 1:colcon.colcon_core.package_identification:_identify(src/ros-gst-bridge) by extension 'python_setup_py'
[0.209s] Level 1:colcon.colcon_core.package_identification:_identify(src/webrtc_camera_node) by extensions ['ignore', 'ignore_ament_install']
[0.209s] Level 1:colcon.colcon_core.package_identification:_identify(src/webrtc_camera_node) by extension 'ignore'
[0.209s] Level 1:colcon.colcon_core.package_identification:_identify(src/webrtc_camera_node) by extension 'ignore_ament_install'
[0.210s] Level 1:colcon.colcon_core.package_identification:_identify(src/webrtc_camera_node) by extensions ['colcon_pkg']
[0.210s] Level 1:colcon.colcon_core.package_identification:_identify(src/webrtc_camera_node) by extension 'colcon_pkg'
[0.210s] Level 1:colcon.colcon_core.package_identification:_identify(src/webrtc_camera_node) by extensions ['colcon_meta']
[0.210s] Level 1:colcon.colcon_core.package_identification:_identify(src/webrtc_camera_node) by extension 'colcon_meta'
[0.210s] Level 1:colcon.colcon_core.package_identification:_identify(src/webrtc_camera_node) by extensions ['ros']
[0.210s] Level 1:colcon.colcon_core.package_identification:_identify(src/webrtc_camera_node) by extension 'ros'
[0.210s] DEBUG:colcon.colcon_core.package_identification:Package 'src/webrtc_camera_node' with type 'ros.ament_cmake' and name 'webrtc_camera_node'
[0.210s] Level 1:colcon.colcon_core.package_discovery:discover_packages(recursive) using defaults
[0.210s] Level 1:colcon.colcon_core.package_discovery:discover_packages(ignore) discover
[0.210s] Level 1:colcon.colcon_core.package_discovery:discover_packages(ignore) using defaults
[0.210s] Level 1:colcon.colcon_core.package_discovery:discover_packages(path) discover
[0.210s] Level 1:colcon.colcon_core.package_discovery:discover_packages(path) using defaults
[0.226s] Level 5:colcon.colcon_core.verb:set package 'cpp_campub' build argument 'cmake_args' from command line to 'None'
[0.226s] Level 5:colcon.colcon_core.verb:set package 'cpp_campub' build argument 'cmake_target' from command line to 'None'
[0.226s] Level 5:colcon.colcon_core.verb:set package 'cpp_campub' build argument 'cmake_target_skip_unavailable' from command line to 'False'
[0.226s] Level 5:colcon.colcon_core.verb:set package 'cpp_campub' build argument 'cmake_clean_cache' from command line to 'False'
[0.226s] Level 5:colcon.colcon_core.verb:set package 'cpp_campub' build argument 'cmake_clean_first' from command line to 'False'
[0.226s] Level 5:colcon.colcon_core.verb:set package 'cpp_campub' build argument 'cmake_force_configure' from command line to 'False'
[0.226s] Level 5:colcon.colcon_core.verb:set package 'cpp_campub' build argument 'ament_cmake_args' from command line to 'None'
[0.226s] Level 5:colcon.colcon_core.verb:set package 'cpp_campub' build argument 'catkin_cmake_args' from command line to 'None'
[0.226s] Level 5:colcon.colcon_core.verb:set package 'cpp_campub' build argument 'catkin_skip_building_tests' from command line to 'False'
[0.226s] DEBUG:colcon.colcon_core.verb:Building package 'cpp_campub' with the following arguments: {'ament_cmake_args': None, 'build_base': '/home/devuser/Workspaces/rosgsthumble_ws/build/cpp_campub', 'catkin_cmake_args': None, 'catkin_skip_building_tests': False, 'cmake_args': None, 'cmake_clean_cache': False, 'cmake_clean_first': False, 'cmake_force_configure': False, 'cmake_target': None, 'cmake_target_skip_unavailable': False, 'install_base': '/home/devuser/Workspaces/rosgsthumble_ws/install/cpp_campub', 'merge_install': False, 'path': '/home/devuser/Workspaces/rosgsthumble_ws/src/cpp_campub', 'symlink_install': True, 'test_result_base': None}
[0.226s] Level 5:colcon.colcon_core.verb:set package 'webrtc_camera_node' build argument 'cmake_args' from command line to 'None'
[0.226s] Level 5:colcon.colcon_core.verb:set package 'webrtc_camera_node' build argument 'cmake_target' from command line to 'None'
[0.226s] Level 5:colcon.colcon_core.verb:set package 'webrtc_camera_node' build argument 'cmake_target_skip_unavailable' from command line to 'False'
[0.226s] Level 5:colcon.colcon_core.verb:set package 'webrtc_camera_node' build argument 'cmake_clean_cache' from command line to 'False'
[0.226s] Level 5:colcon.colcon_core.verb:set package 'webrtc_camera_node' build argument 'cmake_clean_first' from command line to 'False'
[0.226s] Level 5:colcon.colcon_core.verb:set package 'webrtc_camera_node' build argument 'cmake_force_configure' from command line to 'False'
[0.226s] Level 5:colcon.colcon_core.verb:set package 'webrtc_camera_node' build argument 'ament_cmake_args' from command line to 'None'
[0.226s] Level 5:colcon.colcon_core.verb:set package 'webrtc_camera_node' build argument 'catkin_cmake_args' from command line to 'None'
[0.226s] Level 5:colcon.colcon_core.verb:set package 'webrtc_camera_node' build argument 'catkin_skip_building_tests' from command line to 'False'
[0.226s] DEBUG:colcon.colcon_core.verb:Building package 'webrtc_camera_node' with the following arguments: {'ament_cmake_args': None, 'build_base': '/home/devuser/Workspaces/rosgsthumble_ws/build/webrtc_camera_node', 'catkin_cmake_args': None, 'catkin_skip_building_tests': False, 'cmake_args': None, 'cmake_clean_cache': False, 'cmake_clean_first': False, 'cmake_force_configure': False, 'cmake_target': None, 'cmake_target_skip_unavailable': False, 'install_base': '/home/devuser/Workspaces/rosgsthumble_ws/install/webrtc_camera_node', 'merge_install': False, 'path': '/home/devuser/Workspaces/rosgsthumble_ws/src/webrtc_camera_node', 'symlink_install': True, 'test_result_base': None}
[0.226s] INFO:colcon.colcon_core.executor:Executing jobs using 'parallel' executor
[0.227s] DEBUG:colcon.colcon_parallel_executor.executor.parallel:run_until_complete
[0.228s] INFO:colcon.colcon_ros.task.ament_cmake.build:Building ROS package in '/home/devuser/Workspaces/rosgsthumble_ws/src/cpp_campub' with build type 'ament_cmake'
[0.228s] INFO:colcon.colcon_cmake.task.cmake.build:Building CMake package in '/home/devuser/Workspaces/rosgsthumble_ws/src/cpp_campub'
[0.229s] INFO:colcon.colcon_core.plugin_system:Skipping extension 'colcon_core.shell.bat': Not used on non-Windows systems
[0.229s] INFO:colcon.colcon_core.shell:Skip shell extension 'powershell' for command environment: Not usable outside of PowerShell
[0.230s] DEBUG:colcon.colcon_core.shell:Skip shell extension 'dsv' for command environment
[0.234s] INFO:colcon.colcon_ros.task.ament_cmake.build:Building ROS package in '/home/devuser/Workspaces/rosgsthumble_ws/src/webrtc_camera_node' with build type 'ament_cmake'
[0.234s] INFO:colcon.colcon_cmake.task.cmake.build:Building CMake package in '/home/devuser/Workspaces/rosgsthumble_ws/src/webrtc_camera_node'
[0.234s] INFO:colcon.colcon_core.shell:Skip shell extension 'powershell' for command environment: Not usable outside of PowerShell
[0.234s] DEBUG:colcon.colcon_core.shell:Skip shell extension 'dsv' for command environment
[0.241s] DEBUG:colcon.colcon_core.event_handler.log_command:Invoking command in '/home/devuser/Workspaces/rosgsthumble_ws/build/cpp_campub': CMAKE_PREFIX_PATH=${CMAKE_PREFIX_PATH}:/opt/ros/humble /usr/bin/cmake --build /home/devuser/Workspaces/rosgsthumble_ws/build/cpp_campub -- -j12 -l12
[0.245s] DEBUG:colcon.colcon_core.event_handler.log_command:Invoking command in '/home/devuser/Workspaces/rosgsthumble_ws/build/webrtc_camera_node': CMAKE_PREFIX_PATH=${CMAKE_PREFIX_PATH}:/opt/ros/humble /usr/bin/cmake --build /home/devuser/Workspaces/rosgsthumble_ws/build/webrtc_camera_node -- -j12 -l12
[0.310s] DEBUG:colcon.colcon_core.event_handler.log_command:Invoked command in '/home/devuser/Workspaces/rosgsthumble_ws/build/cpp_campub' returned '0': CMAKE_PREFIX_PATH=${CMAKE_PREFIX_PATH}:/opt/ros/humble /usr/bin/cmake --build /home/devuser/Workspaces/rosgsthumble_ws/build/cpp_campub -- -j12 -l12
[0.320s] DEBUG:colcon.colcon_core.event_handler.log_command:Invoking command in '/home/devuser/Workspaces/rosgsthumble_ws/build/cpp_campub': CMAKE_PREFIX_PATH=${CMAKE_PREFIX_PATH}:/opt/ros/humble /usr/bin/cmake --install /home/devuser/Workspaces/rosgsthumble_ws/build/cpp_campub
[0.345s] Level 1:colcon.colcon_core.environment:create_environment_scripts_only(cpp_campub)
[0.345s] DEBUG:colcon.colcon_core.event_handler.log_command:Invoked command in '/home/devuser/Workspaces/rosgsthumble_ws/build/cpp_campub' returned '0': CMAKE_PREFIX_PATH=${CMAKE_PREFIX_PATH}:/opt/ros/humble /usr/bin/cmake --install /home/devuser/Workspaces/rosgsthumble_ws/build/cpp_campub
[0.348s] Level 1:colcon.colcon_core.environment:checking '/home/devuser/Workspaces/rosgsthumble_ws/install/cpp_campub' for CMake module files
[0.348s] Level 1:colcon.colcon_core.environment:checking '/home/devuser/Workspaces/rosgsthumble_ws/install/cpp_campub' for CMake config files
[0.348s] Level 1:colcon.colcon_core.shell:create_environment_hook('cpp_campub', 'cmake_prefix_path')
[0.349s] INFO:colcon.colcon_core.shell:Creating environment hook '/home/devuser/Workspaces/rosgsthumble_ws/install/cpp_campub/share/cpp_campub/hook/cmake_prefix_path.ps1'
[0.349s] INFO:colcon.colcon_core.shell:Creating environment descriptor '/home/devuser/Workspaces/rosgsthumble_ws/install/cpp_campub/share/cpp_campub/hook/cmake_prefix_path.dsv'
[0.350s] INFO:colcon.colcon_core.shell:Creating environment hook '/home/devuser/Workspaces/rosgsthumble_ws/install/cpp_campub/share/cpp_campub/hook/cmake_prefix_path.sh'
[0.351s] Level 1:colcon.colcon_core.environment:checking '/home/devuser/Workspaces/rosgsthumble_ws/install/cpp_campub/lib'
[0.351s] Level 1:colcon.colcon_core.environment:checking '/home/devuser/Workspaces/rosgsthumble_ws/install/cpp_campub/bin'
[0.351s] Level 1:colcon.colcon_core.environment:checking '/home/devuser/Workspaces/rosgsthumble_ws/install/cpp_campub/lib/pkgconfig/cpp_campub.pc'
[0.352s] Level 1:colcon.colcon_core.environment:checking '/home/devuser/Workspaces/rosgsthumble_ws/install/cpp_campub/lib/python3.10/site-packages'
[0.352s] Level 1:colcon.colcon_core.environment:checking '/home/devuser/Workspaces/rosgsthumble_ws/install/cpp_campub/bin'
[0.353s] INFO:colcon.colcon_core.shell:Creating package script '/home/devuser/Workspaces/rosgsthumble_ws/install/cpp_campub/share/cpp_campub/package.ps1'
[0.353s] INFO:colcon.colcon_core.shell:Creating package descriptor '/home/devuser/Workspaces/rosgsthumble_ws/install/cpp_campub/share/cpp_campub/package.dsv'
[0.354s] INFO:colcon.colcon_core.shell:Creating package script '/home/devuser/Workspaces/rosgsthumble_ws/install/cpp_campub/share/cpp_campub/package.sh'
[0.355s] INFO:colcon.colcon_core.shell:Creating package script '/home/devuser/Workspaces/rosgsthumble_ws/install/cpp_campub/share/cpp_campub/package.bash'
[0.355s] INFO:colcon.colcon_core.shell:Creating package script '/home/devuser/Workspaces/rosgsthumble_ws/install/cpp_campub/share/cpp_campub/package.zsh'
[0.356s] Level 1:colcon.colcon_core.environment:create_file_with_runtime_dependencies(/home/devuser/Workspaces/rosgsthumble_ws/install/cpp_campub/share/colcon-core/packages/cpp_campub)
[0.356s] Level 1:colcon.colcon_core.environment:create_environment_scripts_only(cpp_campub)
[0.357s] Level 1:colcon.colcon_core.environment:checking '/home/devuser/Workspaces/rosgsthumble_ws/install/cpp_campub' for CMake module files
[0.357s] Level 1:colcon.colcon_core.environment:checking '/home/devuser/Workspaces/rosgsthumble_ws/install/cpp_campub' for CMake config files
[0.357s] Level 1:colcon.colcon_core.shell:create_environment_hook('cpp_campub', 'cmake_prefix_path')
[0.358s] INFO:colcon.colcon_core.shell:Creating environment hook '/home/devuser/Workspaces/rosgsthumble_ws/install/cpp_campub/share/cpp_campub/hook/cmake_prefix_path.ps1'
[0.358s] INFO:colcon.colcon_core.shell:Creating environment descriptor '/home/devuser/Workspaces/rosgsthumble_ws/install/cpp_campub/share/cpp_campub/hook/cmake_prefix_path.dsv'
[0.358s] INFO:colcon.colcon_core.shell:Creating environment hook '/home/devuser/Workspaces/rosgsthumble_ws/install/cpp_campub/share/cpp_campub/hook/cmake_prefix_path.sh'
[0.359s] Level 1:colcon.colcon_core.environment:checking '/home/devuser/Workspaces/rosgsthumble_ws/install/cpp_campub/lib'
[0.359s] Level 1:colcon.colcon_core.environment:checking '/home/devuser/Workspaces/rosgsthumble_ws/install/cpp_campub/bin'
[0.359s] Level 1:colcon.colcon_core.environment:checking '/home/devuser/Workspaces/rosgsthumble_ws/install/cpp_campub/lib/pkgconfig/cpp_campub.pc'
[0.359s] Level 1:colcon.colcon_core.environment:checking '/home/devuser/Workspaces/rosgsthumble_ws/install/cpp_campub/lib/python3.10/site-packages'
[0.359s] Level 1:colcon.colcon_core.environment:checking '/home/devuser/Workspaces/rosgsthumble_ws/install/cpp_campub/bin'
[0.359s] INFO:colcon.colcon_core.shell:Creating package script '/home/devuser/Workspaces/rosgsthumble_ws/install/cpp_campub/share/cpp_campub/package.ps1'
[0.360s] INFO:colcon.colcon_core.shell:Creating package descriptor '/home/devuser/Workspaces/rosgsthumble_ws/install/cpp_campub/share/cpp_campub/package.dsv'
[0.360s] INFO:colcon.colcon_core.shell:Creating package script '/home/devuser/Workspaces/rosgsthumble_ws/install/cpp_campub/share/cpp_campub/package.sh'
[0.360s] INFO:colcon.colcon_core.shell:Creating package script '/home/devuser/Workspaces/rosgsthumble_ws/install/cpp_campub/share/cpp_campub/package.bash'
[0.361s] INFO:colcon.colcon_core.shell:Creating package script '/home/devuser/Workspaces/rosgsthumble_ws/install/cpp_campub/share/cpp_campub/package.zsh'
[0.361s] Level 1:colcon.colcon_core.environment:create_file_with_runtime_dependencies(/home/devuser/Workspaces/rosgsthumble_ws/install/cpp_campub/share/colcon-core/packages/cpp_campub)
[4.857s] DEBUG:colcon.colcon_core.event_handler.log_command:Invoked command in '/home/devuser/Workspaces/rosgsthumble_ws/build/webrtc_camera_node' returned '0': CMAKE_PREFIX_PATH=${CMAKE_PREFIX_PATH}:/opt/ros/humble /usr/bin/cmake --build /home/devuser/Workspaces/rosgsthumble_ws/build/webrtc_camera_node -- -j12 -l12
[4.858s] DEBUG:colcon.colcon_core.event_handler.log_command:Invoking command in '/home/devuser/Workspaces/rosgsthumble_ws/build/webrtc_camera_node': CMAKE_PREFIX_PATH=${CMAKE_PREFIX_PATH}:/opt/ros/humble /usr/bin/cmake --install /home/devuser/Workspaces/rosgsthumble_ws/build/webrtc_camera_node
[4.882s] Level 1:colcon.colcon_core.environment:create_environment_scripts_only(webrtc_camera_node)
[4.882s] Level 1:colcon.colcon_core.environment:checking '/home/devuser/Workspaces/rosgsthumble_ws/install/webrtc_camera_node' for CMake module files
[4.883s] DEBUG:colcon.colcon_core.event_handler.log_command:Invoked command in '/home/devuser/Workspaces/rosgsthumble_ws/build/webrtc_camera_node' returned '0': CMAKE_PREFIX_PATH=${CMAKE_PREFIX_PATH}:/opt/ros/humble /usr/bin/cmake --install /home/devuser/Workspaces/rosgsthumble_ws/build/webrtc_camera_node
[4.883s] Level 1:colcon.colcon_core.environment:checking '/home/devuser/Workspaces/rosgsthumble_ws/install/webrtc_camera_node' for CMake config files
[4.884s] Level 1:colcon.colcon_core.shell:create_environment_hook('webrtc_camera_node', 'cmake_prefix_path')
[4.884s] INFO:colcon.colcon_core.shell:Creating environment hook '/home/devuser/Workspaces/rosgsthumble_ws/install/webrtc_camera_node/share/webrtc_camera_node/hook/cmake_prefix_path.ps1'
[4.884s] INFO:colcon.colcon_core.shell:Creating environment descriptor '/home/devuser/Workspaces/rosgsthumble_ws/install/webrtc_camera_node/share/webrtc_camera_node/hook/cmake_prefix_path.dsv'
[4.885s] INFO:colcon.colcon_core.shell:Creating environment hook '/home/devuser/Workspaces/rosgsthumble_ws/install/webrtc_camera_node/share/webrtc_camera_node/hook/cmake_prefix_path.sh'
[4.885s] Level 1:colcon.colcon_core.environment:checking '/home/devuser/Workspaces/rosgsthumble_ws/install/webrtc_camera_node/lib'
[4.885s] Level 1:colcon.colcon_core.environment:checking '/home/devuser/Workspaces/rosgsthumble_ws/install/webrtc_camera_node/bin'
[4.885s] Level 1:colcon.colcon_core.environment:checking '/home/devuser/Workspaces/rosgsthumble_ws/install/webrtc_camera_node/lib/pkgconfig/webrtc_camera_node.pc'
[4.886s] Level 1:colcon.colcon_core.environment:checking '/home/devuser/Workspaces/rosgsthumble_ws/install/webrtc_camera_node/lib/python3.10/site-packages'
[4.886s] Level 1:colcon.colcon_core.environment:checking '/home/devuser/Workspaces/rosgsthumble_ws/install/webrtc_camera_node/bin'
[4.886s] INFO:colcon.colcon_core.shell:Creating package script '/home/devuser/Workspaces/rosgsthumble_ws/install/webrtc_camera_node/share/webrtc_camera_node/package.ps1'
[4.886s] INFO:colcon.colcon_core.shell:Creating package descriptor '/home/devuser/Workspaces/rosgsthumble_ws/install/webrtc_camera_node/share/webrtc_camera_node/package.dsv'
[4.887s] INFO:colcon.colcon_core.shell:Creating package script '/home/devuser/Workspaces/rosgsthumble_ws/install/webrtc_camera_node/share/webrtc_camera_node/package.sh'
[4.887s] INFO:colcon.colcon_core.shell:Creating package script '/home/devuser/Workspaces/rosgsthumble_ws/install/webrtc_camera_node/share/webrtc_camera_node/package.bash'
[4.888s] INFO:colcon.colcon_core.shell:Creating package script '/home/devuser/Workspaces/rosgsthumble_ws/install/webrtc_camera_node/share/webrtc_camera_node/package.zsh'
[4.888s] Level 1:colcon.colcon_core.environment:create_file_with_runtime_dependencies(/home/devuser/Workspaces/rosgsthumble_ws/install/webrtc_camera_node/share/colcon-core/packages/webrtc_camera_node)
[4.888s] Level 1:colcon.colcon_core.environment:create_environment_scripts_only(webrtc_camera_node)
[4.889s] Level 1:colcon.colcon_core.environment:checking '/home/devuser/Workspaces/rosgsthumble_ws/install/webrtc_camera_node' for CMake module files
[4.889s] Level 1:colcon.colcon_core.environment:checking '/home/devuser/Workspaces/rosgsthumble_ws/install/webrtc_camera_node' for CMake config files
[4.889s] Level 1:colcon.colcon_core.shell:create_environment_hook('webrtc_camera_node', 'cmake_prefix_path')
[4.889s] INFO:colcon.colcon_core.shell:Creating environment hook '/home/devuser/Workspaces/rosgsthumble_ws/install/webrtc_camera_node/share/webrtc_camera_node/hook/cmake_prefix_path.ps1'
[4.890s] INFO:colcon.colcon_core.shell:Creating environment descriptor '/home/devuser/Workspaces/rosgsthumble_ws/install/webrtc_camera_node/share/webrtc_camera_node/hook/cmake_prefix_path.dsv'
[4.890s] INFO:colcon.colcon_core.shell:Creating environment hook '/home/devuser/Workspaces/rosgsthumble_ws/install/webrtc_camera_node/share/webrtc_camera_node/hook/cmake_prefix_path.sh'
[4.890s] Level 1:colcon.colcon_core.environment:checking '/home/devuser/Workspaces/rosgsthumble_ws/install/webrtc_camera_node/lib'
[4.890s] Level 1:colcon.colcon_core.environment:checking '/home/devuser/Workspaces/rosgsthumble_ws/install/webrtc_camera_node/bin'
[4.891s] Level 1:colcon.colcon_core.environment:checking '/home/devuser/Workspaces/rosgsthumble_ws/install/webrtc_camera_node/lib/pkgconfig/webrtc_camera_node.pc'
[4.891s] Level 1:colcon.colcon_core.environment:checking '/home/devuser/Workspaces/rosgsthumble_ws/install/webrtc_camera_node/lib/python3.10/site-packages'
[4.891s] Level 1:colcon.colcon_core.environment:checking '/home/devuser/Workspaces/rosgsthumble_ws/install/webrtc_camera_node/bin'
[4.891s] INFO:colcon.colcon_core.shell:Creating package script '/home/devuser/Workspaces/rosgsthumble_ws/install/webrtc_camera_node/share/webrtc_camera_node/package.ps1'
[4.892s] INFO:colcon.colcon_core.shell:Creating package descriptor '/home/devuser/Workspaces/rosgsthumble_ws/install/webrtc_camera_node/share/webrtc_camera_node/package.dsv'
[4.892s] INFO:colcon.colcon_core.shell:Creating package script '/home/devuser/Workspaces/rosgsthumble_ws/install/webrtc_camera_node/share/webrtc_camera_node/package.sh'
[4.892s] INFO:colcon.colcon_core.shell:Creating package script '/home/devuser/Workspaces/rosgsthumble_ws/install/webrtc_camera_node/share/webrtc_camera_node/package.bash'
[4.893s] INFO:colcon.colcon_core.shell:Creating package script '/home/devuser/Workspaces/rosgsthumble_ws/install/webrtc_camera_node/share/webrtc_camera_node/package.zsh'
[4.893s] Level 1:colcon.colcon_core.environment:create_file_with_runtime_dependencies(/home/devuser/Workspaces/rosgsthumble_ws/install/webrtc_camera_node/share/colcon-core/packages/webrtc_camera_node)
[4.893s] DEBUG:colcon.colcon_parallel_executor.executor.parallel:closing loop
[4.893s] DEBUG:colcon.colcon_parallel_executor.executor.parallel:loop closed
[4.893s] DEBUG:colcon.colcon_parallel_executor.executor.parallel:run_until_complete finished with '0'
[4.894s] DEBUG:colcon.colcon_core.event_reactor:joining thread
[4.900s] INFO:colcon.colcon_core.plugin_system:Skipping extension 'colcon_notification.desktop_notification.notify_send': Could not find 'notify-send'
[4.900s] INFO:colcon.colcon_core.plugin_system:Skipping extension 'colcon_notification.desktop_notification.terminal_notifier': Not used on non-Darwin systems
[4.900s] INFO:colcon.colcon_core.plugin_system:Skipping extension 'colcon_notification.desktop_notification.win32': Not used on non-Windows systems
[4.900s] INFO:colcon.colcon_notification.desktop_notification:Sending desktop notification using 'notify2'
[4.916s] DEBUG:colcon.colcon_core.event_reactor:joined thread
[4.917s] INFO:colcon.colcon_core.shell:Creating prefix script '/home/devuser/Workspaces/rosgsthumble_ws/install/local_setup.ps1'
[4.918s] INFO:colcon.colcon_core.shell:Creating prefix util module '/home/devuser/Workspaces/rosgsthumble_ws/install/_local_setup_util_ps1.py'
[4.919s] INFO:colcon.colcon_core.shell:Creating prefix chain script '/home/devuser/Workspaces/rosgsthumble_ws/install/setup.ps1'
[4.921s] INFO:colcon.colcon_core.shell:Creating prefix script '/home/devuser/Workspaces/rosgsthumble_ws/install/local_setup.sh'
[4.937s] INFO:colcon.colcon_core.shell:Creating prefix util module '/home/devuser/Workspaces/rosgsthumble_ws/install/_local_setup_util_sh.py'
[4.938s] INFO:colcon.colcon_core.shell:Creating prefix chain script '/home/devuser/Workspaces/rosgsthumble_ws/install/setup.sh'
[4.939s] INFO:colcon.colcon_core.shell:Creating prefix script '/home/devuser/Workspaces/rosgsthumble_ws/install/local_setup.bash'
[4.940s] INFO:colcon.colcon_core.shell:Creating prefix chain script '/home/devuser/Workspaces/rosgsthumble_ws/install/setup.bash'
[4.941s] INFO:colcon.colcon_core.shell:Creating prefix script '/home/devuser/Workspaces/rosgsthumble_ws/install/local_setup.zsh'
[4.941s] INFO:colcon.colcon_core.shell:Creating prefix chain script '/home/devuser/Workspaces/rosgsthumble_ws/install/setup.zsh'
