[0.009s] Invoking command in '/home/devuser/Workspaces/ws_ddmobile/build/mobile_dd_robot': CMAKE_PREFIX_PATH=/opt/ros/humble /usr/bin/cmake --build /home/devuser/Workspaces/ws_ddmobile/build/mobile_dd_robot -- -j12 -l12
[0.059s] -- Found ament_cmake: 1.3.12 (/opt/ros/humble/share/ament_cmake/cmake)
[0.154s] -- Found ament_lint_auto: 0.12.14 (/opt/ros/humble/share/ament_lint_auto/cmake)
[0.202s] -- Added test 'flake8' to check Python code syntax and style conventions
[0.203s] -- Added test 'lint_cmake' to check CMake code style
[0.203s] -- Added test 'pep257' to check Python code against some of the docstring style conventions in PEP 257
[0.205s] -- Added test 'xmllint' to check XML markup files
[0.206s] -- Configuring done
[0.212s] -- Generating done
[0.213s] -- Build files have been written to: /home/devuser/Workspaces/ws_ddmobile/build/mobile_dd_robot
[0.232s] Invoked command in '/home/devuser/Workspaces/ws_ddmobile/build/mobile_dd_robot' returned '0': CMAKE_PREFIX_PATH=/opt/ros/humble /usr/bin/cmake --build /home/devuser/Workspaces/ws_ddmobile/build/mobile_dd_robot -- -j12 -l12
[0.238s] Invoking command in '/home/devuser/Workspaces/ws_ddmobile/build/mobile_dd_robot': CMAKE_PREFIX_PATH=/opt/ros/humble /usr/bin/cmake --install /home/devuser/Workspaces/ws_ddmobile/build/mobile_dd_robot
[0.243s] -- Install configuration: ""
[0.243s] -- Installing: /home/devuser/Workspaces/ws_ddmobile/install/mobile_dd_robot/share/mobile_dd_robot/launch
[0.243s] -- Installing: /home/devuser/Workspaces/ws_ddmobile/install/mobile_dd_robot/share/mobile_dd_robot/launch/gazebo_model.launch.py
[0.243s] -- Installing: /home/devuser/Workspaces/ws_ddmobile/install/mobile_dd_robot/share/mobile_dd_robot/model
[0.243s] -- Installing: /home/devuser/Workspaces/ws_ddmobile/install/mobile_dd_robot/share/mobile_dd_robot/model/robot.xacro
[0.243s] -- Installing: /home/devuser/Workspaces/ws_ddmobile/install/mobile_dd_robot/share/mobile_dd_robot/model/robot.gazebo
[0.243s] -- Installing: /home/devuser/Workspaces/ws_ddmobile/install/mobile_dd_robot/share/ament_index/resource_index/package_run_dependencies/mobile_dd_robot
[0.243s] -- Up-to-date: /home/devuser/Workspaces/ws_ddmobile/install/mobile_dd_robot/share/ament_index/resource_index/parent_prefix_path/mobile_dd_robot
[0.243s] -- Up-to-date: /home/devuser/Workspaces/ws_ddmobile/install/mobile_dd_robot/share/mobile_dd_robot/environment/ament_prefix_path.sh
[0.243s] -- Installing: /home/devuser/Workspaces/ws_ddmobile/install/mobile_dd_robot/share/mobile_dd_robot/environment/ament_prefix_path.dsv
[0.244s] -- Up-to-date: /home/devuser/Workspaces/ws_ddmobile/install/mobile_dd_robot/share/mobile_dd_robot/environment/path.sh
[0.244s] -- Installing: /home/devuser/Workspaces/ws_ddmobile/install/mobile_dd_robot/share/mobile_dd_robot/environment/path.dsv
[0.244s] -- Up-to-date: /home/devuser/Workspaces/ws_ddmobile/install/mobile_dd_robot/share/mobile_dd_robot/local_setup.bash
[0.244s] -- Up-to-date: /home/devuser/Workspaces/ws_ddmobile/install/mobile_dd_robot/share/mobile_dd_robot/local_setup.sh
[0.244s] -- Up-to-date: /home/devuser/Workspaces/ws_ddmobile/install/mobile_dd_robot/share/mobile_dd_robot/local_setup.zsh
[0.244s] -- Installing: /home/devuser/Workspaces/ws_ddmobile/install/mobile_dd_robot/share/mobile_dd_robot/local_setup.dsv
[0.244s] -- Installing: /home/devuser/Workspaces/ws_ddmobile/install/mobile_dd_robot/share/mobile_dd_robot/package.dsv
[0.244s] -- Up-to-date: /home/devuser/Workspaces/ws_ddmobile/install/mobile_dd_robot/share/ament_index/resource_index/packages/mobile_dd_robot
[0.244s] -- Up-to-date: /home/devuser/Workspaces/ws_ddmobile/install/mobile_dd_robot/share/mobile_dd_robot/cmake/mobile_dd_robotConfig.cmake
[0.244s] -- Up-to-date: /home/devuser/Workspaces/ws_ddmobile/install/mobile_dd_robot/share/mobile_dd_robot/cmake/mobile_dd_robotConfig-version.cmake
[0.244s] -- Installing: /home/devuser/Workspaces/ws_ddmobile/install/mobile_dd_robot/share/mobile_dd_robot/package.xml
[0.245s] Invoked command in '/home/devuser/Workspaces/ws_ddmobile/build/mobile_dd_robot' returned '0': CMAKE_PREFIX_PATH=/opt/ros/humble /usr/bin/cmake --install /home/devuser/Workspaces/ws_ddmobile/build/mobile_dd_robot
