[0.077s] Invoking command in '/home/devuser/Workspaces/rosgsthumble_ws/build/realsense2_description': CMAKE_PREFIX_PATH=/home/devuser/Workspaces/rosgsthumble_ws/install/realsense2_camera_msgs:/home/devuser/Workspaces/rosgsthumble_ws/install/webrtc_camera_node:/home/devuser/Workspaces/rosgsthumble_ws/install/realsense2_description:/home/devuser/Workspaces/rosgsthumble_ws/install/realsense2_camera:/home/devuser/Workspaces/rosgsthumble_ws/install/gst_pipeline_plugins_webrtc:/home/devuser/Workspaces/rosgsthumble_ws/install/gst_pipeline_plugins:/home/devuser/Workspaces/rosgsthumble_ws/install/gst_pipeline:/home/devuser/Workspaces/rosgsthumble_ws/install/gst_msgs:/home/devuser/Workspaces/rosgsthumble_ws/install/gst_bridge:/home/devuser/Workspaces/rosgsthumble_ws/install/cpp_campub:/home/devuser/Workspaces/rosgsthumble_ws/install/audio_msgs:/opt/ros/humble LD_LIBRARY_PATH=/home/devuser/Workspaces/rosgsthumble_ws/install/realsense2_camera_msgs/lib:/home/devuser/Workspaces/rosgsthumble_ws/install/realsense2_camera/lib:/home/devuser/Workspaces/rosgsthumble_ws/install/gst_pipeline_plugins_webrtc/lib:/home/devuser/Workspaces/rosgsthumble_ws/install/gst_pipeline_plugins/lib:/home/devuser/Workspaces/rosgsthumble_ws/install/gst_pipeline/lib:/home/devuser/Workspaces/rosgsthumble_ws/install/gst_msgs/lib:/home/devuser/Workspaces/rosgsthumble_ws/install/gst_bridge/lib:/home/devuser/Workspaces/rosgsthumble_ws/install/audio_msgs/lib:/opt/ros/humble/lib/aarch64-linux-gnu:/opt/ros/humble/lib /usr/bin/cmake --build /home/devuser/Workspaces/rosgsthumble_ws/build/realsense2_description -- -j4 -l4
[0.289s] Invoked command in '/home/devuser/Workspaces/rosgsthumble_ws/build/realsense2_description' returned '0': CMAKE_PREFIX_PATH=/home/devuser/Workspaces/rosgsthumble_ws/install/realsense2_camera_msgs:/home/devuser/Workspaces/rosgsthumble_ws/install/webrtc_camera_node:/home/devuser/Workspaces/rosgsthumble_ws/install/realsense2_description:/home/devuser/Workspaces/rosgsthumble_ws/install/realsense2_camera:/home/devuser/Workspaces/rosgsthumble_ws/install/gst_pipeline_plugins_webrtc:/home/devuser/Workspaces/rosgsthumble_ws/install/gst_pipeline_plugins:/home/devuser/Workspaces/rosgsthumble_ws/install/gst_pipeline:/home/devuser/Workspaces/rosgsthumble_ws/install/gst_msgs:/home/devuser/Workspaces/rosgsthumble_ws/install/gst_bridge:/home/devuser/Workspaces/rosgsthumble_ws/install/cpp_campub:/home/devuser/Workspaces/rosgsthumble_ws/install/audio_msgs:/opt/ros/humble LD_LIBRARY_PATH=/home/devuser/Workspaces/rosgsthumble_ws/install/realsense2_camera_msgs/lib:/home/devuser/Workspaces/rosgsthumble_ws/install/realsense2_camera/lib:/home/devuser/Workspaces/rosgsthumble_ws/install/gst_pipeline_plugins_webrtc/lib:/home/devuser/Workspaces/rosgsthumble_ws/install/gst_pipeline_plugins/lib:/home/devuser/Workspaces/rosgsthumble_ws/install/gst_pipeline/lib:/home/devuser/Workspaces/rosgsthumble_ws/install/gst_msgs/lib:/home/devuser/Workspaces/rosgsthumble_ws/install/gst_bridge/lib:/home/devuser/Workspaces/rosgsthumble_ws/install/audio_msgs/lib:/opt/ros/humble/lib/aarch64-linux-gnu:/opt/ros/humble/lib /usr/bin/cmake --build /home/devuser/Workspaces/rosgsthumble_ws/build/realsense2_description -- -j4 -l4
[0.299s] Invoking command in '/home/devuser/Workspaces/rosgsthumble_ws/build/realsense2_description': CMAKE_PREFIX_PATH=/home/devuser/Workspaces/rosgsthumble_ws/install/realsense2_camera_msgs:/home/devuser/Workspaces/rosgsthumble_ws/install/webrtc_camera_node:/home/devuser/Workspaces/rosgsthumble_ws/install/realsense2_description:/home/devuser/Workspaces/rosgsthumble_ws/install/realsense2_camera:/home/devuser/Workspaces/rosgsthumble_ws/install/gst_pipeline_plugins_webrtc:/home/devuser/Workspaces/rosgsthumble_ws/install/gst_pipeline_plugins:/home/devuser/Workspaces/rosgsthumble_ws/install/gst_pipeline:/home/devuser/Workspaces/rosgsthumble_ws/install/gst_msgs:/home/devuser/Workspaces/rosgsthumble_ws/install/gst_bridge:/home/devuser/Workspaces/rosgsthumble_ws/install/cpp_campub:/home/devuser/Workspaces/rosgsthumble_ws/install/audio_msgs:/opt/ros/humble LD_LIBRARY_PATH=/home/devuser/Workspaces/rosgsthumble_ws/install/realsense2_camera_msgs/lib:/home/devuser/Workspaces/rosgsthumble_ws/install/realsense2_camera/lib:/home/devuser/Workspaces/rosgsthumble_ws/install/gst_pipeline_plugins_webrtc/lib:/home/devuser/Workspaces/rosgsthumble_ws/install/gst_pipeline_plugins/lib:/home/devuser/Workspaces/rosgsthumble_ws/install/gst_pipeline/lib:/home/devuser/Workspaces/rosgsthumble_ws/install/gst_msgs/lib:/home/devuser/Workspaces/rosgsthumble_ws/install/gst_bridge/lib:/home/devuser/Workspaces/rosgsthumble_ws/install/audio_msgs/lib:/opt/ros/humble/lib/aarch64-linux-gnu:/opt/ros/humble/lib /usr/bin/cmake --install /home/devuser/Workspaces/rosgsthumble_ws/build/realsense2_description
[0.333s] -- Install configuration: ""
[0.335s] -- Execute custom install script
[0.340s] -- Up-to-date symlink: /home/devuser/Workspaces/rosgsthumble_ws/install/realsense2_description/share/realsense2_description/launch/launch_utils.py
[0.344s] -- Up-to-date symlink: /home/devuser/Workspaces/rosgsthumble_ws/install/realsense2_description/share/realsense2_description/launch/view_model.launch.py
[0.347s] -- Up-to-date symlink: /home/devuser/Workspaces/rosgsthumble_ws/install/realsense2_description/share/realsense2_description/meshes/d405.stl
[0.355s] -- Up-to-date symlink: /home/devuser/Workspaces/rosgsthumble_ws/install/realsense2_description/share/realsense2_description/meshes/d415.stl
[0.364s] -- Up-to-date symlink: /home/devuser/Workspaces/rosgsthumble_ws/install/realsense2_description/share/realsense2_description/meshes/d435.dae
[0.364s] -- Up-to-date symlink: /home/devuser/Workspaces/rosgsthumble_ws/install/realsense2_description/share/realsense2_description/meshes/d455.stl
[0.369s] -- Up-to-date symlink: /home/devuser/Workspaces/rosgsthumble_ws/install/realsense2_description/share/realsense2_description/meshes/l515.dae
[0.370s] -- Up-to-date symlink: /home/devuser/Workspaces/rosgsthumble_ws/install/realsense2_description/share/realsense2_description/meshes/plug.stl
[0.370s] -- Up-to-date symlink: /home/devuser/Workspaces/rosgsthumble_ws/install/realsense2_description/share/realsense2_description/meshes/plug_collision.stl
[0.374s] -- Up-to-date symlink: /home/devuser/Workspaces/rosgsthumble_ws/install/realsense2_description/share/realsense2_description/rviz/urdf.rviz
[0.381s] -- Up-to-date symlink: /home/devuser/Workspaces/rosgsthumble_ws/install/realsense2_description/share/realsense2_description/urdf/_d405.urdf.xacro
[0.385s] -- Up-to-date symlink: /home/devuser/Workspaces/rosgsthumble_ws/install/realsense2_description/share/realsense2_description/urdf/_d415.urdf.xacro
[0.392s] -- Up-to-date symlink: /home/devuser/Workspaces/rosgsthumble_ws/install/realsense2_description/share/realsense2_description/urdf/_d435.urdf.xacro
[0.394s] -- Up-to-date symlink: /home/devuser/Workspaces/rosgsthumble_ws/install/realsense2_description/share/realsense2_description/urdf/_d435i.urdf.xacro
[0.397s] -- Up-to-date symlink: /home/devuser/Workspaces/rosgsthumble_ws/install/realsense2_description/share/realsense2_description/urdf/_d435i_imu_modules.urdf.xacro
[0.408s] -- Up-to-date symlink: /home/devuser/Workspaces/rosgsthumble_ws/install/realsense2_description/share/realsense2_description/urdf/_d455.urdf.xacro
[0.411s] -- Up-to-date symlink: /home/devuser/Workspaces/rosgsthumble_ws/install/realsense2_description/share/realsense2_description/urdf/_materials.urdf.xacro
[0.413s] -- Up-to-date symlink: /home/devuser/Workspaces/rosgsthumble_ws/install/realsense2_description/share/realsense2_description/urdf/_r410.urdf.xacro
[0.415s] -- Up-to-date symlink: /home/devuser/Workspaces/rosgsthumble_ws/install/realsense2_description/share/realsense2_description/urdf/_r430.urdf.xacro
[0.418s] -- Up-to-date symlink: /home/devuser/Workspaces/rosgsthumble_ws/install/realsense2_description/share/realsense2_description/urdf/_usb_plug.urdf.xacro
[0.422s] -- Up-to-date symlink: /home/devuser/Workspaces/rosgsthumble_ws/install/realsense2_description/share/realsense2_description/urdf/test_d405_camera.urdf.xacro
[0.425s] -- Up-to-date symlink: /home/devuser/Workspaces/rosgsthumble_ws/install/realsense2_description/share/realsense2_description/urdf/test_d415_camera.urdf.xacro
[0.429s] -- Up-to-date symlink: /home/devuser/Workspaces/rosgsthumble_ws/install/realsense2_description/share/realsense2_description/urdf/test_d435_camera.urdf.xacro
[0.435s] -- Up-to-date symlink: /home/devuser/Workspaces/rosgsthumble_ws/install/realsense2_description/share/realsense2_description/urdf/test_d435_multiple_cameras.urdf.xacro
[0.437s] -- Up-to-date symlink: /home/devuser/Workspaces/rosgsthumble_ws/install/realsense2_description/share/realsense2_description/urdf/test_d435i_camera.urdf.xacro
[0.439s] -- Up-to-date symlink: /home/devuser/Workspaces/rosgsthumble_ws/install/realsense2_description/share/realsense2_description/urdf/test_d455_camera.urdf.xacro
[0.441s] -- Up-to-date symlink: /home/devuser/Workspaces/rosgsthumble_ws/install/realsense2_description/share/realsense2_description/urdf/test_r410_camera.urdf.xacro
[0.445s] -- Up-to-date symlink: /home/devuser/Workspaces/rosgsthumble_ws/install/realsense2_description/share/realsense2_description/urdf/test_r430_camera.urdf.xacro
[0.446s] -- Up-to-date symlink: /home/devuser/Workspaces/rosgsthumble_ws/install/realsense2_description/share/ament_index/resource_index/package_run_dependencies/realsense2_description
[0.450s] -- Up-to-date symlink: /home/devuser/Workspaces/rosgsthumble_ws/install/realsense2_description/share/ament_index/resource_index/parent_prefix_path/realsense2_description
[0.451s] -- Up-to-date symlink: /home/devuser/Workspaces/rosgsthumble_ws/install/realsense2_description/share/realsense2_description/environment/ament_prefix_path.sh
[0.452s] -- Up-to-date symlink: /home/devuser/Workspaces/rosgsthumble_ws/install/realsense2_description/share/realsense2_description/environment/ament_prefix_path.dsv
[0.456s] -- Up-to-date symlink: /home/devuser/Workspaces/rosgsthumble_ws/install/realsense2_description/share/realsense2_description/environment/path.sh
[0.457s] -- Up-to-date symlink: /home/devuser/Workspaces/rosgsthumble_ws/install/realsense2_description/share/realsense2_description/environment/path.dsv
[0.460s] -- Up-to-date symlink: /home/devuser/Workspaces/rosgsthumble_ws/install/realsense2_description/share/realsense2_description/local_setup.bash
[0.462s] -- Up-to-date symlink: /home/devuser/Workspaces/rosgsthumble_ws/install/realsense2_description/share/realsense2_description/local_setup.sh
[0.467s] -- Up-to-date symlink: /home/devuser/Workspaces/rosgsthumble_ws/install/realsense2_description/share/realsense2_description/local_setup.zsh
[0.468s] -- Up-to-date symlink: /home/devuser/Workspaces/rosgsthumble_ws/install/realsense2_description/share/realsense2_description/local_setup.dsv
[0.469s] -- Symlinking: /home/devuser/Workspaces/rosgsthumble_ws/install/realsense2_description/share/realsense2_description/package.dsv
[0.547s] -- Up-to-date symlink: /home/devuser/Workspaces/rosgsthumble_ws/install/realsense2_description/share/ament_index/resource_index/packages/realsense2_description
[0.550s] -- Up-to-date symlink: /home/devuser/Workspaces/rosgsthumble_ws/install/realsense2_description/share/realsense2_description/cmake/realsense2_descriptionConfig.cmake
[0.552s] -- Up-to-date symlink: /home/devuser/Workspaces/rosgsthumble_ws/install/realsense2_description/share/realsense2_description/cmake/realsense2_descriptionConfig-version.cmake
[0.554s] -- Up-to-date symlink: /home/devuser/Workspaces/rosgsthumble_ws/install/realsense2_description/share/realsense2_description/package.xml
[0.563s] Invoked command in '/home/devuser/Workspaces/rosgsthumble_ws/build/realsense2_description' returned '0': CMAKE_PREFIX_PATH=/home/devuser/Workspaces/rosgsthumble_ws/install/realsense2_camera_msgs:/home/devuser/Workspaces/rosgsthumble_ws/install/webrtc_camera_node:/home/devuser/Workspaces/rosgsthumble_ws/install/realsense2_description:/home/devuser/Workspaces/rosgsthumble_ws/install/realsense2_camera:/home/devuser/Workspaces/rosgsthumble_ws/install/gst_pipeline_plugins_webrtc:/home/devuser/Workspaces/rosgsthumble_ws/install/gst_pipeline_plugins:/home/devuser/Workspaces/rosgsthumble_ws/install/gst_pipeline:/home/devuser/Workspaces/rosgsthumble_ws/install/gst_msgs:/home/devuser/Workspaces/rosgsthumble_ws/install/gst_bridge:/home/devuser/Workspaces/rosgsthumble_ws/install/cpp_campub:/home/devuser/Workspaces/rosgsthumble_ws/install/audio_msgs:/opt/ros/humble LD_LIBRARY_PATH=/home/devuser/Workspaces/rosgsthumble_ws/install/realsense2_camera_msgs/lib:/home/devuser/Workspaces/rosgsthumble_ws/install/realsense2_camera/lib:/home/devuser/Workspaces/rosgsthumble_ws/install/gst_pipeline_plugins_webrtc/lib:/home/devuser/Workspaces/rosgsthumble_ws/install/gst_pipeline_plugins/lib:/home/devuser/Workspaces/rosgsthumble_ws/install/gst_pipeline/lib:/home/devuser/Workspaces/rosgsthumble_ws/install/gst_msgs/lib:/home/devuser/Workspaces/rosgsthumble_ws/install/gst_bridge/lib:/home/devuser/Workspaces/rosgsthumble_ws/install/audio_msgs/lib:/opt/ros/humble/lib/aarch64-linux-gnu:/opt/ros/humble/lib /usr/bin/cmake --install /home/devuser/Workspaces/rosgsthumble_ws/build/realsense2_description
