[0.170s] Invoking command in '/home/devuser/Workspaces/rosgsthumble_ws/build/gst_bridge': AMENT_PREFIX_PATH=/home/devuser/Workspaces/rosgsthumble_ws/install/audio_msgs:${AMENT_PREFIX_PATH} CMAKE_PREFIX_PATH=/home/devuser/Workspaces/rosgsthumble_ws/install/audio_msgs:/opt/ros/humble LD_LIBRARY_PATH=/home/devuser/Workspaces/rosgsthumble_ws/install/audio_msgs/lib:${LD_LIBRARY_PATH} PYTHONPATH=/home/devuser/Workspaces/rosgsthumble_ws/install/audio_msgs/local/lib/python3.10/dist-packages:${PYTHONPATH} /usr/bin/cmake /home/devuser/Workspaces/rosgsthumble_ws/src/ros-gst-bridge/gst_bridge -DAMENT_CMAKE_SYMLINK_INSTALL=1 -DCMAKE_INSTALL_PREFIX=/home/devuser/Workspaces/rosgsthumble_ws/install/gst_bridge
[1.679s] -- The C compiler identification is GNU 11.4.0
[2.537s] -- The CXX compiler identification is GNU 11.4.0
[2.646s] -- Detecting C compiler ABI info
[3.490s] -- Detecting C compiler ABI info - done
[3.580s] -- Check for working C compiler: /usr/bin/cc - skipped
[3.582s] -- Detecting C compile features
[3.585s] -- Detecting C compile features - done
[3.614s] -- Detecting CXX compiler ABI info
[4.746s] -- Detecting CXX compiler ABI info - done
[4.839s] -- Check for working CXX compiler: /usr/bin/c++ - skipped
[4.840s] -- Detecting CXX compile features
[4.843s] -- Detecting CXX compile features - done
[4.926s] -- Found PkgConfig: /usr/bin/pkg-config (found version "0.29.2") 
[4.995s] -- Found ament_cmake: 1.3.12 (/opt/ros/humble/share/ament_cmake/cmake)
[6.489s] -- Found Python3: /usr/bin/python3 (found version "3.10.12") found components: Interpreter 
[7.105s] -- Override CMake install command with custom implementation using symlinks instead of copying resources
[7.437s] -- Found rclcpp: 16.0.15 (/opt/ros/humble/share/rclcpp/cmake)
[7.865s] -- Found rosidl_generator_c: 3.1.7 (/opt/ros/humble/share/rosidl_generator_c/cmake)
[7.936s] -- Found rosidl_adapter: 3.1.7 (/opt/ros/humble/share/rosidl_adapter/cmake)
[8.000s] -- Found rosidl_generator_cpp: 3.1.7 (/opt/ros/humble/share/rosidl_generator_cpp/cmake)
[8.224s] -- Using all available rosidl_typesupport_c: rosidl_typesupport_fastrtps_c;rosidl_typesupport_introspection_c
[8.372s] -- Using all available rosidl_typesupport_cpp: rosidl_typesupport_fastrtps_cpp;rosidl_typesupport_introspection_cpp
[8.845s] -- Found rmw_implementation_cmake: 6.1.2 (/opt/ros/humble/share/rmw_implementation_cmake/cmake)
[8.865s] -- Found rmw_fastrtps_cpp: 6.2.9 (/opt/ros/humble/share/rmw_fastrtps_cpp/cmake)
[9.609s] -- Found OpenSSL: /usr/lib/aarch64-linux-gnu/libcrypto.so (found version "3.0.2")  
[9.812s] -- Found FastRTPS: /opt/ros/humble/include  
[10.106s] -- Using RMW implementation 'rmw_fastrtps_cpp' as default
[10.185s] -- Looking for pthread.h
[10.583s] -- Looking for pthread.h - found
[10.584s] -- Performing Test CMAKE_HAVE_LIBC_PTHREAD
[10.985s] -- Performing Test CMAKE_HAVE_LIBC_PTHREAD - Success
[10.989s] -- Found Threads: TRUE  
[11.534s] -- Checking for one of the modules 'gstreamer-1.0'
[11.763s] -- Checking for one of the modules 'gstreamer-base-1.0'
[12.020s] -- Checking for one of the modules 'gstreamer-app-1.0'
[12.655s] -- Checking for one of the modules 'gstreamer-audio-1.0'
[13.279s] -- Checking for one of the modules 'gstreamer-video-1.0'
[14.080s] -- Found GLIB: /usr/include/glib-2.0;/usr/lib/aarch64-linux-gnu/glib-2.0/include (found version "2.72.4") 
[14.113s] -- Found audio_msgs: 0.0.0 (/home/devuser/Workspaces/rosgsthumble_ws/install/audio_msgs/share/audio_msgs/cmake)
[14.219s] -- Found sensor_msgs: 4.9.0 (/opt/ros/humble/share/sensor_msgs/cmake)
[15.208s] -- Found ament_cmake_clang_format: 0.12.14 (/opt/ros/humble/share/ament_cmake_clang_format/cmake)
[15.612s] -- Configuring done
[17.133s] -- Generating done
[17.245s] -- Build files have been written to: /home/devuser/Workspaces/rosgsthumble_ws/build/gst_bridge
[17.295s] Invoked command in '/home/devuser/Workspaces/rosgsthumble_ws/build/gst_bridge' returned '0': AMENT_PREFIX_PATH=/home/devuser/Workspaces/rosgsthumble_ws/install/audio_msgs:${AMENT_PREFIX_PATH} CMAKE_PREFIX_PATH=/home/devuser/Workspaces/rosgsthumble_ws/install/audio_msgs:/opt/ros/humble LD_LIBRARY_PATH=/home/devuser/Workspaces/rosgsthumble_ws/install/audio_msgs/lib:${LD_LIBRARY_PATH} PYTHONPATH=/home/devuser/Workspaces/rosgsthumble_ws/install/audio_msgs/local/lib/python3.10/dist-packages:${PYTHONPATH} /usr/bin/cmake /home/devuser/Workspaces/rosgsthumble_ws/src/ros-gst-bridge/gst_bridge -DAMENT_CMAKE_SYMLINK_INSTALL=1 -DCMAKE_INSTALL_PREFIX=/home/devuser/Workspaces/rosgsthumble_ws/install/gst_bridge
[17.305s] Invoking command in '/home/devuser/Workspaces/rosgsthumble_ws/build/gst_bridge': AMENT_PREFIX_PATH=/home/devuser/Workspaces/rosgsthumble_ws/install/audio_msgs:${AMENT_PREFIX_PATH} CMAKE_PREFIX_PATH=/home/devuser/Workspaces/rosgsthumble_ws/install/audio_msgs:/opt/ros/humble LD_LIBRARY_PATH=/home/devuser/Workspaces/rosgsthumble_ws/install/audio_msgs/lib:${LD_LIBRARY_PATH} PYTHONPATH=/home/devuser/Workspaces/rosgsthumble_ws/install/audio_msgs/local/lib/python3.10/dist-packages:${PYTHONPATH} /usr/bin/cmake --build /home/devuser/Workspaces/rosgsthumble_ws/build/gst_bridge -- -j4 -l4
[17.563s] [  7%] [32mBuilding CXX object CMakeFiles/gst_bridge.dir/src/gst_bridge.cpp.o[0m
[41.596s] [ 15%] [32mBuilding CXX object CMakeFiles/gst_bridge.dir/src/rosbasesrc.cpp.o[0m
[63.645s] [ 23%] [32mBuilding CXX object CMakeFiles/gst_bridge.dir/src/rosbasesink.cpp.o[0m
[82.701s] [ 30%] [32mBuilding CXX object CMakeFiles/gst_bridge.dir/src/rosbaseiface.cpp.o[0m
[102.812s] [ 38%] [32m[1mLinking CXX shared library libgst_bridge.so[0m
[108.913s] [ 38%] Built target gst_bridge
[109.030s] [ 53%] [32mBuilding CXX object CMakeFiles/rosgstbridge.dir/src/rosaudiosink.cpp.o[0m
[109.031s] [ 53%] [32mBuilding CXX object CMakeFiles/rosgstbridge.dir/src/rosgstbridgeplugin.cpp.o[0m
[111.144s] [ 61%] [32mBuilding CXX object CMakeFiles/rosgstbridge.dir/src/rostextsink.cpp.o[0m
[113.243s] [ 69%] [32mBuilding CXX object CMakeFiles/rosgstbridge.dir/src/rosimagesink.cpp.o[0m
[192.532s] [ 76%] [32mBuilding CXX object CMakeFiles/rosgstbridge.dir/src/rostextsrc.cpp.o[0m
[267.899s] [ 84%] [32mBuilding CXX object CMakeFiles/rosgstbridge.dir/src/rosimagesrc.cpp.o[0m
[342.908s] [ 92%] [32mBuilding CXX object CMakeFiles/rosgstbridge.dir/src/rosaudiosrc.cpp.o[0m
[422.229s] [100%] [32m[1mLinking CXX shared library librosgstbridge.so[0m
[432.504s] [100%] Built target rosgstbridge
[432.920s] Invoked command in '/home/devuser/Workspaces/rosgsthumble_ws/build/gst_bridge' returned '0': AMENT_PREFIX_PATH=/home/devuser/Workspaces/rosgsthumble_ws/install/audio_msgs:${AMENT_PREFIX_PATH} CMAKE_PREFIX_PATH=/home/devuser/Workspaces/rosgsthumble_ws/install/audio_msgs:/opt/ros/humble LD_LIBRARY_PATH=/home/devuser/Workspaces/rosgsthumble_ws/install/audio_msgs/lib:${LD_LIBRARY_PATH} PYTHONPATH=/home/devuser/Workspaces/rosgsthumble_ws/install/audio_msgs/local/lib/python3.10/dist-packages:${PYTHONPATH} /usr/bin/cmake --build /home/devuser/Workspaces/rosgsthumble_ws/build/gst_bridge -- -j4 -l4
[433.106s] Invoking command in '/home/devuser/Workspaces/rosgsthumble_ws/build/gst_bridge': AMENT_PREFIX_PATH=/home/devuser/Workspaces/rosgsthumble_ws/install/audio_msgs:${AMENT_PREFIX_PATH} CMAKE_PREFIX_PATH=/home/devuser/Workspaces/rosgsthumble_ws/install/audio_msgs:/opt/ros/humble LD_LIBRARY_PATH=/home/devuser/Workspaces/rosgsthumble_ws/install/audio_msgs/lib:${LD_LIBRARY_PATH} PYTHONPATH=/home/devuser/Workspaces/rosgsthumble_ws/install/audio_msgs/local/lib/python3.10/dist-packages:${PYTHONPATH} /usr/bin/cmake --install /home/devuser/Workspaces/rosgsthumble_ws/build/gst_bridge
[433.150s] -- Install configuration: "RelWithDebInfo"
[433.150s] -- Execute custom install script
[433.151s] -- Symlinking: /home/devuser/Workspaces/rosgsthumble_ws/install/gst_bridge/share/gst_bridge/environment/register_plugin.dsv
[433.185s] -- Symlinking: /home/devuser/Workspaces/rosgsthumble_ws/install/gst_bridge/share/gst_bridge/environment/library_path.sh
[433.214s] -- Symlinking: /home/devuser/Workspaces/rosgsthumble_ws/install/gst_bridge/share/gst_bridge/environment/library_path.dsv
[433.246s] -- Symlinking: /home/devuser/Workspaces/rosgsthumble_ws/install/gst_bridge/include/gst_bridge/gst_bridge.h
[433.274s] -- Symlinking: /home/devuser/Workspaces/rosgsthumble_ws/install/gst_bridge/include/gst_bridge/rosaudiosink.h
[433.306s] -- Symlinking: /home/devuser/Workspaces/rosgsthumble_ws/install/gst_bridge/include/gst_bridge/rosaudiosrc.h
[433.334s] -- Symlinking: /home/devuser/Workspaces/rosgsthumble_ws/install/gst_bridge/include/gst_bridge/rosbaseiface.h
[433.361s] -- Symlinking: /home/devuser/Workspaces/rosgsthumble_ws/install/gst_bridge/include/gst_bridge/rosbasesink.h
[433.387s] -- Symlinking: /home/devuser/Workspaces/rosgsthumble_ws/install/gst_bridge/include/gst_bridge/rosbasesrc.h
[433.413s] -- Symlinking: /home/devuser/Workspaces/rosgsthumble_ws/install/gst_bridge/include/gst_bridge/rosimagesink.h
[433.439s] -- Symlinking: /home/devuser/Workspaces/rosgsthumble_ws/install/gst_bridge/include/gst_bridge/rosimagesrc.h
[433.467s] -- Symlinking: /home/devuser/Workspaces/rosgsthumble_ws/install/gst_bridge/include/gst_bridge/rostextsink.h
[433.494s] -- Symlinking: /home/devuser/Workspaces/rosgsthumble_ws/install/gst_bridge/include/gst_bridge/rostextsrc.h
[433.522s] -- Symlinking: /home/devuser/Workspaces/rosgsthumble_ws/install/gst_bridge/lib/gst_bridge/librosgstbridge.so
[433.550s] -- Symlinking: /home/devuser/Workspaces/rosgsthumble_ws/install/gst_bridge/share/ament_index/resource_index/package_run_dependencies/gst_bridge
[433.579s] -- Symlinking: /home/devuser/Workspaces/rosgsthumble_ws/install/gst_bridge/share/ament_index/resource_index/parent_prefix_path/gst_bridge
[433.622s] -- Symlinking: /home/devuser/Workspaces/rosgsthumble_ws/install/gst_bridge/share/gst_bridge/environment/ament_prefix_path.sh
[433.652s] -- Symlinking: /home/devuser/Workspaces/rosgsthumble_ws/install/gst_bridge/share/gst_bridge/environment/ament_prefix_path.dsv
[433.681s] -- Symlinking: /home/devuser/Workspaces/rosgsthumble_ws/install/gst_bridge/share/gst_bridge/environment/path.sh
[433.713s] -- Symlinking: /home/devuser/Workspaces/rosgsthumble_ws/install/gst_bridge/share/gst_bridge/environment/path.dsv
[433.741s] -- Symlinking: /home/devuser/Workspaces/rosgsthumble_ws/install/gst_bridge/share/gst_bridge/local_setup.bash
[433.770s] -- Symlinking: /home/devuser/Workspaces/rosgsthumble_ws/install/gst_bridge/share/gst_bridge/local_setup.sh
[433.812s] -- Symlinking: /home/devuser/Workspaces/rosgsthumble_ws/install/gst_bridge/share/gst_bridge/local_setup.zsh
[433.868s] -- Symlinking: /home/devuser/Workspaces/rosgsthumble_ws/install/gst_bridge/share/gst_bridge/local_setup.dsv
[433.900s] -- Symlinking: /home/devuser/Workspaces/rosgsthumble_ws/install/gst_bridge/share/gst_bridge/package.dsv
[433.935s] -- Symlinking: /home/devuser/Workspaces/rosgsthumble_ws/install/gst_bridge/share/ament_index/resource_index/packages/gst_bridge
[433.980s] -- Symlinking: /home/devuser/Workspaces/rosgsthumble_ws/install/gst_bridge/share/gst_bridge/cmake/ament_cmake_export_include_directories-extras.cmake
[434.013s] -- Symlinking: /home/devuser/Workspaces/rosgsthumble_ws/install/gst_bridge/share/gst_bridge/cmake/ament_cmake_export_libraries-extras.cmake
[434.045s] -- Symlinking: /home/devuser/Workspaces/rosgsthumble_ws/install/gst_bridge/share/gst_bridge/cmake/ament_cmake_export_dependencies-extras.cmake
[434.076s] -- Symlinking: /home/devuser/Workspaces/rosgsthumble_ws/install/gst_bridge/share/gst_bridge/cmake/gst_bridgeConfig.cmake
[434.105s] -- Symlinking: /home/devuser/Workspaces/rosgsthumble_ws/install/gst_bridge/share/gst_bridge/cmake/gst_bridgeConfig-version.cmake
[434.135s] -- Symlinking: /home/devuser/Workspaces/rosgsthumble_ws/install/gst_bridge/share/gst_bridge/package.xml
[434.166s] -- Installing: /home/devuser/Workspaces/rosgsthumble_ws/install/gst_bridge/lib/libgst_bridge.so
[434.193s] -- Set runtime path of "/home/devuser/Workspaces/rosgsthumble_ws/install/gst_bridge/lib/libgst_bridge.so" to ""
[434.220s] Invoked command in '/home/devuser/Workspaces/rosgsthumble_ws/build/gst_bridge' returned '0': AMENT_PREFIX_PATH=/home/devuser/Workspaces/rosgsthumble_ws/install/audio_msgs:${AMENT_PREFIX_PATH} CMAKE_PREFIX_PATH=/home/devuser/Workspaces/rosgsthumble_ws/install/audio_msgs:/opt/ros/humble LD_LIBRARY_PATH=/home/devuser/Workspaces/rosgsthumble_ws/install/audio_msgs/lib:${LD_LIBRARY_PATH} PYTHONPATH=/home/devuser/Workspaces/rosgsthumble_ws/install/audio_msgs/local/lib/python3.10/dist-packages:${PYTHONPATH} /usr/bin/cmake --install /home/devuser/Workspaces/rosgsthumble_ws/build/gst_bridge
