[ 18%] Built target gst_pipeline_node
[ 36%] Built target gtest_main
[ 54%] Built target gtest
[ 81%] Built target gst_pipeline
[100%] Built target gst_pipeline_test
-- Install configuration: ""
-- Execute custom install script
-- Up-to-date symlink: /home/devuser/Workspaces/rosgsthumble_ws/install/gst_pipeline/lib/gst_pipeline/gst_pipeline_node
-- Up-to-date symlink: /home/devuser/Workspaces/rosgsthumble_ws/install/gst_pipeline/include/gst_pipeline/gst_pipeline.h
-- Up-to-date symlink: /home/devuser/Workspaces/rosgsthumble_ws/install/gst_pipeline/include/gst_pipeline/plugin_base.h
-- Up-to-date symlink: /home/devuser/Workspaces/rosgsthumble_ws/install/gst_pipeline/include/gst_pipeline/syntax_sugar.h
-- Up-to-date symlink: /home/devuser/Workspaces/rosgsthumble_ws/install/gst_pipeline/share/gst_pipeline/config/example.config.yaml
-- Up-to-date symlink: /home/devuser/Workspaces/rosgsthumble_ws/install/gst_pipeline/share/gst_pipeline/config/example_rx.config.yaml
-- Up-to-date symlink: /home/devuser/Workspaces/rosgsthumble_ws/install/gst_pipeline/share/gst_pipeline/launch/example.launch.py
-- Up-to-date symlink: /home/devuser/Workspaces/rosgsthumble_ws/install/gst_pipeline/share/gst_pipeline/launch/example_rx.launch.py
-- Up-to-date symlink: /home/devuser/Workspaces/rosgsthumble_ws/install/gst_pipeline/share/gst_pipeline/environment/library_path.sh
-- Up-to-date symlink: /home/devuser/Workspaces/rosgsthumble_ws/install/gst_pipeline/share/gst_pipeline/environment/library_path.dsv
-- Up-to-date symlink: /home/devuser/Workspaces/rosgsthumble_ws/install/gst_pipeline/share/ament_index/resource_index/package_run_dependencies/gst_pipeline
-- Up-to-date symlink: /home/devuser/Workspaces/rosgsthumble_ws/install/gst_pipeline/share/ament_index/resource_index/parent_prefix_path/gst_pipeline
-- Up-to-date symlink: /home/devuser/Workspaces/rosgsthumble_ws/install/gst_pipeline/share/gst_pipeline/environment/ament_prefix_path.sh
-- Up-to-date symlink: /home/devuser/Workspaces/rosgsthumble_ws/install/gst_pipeline/share/gst_pipeline/environment/ament_prefix_path.dsv
-- Up-to-date symlink: /home/devuser/Workspaces/rosgsthumble_ws/install/gst_pipeline/share/gst_pipeline/environment/path.sh
-- Up-to-date symlink: /home/devuser/Workspaces/rosgsthumble_ws/install/gst_pipeline/share/gst_pipeline/environment/path.dsv
-- Up-to-date symlink: /home/devuser/Workspaces/rosgsthumble_ws/install/gst_pipeline/share/gst_pipeline/local_setup.bash
-- Up-to-date symlink: /home/devuser/Workspaces/rosgsthumble_ws/install/gst_pipeline/share/gst_pipeline/local_setup.sh
-- Up-to-date symlink: /home/devuser/Workspaces/rosgsthumble_ws/install/gst_pipeline/share/gst_pipeline/local_setup.zsh
-- Up-to-date symlink: /home/devuser/Workspaces/rosgsthumble_ws/install/gst_pipeline/share/gst_pipeline/local_setup.dsv
-- Symlinking: /home/devuser/Workspaces/rosgsthumble_ws/install/gst_pipeline/share/gst_pipeline/package.dsv
-- Up-to-date symlink: /home/devuser/Workspaces/rosgsthumble_ws/install/gst_pipeline/share/ament_index/resource_index/packages/gst_pipeline
-- Up-to-date symlink: /home/devuser/Workspaces/rosgsthumble_ws/install/gst_pipeline/share/ament_index/resource_index/rclcpp_components/gst_pipeline
-- Up-to-date symlink: /home/devuser/Workspaces/rosgsthumble_ws/install/gst_pipeline/share/gst_pipeline/cmake/ament_cmake_export_include_directories-extras.cmake
-- Up-to-date symlink: /home/devuser/Workspaces/rosgsthumble_ws/install/gst_pipeline/share/gst_pipeline/cmake/ament_cmake_export_libraries-extras.cmake
-- Up-to-date symlink: /home/devuser/Workspaces/rosgsthumble_ws/install/gst_pipeline/share/gst_pipeline/cmake/ament_cmake_export_targets-extras.cmake
-- Up-to-date symlink: /home/devuser/Workspaces/rosgsthumble_ws/install/gst_pipeline/share/gst_pipeline/cmake/ament_cmake_export_dependencies-extras.cmake
-- Up-to-date symlink: /home/devuser/Workspaces/rosgsthumble_ws/install/gst_pipeline/share/gst_pipeline/cmake/gst_pipelineConfig.cmake
-- Up-to-date symlink: /home/devuser/Workspaces/rosgsthumble_ws/install/gst_pipeline/share/gst_pipeline/cmake/gst_pipelineConfig-version.cmake
-- Up-to-date symlink: /home/devuser/Workspaces/rosgsthumble_ws/install/gst_pipeline/share/gst_pipeline/package.xml
-- Up-to-date: /home/devuser/Workspaces/rosgsthumble_ws/install/gst_pipeline/lib/libgst_pipeline.so
-- Up-to-date: /home/devuser/Workspaces/rosgsthumble_ws/install/gst_pipeline/share/gst_pipeline/cmake/export_gst_pipelineExport.cmake
-- Up-to-date: /home/devuser/Workspaces/rosgsthumble_ws/install/gst_pipeline/share/gst_pipeline/cmake/export_gst_pipelineExport-noconfig.cmake
