-- Found ament_cmake: 1.3.12 (/opt/ros/humble/share/ament_cmake/cmake)
-- Override CMake install command with custom implementation using symlinks instead of copying resources
-- Found rclcpp: 16.0.15 (/opt/ros/humble/share/rclcpp/cmake)
-- Found rosidl_generator_c: 3.1.7 (/opt/ros/humble/share/rosidl_generator_c/cmake)
-- Found rosidl_adapter: 3.1.7 (/opt/ros/humble/share/rosidl_adapter/cmake)
-- Found rosidl_generator_cpp: 3.1.7 (/opt/ros/humble/share/rosidl_generator_cpp/cmake)
-- Using all available rosidl_typesupport_c: rosidl_typesupport_fastrtps_c;rosidl_typesupport_introspection_c
-- Using all available rosidl_typesupport_cpp: rosidl_typesupport_fastrtps_cpp;rosidl_typesupport_introspection_cpp
-- Found rmw_implementation_cmake: 6.1.2 (/opt/ros/humble/share/rmw_implementation_cmake/cmake)
-- Found rmw_fastrtps_cpp: 6.2.8 (/opt/ros/humble/share/rmw_fastrtps_cpp/cmake)
-- Using RMW implementation 'rmw_fastrtps_cpp' as default
-- Found audio_msgs: 0.0.0 (/home/devuser/Workspaces/rosgsthumble_ws/install/audio_msgs/share/audio_msgs/cmake)
-- Found sensor_msgs: 4.9.0 (/opt/ros/humble/share/sensor_msgs/cmake)
[31mCMake Error at CMakeLists.txt:132 (find_package):
  By not providing "Findament_cmake_clang_format.cmake" in CMAKE_MODULE_PATH
  this project has asked CMake to find a package configuration file provided
  by "ament_cmake_clang_format", but CMake did not find one.

  Could not find a package configuration file provided by
  "ament_cmake_clang_format" with any of the following names:

    ament_cmake_clang_formatConfig.cmake
    ament_cmake_clang_format-config.cmake

  Add the installation prefix of "ament_cmake_clang_format" to
  CMAKE_PREFIX_PATH or set "ament_cmake_clang_format_DIR" to a directory
  containing one of the above files.  If "ament_cmake_clang_format" provides
  a separate development package or SDK, be sure it has been installed.

[0m
-- Configuring incomplete, errors occurred!
See also "/home/devuser/Workspaces/rosgsthumble_ws/build/gst_bridge/CMakeFiles/CMakeOutput.log".
gmake: *** [Makefile:551: cmake_check_build_system] Error 1
