[0.267s] Invoking command in '/home/devuser/Workspaces/rosgsthumble_ws/build/gst_bridge': CMAKE_PREFIX_PATH=/home/devuser/Workspaces/rosgsthumble_ws/install/audio_msgs:/home/devuser/Workspaces/rosgsthumble_ws/install/webrtc_camera_node:/home/devuser/Workspaces/rosgsthumble_ws/install/realsense2_description:/home/devuser/Workspaces/rosgsthumble_ws/install/realsense2_camera:/home/devuser/Workspaces/rosgsthumble_ws/install/realsense2_camera_msgs:/home/devuser/Workspaces/rosgsthumble_ws/install/gst_pipeline_plugins_webrtc:/home/devuser/Workspaces/rosgsthumble_ws/install/gst_pipeline_plugins:/home/devuser/Workspaces/rosgsthumble_ws/install/gst_pipeline:/home/devuser/Workspaces/rosgsthumble_ws/install/gst_msgs:/home/devuser/Workspaces/rosgsthumble_ws/install/gst_bridge:/home/devuser/Workspaces/rosgsthumble_ws/install/cpp_campub:/opt/ros/humble LD_LIBRARY_PATH=/home/devuser/Workspaces/rosgsthumble_ws/install/audio_msgs/lib:/home/devuser/Workspaces/rosgsthumble_ws/install/realsense2_camera/lib:/home/devuser/Workspaces/rosgsthumble_ws/install/realsense2_camera_msgs/lib:/home/devuser/Workspaces/rosgsthumble_ws/install/gst_pipeline_plugins_webrtc/lib:/home/devuser/Workspaces/rosgsthumble_ws/install/gst_pipeline_plugins/lib:/home/devuser/Workspaces/rosgsthumble_ws/install/gst_pipeline/lib:/home/devuser/Workspaces/rosgsthumble_ws/install/gst_msgs/lib:/home/devuser/Workspaces/rosgsthumble_ws/install/gst_bridge/lib:/opt/ros/humble/lib/aarch64-linux-gnu:/opt/ros/humble/lib /usr/bin/cmake --build /home/devuser/Workspaces/rosgsthumble_ws/build/gst_bridge -- -j4 -l4
[1.311s] [ 38%] Built target gst_bridge
[1.955s] [100%] Built target rosgstbridge
[2.383s] Invoked command in '/home/devuser/Workspaces/rosgsthumble_ws/build/gst_bridge' returned '0': CMAKE_PREFIX_PATH=/home/devuser/Workspaces/rosgsthumble_ws/install/audio_msgs:/home/devuser/Workspaces/rosgsthumble_ws/install/webrtc_camera_node:/home/devuser/Workspaces/rosgsthumble_ws/install/realsense2_description:/home/devuser/Workspaces/rosgsthumble_ws/install/realsense2_camera:/home/devuser/Workspaces/rosgsthumble_ws/install/realsense2_camera_msgs:/home/devuser/Workspaces/rosgsthumble_ws/install/gst_pipeline_plugins_webrtc:/home/devuser/Workspaces/rosgsthumble_ws/install/gst_pipeline_plugins:/home/devuser/Workspaces/rosgsthumble_ws/install/gst_pipeline:/home/devuser/Workspaces/rosgsthumble_ws/install/gst_msgs:/home/devuser/Workspaces/rosgsthumble_ws/install/gst_bridge:/home/devuser/Workspaces/rosgsthumble_ws/install/cpp_campub:/opt/ros/humble LD_LIBRARY_PATH=/home/devuser/Workspaces/rosgsthumble_ws/install/audio_msgs/lib:/home/devuser/Workspaces/rosgsthumble_ws/install/realsense2_camera/lib:/home/devuser/Workspaces/rosgsthumble_ws/install/realsense2_camera_msgs/lib:/home/devuser/Workspaces/rosgsthumble_ws/install/gst_pipeline_plugins_webrtc/lib:/home/devuser/Workspaces/rosgsthumble_ws/install/gst_pipeline_plugins/lib:/home/devuser/Workspaces/rosgsthumble_ws/install/gst_pipeline/lib:/home/devuser/Workspaces/rosgsthumble_ws/install/gst_msgs/lib:/home/devuser/Workspaces/rosgsthumble_ws/install/gst_bridge/lib:/opt/ros/humble/lib/aarch64-linux-gnu:/opt/ros/humble/lib /usr/bin/cmake --build /home/devuser/Workspaces/rosgsthumble_ws/build/gst_bridge -- -j4 -l4
[2.400s] Invoking command in '/home/devuser/Workspaces/rosgsthumble_ws/build/gst_bridge': CMAKE_PREFIX_PATH=/home/devuser/Workspaces/rosgsthumble_ws/install/audio_msgs:/home/devuser/Workspaces/rosgsthumble_ws/install/webrtc_camera_node:/home/devuser/Workspaces/rosgsthumble_ws/install/realsense2_description:/home/devuser/Workspaces/rosgsthumble_ws/install/realsense2_camera:/home/devuser/Workspaces/rosgsthumble_ws/install/realsense2_camera_msgs:/home/devuser/Workspaces/rosgsthumble_ws/install/gst_pipeline_plugins_webrtc:/home/devuser/Workspaces/rosgsthumble_ws/install/gst_pipeline_plugins:/home/devuser/Workspaces/rosgsthumble_ws/install/gst_pipeline:/home/devuser/Workspaces/rosgsthumble_ws/install/gst_msgs:/home/devuser/Workspaces/rosgsthumble_ws/install/gst_bridge:/home/devuser/Workspaces/rosgsthumble_ws/install/cpp_campub:/opt/ros/humble LD_LIBRARY_PATH=/home/devuser/Workspaces/rosgsthumble_ws/install/audio_msgs/lib:/home/devuser/Workspaces/rosgsthumble_ws/install/realsense2_camera/lib:/home/devuser/Workspaces/rosgsthumble_ws/install/realsense2_camera_msgs/lib:/home/devuser/Workspaces/rosgsthumble_ws/install/gst_pipeline_plugins_webrtc/lib:/home/devuser/Workspaces/rosgsthumble_ws/install/gst_pipeline_plugins/lib:/home/devuser/Workspaces/rosgsthumble_ws/install/gst_pipeline/lib:/home/devuser/Workspaces/rosgsthumble_ws/install/gst_msgs/lib:/home/devuser/Workspaces/rosgsthumble_ws/install/gst_bridge/lib:/opt/ros/humble/lib/aarch64-linux-gnu:/opt/ros/humble/lib /usr/bin/cmake --install /home/devuser/Workspaces/rosgsthumble_ws/build/gst_bridge
[2.501s] -- Install configuration: "RelWithDebInfo"
[2.512s] -- Execute custom install script
[2.516s] -- Up-to-date symlink: /home/devuser/Workspaces/rosgsthumble_ws/install/gst_bridge/share/gst_bridge/environment/register_plugin.dsv
[2.522s] -- Up-to-date symlink: /home/devuser/Workspaces/rosgsthumble_ws/install/gst_bridge/share/gst_bridge/environment/library_path.sh
[2.592s] -- Up-to-date symlink: /home/devuser/Workspaces/rosgsthumble_ws/install/gst_bridge/share/gst_bridge/environment/library_path.dsv
[2.598s] -- Up-to-date symlink: /home/devuser/Workspaces/rosgsthumble_ws/install/gst_bridge/include/gst_bridge/gst_bridge.h
[2.600s] -- Up-to-date symlink: /home/devuser/Workspaces/rosgsthumble_ws/install/gst_bridge/include/gst_bridge/rosaudiosink.h
[2.605s] -- Up-to-date symlink: /home/devuser/Workspaces/rosgsthumble_ws/install/gst_bridge/include/gst_bridge/rosaudiosrc.h
[2.607s] -- Up-to-date symlink: /home/devuser/Workspaces/rosgsthumble_ws/install/gst_bridge/include/gst_bridge/rosbaseiface.h
[2.607s] -- Up-to-date symlink: /home/devuser/Workspaces/rosgsthumble_ws/install/gst_bridge/include/gst_bridge/rosbasesink.h
[2.610s] -- Up-to-date symlink: /home/devuser/Workspaces/rosgsthumble_ws/install/gst_bridge/include/gst_bridge/rosbasesrc.h
[2.611s] -- Up-to-date symlink: /home/devuser/Workspaces/rosgsthumble_ws/install/gst_bridge/include/gst_bridge/rosimagesink.h
[2.613s] -- Up-to-date symlink: /home/devuser/Workspaces/rosgsthumble_ws/install/gst_bridge/include/gst_bridge/rosimagesrc.h
[2.618s] -- Up-to-date symlink: /home/devuser/Workspaces/rosgsthumble_ws/install/gst_bridge/include/gst_bridge/rostextsink.h
[2.642s] -- Up-to-date symlink: /home/devuser/Workspaces/rosgsthumble_ws/install/gst_bridge/include/gst_bridge/rostextsrc.h
[2.650s] -- Up-to-date symlink: /home/devuser/Workspaces/rosgsthumble_ws/install/gst_bridge/lib/gst_bridge/librosgstbridge.so
[2.653s] -- Up-to-date symlink: /home/devuser/Workspaces/rosgsthumble_ws/install/gst_bridge/share/ament_index/resource_index/package_run_dependencies/gst_bridge
[2.657s] -- Up-to-date symlink: /home/devuser/Workspaces/rosgsthumble_ws/install/gst_bridge/share/ament_index/resource_index/parent_prefix_path/gst_bridge
[2.662s] -- Up-to-date symlink: /home/devuser/Workspaces/rosgsthumble_ws/install/gst_bridge/share/gst_bridge/environment/ament_prefix_path.sh
[2.665s] -- Up-to-date symlink: /home/devuser/Workspaces/rosgsthumble_ws/install/gst_bridge/share/gst_bridge/environment/ament_prefix_path.dsv
[2.690s] -- Up-to-date symlink: /home/devuser/Workspaces/rosgsthumble_ws/install/gst_bridge/share/gst_bridge/environment/path.sh
[2.693s] -- Up-to-date symlink: /home/devuser/Workspaces/rosgsthumble_ws/install/gst_bridge/share/gst_bridge/environment/path.dsv
[2.697s] -- Up-to-date symlink: /home/devuser/Workspaces/rosgsthumble_ws/install/gst_bridge/share/gst_bridge/local_setup.bash
[2.703s] -- Up-to-date symlink: /home/devuser/Workspaces/rosgsthumble_ws/install/gst_bridge/share/gst_bridge/local_setup.sh
[2.704s] -- Up-to-date symlink: /home/devuser/Workspaces/rosgsthumble_ws/install/gst_bridge/share/gst_bridge/local_setup.zsh
[2.706s] -- Up-to-date symlink: /home/devuser/Workspaces/rosgsthumble_ws/install/gst_bridge/share/gst_bridge/local_setup.dsv
[2.708s] -- Symlinking: /home/devuser/Workspaces/rosgsthumble_ws/install/gst_bridge/share/gst_bridge/package.dsv
[2.794s] -- Up-to-date symlink: /home/devuser/Workspaces/rosgsthumble_ws/install/gst_bridge/share/ament_index/resource_index/packages/gst_bridge
[2.799s] -- Up-to-date symlink: /home/devuser/Workspaces/rosgsthumble_ws/install/gst_bridge/share/gst_bridge/cmake/ament_cmake_export_include_directories-extras.cmake
[2.803s] -- Up-to-date symlink: /home/devuser/Workspaces/rosgsthumble_ws/install/gst_bridge/share/gst_bridge/cmake/ament_cmake_export_libraries-extras.cmake
[2.810s] -- Up-to-date symlink: /home/devuser/Workspaces/rosgsthumble_ws/install/gst_bridge/share/gst_bridge/cmake/ament_cmake_export_dependencies-extras.cmake
[2.832s] -- Up-to-date symlink: /home/devuser/Workspaces/rosgsthumble_ws/install/gst_bridge/share/gst_bridge/cmake/gst_bridgeConfig.cmake
[2.835s] -- Up-to-date symlink: /home/devuser/Workspaces/rosgsthumble_ws/install/gst_bridge/share/gst_bridge/cmake/gst_bridgeConfig-version.cmake
[2.841s] -- Up-to-date symlink: /home/devuser/Workspaces/rosgsthumble_ws/install/gst_bridge/share/gst_bridge/package.xml
[2.851s] -- Up-to-date: /home/devuser/Workspaces/rosgsthumble_ws/install/gst_bridge/lib/libgst_bridge.so
[2.859s] Invoked command in '/home/devuser/Workspaces/rosgsthumble_ws/build/gst_bridge' returned '0': CMAKE_PREFIX_PATH=/home/devuser/Workspaces/rosgsthumble_ws/install/audio_msgs:/home/devuser/Workspaces/rosgsthumble_ws/install/webrtc_camera_node:/home/devuser/Workspaces/rosgsthumble_ws/install/realsense2_description:/home/devuser/Workspaces/rosgsthumble_ws/install/realsense2_camera:/home/devuser/Workspaces/rosgsthumble_ws/install/realsense2_camera_msgs:/home/devuser/Workspaces/rosgsthumble_ws/install/gst_pipeline_plugins_webrtc:/home/devuser/Workspaces/rosgsthumble_ws/install/gst_pipeline_plugins:/home/devuser/Workspaces/rosgsthumble_ws/install/gst_pipeline:/home/devuser/Workspaces/rosgsthumble_ws/install/gst_msgs:/home/devuser/Workspaces/rosgsthumble_ws/install/gst_bridge:/home/devuser/Workspaces/rosgsthumble_ws/install/cpp_campub:/opt/ros/humble LD_LIBRARY_PATH=/home/devuser/Workspaces/rosgsthumble_ws/install/audio_msgs/lib:/home/devuser/Workspaces/rosgsthumble_ws/install/realsense2_camera/lib:/home/devuser/Workspaces/rosgsthumble_ws/install/realsense2_camera_msgs/lib:/home/devuser/Workspaces/rosgsthumble_ws/install/gst_pipeline_plugins_webrtc/lib:/home/devuser/Workspaces/rosgsthumble_ws/install/gst_pipeline_plugins/lib:/home/devuser/Workspaces/rosgsthumble_ws/install/gst_pipeline/lib:/home/devuser/Workspaces/rosgsthumble_ws/install/gst_msgs/lib:/home/devuser/Workspaces/rosgsthumble_ws/install/gst_bridge/lib:/opt/ros/humble/lib/aarch64-linux-gnu:/opt/ros/humble/lib /usr/bin/cmake --install /home/devuser/Workspaces/rosgsthumble_ws/build/gst_bridge
