[0.384s] Invoking command in '/root/Workspaces/rosgsthumble_ws/build/gst_pipeline': AMENT_PREFIX_PATH=/root/Workspaces/rosgsthumble_ws/install/gst_bridge:/root/Workspaces/rosgsthumble_ws/install/gst_msgs:/root/Workspaces/rosgsthumble_ws/install/cv_bridge:/root/Workspaces/rosgsthumble_ws/install/audio_msgs:${AMENT_PREFIX_PATH} CMAKE_PREFIX_PATH=/root/Workspaces/rosgsthumble_ws/install/gst_bridge:/root/Workspaces/rosgsthumble_ws/install/gst_msgs:/root/Workspaces/rosgsthumble_ws/install/cv_bridge:/root/Workspaces/rosgsthumble_ws/install/audio_msgs:/root/Workspaces/rosgsthumble_ws/install/realsense2_description:/root/Workspaces/rosgsthumble_ws/install/xacro:/root/Workspaces/rosgsthumble_ws/install/webrtc_camera_node:/root/Workspaces/rosgsthumble_ws/install/vision_opencv:/root/Workspaces/rosgsthumble_ws/install/realsense2_camera:/root/Workspaces/rosgsthumble_ws/install/realsense2_camera_msgs:/root/Workspaces/rosgsthumble_ws/install/image_geometry:/root/Workspaces/rosgsthumble_ws/install/gst_pipeline_plugins:/root/Workspaces/rosgsthumble_ws/install/gst_pipeline:/root/Workspaces/rosgsthumble_ws/install/diagnostics:/root/Workspaces/rosgsthumble_ws/install/diagnostic_common_diagnostics:/root/Workspaces/rosgsthumble_ws/install/diagnostic_updater:/opt/ros/humble/install LD_LIBRARY_PATH=/root/Workspaces/rosgsthumble_ws/install/gst_bridge/lib:/root/Workspaces/rosgsthumble_ws/install/gst_msgs/lib:/root/Workspaces/rosgsthumble_ws/install/cv_bridge/lib:/root/Workspaces/rosgsthumble_ws/install/audio_msgs/lib:/root/Workspaces/rosgsthumble_ws/install/realsense2_camera/lib:/root/Workspaces/rosgsthumble_ws/install/realsense2_camera_msgs/lib:/root/Workspaces/rosgsthumble_ws/install/image_geometry/lib:/root/Workspaces/rosgsthumble_ws/install/gst_pipeline_plugins/lib:/root/Workspaces/rosgsthumble_ws/install/gst_pipeline/lib:/opt/ros/humble/install/opt/rviz_ogre_vendor/lib:/opt/ros/humble/install/lib:/usr/local/cuda-10.2/targets/aarch64-linux/lib PYTHONPATH=/root/Workspaces/rosgsthumble_ws/install/gst_msgs/lib/python3.6/site-packages:/root/Workspaces/rosgsthumble_ws/install/cv_bridge/lib/python3.6/site-packages:/root/Workspaces/rosgsthumble_ws/install/audio_msgs/lib/python3.6/site-packages:/root/Workspaces/rosgsthumble_ws/install/xacro/lib/python3.6/site-packages:/root/Workspaces/rosgsthumble_ws/install/realsense2_camera_msgs/lib/python3.6/site-packages:/root/Workspaces/rosgsthumble_ws/install/image_geometry/lib/python3.6/site-packages:/root/Workspaces/rosgsthumble_ws/install/diagnostic_common_diagnostics/lib/python3.6/site-packages:/root/Workspaces/rosgsthumble_ws/install/diagnostic_updater/lib/python3.6/site-packages:/opt/ros/humble/install/lib/python3.6/site-packages /usr/local/bin/cmake /root/Workspaces/rosgsthumble_ws/src/ros-gst-bridge/gst_pipeline -DCMAKE_BUILD_TYPE=Release -DBUILD_TESTING=OFF -DOpenCV_DIR=/usr/lib/aarch64-linux-gnu/cmake/opencv4/ -DAMENT_CMAKE_SYMLINK_INSTALL=1 -DCMAKE_INSTALL_PREFIX=/root/Workspaces/rosgsthumble_ws/install/gst_pipeline
[1.060s] -- The C compiler identification is GNU 7.5.0
[1.321s] -- The CXX compiler identification is GNU 7.5.0
[1.434s] -- Detecting C compiler ABI info
[1.708s] -- Detecting C compiler ABI info - done
[1.759s] -- Check for working C compiler: /usr/bin/cc - skipped
[1.762s] -- Detecting C compile features
[1.771s] -- Detecting C compile features - done
[1.826s] -- Detecting CXX compiler ABI info
[2.113s] -- Detecting CXX compiler ABI info - done
[2.168s] -- Check for working CXX compiler: /usr/bin/c++ - skipped
[2.169s] -- Detecting CXX compile features
[2.174s] -- Detecting CXX compile features - done
[2.265s] -- Found ament_cmake: 1.3.5 (/opt/ros/humble/install/share/ament_cmake/cmake)
[8.489s] -- Found Python3: /usr/bin/python3.6 (found version "3.6.9") found components: Interpreter 
[9.035s] -- Override CMake install command with custom implementation using symlinks instead of copying resources
[9.284s] -- Found rclcpp: 16.0.5 (/opt/ros/humble/install/share/rclcpp/cmake)
[9.629s] -- Found rosidl_generator_c: 3.1.5 (/opt/ros/humble/install/share/rosidl_generator_c/cmake)
[9.676s] -- Found rosidl_adapter: 3.1.5 (/opt/ros/humble/install/share/rosidl_adapter/cmake)
[9.747s] -- Found rosidl_generator_cpp: 3.1.5 (/opt/ros/humble/install/share/rosidl_generator_cpp/cmake)
[9.865s] -- Using all available rosidl_typesupport_c: rosidl_typesupport_fastrtps_c;rosidl_typesupport_introspection_c
[10.029s] -- Using all available rosidl_typesupport_cpp: rosidl_typesupport_fastrtps_cpp;rosidl_typesupport_introspection_cpp
[10.587s] -- Found rmw_implementation_cmake: 6.1.1 (/opt/ros/humble/install/share/rmw_implementation_cmake/cmake)
[10.612s] -- Found rmw_cyclonedds_cpp: 1.3.4 (/opt/ros/humble/install/share/rmw_cyclonedds_cpp/cmake)
[10.877s] -- Using RMW implementation 'rmw_cyclonedds_cpp' as default
[10.951s] -- Performing Test CMAKE_HAVE_LIBC_PTHREAD
[11.186s] -- Performing Test CMAKE_HAVE_LIBC_PTHREAD - Failed
[11.187s] -- Looking for pthread_create in pthreads
[11.381s] -- Looking for pthread_create in pthreads - not found
[11.384s] -- Looking for pthread_create in pthread
[11.614s] -- Looking for pthread_create in pthread - found
[11.620s] -- Found Threads: TRUE  
[12.714s] -- Found rclcpp_components: 16.0.5 (/opt/ros/humble/install/share/rclcpp_components/cmake)
[13.208s] -- Found gst_bridge: 0.0.0 (/root/Workspaces/rosgsthumble_ws/install/gst_bridge/share/gst_bridge/cmake)
[14.592s] -- Found image_transport: 3.1.6 (/opt/ros/humble/install/share/image_transport/cmake)
[14.917s] -- Found cv_bridge: 3.2.1 (/root/Workspaces/rosgsthumble_ws/install/cv_bridge/share/cv_bridge/cmake)
[14.954s] [33mCMake Warning (dev) at /usr/lib/cmake/opencv4/OpenCVConfig.cmake:86 (find_package):
[14.955s]   Policy CMP0146 is not set: The FindCUDA module is removed.  Run "cmake
[14.955s]   --help-policy CMP0146" for policy details.  Use the cmake_policy command to
[14.956s]   set the policy and suppress this warning.
[14.956s] 
[14.957s] Call Stack (most recent call first):
[14.957s]   /usr/lib/cmake/opencv4/OpenCVConfig.cmake:108 (find_host_package)
[14.958s]   /root/Workspaces/rosgsthumble_ws/install/cv_bridge/share/cv_bridge/cmake/ament_cmake_export_dependencies-extras.cmake:21 (find_package)
[14.959s]   /root/Workspaces/rosgsthumble_ws/install/cv_bridge/share/cv_bridge/cmake/cv_bridgeConfig.cmake:41 (include)
[14.959s]   CMakeLists.txt:25 (find_package)
[14.960s] This warning is for project developers.  Use -Wno-dev to suppress it.
[14.960s] [0m
[15.113s] -- Found CUDA: /usr/local/cuda-10.2 (found suitable exact version "10.2") 
[15.373s] -- Found TinyXML2: /usr/lib/aarch64-linux-gnu/libtinyxml2.so  
[15.391s] -- Found PkgConfig: /usr/bin/pkg-config (found version "0.29.1") 
[15.395s] -- Checking for module 'gstreamer-1.0'
[15.474s] --   Found gstreamer-1.0, version 1.14.5
[15.689s] -- Found std_srvs: 4.2.3 (/opt/ros/humble/install/share/std_srvs/cmake)
[16.001s] -- Found gst_msgs: 0.0.0 (/root/Workspaces/rosgsthumble_ws/install/gst_msgs/share/gst_msgs/cmake)
[17.802s] -- Configuring done (17.2s)
[18.001s] -- Generating done (0.2s)
[18.013s] -- Build files have been written to: /root/Workspaces/rosgsthumble_ws/build/gst_pipeline
[18.092s] Invoked command in '/root/Workspaces/rosgsthumble_ws/build/gst_pipeline' returned '0': AMENT_PREFIX_PATH=/root/Workspaces/rosgsthumble_ws/install/gst_bridge:/root/Workspaces/rosgsthumble_ws/install/gst_msgs:/root/Workspaces/rosgsthumble_ws/install/cv_bridge:/root/Workspaces/rosgsthumble_ws/install/audio_msgs:${AMENT_PREFIX_PATH} CMAKE_PREFIX_PATH=/root/Workspaces/rosgsthumble_ws/install/gst_bridge:/root/Workspaces/rosgsthumble_ws/install/gst_msgs:/root/Workspaces/rosgsthumble_ws/install/cv_bridge:/root/Workspaces/rosgsthumble_ws/install/audio_msgs:/root/Workspaces/rosgsthumble_ws/install/realsense2_description:/root/Workspaces/rosgsthumble_ws/install/xacro:/root/Workspaces/rosgsthumble_ws/install/webrtc_camera_node:/root/Workspaces/rosgsthumble_ws/install/vision_opencv:/root/Workspaces/rosgsthumble_ws/install/realsense2_camera:/root/Workspaces/rosgsthumble_ws/install/realsense2_camera_msgs:/root/Workspaces/rosgsthumble_ws/install/image_geometry:/root/Workspaces/rosgsthumble_ws/install/gst_pipeline_plugins:/root/Workspaces/rosgsthumble_ws/install/gst_pipeline:/root/Workspaces/rosgsthumble_ws/install/diagnostics:/root/Workspaces/rosgsthumble_ws/install/diagnostic_common_diagnostics:/root/Workspaces/rosgsthumble_ws/install/diagnostic_updater:/opt/ros/humble/install LD_LIBRARY_PATH=/root/Workspaces/rosgsthumble_ws/install/gst_bridge/lib:/root/Workspaces/rosgsthumble_ws/install/gst_msgs/lib:/root/Workspaces/rosgsthumble_ws/install/cv_bridge/lib:/root/Workspaces/rosgsthumble_ws/install/audio_msgs/lib:/root/Workspaces/rosgsthumble_ws/install/realsense2_camera/lib:/root/Workspaces/rosgsthumble_ws/install/realsense2_camera_msgs/lib:/root/Workspaces/rosgsthumble_ws/install/image_geometry/lib:/root/Workspaces/rosgsthumble_ws/install/gst_pipeline_plugins/lib:/root/Workspaces/rosgsthumble_ws/install/gst_pipeline/lib:/opt/ros/humble/install/opt/rviz_ogre_vendor/lib:/opt/ros/humble/install/lib:/usr/local/cuda-10.2/targets/aarch64-linux/lib PYTHONPATH=/root/Workspaces/rosgsthumble_ws/install/gst_msgs/lib/python3.6/site-packages:/root/Workspaces/rosgsthumble_ws/install/cv_bridge/lib/python3.6/site-packages:/root/Workspaces/rosgsthumble_ws/install/audio_msgs/lib/python3.6/site-packages:/root/Workspaces/rosgsthumble_ws/install/xacro/lib/python3.6/site-packages:/root/Workspaces/rosgsthumble_ws/install/realsense2_camera_msgs/lib/python3.6/site-packages:/root/Workspaces/rosgsthumble_ws/install/image_geometry/lib/python3.6/site-packages:/root/Workspaces/rosgsthumble_ws/install/diagnostic_common_diagnostics/lib/python3.6/site-packages:/root/Workspaces/rosgsthumble_ws/install/diagnostic_updater/lib/python3.6/site-packages:/opt/ros/humble/install/lib/python3.6/site-packages /usr/local/bin/cmake /root/Workspaces/rosgsthumble_ws/src/ros-gst-bridge/gst_pipeline -DCMAKE_BUILD_TYPE=Release -DBUILD_TESTING=OFF -DOpenCV_DIR=/usr/lib/aarch64-linux-gnu/cmake/opencv4/ -DAMENT_CMAKE_SYMLINK_INSTALL=1 -DCMAKE_INSTALL_PREFIX=/root/Workspaces/rosgsthumble_ws/install/gst_pipeline
[18.107s] Invoking command in '/root/Workspaces/rosgsthumble_ws/build/gst_pipeline': AMENT_PREFIX_PATH=/root/Workspaces/rosgsthumble_ws/install/gst_bridge:/root/Workspaces/rosgsthumble_ws/install/gst_msgs:/root/Workspaces/rosgsthumble_ws/install/cv_bridge:/root/Workspaces/rosgsthumble_ws/install/audio_msgs:${AMENT_PREFIX_PATH} CMAKE_PREFIX_PATH=/root/Workspaces/rosgsthumble_ws/install/gst_bridge:/root/Workspaces/rosgsthumble_ws/install/gst_msgs:/root/Workspaces/rosgsthumble_ws/install/cv_bridge:/root/Workspaces/rosgsthumble_ws/install/audio_msgs:/root/Workspaces/rosgsthumble_ws/install/realsense2_description:/root/Workspaces/rosgsthumble_ws/install/xacro:/root/Workspaces/rosgsthumble_ws/install/webrtc_camera_node:/root/Workspaces/rosgsthumble_ws/install/vision_opencv:/root/Workspaces/rosgsthumble_ws/install/realsense2_camera:/root/Workspaces/rosgsthumble_ws/install/realsense2_camera_msgs:/root/Workspaces/rosgsthumble_ws/install/image_geometry:/root/Workspaces/rosgsthumble_ws/install/gst_pipeline_plugins:/root/Workspaces/rosgsthumble_ws/install/gst_pipeline:/root/Workspaces/rosgsthumble_ws/install/diagnostics:/root/Workspaces/rosgsthumble_ws/install/diagnostic_common_diagnostics:/root/Workspaces/rosgsthumble_ws/install/diagnostic_updater:/opt/ros/humble/install LD_LIBRARY_PATH=/root/Workspaces/rosgsthumble_ws/install/gst_bridge/lib:/root/Workspaces/rosgsthumble_ws/install/gst_msgs/lib:/root/Workspaces/rosgsthumble_ws/install/cv_bridge/lib:/root/Workspaces/rosgsthumble_ws/install/audio_msgs/lib:/root/Workspaces/rosgsthumble_ws/install/realsense2_camera/lib:/root/Workspaces/rosgsthumble_ws/install/realsense2_camera_msgs/lib:/root/Workspaces/rosgsthumble_ws/install/image_geometry/lib:/root/Workspaces/rosgsthumble_ws/install/gst_pipeline_plugins/lib:/root/Workspaces/rosgsthumble_ws/install/gst_pipeline/lib:/opt/ros/humble/install/opt/rviz_ogre_vendor/lib:/opt/ros/humble/install/lib:/usr/local/cuda-10.2/targets/aarch64-linux/lib PYTHONPATH=/root/Workspaces/rosgsthumble_ws/install/gst_msgs/lib/python3.6/site-packages:/root/Workspaces/rosgsthumble_ws/install/cv_bridge/lib/python3.6/site-packages:/root/Workspaces/rosgsthumble_ws/install/audio_msgs/lib/python3.6/site-packages:/root/Workspaces/rosgsthumble_ws/install/xacro/lib/python3.6/site-packages:/root/Workspaces/rosgsthumble_ws/install/realsense2_camera_msgs/lib/python3.6/site-packages:/root/Workspaces/rosgsthumble_ws/install/image_geometry/lib/python3.6/site-packages:/root/Workspaces/rosgsthumble_ws/install/diagnostic_common_diagnostics/lib/python3.6/site-packages:/root/Workspaces/rosgsthumble_ws/install/diagnostic_updater/lib/python3.6/site-packages:/opt/ros/humble/install/lib/python3.6/site-packages /usr/local/bin/cmake --build /root/Workspaces/rosgsthumble_ws/build/gst_pipeline -- -j4 -l4
[18.400s] [ 20%] [32mBuilding CXX object CMakeFiles/gst_pipeline.dir/src/gst_pipeline.cpp.o[0m
[63.022s] [ 40%] [32mBuilding CXX object CMakeFiles/gst_pipeline.dir/src/syntax_sugar.cpp.o[0m
[80.927s] [ 60%] [32m[1mLinking CXX shared library libgst_pipeline.so[0m
[82.336s] [ 60%] Built target gst_pipeline
[82.401s] [ 80%] [32mBuilding CXX object CMakeFiles/gst_pipeline_node.dir/rclcpp_components/node_main_gst_pipeline_node.cpp.o[0m
[101.883s] [100%] [32m[1mLinking CXX executable gst_pipeline_node[0m
[102.369s] [100%] Built target gst_pipeline_node
[102.411s] Invoked command in '/root/Workspaces/rosgsthumble_ws/build/gst_pipeline' returned '0': AMENT_PREFIX_PATH=/root/Workspaces/rosgsthumble_ws/install/gst_bridge:/root/Workspaces/rosgsthumble_ws/install/gst_msgs:/root/Workspaces/rosgsthumble_ws/install/cv_bridge:/root/Workspaces/rosgsthumble_ws/install/audio_msgs:${AMENT_PREFIX_PATH} CMAKE_PREFIX_PATH=/root/Workspaces/rosgsthumble_ws/install/gst_bridge:/root/Workspaces/rosgsthumble_ws/install/gst_msgs:/root/Workspaces/rosgsthumble_ws/install/cv_bridge:/root/Workspaces/rosgsthumble_ws/install/audio_msgs:/root/Workspaces/rosgsthumble_ws/install/realsense2_description:/root/Workspaces/rosgsthumble_ws/install/xacro:/root/Workspaces/rosgsthumble_ws/install/webrtc_camera_node:/root/Workspaces/rosgsthumble_ws/install/vision_opencv:/root/Workspaces/rosgsthumble_ws/install/realsense2_camera:/root/Workspaces/rosgsthumble_ws/install/realsense2_camera_msgs:/root/Workspaces/rosgsthumble_ws/install/image_geometry:/root/Workspaces/rosgsthumble_ws/install/gst_pipeline_plugins:/root/Workspaces/rosgsthumble_ws/install/gst_pipeline:/root/Workspaces/rosgsthumble_ws/install/diagnostics:/root/Workspaces/rosgsthumble_ws/install/diagnostic_common_diagnostics:/root/Workspaces/rosgsthumble_ws/install/diagnostic_updater:/opt/ros/humble/install LD_LIBRARY_PATH=/root/Workspaces/rosgsthumble_ws/install/gst_bridge/lib:/root/Workspaces/rosgsthumble_ws/install/gst_msgs/lib:/root/Workspaces/rosgsthumble_ws/install/cv_bridge/lib:/root/Workspaces/rosgsthumble_ws/install/audio_msgs/lib:/root/Workspaces/rosgsthumble_ws/install/realsense2_camera/lib:/root/Workspaces/rosgsthumble_ws/install/realsense2_camera_msgs/lib:/root/Workspaces/rosgsthumble_ws/install/image_geometry/lib:/root/Workspaces/rosgsthumble_ws/install/gst_pipeline_plugins/lib:/root/Workspaces/rosgsthumble_ws/install/gst_pipeline/lib:/opt/ros/humble/install/opt/rviz_ogre_vendor/lib:/opt/ros/humble/install/lib:/usr/local/cuda-10.2/targets/aarch64-linux/lib PYTHONPATH=/root/Workspaces/rosgsthumble_ws/install/gst_msgs/lib/python3.6/site-packages:/root/Workspaces/rosgsthumble_ws/install/cv_bridge/lib/python3.6/site-packages:/root/Workspaces/rosgsthumble_ws/install/audio_msgs/lib/python3.6/site-packages:/root/Workspaces/rosgsthumble_ws/install/xacro/lib/python3.6/site-packages:/root/Workspaces/rosgsthumble_ws/install/realsense2_camera_msgs/lib/python3.6/site-packages:/root/Workspaces/rosgsthumble_ws/install/image_geometry/lib/python3.6/site-packages:/root/Workspaces/rosgsthumble_ws/install/diagnostic_common_diagnostics/lib/python3.6/site-packages:/root/Workspaces/rosgsthumble_ws/install/diagnostic_updater/lib/python3.6/site-packages:/opt/ros/humble/install/lib/python3.6/site-packages /usr/local/bin/cmake --build /root/Workspaces/rosgsthumble_ws/build/gst_pipeline -- -j4 -l4
[102.779s] Invoking command in '/root/Workspaces/rosgsthumble_ws/build/gst_pipeline': AMENT_PREFIX_PATH=/root/Workspaces/rosgsthumble_ws/install/gst_bridge:/root/Workspaces/rosgsthumble_ws/install/gst_msgs:/root/Workspaces/rosgsthumble_ws/install/cv_bridge:/root/Workspaces/rosgsthumble_ws/install/audio_msgs:${AMENT_PREFIX_PATH} CMAKE_PREFIX_PATH=/root/Workspaces/rosgsthumble_ws/install/gst_bridge:/root/Workspaces/rosgsthumble_ws/install/gst_msgs:/root/Workspaces/rosgsthumble_ws/install/cv_bridge:/root/Workspaces/rosgsthumble_ws/install/audio_msgs:/root/Workspaces/rosgsthumble_ws/install/realsense2_description:/root/Workspaces/rosgsthumble_ws/install/xacro:/root/Workspaces/rosgsthumble_ws/install/webrtc_camera_node:/root/Workspaces/rosgsthumble_ws/install/vision_opencv:/root/Workspaces/rosgsthumble_ws/install/realsense2_camera:/root/Workspaces/rosgsthumble_ws/install/realsense2_camera_msgs:/root/Workspaces/rosgsthumble_ws/install/image_geometry:/root/Workspaces/rosgsthumble_ws/install/gst_pipeline_plugins:/root/Workspaces/rosgsthumble_ws/install/gst_pipeline:/root/Workspaces/rosgsthumble_ws/install/diagnostics:/root/Workspaces/rosgsthumble_ws/install/diagnostic_common_diagnostics:/root/Workspaces/rosgsthumble_ws/install/diagnostic_updater:/opt/ros/humble/install LD_LIBRARY_PATH=/root/Workspaces/rosgsthumble_ws/install/gst_bridge/lib:/root/Workspaces/rosgsthumble_ws/install/gst_msgs/lib:/root/Workspaces/rosgsthumble_ws/install/cv_bridge/lib:/root/Workspaces/rosgsthumble_ws/install/audio_msgs/lib:/root/Workspaces/rosgsthumble_ws/install/realsense2_camera/lib:/root/Workspaces/rosgsthumble_ws/install/realsense2_camera_msgs/lib:/root/Workspaces/rosgsthumble_ws/install/image_geometry/lib:/root/Workspaces/rosgsthumble_ws/install/gst_pipeline_plugins/lib:/root/Workspaces/rosgsthumble_ws/install/gst_pipeline/lib:/opt/ros/humble/install/opt/rviz_ogre_vendor/lib:/opt/ros/humble/install/lib:/usr/local/cuda-10.2/targets/aarch64-linux/lib PYTHONPATH=/root/Workspaces/rosgsthumble_ws/install/gst_msgs/lib/python3.6/site-packages:/root/Workspaces/rosgsthumble_ws/install/cv_bridge/lib/python3.6/site-packages:/root/Workspaces/rosgsthumble_ws/install/audio_msgs/lib/python3.6/site-packages:/root/Workspaces/rosgsthumble_ws/install/xacro/lib/python3.6/site-packages:/root/Workspaces/rosgsthumble_ws/install/realsense2_camera_msgs/lib/python3.6/site-packages:/root/Workspaces/rosgsthumble_ws/install/image_geometry/lib/python3.6/site-packages:/root/Workspaces/rosgsthumble_ws/install/diagnostic_common_diagnostics/lib/python3.6/site-packages:/root/Workspaces/rosgsthumble_ws/install/diagnostic_updater/lib/python3.6/site-packages:/opt/ros/humble/install/lib/python3.6/site-packages /usr/local/bin/cmake --install /root/Workspaces/rosgsthumble_ws/build/gst_pipeline
[102.971s] -- Install configuration: "Release"
[102.973s] -- Execute custom install script
[102.975s] -- Symlinking: /root/Workspaces/rosgsthumble_ws/install/gst_pipeline/lib/gst_pipeline/gst_pipeline_node
[102.989s] -- Symlinking: /root/Workspaces/rosgsthumble_ws/install/gst_pipeline/include/gst_pipeline/gst_pipeline.h
[103.000s] -- Symlinking: /root/Workspaces/rosgsthumble_ws/install/gst_pipeline/include/gst_pipeline/plugin_base.h
[103.011s] -- Symlinking: /root/Workspaces/rosgsthumble_ws/install/gst_pipeline/include/gst_pipeline/syntax_sugar.h
[103.024s] -- Symlinking: /root/Workspaces/rosgsthumble_ws/install/gst_pipeline/share/gst_pipeline/config/example.config.yaml
[103.034s] -- Symlinking: /root/Workspaces/rosgsthumble_ws/install/gst_pipeline/share/gst_pipeline/config/example_rx.config.yaml
[103.046s] -- Symlinking: /root/Workspaces/rosgsthumble_ws/install/gst_pipeline/share/gst_pipeline/launch/example.launch.py
[103.055s] -- Symlinking: /root/Workspaces/rosgsthumble_ws/install/gst_pipeline/share/gst_pipeline/launch/example_rx.launch.py
[103.066s] -- Symlinking: /root/Workspaces/rosgsthumble_ws/install/gst_pipeline/share/gst_pipeline/environment/library_path.sh
[103.076s] -- Symlinking: /root/Workspaces/rosgsthumble_ws/install/gst_pipeline/share/gst_pipeline/environment/library_path.dsv
[103.088s] -- Symlinking: /root/Workspaces/rosgsthumble_ws/install/gst_pipeline/share/ament_index/resource_index/package_run_dependencies/gst_pipeline
[103.098s] -- Symlinking: /root/Workspaces/rosgsthumble_ws/install/gst_pipeline/share/ament_index/resource_index/parent_prefix_path/gst_pipeline
[103.111s] -- Symlinking: /root/Workspaces/rosgsthumble_ws/install/gst_pipeline/share/gst_pipeline/environment/ament_prefix_path.sh
[103.122s] -- Symlinking: /root/Workspaces/rosgsthumble_ws/install/gst_pipeline/share/gst_pipeline/environment/ament_prefix_path.dsv
[103.133s] -- Symlinking: /root/Workspaces/rosgsthumble_ws/install/gst_pipeline/share/gst_pipeline/environment/path.sh
[103.143s] -- Symlinking: /root/Workspaces/rosgsthumble_ws/install/gst_pipeline/share/gst_pipeline/environment/path.dsv
[103.154s] -- Symlinking: /root/Workspaces/rosgsthumble_ws/install/gst_pipeline/share/gst_pipeline/local_setup.bash
[103.164s] -- Symlinking: /root/Workspaces/rosgsthumble_ws/install/gst_pipeline/share/gst_pipeline/local_setup.sh
[103.175s] -- Symlinking: /root/Workspaces/rosgsthumble_ws/install/gst_pipeline/share/gst_pipeline/local_setup.zsh
[103.186s] -- Symlinking: /root/Workspaces/rosgsthumble_ws/install/gst_pipeline/share/gst_pipeline/local_setup.dsv
[103.197s] -- Symlinking: /root/Workspaces/rosgsthumble_ws/install/gst_pipeline/share/gst_pipeline/package.dsv
[103.207s] -- Symlinking: /root/Workspaces/rosgsthumble_ws/install/gst_pipeline/share/ament_index/resource_index/packages/gst_pipeline
[103.219s] -- Symlinking: /root/Workspaces/rosgsthumble_ws/install/gst_pipeline/share/ament_index/resource_index/rclcpp_components/gst_pipeline
[103.230s] -- Symlinking: /root/Workspaces/rosgsthumble_ws/install/gst_pipeline/share/gst_pipeline/cmake/ament_cmake_export_include_directories-extras.cmake
[103.240s] -- Symlinking: /root/Workspaces/rosgsthumble_ws/install/gst_pipeline/share/gst_pipeline/cmake/ament_cmake_export_libraries-extras.cmake
[103.255s] -- Symlinking: /root/Workspaces/rosgsthumble_ws/install/gst_pipeline/share/gst_pipeline/cmake/ament_cmake_export_targets-extras.cmake
[103.265s] -- Symlinking: /root/Workspaces/rosgsthumble_ws/install/gst_pipeline/share/gst_pipeline/cmake/ament_cmake_export_dependencies-extras.cmake
[103.276s] -- Symlinking: /root/Workspaces/rosgsthumble_ws/install/gst_pipeline/share/gst_pipeline/cmake/gst_pipelineConfig.cmake
[103.286s] -- Symlinking: /root/Workspaces/rosgsthumble_ws/install/gst_pipeline/share/gst_pipeline/cmake/gst_pipelineConfig-version.cmake
[103.297s] -- Symlinking: /root/Workspaces/rosgsthumble_ws/install/gst_pipeline/share/gst_pipeline/package.xml
[103.307s] -- Installing: /root/Workspaces/rosgsthumble_ws/install/gst_pipeline/lib/libgst_pipeline.so
[103.311s] -- Set runtime path of "/root/Workspaces/rosgsthumble_ws/install/gst_pipeline/lib/libgst_pipeline.so" to ""
[103.312s] -- Installing: /root/Workspaces/rosgsthumble_ws/install/gst_pipeline/share/gst_pipeline/cmake/export_gst_pipelineExport.cmake
[103.314s] -- Installing: /root/Workspaces/rosgsthumble_ws/install/gst_pipeline/share/gst_pipeline/cmake/export_gst_pipelineExport-release.cmake
[103.351s] Invoked command in '/root/Workspaces/rosgsthumble_ws/build/gst_pipeline' returned '0': AMENT_PREFIX_PATH=/root/Workspaces/rosgsthumble_ws/install/gst_bridge:/root/Workspaces/rosgsthumble_ws/install/gst_msgs:/root/Workspaces/rosgsthumble_ws/install/cv_bridge:/root/Workspaces/rosgsthumble_ws/install/audio_msgs:${AMENT_PREFIX_PATH} CMAKE_PREFIX_PATH=/root/Workspaces/rosgsthumble_ws/install/gst_bridge:/root/Workspaces/rosgsthumble_ws/install/gst_msgs:/root/Workspaces/rosgsthumble_ws/install/cv_bridge:/root/Workspaces/rosgsthumble_ws/install/audio_msgs:/root/Workspaces/rosgsthumble_ws/install/realsense2_description:/root/Workspaces/rosgsthumble_ws/install/xacro:/root/Workspaces/rosgsthumble_ws/install/webrtc_camera_node:/root/Workspaces/rosgsthumble_ws/install/vision_opencv:/root/Workspaces/rosgsthumble_ws/install/realsense2_camera:/root/Workspaces/rosgsthumble_ws/install/realsense2_camera_msgs:/root/Workspaces/rosgsthumble_ws/install/image_geometry:/root/Workspaces/rosgsthumble_ws/install/gst_pipeline_plugins:/root/Workspaces/rosgsthumble_ws/install/gst_pipeline:/root/Workspaces/rosgsthumble_ws/install/diagnostics:/root/Workspaces/rosgsthumble_ws/install/diagnostic_common_diagnostics:/root/Workspaces/rosgsthumble_ws/install/diagnostic_updater:/opt/ros/humble/install LD_LIBRARY_PATH=/root/Workspaces/rosgsthumble_ws/install/gst_bridge/lib:/root/Workspaces/rosgsthumble_ws/install/gst_msgs/lib:/root/Workspaces/rosgsthumble_ws/install/cv_bridge/lib:/root/Workspaces/rosgsthumble_ws/install/audio_msgs/lib:/root/Workspaces/rosgsthumble_ws/install/realsense2_camera/lib:/root/Workspaces/rosgsthumble_ws/install/realsense2_camera_msgs/lib:/root/Workspaces/rosgsthumble_ws/install/image_geometry/lib:/root/Workspaces/rosgsthumble_ws/install/gst_pipeline_plugins/lib:/root/Workspaces/rosgsthumble_ws/install/gst_pipeline/lib:/opt/ros/humble/install/opt/rviz_ogre_vendor/lib:/opt/ros/humble/install/lib:/usr/local/cuda-10.2/targets/aarch64-linux/lib PYTHONPATH=/root/Workspaces/rosgsthumble_ws/install/gst_msgs/lib/python3.6/site-packages:/root/Workspaces/rosgsthumble_ws/install/cv_bridge/lib/python3.6/site-packages:/root/Workspaces/rosgsthumble_ws/install/audio_msgs/lib/python3.6/site-packages:/root/Workspaces/rosgsthumble_ws/install/xacro/lib/python3.6/site-packages:/root/Workspaces/rosgsthumble_ws/install/realsense2_camera_msgs/lib/python3.6/site-packages:/root/Workspaces/rosgsthumble_ws/install/image_geometry/lib/python3.6/site-packages:/root/Workspaces/rosgsthumble_ws/install/diagnostic_common_diagnostics/lib/python3.6/site-packages:/root/Workspaces/rosgsthumble_ws/install/diagnostic_updater/lib/python3.6/site-packages:/opt/ros/humble/install/lib/python3.6/site-packages /usr/local/bin/cmake --install /root/Workspaces/rosgsthumble_ws/build/gst_pipeline
