[0.062s] Invoking command in '/home/devuser/Workspaces/build/mobile_dd_robot': CMAKE_PREFIX_PATH=${CMAKE_PREFIX_PATH}:/opt/ros/humble /usr/bin/cmake /home/devuser/Workspaces/ws_ddmobile/src/mobile_dd_robot -DAMENT_CMAKE_SYMLINK_INSTALL=1 -DCMAKE_INSTALL_PREFIX=/home/devuser/Workspaces/install/mobile_dd_robot
[0.507s] -- The C compiler identification is GNU 11.4.0
[0.960s] -- The CXX compiler identification is GNU 11.4.0
[1.097s] -- Detecting C compiler ABI info
[1.656s] -- Detecting C compiler ABI info - done
[1.778s] -- Check for working C compiler: /usr/bin/cc - skipped
[1.783s] -- Detecting C compile features
[1.788s] -- Detecting C compile features - done
[1.823s] -- Detecting CXX compiler ABI info
[2.697s] -- Detecting CXX compiler ABI info - done
[2.758s] -- Check for working CXX compiler: /usr/bin/c++ - skipped
[2.759s] -- Detecting CXX compile features
[2.761s] -- Detecting CXX compile features - done
[2.792s] -- Found ament_cmake: 1.3.12 (/opt/ros/humble/share/ament_cmake/cmake)
[3.850s] -- Found Python3: /usr/bin/python3 (found version "3.10.12") found components: Interpreter 
[4.275s] -- Override CMake install command with custom implementation using symlinks instead of copying resources
[4.573s] -- Found ament_lint_auto: 0.12.14 (/opt/ros/humble/share/ament_lint_auto/cmake)
[5.099s] -- Added test 'flake8' to check Python code syntax and style conventions
[5.103s] -- Added test 'lint_cmake' to check CMake code style
[5.107s] -- Added test 'pep257' to check Python code against some of the docstring style conventions in PEP 257
[5.114s] -- Added test 'xmllint' to check XML markup files
[5.126s] -- Configuring done
[5.140s] -- Generating done
[5.147s] -- Build files have been written to: /home/devuser/Workspaces/build/mobile_dd_robot
[5.173s] Invoked command in '/home/devuser/Workspaces/build/mobile_dd_robot' returned '0': CMAKE_PREFIX_PATH=${CMAKE_PREFIX_PATH}:/opt/ros/humble /usr/bin/cmake /home/devuser/Workspaces/ws_ddmobile/src/mobile_dd_robot -DAMENT_CMAKE_SYMLINK_INSTALL=1 -DCMAKE_INSTALL_PREFIX=/home/devuser/Workspaces/install/mobile_dd_robot
[5.176s] Invoking command in '/home/devuser/Workspaces/build/mobile_dd_robot': CMAKE_PREFIX_PATH=${CMAKE_PREFIX_PATH}:/opt/ros/humble /usr/bin/cmake --build /home/devuser/Workspaces/build/mobile_dd_robot -- -j4 -l4
[5.464s] Invoked command in '/home/devuser/Workspaces/build/mobile_dd_robot' returned '0': CMAKE_PREFIX_PATH=${CMAKE_PREFIX_PATH}:/opt/ros/humble /usr/bin/cmake --build /home/devuser/Workspaces/build/mobile_dd_robot -- -j4 -l4
[5.466s] Invoking command in '/home/devuser/Workspaces/build/mobile_dd_robot': CMAKE_PREFIX_PATH=${CMAKE_PREFIX_PATH}:/opt/ros/humble /usr/bin/cmake --install /home/devuser/Workspaces/build/mobile_dd_robot
[5.493s] -- Install configuration: ""
[5.494s] -- Execute custom install script
[5.496s] -- Symlinking: /home/devuser/Workspaces/install/mobile_dd_robot/share/mobile_dd_robot/launch/gazebo_model.launch.py
[5.532s] -- Symlinking: /home/devuser/Workspaces/install/mobile_dd_robot/share/mobile_dd_robot/model/robot.gazebo
[5.687s] -- Symlinking: /home/devuser/Workspaces/install/mobile_dd_robot/share/mobile_dd_robot/model/robot.xacro
[5.777s] -- Symlinking: /home/devuser/Workspaces/install/mobile_dd_robot/share/ament_index/resource_index/package_run_dependencies/mobile_dd_robot
[5.878s] -- Symlinking: /home/devuser/Workspaces/install/mobile_dd_robot/share/ament_index/resource_index/parent_prefix_path/mobile_dd_robot
[6.029s] -- Symlinking: /home/devuser/Workspaces/install/mobile_dd_robot/share/mobile_dd_robot/environment/ament_prefix_path.sh
[6.121s] -- Symlinking: /home/devuser/Workspaces/install/mobile_dd_robot/share/mobile_dd_robot/environment/ament_prefix_path.dsv
[6.239s] -- Symlinking: /home/devuser/Workspaces/install/mobile_dd_robot/share/mobile_dd_robot/environment/path.sh
[6.358s] -- Symlinking: /home/devuser/Workspaces/install/mobile_dd_robot/share/mobile_dd_robot/environment/path.dsv
[6.459s] -- Symlinking: /home/devuser/Workspaces/install/mobile_dd_robot/share/mobile_dd_robot/local_setup.bash
[6.546s] -- Symlinking: /home/devuser/Workspaces/install/mobile_dd_robot/share/mobile_dd_robot/local_setup.sh
[6.596s] -- Symlinking: /home/devuser/Workspaces/install/mobile_dd_robot/share/mobile_dd_robot/local_setup.zsh
[6.686s] -- Symlinking: /home/devuser/Workspaces/install/mobile_dd_robot/share/mobile_dd_robot/local_setup.dsv
[6.774s] -- Symlinking: /home/devuser/Workspaces/install/mobile_dd_robot/share/mobile_dd_robot/package.dsv
[6.869s] -- Symlinking: /home/devuser/Workspaces/install/mobile_dd_robot/share/ament_index/resource_index/packages/mobile_dd_robot
[6.952s] -- Symlinking: /home/devuser/Workspaces/install/mobile_dd_robot/share/mobile_dd_robot/cmake/mobile_dd_robotConfig.cmake
[7.048s] -- Symlinking: /home/devuser/Workspaces/install/mobile_dd_robot/share/mobile_dd_robot/cmake/mobile_dd_robotConfig-version.cmake
[7.128s] -- Symlinking: /home/devuser/Workspaces/install/mobile_dd_robot/share/mobile_dd_robot/package.xml
[7.232s] Invoked command in '/home/devuser/Workspaces/build/mobile_dd_robot' returned '0': CMAKE_PREFIX_PATH=${CMAKE_PREFIX_PATH}:/opt/ros/humble /usr/bin/cmake --install /home/devuser/Workspaces/build/mobile_dd_robot
