[0.012s] Invoking command in '/home/devuser/Workspaces/rosgsthumble_ws/build/gst_pipeline': AMENT_PREFIX_PATH=/home/devuser/Workspaces/rosgsthumble_ws/install/gst_bridge:/home/devuser/Workspaces/rosgsthumble_ws/install/gst_msgs:/home/devuser/Workspaces/rosgsthumble_ws/install/audio_msgs:${AMENT_PREFIX_PATH} CMAKE_PREFIX_PATH=/home/devuser/Workspaces/rosgsthumble_ws/install/gst_bridge:/home/devuser/Workspaces/rosgsthumble_ws/install/gst_msgs:/home/devuser/Workspaces/rosgsthumble_ws/install/audio_msgs:/opt/ros/humble LD_LIBRARY_PATH=/home/devuser/Workspaces/rosgsthumble_ws/install/gst_bridge/lib:/home/devuser/Workspaces/rosgsthumble_ws/install/gst_msgs/lib:/home/devuser/Workspaces/rosgsthumble_ws/install/audio_msgs/lib:${LD_LIBRARY_PATH} PYTHONPATH=/home/devuser/Workspaces/rosgsthumble_ws/install/gst_msgs/local/lib/python3.10/dist-packages:/home/devuser/Workspaces/rosgsthumble_ws/install/audio_msgs/local/lib/python3.10/dist-packages:${PYTHONPATH} /usr/bin/cmake /home/devuser/Workspaces/rosgsthumble_ws/src/ros-gst-bridge/gst_pipeline -DAMENT_CMAKE_SYMLINK_INSTALL=1 -DCMAKE_INSTALL_PREFIX=/home/devuser/Workspaces/rosgsthumble_ws/install/gst_pipeline
[0.058s] -- The C compiler identification is GNU 11.4.0
[0.105s] -- The CXX compiler identification is GNU 11.4.0
[0.113s] -- Detecting C compiler ABI info
[0.174s] -- Detecting C compiler ABI info - done
[0.179s] -- Check for working C compiler: /usr/bin/cc - skipped
[0.179s] -- Detecting C compile features
[0.180s] -- Detecting C compile features - done
[0.182s] -- Detecting CXX compiler ABI info
[0.248s] -- Detecting CXX compiler ABI info - done
[0.254s] -- Check for working CXX compiler: /usr/bin/c++ - skipped
[0.254s] -- Detecting CXX compile features
[0.254s] -- Detecting CXX compile features - done
[0.258s] -- Found ament_cmake: 1.3.12 (/opt/ros/humble/share/ament_cmake/cmake)
[0.375s] -- Found Python3: /usr/bin/python3 (found version "3.10.12") found components: Interpreter 
[0.427s] -- Override CMake install command with custom implementation using symlinks instead of copying resources
[0.460s] -- Found rclcpp: 16.0.15 (/opt/ros/humble/share/rclcpp/cmake)
[0.501s] -- Found rosidl_generator_c: 3.1.7 (/opt/ros/humble/share/rosidl_generator_c/cmake)
[0.507s] -- Found rosidl_adapter: 3.1.7 (/opt/ros/humble/share/rosidl_adapter/cmake)
[0.514s] -- Found rosidl_generator_cpp: 3.1.7 (/opt/ros/humble/share/rosidl_generator_cpp/cmake)
[0.525s] -- Using all available rosidl_typesupport_c: rosidl_typesupport_fastrtps_c;rosidl_typesupport_introspection_c
[0.540s] -- Using all available rosidl_typesupport_cpp: rosidl_typesupport_fastrtps_cpp;rosidl_typesupport_introspection_cpp
[0.581s] -- Found rmw_implementation_cmake: 6.1.2 (/opt/ros/humble/share/rmw_implementation_cmake/cmake)
[0.584s] -- Found rmw_fastrtps_cpp: 6.2.8 (/opt/ros/humble/share/rmw_fastrtps_cpp/cmake)
[0.673s] -- Found OpenSSL: /usr/lib/x86_64-linux-gnu/libcrypto.so (found version "3.0.2")  
[0.701s] -- Found FastRTPS: /opt/ros/humble/include  
[0.751s] -- Using RMW implementation 'rmw_fastrtps_cpp' as default
[0.760s] -- Looking for pthread.h
[0.821s] -- Looking for pthread.h - found
[0.821s] -- Performing Test CMAKE_HAVE_LIBC_PTHREAD
[0.885s] -- Performing Test CMAKE_HAVE_LIBC_PTHREAD - Success
[0.886s] -- Found Threads: TRUE  
[0.928s] -- Found rclcpp_components: 16.0.15 (/opt/ros/humble/share/rclcpp_components/cmake)
[0.954s] -- Found gst_bridge: 0.0.0 (/home/devuser/Workspaces/rosgsthumble_ws/install/gst_bridge/share/gst_bridge/cmake)
[0.994s] -- Found image_transport: 3.1.12 (/opt/ros/humble/share/image_transport/cmake)
[1.025s] -- Found cv_bridge: 3.2.1 (/opt/ros/humble/share/cv_bridge/cmake)
[1.034s] -- Found TinyXML2 via Config file: TinyXML2_DIR-NOTFOUND
[1.038s] -- Found PkgConfig: /usr/bin/pkg-config (found version "0.29.2") 
[1.039s] -- Checking for module 'gstreamer-1.0'
[1.052s] --   Found gstreamer-1.0, version 1.20.3
[1.092s] -- Found std_srvs: 4.9.0 (/opt/ros/humble/share/std_srvs/cmake)
[1.099s] -- Found gst_msgs: 0.0.0 (/home/devuser/Workspaces/rosgsthumble_ws/install/gst_msgs/share/gst_msgs/cmake)
[1.115s] -- Found ament_cmake_clang_format: 0.12.14 (/opt/ros/humble/share/ament_cmake_clang_format/cmake)
[1.118s] -- Found ament_cmake_gtest: 1.3.12 (/opt/ros/humble/share/ament_cmake_gtest/cmake)
[1.124s] -- Found gtest sources under '/opt/ros/humble/src/gtest_vendor': C++ tests using 'Google Test' will be built
[1.186s] -- Configuring done
[1.226s] -- Generating done
[1.233s] -- Build files have been written to: /home/devuser/Workspaces/rosgsthumble_ws/build/gst_pipeline
[1.243s] Invoked command in '/home/devuser/Workspaces/rosgsthumble_ws/build/gst_pipeline' returned '0': AMENT_PREFIX_PATH=/home/devuser/Workspaces/rosgsthumble_ws/install/gst_bridge:/home/devuser/Workspaces/rosgsthumble_ws/install/gst_msgs:/home/devuser/Workspaces/rosgsthumble_ws/install/audio_msgs:${AMENT_PREFIX_PATH} CMAKE_PREFIX_PATH=/home/devuser/Workspaces/rosgsthumble_ws/install/gst_bridge:/home/devuser/Workspaces/rosgsthumble_ws/install/gst_msgs:/home/devuser/Workspaces/rosgsthumble_ws/install/audio_msgs:/opt/ros/humble LD_LIBRARY_PATH=/home/devuser/Workspaces/rosgsthumble_ws/install/gst_bridge/lib:/home/devuser/Workspaces/rosgsthumble_ws/install/gst_msgs/lib:/home/devuser/Workspaces/rosgsthumble_ws/install/audio_msgs/lib:${LD_LIBRARY_PATH} PYTHONPATH=/home/devuser/Workspaces/rosgsthumble_ws/install/gst_msgs/local/lib/python3.10/dist-packages:/home/devuser/Workspaces/rosgsthumble_ws/install/audio_msgs/local/lib/python3.10/dist-packages:${PYTHONPATH} /usr/bin/cmake /home/devuser/Workspaces/rosgsthumble_ws/src/ros-gst-bridge/gst_pipeline -DAMENT_CMAKE_SYMLINK_INSTALL=1 -DCMAKE_INSTALL_PREFIX=/home/devuser/Workspaces/rosgsthumble_ws/install/gst_pipeline
[1.244s] Invoking command in '/home/devuser/Workspaces/rosgsthumble_ws/build/gst_pipeline': AMENT_PREFIX_PATH=/home/devuser/Workspaces/rosgsthumble_ws/install/gst_bridge:/home/devuser/Workspaces/rosgsthumble_ws/install/gst_msgs:/home/devuser/Workspaces/rosgsthumble_ws/install/audio_msgs:${AMENT_PREFIX_PATH} CMAKE_PREFIX_PATH=/home/devuser/Workspaces/rosgsthumble_ws/install/gst_bridge:/home/devuser/Workspaces/rosgsthumble_ws/install/gst_msgs:/home/devuser/Workspaces/rosgsthumble_ws/install/audio_msgs:/opt/ros/humble LD_LIBRARY_PATH=/home/devuser/Workspaces/rosgsthumble_ws/install/gst_bridge/lib:/home/devuser/Workspaces/rosgsthumble_ws/install/gst_msgs/lib:/home/devuser/Workspaces/rosgsthumble_ws/install/audio_msgs/lib:${LD_LIBRARY_PATH} PYTHONPATH=/home/devuser/Workspaces/rosgsthumble_ws/install/gst_msgs/local/lib/python3.10/dist-packages:/home/devuser/Workspaces/rosgsthumble_ws/install/audio_msgs/local/lib/python3.10/dist-packages:${PYTHONPATH} /usr/bin/cmake --build /home/devuser/Workspaces/rosgsthumble_ws/build/gst_pipeline -- -j16 -l16
[1.293s] [ 36%] [32mBuilding CXX object CMakeFiles/gst_pipeline_node.dir/rclcpp_components/node_main_gst_pipeline_node.cpp.o[0m
[1.293s] [ 36%] [32mBuilding CXX object CMakeFiles/gst_pipeline.dir/src/syntax_sugar.cpp.o[0m
[1.293s] [ 36%] [32mBuilding CXX object CMakeFiles/gst_pipeline.dir/src/gst_pipeline.cpp.o[0m
[1.294s] [ 36%] [32mBuilding CXX object gtest/CMakeFiles/gtest.dir/src/gtest-all.cc.o[0m
[1.294s] [ 45%] [32mBuilding CXX object gtest/CMakeFiles/gtest_main.dir/src/gtest_main.cc.o[0m
[2.014s] [ 54%] [32m[1mLinking CXX static library libgtest_main.a[0m
[2.049s] [ 54%] Built target gtest_main
[3.713s] [ 63%] [32m[1mLinking CXX static library libgtest.a[0m
[3.779s] [ 63%] Built target gtest
[3.963s] [ 72%] [32m[1mLinking CXX executable gst_pipeline_node[0m
[4.104s] [ 72%] Built target gst_pipeline_node
[6.188s] [ 81%] [32m[1mLinking CXX shared library libgst_pipeline.so[0m
[6.383s] [ 81%] Built target gst_pipeline
[6.403s] [ 90%] [32mBuilding CXX object CMakeFiles/gst_pipeline_test.dir/test/gst_pipeline/test_loader.cpp.o[0m
[11.144s] [100%] [32m[1mLinking CXX executable gst_pipeline_test[0m
[11.358s] [100%] Built target gst_pipeline_test
[11.368s] Invoked command in '/home/devuser/Workspaces/rosgsthumble_ws/build/gst_pipeline' returned '0': AMENT_PREFIX_PATH=/home/devuser/Workspaces/rosgsthumble_ws/install/gst_bridge:/home/devuser/Workspaces/rosgsthumble_ws/install/gst_msgs:/home/devuser/Workspaces/rosgsthumble_ws/install/audio_msgs:${AMENT_PREFIX_PATH} CMAKE_PREFIX_PATH=/home/devuser/Workspaces/rosgsthumble_ws/install/gst_bridge:/home/devuser/Workspaces/rosgsthumble_ws/install/gst_msgs:/home/devuser/Workspaces/rosgsthumble_ws/install/audio_msgs:/opt/ros/humble LD_LIBRARY_PATH=/home/devuser/Workspaces/rosgsthumble_ws/install/gst_bridge/lib:/home/devuser/Workspaces/rosgsthumble_ws/install/gst_msgs/lib:/home/devuser/Workspaces/rosgsthumble_ws/install/audio_msgs/lib:${LD_LIBRARY_PATH} PYTHONPATH=/home/devuser/Workspaces/rosgsthumble_ws/install/gst_msgs/local/lib/python3.10/dist-packages:/home/devuser/Workspaces/rosgsthumble_ws/install/audio_msgs/local/lib/python3.10/dist-packages:${PYTHONPATH} /usr/bin/cmake --build /home/devuser/Workspaces/rosgsthumble_ws/build/gst_pipeline -- -j16 -l16
[11.369s] Invoking command in '/home/devuser/Workspaces/rosgsthumble_ws/build/gst_pipeline': AMENT_PREFIX_PATH=/home/devuser/Workspaces/rosgsthumble_ws/install/gst_bridge:/home/devuser/Workspaces/rosgsthumble_ws/install/gst_msgs:/home/devuser/Workspaces/rosgsthumble_ws/install/audio_msgs:${AMENT_PREFIX_PATH} CMAKE_PREFIX_PATH=/home/devuser/Workspaces/rosgsthumble_ws/install/gst_bridge:/home/devuser/Workspaces/rosgsthumble_ws/install/gst_msgs:/home/devuser/Workspaces/rosgsthumble_ws/install/audio_msgs:/opt/ros/humble LD_LIBRARY_PATH=/home/devuser/Workspaces/rosgsthumble_ws/install/gst_bridge/lib:/home/devuser/Workspaces/rosgsthumble_ws/install/gst_msgs/lib:/home/devuser/Workspaces/rosgsthumble_ws/install/audio_msgs/lib:${LD_LIBRARY_PATH} PYTHONPATH=/home/devuser/Workspaces/rosgsthumble_ws/install/gst_msgs/local/lib/python3.10/dist-packages:/home/devuser/Workspaces/rosgsthumble_ws/install/audio_msgs/local/lib/python3.10/dist-packages:${PYTHONPATH} /usr/bin/cmake --install /home/devuser/Workspaces/rosgsthumble_ws/build/gst_pipeline
[11.376s] -- Install configuration: ""
[11.376s] -- Execute custom install script
[11.377s] -- Symlinking: /home/devuser/Workspaces/rosgsthumble_ws/install/gst_pipeline/lib/gst_pipeline/gst_pipeline_node
[11.385s] -- Symlinking: /home/devuser/Workspaces/rosgsthumble_ws/install/gst_pipeline/include/gst_pipeline/gst_pipeline.h
[11.392s] -- Symlinking: /home/devuser/Workspaces/rosgsthumble_ws/install/gst_pipeline/include/gst_pipeline/plugin_base.h
[11.399s] -- Symlinking: /home/devuser/Workspaces/rosgsthumble_ws/install/gst_pipeline/include/gst_pipeline/syntax_sugar.h
[11.407s] -- Symlinking: /home/devuser/Workspaces/rosgsthumble_ws/install/gst_pipeline/share/gst_pipeline/config/example.config.yaml
[11.415s] -- Symlinking: /home/devuser/Workspaces/rosgsthumble_ws/install/gst_pipeline/share/gst_pipeline/config/example_rx.config.yaml
[11.423s] -- Symlinking: /home/devuser/Workspaces/rosgsthumble_ws/install/gst_pipeline/share/gst_pipeline/launch/example.launch.py
[11.430s] -- Symlinking: /home/devuser/Workspaces/rosgsthumble_ws/install/gst_pipeline/share/gst_pipeline/launch/example_rx.launch.py
[11.437s] -- Symlinking: /home/devuser/Workspaces/rosgsthumble_ws/install/gst_pipeline/share/gst_pipeline/environment/library_path.sh
[11.445s] -- Symlinking: /home/devuser/Workspaces/rosgsthumble_ws/install/gst_pipeline/share/gst_pipeline/environment/library_path.dsv
[11.452s] -- Symlinking: /home/devuser/Workspaces/rosgsthumble_ws/install/gst_pipeline/share/ament_index/resource_index/package_run_dependencies/gst_pipeline
[11.460s] -- Symlinking: /home/devuser/Workspaces/rosgsthumble_ws/install/gst_pipeline/share/ament_index/resource_index/parent_prefix_path/gst_pipeline
[11.468s] -- Symlinking: /home/devuser/Workspaces/rosgsthumble_ws/install/gst_pipeline/share/gst_pipeline/environment/ament_prefix_path.sh
[11.476s] -- Symlinking: /home/devuser/Workspaces/rosgsthumble_ws/install/gst_pipeline/share/gst_pipeline/environment/ament_prefix_path.dsv
[11.483s] -- Symlinking: /home/devuser/Workspaces/rosgsthumble_ws/install/gst_pipeline/share/gst_pipeline/environment/path.sh
[11.491s] -- Symlinking: /home/devuser/Workspaces/rosgsthumble_ws/install/gst_pipeline/share/gst_pipeline/environment/path.dsv
[11.498s] -- Symlinking: /home/devuser/Workspaces/rosgsthumble_ws/install/gst_pipeline/share/gst_pipeline/local_setup.bash
[11.506s] -- Symlinking: /home/devuser/Workspaces/rosgsthumble_ws/install/gst_pipeline/share/gst_pipeline/local_setup.sh
[11.514s] -- Symlinking: /home/devuser/Workspaces/rosgsthumble_ws/install/gst_pipeline/share/gst_pipeline/local_setup.zsh
[11.521s] -- Symlinking: /home/devuser/Workspaces/rosgsthumble_ws/install/gst_pipeline/share/gst_pipeline/local_setup.dsv
[11.529s] -- Symlinking: /home/devuser/Workspaces/rosgsthumble_ws/install/gst_pipeline/share/gst_pipeline/package.dsv
[11.536s] -- Symlinking: /home/devuser/Workspaces/rosgsthumble_ws/install/gst_pipeline/share/ament_index/resource_index/packages/gst_pipeline
[11.544s] -- Symlinking: /home/devuser/Workspaces/rosgsthumble_ws/install/gst_pipeline/share/ament_index/resource_index/rclcpp_components/gst_pipeline
[11.551s] -- Symlinking: /home/devuser/Workspaces/rosgsthumble_ws/install/gst_pipeline/share/gst_pipeline/cmake/ament_cmake_export_include_directories-extras.cmake
[11.559s] -- Symlinking: /home/devuser/Workspaces/rosgsthumble_ws/install/gst_pipeline/share/gst_pipeline/cmake/ament_cmake_export_libraries-extras.cmake
[11.567s] -- Symlinking: /home/devuser/Workspaces/rosgsthumble_ws/install/gst_pipeline/share/gst_pipeline/cmake/ament_cmake_export_targets-extras.cmake
[11.575s] -- Symlinking: /home/devuser/Workspaces/rosgsthumble_ws/install/gst_pipeline/share/gst_pipeline/cmake/ament_cmake_export_dependencies-extras.cmake
[11.583s] -- Symlinking: /home/devuser/Workspaces/rosgsthumble_ws/install/gst_pipeline/share/gst_pipeline/cmake/gst_pipelineConfig.cmake
[11.591s] -- Symlinking: /home/devuser/Workspaces/rosgsthumble_ws/install/gst_pipeline/share/gst_pipeline/cmake/gst_pipelineConfig-version.cmake
[11.598s] -- Symlinking: /home/devuser/Workspaces/rosgsthumble_ws/install/gst_pipeline/share/gst_pipeline/package.xml
[11.606s] -- Installing: /home/devuser/Workspaces/rosgsthumble_ws/install/gst_pipeline/lib/libgst_pipeline.so
[11.608s] -- Set runtime path of "/home/devuser/Workspaces/rosgsthumble_ws/install/gst_pipeline/lib/libgst_pipeline.so" to ""
[11.608s] -- Installing: /home/devuser/Workspaces/rosgsthumble_ws/install/gst_pipeline/share/gst_pipeline/cmake/export_gst_pipelineExport.cmake
[11.608s] -- Installing: /home/devuser/Workspaces/rosgsthumble_ws/install/gst_pipeline/share/gst_pipeline/cmake/export_gst_pipelineExport-noconfig.cmake
[11.610s] Invoked command in '/home/devuser/Workspaces/rosgsthumble_ws/build/gst_pipeline' returned '0': AMENT_PREFIX_PATH=/home/devuser/Workspaces/rosgsthumble_ws/install/gst_bridge:/home/devuser/Workspaces/rosgsthumble_ws/install/gst_msgs:/home/devuser/Workspaces/rosgsthumble_ws/install/audio_msgs:${AMENT_PREFIX_PATH} CMAKE_PREFIX_PATH=/home/devuser/Workspaces/rosgsthumble_ws/install/gst_bridge:/home/devuser/Workspaces/rosgsthumble_ws/install/gst_msgs:/home/devuser/Workspaces/rosgsthumble_ws/install/audio_msgs:/opt/ros/humble LD_LIBRARY_PATH=/home/devuser/Workspaces/rosgsthumble_ws/install/gst_bridge/lib:/home/devuser/Workspaces/rosgsthumble_ws/install/gst_msgs/lib:/home/devuser/Workspaces/rosgsthumble_ws/install/audio_msgs/lib:${LD_LIBRARY_PATH} PYTHONPATH=/home/devuser/Workspaces/rosgsthumble_ws/install/gst_msgs/local/lib/python3.10/dist-packages:/home/devuser/Workspaces/rosgsthumble_ws/install/audio_msgs/local/lib/python3.10/dist-packages:${PYTHONPATH} /usr/bin/cmake --install /home/devuser/Workspaces/rosgsthumble_ws/build/gst_pipeline
