-- Found rclcpp: 16.0.15 (/opt/ros/humble/share/rclcpp/cmake)
-- Override CMake install command with custom implementation using symlinks instead of copying resources
-- Found rosidl_generator_c: 3.1.7 (/opt/ros/humble/share/rosidl_generator_c/cmake)
-- Found rosidl_adapter: 3.1.7 (/opt/ros/humble/share/rosidl_adapter/cmake)
-- Found rosidl_generator_cpp: 3.1.7 (/opt/ros/humble/share/rosidl_generator_cpp/cmake)
-- Using all available rosidl_typesupport_c: rosidl_typesupport_fastrtps_c;rosidl_typesupport_introspection_c
-- Using all available rosidl_typesupport_cpp: rosidl_typesupport_fastrtps_cpp;rosidl_typesupport_introspection_cpp
-- Found rmw_implementation_cmake: 6.1.2 (/opt/ros/humble/share/rmw_implementation_cmake/cmake)
-- Found rmw_fastrtps_cpp: 6.2.8 (/opt/ros/humble/share/rmw_fastrtps_cpp/cmake)
-- Using RMW implementation 'rmw_fastrtps_cpp' as default
-- Found sensor_msgs: 4.9.0 (/opt/ros/humble/share/sensor_msgs/cmake)
-- Found gst_bridge: 0.0.0 (/home/devuser/Workspaces/rosgsthumble_ws/install/gst_bridge/share/gst_bridge/cmake)
-- Using the multi-header code from /home/devuser/Workspaces/rosgsthumble_ws/build/webrtc_camera_node/_deps/nlohmann_json-src/include/
-- Found ZLIB: /usr/lib/x86_64-linux-gnu/libz.so (found version "1.2.11") 
-- Configuring done
-- Generating done
-- Build files have been written to: /home/devuser/Workspaces/rosgsthumble_ws/build/webrtc_camera_node
[ 17%] [32mBuilding CXX object _deps/ixwebsocket-build/CMakeFiles/ixwebsocket.dir/ixwebsocket/IXCancellationRequest.cpp.o[0m
[ 17%] [32mBuilding CXX object _deps/ixwebsocket-build/CMakeFiles/ixwebsocket.dir/ixwebsocket/IXConnectionState.cpp.o[0m
[ 17%] [32mBuilding CXX object _deps/ixwebsocket-build/CMakeFiles/ixwebsocket.dir/ixwebsocket/IXExponentialBackoff.cpp.o[0m
[ 17%] [32mBuilding CXX object _deps/ixwebsocket-build/CMakeFiles/ixwebsocket.dir/ixwebsocket/IXDNSLookup.cpp.o[0m
[ 17%] [32mBuilding CXX object _deps/ixwebsocket-build/CMakeFiles/ixwebsocket.dir/ixwebsocket/IXGzipCodec.cpp.o[0m
[ 17%] [32mBuilding CXX object _deps/ixwebsocket-build/CMakeFiles/ixwebsocket.dir/ixwebsocket/IXHttp.cpp.o[0m
[ 17%] [32mBuilding CXX object _deps/ixwebsocket-build/CMakeFiles/ixwebsocket.dir/ixwebsocket/IXGetFreePort.cpp.o[0m
[ 20%] [32mBuilding CXX object _deps/ixwebsocket-build/CMakeFiles/ixwebsocket.dir/ixwebsocket/IXBench.cpp.o[0m
[ 23%] [32mBuilding CXX object _deps/ixwebsocket-build/CMakeFiles/ixwebsocket.dir/ixwebsocket/IXHttpClient.cpp.o[0m
[ 25%] [32mBuilding CXX object _deps/ixwebsocket-build/CMakeFiles/ixwebsocket.dir/ixwebsocket/IXHttpServer.cpp.o[0m
[ 28%] [32mBuilding CXX object _deps/ixwebsocket-build/CMakeFiles/ixwebsocket.dir/ixwebsocket/IXNetSystem.cpp.o[0m
[ 30%] [32mBuilding CXX object _deps/ixwebsocket-build/CMakeFiles/ixwebsocket.dir/ixwebsocket/IXSelectInterrupt.cpp.o[0m
[ 33%] [32mBuilding CXX object _deps/ixwebsocket-build/CMakeFiles/ixwebsocket.dir/ixwebsocket/IXSelectInterruptFactory.cpp.o[0m
[ 35%] [32mBuilding CXX object _deps/ixwebsocket-build/CMakeFiles/ixwebsocket.dir/ixwebsocket/IXSelectInterruptPipe.cpp.o[0m
[ 38%] [32mBuilding CXX object _deps/ixwebsocket-build/CMakeFiles/ixwebsocket.dir/ixwebsocket/IXSelectInterruptEvent.cpp.o[0m
[ 41%] [32mBuilding CXX object _deps/ixwebsocket-build/CMakeFiles/ixwebsocket.dir/ixwebsocket/IXSetThreadName.cpp.o[0m
[ 43%] [32mBuilding CXX object _deps/ixwebsocket-build/CMakeFiles/ixwebsocket.dir/ixwebsocket/IXSocket.cpp.o[0m
[ 46%] [32mBuilding CXX object _deps/ixwebsocket-build/CMakeFiles/ixwebsocket.dir/ixwebsocket/IXSocketConnect.cpp.o[0m
[ 48%] [32mBuilding CXX object _deps/ixwebsocket-build/CMakeFiles/ixwebsocket.dir/ixwebsocket/IXSocketServer.cpp.o[0m
[ 51%] [32mBuilding CXX object _deps/ixwebsocket-build/CMakeFiles/ixwebsocket.dir/ixwebsocket/IXSocketFactory.cpp.o[0m
[ 53%] [32mBuilding CXX object _deps/ixwebsocket-build/CMakeFiles/ixwebsocket.dir/ixwebsocket/IXSocketTLSOptions.cpp.o[0m
[ 56%] [32mBuilding CXX object _deps/ixwebsocket-build/CMakeFiles/ixwebsocket.dir/ixwebsocket/IXStrCaseCompare.cpp.o[0m
[ 58%] [32mBuilding CXX object _deps/ixwebsocket-build/CMakeFiles/ixwebsocket.dir/ixwebsocket/IXUdpSocket.cpp.o[0m
[ 61%] [32mBuilding CXX object _deps/ixwebsocket-build/CMakeFiles/ixwebsocket.dir/ixwebsocket/IXUrlParser.cpp.o[0m
[ 64%] [32mBuilding CXX object _deps/ixwebsocket-build/CMakeFiles/ixwebsocket.dir/ixwebsocket/IXUuid.cpp.o[0m
[ 66%] [32mBuilding CXX object _deps/ixwebsocket-build/CMakeFiles/ixwebsocket.dir/ixwebsocket/IXUserAgent.cpp.o[0m
[ 69%] [32mBuilding CXX object _deps/ixwebsocket-build/CMakeFiles/ixwebsocket.dir/ixwebsocket/IXWebSocketCloseConstants.cpp.o[0m
[ 71%] [32mBuilding CXX object _deps/ixwebsocket-build/CMakeFiles/ixwebsocket.dir/ixwebsocket/IXWebSocket.cpp.o[0m
[ 74%] [32mBuilding CXX object _deps/ixwebsocket-build/CMakeFiles/ixwebsocket.dir/ixwebsocket/IXWebSocketHandshake.cpp.o[0m
[ 76%] [32mBuilding CXX object _deps/ixwebsocket-build/CMakeFiles/ixwebsocket.dir/ixwebsocket/IXWebSocketHttpHeaders.cpp.o[0m
[ 79%] [32mBuilding CXX object _deps/ixwebsocket-build/CMakeFiles/ixwebsocket.dir/ixwebsocket/IXWebSocketPerMessageDeflate.cpp.o[0m
[ 82%] [32mBuilding CXX object _deps/ixwebsocket-build/CMakeFiles/ixwebsocket.dir/ixwebsocket/IXWebSocketPerMessageDeflateCodec.cpp.o[0m
[ 84%] [32mBuilding CXX object _deps/ixwebsocket-build/CMakeFiles/ixwebsocket.dir/ixwebsocket/IXWebSocketPerMessageDeflateOptions.cpp.o[0m
[ 87%] [32mBuilding CXX object _deps/ixwebsocket-build/CMakeFiles/ixwebsocket.dir/ixwebsocket/IXWebSocketProxyServer.cpp.o[0m
[ 89%] [32mBuilding CXX object _deps/ixwebsocket-build/CMakeFiles/ixwebsocket.dir/ixwebsocket/IXWebSocketServer.cpp.o[0m
[ 92%] [32mBuilding CXX object _deps/ixwebsocket-build/CMakeFiles/ixwebsocket.dir/ixwebsocket/IXWebSocketTransport.cpp.o[0m
[ 94%] [32m[1mLinking CXX static library libixwebsocket.a[0m
[ 94%] Built target ixwebsocket
[35m[1mConsolidate compiler generated dependencies of target camera_webrtc_node[0m
[ 97%] [32mBuilding CXX object CMakeFiles/camera_webrtc_node.dir/src/camera_webrtc_node.cpp.o[0m
[100%] [32m[1mLinking CXX executable camera_webrtc_node[0m
[100%] Built target camera_webrtc_node
-- Install configuration: ""
-- Execute custom install script
-- Symlinking: /home/devuser/Workspaces/rosgsthumble_ws/install/webrtc_camera_node/lib/cmake/ixwebsocket/ixwebsocket-config.cmake
-- Symlinking: /home/devuser/Workspaces/rosgsthumble_ws/install/webrtc_camera_node/lib/pkgconfig/ixwebsocket.pc
-- Up-to-date symlink: /home/devuser/Workspaces/rosgsthumble_ws/install/webrtc_camera_node/lib/webrtc_camera_node/camera_webrtc_node
-- Up-to-date symlink: /home/devuser/Workspaces/rosgsthumble_ws/install/webrtc_camera_node/share/ament_index/resource_index/package_run_dependencies/webrtc_camera_node
-- Up-to-date symlink: /home/devuser/Workspaces/rosgsthumble_ws/install/webrtc_camera_node/share/ament_index/resource_index/parent_prefix_path/webrtc_camera_node
-- Up-to-date symlink: /home/devuser/Workspaces/rosgsthumble_ws/install/webrtc_camera_node/share/webrtc_camera_node/environment/ament_prefix_path.sh
-- Up-to-date symlink: /home/devuser/Workspaces/rosgsthumble_ws/install/webrtc_camera_node/share/webrtc_camera_node/environment/ament_prefix_path.dsv
-- Up-to-date symlink: /home/devuser/Workspaces/rosgsthumble_ws/install/webrtc_camera_node/share/webrtc_camera_node/environment/path.sh
-- Up-to-date symlink: /home/devuser/Workspaces/rosgsthumble_ws/install/webrtc_camera_node/share/webrtc_camera_node/environment/path.dsv
-- Up-to-date symlink: /home/devuser/Workspaces/rosgsthumble_ws/install/webrtc_camera_node/share/webrtc_camera_node/local_setup.bash
-- Up-to-date symlink: /home/devuser/Workspaces/rosgsthumble_ws/install/webrtc_camera_node/share/webrtc_camera_node/local_setup.sh
-- Up-to-date symlink: /home/devuser/Workspaces/rosgsthumble_ws/install/webrtc_camera_node/share/webrtc_camera_node/local_setup.zsh
-- Up-to-date symlink: /home/devuser/Workspaces/rosgsthumble_ws/install/webrtc_camera_node/share/webrtc_camera_node/local_setup.dsv
-- Symlinking: /home/devuser/Workspaces/rosgsthumble_ws/install/webrtc_camera_node/share/webrtc_camera_node/package.dsv
-- Up-to-date symlink: /home/devuser/Workspaces/rosgsthumble_ws/install/webrtc_camera_node/share/ament_index/resource_index/packages/webrtc_camera_node
-- Up-to-date symlink: /home/devuser/Workspaces/rosgsthumble_ws/install/webrtc_camera_node/share/webrtc_camera_node/cmake/webrtc_camera_nodeConfig.cmake
-- Up-to-date symlink: /home/devuser/Workspaces/rosgsthumble_ws/install/webrtc_camera_node/share/webrtc_camera_node/cmake/webrtc_camera_nodeConfig-version.cmake
-- Up-to-date symlink: /home/devuser/Workspaces/rosgsthumble_ws/install/webrtc_camera_node/share/webrtc_camera_node/package.xml
-- Installing: /home/devuser/Workspaces/rosgsthumble_ws/install/webrtc_camera_node/lib/libixwebsocket.a
-- Installing: /home/devuser/Workspaces/rosgsthumble_ws/install/webrtc_camera_node/include/ixwebsocket/IXBase64.h
-- Installing: /home/devuser/Workspaces/rosgsthumble_ws/install/webrtc_camera_node/include/ixwebsocket/IXBench.h
-- Installing: /home/devuser/Workspaces/rosgsthumble_ws/install/webrtc_camera_node/include/ixwebsocket/IXCancellationRequest.h
-- Installing: /home/devuser/Workspaces/rosgsthumble_ws/install/webrtc_camera_node/include/ixwebsocket/IXConnectionState.h
-- Installing: /home/devuser/Workspaces/rosgsthumble_ws/install/webrtc_camera_node/include/ixwebsocket/IXDNSLookup.h
-- Installing: /home/devuser/Workspaces/rosgsthumble_ws/install/webrtc_camera_node/include/ixwebsocket/IXExponentialBackoff.h
-- Installing: /home/devuser/Workspaces/rosgsthumble_ws/install/webrtc_camera_node/include/ixwebsocket/IXGetFreePort.h
-- Installing: /home/devuser/Workspaces/rosgsthumble_ws/install/webrtc_camera_node/include/ixwebsocket/IXGzipCodec.h
-- Installing: /home/devuser/Workspaces/rosgsthumble_ws/install/webrtc_camera_node/include/ixwebsocket/IXHttp.h
-- Installing: /home/devuser/Workspaces/rosgsthumble_ws/install/webrtc_camera_node/include/ixwebsocket/IXHttpClient.h
-- Installing: /home/devuser/Workspaces/rosgsthumble_ws/install/webrtc_camera_node/include/ixwebsocket/IXHttpServer.h
-- Installing: /home/devuser/Workspaces/rosgsthumble_ws/install/webrtc_camera_node/include/ixwebsocket/IXNetSystem.h
-- Installing: /home/devuser/Workspaces/rosgsthumble_ws/install/webrtc_camera_node/include/ixwebsocket/IXProgressCallback.h
-- Installing: /home/devuser/Workspaces/rosgsthumble_ws/install/webrtc_camera_node/include/ixwebsocket/IXSelectInterrupt.h
-- Installing: /home/devuser/Workspaces/rosgsthumble_ws/install/webrtc_camera_node/include/ixwebsocket/IXSelectInterruptFactory.h
-- Installing: /home/devuser/Workspaces/rosgsthumble_ws/install/webrtc_camera_node/include/ixwebsocket/IXSelectInterruptPipe.h
-- Installing: /home/devuser/Workspaces/rosgsthumble_ws/install/webrtc_camera_node/include/ixwebsocket/IXSelectInterruptEvent.h
-- Installing: /home/devuser/Workspaces/rosgsthumble_ws/install/webrtc_camera_node/include/ixwebsocket/IXSetThreadName.h
-- Installing: /home/devuser/Workspaces/rosgsthumble_ws/install/webrtc_camera_node/include/ixwebsocket/IXSocket.h
-- Installing: /home/devuser/Workspaces/rosgsthumble_ws/install/webrtc_camera_node/include/ixwebsocket/IXSocketConnect.h
-- Installing: /home/devuser/Workspaces/rosgsthumble_ws/install/webrtc_camera_node/include/ixwebsocket/IXSocketFactory.h
-- Installing: /home/devuser/Workspaces/rosgsthumble_ws/install/webrtc_camera_node/include/ixwebsocket/IXSocketServer.h
-- Installing: /home/devuser/Workspaces/rosgsthumble_ws/install/webrtc_camera_node/include/ixwebsocket/IXSocketTLSOptions.h
-- Installing: /home/devuser/Workspaces/rosgsthumble_ws/install/webrtc_camera_node/include/ixwebsocket/IXStrCaseCompare.h
-- Installing: /home/devuser/Workspaces/rosgsthumble_ws/install/webrtc_camera_node/include/ixwebsocket/IXUdpSocket.h
-- Installing: /home/devuser/Workspaces/rosgsthumble_ws/install/webrtc_camera_node/include/ixwebsocket/IXUniquePtr.h
-- Installing: /home/devuser/Workspaces/rosgsthumble_ws/install/webrtc_camera_node/include/ixwebsocket/IXUrlParser.h
-- Installing: /home/devuser/Workspaces/rosgsthumble_ws/install/webrtc_camera_node/include/ixwebsocket/IXUuid.h
-- Installing: /home/devuser/Workspaces/rosgsthumble_ws/install/webrtc_camera_node/include/ixwebsocket/IXUtf8Validator.h
-- Installing: /home/devuser/Workspaces/rosgsthumble_ws/install/webrtc_camera_node/include/ixwebsocket/IXUserAgent.h
-- Installing: /home/devuser/Workspaces/rosgsthumble_ws/install/webrtc_camera_node/include/ixwebsocket/IXWebSocket.h
-- Installing: /home/devuser/Workspaces/rosgsthumble_ws/install/webrtc_camera_node/include/ixwebsocket/IXWebSocketCloseConstants.h
-- Installing: /home/devuser/Workspaces/rosgsthumble_ws/install/webrtc_camera_node/include/ixwebsocket/IXWebSocketCloseInfo.h
-- Installing: /home/devuser/Workspaces/rosgsthumble_ws/install/webrtc_camera_node/include/ixwebsocket/IXWebSocketErrorInfo.h
-- Installing: /home/devuser/Workspaces/rosgsthumble_ws/install/webrtc_camera_node/include/ixwebsocket/IXWebSocketHandshake.h
-- Installing: /home/devuser/Workspaces/rosgsthumble_ws/install/webrtc_camera_node/include/ixwebsocket/IXWebSocketHandshakeKeyGen.h
-- Installing: /home/devuser/Workspaces/rosgsthumble_ws/install/webrtc_camera_node/include/ixwebsocket/IXWebSocketHttpHeaders.h
-- Installing: /home/devuser/Workspaces/rosgsthumble_ws/install/webrtc_camera_node/include/ixwebsocket/IXWebSocketInitResult.h
-- Installing: /home/devuser/Workspaces/rosgsthumble_ws/install/webrtc_camera_node/include/ixwebsocket/IXWebSocketMessage.h
-- Installing: /home/devuser/Workspaces/rosgsthumble_ws/install/webrtc_camera_node/include/ixwebsocket/IXWebSocketMessageType.h
-- Installing: /home/devuser/Workspaces/rosgsthumble_ws/install/webrtc_camera_node/include/ixwebsocket/IXWebSocketOpenInfo.h
-- Installing: /home/devuser/Workspaces/rosgsthumble_ws/install/webrtc_camera_node/include/ixwebsocket/IXWebSocketPerMessageDeflate.h
-- Installing: /home/devuser/Workspaces/rosgsthumble_ws/install/webrtc_camera_node/include/ixwebsocket/IXWebSocketPerMessageDeflateCodec.h
-- Installing: /home/devuser/Workspaces/rosgsthumble_ws/install/webrtc_camera_node/include/ixwebsocket/IXWebSocketPerMessageDeflateOptions.h
-- Installing: /home/devuser/Workspaces/rosgsthumble_ws/install/webrtc_camera_node/include/ixwebsocket/IXWebSocketProxyServer.h
-- Installing: /home/devuser/Workspaces/rosgsthumble_ws/install/webrtc_camera_node/include/ixwebsocket/IXWebSocketSendData.h
-- Installing: /home/devuser/Workspaces/rosgsthumble_ws/install/webrtc_camera_node/include/ixwebsocket/IXWebSocketSendInfo.h
-- Installing: /home/devuser/Workspaces/rosgsthumble_ws/install/webrtc_camera_node/include/ixwebsocket/IXWebSocketServer.h
-- Installing: /home/devuser/Workspaces/rosgsthumble_ws/install/webrtc_camera_node/include/ixwebsocket/IXWebSocketTransport.h
-- Installing: /home/devuser/Workspaces/rosgsthumble_ws/install/webrtc_camera_node/include/ixwebsocket/IXWebSocketVersion.h
-- Installing: /home/devuser/Workspaces/rosgsthumble_ws/install/webrtc_camera_node/lib/cmake/ixwebsocket/ixwebsocket-targets.cmake
-- Installing: /home/devuser/Workspaces/rosgsthumble_ws/install/webrtc_camera_node/lib/cmake/ixwebsocket/ixwebsocket-targets-noconfig.cmake
