[0.089s] Invoking command in '/home/devuser/Workspaces/rosgsthumble_ws/build/realsense2_camera': CMAKE_PREFIX_PATH=/home/devuser/Workspaces/rosgsthumble_ws/install/realsense2_camera_msgs:/home/devuser/Workspaces/rosgsthumble_ws/install/webrtc_camera_node:/home/devuser/Workspaces/rosgsthumble_ws/install/realsense2_description:/home/devuser/Workspaces/rosgsthumble_ws/install/realsense2_camera:/home/devuser/Workspaces/rosgsthumble_ws/install/gst_pipeline_plugins_webrtc:/home/devuser/Workspaces/rosgsthumble_ws/install/gst_pipeline_plugins:/home/devuser/Workspaces/rosgsthumble_ws/install/gst_pipeline:/home/devuser/Workspaces/rosgsthumble_ws/install/gst_msgs:/home/devuser/Workspaces/rosgsthumble_ws/install/gst_bridge:/home/devuser/Workspaces/rosgsthumble_ws/install/cpp_campub:/home/devuser/Workspaces/rosgsthumble_ws/install/audio_msgs:/opt/ros/humble LD_LIBRARY_PATH=/home/devuser/Workspaces/rosgsthumble_ws/install/realsense2_camera_msgs/lib:/home/devuser/Workspaces/rosgsthumble_ws/install/realsense2_camera/lib:/home/devuser/Workspaces/rosgsthumble_ws/install/gst_pipeline_plugins_webrtc/lib:/home/devuser/Workspaces/rosgsthumble_ws/install/gst_pipeline_plugins/lib:/home/devuser/Workspaces/rosgsthumble_ws/install/gst_pipeline/lib:/home/devuser/Workspaces/rosgsthumble_ws/install/gst_msgs/lib:/home/devuser/Workspaces/rosgsthumble_ws/install/gst_bridge/lib:/home/devuser/Workspaces/rosgsthumble_ws/install/audio_msgs/lib:/opt/ros/humble/lib/aarch64-linux-gnu:/opt/ros/humble/lib /usr/bin/cmake --build /home/devuser/Workspaces/rosgsthumble_ws/build/realsense2_camera -- -j4 -l4
[0.679s] [  8%] Built target realsense2_camera_node
[0.693s] [ 16%] Built target gtest
[0.716s] [ 24%] Built target gtest_main
[0.819s] [ 92%] Built target realsense2_camera
[0.931s] [100%] Built target gtest_template
[1.001s] Invoked command in '/home/devuser/Workspaces/rosgsthumble_ws/build/realsense2_camera' returned '0': CMAKE_PREFIX_PATH=/home/devuser/Workspaces/rosgsthumble_ws/install/realsense2_camera_msgs:/home/devuser/Workspaces/rosgsthumble_ws/install/webrtc_camera_node:/home/devuser/Workspaces/rosgsthumble_ws/install/realsense2_description:/home/devuser/Workspaces/rosgsthumble_ws/install/realsense2_camera:/home/devuser/Workspaces/rosgsthumble_ws/install/gst_pipeline_plugins_webrtc:/home/devuser/Workspaces/rosgsthumble_ws/install/gst_pipeline_plugins:/home/devuser/Workspaces/rosgsthumble_ws/install/gst_pipeline:/home/devuser/Workspaces/rosgsthumble_ws/install/gst_msgs:/home/devuser/Workspaces/rosgsthumble_ws/install/gst_bridge:/home/devuser/Workspaces/rosgsthumble_ws/install/cpp_campub:/home/devuser/Workspaces/rosgsthumble_ws/install/audio_msgs:/opt/ros/humble LD_LIBRARY_PATH=/home/devuser/Workspaces/rosgsthumble_ws/install/realsense2_camera_msgs/lib:/home/devuser/Workspaces/rosgsthumble_ws/install/realsense2_camera/lib:/home/devuser/Workspaces/rosgsthumble_ws/install/gst_pipeline_plugins_webrtc/lib:/home/devuser/Workspaces/rosgsthumble_ws/install/gst_pipeline_plugins/lib:/home/devuser/Workspaces/rosgsthumble_ws/install/gst_pipeline/lib:/home/devuser/Workspaces/rosgsthumble_ws/install/gst_msgs/lib:/home/devuser/Workspaces/rosgsthumble_ws/install/gst_bridge/lib:/home/devuser/Workspaces/rosgsthumble_ws/install/audio_msgs/lib:/opt/ros/humble/lib/aarch64-linux-gnu:/opt/ros/humble/lib /usr/bin/cmake --build /home/devuser/Workspaces/rosgsthumble_ws/build/realsense2_camera -- -j4 -l4
[1.010s] Invoking command in '/home/devuser/Workspaces/rosgsthumble_ws/build/realsense2_camera': CMAKE_PREFIX_PATH=/home/devuser/Workspaces/rosgsthumble_ws/install/realsense2_camera_msgs:/home/devuser/Workspaces/rosgsthumble_ws/install/webrtc_camera_node:/home/devuser/Workspaces/rosgsthumble_ws/install/realsense2_description:/home/devuser/Workspaces/rosgsthumble_ws/install/realsense2_camera:/home/devuser/Workspaces/rosgsthumble_ws/install/gst_pipeline_plugins_webrtc:/home/devuser/Workspaces/rosgsthumble_ws/install/gst_pipeline_plugins:/home/devuser/Workspaces/rosgsthumble_ws/install/gst_pipeline:/home/devuser/Workspaces/rosgsthumble_ws/install/gst_msgs:/home/devuser/Workspaces/rosgsthumble_ws/install/gst_bridge:/home/devuser/Workspaces/rosgsthumble_ws/install/cpp_campub:/home/devuser/Workspaces/rosgsthumble_ws/install/audio_msgs:/opt/ros/humble LD_LIBRARY_PATH=/home/devuser/Workspaces/rosgsthumble_ws/install/realsense2_camera_msgs/lib:/home/devuser/Workspaces/rosgsthumble_ws/install/realsense2_camera/lib:/home/devuser/Workspaces/rosgsthumble_ws/install/gst_pipeline_plugins_webrtc/lib:/home/devuser/Workspaces/rosgsthumble_ws/install/gst_pipeline_plugins/lib:/home/devuser/Workspaces/rosgsthumble_ws/install/gst_pipeline/lib:/home/devuser/Workspaces/rosgsthumble_ws/install/gst_msgs/lib:/home/devuser/Workspaces/rosgsthumble_ws/install/gst_bridge/lib:/home/devuser/Workspaces/rosgsthumble_ws/install/audio_msgs/lib:/opt/ros/humble/lib/aarch64-linux-gnu:/opt/ros/humble/lib /usr/bin/cmake --install /home/devuser/Workspaces/rosgsthumble_ws/build/realsense2_camera
[1.045s] -- Install configuration: "Release"
[1.049s] -- Execute custom install script
[1.051s] -- Up-to-date symlink: /home/devuser/Workspaces/rosgsthumble_ws/install/realsense2_camera/share/realsense2_camera/config/global_settings.yaml
[1.054s] -- Up-to-date symlink: /home/devuser/Workspaces/rosgsthumble_ws/install/realsense2_camera/lib/realsense2_camera/realsense2_camera_node
[1.057s] -- Up-to-date symlink: /home/devuser/Workspaces/rosgsthumble_ws/install/realsense2_camera/lib/librealsense2_camera.so
[1.061s] -- Up-to-date symlink: /home/devuser/Workspaces/rosgsthumble_ws/install/realsense2_camera/include/align_depth_filter.h
[1.063s] -- Up-to-date symlink: /home/devuser/Workspaces/rosgsthumble_ws/install/realsense2_camera/include/base_realsense_node.h
[1.064s] -- Up-to-date symlink: /home/devuser/Workspaces/rosgsthumble_ws/install/realsense2_camera/include/constants.h
[1.065s] -- Up-to-date symlink: /home/devuser/Workspaces/rosgsthumble_ws/install/realsense2_camera/include/dynamic_params.h
[1.066s] -- Up-to-date symlink: /home/devuser/Workspaces/rosgsthumble_ws/install/realsense2_camera/include/gl_window.h
[1.068s] -- Up-to-date symlink: /home/devuser/Workspaces/rosgsthumble_ws/install/realsense2_camera/include/image_publisher.h
[1.069s] -- Up-to-date symlink: /home/devuser/Workspaces/rosgsthumble_ws/install/realsense2_camera/include/named_filter.h
[1.070s] -- Up-to-date symlink: /home/devuser/Workspaces/rosgsthumble_ws/install/realsense2_camera/include/pointcloud_filter.h
[1.071s] -- Up-to-date symlink: /home/devuser/Workspaces/rosgsthumble_ws/install/realsense2_camera/include/profile_manager.h
[1.072s] -- Up-to-date symlink: /home/devuser/Workspaces/rosgsthumble_ws/install/realsense2_camera/include/realsense_node_factory.h
[1.074s] -- Up-to-date symlink: /home/devuser/Workspaces/rosgsthumble_ws/install/realsense2_camera/include/ros_node_base.h
[1.075s] -- Up-to-date symlink: /home/devuser/Workspaces/rosgsthumble_ws/install/realsense2_camera/include/ros_param_backend.h
[1.076s] -- Up-to-date symlink: /home/devuser/Workspaces/rosgsthumble_ws/install/realsense2_camera/include/ros_sensor.h
[1.078s] -- Up-to-date symlink: /home/devuser/Workspaces/rosgsthumble_ws/install/realsense2_camera/include/ros_utils.h
[1.079s] -- Up-to-date symlink: /home/devuser/Workspaces/rosgsthumble_ws/install/realsense2_camera/include/sensor_params.h
[1.082s] -- Up-to-date symlink: /home/devuser/Workspaces/rosgsthumble_ws/install/realsense2_camera/share/realsense2_camera/launch/default.rviz
[1.083s] -- Up-to-date symlink: /home/devuser/Workspaces/rosgsthumble_ws/install/realsense2_camera/share/realsense2_camera/launch/rs_intra_process_demo_launch.py
[1.084s] -- Up-to-date symlink: /home/devuser/Workspaces/rosgsthumble_ws/install/realsense2_camera/share/realsense2_camera/launch/rs_launch.py
[1.085s] -- Up-to-date symlink: /home/devuser/Workspaces/rosgsthumble_ws/install/realsense2_camera/share/realsense2_camera/launch/rs_multi_camera_launch.py
[1.086s] -- Up-to-date symlink: /home/devuser/Workspaces/rosgsthumble_ws/install/realsense2_camera/share/realsense2_camera/launch/rs_multi_camera_launch_sync.py
[1.091s] -- Up-to-date symlink: /home/devuser/Workspaces/rosgsthumble_ws/install/realsense2_camera/share/realsense2_camera/examples/align_depth/README.md
[1.093s] -- Up-to-date symlink: /home/devuser/Workspaces/rosgsthumble_ws/install/realsense2_camera/share/realsense2_camera/examples/align_depth/rs_align_depth_launch.py
[1.094s] -- Up-to-date symlink: /home/devuser/Workspaces/rosgsthumble_ws/install/realsense2_camera/share/realsense2_camera/examples/d500_tables/calib_config_example.json
[1.097s] -- Up-to-date symlink: /home/devuser/Workspaces/rosgsthumble_ws/install/realsense2_camera/share/realsense2_camera/examples/dual_camera/README.md
[1.099s] -- Up-to-date symlink: /home/devuser/Workspaces/rosgsthumble_ws/install/realsense2_camera/share/realsense2_camera/examples/dual_camera/rs_dual_camera_launch.py
[1.101s] -- Up-to-date symlink: /home/devuser/Workspaces/rosgsthumble_ws/install/realsense2_camera/share/realsense2_camera/examples/dual_camera/rviz/dual_camera_pointcloud.rviz
[1.103s] -- Up-to-date symlink: /home/devuser/Workspaces/rosgsthumble_ws/install/realsense2_camera/share/realsense2_camera/examples/launch_from_rosbag/README.md
[1.105s] -- Up-to-date symlink: /home/devuser/Workspaces/rosgsthumble_ws/install/realsense2_camera/share/realsense2_camera/examples/launch_from_rosbag/rs_launch_from_rosbag.py
[1.108s] -- Up-to-date symlink: /home/devuser/Workspaces/rosgsthumble_ws/install/realsense2_camera/share/realsense2_camera/examples/launch_params_from_file/README.md
[1.108s] -- Up-to-date symlink: /home/devuser/Workspaces/rosgsthumble_ws/install/realsense2_camera/share/realsense2_camera/examples/launch_params_from_file/config/config.yaml
[1.111s] -- Up-to-date symlink: /home/devuser/Workspaces/rosgsthumble_ws/install/realsense2_camera/share/realsense2_camera/examples/launch_params_from_file/rs_launch_get_params_from_yaml.py
[1.113s] -- Up-to-date symlink: /home/devuser/Workspaces/rosgsthumble_ws/install/realsense2_camera/share/realsense2_camera/examples/pointcloud/README.md
[1.113s] -- Up-to-date symlink: /home/devuser/Workspaces/rosgsthumble_ws/install/realsense2_camera/share/realsense2_camera/examples/pointcloud/rs_d405_pointcloud_launch.py
[1.122s] -- Up-to-date symlink: /home/devuser/Workspaces/rosgsthumble_ws/install/realsense2_camera/share/realsense2_camera/examples/pointcloud/rs_d455_pointcloud_launch.py
[1.130s] -- Up-to-date symlink: /home/devuser/Workspaces/rosgsthumble_ws/install/realsense2_camera/share/realsense2_camera/examples/pointcloud/rs_pointcloud_infra_launch.py
[1.131s] -- Up-to-date symlink: /home/devuser/Workspaces/rosgsthumble_ws/install/realsense2_camera/share/realsense2_camera/examples/pointcloud/rs_pointcloud_launch.py
[1.131s] -- Up-to-date symlink: /home/devuser/Workspaces/rosgsthumble_ws/install/realsense2_camera/share/realsense2_camera/examples/pointcloud/rviz/pointcloud.rviz
[1.131s] -- Up-to-date symlink: /home/devuser/Workspaces/rosgsthumble_ws/install/realsense2_camera/share/realsense2_camera/examples/pointcloud/rviz/urdf_pointcloud.rviz
[1.133s] -- Up-to-date symlink: /home/devuser/Workspaces/rosgsthumble_ws/install/realsense2_camera/share/realsense2_camera/environment/library_path.sh
[1.134s] -- Up-to-date symlink: /home/devuser/Workspaces/rosgsthumble_ws/install/realsense2_camera/share/realsense2_camera/environment/library_path.dsv
[1.141s] -- Up-to-date symlink: /home/devuser/Workspaces/rosgsthumble_ws/install/realsense2_camera/share/ament_index/resource_index/package_run_dependencies/realsense2_camera
[1.141s] -- Up-to-date symlink: /home/devuser/Workspaces/rosgsthumble_ws/install/realsense2_camera/share/ament_index/resource_index/parent_prefix_path/realsense2_camera
[1.142s] -- Up-to-date symlink: /home/devuser/Workspaces/rosgsthumble_ws/install/realsense2_camera/share/realsense2_camera/environment/ament_prefix_path.sh
[1.143s] -- Up-to-date symlink: /home/devuser/Workspaces/rosgsthumble_ws/install/realsense2_camera/share/realsense2_camera/environment/ament_prefix_path.dsv
[1.143s] -- Up-to-date symlink: /home/devuser/Workspaces/rosgsthumble_ws/install/realsense2_camera/share/realsense2_camera/environment/path.sh
[1.143s] -- Up-to-date symlink: /home/devuser/Workspaces/rosgsthumble_ws/install/realsense2_camera/share/realsense2_camera/environment/path.dsv
[1.144s] -- Up-to-date symlink: /home/devuser/Workspaces/rosgsthumble_ws/install/realsense2_camera/share/realsense2_camera/local_setup.bash
[1.147s] -- Up-to-date symlink: /home/devuser/Workspaces/rosgsthumble_ws/install/realsense2_camera/share/realsense2_camera/local_setup.sh
[1.149s] -- Up-to-date symlink: /home/devuser/Workspaces/rosgsthumble_ws/install/realsense2_camera/share/realsense2_camera/local_setup.zsh
[1.150s] -- Up-to-date symlink: /home/devuser/Workspaces/rosgsthumble_ws/install/realsense2_camera/share/realsense2_camera/local_setup.dsv
[1.161s] -- Symlinking: /home/devuser/Workspaces/rosgsthumble_ws/install/realsense2_camera/share/realsense2_camera/package.dsv
[1.200s] -- Up-to-date symlink: /home/devuser/Workspaces/rosgsthumble_ws/install/realsense2_camera/share/ament_index/resource_index/packages/realsense2_camera
[1.201s] -- Up-to-date symlink: /home/devuser/Workspaces/rosgsthumble_ws/install/realsense2_camera/share/ament_index/resource_index/rclcpp_components/realsense2_camera
[1.202s] -- Up-to-date symlink: /home/devuser/Workspaces/rosgsthumble_ws/install/realsense2_camera/share/realsense2_camera/cmake/ament_cmake_export_include_directories-extras.cmake
[1.206s] -- Up-to-date symlink: /home/devuser/Workspaces/rosgsthumble_ws/install/realsense2_camera/share/realsense2_camera/cmake/ament_cmake_export_libraries-extras.cmake
[1.210s] -- Up-to-date symlink: /home/devuser/Workspaces/rosgsthumble_ws/install/realsense2_camera/share/realsense2_camera/cmake/ament_cmake_export_dependencies-extras.cmake
[1.216s] -- Up-to-date symlink: /home/devuser/Workspaces/rosgsthumble_ws/install/realsense2_camera/share/realsense2_camera/cmake/realsense2_cameraConfig.cmake
[1.237s] -- Up-to-date symlink: /home/devuser/Workspaces/rosgsthumble_ws/install/realsense2_camera/share/realsense2_camera/cmake/realsense2_cameraConfig-version.cmake
[1.240s] -- Up-to-date symlink: /home/devuser/Workspaces/rosgsthumble_ws/install/realsense2_camera/share/realsense2_camera/package.xml
[1.248s] Invoked command in '/home/devuser/Workspaces/rosgsthumble_ws/build/realsense2_camera' returned '0': CMAKE_PREFIX_PATH=/home/devuser/Workspaces/rosgsthumble_ws/install/realsense2_camera_msgs:/home/devuser/Workspaces/rosgsthumble_ws/install/webrtc_camera_node:/home/devuser/Workspaces/rosgsthumble_ws/install/realsense2_description:/home/devuser/Workspaces/rosgsthumble_ws/install/realsense2_camera:/home/devuser/Workspaces/rosgsthumble_ws/install/gst_pipeline_plugins_webrtc:/home/devuser/Workspaces/rosgsthumble_ws/install/gst_pipeline_plugins:/home/devuser/Workspaces/rosgsthumble_ws/install/gst_pipeline:/home/devuser/Workspaces/rosgsthumble_ws/install/gst_msgs:/home/devuser/Workspaces/rosgsthumble_ws/install/gst_bridge:/home/devuser/Workspaces/rosgsthumble_ws/install/cpp_campub:/home/devuser/Workspaces/rosgsthumble_ws/install/audio_msgs:/opt/ros/humble LD_LIBRARY_PATH=/home/devuser/Workspaces/rosgsthumble_ws/install/realsense2_camera_msgs/lib:/home/devuser/Workspaces/rosgsthumble_ws/install/realsense2_camera/lib:/home/devuser/Workspaces/rosgsthumble_ws/install/gst_pipeline_plugins_webrtc/lib:/home/devuser/Workspaces/rosgsthumble_ws/install/gst_pipeline_plugins/lib:/home/devuser/Workspaces/rosgsthumble_ws/install/gst_pipeline/lib:/home/devuser/Workspaces/rosgsthumble_ws/install/gst_msgs/lib:/home/devuser/Workspaces/rosgsthumble_ws/install/gst_bridge/lib:/home/devuser/Workspaces/rosgsthumble_ws/install/audio_msgs/lib:/opt/ros/humble/lib/aarch64-linux-gnu:/opt/ros/humble/lib /usr/bin/cmake --install /home/devuser/Workspaces/rosgsthumble_ws/build/realsense2_camera
