[0.020s] Invoking command in '/root/Workspaces/rosgsthumble_ws/build/cpp_campub': CMAKE_PREFIX_PATH=${CMAKE_PREFIX_PATH}:/opt/ros/humble /usr/bin/cmake /root/Workspaces/rosgsthumble_ws/src/cpp_campub -DAMENT_CMAKE_SYMLINK_INSTALL=1 -DCMAKE_INSTALL_PREFIX=/root/Workspaces/rosgsthumble_ws/install/cpp_campub
[0.053s] -- The C compiler identification is GNU 11.4.0
[0.098s] -- The CXX compiler identification is GNU 11.4.0
[0.104s] -- Detecting C compiler ABI info
[0.162s] -- Detecting C compiler ABI info - done
[0.166s] -- Check for working C compiler: /usr/bin/cc - skipped
[0.167s] -- Detecting C compile features
[0.167s] -- Detecting C compile features - done
[0.169s] -- Detecting CXX compiler ABI info
[0.236s] -- Detecting CXX compiler ABI info - done
[0.240s] -- Check for working CXX compiler: /usr/bin/c++ - skipped
[0.241s] -- Detecting CXX compile features
[0.241s] -- Detecting CXX compile features - done
[0.244s] -- Found ament_cmake: 1.3.12 (/opt/ros/humble/share/ament_cmake/cmake)
[0.357s] -- Found Python3: /usr/bin/python3 (found version "3.10.12") found components: Interpreter 
[0.407s] -- Override CMake install command with custom implementation using symlinks instead of copying resources
[0.436s] -- Found rclcpp: 16.0.15 (/opt/ros/humble/share/rclcpp/cmake)
[0.473s] -- Found rosidl_generator_c: 3.1.7 (/opt/ros/humble/share/rosidl_generator_c/cmake)
[0.477s] -- Found rosidl_adapter: 3.1.7 (/opt/ros/humble/share/rosidl_adapter/cmake)
[0.484s] -- Found rosidl_generator_cpp: 3.1.7 (/opt/ros/humble/share/rosidl_generator_cpp/cmake)
[0.494s] -- Using all available rosidl_typesupport_c: rosidl_typesupport_fastrtps_c;rosidl_typesupport_introspection_c
[0.508s] -- Using all available rosidl_typesupport_cpp: rosidl_typesupport_fastrtps_cpp;rosidl_typesupport_introspection_cpp
[0.545s] -- Found rmw_implementation_cmake: 6.1.2 (/opt/ros/humble/share/rmw_implementation_cmake/cmake)
[0.547s] -- Found rmw_fastrtps_cpp: 6.2.9 (/opt/ros/humble/share/rmw_fastrtps_cpp/cmake)
[0.635s] -- Found OpenSSL: /usr/lib/x86_64-linux-gnu/libcrypto.so (found version "3.0.2")  
[0.665s] -- Found FastRTPS: /opt/ros/humble/include  
[0.713s] -- Using RMW implementation 'rmw_fastrtps_cpp' as default
[0.721s] -- Looking for pthread.h
[0.785s] -- Looking for pthread.h - found
[0.786s] -- Performing Test CMAKE_HAVE_LIBC_PTHREAD
[0.850s] -- Performing Test CMAKE_HAVE_LIBC_PTHREAD - Success
[0.851s] -- Found Threads: TRUE  
[0.893s] -- Found sensor_msgs: 4.9.0 (/opt/ros/humble/share/sensor_msgs/cmake)
[0.918s] -- Found cv_bridge: 3.2.1 (/opt/ros/humble/share/cv_bridge/cmake)
[0.931s] -- Found OpenCV: /usr (found version "4.5.4") 
[0.982s] -- Configuring done
[0.993s] -- Generating done
[0.996s] -- Build files have been written to: /root/Workspaces/rosgsthumble_ws/build/cpp_campub
[1.006s] Invoked command in '/root/Workspaces/rosgsthumble_ws/build/cpp_campub' returned '0': CMAKE_PREFIX_PATH=${CMAKE_PREFIX_PATH}:/opt/ros/humble /usr/bin/cmake /root/Workspaces/rosgsthumble_ws/src/cpp_campub -DAMENT_CMAKE_SYMLINK_INSTALL=1 -DCMAKE_INSTALL_PREFIX=/root/Workspaces/rosgsthumble_ws/install/cpp_campub
[1.007s] Invoking command in '/root/Workspaces/rosgsthumble_ws/build/cpp_campub': CMAKE_PREFIX_PATH=${CMAKE_PREFIX_PATH}:/opt/ros/humble /usr/bin/cmake --build /root/Workspaces/rosgsthumble_ws/build/cpp_campub -- -j16 -l16
[1.055s] [ 50%] [32mBuilding CXX object CMakeFiles/camera_publisher.dir/src/camera_publisher.cpp.o[0m
[6.249s] [100%] [32m[1mLinking CXX executable camera_publisher[0m
[6.667s] [100%] Built target camera_publisher
[6.678s] Invoked command in '/root/Workspaces/rosgsthumble_ws/build/cpp_campub' returned '0': CMAKE_PREFIX_PATH=${CMAKE_PREFIX_PATH}:/opt/ros/humble /usr/bin/cmake --build /root/Workspaces/rosgsthumble_ws/build/cpp_campub -- -j16 -l16
[6.679s] Invoking command in '/root/Workspaces/rosgsthumble_ws/build/cpp_campub': CMAKE_PREFIX_PATH=${CMAKE_PREFIX_PATH}:/opt/ros/humble /usr/bin/cmake --install /root/Workspaces/rosgsthumble_ws/build/cpp_campub
[6.685s] -- Install configuration: ""
[6.686s] -- Execute custom install script
[6.686s] -- Symlinking: /root/Workspaces/rosgsthumble_ws/install/cpp_campub/lib/cpp_campub/camera_publisher
[6.695s] -- Symlinking: /root/Workspaces/rosgsthumble_ws/install/cpp_campub/share/ament_index/resource_index/package_run_dependencies/cpp_campub
[6.706s] -- Symlinking: /root/Workspaces/rosgsthumble_ws/install/cpp_campub/share/ament_index/resource_index/parent_prefix_path/cpp_campub
[6.715s] -- Symlinking: /root/Workspaces/rosgsthumble_ws/install/cpp_campub/share/cpp_campub/environment/ament_prefix_path.sh
[6.724s] -- Symlinking: /root/Workspaces/rosgsthumble_ws/install/cpp_campub/share/cpp_campub/environment/ament_prefix_path.dsv
[6.732s] -- Symlinking: /root/Workspaces/rosgsthumble_ws/install/cpp_campub/share/cpp_campub/environment/path.sh
[6.740s] -- Symlinking: /root/Workspaces/rosgsthumble_ws/install/cpp_campub/share/cpp_campub/environment/path.dsv
[6.750s] -- Symlinking: /root/Workspaces/rosgsthumble_ws/install/cpp_campub/share/cpp_campub/local_setup.bash
[6.759s] -- Symlinking: /root/Workspaces/rosgsthumble_ws/install/cpp_campub/share/cpp_campub/local_setup.sh
[6.767s] -- Symlinking: /root/Workspaces/rosgsthumble_ws/install/cpp_campub/share/cpp_campub/local_setup.zsh
[6.775s] -- Symlinking: /root/Workspaces/rosgsthumble_ws/install/cpp_campub/share/cpp_campub/local_setup.dsv
[6.783s] -- Symlinking: /root/Workspaces/rosgsthumble_ws/install/cpp_campub/share/cpp_campub/package.dsv
[6.792s] -- Symlinking: /root/Workspaces/rosgsthumble_ws/install/cpp_campub/share/ament_index/resource_index/packages/cpp_campub
[6.801s] -- Symlinking: /root/Workspaces/rosgsthumble_ws/install/cpp_campub/share/cpp_campub/cmake/cpp_campubConfig.cmake
[6.809s] -- Symlinking: /root/Workspaces/rosgsthumble_ws/install/cpp_campub/share/cpp_campub/cmake/cpp_campubConfig-version.cmake
[6.818s] -- Symlinking: /root/Workspaces/rosgsthumble_ws/install/cpp_campub/share/cpp_campub/package.xml
[6.829s] Invoked command in '/root/Workspaces/rosgsthumble_ws/build/cpp_campub' returned '0': CMAKE_PREFIX_PATH=${CMAKE_PREFIX_PATH}:/opt/ros/humble /usr/bin/cmake --install /root/Workspaces/rosgsthumble_ws/build/cpp_campub
