[0.178s] Invoking command in '/root/Workspaces/rosgsthumble_ws/build/webrtc_camera_node': CMAKE_PREFIX_PATH=/root/Workspaces/rosgsthumble_ws/install/gst_bridge:/root/Workspaces/rosgsthumble_ws/install/audio_msgs:/root/Workspaces/rosgsthumble_ws/install/realsense2_description:/root/Workspaces/rosgsthumble_ws/install/xacro:/root/Workspaces/rosgsthumble_ws/install/webrtc_camera_node:/root/Workspaces/rosgsthumble_ws/install/vision_opencv:/root/Workspaces/rosgsthumble_ws/install/realsense2_camera:/root/Workspaces/rosgsthumble_ws/install/realsense2_camera_msgs:/root/Workspaces/rosgsthumble_ws/install/image_geometry:/root/Workspaces/rosgsthumble_ws/install/gst_pipeline_plugins:/root/Workspaces/rosgsthumble_ws/install/gst_pipeline:/root/Workspaces/rosgsthumble_ws/install/gst_msgs:/root/Workspaces/rosgsthumble_ws/install/diagnostics:/root/Workspaces/rosgsthumble_ws/install/diagnostic_common_diagnostics:/root/Workspaces/rosgsthumble_ws/install/diagnostic_updater:/root/Workspaces/rosgsthumble_ws/install/cv_bridge:/opt/ros/humble/install LD_LIBRARY_PATH=/root/Workspaces/rosgsthumble_ws/install/gst_bridge/lib:/root/Workspaces/rosgsthumble_ws/install/audio_msgs/lib:/root/Workspaces/rosgsthumble_ws/install/realsense2_camera/lib:/root/Workspaces/rosgsthumble_ws/install/realsense2_camera_msgs/lib:/root/Workspaces/rosgsthumble_ws/install/image_geometry/lib:/root/Workspaces/rosgsthumble_ws/install/gst_pipeline_plugins/lib:/root/Workspaces/rosgsthumble_ws/install/gst_pipeline/lib:/root/Workspaces/rosgsthumble_ws/install/gst_msgs/lib:/root/Workspaces/rosgsthumble_ws/install/diagnostic_updater/lib:/root/Workspaces/rosgsthumble_ws/install/cv_bridge/lib:/opt/ros/humble/install/opt/rviz_ogre_vendor/lib:/opt/ros/humble/install/lib:/usr/local/cuda-10.2/targets/aarch64-linux/lib PYTHONPATH=/root/Workspaces/rosgsthumble_ws/install/audio_msgs/lib/python3.6/site-packages:/root/Workspaces/rosgsthumble_ws/install/xacro/lib/python3.6/site-packages:/root/Workspaces/rosgsthumble_ws/install/realsense2_camera_msgs/lib/python3.6/site-packages:/root/Workspaces/rosgsthumble_ws/install/image_geometry/lib/python3.6/site-packages:/root/Workspaces/rosgsthumble_ws/install/gst_msgs/lib/python3.6/site-packages:/root/Workspaces/rosgsthumble_ws/install/diagnostic_common_diagnostics/lib/python3.6/site-packages:/root/Workspaces/rosgsthumble_ws/install/diagnostic_updater/lib/python3.6/site-packages:/root/Workspaces/rosgsthumble_ws/install/cv_bridge/lib/python3.6/site-packages:/opt/ros/humble/install/lib/python3.6/site-packages /usr/local/bin/cmake /root/Workspaces/rosgsthumble_ws/src/webrtc_camera_node -DCMAKE_CXX_FLAGS=-I/usr/include/gstreamer-1.0 -I/usr/include/glib-2.0 -I/usr/lib/aarch64-linux-gnu/glib-2.0/include -I/usr/include/gstreamer-1.0/gst/webrtc -DCMAKE_C_FLAGS=-I/usr/include/gstreamer-1.0 -I/usr/include/glib-2.0 -I/usr/lib/aarch64-linux-gnu/glib-2.0/include -I/usr/include/gstreamer-1.0/gst/webrtc -DCMAKE_INSTALL_PREFIX=/root/Workspaces/rosgsthumble_ws/install/webrtc_camera_node
[0.399s] -- Found rclcpp: 16.0.5 (/opt/ros/humble/install/share/rclcpp/cmake)
[1.721s] -- Override CMake install command with custom implementation using symlinks instead of copying resources
[1.923s] -- Found rosidl_generator_c: 3.1.5 (/opt/ros/humble/install/share/rosidl_generator_c/cmake)
[1.939s] -- Found rosidl_adapter: 3.1.5 (/opt/ros/humble/install/share/rosidl_adapter/cmake)
[1.975s] -- Found rosidl_generator_cpp: 3.1.5 (/opt/ros/humble/install/share/rosidl_generator_cpp/cmake)
[2.049s] -- Using all available rosidl_typesupport_c: rosidl_typesupport_fastrtps_c;rosidl_typesupport_introspection_c
[2.156s] -- Using all available rosidl_typesupport_cpp: rosidl_typesupport_fastrtps_cpp;rosidl_typesupport_introspection_cpp
[2.533s] -- Found rmw_implementation_cmake: 6.1.1 (/opt/ros/humble/install/share/rmw_implementation_cmake/cmake)
[2.544s] -- Found rmw_cyclonedds_cpp: 1.3.4 (/opt/ros/humble/install/share/rmw_cyclonedds_cpp/cmake)
[2.728s] -- Using RMW implementation 'rmw_cyclonedds_cpp' as default
[3.699s] -- Found sensor_msgs: 4.2.3 (/opt/ros/humble/install/share/sensor_msgs/cmake)
[4.465s] -- Found gst_bridge: 0.0.0 (/root/Workspaces/rosgsthumble_ws/install/gst_bridge/share/gst_bridge/cmake)
[4.893s] -- WebRTC Library Found: /usr/lib/aarch64-linux-gnu/libgstwebrtc-1.0.so
[5.380s] -- Using the multi-header code from /root/Workspaces/rosgsthumble_ws/build/webrtc_camera_node/_deps/nlohmann_json-src/include/
[6.648s] -- Configuring done (6.3s)
[6.846s] -- Generating done (0.1s)
[6.857s] -- Build files have been written to: /root/Workspaces/rosgsthumble_ws/build/webrtc_camera_node
[6.921s] Invoked command in '/root/Workspaces/rosgsthumble_ws/build/webrtc_camera_node' returned '0': CMAKE_PREFIX_PATH=/root/Workspaces/rosgsthumble_ws/install/gst_bridge:/root/Workspaces/rosgsthumble_ws/install/audio_msgs:/root/Workspaces/rosgsthumble_ws/install/realsense2_description:/root/Workspaces/rosgsthumble_ws/install/xacro:/root/Workspaces/rosgsthumble_ws/install/webrtc_camera_node:/root/Workspaces/rosgsthumble_ws/install/vision_opencv:/root/Workspaces/rosgsthumble_ws/install/realsense2_camera:/root/Workspaces/rosgsthumble_ws/install/realsense2_camera_msgs:/root/Workspaces/rosgsthumble_ws/install/image_geometry:/root/Workspaces/rosgsthumble_ws/install/gst_pipeline_plugins:/root/Workspaces/rosgsthumble_ws/install/gst_pipeline:/root/Workspaces/rosgsthumble_ws/install/gst_msgs:/root/Workspaces/rosgsthumble_ws/install/diagnostics:/root/Workspaces/rosgsthumble_ws/install/diagnostic_common_diagnostics:/root/Workspaces/rosgsthumble_ws/install/diagnostic_updater:/root/Workspaces/rosgsthumble_ws/install/cv_bridge:/opt/ros/humble/install LD_LIBRARY_PATH=/root/Workspaces/rosgsthumble_ws/install/gst_bridge/lib:/root/Workspaces/rosgsthumble_ws/install/audio_msgs/lib:/root/Workspaces/rosgsthumble_ws/install/realsense2_camera/lib:/root/Workspaces/rosgsthumble_ws/install/realsense2_camera_msgs/lib:/root/Workspaces/rosgsthumble_ws/install/image_geometry/lib:/root/Workspaces/rosgsthumble_ws/install/gst_pipeline_plugins/lib:/root/Workspaces/rosgsthumble_ws/install/gst_pipeline/lib:/root/Workspaces/rosgsthumble_ws/install/gst_msgs/lib:/root/Workspaces/rosgsthumble_ws/install/diagnostic_updater/lib:/root/Workspaces/rosgsthumble_ws/install/cv_bridge/lib:/opt/ros/humble/install/opt/rviz_ogre_vendor/lib:/opt/ros/humble/install/lib:/usr/local/cuda-10.2/targets/aarch64-linux/lib PYTHONPATH=/root/Workspaces/rosgsthumble_ws/install/audio_msgs/lib/python3.6/site-packages:/root/Workspaces/rosgsthumble_ws/install/xacro/lib/python3.6/site-packages:/root/Workspaces/rosgsthumble_ws/install/realsense2_camera_msgs/lib/python3.6/site-packages:/root/Workspaces/rosgsthumble_ws/install/image_geometry/lib/python3.6/site-packages:/root/Workspaces/rosgsthumble_ws/install/gst_msgs/lib/python3.6/site-packages:/root/Workspaces/rosgsthumble_ws/install/diagnostic_common_diagnostics/lib/python3.6/site-packages:/root/Workspaces/rosgsthumble_ws/install/diagnostic_updater/lib/python3.6/site-packages:/root/Workspaces/rosgsthumble_ws/install/cv_bridge/lib/python3.6/site-packages:/opt/ros/humble/install/lib/python3.6/site-packages /usr/local/bin/cmake /root/Workspaces/rosgsthumble_ws/src/webrtc_camera_node -DCMAKE_CXX_FLAGS=-I/usr/include/gstreamer-1.0 -I/usr/include/glib-2.0 -I/usr/lib/aarch64-linux-gnu/glib-2.0/include -I/usr/include/gstreamer-1.0/gst/webrtc -DCMAKE_C_FLAGS=-I/usr/include/gstreamer-1.0 -I/usr/include/glib-2.0 -I/usr/lib/aarch64-linux-gnu/glib-2.0/include -I/usr/include/gstreamer-1.0/gst/webrtc -DCMAKE_INSTALL_PREFIX=/root/Workspaces/rosgsthumble_ws/install/webrtc_camera_node
[6.931s] Invoking command in '/root/Workspaces/rosgsthumble_ws/build/webrtc_camera_node': CMAKE_PREFIX_PATH=/root/Workspaces/rosgsthumble_ws/install/gst_bridge:/root/Workspaces/rosgsthumble_ws/install/audio_msgs:/root/Workspaces/rosgsthumble_ws/install/realsense2_description:/root/Workspaces/rosgsthumble_ws/install/xacro:/root/Workspaces/rosgsthumble_ws/install/webrtc_camera_node:/root/Workspaces/rosgsthumble_ws/install/vision_opencv:/root/Workspaces/rosgsthumble_ws/install/realsense2_camera:/root/Workspaces/rosgsthumble_ws/install/realsense2_camera_msgs:/root/Workspaces/rosgsthumble_ws/install/image_geometry:/root/Workspaces/rosgsthumble_ws/install/gst_pipeline_plugins:/root/Workspaces/rosgsthumble_ws/install/gst_pipeline:/root/Workspaces/rosgsthumble_ws/install/gst_msgs:/root/Workspaces/rosgsthumble_ws/install/diagnostics:/root/Workspaces/rosgsthumble_ws/install/diagnostic_common_diagnostics:/root/Workspaces/rosgsthumble_ws/install/diagnostic_updater:/root/Workspaces/rosgsthumble_ws/install/cv_bridge:/opt/ros/humble/install LD_LIBRARY_PATH=/root/Workspaces/rosgsthumble_ws/install/gst_bridge/lib:/root/Workspaces/rosgsthumble_ws/install/audio_msgs/lib:/root/Workspaces/rosgsthumble_ws/install/realsense2_camera/lib:/root/Workspaces/rosgsthumble_ws/install/realsense2_camera_msgs/lib:/root/Workspaces/rosgsthumble_ws/install/image_geometry/lib:/root/Workspaces/rosgsthumble_ws/install/gst_pipeline_plugins/lib:/root/Workspaces/rosgsthumble_ws/install/gst_pipeline/lib:/root/Workspaces/rosgsthumble_ws/install/gst_msgs/lib:/root/Workspaces/rosgsthumble_ws/install/diagnostic_updater/lib:/root/Workspaces/rosgsthumble_ws/install/cv_bridge/lib:/opt/ros/humble/install/opt/rviz_ogre_vendor/lib:/opt/ros/humble/install/lib:/usr/local/cuda-10.2/targets/aarch64-linux/lib PYTHONPATH=/root/Workspaces/rosgsthumble_ws/install/audio_msgs/lib/python3.6/site-packages:/root/Workspaces/rosgsthumble_ws/install/xacro/lib/python3.6/site-packages:/root/Workspaces/rosgsthumble_ws/install/realsense2_camera_msgs/lib/python3.6/site-packages:/root/Workspaces/rosgsthumble_ws/install/image_geometry/lib/python3.6/site-packages:/root/Workspaces/rosgsthumble_ws/install/gst_msgs/lib/python3.6/site-packages:/root/Workspaces/rosgsthumble_ws/install/diagnostic_common_diagnostics/lib/python3.6/site-packages:/root/Workspaces/rosgsthumble_ws/install/diagnostic_updater/lib/python3.6/site-packages:/root/Workspaces/rosgsthumble_ws/install/cv_bridge/lib/python3.6/site-packages:/opt/ros/humble/install/lib/python3.6/site-packages /usr/local/bin/cmake --build /root/Workspaces/rosgsthumble_ws/build/webrtc_camera_node -- -j4 -l4
[7.346s] [  2%] [32mBuilding CXX object _deps/ixwebsocket-build/CMakeFiles/ixwebsocket.dir/ixwebsocket/IXBench.cpp.o[0m
[7.352s] [  4%] [32mBuilding CXX object _deps/ixwebsocket-build/CMakeFiles/ixwebsocket.dir/ixwebsocket/IXCancellationRequest.cpp.o[0m
[7.359s] [  7%] [32mBuilding CXX object _deps/ixwebsocket-build/CMakeFiles/ixwebsocket.dir/ixwebsocket/IXConnectionState.cpp.o[0m
[7.368s] [  9%] [32mBuilding CXX object _deps/ixwebsocket-build/CMakeFiles/ixwebsocket.dir/ixwebsocket/IXDNSLookup.cpp.o[0m
[8.304s] [ 12%] [32mBuilding CXX object _deps/ixwebsocket-build/CMakeFiles/ixwebsocket.dir/ixwebsocket/IXExponentialBackoff.cpp.o[0m
[8.431s] [ 14%] [32mBuilding CXX object _deps/ixwebsocket-build/CMakeFiles/ixwebsocket.dir/ixwebsocket/IXGetFreePort.cpp.o[0m
[8.550s] [ 17%] [32mBuilding CXX object _deps/ixwebsocket-build/CMakeFiles/ixwebsocket.dir/ixwebsocket/IXGzipCodec.cpp.o[0m
[8.638s] [ 19%] [32mBuilding CXX object _deps/ixwebsocket-build/CMakeFiles/ixwebsocket.dir/ixwebsocket/IXHttp.cpp.o[0m
[9.382s] [ 21%] [32mBuilding CXX object _deps/ixwebsocket-build/CMakeFiles/ixwebsocket.dir/ixwebsocket/IXHttpClient.cpp.o[0m
[10.104s] [ 24%] [32mBuilding CXX object _deps/ixwebsocket-build/CMakeFiles/ixwebsocket.dir/ixwebsocket/IXHttpServer.cpp.o[0m
[10.133s] [ 26%] [32mBuilding CXX object _deps/ixwebsocket-build/CMakeFiles/ixwebsocket.dir/ixwebsocket/IXNetSystem.cpp.o[0m
[10.415s] [ 29%] [32mBuilding CXX object _deps/ixwebsocket-build/CMakeFiles/ixwebsocket.dir/ixwebsocket/IXSelectInterrupt.cpp.o[0m
[11.209s] [ 31%] [32mBuilding CXX object _deps/ixwebsocket-build/CMakeFiles/ixwebsocket.dir/ixwebsocket/IXSelectInterruptFactory.cpp.o[0m
[12.398s] [ 34%] [32mBuilding CXX object _deps/ixwebsocket-build/CMakeFiles/ixwebsocket.dir/ixwebsocket/IXSelectInterruptPipe.cpp.o[0m
[14.303s] [ 36%] [32mBuilding CXX object _deps/ixwebsocket-build/CMakeFiles/ixwebsocket.dir/ixwebsocket/IXSelectInterruptEvent.cpp.o[0m
[14.708s] [ 39%] [32mBuilding CXX object _deps/ixwebsocket-build/CMakeFiles/ixwebsocket.dir/ixwebsocket/IXSetThreadName.cpp.o[0m
[15.365s] [ 41%] [32mBuilding CXX object _deps/ixwebsocket-build/CMakeFiles/ixwebsocket.dir/ixwebsocket/IXSocket.cpp.o[0m
[15.866s] [ 43%] [32mBuilding CXX object _deps/ixwebsocket-build/CMakeFiles/ixwebsocket.dir/ixwebsocket/IXSocketConnect.cpp.o[0m
[17.980s] [ 46%] [32mBuilding CXX object _deps/ixwebsocket-build/CMakeFiles/ixwebsocket.dir/ixwebsocket/IXSocketFactory.cpp.o[0m
[17.986s] [ 48%] [32mBuilding CXX object _deps/ixwebsocket-build/CMakeFiles/ixwebsocket.dir/ixwebsocket/IXSocketServer.cpp.o[0m
[18.055s] [ 51%] [32mBuilding CXX object _deps/ixwebsocket-build/CMakeFiles/ixwebsocket.dir/ixwebsocket/IXSocketTLSOptions.cpp.o[0m
[19.315s] [ 53%] [32mBuilding CXX object _deps/ixwebsocket-build/CMakeFiles/ixwebsocket.dir/ixwebsocket/IXStrCaseCompare.cpp.o[0m
[20.897s] [ 56%] [32mBuilding CXX object _deps/ixwebsocket-build/CMakeFiles/ixwebsocket.dir/ixwebsocket/IXUdpSocket.cpp.o[0m
[20.966s] [ 58%] [32mBuilding CXX object _deps/ixwebsocket-build/CMakeFiles/ixwebsocket.dir/ixwebsocket/IXUrlParser.cpp.o[0m
[21.921s] [ 60%] [32mBuilding CXX object _deps/ixwebsocket-build/CMakeFiles/ixwebsocket.dir/ixwebsocket/IXUuid.cpp.o[0m
[22.648s] [ 63%] [32mBuilding CXX object _deps/ixwebsocket-build/CMakeFiles/ixwebsocket.dir/ixwebsocket/IXUserAgent.cpp.o[0m
[23.631s] [ 65%] [32mBuilding CXX object _deps/ixwebsocket-build/CMakeFiles/ixwebsocket.dir/ixwebsocket/IXWebSocket.cpp.o[0m
[24.552s] [ 68%] [32mBuilding CXX object _deps/ixwebsocket-build/CMakeFiles/ixwebsocket.dir/ixwebsocket/IXWebSocketCloseConstants.cpp.o[0m
[24.621s] [ 70%] [32mBuilding CXX object _deps/ixwebsocket-build/CMakeFiles/ixwebsocket.dir/ixwebsocket/IXWebSocketHandshake.cpp.o[0m
[25.652s] [ 73%] [32mBuilding CXX object _deps/ixwebsocket-build/CMakeFiles/ixwebsocket.dir/ixwebsocket/IXWebSocketHttpHeaders.cpp.o[0m
[28.826s] [ 75%] [32mBuilding CXX object _deps/ixwebsocket-build/CMakeFiles/ixwebsocket.dir/ixwebsocket/IXWebSocketPerMessageDeflate.cpp.o[0m
[29.274s] [ 78%] [32mBuilding CXX object _deps/ixwebsocket-build/CMakeFiles/ixwebsocket.dir/ixwebsocket/IXWebSocketPerMessageDeflateCodec.cpp.o[0m
[31.006s] [ 80%] [32mBuilding CXX object _deps/ixwebsocket-build/CMakeFiles/ixwebsocket.dir/ixwebsocket/IXWebSocketPerMessageDeflateOptions.cpp.o[0m
[32.048s] [ 82%] [32mBuilding CXX object _deps/ixwebsocket-build/CMakeFiles/ixwebsocket.dir/ixwebsocket/IXWebSocketProxyServer.cpp.o[0m
[33.609s] [ 85%] [32mBuilding CXX object _deps/ixwebsocket-build/CMakeFiles/ixwebsocket.dir/ixwebsocket/IXWebSocketServer.cpp.o[0m
[34.340s] [ 87%] [32mBuilding CXX object _deps/ixwebsocket-build/CMakeFiles/ixwebsocket.dir/ixwebsocket/IXWebSocketTransport.cpp.o[0m
[42.801s] [ 90%] [32m[1mLinking CXX static library libixwebsocket.a[0m
[42.969s] [ 90%] Built target ixwebsocket
[43.113s] [ 92%] [32mBuilding CXX object CMakeFiles/send_camera_node.dir/src/send_camera_node.cpp.o[0m
[43.114s] [ 95%] [32mBuilding CXX object CMakeFiles/receive_camera_node.dir/src/receive_camera_node.cpp.o[0m
[44.366s] In file included from [01m[K/root/Workspaces/rosgsthumble_ws/src/webrtc_camera_node/src/receive_camera_node.cpp:9:0[m[K:
[44.367s] [01m[K/usr/include/gstreamer-1.0/gst/webrtc/webrtc.h:28:10:[m[K [01;31m[Kfatal error: [m[Kgst/webrtc/rtcsessiondescription.h: No such file or directory
[44.367s]  #include [01;31m[K<gst/webrtc/rtcsessiondescription.h>[m[K
[44.368s]           [01;31m[K^~~~~~~~~~~~~~~~~~~~~~~~~~~~~~~~~~~~[m[K
[44.369s] compilation terminated.
[44.379s] CMakeFiles/receive_camera_node.dir/build.make:75: recipe for target 'CMakeFiles/receive_camera_node.dir/src/receive_camera_node.cpp.o' failed
[44.380s] make[2]: *** [CMakeFiles/receive_camera_node.dir/src/receive_camera_node.cpp.o] Error 1
[44.380s] CMakeFiles/Makefile2:199: recipe for target 'CMakeFiles/receive_camera_node.dir/all' failed
[44.381s] make[1]: *** [CMakeFiles/receive_camera_node.dir/all] Error 2
[44.382s] make[1]: *** Waiting for unfinished jobs....
[44.389s] In file included from [01m[K/root/Workspaces/rosgsthumble_ws/src/webrtc_camera_node/src/send_camera_node.cpp:6:0[m[K:
[44.390s] [01m[K/usr/include/gstreamer-1.0/gst/webrtc/webrtc.h:28:10:[m[K [01;31m[Kfatal error: [m[Kgst/webrtc/rtcsessiondescription.h: No such file or directory
[44.391s]  #include [01;31m[K<gst/webrtc/rtcsessiondescription.h>[m[K
[44.391s]           [01;31m[K^~~~~~~~~~~~~~~~~~~~~~~~~~~~~~~~~~~~[m[K
[44.392s] compilation terminated.
[44.401s] make[2]: *** [CMakeFiles/send_camera_node.dir/src/send_camera_node.cpp.o] Error 1
[44.402s] CMakeFiles/send_camera_node.dir/build.make:75: recipe for target 'CMakeFiles/send_camera_node.dir/src/send_camera_node.cpp.o' failed
[44.405s] CMakeFiles/Makefile2:173: recipe for target 'CMakeFiles/send_camera_node.dir/all' failed
[44.406s] Makefile:145: recipe for target 'all' failed
[44.407s] make[1]: *** [CMakeFiles/send_camera_node.dir/all] Error 2
[44.407s] make: *** [all] Error 2
[44.433s] Invoked command in '/root/Workspaces/rosgsthumble_ws/build/webrtc_camera_node' returned '2': CMAKE_PREFIX_PATH=/root/Workspaces/rosgsthumble_ws/install/gst_bridge:/root/Workspaces/rosgsthumble_ws/install/audio_msgs:/root/Workspaces/rosgsthumble_ws/install/realsense2_description:/root/Workspaces/rosgsthumble_ws/install/xacro:/root/Workspaces/rosgsthumble_ws/install/webrtc_camera_node:/root/Workspaces/rosgsthumble_ws/install/vision_opencv:/root/Workspaces/rosgsthumble_ws/install/realsense2_camera:/root/Workspaces/rosgsthumble_ws/install/realsense2_camera_msgs:/root/Workspaces/rosgsthumble_ws/install/image_geometry:/root/Workspaces/rosgsthumble_ws/install/gst_pipeline_plugins:/root/Workspaces/rosgsthumble_ws/install/gst_pipeline:/root/Workspaces/rosgsthumble_ws/install/gst_msgs:/root/Workspaces/rosgsthumble_ws/install/diagnostics:/root/Workspaces/rosgsthumble_ws/install/diagnostic_common_diagnostics:/root/Workspaces/rosgsthumble_ws/install/diagnostic_updater:/root/Workspaces/rosgsthumble_ws/install/cv_bridge:/opt/ros/humble/install LD_LIBRARY_PATH=/root/Workspaces/rosgsthumble_ws/install/gst_bridge/lib:/root/Workspaces/rosgsthumble_ws/install/audio_msgs/lib:/root/Workspaces/rosgsthumble_ws/install/realsense2_camera/lib:/root/Workspaces/rosgsthumble_ws/install/realsense2_camera_msgs/lib:/root/Workspaces/rosgsthumble_ws/install/image_geometry/lib:/root/Workspaces/rosgsthumble_ws/install/gst_pipeline_plugins/lib:/root/Workspaces/rosgsthumble_ws/install/gst_pipeline/lib:/root/Workspaces/rosgsthumble_ws/install/gst_msgs/lib:/root/Workspaces/rosgsthumble_ws/install/diagnostic_updater/lib:/root/Workspaces/rosgsthumble_ws/install/cv_bridge/lib:/opt/ros/humble/install/opt/rviz_ogre_vendor/lib:/opt/ros/humble/install/lib:/usr/local/cuda-10.2/targets/aarch64-linux/lib PYTHONPATH=/root/Workspaces/rosgsthumble_ws/install/audio_msgs/lib/python3.6/site-packages:/root/Workspaces/rosgsthumble_ws/install/xacro/lib/python3.6/site-packages:/root/Workspaces/rosgsthumble_ws/install/realsense2_camera_msgs/lib/python3.6/site-packages:/root/Workspaces/rosgsthumble_ws/install/image_geometry/lib/python3.6/site-packages:/root/Workspaces/rosgsthumble_ws/install/gst_msgs/lib/python3.6/site-packages:/root/Workspaces/rosgsthumble_ws/install/diagnostic_common_diagnostics/lib/python3.6/site-packages:/root/Workspaces/rosgsthumble_ws/install/diagnostic_updater/lib/python3.6/site-packages:/root/Workspaces/rosgsthumble_ws/install/cv_bridge/lib/python3.6/site-packages:/opt/ros/humble/install/lib/python3.6/site-packages /usr/local/bin/cmake --build /root/Workspaces/rosgsthumble_ws/build/webrtc_camera_node -- -j4 -l4
