[0.015s] Invoking command in '/home/devuser/Workspaces/rosgsthumble_ws/build/gst_pipeline_plugins': AMENT_PREFIX_PATH=/home/devuser/Workspaces/rosgsthumble_ws/install/gst_pipeline:/home/devuser/Workspaces/rosgsthumble_ws/install/gst_bridge:/home/devuser/Workspaces/rosgsthumble_ws/install/gst_msgs:/home/devuser/Workspaces/rosgsthumble_ws/install/audio_msgs:${AMENT_PREFIX_PATH} CMAKE_PREFIX_PATH=/home/devuser/Workspaces/rosgsthumble_ws/install/gst_pipeline:/home/devuser/Workspaces/rosgsthumble_ws/install/gst_bridge:/home/devuser/Workspaces/rosgsthumble_ws/install/gst_msgs:/home/devuser/Workspaces/rosgsthumble_ws/install/audio_msgs:/opt/ros/humble LD_LIBRARY_PATH=/home/devuser/Workspaces/rosgsthumble_ws/install/gst_pipeline/lib:/home/devuser/Workspaces/rosgsthumble_ws/install/gst_bridge/lib:/home/devuser/Workspaces/rosgsthumble_ws/install/gst_msgs/lib:/home/devuser/Workspaces/rosgsthumble_ws/install/audio_msgs/lib:${LD_LIBRARY_PATH} PYTHONPATH=/home/devuser/Workspaces/rosgsthumble_ws/install/gst_msgs/local/lib/python3.10/dist-packages:/home/devuser/Workspaces/rosgsthumble_ws/install/audio_msgs/local/lib/python3.10/dist-packages:${PYTHONPATH} /usr/bin/cmake /home/devuser/Workspaces/rosgsthumble_ws/src/ros-gst-bridge/gst_pipeline_plugins -DAMENT_CMAKE_SYMLINK_INSTALL=1 -DCMAKE_INSTALL_PREFIX=/home/devuser/Workspaces/rosgsthumble_ws/install/gst_pipeline_plugins
[0.061s] -- The C compiler identification is GNU 11.4.0
[0.105s] -- The CXX compiler identification is GNU 11.4.0
[0.111s] -- Detecting C compiler ABI info
[0.171s] -- Detecting C compiler ABI info - done
[0.175s] -- Check for working C compiler: /usr/bin/cc - skipped
[0.175s] -- Detecting C compile features
[0.176s] -- Detecting C compile features - done
[0.178s] -- Detecting CXX compiler ABI info
[0.247s] -- Detecting CXX compiler ABI info - done
[0.252s] -- Check for working CXX compiler: /usr/bin/c++ - skipped
[0.252s] -- Detecting CXX compile features
[0.253s] -- Detecting CXX compile features - done
[0.256s] -- Found ament_cmake: 1.3.12 (/opt/ros/humble/share/ament_cmake/cmake)
[0.374s] -- Found Python3: /usr/bin/python3 (found version "3.10.12") found components: Interpreter 
[0.427s] -- Override CMake install command with custom implementation using symlinks instead of copying resources
[0.462s] -- Found rclcpp: 16.0.15 (/opt/ros/humble/share/rclcpp/cmake)
[0.505s] -- Found rosidl_generator_c: 3.1.7 (/opt/ros/humble/share/rosidl_generator_c/cmake)
[0.510s] -- Found rosidl_adapter: 3.1.7 (/opt/ros/humble/share/rosidl_adapter/cmake)
[0.519s] -- Found rosidl_generator_cpp: 3.1.7 (/opt/ros/humble/share/rosidl_generator_cpp/cmake)
[0.530s] -- Using all available rosidl_typesupport_c: rosidl_typesupport_fastrtps_c;rosidl_typesupport_introspection_c
[0.546s] -- Using all available rosidl_typesupport_cpp: rosidl_typesupport_fastrtps_cpp;rosidl_typesupport_introspection_cpp
[0.589s] -- Found rmw_implementation_cmake: 6.1.2 (/opt/ros/humble/share/rmw_implementation_cmake/cmake)
[0.592s] -- Found rmw_fastrtps_cpp: 6.2.8 (/opt/ros/humble/share/rmw_fastrtps_cpp/cmake)
[0.685s] -- Found OpenSSL: /usr/lib/x86_64-linux-gnu/libcrypto.so (found version "3.0.2")  
[0.716s] -- Found FastRTPS: /opt/ros/humble/include  
[0.767s] -- Using RMW implementation 'rmw_fastrtps_cpp' as default
[0.777s] -- Looking for pthread.h
[0.916s] -- Looking for pthread.h - found
[0.917s] -- Performing Test CMAKE_HAVE_LIBC_PTHREAD
[0.984s] -- Performing Test CMAKE_HAVE_LIBC_PTHREAD - Success
[0.985s] -- Found Threads: TRUE  
[1.027s] -- Found rclcpp_components: 16.0.15 (/opt/ros/humble/share/rclcpp_components/cmake)
[1.054s] -- Found gst_pipeline: 0.0.0 (/home/devuser/Workspaces/rosgsthumble_ws/install/gst_pipeline/share/gst_pipeline/cmake)
[1.121s] -- Found image_transport: 3.1.12 (/opt/ros/humble/share/image_transport/cmake)
[1.129s] -- Found cv_bridge: 3.2.1 (/opt/ros/humble/share/cv_bridge/cmake)
[1.138s] -- Found TinyXML2 via Config file: TinyXML2_DIR-NOTFOUND
[1.142s] -- Found PkgConfig: /usr/bin/pkg-config (found version "0.29.2") 
[1.143s] -- Checking for module 'gstreamer-1.0'
[1.157s] --   Found gstreamer-1.0, version 1.20.3
[1.197s] -- Checking for module 'gstreamer-rtp-1.0'
[1.212s] --   Found gstreamer-rtp-1.0, version 1.20.1
[1.259s] -- Checking for modules 'gstreamer-1.0;gstreamer-app-1.0;gstreamer-plugins-base-1.0;gstreamer-pbutils-1.0'
[1.281s] --   Found gstreamer-1.0, version 1.20.3
[1.292s] --   Found gstreamer-app-1.0, version 1.20.1
[1.302s] --   Found gstreamer-plugins-base-1.0, version 1.20.1
[1.313s] --   Found gstreamer-pbutils-1.0, version 1.20.1
[1.361s] -- Found std_srvs: 4.9.0 (/opt/ros/humble/share/std_srvs/cmake)
[1.368s] -- Found gst_msgs: 0.0.0 (/home/devuser/Workspaces/rosgsthumble_ws/install/gst_msgs/share/gst_msgs/cmake)
[1.438s] -- Configuring done
[1.463s] -- Generating done
[1.468s] -- Build files have been written to: /home/devuser/Workspaces/rosgsthumble_ws/build/gst_pipeline_plugins
[1.477s] Invoked command in '/home/devuser/Workspaces/rosgsthumble_ws/build/gst_pipeline_plugins' returned '0': AMENT_PREFIX_PATH=/home/devuser/Workspaces/rosgsthumble_ws/install/gst_pipeline:/home/devuser/Workspaces/rosgsthumble_ws/install/gst_bridge:/home/devuser/Workspaces/rosgsthumble_ws/install/gst_msgs:/home/devuser/Workspaces/rosgsthumble_ws/install/audio_msgs:${AMENT_PREFIX_PATH} CMAKE_PREFIX_PATH=/home/devuser/Workspaces/rosgsthumble_ws/install/gst_pipeline:/home/devuser/Workspaces/rosgsthumble_ws/install/gst_bridge:/home/devuser/Workspaces/rosgsthumble_ws/install/gst_msgs:/home/devuser/Workspaces/rosgsthumble_ws/install/audio_msgs:/opt/ros/humble LD_LIBRARY_PATH=/home/devuser/Workspaces/rosgsthumble_ws/install/gst_pipeline/lib:/home/devuser/Workspaces/rosgsthumble_ws/install/gst_bridge/lib:/home/devuser/Workspaces/rosgsthumble_ws/install/gst_msgs/lib:/home/devuser/Workspaces/rosgsthumble_ws/install/audio_msgs/lib:${LD_LIBRARY_PATH} PYTHONPATH=/home/devuser/Workspaces/rosgsthumble_ws/install/gst_msgs/local/lib/python3.10/dist-packages:/home/devuser/Workspaces/rosgsthumble_ws/install/audio_msgs/local/lib/python3.10/dist-packages:${PYTHONPATH} /usr/bin/cmake /home/devuser/Workspaces/rosgsthumble_ws/src/ros-gst-bridge/gst_pipeline_plugins -DAMENT_CMAKE_SYMLINK_INSTALL=1 -DCMAKE_INSTALL_PREFIX=/home/devuser/Workspaces/rosgsthumble_ws/install/gst_pipeline_plugins
[1.478s] Invoking command in '/home/devuser/Workspaces/rosgsthumble_ws/build/gst_pipeline_plugins': AMENT_PREFIX_PATH=/home/devuser/Workspaces/rosgsthumble_ws/install/gst_pipeline:/home/devuser/Workspaces/rosgsthumble_ws/install/gst_bridge:/home/devuser/Workspaces/rosgsthumble_ws/install/gst_msgs:/home/devuser/Workspaces/rosgsthumble_ws/install/audio_msgs:${AMENT_PREFIX_PATH} CMAKE_PREFIX_PATH=/home/devuser/Workspaces/rosgsthumble_ws/install/gst_pipeline:/home/devuser/Workspaces/rosgsthumble_ws/install/gst_bridge:/home/devuser/Workspaces/rosgsthumble_ws/install/gst_msgs:/home/devuser/Workspaces/rosgsthumble_ws/install/audio_msgs:/opt/ros/humble LD_LIBRARY_PATH=/home/devuser/Workspaces/rosgsthumble_ws/install/gst_pipeline/lib:/home/devuser/Workspaces/rosgsthumble_ws/install/gst_bridge/lib:/home/devuser/Workspaces/rosgsthumble_ws/install/gst_msgs/lib:/home/devuser/Workspaces/rosgsthumble_ws/install/audio_msgs/lib:${LD_LIBRARY_PATH} PYTHONPATH=/home/devuser/Workspaces/rosgsthumble_ws/install/gst_msgs/local/lib/python3.10/dist-packages:/home/devuser/Workspaces/rosgsthumble_ws/install/audio_msgs/local/lib/python3.10/dist-packages:${PYTHONPATH} /usr/bin/cmake --build /home/devuser/Workspaces/rosgsthumble_ws/build/gst_pipeline_plugins -- -j16 -l16
[1.531s] [  8%] [32mBuilding CXX object CMakeFiles/gst_pipeline_plugins.dir/src/parameters.cpp.o[0m
[1.532s] [ 41%] [32mBuilding CXX object CMakeFiles/gst_pipeline_plugins.dir/src/bridge.cpp.o[0m
[1.532s] [ 41%] [32mBuilding CXX object CMakeFiles/gst_pipeline_plugins.dir/src/pause_srv.cpp.o[0m
[1.532s] [ 41%] [32mBuilding CXX object CMakeFiles/gst_pipeline_plugins.dir/src/framegate.cpp.o[0m
[1.533s] [ 50%] [32mBuilding CXX object CMakeFiles/gst_pipeline_plugins.dir/src/multifilesink_observer.cpp.o[0m
[1.533s] [ 50%] [32mBuilding CXX object CMakeFiles/gst_pipeline_plugins.dir/src/buffer_observer.cpp.o[0m
[1.533s] [ 58%] [32mBuilding CXX object CMakeFiles/gst_pipeline_plugins.dir/src/clock_observer.cpp.o[0m
[1.533s] [ 66%] [32mBuilding CXX object CMakeFiles/gst_pipeline_plugins.dir/src/metadata_hook.cpp.o[0m
[1.533s] [ 75%] [32mBuilding C object CMakeFiles/gst_pipeline_plugins.dir/src/meta/gstmark.c.o[0m
[1.533s] [ 83%] [32mBuilding CXX object CMakeFiles/gst_pipeline_plugins.dir/src/rtp_header_hook.cpp.o[0m
[1.533s] [ 91%] [32mBuilding CXX object CMakeFiles/gst_pipeline_plugins.dir/src/parameters/parameter_conversions.cpp.o[0m
[10.407s] [100%] [32m[1mLinking CXX shared library libgst_pipeline_plugins.so[0m
[11.352s] [100%] Built target gst_pipeline_plugins
[11.362s] Invoked command in '/home/devuser/Workspaces/rosgsthumble_ws/build/gst_pipeline_plugins' returned '0': AMENT_PREFIX_PATH=/home/devuser/Workspaces/rosgsthumble_ws/install/gst_pipeline:/home/devuser/Workspaces/rosgsthumble_ws/install/gst_bridge:/home/devuser/Workspaces/rosgsthumble_ws/install/gst_msgs:/home/devuser/Workspaces/rosgsthumble_ws/install/audio_msgs:${AMENT_PREFIX_PATH} CMAKE_PREFIX_PATH=/home/devuser/Workspaces/rosgsthumble_ws/install/gst_pipeline:/home/devuser/Workspaces/rosgsthumble_ws/install/gst_bridge:/home/devuser/Workspaces/rosgsthumble_ws/install/gst_msgs:/home/devuser/Workspaces/rosgsthumble_ws/install/audio_msgs:/opt/ros/humble LD_LIBRARY_PATH=/home/devuser/Workspaces/rosgsthumble_ws/install/gst_pipeline/lib:/home/devuser/Workspaces/rosgsthumble_ws/install/gst_bridge/lib:/home/devuser/Workspaces/rosgsthumble_ws/install/gst_msgs/lib:/home/devuser/Workspaces/rosgsthumble_ws/install/audio_msgs/lib:${LD_LIBRARY_PATH} PYTHONPATH=/home/devuser/Workspaces/rosgsthumble_ws/install/gst_msgs/local/lib/python3.10/dist-packages:/home/devuser/Workspaces/rosgsthumble_ws/install/audio_msgs/local/lib/python3.10/dist-packages:${PYTHONPATH} /usr/bin/cmake --build /home/devuser/Workspaces/rosgsthumble_ws/build/gst_pipeline_plugins -- -j16 -l16
[11.364s] Invoking command in '/home/devuser/Workspaces/rosgsthumble_ws/build/gst_pipeline_plugins': AMENT_PREFIX_PATH=/home/devuser/Workspaces/rosgsthumble_ws/install/gst_pipeline:/home/devuser/Workspaces/rosgsthumble_ws/install/gst_bridge:/home/devuser/Workspaces/rosgsthumble_ws/install/gst_msgs:/home/devuser/Workspaces/rosgsthumble_ws/install/audio_msgs:${AMENT_PREFIX_PATH} CMAKE_PREFIX_PATH=/home/devuser/Workspaces/rosgsthumble_ws/install/gst_pipeline:/home/devuser/Workspaces/rosgsthumble_ws/install/gst_bridge:/home/devuser/Workspaces/rosgsthumble_ws/install/gst_msgs:/home/devuser/Workspaces/rosgsthumble_ws/install/audio_msgs:/opt/ros/humble LD_LIBRARY_PATH=/home/devuser/Workspaces/rosgsthumble_ws/install/gst_pipeline/lib:/home/devuser/Workspaces/rosgsthumble_ws/install/gst_bridge/lib:/home/devuser/Workspaces/rosgsthumble_ws/install/gst_msgs/lib:/home/devuser/Workspaces/rosgsthumble_ws/install/audio_msgs/lib:${LD_LIBRARY_PATH} PYTHONPATH=/home/devuser/Workspaces/rosgsthumble_ws/install/gst_msgs/local/lib/python3.10/dist-packages:/home/devuser/Workspaces/rosgsthumble_ws/install/audio_msgs/local/lib/python3.10/dist-packages:${PYTHONPATH} /usr/bin/cmake --install /home/devuser/Workspaces/rosgsthumble_ws/build/gst_pipeline_plugins
[11.370s] -- Install configuration: ""
[11.371s] -- Execute custom install script
[11.371s] -- Symlinking: /home/devuser/Workspaces/rosgsthumble_ws/install/gst_pipeline_plugins/share/gst_pipeline_plugins//plugins.xml
[11.380s] -- Symlinking: /home/devuser/Workspaces/rosgsthumble_ws/install/gst_pipeline_plugins/include/gst_pipeline_plugins/bridge.h
[11.389s] -- Symlinking: /home/devuser/Workspaces/rosgsthumble_ws/install/gst_pipeline_plugins/include/gst_pipeline_plugins/buffer_observer.h
[11.396s] -- Symlinking: /home/devuser/Workspaces/rosgsthumble_ws/install/gst_pipeline_plugins/include/gst_pipeline_plugins/clock_observer.h
[11.404s] -- Symlinking: /home/devuser/Workspaces/rosgsthumble_ws/install/gst_pipeline_plugins/include/gst_pipeline_plugins/framegate.h
[11.413s] -- Symlinking: /home/devuser/Workspaces/rosgsthumble_ws/install/gst_pipeline_plugins/include/gst_pipeline_plugins/meta/gstmark.h
[11.420s] -- Symlinking: /home/devuser/Workspaces/rosgsthumble_ws/install/gst_pipeline_plugins/include/gst_pipeline_plugins/metadata_hook.h
[11.428s] -- Symlinking: /home/devuser/Workspaces/rosgsthumble_ws/install/gst_pipeline_plugins/include/gst_pipeline_plugins/multifilesink_observer.h
[11.436s] -- Symlinking: /home/devuser/Workspaces/rosgsthumble_ws/install/gst_pipeline_plugins/include/gst_pipeline_plugins/net_clock.h
[11.444s] -- Symlinking: /home/devuser/Workspaces/rosgsthumble_ws/install/gst_pipeline_plugins/include/gst_pipeline_plugins/parameters.h
[11.451s] -- Symlinking: /home/devuser/Workspaces/rosgsthumble_ws/install/gst_pipeline_plugins/include/gst_pipeline_plugins/pause_srv.h
[11.459s] -- Symlinking: /home/devuser/Workspaces/rosgsthumble_ws/install/gst_pipeline_plugins/include/gst_pipeline_plugins/rtp_header_hook.h
[11.467s] -- Symlinking: /home/devuser/Workspaces/rosgsthumble_ws/install/gst_pipeline_plugins/share/gst_pipeline_plugins/config/parameters_example.config.yaml
[11.476s] -- Symlinking: /home/devuser/Workspaces/rosgsthumble_ws/install/gst_pipeline_plugins/share/gst_pipeline_plugins/launch/parameters_example.launch.py
[11.484s] -- Symlinking: /home/devuser/Workspaces/rosgsthumble_ws/install/gst_pipeline_plugins/share/gst_pipeline_plugins/environment/library_path.sh
[11.493s] -- Symlinking: /home/devuser/Workspaces/rosgsthumble_ws/install/gst_pipeline_plugins/share/gst_pipeline_plugins/environment/library_path.dsv
[11.501s] -- Symlinking: /home/devuser/Workspaces/rosgsthumble_ws/install/gst_pipeline_plugins/share/ament_index/resource_index/package_run_dependencies/gst_pipeline_plugins
[11.509s] -- Symlinking: /home/devuser/Workspaces/rosgsthumble_ws/install/gst_pipeline_plugins/share/ament_index/resource_index/parent_prefix_path/gst_pipeline_plugins
[11.517s] -- Symlinking: /home/devuser/Workspaces/rosgsthumble_ws/install/gst_pipeline_plugins/share/gst_pipeline_plugins/environment/ament_prefix_path.sh
[11.525s] -- Symlinking: /home/devuser/Workspaces/rosgsthumble_ws/install/gst_pipeline_plugins/share/gst_pipeline_plugins/environment/ament_prefix_path.dsv
[11.533s] -- Symlinking: /home/devuser/Workspaces/rosgsthumble_ws/install/gst_pipeline_plugins/share/gst_pipeline_plugins/environment/path.sh
[11.541s] -- Symlinking: /home/devuser/Workspaces/rosgsthumble_ws/install/gst_pipeline_plugins/share/gst_pipeline_plugins/environment/path.dsv
[11.549s] -- Symlinking: /home/devuser/Workspaces/rosgsthumble_ws/install/gst_pipeline_plugins/share/gst_pipeline_plugins/local_setup.bash
[11.556s] -- Symlinking: /home/devuser/Workspaces/rosgsthumble_ws/install/gst_pipeline_plugins/share/gst_pipeline_plugins/local_setup.sh
[11.564s] -- Symlinking: /home/devuser/Workspaces/rosgsthumble_ws/install/gst_pipeline_plugins/share/gst_pipeline_plugins/local_setup.zsh
[11.572s] -- Symlinking: /home/devuser/Workspaces/rosgsthumble_ws/install/gst_pipeline_plugins/share/gst_pipeline_plugins/local_setup.dsv
[11.580s] -- Symlinking: /home/devuser/Workspaces/rosgsthumble_ws/install/gst_pipeline_plugins/share/gst_pipeline_plugins/package.dsv
[11.589s] -- Symlinking: /home/devuser/Workspaces/rosgsthumble_ws/install/gst_pipeline_plugins/share/ament_index/resource_index/packages/gst_pipeline_plugins
[11.597s] -- Symlinking: /home/devuser/Workspaces/rosgsthumble_ws/install/gst_pipeline_plugins/share/ament_index/resource_index/gst_pipeline__pluginlib__plugin/gst_pipeline_plugins
[11.605s] -- Symlinking: /home/devuser/Workspaces/rosgsthumble_ws/install/gst_pipeline_plugins/share/gst_pipeline_plugins/cmake/ament_cmake_export_include_directories-extras.cmake
[11.613s] -- Symlinking: /home/devuser/Workspaces/rosgsthumble_ws/install/gst_pipeline_plugins/share/gst_pipeline_plugins/cmake/ament_cmake_export_libraries-extras.cmake
[11.620s] -- Symlinking: /home/devuser/Workspaces/rosgsthumble_ws/install/gst_pipeline_plugins/share/gst_pipeline_plugins/cmake/ament_cmake_export_targets-extras.cmake
[11.628s] -- Symlinking: /home/devuser/Workspaces/rosgsthumble_ws/install/gst_pipeline_plugins/share/gst_pipeline_plugins/cmake/ament_cmake_export_dependencies-extras.cmake
[11.637s] -- Symlinking: /home/devuser/Workspaces/rosgsthumble_ws/install/gst_pipeline_plugins/share/gst_pipeline_plugins/cmake/gst_pipeline_pluginsConfig.cmake
[11.645s] -- Symlinking: /home/devuser/Workspaces/rosgsthumble_ws/install/gst_pipeline_plugins/share/gst_pipeline_plugins/cmake/gst_pipeline_pluginsConfig-version.cmake
[11.653s] -- Symlinking: /home/devuser/Workspaces/rosgsthumble_ws/install/gst_pipeline_plugins/share/gst_pipeline_plugins/package.xml
[11.660s] -- Installing: /home/devuser/Workspaces/rosgsthumble_ws/install/gst_pipeline_plugins/lib/libgst_pipeline_plugins.so
[11.674s] -- Set runtime path of "/home/devuser/Workspaces/rosgsthumble_ws/install/gst_pipeline_plugins/lib/libgst_pipeline_plugins.so" to ""
[11.674s] -- Installing: /home/devuser/Workspaces/rosgsthumble_ws/install/gst_pipeline_plugins/share/gst_pipeline_plugins/cmake/export_gst_pipeline_pluginsExport.cmake
[11.674s] -- Installing: /home/devuser/Workspaces/rosgsthumble_ws/install/gst_pipeline_plugins/share/gst_pipeline_plugins/cmake/export_gst_pipeline_pluginsExport-noconfig.cmake
[11.676s] Invoked command in '/home/devuser/Workspaces/rosgsthumble_ws/build/gst_pipeline_plugins' returned '0': AMENT_PREFIX_PATH=/home/devuser/Workspaces/rosgsthumble_ws/install/gst_pipeline:/home/devuser/Workspaces/rosgsthumble_ws/install/gst_bridge:/home/devuser/Workspaces/rosgsthumble_ws/install/gst_msgs:/home/devuser/Workspaces/rosgsthumble_ws/install/audio_msgs:${AMENT_PREFIX_PATH} CMAKE_PREFIX_PATH=/home/devuser/Workspaces/rosgsthumble_ws/install/gst_pipeline:/home/devuser/Workspaces/rosgsthumble_ws/install/gst_bridge:/home/devuser/Workspaces/rosgsthumble_ws/install/gst_msgs:/home/devuser/Workspaces/rosgsthumble_ws/install/audio_msgs:/opt/ros/humble LD_LIBRARY_PATH=/home/devuser/Workspaces/rosgsthumble_ws/install/gst_pipeline/lib:/home/devuser/Workspaces/rosgsthumble_ws/install/gst_bridge/lib:/home/devuser/Workspaces/rosgsthumble_ws/install/gst_msgs/lib:/home/devuser/Workspaces/rosgsthumble_ws/install/audio_msgs/lib:${LD_LIBRARY_PATH} PYTHONPATH=/home/devuser/Workspaces/rosgsthumble_ws/install/gst_msgs/local/lib/python3.10/dist-packages:/home/devuser/Workspaces/rosgsthumble_ws/install/audio_msgs/local/lib/python3.10/dist-packages:${PYTHONPATH} /usr/bin/cmake --install /home/devuser/Workspaces/rosgsthumble_ws/build/gst_pipeline_plugins
