[0.079s] Invoking command in '/home/devuser/Workspaces/build/realsense2_description': AMENT_PREFIX_PATH=/home/devuser/Workspaces/install/realsense2_camera_msgs:${AMENT_PREFIX_PATH} CMAKE_PREFIX_PATH=/home/devuser/Workspaces/install/realsense2_camera_msgs:/home/devuser/Workspaces/rosgsthumble_ws/install/webrtc_camera_node:/home/devuser/Workspaces/rosgsthumble_ws/install/realsense2_description:/home/devuser/Workspaces/rosgsthumble_ws/install/realsense2_camera:/home/devuser/Workspaces/rosgsthumble_ws/install/realsense2_camera_msgs:/home/devuser/Workspaces/rosgsthumble_ws/install/gst_pipeline_plugins_webrtc:/home/devuser/Workspaces/rosgsthumble_ws/install/gst_pipeline_plugins:/home/devuser/Workspaces/rosgsthumble_ws/install/gst_pipeline:/home/devuser/Workspaces/rosgsthumble_ws/install/gst_msgs:/home/devuser/Workspaces/rosgsthumble_ws/install/gst_bridge:/home/devuser/Workspaces/rosgsthumble_ws/install/cpp_campub:/home/devuser/Workspaces/rosgsthumble_ws/install/audio_msgs:/opt/ros/humble LD_LIBRARY_PATH=/home/devuser/Workspaces/install/realsense2_camera_msgs/lib:${LD_LIBRARY_PATH} PYTHONPATH=/home/devuser/Workspaces/install/realsense2_camera_msgs/local/lib/python3.10/dist-packages:${PYTHONPATH} /usr/bin/cmake /home/devuser/Workspaces/rosgsthumble_ws/src/realsense-ros/realsense2_description -DAMENT_CMAKE_SYMLINK_INSTALL=1 -DCMAKE_INSTALL_PREFIX=/home/devuser/Workspaces/install/realsense2_description
[0.589s] -- The C compiler identification is GNU 11.4.0
[1.048s] -- The CXX compiler identification is GNU 11.4.0
[1.126s] -- Detecting C compiler ABI info
[1.743s] -- Detecting C compiler ABI info - done
[1.819s] -- Check for working C compiler: /usr/bin/cc - skipped
[1.821s] -- Detecting C compile features
[1.825s] -- Detecting C compile features - done
[1.847s] -- Detecting CXX compiler ABI info
[2.385s] -- Detecting CXX compiler ABI info - done
[2.492s] -- Check for working CXX compiler: /usr/bin/c++ - skipped
[2.496s] -- Detecting CXX compile features
[2.501s] -- Detecting CXX compile features - done
[2.551s] -- Found ament_cmake: 1.3.12 (/opt/ros/humble/share/ament_cmake/cmake)
[3.811s] -- Found Python3: /usr/bin/python3 (found version "3.10.12") found components: Interpreter 
[4.594s] -- Override CMake install command with custom implementation using symlinks instead of copying resources
[6.012s] -- Configuring done
[6.038s] -- Generating done
[6.061s] -- Build files have been written to: /home/devuser/Workspaces/build/realsense2_description
[6.098s] Invoked command in '/home/devuser/Workspaces/build/realsense2_description' returned '0': AMENT_PREFIX_PATH=/home/devuser/Workspaces/install/realsense2_camera_msgs:${AMENT_PREFIX_PATH} CMAKE_PREFIX_PATH=/home/devuser/Workspaces/install/realsense2_camera_msgs:/home/devuser/Workspaces/rosgsthumble_ws/install/webrtc_camera_node:/home/devuser/Workspaces/rosgsthumble_ws/install/realsense2_description:/home/devuser/Workspaces/rosgsthumble_ws/install/realsense2_camera:/home/devuser/Workspaces/rosgsthumble_ws/install/realsense2_camera_msgs:/home/devuser/Workspaces/rosgsthumble_ws/install/gst_pipeline_plugins_webrtc:/home/devuser/Workspaces/rosgsthumble_ws/install/gst_pipeline_plugins:/home/devuser/Workspaces/rosgsthumble_ws/install/gst_pipeline:/home/devuser/Workspaces/rosgsthumble_ws/install/gst_msgs:/home/devuser/Workspaces/rosgsthumble_ws/install/gst_bridge:/home/devuser/Workspaces/rosgsthumble_ws/install/cpp_campub:/home/devuser/Workspaces/rosgsthumble_ws/install/audio_msgs:/opt/ros/humble LD_LIBRARY_PATH=/home/devuser/Workspaces/install/realsense2_camera_msgs/lib:${LD_LIBRARY_PATH} PYTHONPATH=/home/devuser/Workspaces/install/realsense2_camera_msgs/local/lib/python3.10/dist-packages:${PYTHONPATH} /usr/bin/cmake /home/devuser/Workspaces/rosgsthumble_ws/src/realsense-ros/realsense2_description -DAMENT_CMAKE_SYMLINK_INSTALL=1 -DCMAKE_INSTALL_PREFIX=/home/devuser/Workspaces/install/realsense2_description
[6.102s] Invoking command in '/home/devuser/Workspaces/build/realsense2_description': AMENT_PREFIX_PATH=/home/devuser/Workspaces/install/realsense2_camera_msgs:${AMENT_PREFIX_PATH} CMAKE_PREFIX_PATH=/home/devuser/Workspaces/install/realsense2_camera_msgs:/home/devuser/Workspaces/rosgsthumble_ws/install/webrtc_camera_node:/home/devuser/Workspaces/rosgsthumble_ws/install/realsense2_description:/home/devuser/Workspaces/rosgsthumble_ws/install/realsense2_camera:/home/devuser/Workspaces/rosgsthumble_ws/install/realsense2_camera_msgs:/home/devuser/Workspaces/rosgsthumble_ws/install/gst_pipeline_plugins_webrtc:/home/devuser/Workspaces/rosgsthumble_ws/install/gst_pipeline_plugins:/home/devuser/Workspaces/rosgsthumble_ws/install/gst_pipeline:/home/devuser/Workspaces/rosgsthumble_ws/install/gst_msgs:/home/devuser/Workspaces/rosgsthumble_ws/install/gst_bridge:/home/devuser/Workspaces/rosgsthumble_ws/install/cpp_campub:/home/devuser/Workspaces/rosgsthumble_ws/install/audio_msgs:/opt/ros/humble LD_LIBRARY_PATH=/home/devuser/Workspaces/install/realsense2_camera_msgs/lib:${LD_LIBRARY_PATH} PYTHONPATH=/home/devuser/Workspaces/install/realsense2_camera_msgs/local/lib/python3.10/dist-packages:${PYTHONPATH} /usr/bin/cmake --build /home/devuser/Workspaces/build/realsense2_description -- -j4 -l4
[6.542s] Invoked command in '/home/devuser/Workspaces/build/realsense2_description' returned '0': AMENT_PREFIX_PATH=/home/devuser/Workspaces/install/realsense2_camera_msgs:${AMENT_PREFIX_PATH} CMAKE_PREFIX_PATH=/home/devuser/Workspaces/install/realsense2_camera_msgs:/home/devuser/Workspaces/rosgsthumble_ws/install/webrtc_camera_node:/home/devuser/Workspaces/rosgsthumble_ws/install/realsense2_description:/home/devuser/Workspaces/rosgsthumble_ws/install/realsense2_camera:/home/devuser/Workspaces/rosgsthumble_ws/install/realsense2_camera_msgs:/home/devuser/Workspaces/rosgsthumble_ws/install/gst_pipeline_plugins_webrtc:/home/devuser/Workspaces/rosgsthumble_ws/install/gst_pipeline_plugins:/home/devuser/Workspaces/rosgsthumble_ws/install/gst_pipeline:/home/devuser/Workspaces/rosgsthumble_ws/install/gst_msgs:/home/devuser/Workspaces/rosgsthumble_ws/install/gst_bridge:/home/devuser/Workspaces/rosgsthumble_ws/install/cpp_campub:/home/devuser/Workspaces/rosgsthumble_ws/install/audio_msgs:/opt/ros/humble LD_LIBRARY_PATH=/home/devuser/Workspaces/install/realsense2_camera_msgs/lib:${LD_LIBRARY_PATH} PYTHONPATH=/home/devuser/Workspaces/install/realsense2_camera_msgs/local/lib/python3.10/dist-packages:${PYTHONPATH} /usr/bin/cmake --build /home/devuser/Workspaces/build/realsense2_description -- -j4 -l4
[6.544s] Invoking command in '/home/devuser/Workspaces/build/realsense2_description': AMENT_PREFIX_PATH=/home/devuser/Workspaces/install/realsense2_camera_msgs:${AMENT_PREFIX_PATH} CMAKE_PREFIX_PATH=/home/devuser/Workspaces/install/realsense2_camera_msgs:/home/devuser/Workspaces/rosgsthumble_ws/install/webrtc_camera_node:/home/devuser/Workspaces/rosgsthumble_ws/install/realsense2_description:/home/devuser/Workspaces/rosgsthumble_ws/install/realsense2_camera:/home/devuser/Workspaces/rosgsthumble_ws/install/realsense2_camera_msgs:/home/devuser/Workspaces/rosgsthumble_ws/install/gst_pipeline_plugins_webrtc:/home/devuser/Workspaces/rosgsthumble_ws/install/gst_pipeline_plugins:/home/devuser/Workspaces/rosgsthumble_ws/install/gst_pipeline:/home/devuser/Workspaces/rosgsthumble_ws/install/gst_msgs:/home/devuser/Workspaces/rosgsthumble_ws/install/gst_bridge:/home/devuser/Workspaces/rosgsthumble_ws/install/cpp_campub:/home/devuser/Workspaces/rosgsthumble_ws/install/audio_msgs:/opt/ros/humble LD_LIBRARY_PATH=/home/devuser/Workspaces/install/realsense2_camera_msgs/lib:${LD_LIBRARY_PATH} PYTHONPATH=/home/devuser/Workspaces/install/realsense2_camera_msgs/local/lib/python3.10/dist-packages:${PYTHONPATH} /usr/bin/cmake --install /home/devuser/Workspaces/build/realsense2_description
[6.574s] -- Install configuration: ""
[6.577s] -- Execute custom install script
[6.581s] -- Symlinking: /home/devuser/Workspaces/install/realsense2_description/share/realsense2_description/launch/launch_utils.py
[6.613s] -- Symlinking: /home/devuser/Workspaces/install/realsense2_description/share/realsense2_description/launch/view_model.launch.py
[6.699s] -- Symlinking: /home/devuser/Workspaces/install/realsense2_description/share/realsense2_description/meshes/d405.stl
[6.851s] -- Symlinking: /home/devuser/Workspaces/install/realsense2_description/share/realsense2_description/meshes/d415.stl
[6.972s] -- Symlinking: /home/devuser/Workspaces/install/realsense2_description/share/realsense2_description/meshes/d435.dae
[7.074s] -- Symlinking: /home/devuser/Workspaces/install/realsense2_description/share/realsense2_description/meshes/d455.stl
[7.173s] -- Symlinking: /home/devuser/Workspaces/install/realsense2_description/share/realsense2_description/meshes/l515.dae
[7.249s] -- Symlinking: /home/devuser/Workspaces/install/realsense2_description/share/realsense2_description/meshes/plug.stl
[7.309s] -- Symlinking: /home/devuser/Workspaces/install/realsense2_description/share/realsense2_description/meshes/plug_collision.stl
[7.370s] -- Symlinking: /home/devuser/Workspaces/install/realsense2_description/share/realsense2_description/rviz/urdf.rviz
[7.422s] -- Symlinking: /home/devuser/Workspaces/install/realsense2_description/share/realsense2_description/urdf/_d405.urdf.xacro
[7.557s] -- Symlinking: /home/devuser/Workspaces/install/realsense2_description/share/realsense2_description/urdf/_d415.urdf.xacro
[7.680s] -- Symlinking: /home/devuser/Workspaces/install/realsense2_description/share/realsense2_description/urdf/_d435.urdf.xacro
[7.754s] -- Symlinking: /home/devuser/Workspaces/install/realsense2_description/share/realsense2_description/urdf/_d435i.urdf.xacro
[7.856s] -- Symlinking: /home/devuser/Workspaces/install/realsense2_description/share/realsense2_description/urdf/_d435i_imu_modules.urdf.xacro
[7.974s] -- Symlinking: /home/devuser/Workspaces/install/realsense2_description/share/realsense2_description/urdf/_d455.urdf.xacro
[8.073s] -- Symlinking: /home/devuser/Workspaces/install/realsense2_description/share/realsense2_description/urdf/_materials.urdf.xacro
[8.205s] -- Symlinking: /home/devuser/Workspaces/install/realsense2_description/share/realsense2_description/urdf/_r410.urdf.xacro
[8.285s] -- Symlinking: /home/devuser/Workspaces/install/realsense2_description/share/realsense2_description/urdf/_r430.urdf.xacro
[8.358s] -- Symlinking: /home/devuser/Workspaces/install/realsense2_description/share/realsense2_description/urdf/_usb_plug.urdf.xacro
[8.398s] -- Symlinking: /home/devuser/Workspaces/install/realsense2_description/share/realsense2_description/urdf/test_d405_camera.urdf.xacro
[8.443s] -- Symlinking: /home/devuser/Workspaces/install/realsense2_description/share/realsense2_description/urdf/test_d415_camera.urdf.xacro
[8.485s] -- Symlinking: /home/devuser/Workspaces/install/realsense2_description/share/realsense2_description/urdf/test_d435_camera.urdf.xacro
[8.593s] -- Symlinking: /home/devuser/Workspaces/install/realsense2_description/share/realsense2_description/urdf/test_d435_multiple_cameras.urdf.xacro
[8.684s] -- Symlinking: /home/devuser/Workspaces/install/realsense2_description/share/realsense2_description/urdf/test_d435i_camera.urdf.xacro
[8.760s] -- Symlinking: /home/devuser/Workspaces/install/realsense2_description/share/realsense2_description/urdf/test_d455_camera.urdf.xacro
[8.803s] -- Symlinking: /home/devuser/Workspaces/install/realsense2_description/share/realsense2_description/urdf/test_r410_camera.urdf.xacro
[8.852s] -- Symlinking: /home/devuser/Workspaces/install/realsense2_description/share/realsense2_description/urdf/test_r430_camera.urdf.xacro
[8.895s] -- Symlinking: /home/devuser/Workspaces/install/realsense2_description/share/ament_index/resource_index/package_run_dependencies/realsense2_description
[8.938s] -- Symlinking: /home/devuser/Workspaces/install/realsense2_description/share/ament_index/resource_index/parent_prefix_path/realsense2_description
[8.982s] -- Symlinking: /home/devuser/Workspaces/install/realsense2_description/share/realsense2_description/environment/ament_prefix_path.sh
[9.026s] -- Symlinking: /home/devuser/Workspaces/install/realsense2_description/share/realsense2_description/environment/ament_prefix_path.dsv
[9.072s] -- Symlinking: /home/devuser/Workspaces/install/realsense2_description/share/realsense2_description/environment/path.sh
[9.117s] -- Symlinking: /home/devuser/Workspaces/install/realsense2_description/share/realsense2_description/environment/path.dsv
[9.161s] -- Symlinking: /home/devuser/Workspaces/install/realsense2_description/share/realsense2_description/local_setup.bash
[9.202s] -- Symlinking: /home/devuser/Workspaces/install/realsense2_description/share/realsense2_description/local_setup.sh
[9.268s] -- Symlinking: /home/devuser/Workspaces/install/realsense2_description/share/realsense2_description/local_setup.zsh
[9.328s] -- Symlinking: /home/devuser/Workspaces/install/realsense2_description/share/realsense2_description/local_setup.dsv
[9.380s] -- Symlinking: /home/devuser/Workspaces/install/realsense2_description/share/realsense2_description/package.dsv
[9.433s] -- Symlinking: /home/devuser/Workspaces/install/realsense2_description/share/ament_index/resource_index/packages/realsense2_description
[9.483s] -- Symlinking: /home/devuser/Workspaces/install/realsense2_description/share/realsense2_description/cmake/realsense2_descriptionConfig.cmake
[9.569s] -- Symlinking: /home/devuser/Workspaces/install/realsense2_description/share/realsense2_description/cmake/realsense2_descriptionConfig-version.cmake
[9.653s] -- Symlinking: /home/devuser/Workspaces/install/realsense2_description/share/realsense2_description/package.xml
[9.721s] Invoked command in '/home/devuser/Workspaces/build/realsense2_description' returned '0': AMENT_PREFIX_PATH=/home/devuser/Workspaces/install/realsense2_camera_msgs:${AMENT_PREFIX_PATH} CMAKE_PREFIX_PATH=/home/devuser/Workspaces/install/realsense2_camera_msgs:/home/devuser/Workspaces/rosgsthumble_ws/install/webrtc_camera_node:/home/devuser/Workspaces/rosgsthumble_ws/install/realsense2_description:/home/devuser/Workspaces/rosgsthumble_ws/install/realsense2_camera:/home/devuser/Workspaces/rosgsthumble_ws/install/realsense2_camera_msgs:/home/devuser/Workspaces/rosgsthumble_ws/install/gst_pipeline_plugins_webrtc:/home/devuser/Workspaces/rosgsthumble_ws/install/gst_pipeline_plugins:/home/devuser/Workspaces/rosgsthumble_ws/install/gst_pipeline:/home/devuser/Workspaces/rosgsthumble_ws/install/gst_msgs:/home/devuser/Workspaces/rosgsthumble_ws/install/gst_bridge:/home/devuser/Workspaces/rosgsthumble_ws/install/cpp_campub:/home/devuser/Workspaces/rosgsthumble_ws/install/audio_msgs:/opt/ros/humble LD_LIBRARY_PATH=/home/devuser/Workspaces/install/realsense2_camera_msgs/lib:${LD_LIBRARY_PATH} PYTHONPATH=/home/devuser/Workspaces/install/realsense2_camera_msgs/local/lib/python3.10/dist-packages:${PYTHONPATH} /usr/bin/cmake --install /home/devuser/Workspaces/build/realsense2_description
