[0.010s] Invoking command in '/home/devuser/Workspaces/ros2gstHumble_ws/build/gst_bridge': CMAKE_PREFIX_PATH=/home/devuser/Workspaces/ros2gstHumble_ws/install/audio_msgs:/home/devuser/Workspaces/ros2gstHumble_ws/install/gst_pipeline_plugins_webrtc:/home/devuser/Workspaces/ros2gstHumble_ws/install/gst_pipeline_plugins:/home/devuser/Workspaces/ros2gstHumble_ws/install/gst_pipeline:/home/devuser/Workspaces/ros2gstHumble_ws/install/gst_msgs:/home/devuser/Workspaces/ros2gstHumble_ws/install/gst_bridge:/home/devuser/Workspaces/ros2gstHumble_ws/install/cpp_campub:/opt/ros/humble LD_LIBRARY_PATH=/home/devuser/Workspaces/ros2gstHumble_ws/install/audio_msgs/lib:/home/devuser/Workspaces/ros2gstHumble_ws/install/gst_pipeline_plugins_webrtc/lib:/home/devuser/Workspaces/ros2gstHumble_ws/install/gst_pipeline_plugins/lib:/home/devuser/Workspaces/ros2gstHumble_ws/install/gst_pipeline/lib:/home/devuser/Workspaces/ros2gstHumble_ws/install/gst_msgs/lib:/home/devuser/Workspaces/ros2gstHumble_ws/install/gst_bridge/lib:/home/devuser/Workspaces/ros2_ws/install/gst_pipeline_plugins_webrtc/lib:/home/devuser/Workspaces/ros2_ws/install/gst_pipeline_plugins/lib:/home/devuser/Workspaces/ros2_ws/install/gst_pipeline/lib:/home/devuser/Workspaces/ros2_ws/install/gst_msgs/lib:/home/devuser/Workspaces/ros2_ws/install/gst_bridge/lib:/home/devuser/Workspaces/ros2_ws/install/audio_msgs/lib:/usr/lib/x86_64-linux-gnu/gazebo-11/plugins:/opt/ros/humble/opt/rviz_ogre_vendor/lib:/opt/ros/humble/lib/x86_64-linux-gnu:/opt/ros/humble/lib /usr/bin/cmake /home/devuser/Workspaces/ros2gstHumble_ws/src/ros-gst-bridge/gst_bridge -DAMENT_CMAKE_SYMLINK_INSTALL=1 -DCMAKE_INSTALL_PREFIX=/home/devuser/Workspaces/ros2gstHumble_ws/install/gst_bridge
[0.062s] -- The C compiler identification is GNU 11.4.0
[0.110s] -- The CXX compiler identification is GNU 11.4.0
[0.117s] -- Detecting C compiler ABI info
[0.182s] -- Detecting C compiler ABI info - done
[0.188s] -- Check for working C compiler: /usr/bin/cc - skipped
[0.188s] -- Detecting C compile features
[0.188s] -- Detecting C compile features - done
[0.191s] -- Detecting CXX compiler ABI info
[0.271s] -- Detecting CXX compiler ABI info - done
[0.276s] -- Check for working CXX compiler: /usr/bin/c++ - skipped
[0.277s] -- Detecting CXX compile features
[0.277s] -- Detecting CXX compile features - done
[0.282s] -- Found PkgConfig: /usr/bin/pkg-config (found version "0.29.2") 
[0.285s] -- Found ament_cmake: 1.3.12 (/opt/ros/humble/share/ament_cmake/cmake)
[0.415s] -- Found Python3: /usr/bin/python3 (found version "3.10.12") found components: Interpreter 
[0.467s] -- Override CMake install command with custom implementation using symlinks instead of copying resources
[0.499s] -- Found rclcpp: 16.0.15 (/opt/ros/humble/share/rclcpp/cmake)
[0.540s] -- Found rosidl_generator_c: 3.1.7 (/opt/ros/humble/share/rosidl_generator_c/cmake)
[0.545s] -- Found rosidl_adapter: 3.1.7 (/opt/ros/humble/share/rosidl_adapter/cmake)
[0.553s] -- Found rosidl_generator_cpp: 3.1.7 (/opt/ros/humble/share/rosidl_generator_cpp/cmake)
[0.564s] -- Using all available rosidl_typesupport_c: rosidl_typesupport_fastrtps_c;rosidl_typesupport_introspection_c
[0.579s] -- Using all available rosidl_typesupport_cpp: rosidl_typesupport_fastrtps_cpp;rosidl_typesupport_introspection_cpp
[0.620s] -- Found rmw_implementation_cmake: 6.1.2 (/opt/ros/humble/share/rmw_implementation_cmake/cmake)
[0.623s] -- Found rmw_fastrtps_cpp: 6.2.8 (/opt/ros/humble/share/rmw_fastrtps_cpp/cmake)
[0.721s] -- Found OpenSSL: /usr/lib/x86_64-linux-gnu/libcrypto.so (found version "3.0.2")  
[0.752s] -- Found FastRTPS: /opt/ros/humble/include  
[0.801s] -- Using RMW implementation 'rmw_fastrtps_cpp' as default
[0.810s] -- Looking for pthread.h
[0.879s] -- Looking for pthread.h - found
[0.880s] -- Performing Test CMAKE_HAVE_LIBC_PTHREAD
[0.949s] -- Performing Test CMAKE_HAVE_LIBC_PTHREAD - Success
[0.950s] -- Found Threads: TRUE  
[0.991s] -- Checking for one of the modules 'gstreamer-1.0'
[1.052s] -- Checking for one of the modules 'gstreamer-base-1.0'
[1.114s] -- Checking for one of the modules 'gstreamer-app-1.0'
[1.178s] -- Checking for one of the modules 'gstreamer-audio-1.0'
[1.245s] -- Checking for one of the modules 'gstreamer-video-1.0'
[1.434s] -- Found GLIB: /usr/include/glib-2.0;/usr/lib/x86_64-linux-gnu/glib-2.0/include (found version "2.72.4") 
[1.435s] -- Found audio_msgs: 0.0.0 (/home/devuser/Workspaces/ros2gstHumble_ws/install/audio_msgs/share/audio_msgs/cmake)
[1.446s] -- Found sensor_msgs: 4.9.0 (/opt/ros/humble/share/sensor_msgs/cmake)
[1.588s] -- Found ament_cmake_clang_format: 0.12.14 (/opt/ros/humble/share/ament_cmake_clang_format/cmake)
[1.646s] -- Configuring done
[1.988s] -- Generating done
[2.006s] -- Build files have been written to: /home/devuser/Workspaces/ros2gstHumble_ws/build/gst_bridge
[2.017s] Invoked command in '/home/devuser/Workspaces/ros2gstHumble_ws/build/gst_bridge' returned '0': CMAKE_PREFIX_PATH=/home/devuser/Workspaces/ros2gstHumble_ws/install/audio_msgs:/home/devuser/Workspaces/ros2gstHumble_ws/install/gst_pipeline_plugins_webrtc:/home/devuser/Workspaces/ros2gstHumble_ws/install/gst_pipeline_plugins:/home/devuser/Workspaces/ros2gstHumble_ws/install/gst_pipeline:/home/devuser/Workspaces/ros2gstHumble_ws/install/gst_msgs:/home/devuser/Workspaces/ros2gstHumble_ws/install/gst_bridge:/home/devuser/Workspaces/ros2gstHumble_ws/install/cpp_campub:/opt/ros/humble LD_LIBRARY_PATH=/home/devuser/Workspaces/ros2gstHumble_ws/install/audio_msgs/lib:/home/devuser/Workspaces/ros2gstHumble_ws/install/gst_pipeline_plugins_webrtc/lib:/home/devuser/Workspaces/ros2gstHumble_ws/install/gst_pipeline_plugins/lib:/home/devuser/Workspaces/ros2gstHumble_ws/install/gst_pipeline/lib:/home/devuser/Workspaces/ros2gstHumble_ws/install/gst_msgs/lib:/home/devuser/Workspaces/ros2gstHumble_ws/install/gst_bridge/lib:/home/devuser/Workspaces/ros2_ws/install/gst_pipeline_plugins_webrtc/lib:/home/devuser/Workspaces/ros2_ws/install/gst_pipeline_plugins/lib:/home/devuser/Workspaces/ros2_ws/install/gst_pipeline/lib:/home/devuser/Workspaces/ros2_ws/install/gst_msgs/lib:/home/devuser/Workspaces/ros2_ws/install/gst_bridge/lib:/home/devuser/Workspaces/ros2_ws/install/audio_msgs/lib:/usr/lib/x86_64-linux-gnu/gazebo-11/plugins:/opt/ros/humble/opt/rviz_ogre_vendor/lib:/opt/ros/humble/lib/x86_64-linux-gnu:/opt/ros/humble/lib /usr/bin/cmake /home/devuser/Workspaces/ros2gstHumble_ws/src/ros-gst-bridge/gst_bridge -DAMENT_CMAKE_SYMLINK_INSTALL=1 -DCMAKE_INSTALL_PREFIX=/home/devuser/Workspaces/ros2gstHumble_ws/install/gst_bridge
[2.019s] Invoking command in '/home/devuser/Workspaces/ros2gstHumble_ws/build/gst_bridge': CMAKE_PREFIX_PATH=/home/devuser/Workspaces/ros2gstHumble_ws/install/audio_msgs:/home/devuser/Workspaces/ros2gstHumble_ws/install/gst_pipeline_plugins_webrtc:/home/devuser/Workspaces/ros2gstHumble_ws/install/gst_pipeline_plugins:/home/devuser/Workspaces/ros2gstHumble_ws/install/gst_pipeline:/home/devuser/Workspaces/ros2gstHumble_ws/install/gst_msgs:/home/devuser/Workspaces/ros2gstHumble_ws/install/gst_bridge:/home/devuser/Workspaces/ros2gstHumble_ws/install/cpp_campub:/opt/ros/humble LD_LIBRARY_PATH=/home/devuser/Workspaces/ros2gstHumble_ws/install/audio_msgs/lib:/home/devuser/Workspaces/ros2gstHumble_ws/install/gst_pipeline_plugins_webrtc/lib:/home/devuser/Workspaces/ros2gstHumble_ws/install/gst_pipeline_plugins/lib:/home/devuser/Workspaces/ros2gstHumble_ws/install/gst_pipeline/lib:/home/devuser/Workspaces/ros2gstHumble_ws/install/gst_msgs/lib:/home/devuser/Workspaces/ros2gstHumble_ws/install/gst_bridge/lib:/home/devuser/Workspaces/ros2_ws/install/gst_pipeline_plugins_webrtc/lib:/home/devuser/Workspaces/ros2_ws/install/gst_pipeline_plugins/lib:/home/devuser/Workspaces/ros2_ws/install/gst_pipeline/lib:/home/devuser/Workspaces/ros2_ws/install/gst_msgs/lib:/home/devuser/Workspaces/ros2_ws/install/gst_bridge/lib:/home/devuser/Workspaces/ros2_ws/install/audio_msgs/lib:/usr/lib/x86_64-linux-gnu/gazebo-11/plugins:/opt/ros/humble/opt/rviz_ogre_vendor/lib:/opt/ros/humble/lib/x86_64-linux-gnu:/opt/ros/humble/lib /usr/bin/cmake --build /home/devuser/Workspaces/ros2gstHumble_ws/build/gst_bridge -- -j16 -l16
[2.082s] [ 30%] [32mBuilding CXX object CMakeFiles/gst_bridge.dir/src/gst_bridge.cpp.o[0m
[2.082s] [ 30%] [32mBuilding CXX object CMakeFiles/gst_bridge.dir/src/rosbasesink.cpp.o[0m
[2.082s] [ 30%] [32mBuilding CXX object CMakeFiles/gst_bridge.dir/src/rosbasesrc.cpp.o[0m
[2.082s] [ 30%] [32mBuilding CXX object CMakeFiles/gst_bridge.dir/src/rosbaseiface.cpp.o[0m
[5.592s] [ 38%] [32m[1mLinking CXX shared library libgst_bridge.so[0m
[6.279s] [ 38%] Built target gst_bridge
[6.307s] [ 76%] [32mBuilding CXX object CMakeFiles/rosgstbridge.dir/src/rosaudiosink.cpp.o[0m
[6.307s] [ 76%] [32mBuilding CXX object CMakeFiles/rosgstbridge.dir/src/rostextsink.cpp.o[0m
[6.307s] [ 76%] [32mBuilding CXX object CMakeFiles/rosgstbridge.dir/src/rosgstbridgeplugin.cpp.o[0m
[6.307s] [ 76%] [32mBuilding CXX object CMakeFiles/rosgstbridge.dir/src/rosimagesink.cpp.o[0m
[6.307s] [ 76%] [32mBuilding CXX object CMakeFiles/rosgstbridge.dir/src/rosaudiosrc.cpp.o[0m
[6.307s] [ 84%] [32mBuilding CXX object CMakeFiles/rosgstbridge.dir/src/rostextsrc.cpp.o[0m
[6.307s] [ 92%] [32mBuilding CXX object CMakeFiles/rosgstbridge.dir/src/rosimagesrc.cpp.o[0m
[18.213s] [100%] [32m[1mLinking CXX shared library librosgstbridge.so[0m
[19.324s] [100%] Built target rosgstbridge
[19.334s] Invoked command in '/home/devuser/Workspaces/ros2gstHumble_ws/build/gst_bridge' returned '0': CMAKE_PREFIX_PATH=/home/devuser/Workspaces/ros2gstHumble_ws/install/audio_msgs:/home/devuser/Workspaces/ros2gstHumble_ws/install/gst_pipeline_plugins_webrtc:/home/devuser/Workspaces/ros2gstHumble_ws/install/gst_pipeline_plugins:/home/devuser/Workspaces/ros2gstHumble_ws/install/gst_pipeline:/home/devuser/Workspaces/ros2gstHumble_ws/install/gst_msgs:/home/devuser/Workspaces/ros2gstHumble_ws/install/gst_bridge:/home/devuser/Workspaces/ros2gstHumble_ws/install/cpp_campub:/opt/ros/humble LD_LIBRARY_PATH=/home/devuser/Workspaces/ros2gstHumble_ws/install/audio_msgs/lib:/home/devuser/Workspaces/ros2gstHumble_ws/install/gst_pipeline_plugins_webrtc/lib:/home/devuser/Workspaces/ros2gstHumble_ws/install/gst_pipeline_plugins/lib:/home/devuser/Workspaces/ros2gstHumble_ws/install/gst_pipeline/lib:/home/devuser/Workspaces/ros2gstHumble_ws/install/gst_msgs/lib:/home/devuser/Workspaces/ros2gstHumble_ws/install/gst_bridge/lib:/home/devuser/Workspaces/ros2_ws/install/gst_pipeline_plugins_webrtc/lib:/home/devuser/Workspaces/ros2_ws/install/gst_pipeline_plugins/lib:/home/devuser/Workspaces/ros2_ws/install/gst_pipeline/lib:/home/devuser/Workspaces/ros2_ws/install/gst_msgs/lib:/home/devuser/Workspaces/ros2_ws/install/gst_bridge/lib:/home/devuser/Workspaces/ros2_ws/install/audio_msgs/lib:/usr/lib/x86_64-linux-gnu/gazebo-11/plugins:/opt/ros/humble/opt/rviz_ogre_vendor/lib:/opt/ros/humble/lib/x86_64-linux-gnu:/opt/ros/humble/lib /usr/bin/cmake --build /home/devuser/Workspaces/ros2gstHumble_ws/build/gst_bridge -- -j16 -l16
[19.336s] Invoking command in '/home/devuser/Workspaces/ros2gstHumble_ws/build/gst_bridge': CMAKE_PREFIX_PATH=/home/devuser/Workspaces/ros2gstHumble_ws/install/audio_msgs:/home/devuser/Workspaces/ros2gstHumble_ws/install/gst_pipeline_plugins_webrtc:/home/devuser/Workspaces/ros2gstHumble_ws/install/gst_pipeline_plugins:/home/devuser/Workspaces/ros2gstHumble_ws/install/gst_pipeline:/home/devuser/Workspaces/ros2gstHumble_ws/install/gst_msgs:/home/devuser/Workspaces/ros2gstHumble_ws/install/gst_bridge:/home/devuser/Workspaces/ros2gstHumble_ws/install/cpp_campub:/opt/ros/humble LD_LIBRARY_PATH=/home/devuser/Workspaces/ros2gstHumble_ws/install/audio_msgs/lib:/home/devuser/Workspaces/ros2gstHumble_ws/install/gst_pipeline_plugins_webrtc/lib:/home/devuser/Workspaces/ros2gstHumble_ws/install/gst_pipeline_plugins/lib:/home/devuser/Workspaces/ros2gstHumble_ws/install/gst_pipeline/lib:/home/devuser/Workspaces/ros2gstHumble_ws/install/gst_msgs/lib:/home/devuser/Workspaces/ros2gstHumble_ws/install/gst_bridge/lib:/home/devuser/Workspaces/ros2_ws/install/gst_pipeline_plugins_webrtc/lib:/home/devuser/Workspaces/ros2_ws/install/gst_pipeline_plugins/lib:/home/devuser/Workspaces/ros2_ws/install/gst_pipeline/lib:/home/devuser/Workspaces/ros2_ws/install/gst_msgs/lib:/home/devuser/Workspaces/ros2_ws/install/gst_bridge/lib:/home/devuser/Workspaces/ros2_ws/install/audio_msgs/lib:/usr/lib/x86_64-linux-gnu/gazebo-11/plugins:/opt/ros/humble/opt/rviz_ogre_vendor/lib:/opt/ros/humble/lib/x86_64-linux-gnu:/opt/ros/humble/lib /usr/bin/cmake --install /home/devuser/Workspaces/ros2gstHumble_ws/build/gst_bridge
[19.342s] -- Install configuration: "RelWithDebInfo"
[19.343s] -- Execute custom install script
[19.343s] -- Symlinking: /home/devuser/Workspaces/ros2gstHumble_ws/install/gst_bridge/share/gst_bridge/environment/register_plugin.dsv
[19.351s] -- Symlinking: /home/devuser/Workspaces/ros2gstHumble_ws/install/gst_bridge/share/gst_bridge/environment/library_path.sh
[19.358s] -- Symlinking: /home/devuser/Workspaces/ros2gstHumble_ws/install/gst_bridge/share/gst_bridge/environment/library_path.dsv
[19.366s] -- Symlinking: /home/devuser/Workspaces/ros2gstHumble_ws/install/gst_bridge/include/gst_bridge/gst_bridge.h
[19.374s] -- Symlinking: /home/devuser/Workspaces/ros2gstHumble_ws/install/gst_bridge/include/gst_bridge/rosaudiosink.h
[19.382s] -- Symlinking: /home/devuser/Workspaces/ros2gstHumble_ws/install/gst_bridge/include/gst_bridge/rosaudiosrc.h
[19.389s] -- Symlinking: /home/devuser/Workspaces/ros2gstHumble_ws/install/gst_bridge/include/gst_bridge/rosbaseiface.h
[19.397s] -- Symlinking: /home/devuser/Workspaces/ros2gstHumble_ws/install/gst_bridge/include/gst_bridge/rosbasesink.h
[19.404s] -- Symlinking: /home/devuser/Workspaces/ros2gstHumble_ws/install/gst_bridge/include/gst_bridge/rosbasesrc.h
[19.412s] -- Symlinking: /home/devuser/Workspaces/ros2gstHumble_ws/install/gst_bridge/include/gst_bridge/rosimagesink.h
[19.419s] -- Symlinking: /home/devuser/Workspaces/ros2gstHumble_ws/install/gst_bridge/include/gst_bridge/rosimagesrc.h
[19.427s] -- Symlinking: /home/devuser/Workspaces/ros2gstHumble_ws/install/gst_bridge/include/gst_bridge/rostextsink.h
[19.434s] -- Symlinking: /home/devuser/Workspaces/ros2gstHumble_ws/install/gst_bridge/include/gst_bridge/rostextsrc.h
[19.442s] -- Symlinking: /home/devuser/Workspaces/ros2gstHumble_ws/install/gst_bridge/lib/gst_bridge/librosgstbridge.so
[19.450s] -- Symlinking: /home/devuser/Workspaces/ros2gstHumble_ws/install/gst_bridge/share/ament_index/resource_index/package_run_dependencies/gst_bridge
[19.457s] -- Symlinking: /home/devuser/Workspaces/ros2gstHumble_ws/install/gst_bridge/share/ament_index/resource_index/parent_prefix_path/gst_bridge
[19.465s] -- Symlinking: /home/devuser/Workspaces/ros2gstHumble_ws/install/gst_bridge/share/gst_bridge/environment/ament_prefix_path.sh
[19.472s] -- Symlinking: /home/devuser/Workspaces/ros2gstHumble_ws/install/gst_bridge/share/gst_bridge/environment/ament_prefix_path.dsv
[19.480s] -- Symlinking: /home/devuser/Workspaces/ros2gstHumble_ws/install/gst_bridge/share/gst_bridge/environment/path.sh
[19.487s] -- Symlinking: /home/devuser/Workspaces/ros2gstHumble_ws/install/gst_bridge/share/gst_bridge/environment/path.dsv
[19.495s] -- Symlinking: /home/devuser/Workspaces/ros2gstHumble_ws/install/gst_bridge/share/gst_bridge/local_setup.bash
[19.502s] -- Symlinking: /home/devuser/Workspaces/ros2gstHumble_ws/install/gst_bridge/share/gst_bridge/local_setup.sh
[19.509s] -- Symlinking: /home/devuser/Workspaces/ros2gstHumble_ws/install/gst_bridge/share/gst_bridge/local_setup.zsh
[19.517s] -- Symlinking: /home/devuser/Workspaces/ros2gstHumble_ws/install/gst_bridge/share/gst_bridge/local_setup.dsv
[19.524s] -- Symlinking: /home/devuser/Workspaces/ros2gstHumble_ws/install/gst_bridge/share/gst_bridge/package.dsv
[19.532s] -- Symlinking: /home/devuser/Workspaces/ros2gstHumble_ws/install/gst_bridge/share/ament_index/resource_index/packages/gst_bridge
[19.539s] -- Symlinking: /home/devuser/Workspaces/ros2gstHumble_ws/install/gst_bridge/share/gst_bridge/cmake/ament_cmake_export_include_directories-extras.cmake
[19.547s] -- Symlinking: /home/devuser/Workspaces/ros2gstHumble_ws/install/gst_bridge/share/gst_bridge/cmake/ament_cmake_export_libraries-extras.cmake
[19.555s] -- Symlinking: /home/devuser/Workspaces/ros2gstHumble_ws/install/gst_bridge/share/gst_bridge/cmake/ament_cmake_export_dependencies-extras.cmake
[19.563s] -- Symlinking: /home/devuser/Workspaces/ros2gstHumble_ws/install/gst_bridge/share/gst_bridge/cmake/gst_bridgeConfig.cmake
[19.571s] -- Symlinking: /home/devuser/Workspaces/ros2gstHumble_ws/install/gst_bridge/share/gst_bridge/cmake/gst_bridgeConfig-version.cmake
[19.579s] -- Symlinking: /home/devuser/Workspaces/ros2gstHumble_ws/install/gst_bridge/share/gst_bridge/package.xml
[19.586s] -- Installing: /home/devuser/Workspaces/ros2gstHumble_ws/install/gst_bridge/lib/libgst_bridge.so
[19.589s] -- Set runtime path of "/home/devuser/Workspaces/ros2gstHumble_ws/install/gst_bridge/lib/libgst_bridge.so" to ""
[19.591s] Invoked command in '/home/devuser/Workspaces/ros2gstHumble_ws/build/gst_bridge' returned '0': CMAKE_PREFIX_PATH=/home/devuser/Workspaces/ros2gstHumble_ws/install/audio_msgs:/home/devuser/Workspaces/ros2gstHumble_ws/install/gst_pipeline_plugins_webrtc:/home/devuser/Workspaces/ros2gstHumble_ws/install/gst_pipeline_plugins:/home/devuser/Workspaces/ros2gstHumble_ws/install/gst_pipeline:/home/devuser/Workspaces/ros2gstHumble_ws/install/gst_msgs:/home/devuser/Workspaces/ros2gstHumble_ws/install/gst_bridge:/home/devuser/Workspaces/ros2gstHumble_ws/install/cpp_campub:/opt/ros/humble LD_LIBRARY_PATH=/home/devuser/Workspaces/ros2gstHumble_ws/install/audio_msgs/lib:/home/devuser/Workspaces/ros2gstHumble_ws/install/gst_pipeline_plugins_webrtc/lib:/home/devuser/Workspaces/ros2gstHumble_ws/install/gst_pipeline_plugins/lib:/home/devuser/Workspaces/ros2gstHumble_ws/install/gst_pipeline/lib:/home/devuser/Workspaces/ros2gstHumble_ws/install/gst_msgs/lib:/home/devuser/Workspaces/ros2gstHumble_ws/install/gst_bridge/lib:/home/devuser/Workspaces/ros2_ws/install/gst_pipeline_plugins_webrtc/lib:/home/devuser/Workspaces/ros2_ws/install/gst_pipeline_plugins/lib:/home/devuser/Workspaces/ros2_ws/install/gst_pipeline/lib:/home/devuser/Workspaces/ros2_ws/install/gst_msgs/lib:/home/devuser/Workspaces/ros2_ws/install/gst_bridge/lib:/home/devuser/Workspaces/ros2_ws/install/audio_msgs/lib:/usr/lib/x86_64-linux-gnu/gazebo-11/plugins:/opt/ros/humble/opt/rviz_ogre_vendor/lib:/opt/ros/humble/lib/x86_64-linux-gnu:/opt/ros/humble/lib /usr/bin/cmake --install /home/devuser/Workspaces/ros2gstHumble_ws/build/gst_bridge
