[0.174s] Invoking command in '/home/devuser/Workspaces/build/audio_msgs': CMAKE_PREFIX_PATH=${CMAKE_PREFIX_PATH}:/opt/ros/humble /usr/bin/cmake /home/devuser/Workspaces/rosgsthumble_ws/src/ros-gst-bridge/audio_msgs -DAMENT_CMAKE_SYMLINK_INSTALL=1 -DCMAKE_INSTALL_PREFIX=/home/devuser/Workspaces/install/audio_msgs
[1.399s] -- The C compiler identification is GNU 11.4.0
[2.070s] -- The CXX compiler identification is GNU 11.4.0
[2.164s] -- Detecting C compiler ABI info
[3.028s] -- Detecting C compiler ABI info - done
[3.135s] -- Check for working C compiler: /usr/bin/cc - skipped
[3.135s] -- Detecting C compile features
[3.137s] -- Detecting C compile features - done
[3.173s] -- Detecting CXX compiler ABI info
[3.770s] -- Detecting CXX compiler ABI info - done
[3.824s] -- Check for working CXX compiler: /usr/bin/c++ - skipped
[3.827s] -- Detecting CXX compile features
[3.837s] -- Detecting CXX compile features - done
[3.912s] -- Found ament_cmake: 1.3.12 (/opt/ros/humble/share/ament_cmake/cmake)
[4.934s] -- Found Python3: /usr/bin/python3 (found version "3.10.12") found components: Interpreter 
[5.587s] -- Override CMake install command with custom implementation using symlinks instead of copying resources
[6.007s] -- Found std_msgs: 4.9.0 (/opt/ros/humble/share/std_msgs/cmake)
[6.434s] -- Found rosidl_generator_c: 3.1.7 (/opt/ros/humble/share/rosidl_generator_c/cmake)
[6.511s] -- Found rosidl_adapter: 3.1.7 (/opt/ros/humble/share/rosidl_adapter/cmake)
[6.586s] -- Found rosidl_generator_cpp: 3.1.7 (/opt/ros/humble/share/rosidl_generator_cpp/cmake)
[6.725s] -- Using all available rosidl_typesupport_c: rosidl_typesupport_fastrtps_c;rosidl_typesupport_introspection_c
[6.889s] -- Using all available rosidl_typesupport_cpp: rosidl_typesupport_fastrtps_cpp;rosidl_typesupport_introspection_cpp
[7.095s] -- Found sensor_msgs: 4.9.0 (/opt/ros/humble/share/sensor_msgs/cmake)
[7.461s] -- Found rosidl_default_generators: 1.2.0 (/opt/ros/humble/share/rosidl_default_generators/cmake)
[9.403s] -- Found ament_cmake_ros: 0.10.0 (/opt/ros/humble/share/ament_cmake_ros/cmake)
[12.452s] -- Using all available rosidl_typesupport_c: rosidl_typesupport_fastrtps_c;rosidl_typesupport_introspection_c
[13.394s] -- Using all available rosidl_typesupport_cpp: rosidl_typesupport_fastrtps_cpp;rosidl_typesupport_introspection_cpp
[13.480s] -- Found PythonInterp: /usr/bin/python3 (found suitable version "3.10.12", minimum required is "3.6") 
[13.500s] -- Found python_cmake_module: 0.10.0 (/opt/ros/humble/share/python_cmake_module/cmake)
[13.601s] -- Found PythonLibs: /usr/lib/aarch64-linux-gnu/libpython3.10.so (found suitable version "3.10.12", minimum required is "3.5") 
[13.606s] -- Using PYTHON_EXECUTABLE: /usr/bin/python3
[13.606s] -- Using PYTHON_INCLUDE_DIRS: /usr/include/python3.10
[13.607s] -- Using PYTHON_LIBRARIES: /usr/lib/aarch64-linux-gnu/libpython3.10.so
[13.704s] -- Found PythonExtra: .so  
[14.134s] -- Found ament_lint_auto: 0.12.14 (/opt/ros/humble/share/ament_lint_auto/cmake)
[14.403s] -- Added test 'copyright' to check source files copyright and LICENSE
[14.425s] -- Added test 'lint_cmake' to check CMake code style
[14.430s] -- Added test 'xmllint' to check XML markup files
[14.503s] -- Configuring done
[14.950s] -- Generating done
[15.113s] -- Build files have been written to: /home/devuser/Workspaces/build/audio_msgs
[15.230s] Invoked command in '/home/devuser/Workspaces/build/audio_msgs' returned '0': CMAKE_PREFIX_PATH=${CMAKE_PREFIX_PATH}:/opt/ros/humble /usr/bin/cmake /home/devuser/Workspaces/rosgsthumble_ws/src/ros-gst-bridge/audio_msgs -DAMENT_CMAKE_SYMLINK_INSTALL=1 -DCMAKE_INSTALL_PREFIX=/home/devuser/Workspaces/install/audio_msgs
[15.232s] Invoking command in '/home/devuser/Workspaces/build/audio_msgs': CMAKE_PREFIX_PATH=${CMAKE_PREFIX_PATH}:/opt/ros/humble /usr/bin/cmake --build /home/devuser/Workspaces/build/audio_msgs -- -j4 -l4
[15.675s] [  3%] [34m[1mGenerating C++ code for ROS interfaces[0m
[18.820s] [  3%] Built target audio_msgs__cpp
[19.063s] [  3%] Built target ament_cmake_python_symlink_audio_msgs
[19.119s] [  6%] [34m[1mGenerating C++ type support for eProsima Fast-RTPS[0m
[21.769s] [  9%] [32mBuilding CXX object CMakeFiles/audio_msgs__rosidl_typesupport_fastrtps_cpp.dir/rosidl_typesupport_fastrtps_cpp/audio_msgs/msg/detail/dds_fastrtps/audio__type_support.cpp.o[0m
[25.413s] [ 12%] [32m[1mLinking CXX shared library libaudio_msgs__rosidl_typesupport_fastrtps_cpp.so[0m
[25.921s] [ 12%] Built target audio_msgs__rosidl_typesupport_fastrtps_cpp
[26.057s] [ 16%] [34m[1mGenerating C++ introspection for ROS interfaces[0m
[28.474s] [ 19%] [32mBuilding CXX object CMakeFiles/audio_msgs__rosidl_typesupport_introspection_cpp.dir/rosidl_typesupport_introspection_cpp/audio_msgs/msg/detail/audio__type_support.cpp.o[0m
[31.252s] [ 22%] [32m[1mLinking CXX shared library libaudio_msgs__rosidl_typesupport_introspection_cpp.so[0m
[31.930s] [ 22%] Built target audio_msgs__rosidl_typesupport_introspection_cpp
[34.191s] running egg_info
[34.206s] creating audio_msgs.egg-info
[34.216s] writing audio_msgs.egg-info/PKG-INFO
[34.226s] writing dependency_links to audio_msgs.egg-info/dependency_links.txt
[34.234s] writing top-level names to audio_msgs.egg-info/top_level.txt
[34.243s] writing manifest file 'audio_msgs.egg-info/SOURCES.txt'
[34.266s] reading manifest file 'audio_msgs.egg-info/SOURCES.txt'
[34.281s] writing manifest file 'audio_msgs.egg-info/SOURCES.txt'
[34.511s] [ 22%] Built target ament_cmake_python_build_audio_msgs_egg
[34.610s] [ 25%] [34m[1mGenerating C++ type support dispatch for ROS interfaces[0m
[37.615s] [ 29%] [32mBuilding CXX object CMakeFiles/audio_msgs__rosidl_typesupport_cpp.dir/rosidl_typesupport_cpp/audio_msgs/msg/audio__type_support.cpp.o[0m
[39.483s] [ 32%] [32m[1mLinking CXX shared library libaudio_msgs__rosidl_typesupport_cpp.so[0m
[39.843s] [ 32%] Built target audio_msgs__rosidl_typesupport_cpp
[39.920s] [ 35%] [34m[1mGenerating C code for ROS interfaces[0m
[43.675s] [ 38%] [32mBuilding C object CMakeFiles/audio_msgs__rosidl_generator_c.dir/rosidl_generator_c/audio_msgs/msg/detail/audio__functions.c.o[0m
[44.518s] [ 41%] [32m[1mLinking C shared library libaudio_msgs__rosidl_generator_c.so[0m
[44.934s] [ 41%] Built target audio_msgs__rosidl_generator_c
[45.024s] [ 45%] [34m[1mGenerating C type support for eProsima Fast-RTPS[0m
[47.898s] [ 48%] [32mBuilding CXX object CMakeFiles/audio_msgs__rosidl_typesupport_fastrtps_c.dir/rosidl_typesupport_fastrtps_c/audio_msgs/msg/detail/audio__type_support_c.cpp.o[0m
[50.627s] [ 51%] [32m[1mLinking CXX shared library libaudio_msgs__rosidl_typesupport_fastrtps_c.so[0m
[51.111s] [ 51%] Built target audio_msgs__rosidl_typesupport_fastrtps_c
[51.278s] [ 54%] [34m[1mGenerating C type support dispatch for ROS interfaces[0m
[54.761s] [ 58%] [32mBuilding CXX object CMakeFiles/audio_msgs__rosidl_typesupport_c.dir/rosidl_typesupport_c/audio_msgs/msg/audio__type_support.cpp.o[0m
[55.069s] [ 61%] [32m[1mLinking CXX shared library libaudio_msgs__rosidl_typesupport_c.so[0m
[55.518s] [ 61%] Built target audio_msgs__rosidl_typesupport_c
[55.660s] [ 64%] [34m[1mGenerating C introspection for ROS interfaces[0m
[58.978s] [ 67%] [32mBuilding C object CMakeFiles/audio_msgs__rosidl_typesupport_introspection_c.dir/rosidl_typesupport_introspection_c/audio_msgs/msg/detail/audio__type_support.c.o[0m
[59.463s] [ 70%] [32m[1mLinking C shared library libaudio_msgs__rosidl_typesupport_introspection_c.so[0m
[59.878s] [ 70%] Built target audio_msgs__rosidl_typesupport_introspection_c
[60.051s] [ 70%] Built target audio_msgs
[60.292s] [ 74%] [34m[1mGenerating Python code for ROS interfaces[0m
[65.340s] [ 74%] Built target audio_msgs__py
[65.531s] [ 77%] [32mBuilding C object CMakeFiles/audio_msgs__rosidl_generator_py.dir/rosidl_generator_py/audio_msgs/msg/_audio_s.c.o[0m
[66.792s] [ 80%] [32m[1mLinking C shared library rosidl_generator_py/audio_msgs/libaudio_msgs__rosidl_generator_py.so[0m
[67.197s] [ 80%] Built target audio_msgs__rosidl_generator_py
[67.300s] [ 83%] [32mBuilding C object CMakeFiles/audio_msgs__rosidl_typesupport_fastrtps_c__pyext.dir/rosidl_generator_py/audio_msgs/_audio_msgs_s.ep.rosidl_typesupport_fastrtps_c.c.o[0m
[68.185s] [ 87%] [32m[1mLinking C shared library rosidl_generator_py/audio_msgs/audio_msgs_s__rosidl_typesupport_fastrtps_c.cpython-310-aarch64-linux-gnu.so[0m
[68.397s] [ 87%] Built target audio_msgs__rosidl_typesupport_fastrtps_c__pyext
[68.642s] [ 90%] [32mBuilding C object CMakeFiles/audio_msgs__rosidl_typesupport_c__pyext.dir/rosidl_generator_py/audio_msgs/_audio_msgs_s.ep.rosidl_typesupport_c.c.o[0m
[69.303s] [ 93%] [32m[1mLinking C shared library rosidl_generator_py/audio_msgs/audio_msgs_s__rosidl_typesupport_c.cpython-310-aarch64-linux-gnu.so[0m
[69.601s] [ 93%] Built target audio_msgs__rosidl_typesupport_c__pyext
[69.705s] [ 96%] [32mBuilding C object CMakeFiles/audio_msgs__rosidl_typesupport_introspection_c__pyext.dir/rosidl_generator_py/audio_msgs/_audio_msgs_s.ep.rosidl_typesupport_introspection_c.c.o[0m
[70.572s] [100%] [32m[1mLinking C shared library rosidl_generator_py/audio_msgs/audio_msgs_s__rosidl_typesupport_introspection_c.cpython-310-aarch64-linux-gnu.so[0m
[71.118s] [100%] Built target audio_msgs__rosidl_typesupport_introspection_c__pyext
[71.286s] Invoked command in '/home/devuser/Workspaces/build/audio_msgs' returned '0': CMAKE_PREFIX_PATH=${CMAKE_PREFIX_PATH}:/opt/ros/humble /usr/bin/cmake --build /home/devuser/Workspaces/build/audio_msgs -- -j4 -l4
[71.314s] Invoking command in '/home/devuser/Workspaces/build/audio_msgs': CMAKE_PREFIX_PATH=${CMAKE_PREFIX_PATH}:/opt/ros/humble /usr/bin/cmake --install /home/devuser/Workspaces/build/audio_msgs
[71.381s] -- Install configuration: ""
[71.383s] -- Execute custom install script
[71.387s] -- Symlinking: /home/devuser/Workspaces/install/audio_msgs/share/ament_index/resource_index/rosidl_interfaces/audio_msgs
[71.434s] -- Symlinking: /home/devuser/Workspaces/install/audio_msgs/include/audio_msgs/audio_msgs/msg/audio.h
[71.479s] -- Symlinking: /home/devuser/Workspaces/install/audio_msgs/include/audio_msgs/audio_msgs/msg/detail/audio__functions.h
[71.547s] -- Symlinking: /home/devuser/Workspaces/install/audio_msgs/include/audio_msgs/audio_msgs/msg/detail/audio__struct.h
[71.671s] -- Symlinking: /home/devuser/Workspaces/install/audio_msgs/include/audio_msgs/audio_msgs/msg/detail/audio__type_support.h
[71.730s] -- Symlinking: /home/devuser/Workspaces/install/audio_msgs/include/audio_msgs/audio_msgs/msg/rosidl_generator_c__visibility_control.h
[71.779s] -- Symlinking: /home/devuser/Workspaces/install/audio_msgs/share/audio_msgs/environment/library_path.sh
[71.820s] -- Symlinking: /home/devuser/Workspaces/install/audio_msgs/share/audio_msgs/environment/library_path.dsv
[71.868s] -- Symlinking: /home/devuser/Workspaces/install/audio_msgs/include/audio_msgs/audio_msgs/msg/detail/audio__rosidl_typesupport_fastrtps_c.h
[71.941s] -- Symlinking: /home/devuser/Workspaces/install/audio_msgs/include/audio_msgs/audio_msgs/msg/rosidl_typesupport_fastrtps_c__visibility_control.h
[72.030s] -- Symlinking: /home/devuser/Workspaces/install/audio_msgs/include/audio_msgs/audio_msgs/msg/audio.hpp
[72.103s] -- Symlinking: /home/devuser/Workspaces/install/audio_msgs/include/audio_msgs/audio_msgs/msg/detail/audio__builder.hpp
[72.168s] -- Symlinking: /home/devuser/Workspaces/install/audio_msgs/include/audio_msgs/audio_msgs/msg/detail/audio__struct.hpp
[72.225s] -- Symlinking: /home/devuser/Workspaces/install/audio_msgs/include/audio_msgs/audio_msgs/msg/detail/audio__traits.hpp
[72.307s] -- Symlinking: /home/devuser/Workspaces/install/audio_msgs/include/audio_msgs/audio_msgs/msg/detail/audio__type_support.hpp
[72.399s] -- Symlinking: /home/devuser/Workspaces/install/audio_msgs/include/audio_msgs/audio_msgs/msg/rosidl_generator_cpp__visibility_control.hpp
[72.478s] -- Symlinking: /home/devuser/Workspaces/install/audio_msgs/include/audio_msgs/audio_msgs/msg/detail/audio__rosidl_typesupport_fastrtps_cpp.hpp
[72.582s] -- Symlinking: /home/devuser/Workspaces/install/audio_msgs/include/audio_msgs/audio_msgs/msg/rosidl_typesupport_fastrtps_cpp__visibility_control.h
[72.670s] -- Symlinking: /home/devuser/Workspaces/install/audio_msgs/include/audio_msgs/audio_msgs/msg/detail/audio__rosidl_typesupport_introspection_c.h
[72.751s] -- Symlinking: /home/devuser/Workspaces/install/audio_msgs/include/audio_msgs/audio_msgs/msg/rosidl_typesupport_introspection_c__visibility_control.h
[72.803s] -- Symlinking: /home/devuser/Workspaces/install/audio_msgs/include/audio_msgs/audio_msgs/msg/detail/audio__rosidl_typesupport_introspection_cpp.hpp
[72.851s] -- Symlinking: /home/devuser/Workspaces/install/audio_msgs/share/audio_msgs/environment/pythonpath.sh
[72.894s] -- Symlinking: /home/devuser/Workspaces/install/audio_msgs/share/audio_msgs/environment/pythonpath.dsv
[72.947s] -- Symlinking: /home/devuser/Workspaces/install/audio_msgs/local/lib/python3.10/dist-packages/audio_msgs-0.0.0-py3.10.egg-info/PKG-INFO
[73.043s] -- Symlinking: /home/devuser/Workspaces/install/audio_msgs/local/lib/python3.10/dist-packages/audio_msgs-0.0.0-py3.10.egg-info/SOURCES.txt
[73.101s] -- Symlinking: /home/devuser/Workspaces/install/audio_msgs/local/lib/python3.10/dist-packages/audio_msgs-0.0.0-py3.10.egg-info/dependency_links.txt
[73.167s] -- Symlinking: /home/devuser/Workspaces/install/audio_msgs/local/lib/python3.10/dist-packages/audio_msgs-0.0.0-py3.10.egg-info/top_level.txt
[73.232s] -- Symlinking: /home/devuser/Workspaces/install/audio_msgs/local/lib/python3.10/dist-packages/audio_msgs/__init__.py
[73.289s] -- Symlinking: /home/devuser/Workspaces/install/audio_msgs/local/lib/python3.10/dist-packages/audio_msgs/_audio_msgs_s.ep.rosidl_typesupport_c.c
[73.353s] -- Symlinking: /home/devuser/Workspaces/install/audio_msgs/local/lib/python3.10/dist-packages/audio_msgs/_audio_msgs_s.ep.rosidl_typesupport_fastrtps_c.c
[73.527s] -- Symlinking: /home/devuser/Workspaces/install/audio_msgs/local/lib/python3.10/dist-packages/audio_msgs/_audio_msgs_s.ep.rosidl_typesupport_introspection_c.c
[73.675s] -- Symlinking: /home/devuser/Workspaces/install/audio_msgs/local/lib/python3.10/dist-packages/audio_msgs/audio_msgs_s__rosidl_typesupport_c.cpython-310-aarch64-linux-gnu.so
[73.788s] -- Symlinking: /home/devuser/Workspaces/install/audio_msgs/local/lib/python3.10/dist-packages/audio_msgs/audio_msgs_s__rosidl_typesupport_fastrtps_c.cpython-310-aarch64-linux-gnu.so
[73.849s] -- Symlinking: /home/devuser/Workspaces/install/audio_msgs/local/lib/python3.10/dist-packages/audio_msgs/audio_msgs_s__rosidl_typesupport_introspection_c.cpython-310-aarch64-linux-gnu.so
[73.952s] -- Symlinking: /home/devuser/Workspaces/install/audio_msgs/local/lib/python3.10/dist-packages/audio_msgs/libaudio_msgs__rosidl_generator_py.so
[74.054s] -- Symlinking: /home/devuser/Workspaces/install/audio_msgs/local/lib/python3.10/dist-packages/audio_msgs/msg/__init__.py
[74.138s] -- Symlinking: /home/devuser/Workspaces/install/audio_msgs/local/lib/python3.10/dist-packages/audio_msgs/msg/_audio.py
[74.245s] -- Symlinking: /home/devuser/Workspaces/install/audio_msgs/local/lib/python3.10/dist-packages/audio_msgs/msg/_audio_s.c
[74.311s] -- Up-to-date symlink: /home/devuser/Workspaces/install/audio_msgs/local/lib/python3.10/dist-packages/audio_msgs/audio_msgs_s__rosidl_typesupport_fastrtps_c.cpython-310-aarch64-linux-gnu.so
[74.316s] -- Up-to-date symlink: /home/devuser/Workspaces/install/audio_msgs/local/lib/python3.10/dist-packages/audio_msgs/audio_msgs_s__rosidl_typesupport_introspection_c.cpython-310-aarch64-linux-gnu.so
[74.321s] -- Up-to-date symlink: /home/devuser/Workspaces/install/audio_msgs/local/lib/python3.10/dist-packages/audio_msgs/audio_msgs_s__rosidl_typesupport_c.cpython-310-aarch64-linux-gnu.so
[74.326s] -- Symlinking: /home/devuser/Workspaces/install/audio_msgs/share/audio_msgs/msg/Audio.idl
[74.376s] -- Symlinking: /home/devuser/Workspaces/install/audio_msgs/share/audio_msgs/msg/Audio.msg
[74.428s] -- Symlinking: /home/devuser/Workspaces/install/audio_msgs/share/ament_index/resource_index/package_run_dependencies/audio_msgs
[74.476s] -- Symlinking: /home/devuser/Workspaces/install/audio_msgs/share/ament_index/resource_index/parent_prefix_path/audio_msgs
[74.512s] -- Symlinking: /home/devuser/Workspaces/install/audio_msgs/share/audio_msgs/environment/ament_prefix_path.sh
[74.557s] -- Symlinking: /home/devuser/Workspaces/install/audio_msgs/share/audio_msgs/environment/ament_prefix_path.dsv
[74.620s] -- Symlinking: /home/devuser/Workspaces/install/audio_msgs/share/audio_msgs/environment/path.sh
[74.692s] -- Symlinking: /home/devuser/Workspaces/install/audio_msgs/share/audio_msgs/environment/path.dsv
[74.757s] -- Symlinking: /home/devuser/Workspaces/install/audio_msgs/share/audio_msgs/local_setup.bash
[74.829s] -- Symlinking: /home/devuser/Workspaces/install/audio_msgs/share/audio_msgs/local_setup.sh
[74.868s] -- Symlinking: /home/devuser/Workspaces/install/audio_msgs/share/audio_msgs/local_setup.zsh
[74.911s] -- Symlinking: /home/devuser/Workspaces/install/audio_msgs/share/audio_msgs/local_setup.dsv
[74.963s] -- Symlinking: /home/devuser/Workspaces/install/audio_msgs/share/audio_msgs/package.dsv
[75.025s] -- Symlinking: /home/devuser/Workspaces/install/audio_msgs/share/ament_index/resource_index/packages/audio_msgs
[75.088s] -- Symlinking: /home/devuser/Workspaces/install/audio_msgs/share/audio_msgs/cmake/rosidl_cmake-extras.cmake
[75.130s] -- Symlinking: /home/devuser/Workspaces/install/audio_msgs/share/audio_msgs/cmake/ament_cmake_export_dependencies-extras.cmake
[75.176s] -- Symlinking: /home/devuser/Workspaces/install/audio_msgs/share/audio_msgs/cmake/ament_cmake_export_include_directories-extras.cmake
[75.218s] -- Symlinking: /home/devuser/Workspaces/install/audio_msgs/share/audio_msgs/cmake/ament_cmake_export_libraries-extras.cmake
[75.266s] -- Symlinking: /home/devuser/Workspaces/install/audio_msgs/share/audio_msgs/cmake/ament_cmake_export_targets-extras.cmake
[75.319s] -- Symlinking: /home/devuser/Workspaces/install/audio_msgs/share/audio_msgs/cmake/rosidl_cmake_export_typesupport_targets-extras.cmake
[75.403s] -- Symlinking: /home/devuser/Workspaces/install/audio_msgs/share/audio_msgs/cmake/rosidl_cmake_export_typesupport_libraries-extras.cmake
[75.482s] -- Symlinking: /home/devuser/Workspaces/install/audio_msgs/share/audio_msgs/cmake/audio_msgsConfig.cmake
[75.596s] -- Symlinking: /home/devuser/Workspaces/install/audio_msgs/share/audio_msgs/cmake/audio_msgsConfig-version.cmake
[75.665s] -- Symlinking: /home/devuser/Workspaces/install/audio_msgs/share/audio_msgs/package.xml
[75.738s] -- Installing: /home/devuser/Workspaces/install/audio_msgs/lib/libaudio_msgs__rosidl_generator_c.so
[75.741s] -- Set runtime path of "/home/devuser/Workspaces/install/audio_msgs/lib/libaudio_msgs__rosidl_generator_c.so" to ""
[75.742s] -- Installing: /home/devuser/Workspaces/install/audio_msgs/lib/libaudio_msgs__rosidl_typesupport_fastrtps_c.so
[75.743s] -- Set runtime path of "/home/devuser/Workspaces/install/audio_msgs/lib/libaudio_msgs__rosidl_typesupport_fastrtps_c.so" to ""
[75.748s] -- Installing: /home/devuser/Workspaces/install/audio_msgs/lib/libaudio_msgs__rosidl_typesupport_fastrtps_cpp.so
[75.749s] -- Set runtime path of "/home/devuser/Workspaces/install/audio_msgs/lib/libaudio_msgs__rosidl_typesupport_fastrtps_cpp.so" to ""
[75.752s] -- Installing: /home/devuser/Workspaces/install/audio_msgs/lib/libaudio_msgs__rosidl_typesupport_introspection_c.so
[75.753s] -- Set runtime path of "/home/devuser/Workspaces/install/audio_msgs/lib/libaudio_msgs__rosidl_typesupport_introspection_c.so" to ""
[75.756s] -- Installing: /home/devuser/Workspaces/install/audio_msgs/lib/libaudio_msgs__rosidl_typesupport_c.so
[75.756s] -- Set runtime path of "/home/devuser/Workspaces/install/audio_msgs/lib/libaudio_msgs__rosidl_typesupport_c.so" to ""
[75.757s] -- Installing: /home/devuser/Workspaces/install/audio_msgs/lib/libaudio_msgs__rosidl_typesupport_introspection_cpp.so
[75.772s] -- Set runtime path of "/home/devuser/Workspaces/install/audio_msgs/lib/libaudio_msgs__rosidl_typesupport_introspection_cpp.so" to ""
[75.774s] -- Installing: /home/devuser/Workspaces/install/audio_msgs/lib/libaudio_msgs__rosidl_typesupport_cpp.so
[75.775s] -- Set runtime path of "/home/devuser/Workspaces/install/audio_msgs/lib/libaudio_msgs__rosidl_typesupport_cpp.so" to ""
[76.095s] Listing '/home/devuser/Workspaces/install/audio_msgs/local/lib/python3.10/dist-packages/audio_msgs'...
[76.096s] Compiling '/home/devuser/Workspaces/install/audio_msgs/local/lib/python3.10/dist-packages/audio_msgs/__init__.py'...
[76.096s] Listing '/home/devuser/Workspaces/install/audio_msgs/local/lib/python3.10/dist-packages/audio_msgs/msg'...
[76.097s] Compiling '/home/devuser/Workspaces/install/audio_msgs/local/lib/python3.10/dist-packages/audio_msgs/msg/__init__.py'...
[76.097s] Compiling '/home/devuser/Workspaces/install/audio_msgs/local/lib/python3.10/dist-packages/audio_msgs/msg/_audio.py'...
[76.171s] -- Installing: /home/devuser/Workspaces/install/audio_msgs/lib/libaudio_msgs__rosidl_generator_py.so
[76.182s] -- Set runtime path of "/home/devuser/Workspaces/install/audio_msgs/lib/libaudio_msgs__rosidl_generator_py.so" to ""
[76.186s] -- Installing: /home/devuser/Workspaces/install/audio_msgs/share/audio_msgs/cmake/export_audio_msgs__rosidl_generator_cExport.cmake
[76.189s] -- Installing: /home/devuser/Workspaces/install/audio_msgs/share/audio_msgs/cmake/export_audio_msgs__rosidl_generator_cExport-noconfig.cmake
[76.193s] -- Installing: /home/devuser/Workspaces/install/audio_msgs/share/audio_msgs/cmake/export_audio_msgs__rosidl_typesupport_fastrtps_cExport.cmake
[76.197s] -- Installing: /home/devuser/Workspaces/install/audio_msgs/share/audio_msgs/cmake/export_audio_msgs__rosidl_typesupport_fastrtps_cExport-noconfig.cmake
[76.212s] -- Installing: /home/devuser/Workspaces/install/audio_msgs/share/audio_msgs/cmake/export_audio_msgs__rosidl_generator_cppExport.cmake
[76.212s] -- Installing: /home/devuser/Workspaces/install/audio_msgs/share/audio_msgs/cmake/export_audio_msgs__rosidl_typesupport_fastrtps_cppExport.cmake
[76.224s] -- Installing: /home/devuser/Workspaces/install/audio_msgs/share/audio_msgs/cmake/export_audio_msgs__rosidl_typesupport_fastrtps_cppExport-noconfig.cmake
[76.243s] -- Installing: /home/devuser/Workspaces/install/audio_msgs/share/audio_msgs/cmake/audio_msgs__rosidl_typesupport_introspection_cExport.cmake
[76.245s] -- Installing: /home/devuser/Workspaces/install/audio_msgs/share/audio_msgs/cmake/audio_msgs__rosidl_typesupport_introspection_cExport-noconfig.cmake
[76.247s] -- Installing: /home/devuser/Workspaces/install/audio_msgs/share/audio_msgs/cmake/audio_msgs__rosidl_typesupport_cExport.cmake
[76.250s] -- Installing: /home/devuser/Workspaces/install/audio_msgs/share/audio_msgs/cmake/audio_msgs__rosidl_typesupport_cExport-noconfig.cmake
[76.252s] -- Installing: /home/devuser/Workspaces/install/audio_msgs/share/audio_msgs/cmake/audio_msgs__rosidl_typesupport_introspection_cppExport.cmake
[76.258s] -- Installing: /home/devuser/Workspaces/install/audio_msgs/share/audio_msgs/cmake/audio_msgs__rosidl_typesupport_introspection_cppExport-noconfig.cmake
[76.262s] -- Installing: /home/devuser/Workspaces/install/audio_msgs/share/audio_msgs/cmake/audio_msgs__rosidl_typesupport_cppExport.cmake
[76.269s] -- Installing: /home/devuser/Workspaces/install/audio_msgs/share/audio_msgs/cmake/audio_msgs__rosidl_typesupport_cppExport-noconfig.cmake
[76.277s] -- Installing: /home/devuser/Workspaces/install/audio_msgs/share/audio_msgs/cmake/export_audio_msgs__rosidl_generator_pyExport.cmake
[76.292s] -- Installing: /home/devuser/Workspaces/install/audio_msgs/share/audio_msgs/cmake/export_audio_msgs__rosidl_generator_pyExport-noconfig.cmake
[76.323s] Invoked command in '/home/devuser/Workspaces/build/audio_msgs' returned '0': CMAKE_PREFIX_PATH=${CMAKE_PREFIX_PATH}:/opt/ros/humble /usr/bin/cmake --install /home/devuser/Workspaces/build/audio_msgs
