-- Found rclcpp: 16.0.5 (/opt/ros/humble/install/share/rclcpp/cmake)
-- Override CMake install command with custom implementation using symlinks instead of copying resources
-- Found rosidl_generator_c: 3.1.5 (/opt/ros/humble/install/share/rosidl_generator_c/cmake)
-- Found rosidl_adapter: 3.1.5 (/opt/ros/humble/install/share/rosidl_adapter/cmake)
-- Found rosidl_generator_cpp: 3.1.5 (/opt/ros/humble/install/share/rosidl_generator_cpp/cmake)
-- Using all available rosidl_typesupport_c: rosidl_typesupport_fastrtps_c;rosidl_typesupport_introspection_c
-- Using all available rosidl_typesupport_cpp: rosidl_typesupport_fastrtps_cpp;rosidl_typesupport_introspection_cpp
-- Found rmw_implementation_cmake: 6.1.1 (/opt/ros/humble/install/share/rmw_implementation_cmake/cmake)
-- Found rmw_cyclonedds_cpp: 1.3.4 (/opt/ros/humble/install/share/rmw_cyclonedds_cpp/cmake)
-- Using RMW implementation 'rmw_cyclonedds_cpp' as default
-- Found sensor_msgs: 4.2.3 (/opt/ros/humble/install/share/sensor_msgs/cmake)
-- Found gst_bridge: 0.0.0 (/root/Workspaces/rosgsthumble_ws/install/gst_bridge/share/gst_bridge/cmake)
-- WebRTC Library Found: /usr/lib/aarch64-linux-gnu/libgstwebrtc-1.0.so
-- Using the multi-header code from /root/Workspaces/rosgsthumble_ws/build/webrtc_camera_node/_deps/nlohmann_json-src/include/
-- Configuring done (6.3s)
-- Generating done (0.2s)
-- Build files have been written to: /root/Workspaces/rosgsthumble_ws/build/webrtc_camera_node
[ 90%] Built target ixwebsocket
[ 92%] [32mBuilding CXX object CMakeFiles/send_camera_node.dir/src/send_camera_node.cpp.o[0m
[ 95%] [32mBuilding CXX object CMakeFiles/receive_camera_node.dir/src/receive_camera_node.cpp.o[0m
In file included from [01m[K/root/Workspaces/rosgsthumble_ws/src/webrtc_camera_node/src/receive_camera_node.cpp:9:0[m[K:
[01m[K/usr/include/gstreamer-1.0/gst/webrtc/webrtc.h:28:10:[m[K [01;31m[Kfatal error: [m[Kgst/webrtc/rtcsessiondescription.h: No such file or directory
 #include [01;31m[K<gst/webrtc/rtcsessiondescription.h>[m[K
          [01;31m[K^~~~~~~~~~~~~~~~~~~~~~~~~~~~~~~~~~~~[m[K
compilation terminated.
In file included from [01m[K/root/Workspaces/rosgsthumble_ws/src/webrtc_camera_node/src/send_camera_node.cpp:6:0[m[K:
[01m[K/usr/include/gstreamer-1.0/gst/webrtc/webrtc.h:28:10:[m[K [01;31m[Kfatal error: [m[Kgst/webrtc/rtcsessiondescription.h: No such file or directory
 #include [01;31m[K<gst/webrtc/rtcsessiondescription.h>[m[K
          [01;31m[K^~~~~~~~~~~~~~~~~~~~~~~~~~~~~~~~~~~~[m[K
compilation terminated.
make[2]: *** [CMakeFiles/receive_camera_node.dir/src/receive_camera_node.cpp.o] Error 1
make[1]: *** [CMakeFiles/receive_camera_node.dir/all] Error 2
make[1]: *** Waiting for unfinished jobs....
CMakeFiles/receive_camera_node.dir/build.make:75: recipe for target 'CMakeFiles/receive_camera_node.dir/src/receive_camera_node.cpp.o' failed
CMakeFiles/Makefile2:199: recipe for target 'CMakeFiles/receive_camera_node.dir/all' failed
make[2]: *** [CMakeFiles/send_camera_node.dir/src/send_camera_node.cpp.o] Error 1
CMakeFiles/send_camera_node.dir/build.make:75: recipe for target 'CMakeFiles/send_camera_node.dir/src/send_camera_node.cpp.o' failed
CMakeFiles/Makefile2:173: recipe for target 'CMakeFiles/send_camera_node.dir/all' failed
make[1]: *** [CMakeFiles/send_camera_node.dir/all] Error 2
make: *** [all] Error 2
Makefile:145: recipe for target 'all' failed
