[0.171s] Invoking command in '/home/devuser/Workspaces/rosgsthumble_ws/build/gst_pipeline_plugins': CMAKE_PREFIX_PATH=/home/devuser/Workspaces/rosgsthumble_ws/install/gst_pipeline:/home/devuser/Workspaces/rosgsthumble_ws/install/gst_bridge:/home/devuser/Workspaces/rosgsthumble_ws/install/gst_msgs:/home/devuser/Workspaces/rosgsthumble_ws/install/audio_msgs:/home/devuser/Workspaces/rosgsthumble_ws/install/webrtc_camera_node:/home/devuser/Workspaces/rosgsthumble_ws/install/realsense2_description:/home/devuser/Workspaces/rosgsthumble_ws/install/realsense2_camera:/home/devuser/Workspaces/rosgsthumble_ws/install/realsense2_camera_msgs:/home/devuser/Workspaces/rosgsthumble_ws/install/gst_pipeline_plugins_webrtc:/home/devuser/Workspaces/rosgsthumble_ws/install/gst_pipeline_plugins:/home/devuser/Workspaces/rosgsthumble_ws/install/cpp_campub:/opt/ros/humble LD_LIBRARY_PATH=/home/devuser/Workspaces/rosgsthumble_ws/install/gst_pipeline/lib:/home/devuser/Workspaces/rosgsthumble_ws/install/gst_bridge/lib:/home/devuser/Workspaces/rosgsthumble_ws/install/gst_msgs/lib:/home/devuser/Workspaces/rosgsthumble_ws/install/audio_msgs/lib:/home/devuser/Workspaces/rosgsthumble_ws/install/realsense2_camera/lib:/home/devuser/Workspaces/rosgsthumble_ws/install/realsense2_camera_msgs/lib:/home/devuser/Workspaces/rosgsthumble_ws/install/gst_pipeline_plugins_webrtc/lib:/home/devuser/Workspaces/rosgsthumble_ws/install/gst_pipeline_plugins/lib:/opt/ros/humble/lib/aarch64-linux-gnu:/opt/ros/humble/lib /usr/bin/cmake --build /home/devuser/Workspaces/rosgsthumble_ws/build/gst_pipeline_plugins -- -j4 -l4
[0.975s] [100%] Built target gst_pipeline_plugins
[1.039s] Invoked command in '/home/devuser/Workspaces/rosgsthumble_ws/build/gst_pipeline_plugins' returned '0': CMAKE_PREFIX_PATH=/home/devuser/Workspaces/rosgsthumble_ws/install/gst_pipeline:/home/devuser/Workspaces/rosgsthumble_ws/install/gst_bridge:/home/devuser/Workspaces/rosgsthumble_ws/install/gst_msgs:/home/devuser/Workspaces/rosgsthumble_ws/install/audio_msgs:/home/devuser/Workspaces/rosgsthumble_ws/install/webrtc_camera_node:/home/devuser/Workspaces/rosgsthumble_ws/install/realsense2_description:/home/devuser/Workspaces/rosgsthumble_ws/install/realsense2_camera:/home/devuser/Workspaces/rosgsthumble_ws/install/realsense2_camera_msgs:/home/devuser/Workspaces/rosgsthumble_ws/install/gst_pipeline_plugins_webrtc:/home/devuser/Workspaces/rosgsthumble_ws/install/gst_pipeline_plugins:/home/devuser/Workspaces/rosgsthumble_ws/install/cpp_campub:/opt/ros/humble LD_LIBRARY_PATH=/home/devuser/Workspaces/rosgsthumble_ws/install/gst_pipeline/lib:/home/devuser/Workspaces/rosgsthumble_ws/install/gst_bridge/lib:/home/devuser/Workspaces/rosgsthumble_ws/install/gst_msgs/lib:/home/devuser/Workspaces/rosgsthumble_ws/install/audio_msgs/lib:/home/devuser/Workspaces/rosgsthumble_ws/install/realsense2_camera/lib:/home/devuser/Workspaces/rosgsthumble_ws/install/realsense2_camera_msgs/lib:/home/devuser/Workspaces/rosgsthumble_ws/install/gst_pipeline_plugins_webrtc/lib:/home/devuser/Workspaces/rosgsthumble_ws/install/gst_pipeline_plugins/lib:/opt/ros/humble/lib/aarch64-linux-gnu:/opt/ros/humble/lib /usr/bin/cmake --build /home/devuser/Workspaces/rosgsthumble_ws/build/gst_pipeline_plugins -- -j4 -l4
[1.200s] Invoking command in '/home/devuser/Workspaces/rosgsthumble_ws/build/gst_pipeline_plugins': CMAKE_PREFIX_PATH=/home/devuser/Workspaces/rosgsthumble_ws/install/gst_pipeline:/home/devuser/Workspaces/rosgsthumble_ws/install/gst_bridge:/home/devuser/Workspaces/rosgsthumble_ws/install/gst_msgs:/home/devuser/Workspaces/rosgsthumble_ws/install/audio_msgs:/home/devuser/Workspaces/rosgsthumble_ws/install/webrtc_camera_node:/home/devuser/Workspaces/rosgsthumble_ws/install/realsense2_description:/home/devuser/Workspaces/rosgsthumble_ws/install/realsense2_camera:/home/devuser/Workspaces/rosgsthumble_ws/install/realsense2_camera_msgs:/home/devuser/Workspaces/rosgsthumble_ws/install/gst_pipeline_plugins_webrtc:/home/devuser/Workspaces/rosgsthumble_ws/install/gst_pipeline_plugins:/home/devuser/Workspaces/rosgsthumble_ws/install/cpp_campub:/opt/ros/humble LD_LIBRARY_PATH=/home/devuser/Workspaces/rosgsthumble_ws/install/gst_pipeline/lib:/home/devuser/Workspaces/rosgsthumble_ws/install/gst_bridge/lib:/home/devuser/Workspaces/rosgsthumble_ws/install/gst_msgs/lib:/home/devuser/Workspaces/rosgsthumble_ws/install/audio_msgs/lib:/home/devuser/Workspaces/rosgsthumble_ws/install/realsense2_camera/lib:/home/devuser/Workspaces/rosgsthumble_ws/install/realsense2_camera_msgs/lib:/home/devuser/Workspaces/rosgsthumble_ws/install/gst_pipeline_plugins_webrtc/lib:/home/devuser/Workspaces/rosgsthumble_ws/install/gst_pipeline_plugins/lib:/opt/ros/humble/lib/aarch64-linux-gnu:/opt/ros/humble/lib /usr/bin/cmake --install /home/devuser/Workspaces/rosgsthumble_ws/build/gst_pipeline_plugins
[1.275s] -- Install configuration: ""
[1.360s] -- Execute custom install script
[1.363s] -- Up-to-date symlink: /home/devuser/Workspaces/rosgsthumble_ws/install/gst_pipeline_plugins/share/gst_pipeline_plugins//plugins.xml
[1.364s] -- Up-to-date symlink: /home/devuser/Workspaces/rosgsthumble_ws/install/gst_pipeline_plugins/include/gst_pipeline_plugins/bridge.h
[1.367s] -- Up-to-date symlink: /home/devuser/Workspaces/rosgsthumble_ws/install/gst_pipeline_plugins/include/gst_pipeline_plugins/buffer_observer.h
[1.373s] -- Up-to-date symlink: /home/devuser/Workspaces/rosgsthumble_ws/install/gst_pipeline_plugins/include/gst_pipeline_plugins/clock_observer.h
[1.381s] -- Up-to-date symlink: /home/devuser/Workspaces/rosgsthumble_ws/install/gst_pipeline_plugins/include/gst_pipeline_plugins/framegate.h
[1.383s] -- Up-to-date symlink: /home/devuser/Workspaces/rosgsthumble_ws/install/gst_pipeline_plugins/include/gst_pipeline_plugins/meta/gstmark.h
[1.396s] -- Up-to-date symlink: /home/devuser/Workspaces/rosgsthumble_ws/install/gst_pipeline_plugins/include/gst_pipeline_plugins/metadata_hook.h
[1.401s] -- Up-to-date symlink: /home/devuser/Workspaces/rosgsthumble_ws/install/gst_pipeline_plugins/include/gst_pipeline_plugins/multifilesink_observer.h
[1.402s] -- Up-to-date symlink: /home/devuser/Workspaces/rosgsthumble_ws/install/gst_pipeline_plugins/include/gst_pipeline_plugins/net_clock.h
[1.402s] -- Up-to-date symlink: /home/devuser/Workspaces/rosgsthumble_ws/install/gst_pipeline_plugins/include/gst_pipeline_plugins/parameters.h
[1.403s] -- Up-to-date symlink: /home/devuser/Workspaces/rosgsthumble_ws/install/gst_pipeline_plugins/include/gst_pipeline_plugins/pause_srv.h
[1.403s] -- Up-to-date symlink: /home/devuser/Workspaces/rosgsthumble_ws/install/gst_pipeline_plugins/include/gst_pipeline_plugins/rtp_header_hook.h
[1.404s] -- Up-to-date symlink: /home/devuser/Workspaces/rosgsthumble_ws/install/gst_pipeline_plugins/share/gst_pipeline_plugins/config/parameters_example.config.yaml
[1.407s] -- Up-to-date symlink: /home/devuser/Workspaces/rosgsthumble_ws/install/gst_pipeline_plugins/share/gst_pipeline_plugins/launch/parameters_example.launch.py
[1.408s] -- Up-to-date symlink: /home/devuser/Workspaces/rosgsthumble_ws/install/gst_pipeline_plugins/share/gst_pipeline_plugins/environment/library_path.sh
[1.412s] -- Up-to-date symlink: /home/devuser/Workspaces/rosgsthumble_ws/install/gst_pipeline_plugins/share/gst_pipeline_plugins/environment/library_path.dsv
[1.427s] -- Up-to-date symlink: /home/devuser/Workspaces/rosgsthumble_ws/install/gst_pipeline_plugins/share/ament_index/resource_index/package_run_dependencies/gst_pipeline_plugins
[1.431s] -- Up-to-date symlink: /home/devuser/Workspaces/rosgsthumble_ws/install/gst_pipeline_plugins/share/ament_index/resource_index/parent_prefix_path/gst_pipeline_plugins
[1.433s] -- Up-to-date symlink: /home/devuser/Workspaces/rosgsthumble_ws/install/gst_pipeline_plugins/share/gst_pipeline_plugins/environment/ament_prefix_path.sh
[1.435s] -- Up-to-date symlink: /home/devuser/Workspaces/rosgsthumble_ws/install/gst_pipeline_plugins/share/gst_pipeline_plugins/environment/ament_prefix_path.dsv
[1.440s] -- Up-to-date symlink: /home/devuser/Workspaces/rosgsthumble_ws/install/gst_pipeline_plugins/share/gst_pipeline_plugins/environment/path.sh
[1.442s] -- Up-to-date symlink: /home/devuser/Workspaces/rosgsthumble_ws/install/gst_pipeline_plugins/share/gst_pipeline_plugins/environment/path.dsv
[1.444s] -- Up-to-date symlink: /home/devuser/Workspaces/rosgsthumble_ws/install/gst_pipeline_plugins/share/gst_pipeline_plugins/local_setup.bash
[1.456s] -- Up-to-date symlink: /home/devuser/Workspaces/rosgsthumble_ws/install/gst_pipeline_plugins/share/gst_pipeline_plugins/local_setup.sh
[1.458s] -- Up-to-date symlink: /home/devuser/Workspaces/rosgsthumble_ws/install/gst_pipeline_plugins/share/gst_pipeline_plugins/local_setup.zsh
[1.460s] -- Up-to-date symlink: /home/devuser/Workspaces/rosgsthumble_ws/install/gst_pipeline_plugins/share/gst_pipeline_plugins/local_setup.dsv
[1.461s] -- Symlinking: /home/devuser/Workspaces/rosgsthumble_ws/install/gst_pipeline_plugins/share/gst_pipeline_plugins/package.dsv
[1.496s] -- Up-to-date symlink: /home/devuser/Workspaces/rosgsthumble_ws/install/gst_pipeline_plugins/share/ament_index/resource_index/packages/gst_pipeline_plugins
[1.497s] -- Up-to-date symlink: /home/devuser/Workspaces/rosgsthumble_ws/install/gst_pipeline_plugins/share/ament_index/resource_index/gst_pipeline__pluginlib__plugin/gst_pipeline_plugins
[1.498s] -- Up-to-date symlink: /home/devuser/Workspaces/rosgsthumble_ws/install/gst_pipeline_plugins/share/gst_pipeline_plugins/cmake/ament_cmake_export_include_directories-extras.cmake
[1.500s] -- Up-to-date symlink: /home/devuser/Workspaces/rosgsthumble_ws/install/gst_pipeline_plugins/share/gst_pipeline_plugins/cmake/ament_cmake_export_libraries-extras.cmake
[1.501s] -- Up-to-date symlink: /home/devuser/Workspaces/rosgsthumble_ws/install/gst_pipeline_plugins/share/gst_pipeline_plugins/cmake/ament_cmake_export_targets-extras.cmake
[1.502s] -- Up-to-date symlink: /home/devuser/Workspaces/rosgsthumble_ws/install/gst_pipeline_plugins/share/gst_pipeline_plugins/cmake/ament_cmake_export_dependencies-extras.cmake
[1.504s] -- Up-to-date symlink: /home/devuser/Workspaces/rosgsthumble_ws/install/gst_pipeline_plugins/share/gst_pipeline_plugins/cmake/gst_pipeline_pluginsConfig.cmake
[1.505s] -- Up-to-date symlink: /home/devuser/Workspaces/rosgsthumble_ws/install/gst_pipeline_plugins/share/gst_pipeline_plugins/cmake/gst_pipeline_pluginsConfig-version.cmake
[1.505s] -- Up-to-date symlink: /home/devuser/Workspaces/rosgsthumble_ws/install/gst_pipeline_plugins/share/gst_pipeline_plugins/package.xml
[1.517s] -- Up-to-date: /home/devuser/Workspaces/rosgsthumble_ws/install/gst_pipeline_plugins/lib/libgst_pipeline_plugins.so
[1.532s] -- Up-to-date: /home/devuser/Workspaces/rosgsthumble_ws/install/gst_pipeline_plugins/share/gst_pipeline_plugins/cmake/export_gst_pipeline_pluginsExport.cmake
[1.534s] -- Up-to-date: /home/devuser/Workspaces/rosgsthumble_ws/install/gst_pipeline_plugins/share/gst_pipeline_plugins/cmake/export_gst_pipeline_pluginsExport-noconfig.cmake
[1.571s] Invoked command in '/home/devuser/Workspaces/rosgsthumble_ws/build/gst_pipeline_plugins' returned '0': CMAKE_PREFIX_PATH=/home/devuser/Workspaces/rosgsthumble_ws/install/gst_pipeline:/home/devuser/Workspaces/rosgsthumble_ws/install/gst_bridge:/home/devuser/Workspaces/rosgsthumble_ws/install/gst_msgs:/home/devuser/Workspaces/rosgsthumble_ws/install/audio_msgs:/home/devuser/Workspaces/rosgsthumble_ws/install/webrtc_camera_node:/home/devuser/Workspaces/rosgsthumble_ws/install/realsense2_description:/home/devuser/Workspaces/rosgsthumble_ws/install/realsense2_camera:/home/devuser/Workspaces/rosgsthumble_ws/install/realsense2_camera_msgs:/home/devuser/Workspaces/rosgsthumble_ws/install/gst_pipeline_plugins_webrtc:/home/devuser/Workspaces/rosgsthumble_ws/install/gst_pipeline_plugins:/home/devuser/Workspaces/rosgsthumble_ws/install/cpp_campub:/opt/ros/humble LD_LIBRARY_PATH=/home/devuser/Workspaces/rosgsthumble_ws/install/gst_pipeline/lib:/home/devuser/Workspaces/rosgsthumble_ws/install/gst_bridge/lib:/home/devuser/Workspaces/rosgsthumble_ws/install/gst_msgs/lib:/home/devuser/Workspaces/rosgsthumble_ws/install/audio_msgs/lib:/home/devuser/Workspaces/rosgsthumble_ws/install/realsense2_camera/lib:/home/devuser/Workspaces/rosgsthumble_ws/install/realsense2_camera_msgs/lib:/home/devuser/Workspaces/rosgsthumble_ws/install/gst_pipeline_plugins_webrtc/lib:/home/devuser/Workspaces/rosgsthumble_ws/install/gst_pipeline_plugins/lib:/opt/ros/humble/lib/aarch64-linux-gnu:/opt/ros/humble/lib /usr/bin/cmake --install /home/devuser/Workspaces/rosgsthumble_ws/build/gst_pipeline_plugins
