[0.105s] Invoking command in '/home/devuser/Workspaces/rosgsthumble_ws/build/gst_msgs': CMAKE_PREFIX_PATH=${CMAKE_PREFIX_PATH}:/opt/ros/humble /usr/bin/cmake --build /home/devuser/Workspaces/rosgsthumble_ws/build/gst_msgs -- -j4 -l4
[0.677s] [  1%] Built target gst_msgs__cpp
[0.758s] [ 12%] Built target gst_msgs__rosidl_generator_c
[0.906s] [ 12%] Built target ament_cmake_python_symlink_gst_msgs
[1.108s] [ 24%] Built target gst_msgs__rosidl_typesupport_cpp
[1.136s] [ 35%] Built target gst_msgs__rosidl_typesupport_introspection_cpp
[1.162s] [ 46%] Built target gst_msgs__rosidl_typesupport_fastrtps_cpp
[1.406s] [ 58%] Built target gst_msgs__rosidl_typesupport_fastrtps_c
[1.511s] [ 79%] Built target gst_msgs__rosidl_typesupport_introspection_c
[1.516s] [ 81%] Built target gst_msgs__rosidl_typesupport_c
[1.795s] [ 81%] Built target gst_msgs
[2.178s] [ 82%] Built target gst_msgs__py
[2.626s] [ 92%] Built target gst_msgs__rosidl_generator_py
[3.002s] [ 94%] Built target gst_msgs__rosidl_typesupport_introspection_c__pyext
[3.041s] [ 97%] Built target gst_msgs__rosidl_typesupport_c__pyext
[3.044s] [100%] Built target gst_msgs__rosidl_typesupport_fastrtps_c__pyext
[3.355s] running egg_info
[3.357s] writing gst_msgs.egg-info/PKG-INFO
[3.360s] writing dependency_links to gst_msgs.egg-info/dependency_links.txt
[3.363s] writing top-level names to gst_msgs.egg-info/top_level.txt
[3.393s] reading manifest file 'gst_msgs.egg-info/SOURCES.txt'
[3.401s] writing manifest file 'gst_msgs.egg-info/SOURCES.txt'
[3.750s] [100%] Built target ament_cmake_python_build_gst_msgs_egg
[3.932s] Invoked command in '/home/devuser/Workspaces/rosgsthumble_ws/build/gst_msgs' returned '0': CMAKE_PREFIX_PATH=${CMAKE_PREFIX_PATH}:/opt/ros/humble /usr/bin/cmake --build /home/devuser/Workspaces/rosgsthumble_ws/build/gst_msgs -- -j4 -l4
[3.947s] Invoking command in '/home/devuser/Workspaces/rosgsthumble_ws/build/gst_msgs': CMAKE_PREFIX_PATH=${CMAKE_PREFIX_PATH}:/opt/ros/humble /usr/bin/cmake --install /home/devuser/Workspaces/rosgsthumble_ws/build/gst_msgs
[3.969s] -- Install configuration: ""
[3.973s] -- Execute custom install script
[3.975s] -- Up-to-date symlink: /home/devuser/Workspaces/rosgsthumble_ws/install/gst_msgs/share/ament_index/resource_index/rosidl_interfaces/gst_msgs
[3.980s] -- Up-to-date symlink: /home/devuser/Workspaces/rosgsthumble_ws/install/gst_msgs/include/gst_msgs/gst_msgs/msg/buffer_event.h
[3.982s] -- Up-to-date symlink: /home/devuser/Workspaces/rosgsthumble_ws/install/gst_msgs/include/gst_msgs/gst_msgs/msg/clock_observation.h
[3.983s] -- Up-to-date symlink: /home/devuser/Workspaces/rosgsthumble_ws/install/gst_msgs/include/gst_msgs/gst_msgs/msg/detail/buffer_event__functions.h
[3.986s] -- Up-to-date symlink: /home/devuser/Workspaces/rosgsthumble_ws/install/gst_msgs/include/gst_msgs/gst_msgs/msg/detail/buffer_event__struct.h
[3.987s] -- Up-to-date symlink: /home/devuser/Workspaces/rosgsthumble_ws/install/gst_msgs/include/gst_msgs/gst_msgs/msg/detail/buffer_event__type_support.h
[3.989s] -- Up-to-date symlink: /home/devuser/Workspaces/rosgsthumble_ws/install/gst_msgs/include/gst_msgs/gst_msgs/msg/detail/clock_observation__functions.h
[3.990s] -- Up-to-date symlink: /home/devuser/Workspaces/rosgsthumble_ws/install/gst_msgs/include/gst_msgs/gst_msgs/msg/detail/clock_observation__struct.h
[3.992s] -- Up-to-date symlink: /home/devuser/Workspaces/rosgsthumble_ws/install/gst_msgs/include/gst_msgs/gst_msgs/msg/detail/clock_observation__type_support.h
[3.994s] -- Up-to-date symlink: /home/devuser/Workspaces/rosgsthumble_ws/install/gst_msgs/include/gst_msgs/gst_msgs/msg/detail/frame_gate__functions.h
[3.995s] -- Up-to-date symlink: /home/devuser/Workspaces/rosgsthumble_ws/install/gst_msgs/include/gst_msgs/gst_msgs/msg/detail/frame_gate__struct.h
[4.002s] -- Up-to-date symlink: /home/devuser/Workspaces/rosgsthumble_ws/install/gst_msgs/include/gst_msgs/gst_msgs/msg/detail/frame_gate__type_support.h
[4.003s] -- Up-to-date symlink: /home/devuser/Workspaces/rosgsthumble_ws/install/gst_msgs/include/gst_msgs/gst_msgs/msg/detail/meta_mark__functions.h
[4.003s] -- Up-to-date symlink: /home/devuser/Workspaces/rosgsthumble_ws/install/gst_msgs/include/gst_msgs/gst_msgs/msg/detail/meta_mark__struct.h
[4.004s] -- Up-to-date symlink: /home/devuser/Workspaces/rosgsthumble_ws/install/gst_msgs/include/gst_msgs/gst_msgs/msg/detail/meta_mark__type_support.h
[4.004s] -- Up-to-date symlink: /home/devuser/Workspaces/rosgsthumble_ws/install/gst_msgs/include/gst_msgs/gst_msgs/msg/detail/multifilesink_event__functions.h
[4.005s] -- Up-to-date symlink: /home/devuser/Workspaces/rosgsthumble_ws/install/gst_msgs/include/gst_msgs/gst_msgs/msg/detail/multifilesink_event__struct.h
[4.007s] -- Up-to-date symlink: /home/devuser/Workspaces/rosgsthumble_ws/install/gst_msgs/include/gst_msgs/gst_msgs/msg/detail/multifilesink_event__type_support.h
[4.009s] -- Up-to-date symlink: /home/devuser/Workspaces/rosgsthumble_ws/install/gst_msgs/include/gst_msgs/gst_msgs/msg/detail/webrtc_ice__functions.h
[4.012s] -- Up-to-date symlink: /home/devuser/Workspaces/rosgsthumble_ws/install/gst_msgs/include/gst_msgs/gst_msgs/msg/detail/webrtc_ice__struct.h
[4.015s] -- Up-to-date symlink: /home/devuser/Workspaces/rosgsthumble_ws/install/gst_msgs/include/gst_msgs/gst_msgs/msg/detail/webrtc_ice__type_support.h
[4.024s] -- Up-to-date symlink: /home/devuser/Workspaces/rosgsthumble_ws/install/gst_msgs/include/gst_msgs/gst_msgs/msg/frame_gate.h
[4.025s] -- Up-to-date symlink: /home/devuser/Workspaces/rosgsthumble_ws/install/gst_msgs/include/gst_msgs/gst_msgs/msg/meta_mark.h
[4.029s] -- Up-to-date symlink: /home/devuser/Workspaces/rosgsthumble_ws/install/gst_msgs/include/gst_msgs/gst_msgs/msg/multifilesink_event.h
[4.030s] -- Up-to-date symlink: /home/devuser/Workspaces/rosgsthumble_ws/install/gst_msgs/include/gst_msgs/gst_msgs/msg/rosidl_generator_c__visibility_control.h
[4.031s] -- Up-to-date symlink: /home/devuser/Workspaces/rosgsthumble_ws/install/gst_msgs/include/gst_msgs/gst_msgs/msg/webrtc_ice.h
[4.037s] -- Up-to-date symlink: /home/devuser/Workspaces/rosgsthumble_ws/install/gst_msgs/include/gst_msgs/gst_msgs/srv/detail/seek__functions.h
[4.038s] -- Up-to-date symlink: /home/devuser/Workspaces/rosgsthumble_ws/install/gst_msgs/include/gst_msgs/gst_msgs/srv/detail/seek__struct.h
[4.039s] -- Up-to-date symlink: /home/devuser/Workspaces/rosgsthumble_ws/install/gst_msgs/include/gst_msgs/gst_msgs/srv/detail/seek__type_support.h
[4.040s] -- Up-to-date symlink: /home/devuser/Workspaces/rosgsthumble_ws/install/gst_msgs/include/gst_msgs/gst_msgs/srv/seek.h
[4.041s] -- Up-to-date symlink: /home/devuser/Workspaces/rosgsthumble_ws/install/gst_msgs/share/gst_msgs/environment/library_path.sh
[4.042s] -- Up-to-date symlink: /home/devuser/Workspaces/rosgsthumble_ws/install/gst_msgs/share/gst_msgs/environment/library_path.dsv
[4.046s] -- Up-to-date symlink: /home/devuser/Workspaces/rosgsthumble_ws/install/gst_msgs/include/gst_msgs/gst_msgs/msg/detail/buffer_event__rosidl_typesupport_fastrtps_c.h
[4.047s] -- Up-to-date symlink: /home/devuser/Workspaces/rosgsthumble_ws/install/gst_msgs/include/gst_msgs/gst_msgs/msg/detail/clock_observation__rosidl_typesupport_fastrtps_c.h
[4.048s] -- Up-to-date symlink: /home/devuser/Workspaces/rosgsthumble_ws/install/gst_msgs/include/gst_msgs/gst_msgs/msg/detail/frame_gate__rosidl_typesupport_fastrtps_c.h
[4.049s] -- Up-to-date symlink: /home/devuser/Workspaces/rosgsthumble_ws/install/gst_msgs/include/gst_msgs/gst_msgs/msg/detail/meta_mark__rosidl_typesupport_fastrtps_c.h
[4.051s] -- Up-to-date symlink: /home/devuser/Workspaces/rosgsthumble_ws/install/gst_msgs/include/gst_msgs/gst_msgs/msg/detail/multifilesink_event__rosidl_typesupport_fastrtps_c.h
[4.056s] -- Up-to-date symlink: /home/devuser/Workspaces/rosgsthumble_ws/install/gst_msgs/include/gst_msgs/gst_msgs/msg/detail/webrtc_ice__rosidl_typesupport_fastrtps_c.h
[4.058s] -- Up-to-date symlink: /home/devuser/Workspaces/rosgsthumble_ws/install/gst_msgs/include/gst_msgs/gst_msgs/msg/rosidl_typesupport_fastrtps_c__visibility_control.h
[4.074s] -- Up-to-date symlink: /home/devuser/Workspaces/rosgsthumble_ws/install/gst_msgs/include/gst_msgs/gst_msgs/srv/detail/seek__rosidl_typesupport_fastrtps_c.h
[4.078s] -- Up-to-date symlink: /home/devuser/Workspaces/rosgsthumble_ws/install/gst_msgs/include/gst_msgs/gst_msgs/msg/buffer_event.hpp
[4.082s] -- Up-to-date symlink: /home/devuser/Workspaces/rosgsthumble_ws/install/gst_msgs/include/gst_msgs/gst_msgs/msg/clock_observation.hpp
[4.085s] -- Up-to-date symlink: /home/devuser/Workspaces/rosgsthumble_ws/install/gst_msgs/include/gst_msgs/gst_msgs/msg/detail/buffer_event__builder.hpp
[4.089s] -- Up-to-date symlink: /home/devuser/Workspaces/rosgsthumble_ws/install/gst_msgs/include/gst_msgs/gst_msgs/msg/detail/buffer_event__struct.hpp
[4.093s] -- Up-to-date symlink: /home/devuser/Workspaces/rosgsthumble_ws/install/gst_msgs/include/gst_msgs/gst_msgs/msg/detail/buffer_event__traits.hpp
[4.095s] -- Up-to-date symlink: /home/devuser/Workspaces/rosgsthumble_ws/install/gst_msgs/include/gst_msgs/gst_msgs/msg/detail/buffer_event__type_support.hpp
[4.096s] -- Up-to-date symlink: /home/devuser/Workspaces/rosgsthumble_ws/install/gst_msgs/include/gst_msgs/gst_msgs/msg/detail/clock_observation__builder.hpp
[4.105s] -- Up-to-date symlink: /home/devuser/Workspaces/rosgsthumble_ws/install/gst_msgs/include/gst_msgs/gst_msgs/msg/detail/clock_observation__struct.hpp
[4.106s] -- Up-to-date symlink: /home/devuser/Workspaces/rosgsthumble_ws/install/gst_msgs/include/gst_msgs/gst_msgs/msg/detail/clock_observation__traits.hpp
[4.107s] -- Up-to-date symlink: /home/devuser/Workspaces/rosgsthumble_ws/install/gst_msgs/include/gst_msgs/gst_msgs/msg/detail/clock_observation__type_support.hpp
[4.109s] -- Up-to-date symlink: /home/devuser/Workspaces/rosgsthumble_ws/install/gst_msgs/include/gst_msgs/gst_msgs/msg/detail/frame_gate__builder.hpp
[4.110s] -- Up-to-date symlink: /home/devuser/Workspaces/rosgsthumble_ws/install/gst_msgs/include/gst_msgs/gst_msgs/msg/detail/frame_gate__struct.hpp
[4.113s] -- Up-to-date symlink: /home/devuser/Workspaces/rosgsthumble_ws/install/gst_msgs/include/gst_msgs/gst_msgs/msg/detail/frame_gate__traits.hpp
[4.116s] -- Up-to-date symlink: /home/devuser/Workspaces/rosgsthumble_ws/install/gst_msgs/include/gst_msgs/gst_msgs/msg/detail/frame_gate__type_support.hpp
[4.118s] -- Up-to-date symlink: /home/devuser/Workspaces/rosgsthumble_ws/install/gst_msgs/include/gst_msgs/gst_msgs/msg/detail/meta_mark__builder.hpp
[4.121s] -- Up-to-date symlink: /home/devuser/Workspaces/rosgsthumble_ws/install/gst_msgs/include/gst_msgs/gst_msgs/msg/detail/meta_mark__struct.hpp
[4.123s] -- Up-to-date symlink: /home/devuser/Workspaces/rosgsthumble_ws/install/gst_msgs/include/gst_msgs/gst_msgs/msg/detail/meta_mark__traits.hpp
[4.125s] -- Up-to-date symlink: /home/devuser/Workspaces/rosgsthumble_ws/install/gst_msgs/include/gst_msgs/gst_msgs/msg/detail/meta_mark__type_support.hpp
[4.126s] -- Up-to-date symlink: /home/devuser/Workspaces/rosgsthumble_ws/install/gst_msgs/include/gst_msgs/gst_msgs/msg/detail/multifilesink_event__builder.hpp
[4.127s] -- Up-to-date symlink: /home/devuser/Workspaces/rosgsthumble_ws/install/gst_msgs/include/gst_msgs/gst_msgs/msg/detail/multifilesink_event__struct.hpp
[4.127s] -- Up-to-date symlink: /home/devuser/Workspaces/rosgsthumble_ws/install/gst_msgs/include/gst_msgs/gst_msgs/msg/detail/multifilesink_event__traits.hpp
[4.128s] -- Up-to-date symlink: /home/devuser/Workspaces/rosgsthumble_ws/install/gst_msgs/include/gst_msgs/gst_msgs/msg/detail/multifilesink_event__type_support.hpp
[4.129s] -- Up-to-date symlink: /home/devuser/Workspaces/rosgsthumble_ws/install/gst_msgs/include/gst_msgs/gst_msgs/msg/detail/webrtc_ice__builder.hpp
[4.130s] -- Up-to-date symlink: /home/devuser/Workspaces/rosgsthumble_ws/install/gst_msgs/include/gst_msgs/gst_msgs/msg/detail/webrtc_ice__struct.hpp
[4.132s] -- Up-to-date symlink: /home/devuser/Workspaces/rosgsthumble_ws/install/gst_msgs/include/gst_msgs/gst_msgs/msg/detail/webrtc_ice__traits.hpp
[4.134s] -- Up-to-date symlink: /home/devuser/Workspaces/rosgsthumble_ws/install/gst_msgs/include/gst_msgs/gst_msgs/msg/detail/webrtc_ice__type_support.hpp
[4.134s] -- Up-to-date symlink: /home/devuser/Workspaces/rosgsthumble_ws/install/gst_msgs/include/gst_msgs/gst_msgs/msg/frame_gate.hpp
[4.138s] -- Up-to-date symlink: /home/devuser/Workspaces/rosgsthumble_ws/install/gst_msgs/include/gst_msgs/gst_msgs/msg/meta_mark.hpp
[4.146s] -- Up-to-date symlink: /home/devuser/Workspaces/rosgsthumble_ws/install/gst_msgs/include/gst_msgs/gst_msgs/msg/multifilesink_event.hpp
[4.148s] -- Up-to-date symlink: /home/devuser/Workspaces/rosgsthumble_ws/install/gst_msgs/include/gst_msgs/gst_msgs/msg/rosidl_generator_cpp__visibility_control.hpp
[4.150s] -- Up-to-date symlink: /home/devuser/Workspaces/rosgsthumble_ws/install/gst_msgs/include/gst_msgs/gst_msgs/msg/webrtc_ice.hpp
[4.153s] -- Up-to-date symlink: /home/devuser/Workspaces/rosgsthumble_ws/install/gst_msgs/include/gst_msgs/gst_msgs/srv/detail/seek__builder.hpp
[4.155s] -- Up-to-date symlink: /home/devuser/Workspaces/rosgsthumble_ws/install/gst_msgs/include/gst_msgs/gst_msgs/srv/detail/seek__struct.hpp
[4.157s] -- Up-to-date symlink: /home/devuser/Workspaces/rosgsthumble_ws/install/gst_msgs/include/gst_msgs/gst_msgs/srv/detail/seek__traits.hpp
[4.159s] -- Up-to-date symlink: /home/devuser/Workspaces/rosgsthumble_ws/install/gst_msgs/include/gst_msgs/gst_msgs/srv/detail/seek__type_support.hpp
[4.160s] -- Up-to-date symlink: /home/devuser/Workspaces/rosgsthumble_ws/install/gst_msgs/include/gst_msgs/gst_msgs/srv/seek.hpp
[4.180s] -- Up-to-date symlink: /home/devuser/Workspaces/rosgsthumble_ws/install/gst_msgs/include/gst_msgs/gst_msgs/msg/detail/buffer_event__rosidl_typesupport_fastrtps_cpp.hpp
[4.182s] -- Up-to-date symlink: /home/devuser/Workspaces/rosgsthumble_ws/install/gst_msgs/include/gst_msgs/gst_msgs/msg/detail/clock_observation__rosidl_typesupport_fastrtps_cpp.hpp
[4.184s] -- Up-to-date symlink: /home/devuser/Workspaces/rosgsthumble_ws/install/gst_msgs/include/gst_msgs/gst_msgs/msg/detail/frame_gate__rosidl_typesupport_fastrtps_cpp.hpp
[4.186s] -- Up-to-date symlink: /home/devuser/Workspaces/rosgsthumble_ws/install/gst_msgs/include/gst_msgs/gst_msgs/msg/detail/meta_mark__rosidl_typesupport_fastrtps_cpp.hpp
[4.189s] -- Up-to-date symlink: /home/devuser/Workspaces/rosgsthumble_ws/install/gst_msgs/include/gst_msgs/gst_msgs/msg/detail/multifilesink_event__rosidl_typesupport_fastrtps_cpp.hpp
[4.192s] -- Up-to-date symlink: /home/devuser/Workspaces/rosgsthumble_ws/install/gst_msgs/include/gst_msgs/gst_msgs/msg/detail/webrtc_ice__rosidl_typesupport_fastrtps_cpp.hpp
[4.195s] -- Up-to-date symlink: /home/devuser/Workspaces/rosgsthumble_ws/install/gst_msgs/include/gst_msgs/gst_msgs/msg/rosidl_typesupport_fastrtps_cpp__visibility_control.h
[4.198s] -- Up-to-date symlink: /home/devuser/Workspaces/rosgsthumble_ws/install/gst_msgs/include/gst_msgs/gst_msgs/srv/detail/seek__rosidl_typesupport_fastrtps_cpp.hpp
[4.208s] -- Up-to-date symlink: /home/devuser/Workspaces/rosgsthumble_ws/install/gst_msgs/include/gst_msgs/gst_msgs/msg/detail/buffer_event__rosidl_typesupport_introspection_c.h
[4.211s] -- Up-to-date symlink: /home/devuser/Workspaces/rosgsthumble_ws/install/gst_msgs/include/gst_msgs/gst_msgs/msg/detail/clock_observation__rosidl_typesupport_introspection_c.h
[4.212s] -- Up-to-date symlink: /home/devuser/Workspaces/rosgsthumble_ws/install/gst_msgs/include/gst_msgs/gst_msgs/msg/detail/frame_gate__rosidl_typesupport_introspection_c.h
[4.214s] -- Up-to-date symlink: /home/devuser/Workspaces/rosgsthumble_ws/install/gst_msgs/include/gst_msgs/gst_msgs/msg/detail/meta_mark__rosidl_typesupport_introspection_c.h
[4.216s] -- Up-to-date symlink: /home/devuser/Workspaces/rosgsthumble_ws/install/gst_msgs/include/gst_msgs/gst_msgs/msg/detail/multifilesink_event__rosidl_typesupport_introspection_c.h
[4.219s] -- Up-to-date symlink: /home/devuser/Workspaces/rosgsthumble_ws/install/gst_msgs/include/gst_msgs/gst_msgs/msg/detail/webrtc_ice__rosidl_typesupport_introspection_c.h
[4.221s] -- Up-to-date symlink: /home/devuser/Workspaces/rosgsthumble_ws/install/gst_msgs/include/gst_msgs/gst_msgs/msg/rosidl_typesupport_introspection_c__visibility_control.h
[4.223s] -- Up-to-date symlink: /home/devuser/Workspaces/rosgsthumble_ws/install/gst_msgs/include/gst_msgs/gst_msgs/srv/detail/seek__rosidl_typesupport_introspection_c.h
[4.229s] -- Up-to-date symlink: /home/devuser/Workspaces/rosgsthumble_ws/install/gst_msgs/include/gst_msgs/gst_msgs/msg/detail/buffer_event__rosidl_typesupport_introspection_cpp.hpp
[4.232s] -- Up-to-date symlink: /home/devuser/Workspaces/rosgsthumble_ws/install/gst_msgs/include/gst_msgs/gst_msgs/msg/detail/clock_observation__rosidl_typesupport_introspection_cpp.hpp
[4.234s] -- Up-to-date symlink: /home/devuser/Workspaces/rosgsthumble_ws/install/gst_msgs/include/gst_msgs/gst_msgs/msg/detail/frame_gate__rosidl_typesupport_introspection_cpp.hpp
[4.236s] -- Up-to-date symlink: /home/devuser/Workspaces/rosgsthumble_ws/install/gst_msgs/include/gst_msgs/gst_msgs/msg/detail/meta_mark__rosidl_typesupport_introspection_cpp.hpp
[4.239s] -- Up-to-date symlink: /home/devuser/Workspaces/rosgsthumble_ws/install/gst_msgs/include/gst_msgs/gst_msgs/msg/detail/multifilesink_event__rosidl_typesupport_introspection_cpp.hpp
[4.242s] -- Up-to-date symlink: /home/devuser/Workspaces/rosgsthumble_ws/install/gst_msgs/include/gst_msgs/gst_msgs/msg/detail/webrtc_ice__rosidl_typesupport_introspection_cpp.hpp
[4.244s] -- Up-to-date symlink: /home/devuser/Workspaces/rosgsthumble_ws/install/gst_msgs/include/gst_msgs/gst_msgs/srv/detail/seek__rosidl_typesupport_introspection_cpp.hpp
[4.246s] -- Up-to-date symlink: /home/devuser/Workspaces/rosgsthumble_ws/install/gst_msgs/share/gst_msgs/environment/pythonpath.sh
[4.249s] -- Up-to-date symlink: /home/devuser/Workspaces/rosgsthumble_ws/install/gst_msgs/share/gst_msgs/environment/pythonpath.dsv
[4.253s] -- Up-to-date symlink: /home/devuser/Workspaces/rosgsthumble_ws/install/gst_msgs/local/lib/python3.10/dist-packages/gst_msgs-0.0.0-py3.10.egg-info/PKG-INFO
[4.256s] -- Up-to-date symlink: /home/devuser/Workspaces/rosgsthumble_ws/install/gst_msgs/local/lib/python3.10/dist-packages/gst_msgs-0.0.0-py3.10.egg-info/SOURCES.txt
[4.260s] -- Up-to-date symlink: /home/devuser/Workspaces/rosgsthumble_ws/install/gst_msgs/local/lib/python3.10/dist-packages/gst_msgs-0.0.0-py3.10.egg-info/dependency_links.txt
[4.265s] -- Up-to-date symlink: /home/devuser/Workspaces/rosgsthumble_ws/install/gst_msgs/local/lib/python3.10/dist-packages/gst_msgs-0.0.0-py3.10.egg-info/top_level.txt
[4.278s] -- Up-to-date symlink: /home/devuser/Workspaces/rosgsthumble_ws/install/gst_msgs/local/lib/python3.10/dist-packages/gst_msgs/__init__.py
[4.280s] -- Up-to-date symlink: /home/devuser/Workspaces/rosgsthumble_ws/install/gst_msgs/local/lib/python3.10/dist-packages/gst_msgs/_gst_msgs_s.ep.rosidl_typesupport_c.c
[4.283s] -- Up-to-date symlink: /home/devuser/Workspaces/rosgsthumble_ws/install/gst_msgs/local/lib/python3.10/dist-packages/gst_msgs/_gst_msgs_s.ep.rosidl_typesupport_fastrtps_c.c
[4.285s] -- Up-to-date symlink: /home/devuser/Workspaces/rosgsthumble_ws/install/gst_msgs/local/lib/python3.10/dist-packages/gst_msgs/_gst_msgs_s.ep.rosidl_typesupport_introspection_c.c
[4.287s] -- Up-to-date symlink: /home/devuser/Workspaces/rosgsthumble_ws/install/gst_msgs/local/lib/python3.10/dist-packages/gst_msgs/gst_msgs_s__rosidl_typesupport_c.cpython-310-aarch64-linux-gnu.so
[4.292s] -- Up-to-date symlink: /home/devuser/Workspaces/rosgsthumble_ws/install/gst_msgs/local/lib/python3.10/dist-packages/gst_msgs/gst_msgs_s__rosidl_typesupport_fastrtps_c.cpython-310-aarch64-linux-gnu.so
[4.294s] -- Up-to-date symlink: /home/devuser/Workspaces/rosgsthumble_ws/install/gst_msgs/local/lib/python3.10/dist-packages/gst_msgs/gst_msgs_s__rosidl_typesupport_introspection_c.cpython-310-aarch64-linux-gnu.so
[4.295s] -- Up-to-date symlink: /home/devuser/Workspaces/rosgsthumble_ws/install/gst_msgs/local/lib/python3.10/dist-packages/gst_msgs/libgst_msgs__rosidl_generator_py.so
[4.300s] -- Up-to-date symlink: /home/devuser/Workspaces/rosgsthumble_ws/install/gst_msgs/local/lib/python3.10/dist-packages/gst_msgs/msg/__init__.py
[4.301s] -- Up-to-date symlink: /home/devuser/Workspaces/rosgsthumble_ws/install/gst_msgs/local/lib/python3.10/dist-packages/gst_msgs/msg/_buffer_event.py
[4.302s] -- Up-to-date symlink: /home/devuser/Workspaces/rosgsthumble_ws/install/gst_msgs/local/lib/python3.10/dist-packages/gst_msgs/msg/_buffer_event_s.c
[4.305s] -- Up-to-date symlink: /home/devuser/Workspaces/rosgsthumble_ws/install/gst_msgs/local/lib/python3.10/dist-packages/gst_msgs/msg/_clock_observation.py
[4.308s] -- Up-to-date symlink: /home/devuser/Workspaces/rosgsthumble_ws/install/gst_msgs/local/lib/python3.10/dist-packages/gst_msgs/msg/_clock_observation_s.c
[4.313s] -- Up-to-date symlink: /home/devuser/Workspaces/rosgsthumble_ws/install/gst_msgs/local/lib/python3.10/dist-packages/gst_msgs/msg/_frame_gate.py
[4.316s] -- Up-to-date symlink: /home/devuser/Workspaces/rosgsthumble_ws/install/gst_msgs/local/lib/python3.10/dist-packages/gst_msgs/msg/_frame_gate_s.c
[4.318s] -- Up-to-date symlink: /home/devuser/Workspaces/rosgsthumble_ws/install/gst_msgs/local/lib/python3.10/dist-packages/gst_msgs/msg/_meta_mark.py
[4.325s] -- Up-to-date symlink: /home/devuser/Workspaces/rosgsthumble_ws/install/gst_msgs/local/lib/python3.10/dist-packages/gst_msgs/msg/_meta_mark_s.c
[4.326s] -- Up-to-date symlink: /home/devuser/Workspaces/rosgsthumble_ws/install/gst_msgs/local/lib/python3.10/dist-packages/gst_msgs/msg/_multifilesink_event.py
[4.327s] -- Up-to-date symlink: /home/devuser/Workspaces/rosgsthumble_ws/install/gst_msgs/local/lib/python3.10/dist-packages/gst_msgs/msg/_multifilesink_event_s.c
[4.329s] -- Up-to-date symlink: /home/devuser/Workspaces/rosgsthumble_ws/install/gst_msgs/local/lib/python3.10/dist-packages/gst_msgs/msg/_webrtc_ice.py
[4.330s] -- Up-to-date symlink: /home/devuser/Workspaces/rosgsthumble_ws/install/gst_msgs/local/lib/python3.10/dist-packages/gst_msgs/msg/_webrtc_ice_s.c
[4.332s] -- Up-to-date symlink: /home/devuser/Workspaces/rosgsthumble_ws/install/gst_msgs/local/lib/python3.10/dist-packages/gst_msgs/srv/__init__.py
[4.334s] -- Up-to-date symlink: /home/devuser/Workspaces/rosgsthumble_ws/install/gst_msgs/local/lib/python3.10/dist-packages/gst_msgs/srv/_seek.py
[4.337s] -- Up-to-date symlink: /home/devuser/Workspaces/rosgsthumble_ws/install/gst_msgs/local/lib/python3.10/dist-packages/gst_msgs/srv/_seek_s.c
[4.339s] -- Up-to-date symlink: /home/devuser/Workspaces/rosgsthumble_ws/install/gst_msgs/local/lib/python3.10/dist-packages/gst_msgs/gst_msgs_s__rosidl_typesupport_fastrtps_c.cpython-310-aarch64-linux-gnu.so
[4.343s] -- Up-to-date symlink: /home/devuser/Workspaces/rosgsthumble_ws/install/gst_msgs/local/lib/python3.10/dist-packages/gst_msgs/gst_msgs_s__rosidl_typesupport_introspection_c.cpython-310-aarch64-linux-gnu.so
[4.347s] -- Up-to-date symlink: /home/devuser/Workspaces/rosgsthumble_ws/install/gst_msgs/local/lib/python3.10/dist-packages/gst_msgs/gst_msgs_s__rosidl_typesupport_c.cpython-310-aarch64-linux-gnu.so
[4.358s] -- Up-to-date symlink: /home/devuser/Workspaces/rosgsthumble_ws/install/gst_msgs/share/gst_msgs/msg/FrameGate.idl
[4.359s] -- Up-to-date symlink: /home/devuser/Workspaces/rosgsthumble_ws/install/gst_msgs/share/gst_msgs/msg/WebrtcIce.idl
[4.359s] -- Up-to-date symlink: /home/devuser/Workspaces/rosgsthumble_ws/install/gst_msgs/share/gst_msgs/msg/BufferEvent.idl
[4.361s] -- Up-to-date symlink: /home/devuser/Workspaces/rosgsthumble_ws/install/gst_msgs/share/gst_msgs/msg/ClockObservation.idl
[4.362s] -- Up-to-date symlink: /home/devuser/Workspaces/rosgsthumble_ws/install/gst_msgs/share/gst_msgs/msg/MultifilesinkEvent.idl
[4.365s] -- Up-to-date symlink: /home/devuser/Workspaces/rosgsthumble_ws/install/gst_msgs/share/gst_msgs/msg/MetaMark.idl
[4.368s] -- Up-to-date symlink: /home/devuser/Workspaces/rosgsthumble_ws/install/gst_msgs/share/gst_msgs/srv/Seek.idl
[4.371s] -- Up-to-date symlink: /home/devuser/Workspaces/rosgsthumble_ws/install/gst_msgs/share/gst_msgs/msg/FrameGate.msg
[4.372s] -- Up-to-date symlink: /home/devuser/Workspaces/rosgsthumble_ws/install/gst_msgs/share/gst_msgs/msg/WebrtcIce.msg
[4.376s] -- Up-to-date symlink: /home/devuser/Workspaces/rosgsthumble_ws/install/gst_msgs/share/gst_msgs/msg/BufferEvent.msg
[4.378s] -- Up-to-date symlink: /home/devuser/Workspaces/rosgsthumble_ws/install/gst_msgs/share/gst_msgs/msg/ClockObservation.msg
[4.383s] -- Up-to-date symlink: /home/devuser/Workspaces/rosgsthumble_ws/install/gst_msgs/share/gst_msgs/msg/MultifilesinkEvent.msg
[4.385s] -- Up-to-date symlink: /home/devuser/Workspaces/rosgsthumble_ws/install/gst_msgs/share/gst_msgs/msg/MetaMark.msg
[4.386s] -- Up-to-date symlink: /home/devuser/Workspaces/rosgsthumble_ws/install/gst_msgs/share/gst_msgs/srv/Seek.srv
[4.387s] -- Up-to-date symlink: /home/devuser/Workspaces/rosgsthumble_ws/install/gst_msgs/share/gst_msgs/srv/Seek_Request.msg
[4.394s] -- Up-to-date symlink: /home/devuser/Workspaces/rosgsthumble_ws/install/gst_msgs/share/gst_msgs/srv/Seek_Response.msg
[4.398s] -- Up-to-date symlink: /home/devuser/Workspaces/rosgsthumble_ws/install/gst_msgs/share/ament_index/resource_index/package_run_dependencies/gst_msgs
[4.400s] -- Up-to-date symlink: /home/devuser/Workspaces/rosgsthumble_ws/install/gst_msgs/share/ament_index/resource_index/parent_prefix_path/gst_msgs
[4.402s] -- Up-to-date symlink: /home/devuser/Workspaces/rosgsthumble_ws/install/gst_msgs/share/gst_msgs/environment/ament_prefix_path.sh
[4.403s] -- Up-to-date symlink: /home/devuser/Workspaces/rosgsthumble_ws/install/gst_msgs/share/gst_msgs/environment/ament_prefix_path.dsv
[4.406s] -- Up-to-date symlink: /home/devuser/Workspaces/rosgsthumble_ws/install/gst_msgs/share/gst_msgs/environment/path.sh
[4.410s] -- Up-to-date symlink: /home/devuser/Workspaces/rosgsthumble_ws/install/gst_msgs/share/gst_msgs/environment/path.dsv
[4.414s] -- Up-to-date symlink: /home/devuser/Workspaces/rosgsthumble_ws/install/gst_msgs/share/gst_msgs/local_setup.bash
[4.417s] -- Up-to-date symlink: /home/devuser/Workspaces/rosgsthumble_ws/install/gst_msgs/share/gst_msgs/local_setup.sh
[4.417s] -- Up-to-date symlink: /home/devuser/Workspaces/rosgsthumble_ws/install/gst_msgs/share/gst_msgs/local_setup.zsh
[4.419s] -- Up-to-date symlink: /home/devuser/Workspaces/rosgsthumble_ws/install/gst_msgs/share/gst_msgs/local_setup.dsv
[4.422s] -- Symlinking: /home/devuser/Workspaces/rosgsthumble_ws/install/gst_msgs/share/gst_msgs/package.dsv
[4.553s] -- Up-to-date symlink: /home/devuser/Workspaces/rosgsthumble_ws/install/gst_msgs/share/ament_index/resource_index/packages/gst_msgs
[4.564s] -- Up-to-date symlink: /home/devuser/Workspaces/rosgsthumble_ws/install/gst_msgs/share/gst_msgs/cmake/rosidl_cmake-extras.cmake
[4.566s] -- Up-to-date symlink: /home/devuser/Workspaces/rosgsthumble_ws/install/gst_msgs/share/gst_msgs/cmake/ament_cmake_export_dependencies-extras.cmake
[4.566s] -- Up-to-date symlink: /home/devuser/Workspaces/rosgsthumble_ws/install/gst_msgs/share/gst_msgs/cmake/ament_cmake_export_include_directories-extras.cmake
[4.567s] -- Up-to-date symlink: /home/devuser/Workspaces/rosgsthumble_ws/install/gst_msgs/share/gst_msgs/cmake/ament_cmake_export_libraries-extras.cmake
[4.567s] -- Up-to-date symlink: /home/devuser/Workspaces/rosgsthumble_ws/install/gst_msgs/share/gst_msgs/cmake/ament_cmake_export_targets-extras.cmake
[4.568s] -- Up-to-date symlink: /home/devuser/Workspaces/rosgsthumble_ws/install/gst_msgs/share/gst_msgs/cmake/rosidl_cmake_export_typesupport_targets-extras.cmake
[4.568s] -- Up-to-date symlink: /home/devuser/Workspaces/rosgsthumble_ws/install/gst_msgs/share/gst_msgs/cmake/rosidl_cmake_export_typesupport_libraries-extras.cmake
[4.570s] -- Up-to-date symlink: /home/devuser/Workspaces/rosgsthumble_ws/install/gst_msgs/share/gst_msgs/cmake/gst_msgsConfig.cmake
[4.572s] -- Up-to-date symlink: /home/devuser/Workspaces/rosgsthumble_ws/install/gst_msgs/share/gst_msgs/cmake/gst_msgsConfig-version.cmake
[4.575s] -- Up-to-date symlink: /home/devuser/Workspaces/rosgsthumble_ws/install/gst_msgs/share/gst_msgs/package.xml
[4.581s] -- Up-to-date: /home/devuser/Workspaces/rosgsthumble_ws/install/gst_msgs/lib/libgst_msgs__rosidl_generator_c.so
[4.582s] -- Up-to-date: /home/devuser/Workspaces/rosgsthumble_ws/install/gst_msgs/lib/libgst_msgs__rosidl_typesupport_fastrtps_c.so
[4.593s] -- Up-to-date: /home/devuser/Workspaces/rosgsthumble_ws/install/gst_msgs/lib/libgst_msgs__rosidl_typesupport_fastrtps_cpp.so
[4.598s] -- Up-to-date: /home/devuser/Workspaces/rosgsthumble_ws/install/gst_msgs/lib/libgst_msgs__rosidl_typesupport_introspection_c.so
[4.599s] -- Up-to-date: /home/devuser/Workspaces/rosgsthumble_ws/install/gst_msgs/lib/libgst_msgs__rosidl_typesupport_c.so
[4.600s] -- Up-to-date: /home/devuser/Workspaces/rosgsthumble_ws/install/gst_msgs/lib/libgst_msgs__rosidl_typesupport_introspection_cpp.so
[4.600s] -- Up-to-date: /home/devuser/Workspaces/rosgsthumble_ws/install/gst_msgs/lib/libgst_msgs__rosidl_typesupport_cpp.so
[4.756s] Listing '/home/devuser/Workspaces/rosgsthumble_ws/install/gst_msgs/local/lib/python3.10/dist-packages/gst_msgs'...
[4.757s] Listing '/home/devuser/Workspaces/rosgsthumble_ws/install/gst_msgs/local/lib/python3.10/dist-packages/gst_msgs/msg'...
[4.760s] Listing '/home/devuser/Workspaces/rosgsthumble_ws/install/gst_msgs/local/lib/python3.10/dist-packages/gst_msgs/srv'...
[4.788s] -- Up-to-date: /home/devuser/Workspaces/rosgsthumble_ws/install/gst_msgs/lib/libgst_msgs__rosidl_generator_py.so
[4.803s] -- Up-to-date: /home/devuser/Workspaces/rosgsthumble_ws/install/gst_msgs/share/gst_msgs/cmake/export_gst_msgs__rosidl_generator_cExport.cmake
[4.803s] -- Up-to-date: /home/devuser/Workspaces/rosgsthumble_ws/install/gst_msgs/share/gst_msgs/cmake/export_gst_msgs__rosidl_generator_cExport-noconfig.cmake
[4.804s] -- Up-to-date: /home/devuser/Workspaces/rosgsthumble_ws/install/gst_msgs/share/gst_msgs/cmake/export_gst_msgs__rosidl_typesupport_fastrtps_cExport.cmake
[4.804s] -- Up-to-date: /home/devuser/Workspaces/rosgsthumble_ws/install/gst_msgs/share/gst_msgs/cmake/export_gst_msgs__rosidl_typesupport_fastrtps_cExport-noconfig.cmake
[4.805s] -- Up-to-date: /home/devuser/Workspaces/rosgsthumble_ws/install/gst_msgs/share/gst_msgs/cmake/export_gst_msgs__rosidl_generator_cppExport.cmake
[4.805s] -- Up-to-date: /home/devuser/Workspaces/rosgsthumble_ws/install/gst_msgs/share/gst_msgs/cmake/export_gst_msgs__rosidl_typesupport_fastrtps_cppExport.cmake
[4.806s] -- Up-to-date: /home/devuser/Workspaces/rosgsthumble_ws/install/gst_msgs/share/gst_msgs/cmake/export_gst_msgs__rosidl_typesupport_fastrtps_cppExport-noconfig.cmake
[4.806s] -- Up-to-date: /home/devuser/Workspaces/rosgsthumble_ws/install/gst_msgs/share/gst_msgs/cmake/gst_msgs__rosidl_typesupport_introspection_cExport.cmake
[4.807s] -- Up-to-date: /home/devuser/Workspaces/rosgsthumble_ws/install/gst_msgs/share/gst_msgs/cmake/gst_msgs__rosidl_typesupport_introspection_cExport-noconfig.cmake
[4.807s] -- Up-to-date: /home/devuser/Workspaces/rosgsthumble_ws/install/gst_msgs/share/gst_msgs/cmake/gst_msgs__rosidl_typesupport_cExport.cmake
[4.808s] -- Up-to-date: /home/devuser/Workspaces/rosgsthumble_ws/install/gst_msgs/share/gst_msgs/cmake/gst_msgs__rosidl_typesupport_cExport-noconfig.cmake
[4.808s] -- Up-to-date: /home/devuser/Workspaces/rosgsthumble_ws/install/gst_msgs/share/gst_msgs/cmake/gst_msgs__rosidl_typesupport_introspection_cppExport.cmake
[4.815s] -- Up-to-date: /home/devuser/Workspaces/rosgsthumble_ws/install/gst_msgs/share/gst_msgs/cmake/gst_msgs__rosidl_typesupport_introspection_cppExport-noconfig.cmake
[4.815s] -- Up-to-date: /home/devuser/Workspaces/rosgsthumble_ws/install/gst_msgs/share/gst_msgs/cmake/gst_msgs__rosidl_typesupport_cppExport.cmake
[4.816s] -- Up-to-date: /home/devuser/Workspaces/rosgsthumble_ws/install/gst_msgs/share/gst_msgs/cmake/gst_msgs__rosidl_typesupport_cppExport-noconfig.cmake
[4.816s] -- Up-to-date: /home/devuser/Workspaces/rosgsthumble_ws/install/gst_msgs/share/gst_msgs/cmake/export_gst_msgs__rosidl_generator_pyExport.cmake
[4.822s] -- Up-to-date: /home/devuser/Workspaces/rosgsthumble_ws/install/gst_msgs/share/gst_msgs/cmake/export_gst_msgs__rosidl_generator_pyExport-noconfig.cmake
[4.845s] Invoked command in '/home/devuser/Workspaces/rosgsthumble_ws/build/gst_msgs' returned '0': CMAKE_PREFIX_PATH=${CMAKE_PREFIX_PATH}:/opt/ros/humble /usr/bin/cmake --install /home/devuser/Workspaces/rosgsthumble_ws/build/gst_msgs
