[  3%] Built target audio_msgs__cpp
[ 12%] Built target audio_msgs__rosidl_generator_c
[ 12%] Built target ament_cmake_python_symlink_audio_msgs
[ 22%] Built target audio_msgs__rosidl_typesupport_cpp
[ 32%] Built target audio_msgs__rosidl_typesupport_fastrtps_cpp
[ 41%] Built target audio_msgs__rosidl_typesupport_introspection_cpp
[ 51%] Built target audio_msgs__rosidl_typesupport_fastrtps_c
[ 61%] Built target audio_msgs__rosidl_typesupport_introspection_c
[ 70%] Built target audio_msgs__rosidl_typesupport_c
[ 70%] Built target audio_msgs
[ 74%] Built target audio_msgs__py
[ 80%] Built target audio_msgs__rosidl_generator_py
[ 87%] Built target audio_msgs__rosidl_typesupport_introspection_c__pyext
[ 93%] Built target audio_msgs__rosidl_typesupport_c__pyext
[100%] Built target audio_msgs__rosidl_typesupport_fastrtps_c__pyext
running egg_info
writing audio_msgs.egg-info/PKG-INFO
writing dependency_links to audio_msgs.egg-info/dependency_links.txt
writing top-level names to audio_msgs.egg-info/top_level.txt
reading manifest file 'audio_msgs.egg-info/SOURCES.txt'
writing manifest file 'audio_msgs.egg-info/SOURCES.txt'
[100%] Built target ament_cmake_python_build_audio_msgs_egg
-- Install configuration: ""
-- Execute custom install script
-- Up-to-date symlink: /home/devuser/Workspaces/rosgsthumble_ws/install/audio_msgs/share/ament_index/resource_index/rosidl_interfaces/audio_msgs
-- Up-to-date symlink: /home/devuser/Workspaces/rosgsthumble_ws/install/audio_msgs/include/audio_msgs/audio_msgs/msg/audio.h
-- Up-to-date symlink: /home/devuser/Workspaces/rosgsthumble_ws/install/audio_msgs/include/audio_msgs/audio_msgs/msg/detail/audio__functions.h
-- Up-to-date symlink: /home/devuser/Workspaces/rosgsthumble_ws/install/audio_msgs/include/audio_msgs/audio_msgs/msg/detail/audio__struct.h
-- Up-to-date symlink: /home/devuser/Workspaces/rosgsthumble_ws/install/audio_msgs/include/audio_msgs/audio_msgs/msg/detail/audio__type_support.h
-- Up-to-date symlink: /home/devuser/Workspaces/rosgsthumble_ws/install/audio_msgs/include/audio_msgs/audio_msgs/msg/rosidl_generator_c__visibility_control.h
-- Up-to-date symlink: /home/devuser/Workspaces/rosgsthumble_ws/install/audio_msgs/share/audio_msgs/environment/library_path.sh
-- Up-to-date symlink: /home/devuser/Workspaces/rosgsthumble_ws/install/audio_msgs/share/audio_msgs/environment/library_path.dsv
-- Up-to-date symlink: /home/devuser/Workspaces/rosgsthumble_ws/install/audio_msgs/include/audio_msgs/audio_msgs/msg/detail/audio__rosidl_typesupport_fastrtps_c.h
-- Up-to-date symlink: /home/devuser/Workspaces/rosgsthumble_ws/install/audio_msgs/include/audio_msgs/audio_msgs/msg/rosidl_typesupport_fastrtps_c__visibility_control.h
-- Up-to-date symlink: /home/devuser/Workspaces/rosgsthumble_ws/install/audio_msgs/include/audio_msgs/audio_msgs/msg/audio.hpp
-- Up-to-date symlink: /home/devuser/Workspaces/rosgsthumble_ws/install/audio_msgs/include/audio_msgs/audio_msgs/msg/detail/audio__builder.hpp
-- Up-to-date symlink: /home/devuser/Workspaces/rosgsthumble_ws/install/audio_msgs/include/audio_msgs/audio_msgs/msg/detail/audio__struct.hpp
-- Up-to-date symlink: /home/devuser/Workspaces/rosgsthumble_ws/install/audio_msgs/include/audio_msgs/audio_msgs/msg/detail/audio__traits.hpp
-- Up-to-date symlink: /home/devuser/Workspaces/rosgsthumble_ws/install/audio_msgs/include/audio_msgs/audio_msgs/msg/detail/audio__type_support.hpp
-- Up-to-date symlink: /home/devuser/Workspaces/rosgsthumble_ws/install/audio_msgs/include/audio_msgs/audio_msgs/msg/rosidl_generator_cpp__visibility_control.hpp
-- Up-to-date symlink: /home/devuser/Workspaces/rosgsthumble_ws/install/audio_msgs/include/audio_msgs/audio_msgs/msg/detail/audio__rosidl_typesupport_fastrtps_cpp.hpp
-- Up-to-date symlink: /home/devuser/Workspaces/rosgsthumble_ws/install/audio_msgs/include/audio_msgs/audio_msgs/msg/rosidl_typesupport_fastrtps_cpp__visibility_control.h
-- Up-to-date symlink: /home/devuser/Workspaces/rosgsthumble_ws/install/audio_msgs/include/audio_msgs/audio_msgs/msg/detail/audio__rosidl_typesupport_introspection_c.h
-- Up-to-date symlink: /home/devuser/Workspaces/rosgsthumble_ws/install/audio_msgs/include/audio_msgs/audio_msgs/msg/rosidl_typesupport_introspection_c__visibility_control.h
-- Up-to-date symlink: /home/devuser/Workspaces/rosgsthumble_ws/install/audio_msgs/include/audio_msgs/audio_msgs/msg/detail/audio__rosidl_typesupport_introspection_cpp.hpp
-- Up-to-date symlink: /home/devuser/Workspaces/rosgsthumble_ws/install/audio_msgs/share/audio_msgs/environment/pythonpath.sh
-- Up-to-date symlink: /home/devuser/Workspaces/rosgsthumble_ws/install/audio_msgs/share/audio_msgs/environment/pythonpath.dsv
-- Up-to-date symlink: /home/devuser/Workspaces/rosgsthumble_ws/install/audio_msgs/local/lib/python3.10/dist-packages/audio_msgs-0.0.0-py3.10.egg-info/PKG-INFO
-- Up-to-date symlink: /home/devuser/Workspaces/rosgsthumble_ws/install/audio_msgs/local/lib/python3.10/dist-packages/audio_msgs-0.0.0-py3.10.egg-info/SOURCES.txt
-- Up-to-date symlink: /home/devuser/Workspaces/rosgsthumble_ws/install/audio_msgs/local/lib/python3.10/dist-packages/audio_msgs-0.0.0-py3.10.egg-info/dependency_links.txt
-- Up-to-date symlink: /home/devuser/Workspaces/rosgsthumble_ws/install/audio_msgs/local/lib/python3.10/dist-packages/audio_msgs-0.0.0-py3.10.egg-info/top_level.txt
-- Up-to-date symlink: /home/devuser/Workspaces/rosgsthumble_ws/install/audio_msgs/local/lib/python3.10/dist-packages/audio_msgs/__init__.py
-- Up-to-date symlink: /home/devuser/Workspaces/rosgsthumble_ws/install/audio_msgs/local/lib/python3.10/dist-packages/audio_msgs/_audio_msgs_s.ep.rosidl_typesupport_c.c
-- Up-to-date symlink: /home/devuser/Workspaces/rosgsthumble_ws/install/audio_msgs/local/lib/python3.10/dist-packages/audio_msgs/_audio_msgs_s.ep.rosidl_typesupport_fastrtps_c.c
-- Up-to-date symlink: /home/devuser/Workspaces/rosgsthumble_ws/install/audio_msgs/local/lib/python3.10/dist-packages/audio_msgs/_audio_msgs_s.ep.rosidl_typesupport_introspection_c.c
-- Up-to-date symlink: /home/devuser/Workspaces/rosgsthumble_ws/install/audio_msgs/local/lib/python3.10/dist-packages/audio_msgs/audio_msgs_s__rosidl_typesupport_c.cpython-310-aarch64-linux-gnu.so
-- Up-to-date symlink: /home/devuser/Workspaces/rosgsthumble_ws/install/audio_msgs/local/lib/python3.10/dist-packages/audio_msgs/audio_msgs_s__rosidl_typesupport_fastrtps_c.cpython-310-aarch64-linux-gnu.so
-- Up-to-date symlink: /home/devuser/Workspaces/rosgsthumble_ws/install/audio_msgs/local/lib/python3.10/dist-packages/audio_msgs/audio_msgs_s__rosidl_typesupport_introspection_c.cpython-310-aarch64-linux-gnu.so
-- Up-to-date symlink: /home/devuser/Workspaces/rosgsthumble_ws/install/audio_msgs/local/lib/python3.10/dist-packages/audio_msgs/libaudio_msgs__rosidl_generator_py.so
-- Up-to-date symlink: /home/devuser/Workspaces/rosgsthumble_ws/install/audio_msgs/local/lib/python3.10/dist-packages/audio_msgs/msg/__init__.py
-- Up-to-date symlink: /home/devuser/Workspaces/rosgsthumble_ws/install/audio_msgs/local/lib/python3.10/dist-packages/audio_msgs/msg/_audio.py
-- Up-to-date symlink: /home/devuser/Workspaces/rosgsthumble_ws/install/audio_msgs/local/lib/python3.10/dist-packages/audio_msgs/msg/_audio_s.c
-- Up-to-date symlink: /home/devuser/Workspaces/rosgsthumble_ws/install/audio_msgs/local/lib/python3.10/dist-packages/audio_msgs/audio_msgs_s__rosidl_typesupport_fastrtps_c.cpython-310-aarch64-linux-gnu.so
-- Up-to-date symlink: /home/devuser/Workspaces/rosgsthumble_ws/install/audio_msgs/local/lib/python3.10/dist-packages/audio_msgs/audio_msgs_s__rosidl_typesupport_introspection_c.cpython-310-aarch64-linux-gnu.so
-- Up-to-date symlink: /home/devuser/Workspaces/rosgsthumble_ws/install/audio_msgs/local/lib/python3.10/dist-packages/audio_msgs/audio_msgs_s__rosidl_typesupport_c.cpython-310-aarch64-linux-gnu.so
-- Up-to-date symlink: /home/devuser/Workspaces/rosgsthumble_ws/install/audio_msgs/share/audio_msgs/msg/Audio.idl
-- Up-to-date symlink: /home/devuser/Workspaces/rosgsthumble_ws/install/audio_msgs/share/audio_msgs/msg/Audio.msg
-- Up-to-date symlink: /home/devuser/Workspaces/rosgsthumble_ws/install/audio_msgs/share/ament_index/resource_index/package_run_dependencies/audio_msgs
-- Up-to-date symlink: /home/devuser/Workspaces/rosgsthumble_ws/install/audio_msgs/share/ament_index/resource_index/parent_prefix_path/audio_msgs
-- Up-to-date symlink: /home/devuser/Workspaces/rosgsthumble_ws/install/audio_msgs/share/audio_msgs/environment/ament_prefix_path.sh
-- Up-to-date symlink: /home/devuser/Workspaces/rosgsthumble_ws/install/audio_msgs/share/audio_msgs/environment/ament_prefix_path.dsv
-- Up-to-date symlink: /home/devuser/Workspaces/rosgsthumble_ws/install/audio_msgs/share/audio_msgs/environment/path.sh
-- Up-to-date symlink: /home/devuser/Workspaces/rosgsthumble_ws/install/audio_msgs/share/audio_msgs/environment/path.dsv
-- Up-to-date symlink: /home/devuser/Workspaces/rosgsthumble_ws/install/audio_msgs/share/audio_msgs/local_setup.bash
-- Up-to-date symlink: /home/devuser/Workspaces/rosgsthumble_ws/install/audio_msgs/share/audio_msgs/local_setup.sh
-- Up-to-date symlink: /home/devuser/Workspaces/rosgsthumble_ws/install/audio_msgs/share/audio_msgs/local_setup.zsh
-- Up-to-date symlink: /home/devuser/Workspaces/rosgsthumble_ws/install/audio_msgs/share/audio_msgs/local_setup.dsv
-- Symlinking: /home/devuser/Workspaces/rosgsthumble_ws/install/audio_msgs/share/audio_msgs/package.dsv
-- Up-to-date symlink: /home/devuser/Workspaces/rosgsthumble_ws/install/audio_msgs/share/ament_index/resource_index/packages/audio_msgs
-- Up-to-date symlink: /home/devuser/Workspaces/rosgsthumble_ws/install/audio_msgs/share/audio_msgs/cmake/rosidl_cmake-extras.cmake
-- Up-to-date symlink: /home/devuser/Workspaces/rosgsthumble_ws/install/audio_msgs/share/audio_msgs/cmake/ament_cmake_export_dependencies-extras.cmake
-- Up-to-date symlink: /home/devuser/Workspaces/rosgsthumble_ws/install/audio_msgs/share/audio_msgs/cmake/ament_cmake_export_include_directories-extras.cmake
-- Up-to-date symlink: /home/devuser/Workspaces/rosgsthumble_ws/install/audio_msgs/share/audio_msgs/cmake/ament_cmake_export_libraries-extras.cmake
-- Up-to-date symlink: /home/devuser/Workspaces/rosgsthumble_ws/install/audio_msgs/share/audio_msgs/cmake/ament_cmake_export_targets-extras.cmake
-- Up-to-date symlink: /home/devuser/Workspaces/rosgsthumble_ws/install/audio_msgs/share/audio_msgs/cmake/rosidl_cmake_export_typesupport_targets-extras.cmake
-- Up-to-date symlink: /home/devuser/Workspaces/rosgsthumble_ws/install/audio_msgs/share/audio_msgs/cmake/rosidl_cmake_export_typesupport_libraries-extras.cmake
-- Up-to-date symlink: /home/devuser/Workspaces/rosgsthumble_ws/install/audio_msgs/share/audio_msgs/cmake/audio_msgsConfig.cmake
-- Up-to-date symlink: /home/devuser/Workspaces/rosgsthumble_ws/install/audio_msgs/share/audio_msgs/cmake/audio_msgsConfig-version.cmake
-- Up-to-date symlink: /home/devuser/Workspaces/rosgsthumble_ws/install/audio_msgs/share/audio_msgs/package.xml
-- Up-to-date: /home/devuser/Workspaces/rosgsthumble_ws/install/audio_msgs/lib/libaudio_msgs__rosidl_generator_c.so
-- Up-to-date: /home/devuser/Workspaces/rosgsthumble_ws/install/audio_msgs/lib/libaudio_msgs__rosidl_typesupport_fastrtps_c.so
-- Up-to-date: /home/devuser/Workspaces/rosgsthumble_ws/install/audio_msgs/lib/libaudio_msgs__rosidl_typesupport_fastrtps_cpp.so
-- Up-to-date: /home/devuser/Workspaces/rosgsthumble_ws/install/audio_msgs/lib/libaudio_msgs__rosidl_typesupport_introspection_c.so
-- Up-to-date: /home/devuser/Workspaces/rosgsthumble_ws/install/audio_msgs/lib/libaudio_msgs__rosidl_typesupport_c.so
-- Up-to-date: /home/devuser/Workspaces/rosgsthumble_ws/install/audio_msgs/lib/libaudio_msgs__rosidl_typesupport_introspection_cpp.so
-- Up-to-date: /home/devuser/Workspaces/rosgsthumble_ws/install/audio_msgs/lib/libaudio_msgs__rosidl_typesupport_cpp.so
Listing '/home/devuser/Workspaces/rosgsthumble_ws/install/audio_msgs/local/lib/python3.10/dist-packages/audio_msgs'...
Listing '/home/devuser/Workspaces/rosgsthumble_ws/install/audio_msgs/local/lib/python3.10/dist-packages/audio_msgs/msg'...
-- Up-to-date: /home/devuser/Workspaces/rosgsthumble_ws/install/audio_msgs/lib/libaudio_msgs__rosidl_generator_py.so
-- Up-to-date: /home/devuser/Workspaces/rosgsthumble_ws/install/audio_msgs/share/audio_msgs/cmake/export_audio_msgs__rosidl_generator_cExport.cmake
-- Up-to-date: /home/devuser/Workspaces/rosgsthumble_ws/install/audio_msgs/share/audio_msgs/cmake/export_audio_msgs__rosidl_generator_cExport-noconfig.cmake
-- Up-to-date: /home/devuser/Workspaces/rosgsthumble_ws/install/audio_msgs/share/audio_msgs/cmake/export_audio_msgs__rosidl_typesupport_fastrtps_cExport.cmake
-- Up-to-date: /home/devuser/Workspaces/rosgsthumble_ws/install/audio_msgs/share/audio_msgs/cmake/export_audio_msgs__rosidl_typesupport_fastrtps_cExport-noconfig.cmake
-- Up-to-date: /home/devuser/Workspaces/rosgsthumble_ws/install/audio_msgs/share/audio_msgs/cmake/export_audio_msgs__rosidl_generator_cppExport.cmake
-- Up-to-date: /home/devuser/Workspaces/rosgsthumble_ws/install/audio_msgs/share/audio_msgs/cmake/export_audio_msgs__rosidl_typesupport_fastrtps_cppExport.cmake
-- Up-to-date: /home/devuser/Workspaces/rosgsthumble_ws/install/audio_msgs/share/audio_msgs/cmake/export_audio_msgs__rosidl_typesupport_fastrtps_cppExport-noconfig.cmake
-- Up-to-date: /home/devuser/Workspaces/rosgsthumble_ws/install/audio_msgs/share/audio_msgs/cmake/audio_msgs__rosidl_typesupport_introspection_cExport.cmake
-- Up-to-date: /home/devuser/Workspaces/rosgsthumble_ws/install/audio_msgs/share/audio_msgs/cmake/audio_msgs__rosidl_typesupport_introspection_cExport-noconfig.cmake
-- Up-to-date: /home/devuser/Workspaces/rosgsthumble_ws/install/audio_msgs/share/audio_msgs/cmake/audio_msgs__rosidl_typesupport_cExport.cmake
-- Up-to-date: /home/devuser/Workspaces/rosgsthumble_ws/install/audio_msgs/share/audio_msgs/cmake/audio_msgs__rosidl_typesupport_cExport-noconfig.cmake
-- Up-to-date: /home/devuser/Workspaces/rosgsthumble_ws/install/audio_msgs/share/audio_msgs/cmake/audio_msgs__rosidl_typesupport_introspection_cppExport.cmake
-- Up-to-date: /home/devuser/Workspaces/rosgsthumble_ws/install/audio_msgs/share/audio_msgs/cmake/audio_msgs__rosidl_typesupport_introspection_cppExport-noconfig.cmake
-- Up-to-date: /home/devuser/Workspaces/rosgsthumble_ws/install/audio_msgs/share/audio_msgs/cmake/audio_msgs__rosidl_typesupport_cppExport.cmake
-- Up-to-date: /home/devuser/Workspaces/rosgsthumble_ws/install/audio_msgs/share/audio_msgs/cmake/audio_msgs__rosidl_typesupport_cppExport-noconfig.cmake
-- Up-to-date: /home/devuser/Workspaces/rosgsthumble_ws/install/audio_msgs/share/audio_msgs/cmake/export_audio_msgs__rosidl_generator_pyExport.cmake
-- Up-to-date: /home/devuser/Workspaces/rosgsthumble_ws/install/audio_msgs/share/audio_msgs/cmake/export_audio_msgs__rosidl_generator_pyExport-noconfig.cmake
